[2023-12-19T17:34:20.827+0000] {taskinstance.py:1159} INFO - Dependencies all met for dep_context=non-requeueable deps ti=<TaskInstance: data_ingestion.transform_data manual__2023-12-19T17:34:18.294590+00:00 [queued]>
[2023-12-19T17:34:20.830+0000] {taskinstance.py:1159} INFO - Dependencies all met for dep_context=requeueable deps ti=<TaskInstance: data_ingestion.transform_data manual__2023-12-19T17:34:18.294590+00:00 [queued]>
[2023-12-19T17:34:20.830+0000] {taskinstance.py:1361} INFO - Starting attempt 1 of 1
[2023-12-19T17:34:20.835+0000] {taskinstance.py:1382} INFO - Executing <Task(_PythonDecoratedOperator): transform_data> on 2023-12-19 17:34:18.294590+00:00
[2023-12-19T17:34:20.839+0000] {standard_task_runner.py:57} INFO - Started process 7463 to run task
[2023-12-19T17:34:20.841+0000] {standard_task_runner.py:84} INFO - Running: ['***', 'tasks', 'run', 'data_ingestion', 'transform_data', 'manual__2023-12-19T17:34:18.294590+00:00', '--job-id', '212', '--raw', '--subdir', 'DAGS_FOLDER/fetch-api-data.py', '--cfg-path', '/tmp/tmp2o3pve1x']
[2023-12-19T17:34:20.842+0000] {standard_task_runner.py:85} INFO - Job 212: Subtask transform_data
[2023-12-19T17:34:20.861+0000] {task_command.py:416} INFO - Running <TaskInstance: data_ingestion.transform_data manual__2023-12-19T17:34:18.294590+00:00 [running]> on host 0e061ef32f7f
[2023-12-19T17:34:20.896+0000] {taskinstance.py:1662} INFO - Exporting env vars: AIRFLOW_CTX_DAG_OWNER='***' AIRFLOW_CTX_DAG_ID='data_ingestion' AIRFLOW_CTX_TASK_ID='transform_data' AIRFLOW_CTX_EXECUTION_DATE='2023-12-19T17:34:18.294590+00:00' AIRFLOW_CTX_TRY_NUMBER='1' AIRFLOW_CTX_DAG_RUN_ID='manual__2023-12-19T17:34:18.294590+00:00'
[2023-12-19T17:34:20.901+0000] {python.py:194} INFO - Done. Returned value was:         date           localName  ...     types day_of_week
0 2023-01-01      New Year's Day  ...  [Public]      Sunday
1 2023-04-07         Good Friday  ...  [Public]      Friday
2 2023-04-10       Easter Monday  ...  [Public]      Monday
3 2023-05-01        Workers' Day  ...  [Public]      Monday
4 2023-05-27      Children's Day  ...  [Public]    Saturday
5 2023-06-12       Democracy Day  ...  [Public]      Monday
6 2023-10-01        National Day  ...  [Public]      Sunday
7 2023-11-01  National Youth Day  ...  [Public]   Wednesday
8 2023-12-25       Christmas Day  ...  [Public]      Monday
9 2023-12-26          Boxing Day  ...  [Public]     Tuesday

[10 rows x 10 columns]
[2023-12-19T17:34:20.925+0000] {taskinstance.py:1400} INFO - Marking task as SUCCESS. dag_id=data_ingestion, task_id=transform_data, execution_date=20231219T173418, start_date=20231219T173420, end_date=20231219T173420
[2023-12-19T17:34:20.934+0000] {local_task_job_runner.py:228} INFO - Task exited with return code 0
[2023-12-19T17:34:20.943+0000] {taskinstance.py:2778} INFO - 1 downstream tasks scheduled from follow-on schedule check
