[2023-12-15T11:36:54.843+0000] {processor.py:157} INFO - Started process (PID=52) to work on /home/airflow/.local/lib/python3.8/site-packages/airflow/example_dags/example_skip_dag.py
[2023-12-15T11:36:54.864+0000] {processor.py:829} INFO - Processing file /home/airflow/.local/lib/python3.8/site-packages/airflow/example_dags/example_skip_dag.py for tasks to queue
[2023-12-15T11:36:54.898+0000] {logging_mixin.py:154} INFO - [2023-12-15T11:36:54.896+0000] {dagbag.py:536} INFO - Filling up the DagBag from /home/airflow/.local/lib/python3.8/site-packages/airflow/example_dags/example_skip_dag.py
[2023-12-15T11:36:55.057+0000] {processor.py:839} INFO - DAG(s) dict_keys(['example_skip_dag']) retrieved from /home/airflow/.local/lib/python3.8/site-packages/airflow/example_dags/example_skip_dag.py
[2023-12-15T11:36:55.217+0000] {logging_mixin.py:154} INFO - [2023-12-15T11:36:55.217+0000] {dag.py:2941} INFO - Sync 1 DAGs
[2023-12-15T11:36:55.265+0000] {logging_mixin.py:154} INFO - [2023-12-15T11:36:55.265+0000] {dag.py:3722} INFO - Setting next_dagrun for example_skip_dag to 2023-12-14T11:36:55.264496+00:00, run_after=2023-12-15T11:36:55.264496+00:00
[2023-12-15T11:36:55.287+0000] {processor.py:179} INFO - Processing /home/airflow/.local/lib/python3.8/site-packages/airflow/example_dags/example_skip_dag.py took 0.505 seconds
[2023-12-15T11:37:26.016+0000] {processor.py:157} INFO - Started process (PID=106) to work on /home/airflow/.local/lib/python3.8/site-packages/airflow/example_dags/example_skip_dag.py
[2023-12-15T11:37:26.018+0000] {processor.py:829} INFO - Processing file /home/airflow/.local/lib/python3.8/site-packages/airflow/example_dags/example_skip_dag.py for tasks to queue
[2023-12-15T11:37:26.023+0000] {logging_mixin.py:154} INFO - [2023-12-15T11:37:26.022+0000] {dagbag.py:536} INFO - Filling up the DagBag from /home/airflow/.local/lib/python3.8/site-packages/airflow/example_dags/example_skip_dag.py
[2023-12-15T11:37:26.032+0000] {processor.py:839} INFO - DAG(s) dict_keys(['example_skip_dag']) retrieved from /home/airflow/.local/lib/python3.8/site-packages/airflow/example_dags/example_skip_dag.py
[2023-12-15T11:37:26.073+0000] {logging_mixin.py:154} INFO - [2023-12-15T11:37:26.073+0000] {dag.py:2941} INFO - Sync 1 DAGs
[2023-12-15T11:37:26.127+0000] {logging_mixin.py:154} INFO - [2023-12-15T11:37:26.127+0000] {dag.py:3722} INFO - Setting next_dagrun for example_skip_dag to 2023-12-14T11:37:26.126873+00:00, run_after=2023-12-15T11:37:26.126873+00:00
[2023-12-15T11:37:26.155+0000] {processor.py:179} INFO - Processing /home/airflow/.local/lib/python3.8/site-packages/airflow/example_dags/example_skip_dag.py took 0.143 seconds
[2023-12-15T11:37:57.108+0000] {processor.py:157} INFO - Started process (PID=160) to work on /home/airflow/.local/lib/python3.8/site-packages/airflow/example_dags/example_skip_dag.py
[2023-12-15T11:37:57.109+0000] {processor.py:829} INFO - Processing file /home/airflow/.local/lib/python3.8/site-packages/airflow/example_dags/example_skip_dag.py for tasks to queue
[2023-12-15T11:37:57.110+0000] {logging_mixin.py:154} INFO - [2023-12-15T11:37:57.110+0000] {dagbag.py:536} INFO - Filling up the DagBag from /home/airflow/.local/lib/python3.8/site-packages/airflow/example_dags/example_skip_dag.py
[2023-12-15T11:37:57.114+0000] {processor.py:839} INFO - DAG(s) dict_keys(['example_skip_dag']) retrieved from /home/airflow/.local/lib/python3.8/site-packages/airflow/example_dags/example_skip_dag.py
[2023-12-15T11:37:57.126+0000] {logging_mixin.py:154} INFO - [2023-12-15T11:37:57.126+0000] {dag.py:2941} INFO - Sync 1 DAGs
[2023-12-15T11:37:57.137+0000] {logging_mixin.py:154} INFO - [2023-12-15T11:37:57.137+0000] {dag.py:3722} INFO - Setting next_dagrun for example_skip_dag to 2023-12-14T11:37:57.137045+00:00, run_after=2023-12-15T11:37:57.137045+00:00
[2023-12-15T11:37:57.146+0000] {processor.py:179} INFO - Processing /home/airflow/.local/lib/python3.8/site-packages/airflow/example_dags/example_skip_dag.py took 0.041 seconds
[2023-12-15T11:38:28.743+0000] {processor.py:157} INFO - Started process (PID=214) to work on /home/airflow/.local/lib/python3.8/site-packages/airflow/example_dags/example_skip_dag.py
[2023-12-15T11:38:28.745+0000] {processor.py:829} INFO - Processing file /home/airflow/.local/lib/python3.8/site-packages/airflow/example_dags/example_skip_dag.py for tasks to queue
[2023-12-15T11:38:28.748+0000] {logging_mixin.py:154} INFO - [2023-12-15T11:38:28.748+0000] {dagbag.py:536} INFO - Filling up the DagBag from /home/airflow/.local/lib/python3.8/site-packages/airflow/example_dags/example_skip_dag.py
[2023-12-15T11:38:28.765+0000] {processor.py:839} INFO - DAG(s) dict_keys(['example_skip_dag']) retrieved from /home/airflow/.local/lib/python3.8/site-packages/airflow/example_dags/example_skip_dag.py
[2023-12-15T11:38:28.815+0000] {logging_mixin.py:154} INFO - [2023-12-15T11:38:28.815+0000] {dag.py:2941} INFO - Sync 1 DAGs
[2023-12-15T11:38:28.862+0000] {logging_mixin.py:154} INFO - [2023-12-15T11:38:28.862+0000] {dag.py:3722} INFO - Setting next_dagrun for example_skip_dag to 2023-12-14T11:38:28.861507+00:00, run_after=2023-12-15T11:38:28.861507+00:00
[2023-12-15T11:38:28.919+0000] {processor.py:179} INFO - Processing /home/airflow/.local/lib/python3.8/site-packages/airflow/example_dags/example_skip_dag.py took 0.181 seconds
[2023-12-15T11:39:03.575+0000] {processor.py:157} INFO - Started process (PID=274) to work on /home/airflow/.local/lib/python3.8/site-packages/airflow/example_dags/example_skip_dag.py
[2023-12-15T11:39:03.592+0000] {processor.py:829} INFO - Processing file /home/airflow/.local/lib/python3.8/site-packages/airflow/example_dags/example_skip_dag.py for tasks to queue
[2023-12-15T11:39:03.597+0000] {logging_mixin.py:154} INFO - [2023-12-15T11:39:03.596+0000] {dagbag.py:536} INFO - Filling up the DagBag from /home/airflow/.local/lib/python3.8/site-packages/airflow/example_dags/example_skip_dag.py
[2023-12-15T11:39:03.609+0000] {processor.py:839} INFO - DAG(s) dict_keys(['example_skip_dag']) retrieved from /home/airflow/.local/lib/python3.8/site-packages/airflow/example_dags/example_skip_dag.py
[2023-12-15T11:39:03.652+0000] {logging_mixin.py:154} INFO - [2023-12-15T11:39:03.652+0000] {dag.py:2941} INFO - Sync 1 DAGs
[2023-12-15T11:39:03.689+0000] {logging_mixin.py:154} INFO - [2023-12-15T11:39:03.688+0000] {dag.py:3722} INFO - Setting next_dagrun for example_skip_dag to 2023-12-14T11:39:03.688267+00:00, run_after=2023-12-15T11:39:03.688267+00:00
[2023-12-15T11:39:03.776+0000] {processor.py:179} INFO - Processing /home/airflow/.local/lib/python3.8/site-packages/airflow/example_dags/example_skip_dag.py took 0.206 seconds
[2023-12-15T11:39:37.340+0000] {processor.py:157} INFO - Started process (PID=326) to work on /home/airflow/.local/lib/python3.8/site-packages/airflow/example_dags/example_skip_dag.py
[2023-12-15T11:39:37.345+0000] {processor.py:829} INFO - Processing file /home/airflow/.local/lib/python3.8/site-packages/airflow/example_dags/example_skip_dag.py for tasks to queue
[2023-12-15T11:39:37.351+0000] {logging_mixin.py:154} INFO - [2023-12-15T11:39:37.350+0000] {dagbag.py:536} INFO - Filling up the DagBag from /home/airflow/.local/lib/python3.8/site-packages/airflow/example_dags/example_skip_dag.py
[2023-12-15T11:39:37.378+0000] {processor.py:839} INFO - DAG(s) dict_keys(['example_skip_dag']) retrieved from /home/airflow/.local/lib/python3.8/site-packages/airflow/example_dags/example_skip_dag.py
[2023-12-15T11:39:37.473+0000] {logging_mixin.py:154} INFO - [2023-12-15T11:39:37.473+0000] {dag.py:2941} INFO - Sync 1 DAGs
[2023-12-15T11:39:37.539+0000] {logging_mixin.py:154} INFO - [2023-12-15T11:39:37.539+0000] {dag.py:3722} INFO - Setting next_dagrun for example_skip_dag to 2023-12-14T11:39:37.538585+00:00, run_after=2023-12-15T11:39:37.538585+00:00
[2023-12-15T11:39:37.616+0000] {processor.py:179} INFO - Processing /home/airflow/.local/lib/python3.8/site-packages/airflow/example_dags/example_skip_dag.py took 0.288 seconds
[2023-12-15T11:40:09.534+0000] {processor.py:157} INFO - Started process (PID=380) to work on /home/airflow/.local/lib/python3.8/site-packages/airflow/example_dags/example_skip_dag.py
[2023-12-15T11:40:09.536+0000] {processor.py:829} INFO - Processing file /home/airflow/.local/lib/python3.8/site-packages/airflow/example_dags/example_skip_dag.py for tasks to queue
[2023-12-15T11:40:09.542+0000] {logging_mixin.py:154} INFO - [2023-12-15T11:40:09.540+0000] {dagbag.py:536} INFO - Filling up the DagBag from /home/airflow/.local/lib/python3.8/site-packages/airflow/example_dags/example_skip_dag.py
[2023-12-15T11:40:09.563+0000] {processor.py:839} INFO - DAG(s) dict_keys(['example_skip_dag']) retrieved from /home/airflow/.local/lib/python3.8/site-packages/airflow/example_dags/example_skip_dag.py
[2023-12-15T11:40:09.648+0000] {logging_mixin.py:154} INFO - [2023-12-15T11:40:09.647+0000] {dag.py:2941} INFO - Sync 1 DAGs
[2023-12-15T11:40:09.688+0000] {logging_mixin.py:154} INFO - [2023-12-15T11:40:09.688+0000] {dag.py:3722} INFO - Setting next_dagrun for example_skip_dag to 2023-12-14T11:40:09.687959+00:00, run_after=2023-12-15T11:40:09.687959+00:00
[2023-12-15T11:40:09.729+0000] {processor.py:179} INFO - Processing /home/airflow/.local/lib/python3.8/site-packages/airflow/example_dags/example_skip_dag.py took 0.200 seconds
[2023-12-15T11:40:40.113+0000] {processor.py:157} INFO - Started process (PID=434) to work on /home/airflow/.local/lib/python3.8/site-packages/airflow/example_dags/example_skip_dag.py
[2023-12-15T11:40:40.140+0000] {processor.py:829} INFO - Processing file /home/airflow/.local/lib/python3.8/site-packages/airflow/example_dags/example_skip_dag.py for tasks to queue
[2023-12-15T11:40:40.175+0000] {logging_mixin.py:154} INFO - [2023-12-15T11:40:40.171+0000] {dagbag.py:536} INFO - Filling up the DagBag from /home/airflow/.local/lib/python3.8/site-packages/airflow/example_dags/example_skip_dag.py
[2023-12-15T11:40:40.368+0000] {processor.py:839} INFO - DAG(s) dict_keys(['example_skip_dag']) retrieved from /home/airflow/.local/lib/python3.8/site-packages/airflow/example_dags/example_skip_dag.py
[2023-12-15T11:40:40.744+0000] {logging_mixin.py:154} INFO - [2023-12-15T11:40:40.741+0000] {dag.py:2941} INFO - Sync 1 DAGs
[2023-12-15T11:40:40.907+0000] {logging_mixin.py:154} INFO - [2023-12-15T11:40:40.907+0000] {dag.py:3722} INFO - Setting next_dagrun for example_skip_dag to 2023-12-14T11:40:40.906718+00:00, run_after=2023-12-15T11:40:40.906718+00:00
[2023-12-15T11:40:40.963+0000] {processor.py:179} INFO - Processing /home/airflow/.local/lib/python3.8/site-packages/airflow/example_dags/example_skip_dag.py took 0.980 seconds
[2023-12-15T11:41:11.152+0000] {processor.py:157} INFO - Started process (PID=488) to work on /home/airflow/.local/lib/python3.8/site-packages/airflow/example_dags/example_skip_dag.py
[2023-12-15T11:41:11.155+0000] {processor.py:829} INFO - Processing file /home/airflow/.local/lib/python3.8/site-packages/airflow/example_dags/example_skip_dag.py for tasks to queue
[2023-12-15T11:41:11.157+0000] {logging_mixin.py:154} INFO - [2023-12-15T11:41:11.157+0000] {dagbag.py:536} INFO - Filling up the DagBag from /home/airflow/.local/lib/python3.8/site-packages/airflow/example_dags/example_skip_dag.py
[2023-12-15T11:41:11.179+0000] {processor.py:839} INFO - DAG(s) dict_keys(['example_skip_dag']) retrieved from /home/airflow/.local/lib/python3.8/site-packages/airflow/example_dags/example_skip_dag.py
[2023-12-15T11:41:11.299+0000] {logging_mixin.py:154} INFO - [2023-12-15T11:41:11.299+0000] {dag.py:2941} INFO - Sync 1 DAGs
[2023-12-15T11:41:11.367+0000] {logging_mixin.py:154} INFO - [2023-12-15T11:41:11.367+0000] {dag.py:3722} INFO - Setting next_dagrun for example_skip_dag to 2023-12-14T11:41:11.366815+00:00, run_after=2023-12-15T11:41:11.366815+00:00
[2023-12-15T11:41:11.412+0000] {processor.py:179} INFO - Processing /home/airflow/.local/lib/python3.8/site-packages/airflow/example_dags/example_skip_dag.py took 0.265 seconds
[2023-12-15T11:41:48.435+0000] {processor.py:157} INFO - Started process (PID=542) to work on /home/airflow/.local/lib/python3.8/site-packages/airflow/example_dags/example_skip_dag.py
[2023-12-15T11:41:48.439+0000] {processor.py:829} INFO - Processing file /home/airflow/.local/lib/python3.8/site-packages/airflow/example_dags/example_skip_dag.py for tasks to queue
[2023-12-15T11:41:48.443+0000] {logging_mixin.py:154} INFO - [2023-12-15T11:41:48.442+0000] {dagbag.py:536} INFO - Filling up the DagBag from /home/airflow/.local/lib/python3.8/site-packages/airflow/example_dags/example_skip_dag.py
[2023-12-15T11:41:48.453+0000] {processor.py:839} INFO - DAG(s) dict_keys(['example_skip_dag']) retrieved from /home/airflow/.local/lib/python3.8/site-packages/airflow/example_dags/example_skip_dag.py
[2023-12-15T11:41:48.487+0000] {logging_mixin.py:154} INFO - [2023-12-15T11:41:48.487+0000] {dag.py:2941} INFO - Sync 1 DAGs
[2023-12-15T11:41:48.505+0000] {logging_mixin.py:154} INFO - [2023-12-15T11:41:48.505+0000] {dag.py:3722} INFO - Setting next_dagrun for example_skip_dag to 2023-12-14T11:41:48.505447+00:00, run_after=2023-12-15T11:41:48.505447+00:00
[2023-12-15T11:41:48.519+0000] {processor.py:179} INFO - Processing /home/airflow/.local/lib/python3.8/site-packages/airflow/example_dags/example_skip_dag.py took 0.090 seconds
[2023-12-15T11:42:21.011+0000] {processor.py:157} INFO - Started process (PID=597) to work on /home/airflow/.local/lib/python3.8/site-packages/airflow/example_dags/example_skip_dag.py
[2023-12-15T11:42:21.013+0000] {processor.py:829} INFO - Processing file /home/airflow/.local/lib/python3.8/site-packages/airflow/example_dags/example_skip_dag.py for tasks to queue
[2023-12-15T11:42:21.018+0000] {logging_mixin.py:154} INFO - [2023-12-15T11:42:21.017+0000] {dagbag.py:536} INFO - Filling up the DagBag from /home/airflow/.local/lib/python3.8/site-packages/airflow/example_dags/example_skip_dag.py
[2023-12-15T11:42:21.041+0000] {processor.py:839} INFO - DAG(s) dict_keys(['example_skip_dag']) retrieved from /home/airflow/.local/lib/python3.8/site-packages/airflow/example_dags/example_skip_dag.py
[2023-12-15T11:42:21.111+0000] {logging_mixin.py:154} INFO - [2023-12-15T11:42:21.110+0000] {dag.py:2941} INFO - Sync 1 DAGs
[2023-12-15T11:42:21.151+0000] {logging_mixin.py:154} INFO - [2023-12-15T11:42:21.150+0000] {dag.py:3722} INFO - Setting next_dagrun for example_skip_dag to 2023-12-14T11:42:21.148830+00:00, run_after=2023-12-15T11:42:21.148830+00:00
[2023-12-15T11:42:21.193+0000] {processor.py:179} INFO - Processing /home/airflow/.local/lib/python3.8/site-packages/airflow/example_dags/example_skip_dag.py took 0.190 seconds
[2023-12-15T11:43:02.762+0000] {processor.py:157} INFO - Started process (PID=652) to work on /home/airflow/.local/lib/python3.8/site-packages/airflow/example_dags/example_skip_dag.py
[2023-12-15T11:43:02.832+0000] {processor.py:829} INFO - Processing file /home/airflow/.local/lib/python3.8/site-packages/airflow/example_dags/example_skip_dag.py for tasks to queue
[2023-12-15T11:43:02.843+0000] {logging_mixin.py:154} INFO - [2023-12-15T11:43:02.842+0000] {dagbag.py:536} INFO - Filling up the DagBag from /home/airflow/.local/lib/python3.8/site-packages/airflow/example_dags/example_skip_dag.py
[2023-12-15T11:43:02.863+0000] {processor.py:839} INFO - DAG(s) dict_keys(['example_skip_dag']) retrieved from /home/airflow/.local/lib/python3.8/site-packages/airflow/example_dags/example_skip_dag.py
[2023-12-15T11:43:02.908+0000] {logging_mixin.py:154} INFO - [2023-12-15T11:43:02.908+0000] {dag.py:2941} INFO - Sync 1 DAGs
[2023-12-15T11:43:02.950+0000] {logging_mixin.py:154} INFO - [2023-12-15T11:43:02.949+0000] {dag.py:3722} INFO - Setting next_dagrun for example_skip_dag to 2023-12-14T11:43:02.949676+00:00, run_after=2023-12-15T11:43:02.949676+00:00
[2023-12-15T11:43:02.972+0000] {processor.py:179} INFO - Processing /home/airflow/.local/lib/python3.8/site-packages/airflow/example_dags/example_skip_dag.py took 0.218 seconds
[2023-12-15T11:43:35.233+0000] {processor.py:157} INFO - Started process (PID=706) to work on /home/airflow/.local/lib/python3.8/site-packages/airflow/example_dags/example_skip_dag.py
[2023-12-15T11:43:35.249+0000] {processor.py:829} INFO - Processing file /home/airflow/.local/lib/python3.8/site-packages/airflow/example_dags/example_skip_dag.py for tasks to queue
[2023-12-15T11:43:35.286+0000] {logging_mixin.py:154} INFO - [2023-12-15T11:43:35.284+0000] {dagbag.py:536} INFO - Filling up the DagBag from /home/airflow/.local/lib/python3.8/site-packages/airflow/example_dags/example_skip_dag.py
[2023-12-15T11:43:35.373+0000] {processor.py:839} INFO - DAG(s) dict_keys(['example_skip_dag']) retrieved from /home/airflow/.local/lib/python3.8/site-packages/airflow/example_dags/example_skip_dag.py
[2023-12-15T11:43:35.558+0000] {logging_mixin.py:154} INFO - [2023-12-15T11:43:35.556+0000] {dag.py:2941} INFO - Sync 1 DAGs
[2023-12-15T11:43:35.712+0000] {logging_mixin.py:154} INFO - [2023-12-15T11:43:35.712+0000] {dag.py:3722} INFO - Setting next_dagrun for example_skip_dag to 2023-12-14T11:43:35.711894+00:00, run_after=2023-12-15T11:43:35.711894+00:00
[2023-12-15T11:43:35.811+0000] {processor.py:179} INFO - Processing /home/airflow/.local/lib/python3.8/site-packages/airflow/example_dags/example_skip_dag.py took 0.589 seconds
[2023-12-15T11:44:06.667+0000] {processor.py:157} INFO - Started process (PID=758) to work on /home/airflow/.local/lib/python3.8/site-packages/airflow/example_dags/example_skip_dag.py
[2023-12-15T11:44:06.669+0000] {processor.py:829} INFO - Processing file /home/airflow/.local/lib/python3.8/site-packages/airflow/example_dags/example_skip_dag.py for tasks to queue
[2023-12-15T11:44:06.671+0000] {logging_mixin.py:154} INFO - [2023-12-15T11:44:06.671+0000] {dagbag.py:536} INFO - Filling up the DagBag from /home/airflow/.local/lib/python3.8/site-packages/airflow/example_dags/example_skip_dag.py
[2023-12-15T11:44:06.679+0000] {processor.py:839} INFO - DAG(s) dict_keys(['example_skip_dag']) retrieved from /home/airflow/.local/lib/python3.8/site-packages/airflow/example_dags/example_skip_dag.py
[2023-12-15T11:44:06.711+0000] {logging_mixin.py:154} INFO - [2023-12-15T11:44:06.711+0000] {dag.py:2941} INFO - Sync 1 DAGs
[2023-12-15T11:44:06.742+0000] {logging_mixin.py:154} INFO - [2023-12-15T11:44:06.742+0000] {dag.py:3722} INFO - Setting next_dagrun for example_skip_dag to 2023-12-14T11:44:06.742365+00:00, run_after=2023-12-15T11:44:06.742365+00:00
[2023-12-15T11:44:06.758+0000] {processor.py:179} INFO - Processing /home/airflow/.local/lib/python3.8/site-packages/airflow/example_dags/example_skip_dag.py took 0.098 seconds
[2023-12-15T11:44:37.128+0000] {processor.py:157} INFO - Started process (PID=811) to work on /home/airflow/.local/lib/python3.8/site-packages/airflow/example_dags/example_skip_dag.py
[2023-12-15T11:44:37.130+0000] {processor.py:829} INFO - Processing file /home/airflow/.local/lib/python3.8/site-packages/airflow/example_dags/example_skip_dag.py for tasks to queue
[2023-12-15T11:44:37.132+0000] {logging_mixin.py:154} INFO - [2023-12-15T11:44:37.132+0000] {dagbag.py:536} INFO - Filling up the DagBag from /home/airflow/.local/lib/python3.8/site-packages/airflow/example_dags/example_skip_dag.py
[2023-12-15T11:44:37.145+0000] {processor.py:839} INFO - DAG(s) dict_keys(['example_skip_dag']) retrieved from /home/airflow/.local/lib/python3.8/site-packages/airflow/example_dags/example_skip_dag.py
[2023-12-15T11:44:37.316+0000] {logging_mixin.py:154} INFO - [2023-12-15T11:44:37.315+0000] {dag.py:2941} INFO - Sync 1 DAGs
[2023-12-15T11:44:37.357+0000] {logging_mixin.py:154} INFO - [2023-12-15T11:44:37.357+0000] {dag.py:3722} INFO - Setting next_dagrun for example_skip_dag to 2023-12-14T11:44:37.356890+00:00, run_after=2023-12-15T11:44:37.356890+00:00
[2023-12-15T11:44:37.389+0000] {processor.py:179} INFO - Processing /home/airflow/.local/lib/python3.8/site-packages/airflow/example_dags/example_skip_dag.py took 0.265 seconds
[2023-12-15T11:45:07.675+0000] {processor.py:157} INFO - Started process (PID=865) to work on /home/airflow/.local/lib/python3.8/site-packages/airflow/example_dags/example_skip_dag.py
[2023-12-15T11:45:07.676+0000] {processor.py:829} INFO - Processing file /home/airflow/.local/lib/python3.8/site-packages/airflow/example_dags/example_skip_dag.py for tasks to queue
[2023-12-15T11:45:07.680+0000] {logging_mixin.py:154} INFO - [2023-12-15T11:45:07.680+0000] {dagbag.py:536} INFO - Filling up the DagBag from /home/airflow/.local/lib/python3.8/site-packages/airflow/example_dags/example_skip_dag.py
[2023-12-15T11:45:07.698+0000] {processor.py:839} INFO - DAG(s) dict_keys(['example_skip_dag']) retrieved from /home/airflow/.local/lib/python3.8/site-packages/airflow/example_dags/example_skip_dag.py
[2023-12-15T11:45:07.753+0000] {logging_mixin.py:154} INFO - [2023-12-15T11:45:07.753+0000] {dag.py:2941} INFO - Sync 1 DAGs
[2023-12-15T11:45:07.791+0000] {logging_mixin.py:154} INFO - [2023-12-15T11:45:07.791+0000] {dag.py:3722} INFO - Setting next_dagrun for example_skip_dag to 2023-12-14T11:45:07.791052+00:00, run_after=2023-12-15T11:45:07.791052+00:00
[2023-12-15T11:45:07.816+0000] {processor.py:179} INFO - Processing /home/airflow/.local/lib/python3.8/site-packages/airflow/example_dags/example_skip_dag.py took 0.159 seconds
[2023-12-15T11:45:38.382+0000] {processor.py:157} INFO - Started process (PID=919) to work on /home/airflow/.local/lib/python3.8/site-packages/airflow/example_dags/example_skip_dag.py
[2023-12-15T11:45:38.385+0000] {processor.py:829} INFO - Processing file /home/airflow/.local/lib/python3.8/site-packages/airflow/example_dags/example_skip_dag.py for tasks to queue
[2023-12-15T11:45:38.391+0000] {logging_mixin.py:154} INFO - [2023-12-15T11:45:38.391+0000] {dagbag.py:536} INFO - Filling up the DagBag from /home/airflow/.local/lib/python3.8/site-packages/airflow/example_dags/example_skip_dag.py
[2023-12-15T11:45:38.404+0000] {processor.py:839} INFO - DAG(s) dict_keys(['example_skip_dag']) retrieved from /home/airflow/.local/lib/python3.8/site-packages/airflow/example_dags/example_skip_dag.py
[2023-12-15T11:45:38.544+0000] {logging_mixin.py:154} INFO - [2023-12-15T11:45:38.543+0000] {dag.py:2941} INFO - Sync 1 DAGs
[2023-12-15T11:45:38.600+0000] {logging_mixin.py:154} INFO - [2023-12-15T11:45:38.599+0000] {dag.py:3722} INFO - Setting next_dagrun for example_skip_dag to 2023-12-14T11:45:38.598606+00:00, run_after=2023-12-15T11:45:38.598606+00:00
[2023-12-15T11:45:38.650+0000] {processor.py:179} INFO - Processing /home/airflow/.local/lib/python3.8/site-packages/airflow/example_dags/example_skip_dag.py took 0.282 seconds
[2023-12-15T11:46:09.505+0000] {processor.py:157} INFO - Started process (PID=973) to work on /home/airflow/.local/lib/python3.8/site-packages/airflow/example_dags/example_skip_dag.py
[2023-12-15T11:46:09.507+0000] {processor.py:829} INFO - Processing file /home/airflow/.local/lib/python3.8/site-packages/airflow/example_dags/example_skip_dag.py for tasks to queue
[2023-12-15T11:46:09.511+0000] {logging_mixin.py:154} INFO - [2023-12-15T11:46:09.510+0000] {dagbag.py:536} INFO - Filling up the DagBag from /home/airflow/.local/lib/python3.8/site-packages/airflow/example_dags/example_skip_dag.py
[2023-12-15T11:46:09.524+0000] {processor.py:839} INFO - DAG(s) dict_keys(['example_skip_dag']) retrieved from /home/airflow/.local/lib/python3.8/site-packages/airflow/example_dags/example_skip_dag.py
[2023-12-15T11:46:09.584+0000] {logging_mixin.py:154} INFO - [2023-12-15T11:46:09.583+0000] {dag.py:2941} INFO - Sync 1 DAGs
[2023-12-15T11:46:09.627+0000] {logging_mixin.py:154} INFO - [2023-12-15T11:46:09.627+0000] {dag.py:3722} INFO - Setting next_dagrun for example_skip_dag to 2023-12-14T11:46:09.626719+00:00, run_after=2023-12-15T11:46:09.626719+00:00
[2023-12-15T11:46:09.692+0000] {processor.py:179} INFO - Processing /home/airflow/.local/lib/python3.8/site-packages/airflow/example_dags/example_skip_dag.py took 0.190 seconds
[2023-12-15T11:46:40.448+0000] {processor.py:157} INFO - Started process (PID=1026) to work on /home/airflow/.local/lib/python3.8/site-packages/airflow/example_dags/example_skip_dag.py
[2023-12-15T11:46:40.454+0000] {processor.py:829} INFO - Processing file /home/airflow/.local/lib/python3.8/site-packages/airflow/example_dags/example_skip_dag.py for tasks to queue
[2023-12-15T11:46:40.461+0000] {logging_mixin.py:154} INFO - [2023-12-15T11:46:40.461+0000] {dagbag.py:536} INFO - Filling up the DagBag from /home/airflow/.local/lib/python3.8/site-packages/airflow/example_dags/example_skip_dag.py
[2023-12-15T11:46:40.475+0000] {processor.py:839} INFO - DAG(s) dict_keys(['example_skip_dag']) retrieved from /home/airflow/.local/lib/python3.8/site-packages/airflow/example_dags/example_skip_dag.py
[2023-12-15T11:46:40.528+0000] {logging_mixin.py:154} INFO - [2023-12-15T11:46:40.528+0000] {dag.py:2941} INFO - Sync 1 DAGs
[2023-12-15T11:46:40.555+0000] {logging_mixin.py:154} INFO - [2023-12-15T11:46:40.555+0000] {dag.py:3722} INFO - Setting next_dagrun for example_skip_dag to 2023-12-14T11:46:40.554533+00:00, run_after=2023-12-15T11:46:40.554533+00:00
[2023-12-15T11:46:42.341+0000] {processor.py:179} INFO - Processing /home/airflow/.local/lib/python3.8/site-packages/airflow/example_dags/example_skip_dag.py took 1.898 seconds
[2023-12-15T11:47:12.773+0000] {processor.py:157} INFO - Started process (PID=1082) to work on /home/airflow/.local/lib/python3.8/site-packages/airflow/example_dags/example_skip_dag.py
[2023-12-15T11:47:12.781+0000] {processor.py:829} INFO - Processing file /home/airflow/.local/lib/python3.8/site-packages/airflow/example_dags/example_skip_dag.py for tasks to queue
[2023-12-15T11:47:12.795+0000] {logging_mixin.py:154} INFO - [2023-12-15T11:47:12.792+0000] {dagbag.py:536} INFO - Filling up the DagBag from /home/airflow/.local/lib/python3.8/site-packages/airflow/example_dags/example_skip_dag.py
[2023-12-15T11:47:12.817+0000] {processor.py:839} INFO - DAG(s) dict_keys(['example_skip_dag']) retrieved from /home/airflow/.local/lib/python3.8/site-packages/airflow/example_dags/example_skip_dag.py
[2023-12-15T11:47:12.857+0000] {logging_mixin.py:154} INFO - [2023-12-15T11:47:12.857+0000] {dag.py:2941} INFO - Sync 1 DAGs
[2023-12-15T11:47:12.891+0000] {logging_mixin.py:154} INFO - [2023-12-15T11:47:12.891+0000] {dag.py:3722} INFO - Setting next_dagrun for example_skip_dag to 2023-12-14T11:47:12.890594+00:00, run_after=2023-12-15T11:47:12.890594+00:00
[2023-12-15T11:47:12.910+0000] {processor.py:179} INFO - Processing /home/airflow/.local/lib/python3.8/site-packages/airflow/example_dags/example_skip_dag.py took 0.152 seconds
[2023-12-15T11:47:43.518+0000] {processor.py:157} INFO - Started process (PID=1133) to work on /home/airflow/.local/lib/python3.8/site-packages/airflow/example_dags/example_skip_dag.py
[2023-12-15T11:47:43.521+0000] {processor.py:829} INFO - Processing file /home/airflow/.local/lib/python3.8/site-packages/airflow/example_dags/example_skip_dag.py for tasks to queue
[2023-12-15T11:47:43.523+0000] {logging_mixin.py:154} INFO - [2023-12-15T11:47:43.523+0000] {dagbag.py:536} INFO - Filling up the DagBag from /home/airflow/.local/lib/python3.8/site-packages/airflow/example_dags/example_skip_dag.py
[2023-12-15T11:47:43.533+0000] {processor.py:839} INFO - DAG(s) dict_keys(['example_skip_dag']) retrieved from /home/airflow/.local/lib/python3.8/site-packages/airflow/example_dags/example_skip_dag.py
[2023-12-15T11:47:43.557+0000] {logging_mixin.py:154} INFO - [2023-12-15T11:47:43.557+0000] {dag.py:2941} INFO - Sync 1 DAGs
[2023-12-15T11:47:43.577+0000] {logging_mixin.py:154} INFO - [2023-12-15T11:47:43.577+0000] {dag.py:3722} INFO - Setting next_dagrun for example_skip_dag to 2023-12-14T11:47:43.576881+00:00, run_after=2023-12-15T11:47:43.576881+00:00
[2023-12-15T11:47:43.609+0000] {processor.py:179} INFO - Processing /home/airflow/.local/lib/python3.8/site-packages/airflow/example_dags/example_skip_dag.py took 0.094 seconds
[2023-12-15T11:48:28.072+0000] {processor.py:157} INFO - Started process (PID=1194) to work on /home/airflow/.local/lib/python3.8/site-packages/airflow/example_dags/example_skip_dag.py
[2023-12-15T11:48:28.078+0000] {processor.py:829} INFO - Processing file /home/airflow/.local/lib/python3.8/site-packages/airflow/example_dags/example_skip_dag.py for tasks to queue
[2023-12-15T11:48:28.102+0000] {logging_mixin.py:154} INFO - [2023-12-15T11:48:28.099+0000] {dagbag.py:536} INFO - Filling up the DagBag from /home/airflow/.local/lib/python3.8/site-packages/airflow/example_dags/example_skip_dag.py
[2023-12-15T11:48:28.150+0000] {processor.py:839} INFO - DAG(s) dict_keys(['example_skip_dag']) retrieved from /home/airflow/.local/lib/python3.8/site-packages/airflow/example_dags/example_skip_dag.py
[2023-12-15T11:48:28.293+0000] {logging_mixin.py:154} INFO - [2023-12-15T11:48:28.293+0000] {dag.py:2941} INFO - Sync 1 DAGs
[2023-12-15T11:48:28.364+0000] {logging_mixin.py:154} INFO - [2023-12-15T11:48:28.363+0000] {dag.py:3722} INFO - Setting next_dagrun for example_skip_dag to 2023-12-14T11:48:28.362486+00:00, run_after=2023-12-15T11:48:28.362486+00:00
[2023-12-15T11:48:29.643+0000] {processor.py:179} INFO - Processing /home/airflow/.local/lib/python3.8/site-packages/airflow/example_dags/example_skip_dag.py took 1.585 seconds
[2023-12-15T11:48:59.873+0000] {processor.py:157} INFO - Started process (PID=1249) to work on /home/airflow/.local/lib/python3.8/site-packages/airflow/example_dags/example_skip_dag.py
[2023-12-15T11:48:59.876+0000] {processor.py:829} INFO - Processing file /home/airflow/.local/lib/python3.8/site-packages/airflow/example_dags/example_skip_dag.py for tasks to queue
[2023-12-15T11:48:59.885+0000] {logging_mixin.py:154} INFO - [2023-12-15T11:48:59.885+0000] {dagbag.py:536} INFO - Filling up the DagBag from /home/airflow/.local/lib/python3.8/site-packages/airflow/example_dags/example_skip_dag.py
[2023-12-15T11:48:59.900+0000] {processor.py:839} INFO - DAG(s) dict_keys(['example_skip_dag']) retrieved from /home/airflow/.local/lib/python3.8/site-packages/airflow/example_dags/example_skip_dag.py
[2023-12-15T11:48:59.946+0000] {logging_mixin.py:154} INFO - [2023-12-15T11:48:59.946+0000] {dag.py:2941} INFO - Sync 1 DAGs
[2023-12-15T11:48:59.990+0000] {logging_mixin.py:154} INFO - [2023-12-15T11:48:59.988+0000] {dag.py:3722} INFO - Setting next_dagrun for example_skip_dag to 2023-12-14T11:48:59.986668+00:00, run_after=2023-12-15T11:48:59.986668+00:00
[2023-12-15T11:49:00.171+0000] {processor.py:179} INFO - Processing /home/airflow/.local/lib/python3.8/site-packages/airflow/example_dags/example_skip_dag.py took 0.305 seconds
[2023-12-15T11:49:30.872+0000] {processor.py:157} INFO - Started process (PID=1302) to work on /home/airflow/.local/lib/python3.8/site-packages/airflow/example_dags/example_skip_dag.py
[2023-12-15T11:49:30.876+0000] {processor.py:829} INFO - Processing file /home/airflow/.local/lib/python3.8/site-packages/airflow/example_dags/example_skip_dag.py for tasks to queue
[2023-12-15T11:49:30.884+0000] {logging_mixin.py:154} INFO - [2023-12-15T11:49:30.883+0000] {dagbag.py:536} INFO - Filling up the DagBag from /home/airflow/.local/lib/python3.8/site-packages/airflow/example_dags/example_skip_dag.py
[2023-12-15T11:49:30.895+0000] {processor.py:839} INFO - DAG(s) dict_keys(['example_skip_dag']) retrieved from /home/airflow/.local/lib/python3.8/site-packages/airflow/example_dags/example_skip_dag.py
[2023-12-15T11:49:30.985+0000] {logging_mixin.py:154} INFO - [2023-12-15T11:49:30.985+0000] {dag.py:2941} INFO - Sync 1 DAGs
[2023-12-15T11:49:31.054+0000] {logging_mixin.py:154} INFO - [2023-12-15T11:49:31.053+0000] {dag.py:3722} INFO - Setting next_dagrun for example_skip_dag to 2023-12-14T11:49:31.053037+00:00, run_after=2023-12-15T11:49:31.053037+00:00
[2023-12-15T11:49:31.103+0000] {processor.py:179} INFO - Processing /home/airflow/.local/lib/python3.8/site-packages/airflow/example_dags/example_skip_dag.py took 0.237 seconds
[2023-12-15T11:50:01.543+0000] {processor.py:157} INFO - Started process (PID=1355) to work on /home/airflow/.local/lib/python3.8/site-packages/airflow/example_dags/example_skip_dag.py
[2023-12-15T11:50:01.553+0000] {processor.py:829} INFO - Processing file /home/airflow/.local/lib/python3.8/site-packages/airflow/example_dags/example_skip_dag.py for tasks to queue
[2023-12-15T11:50:01.596+0000] {logging_mixin.py:154} INFO - [2023-12-15T11:50:01.594+0000] {dagbag.py:536} INFO - Filling up the DagBag from /home/airflow/.local/lib/python3.8/site-packages/airflow/example_dags/example_skip_dag.py
[2023-12-15T11:50:01.693+0000] {processor.py:839} INFO - DAG(s) dict_keys(['example_skip_dag']) retrieved from /home/airflow/.local/lib/python3.8/site-packages/airflow/example_dags/example_skip_dag.py
[2023-12-15T11:50:01.791+0000] {logging_mixin.py:154} INFO - [2023-12-15T11:50:01.790+0000] {dag.py:2941} INFO - Sync 1 DAGs
[2023-12-15T11:50:02.780+0000] {logging_mixin.py:154} INFO - [2023-12-15T11:50:02.779+0000] {dag.py:3722} INFO - Setting next_dagrun for example_skip_dag to 2023-12-14T11:50:02.779244+00:00, run_after=2023-12-15T11:50:02.779244+00:00
[2023-12-15T11:50:02.839+0000] {processor.py:179} INFO - Processing /home/airflow/.local/lib/python3.8/site-packages/airflow/example_dags/example_skip_dag.py took 1.311 seconds
[2023-12-15T11:50:33.119+0000] {processor.py:157} INFO - Started process (PID=1408) to work on /home/airflow/.local/lib/python3.8/site-packages/airflow/example_dags/example_skip_dag.py
[2023-12-15T11:50:33.121+0000] {processor.py:829} INFO - Processing file /home/airflow/.local/lib/python3.8/site-packages/airflow/example_dags/example_skip_dag.py for tasks to queue
[2023-12-15T11:50:33.124+0000] {logging_mixin.py:154} INFO - [2023-12-15T11:50:33.124+0000] {dagbag.py:536} INFO - Filling up the DagBag from /home/airflow/.local/lib/python3.8/site-packages/airflow/example_dags/example_skip_dag.py
[2023-12-15T11:50:33.136+0000] {processor.py:839} INFO - DAG(s) dict_keys(['example_skip_dag']) retrieved from /home/airflow/.local/lib/python3.8/site-packages/airflow/example_dags/example_skip_dag.py
[2023-12-15T11:50:33.179+0000] {logging_mixin.py:154} INFO - [2023-12-15T11:50:33.179+0000] {dag.py:2941} INFO - Sync 1 DAGs
[2023-12-15T11:50:33.223+0000] {logging_mixin.py:154} INFO - [2023-12-15T11:50:33.222+0000] {dag.py:3722} INFO - Setting next_dagrun for example_skip_dag to 2023-12-14T11:50:33.222311+00:00, run_after=2023-12-15T11:50:33.222311+00:00
[2023-12-15T11:50:33.241+0000] {processor.py:179} INFO - Processing /home/airflow/.local/lib/python3.8/site-packages/airflow/example_dags/example_skip_dag.py took 0.127 seconds
[2023-12-15T11:51:09.607+0000] {processor.py:157} INFO - Started process (PID=1451) to work on /home/airflow/.local/lib/python3.8/site-packages/airflow/example_dags/example_skip_dag.py
[2023-12-15T11:51:09.611+0000] {processor.py:829} INFO - Processing file /home/airflow/.local/lib/python3.8/site-packages/airflow/example_dags/example_skip_dag.py for tasks to queue
[2023-12-15T11:51:09.616+0000] {logging_mixin.py:154} INFO - [2023-12-15T11:51:09.616+0000] {dagbag.py:536} INFO - Filling up the DagBag from /home/airflow/.local/lib/python3.8/site-packages/airflow/example_dags/example_skip_dag.py
[2023-12-15T11:51:09.628+0000] {processor.py:839} INFO - DAG(s) dict_keys(['example_skip_dag']) retrieved from /home/airflow/.local/lib/python3.8/site-packages/airflow/example_dags/example_skip_dag.py
[2023-12-15T11:51:09.682+0000] {logging_mixin.py:154} INFO - [2023-12-15T11:51:09.682+0000] {dag.py:2941} INFO - Sync 1 DAGs
[2023-12-15T11:51:10.226+0000] {logging_mixin.py:154} INFO - [2023-12-15T11:51:10.225+0000] {dag.py:3722} INFO - Setting next_dagrun for example_skip_dag to 2023-12-14T11:51:10.224072+00:00, run_after=2023-12-15T11:51:10.224072+00:00
[2023-12-15T11:51:10.271+0000] {processor.py:179} INFO - Processing /home/airflow/.local/lib/python3.8/site-packages/airflow/example_dags/example_skip_dag.py took 0.669 seconds
[2023-12-15T11:51:41.252+0000] {processor.py:157} INFO - Started process (PID=1505) to work on /home/airflow/.local/lib/python3.8/site-packages/airflow/example_dags/example_skip_dag.py
[2023-12-15T11:51:41.255+0000] {processor.py:829} INFO - Processing file /home/airflow/.local/lib/python3.8/site-packages/airflow/example_dags/example_skip_dag.py for tasks to queue
[2023-12-15T11:51:41.264+0000] {logging_mixin.py:154} INFO - [2023-12-15T11:51:41.263+0000] {dagbag.py:536} INFO - Filling up the DagBag from /home/airflow/.local/lib/python3.8/site-packages/airflow/example_dags/example_skip_dag.py
[2023-12-15T11:51:41.280+0000] {processor.py:839} INFO - DAG(s) dict_keys(['example_skip_dag']) retrieved from /home/airflow/.local/lib/python3.8/site-packages/airflow/example_dags/example_skip_dag.py
[2023-12-15T11:51:41.418+0000] {logging_mixin.py:154} INFO - [2023-12-15T11:51:41.417+0000] {dag.py:2941} INFO - Sync 1 DAGs
[2023-12-15T11:51:41.542+0000] {logging_mixin.py:154} INFO - [2023-12-15T11:51:41.541+0000] {dag.py:3722} INFO - Setting next_dagrun for example_skip_dag to 2023-12-14T11:51:41.537619+00:00, run_after=2023-12-15T11:51:41.537619+00:00
[2023-12-15T11:51:41.590+0000] {processor.py:179} INFO - Processing /home/airflow/.local/lib/python3.8/site-packages/airflow/example_dags/example_skip_dag.py took 0.344 seconds
[2023-12-15T11:52:20.582+0000] {processor.py:157} INFO - Started process (PID=1553) to work on /home/airflow/.local/lib/python3.8/site-packages/airflow/example_dags/example_skip_dag.py
[2023-12-15T11:52:20.584+0000] {processor.py:829} INFO - Processing file /home/airflow/.local/lib/python3.8/site-packages/airflow/example_dags/example_skip_dag.py for tasks to queue
[2023-12-15T11:52:20.578+0000] {logging_mixin.py:154} INFO - [2023-12-15T11:52:20.578+0000] {dagbag.py:536} INFO - Filling up the DagBag from /home/airflow/.local/lib/python3.8/site-packages/airflow/example_dags/example_skip_dag.py
[2023-12-15T11:52:20.589+0000] {processor.py:839} INFO - DAG(s) dict_keys(['example_skip_dag']) retrieved from /home/airflow/.local/lib/python3.8/site-packages/airflow/example_dags/example_skip_dag.py
[2023-12-15T11:52:21.014+0000] {logging_mixin.py:154} INFO - [2023-12-15T11:52:21.014+0000] {dag.py:2941} INFO - Sync 1 DAGs
[2023-12-15T11:52:21.084+0000] {logging_mixin.py:154} INFO - [2023-12-15T11:52:21.083+0000] {dag.py:3722} INFO - Setting next_dagrun for example_skip_dag to 2023-12-14T11:52:21.080360+00:00, run_after=2023-12-15T11:52:21.080360+00:00
[2023-12-15T11:52:21.132+0000] {processor.py:179} INFO - Processing /home/airflow/.local/lib/python3.8/site-packages/airflow/example_dags/example_skip_dag.py took 0.567 seconds
[2023-12-15T11:52:52.223+0000] {processor.py:157} INFO - Started process (PID=1607) to work on /home/airflow/.local/lib/python3.8/site-packages/airflow/example_dags/example_skip_dag.py
[2023-12-15T11:52:52.227+0000] {processor.py:829} INFO - Processing file /home/airflow/.local/lib/python3.8/site-packages/airflow/example_dags/example_skip_dag.py for tasks to queue
[2023-12-15T11:52:52.234+0000] {logging_mixin.py:154} INFO - [2023-12-15T11:52:52.234+0000] {dagbag.py:536} INFO - Filling up the DagBag from /home/airflow/.local/lib/python3.8/site-packages/airflow/example_dags/example_skip_dag.py
[2023-12-15T11:52:52.256+0000] {processor.py:839} INFO - DAG(s) dict_keys(['example_skip_dag']) retrieved from /home/airflow/.local/lib/python3.8/site-packages/airflow/example_dags/example_skip_dag.py
[2023-12-15T11:52:52.324+0000] {logging_mixin.py:154} INFO - [2023-12-15T11:52:52.324+0000] {dag.py:2941} INFO - Sync 1 DAGs
[2023-12-15T11:52:52.396+0000] {logging_mixin.py:154} INFO - [2023-12-15T11:52:52.396+0000] {dag.py:3722} INFO - Setting next_dagrun for example_skip_dag to 2023-12-14T11:52:52.389509+00:00, run_after=2023-12-15T11:52:52.389509+00:00
[2023-12-15T11:52:52.487+0000] {processor.py:179} INFO - Processing /home/airflow/.local/lib/python3.8/site-packages/airflow/example_dags/example_skip_dag.py took 0.273 seconds
[2023-12-15T11:53:22.714+0000] {processor.py:157} INFO - Started process (PID=1660) to work on /home/airflow/.local/lib/python3.8/site-packages/airflow/example_dags/example_skip_dag.py
[2023-12-15T11:53:22.720+0000] {processor.py:829} INFO - Processing file /home/airflow/.local/lib/python3.8/site-packages/airflow/example_dags/example_skip_dag.py for tasks to queue
[2023-12-15T11:53:22.724+0000] {logging_mixin.py:154} INFO - [2023-12-15T11:53:22.724+0000] {dagbag.py:536} INFO - Filling up the DagBag from /home/airflow/.local/lib/python3.8/site-packages/airflow/example_dags/example_skip_dag.py
[2023-12-15T11:53:22.737+0000] {processor.py:839} INFO - DAG(s) dict_keys(['example_skip_dag']) retrieved from /home/airflow/.local/lib/python3.8/site-packages/airflow/example_dags/example_skip_dag.py
[2023-12-15T11:53:22.793+0000] {logging_mixin.py:154} INFO - [2023-12-15T11:53:22.793+0000] {dag.py:2941} INFO - Sync 1 DAGs
[2023-12-15T11:53:22.829+0000] {logging_mixin.py:154} INFO - [2023-12-15T11:53:22.829+0000] {dag.py:3722} INFO - Setting next_dagrun for example_skip_dag to 2023-12-14T11:53:22.828757+00:00, run_after=2023-12-15T11:53:22.828757+00:00
[2023-12-15T11:53:22.864+0000] {processor.py:179} INFO - Processing /home/airflow/.local/lib/python3.8/site-packages/airflow/example_dags/example_skip_dag.py took 0.156 seconds
[2023-12-15T11:53:53.143+0000] {processor.py:157} INFO - Started process (PID=1714) to work on /home/airflow/.local/lib/python3.8/site-packages/airflow/example_dags/example_skip_dag.py
[2023-12-15T11:53:53.144+0000] {processor.py:829} INFO - Processing file /home/airflow/.local/lib/python3.8/site-packages/airflow/example_dags/example_skip_dag.py for tasks to queue
[2023-12-15T11:53:53.146+0000] {logging_mixin.py:154} INFO - [2023-12-15T11:53:53.146+0000] {dagbag.py:536} INFO - Filling up the DagBag from /home/airflow/.local/lib/python3.8/site-packages/airflow/example_dags/example_skip_dag.py
[2023-12-15T11:53:53.153+0000] {processor.py:839} INFO - DAG(s) dict_keys(['example_skip_dag']) retrieved from /home/airflow/.local/lib/python3.8/site-packages/airflow/example_dags/example_skip_dag.py
[2023-12-15T11:53:53.179+0000] {logging_mixin.py:154} INFO - [2023-12-15T11:53:53.179+0000] {dag.py:2941} INFO - Sync 1 DAGs
[2023-12-15T11:53:53.193+0000] {logging_mixin.py:154} INFO - [2023-12-15T11:53:53.193+0000] {dag.py:3722} INFO - Setting next_dagrun for example_skip_dag to 2023-12-14T11:53:53.192914+00:00, run_after=2023-12-15T11:53:53.192914+00:00
[2023-12-15T11:53:53.211+0000] {processor.py:179} INFO - Processing /home/airflow/.local/lib/python3.8/site-packages/airflow/example_dags/example_skip_dag.py took 0.072 seconds
[2023-12-15T11:54:23.970+0000] {processor.py:157} INFO - Started process (PID=1768) to work on /home/airflow/.local/lib/python3.8/site-packages/airflow/example_dags/example_skip_dag.py
[2023-12-15T11:54:23.973+0000] {processor.py:829} INFO - Processing file /home/airflow/.local/lib/python3.8/site-packages/airflow/example_dags/example_skip_dag.py for tasks to queue
[2023-12-15T11:54:23.977+0000] {logging_mixin.py:154} INFO - [2023-12-15T11:54:23.977+0000] {dagbag.py:536} INFO - Filling up the DagBag from /home/airflow/.local/lib/python3.8/site-packages/airflow/example_dags/example_skip_dag.py
[2023-12-15T11:54:23.987+0000] {processor.py:839} INFO - DAG(s) dict_keys(['example_skip_dag']) retrieved from /home/airflow/.local/lib/python3.8/site-packages/airflow/example_dags/example_skip_dag.py
[2023-12-15T11:54:24.039+0000] {logging_mixin.py:154} INFO - [2023-12-15T11:54:24.039+0000] {dag.py:2941} INFO - Sync 1 DAGs
[2023-12-15T11:54:24.083+0000] {logging_mixin.py:154} INFO - [2023-12-15T11:54:24.083+0000] {dag.py:3722} INFO - Setting next_dagrun for example_skip_dag to 2023-12-14T11:54:24.082001+00:00, run_after=2023-12-15T11:54:24.082001+00:00
[2023-12-15T11:54:24.110+0000] {processor.py:179} INFO - Processing /home/airflow/.local/lib/python3.8/site-packages/airflow/example_dags/example_skip_dag.py took 0.150 seconds
[2023-12-15T11:54:54.892+0000] {processor.py:157} INFO - Started process (PID=1821) to work on /home/airflow/.local/lib/python3.8/site-packages/airflow/example_dags/example_skip_dag.py
[2023-12-15T11:54:54.894+0000] {processor.py:829} INFO - Processing file /home/airflow/.local/lib/python3.8/site-packages/airflow/example_dags/example_skip_dag.py for tasks to queue
[2023-12-15T11:54:54.898+0000] {logging_mixin.py:154} INFO - [2023-12-15T11:54:54.898+0000] {dagbag.py:536} INFO - Filling up the DagBag from /home/airflow/.local/lib/python3.8/site-packages/airflow/example_dags/example_skip_dag.py
[2023-12-15T11:54:54.909+0000] {processor.py:839} INFO - DAG(s) dict_keys(['example_skip_dag']) retrieved from /home/airflow/.local/lib/python3.8/site-packages/airflow/example_dags/example_skip_dag.py
[2023-12-15T11:54:54.955+0000] {logging_mixin.py:154} INFO - [2023-12-15T11:54:54.955+0000] {dag.py:2941} INFO - Sync 1 DAGs
[2023-12-15T11:54:55.070+0000] {logging_mixin.py:154} INFO - [2023-12-15T11:54:55.069+0000] {dag.py:3722} INFO - Setting next_dagrun for example_skip_dag to 2023-12-14T11:54:55.065009+00:00, run_after=2023-12-15T11:54:55.065009+00:00
[2023-12-15T11:54:55.102+0000] {processor.py:179} INFO - Processing /home/airflow/.local/lib/python3.8/site-packages/airflow/example_dags/example_skip_dag.py took 0.215 seconds
[2023-12-15T11:55:26.600+0000] {processor.py:157} INFO - Started process (PID=1876) to work on /home/airflow/.local/lib/python3.8/site-packages/airflow/example_dags/example_skip_dag.py
[2023-12-15T11:55:26.608+0000] {processor.py:829} INFO - Processing file /home/airflow/.local/lib/python3.8/site-packages/airflow/example_dags/example_skip_dag.py for tasks to queue
[2023-12-15T11:55:26.617+0000] {logging_mixin.py:154} INFO - [2023-12-15T11:55:26.616+0000] {dagbag.py:536} INFO - Filling up the DagBag from /home/airflow/.local/lib/python3.8/site-packages/airflow/example_dags/example_skip_dag.py
[2023-12-15T11:55:26.635+0000] {processor.py:839} INFO - DAG(s) dict_keys(['example_skip_dag']) retrieved from /home/airflow/.local/lib/python3.8/site-packages/airflow/example_dags/example_skip_dag.py
[2023-12-15T11:55:26.674+0000] {logging_mixin.py:154} INFO - [2023-12-15T11:55:26.674+0000] {dag.py:2941} INFO - Sync 1 DAGs
[2023-12-15T11:55:26.710+0000] {logging_mixin.py:154} INFO - [2023-12-15T11:55:26.710+0000] {dag.py:3722} INFO - Setting next_dagrun for example_skip_dag to 2023-12-14T11:55:26.710237+00:00, run_after=2023-12-15T11:55:26.710237+00:00
[2023-12-15T11:55:26.762+0000] {processor.py:179} INFO - Processing /home/airflow/.local/lib/python3.8/site-packages/airflow/example_dags/example_skip_dag.py took 0.179 seconds
[2023-12-15T11:55:56.989+0000] {processor.py:157} INFO - Started process (PID=1931) to work on /home/airflow/.local/lib/python3.8/site-packages/airflow/example_dags/example_skip_dag.py
[2023-12-15T11:55:56.991+0000] {processor.py:829} INFO - Processing file /home/airflow/.local/lib/python3.8/site-packages/airflow/example_dags/example_skip_dag.py for tasks to queue
[2023-12-15T11:55:56.995+0000] {logging_mixin.py:154} INFO - [2023-12-15T11:55:56.995+0000] {dagbag.py:536} INFO - Filling up the DagBag from /home/airflow/.local/lib/python3.8/site-packages/airflow/example_dags/example_skip_dag.py
[2023-12-15T11:55:57.005+0000] {processor.py:839} INFO - DAG(s) dict_keys(['example_skip_dag']) retrieved from /home/airflow/.local/lib/python3.8/site-packages/airflow/example_dags/example_skip_dag.py
[2023-12-15T11:55:57.077+0000] {logging_mixin.py:154} INFO - [2023-12-15T11:55:57.076+0000] {dag.py:2941} INFO - Sync 1 DAGs
[2023-12-15T11:55:57.109+0000] {logging_mixin.py:154} INFO - [2023-12-15T11:55:57.109+0000] {dag.py:3722} INFO - Setting next_dagrun for example_skip_dag to 2023-12-14T11:55:57.109247+00:00, run_after=2023-12-15T11:55:57.109247+00:00
[2023-12-15T11:55:57.129+0000] {processor.py:179} INFO - Processing /home/airflow/.local/lib/python3.8/site-packages/airflow/example_dags/example_skip_dag.py took 0.145 seconds
[2023-12-15T11:56:27.855+0000] {processor.py:157} INFO - Started process (PID=1986) to work on /home/airflow/.local/lib/python3.8/site-packages/airflow/example_dags/example_skip_dag.py
[2023-12-15T11:56:27.857+0000] {processor.py:829} INFO - Processing file /home/airflow/.local/lib/python3.8/site-packages/airflow/example_dags/example_skip_dag.py for tasks to queue
[2023-12-15T11:56:27.859+0000] {logging_mixin.py:154} INFO - [2023-12-15T11:56:27.859+0000] {dagbag.py:536} INFO - Filling up the DagBag from /home/airflow/.local/lib/python3.8/site-packages/airflow/example_dags/example_skip_dag.py
[2023-12-15T11:56:27.866+0000] {processor.py:839} INFO - DAG(s) dict_keys(['example_skip_dag']) retrieved from /home/airflow/.local/lib/python3.8/site-packages/airflow/example_dags/example_skip_dag.py
[2023-12-15T11:56:27.918+0000] {logging_mixin.py:154} INFO - [2023-12-15T11:56:27.917+0000] {dag.py:2941} INFO - Sync 1 DAGs
[2023-12-15T11:56:27.944+0000] {logging_mixin.py:154} INFO - [2023-12-15T11:56:27.944+0000] {dag.py:3722} INFO - Setting next_dagrun for example_skip_dag to 2023-12-14T11:56:27.944003+00:00, run_after=2023-12-15T11:56:27.944003+00:00
[2023-12-15T11:56:27.985+0000] {processor.py:179} INFO - Processing /home/airflow/.local/lib/python3.8/site-packages/airflow/example_dags/example_skip_dag.py took 0.138 seconds
[2023-12-15T11:56:58.328+0000] {processor.py:157} INFO - Started process (PID=2039) to work on /home/airflow/.local/lib/python3.8/site-packages/airflow/example_dags/example_skip_dag.py
[2023-12-15T11:56:58.332+0000] {processor.py:829} INFO - Processing file /home/airflow/.local/lib/python3.8/site-packages/airflow/example_dags/example_skip_dag.py for tasks to queue
[2023-12-15T11:56:58.333+0000] {logging_mixin.py:154} INFO - [2023-12-15T11:56:58.333+0000] {dagbag.py:536} INFO - Filling up the DagBag from /home/airflow/.local/lib/python3.8/site-packages/airflow/example_dags/example_skip_dag.py
[2023-12-15T11:56:58.340+0000] {processor.py:839} INFO - DAG(s) dict_keys(['example_skip_dag']) retrieved from /home/airflow/.local/lib/python3.8/site-packages/airflow/example_dags/example_skip_dag.py
[2023-12-15T11:56:58.370+0000] {logging_mixin.py:154} INFO - [2023-12-15T11:56:58.370+0000] {dag.py:2941} INFO - Sync 1 DAGs
[2023-12-15T11:56:58.395+0000] {logging_mixin.py:154} INFO - [2023-12-15T11:56:58.395+0000] {dag.py:3722} INFO - Setting next_dagrun for example_skip_dag to 2023-12-14T11:56:58.395069+00:00, run_after=2023-12-15T11:56:58.395069+00:00
[2023-12-15T11:56:58.415+0000] {processor.py:179} INFO - Processing /home/airflow/.local/lib/python3.8/site-packages/airflow/example_dags/example_skip_dag.py took 0.090 seconds
[2023-12-15T11:57:30.020+0000] {processor.py:157} INFO - Started process (PID=2093) to work on /home/airflow/.local/lib/python3.8/site-packages/airflow/example_dags/example_skip_dag.py
[2023-12-15T11:57:30.024+0000] {processor.py:829} INFO - Processing file /home/airflow/.local/lib/python3.8/site-packages/airflow/example_dags/example_skip_dag.py for tasks to queue
[2023-12-15T11:57:30.028+0000] {logging_mixin.py:154} INFO - [2023-12-15T11:57:30.027+0000] {dagbag.py:536} INFO - Filling up the DagBag from /home/airflow/.local/lib/python3.8/site-packages/airflow/example_dags/example_skip_dag.py
[2023-12-15T11:57:30.066+0000] {processor.py:839} INFO - DAG(s) dict_keys(['example_skip_dag']) retrieved from /home/airflow/.local/lib/python3.8/site-packages/airflow/example_dags/example_skip_dag.py
[2023-12-15T11:57:30.146+0000] {logging_mixin.py:154} INFO - [2023-12-15T11:57:30.146+0000] {dag.py:2941} INFO - Sync 1 DAGs
[2023-12-15T11:57:30.229+0000] {logging_mixin.py:154} INFO - [2023-12-15T11:57:30.229+0000] {dag.py:3722} INFO - Setting next_dagrun for example_skip_dag to 2023-12-14T11:57:30.225676+00:00, run_after=2023-12-15T11:57:30.225676+00:00
[2023-12-15T11:57:30.267+0000] {processor.py:179} INFO - Processing /home/airflow/.local/lib/python3.8/site-packages/airflow/example_dags/example_skip_dag.py took 0.251 seconds
[2023-12-15T11:58:00.451+0000] {processor.py:157} INFO - Started process (PID=2147) to work on /home/airflow/.local/lib/python3.8/site-packages/airflow/example_dags/example_skip_dag.py
[2023-12-15T11:58:00.454+0000] {processor.py:829} INFO - Processing file /home/airflow/.local/lib/python3.8/site-packages/airflow/example_dags/example_skip_dag.py for tasks to queue
[2023-12-15T11:58:00.459+0000] {logging_mixin.py:154} INFO - [2023-12-15T11:58:00.458+0000] {dagbag.py:536} INFO - Filling up the DagBag from /home/airflow/.local/lib/python3.8/site-packages/airflow/example_dags/example_skip_dag.py
[2023-12-15T11:58:00.464+0000] {processor.py:839} INFO - DAG(s) dict_keys(['example_skip_dag']) retrieved from /home/airflow/.local/lib/python3.8/site-packages/airflow/example_dags/example_skip_dag.py
[2023-12-15T11:58:00.499+0000] {logging_mixin.py:154} INFO - [2023-12-15T11:58:00.498+0000] {dag.py:2941} INFO - Sync 1 DAGs
[2023-12-15T11:58:00.528+0000] {logging_mixin.py:154} INFO - [2023-12-15T11:58:00.527+0000] {dag.py:3722} INFO - Setting next_dagrun for example_skip_dag to 2023-12-14T11:58:00.527565+00:00, run_after=2023-12-15T11:58:00.527565+00:00
[2023-12-15T11:58:00.545+0000] {processor.py:179} INFO - Processing /home/airflow/.local/lib/python3.8/site-packages/airflow/example_dags/example_skip_dag.py took 0.096 seconds
[2023-12-15T11:58:30.963+0000] {processor.py:157} INFO - Started process (PID=2201) to work on /home/airflow/.local/lib/python3.8/site-packages/airflow/example_dags/example_skip_dag.py
[2023-12-15T11:58:30.964+0000] {processor.py:829} INFO - Processing file /home/airflow/.local/lib/python3.8/site-packages/airflow/example_dags/example_skip_dag.py for tasks to queue
[2023-12-15T11:58:30.966+0000] {logging_mixin.py:154} INFO - [2023-12-15T11:58:30.966+0000] {dagbag.py:536} INFO - Filling up the DagBag from /home/airflow/.local/lib/python3.8/site-packages/airflow/example_dags/example_skip_dag.py
[2023-12-15T11:58:30.974+0000] {processor.py:839} INFO - DAG(s) dict_keys(['example_skip_dag']) retrieved from /home/airflow/.local/lib/python3.8/site-packages/airflow/example_dags/example_skip_dag.py
[2023-12-15T11:58:30.992+0000] {logging_mixin.py:154} INFO - [2023-12-15T11:58:30.991+0000] {dag.py:2941} INFO - Sync 1 DAGs
[2023-12-15T11:58:31.018+0000] {logging_mixin.py:154} INFO - [2023-12-15T11:58:31.017+0000] {dag.py:3722} INFO - Setting next_dagrun for example_skip_dag to 2023-12-14T11:58:31.017696+00:00, run_after=2023-12-15T11:58:31.017696+00:00
[2023-12-15T11:58:31.048+0000] {processor.py:179} INFO - Processing /home/airflow/.local/lib/python3.8/site-packages/airflow/example_dags/example_skip_dag.py took 0.088 seconds
[2023-12-15T11:59:01.727+0000] {processor.py:157} INFO - Started process (PID=2254) to work on /home/airflow/.local/lib/python3.8/site-packages/airflow/example_dags/example_skip_dag.py
[2023-12-15T11:59:01.727+0000] {processor.py:829} INFO - Processing file /home/airflow/.local/lib/python3.8/site-packages/airflow/example_dags/example_skip_dag.py for tasks to queue
[2023-12-15T11:59:01.729+0000] {logging_mixin.py:154} INFO - [2023-12-15T11:59:01.729+0000] {dagbag.py:536} INFO - Filling up the DagBag from /home/airflow/.local/lib/python3.8/site-packages/airflow/example_dags/example_skip_dag.py
[2023-12-15T11:59:01.733+0000] {processor.py:839} INFO - DAG(s) dict_keys(['example_skip_dag']) retrieved from /home/airflow/.local/lib/python3.8/site-packages/airflow/example_dags/example_skip_dag.py
[2023-12-15T11:59:01.750+0000] {logging_mixin.py:154} INFO - [2023-12-15T11:59:01.750+0000] {dag.py:2941} INFO - Sync 1 DAGs
[2023-12-15T11:59:01.764+0000] {logging_mixin.py:154} INFO - [2023-12-15T11:59:01.764+0000] {dag.py:3722} INFO - Setting next_dagrun for example_skip_dag to 2023-12-14T11:59:01.764015+00:00, run_after=2023-12-15T11:59:01.764015+00:00
[2023-12-15T11:59:01.775+0000] {processor.py:179} INFO - Processing /home/airflow/.local/lib/python3.8/site-packages/airflow/example_dags/example_skip_dag.py took 0.051 seconds
[2023-12-15T11:59:32.051+0000] {processor.py:157} INFO - Started process (PID=2308) to work on /home/airflow/.local/lib/python3.8/site-packages/airflow/example_dags/example_skip_dag.py
[2023-12-15T11:59:32.052+0000] {processor.py:829} INFO - Processing file /home/airflow/.local/lib/python3.8/site-packages/airflow/example_dags/example_skip_dag.py for tasks to queue
[2023-12-15T11:59:32.055+0000] {logging_mixin.py:154} INFO - [2023-12-15T11:59:32.055+0000] {dagbag.py:536} INFO - Filling up the DagBag from /home/airflow/.local/lib/python3.8/site-packages/airflow/example_dags/example_skip_dag.py
[2023-12-15T11:59:32.062+0000] {processor.py:839} INFO - DAG(s) dict_keys(['example_skip_dag']) retrieved from /home/airflow/.local/lib/python3.8/site-packages/airflow/example_dags/example_skip_dag.py
[2023-12-15T11:59:32.080+0000] {logging_mixin.py:154} INFO - [2023-12-15T11:59:32.080+0000] {dag.py:2941} INFO - Sync 1 DAGs
[2023-12-15T11:59:32.099+0000] {logging_mixin.py:154} INFO - [2023-12-15T11:59:32.099+0000] {dag.py:3722} INFO - Setting next_dagrun for example_skip_dag to 2023-12-14T11:59:32.099336+00:00, run_after=2023-12-15T11:59:32.099336+00:00
[2023-12-15T11:59:32.111+0000] {processor.py:179} INFO - Processing /home/airflow/.local/lib/python3.8/site-packages/airflow/example_dags/example_skip_dag.py took 0.068 seconds
[2023-12-15T12:00:03.257+0000] {processor.py:157} INFO - Started process (PID=2361) to work on /home/airflow/.local/lib/python3.8/site-packages/airflow/example_dags/example_skip_dag.py
[2023-12-15T12:00:03.258+0000] {processor.py:829} INFO - Processing file /home/airflow/.local/lib/python3.8/site-packages/airflow/example_dags/example_skip_dag.py for tasks to queue
[2023-12-15T12:00:03.261+0000] {logging_mixin.py:154} INFO - [2023-12-15T12:00:03.261+0000] {dagbag.py:536} INFO - Filling up the DagBag from /home/airflow/.local/lib/python3.8/site-packages/airflow/example_dags/example_skip_dag.py
[2023-12-15T12:00:03.270+0000] {processor.py:839} INFO - DAG(s) dict_keys(['example_skip_dag']) retrieved from /home/airflow/.local/lib/python3.8/site-packages/airflow/example_dags/example_skip_dag.py
[2023-12-15T12:00:03.316+0000] {logging_mixin.py:154} INFO - [2023-12-15T12:00:03.316+0000] {dag.py:2941} INFO - Sync 1 DAGs
[2023-12-15T12:00:03.354+0000] {logging_mixin.py:154} INFO - [2023-12-15T12:00:03.353+0000] {dag.py:3722} INFO - Setting next_dagrun for example_skip_dag to 2023-12-14T12:00:03.353473+00:00, run_after=2023-12-15T12:00:03.353473+00:00
[2023-12-15T12:00:03.389+0000] {processor.py:179} INFO - Processing /home/airflow/.local/lib/python3.8/site-packages/airflow/example_dags/example_skip_dag.py took 0.136 seconds
[2023-12-15T12:00:34.546+0000] {processor.py:157} INFO - Started process (PID=2415) to work on /home/airflow/.local/lib/python3.8/site-packages/airflow/example_dags/example_skip_dag.py
[2023-12-15T12:00:34.550+0000] {processor.py:829} INFO - Processing file /home/airflow/.local/lib/python3.8/site-packages/airflow/example_dags/example_skip_dag.py for tasks to queue
[2023-12-15T12:00:34.553+0000] {logging_mixin.py:154} INFO - [2023-12-15T12:00:34.553+0000] {dagbag.py:536} INFO - Filling up the DagBag from /home/airflow/.local/lib/python3.8/site-packages/airflow/example_dags/example_skip_dag.py
[2023-12-15T12:00:34.570+0000] {processor.py:839} INFO - DAG(s) dict_keys(['example_skip_dag']) retrieved from /home/airflow/.local/lib/python3.8/site-packages/airflow/example_dags/example_skip_dag.py
[2023-12-15T12:00:34.663+0000] {logging_mixin.py:154} INFO - [2023-12-15T12:00:34.663+0000] {dag.py:2941} INFO - Sync 1 DAGs
[2023-12-15T12:00:34.703+0000] {logging_mixin.py:154} INFO - [2023-12-15T12:00:34.703+0000] {dag.py:3722} INFO - Setting next_dagrun for example_skip_dag to 2023-12-14T12:00:34.702767+00:00, run_after=2023-12-15T12:00:34.702767+00:00
[2023-12-15T12:00:34.736+0000] {processor.py:179} INFO - Processing /home/airflow/.local/lib/python3.8/site-packages/airflow/example_dags/example_skip_dag.py took 0.195 seconds
[2023-12-15T12:01:05.191+0000] {processor.py:157} INFO - Started process (PID=2469) to work on /home/airflow/.local/lib/python3.8/site-packages/airflow/example_dags/example_skip_dag.py
[2023-12-15T12:01:05.200+0000] {processor.py:829} INFO - Processing file /home/airflow/.local/lib/python3.8/site-packages/airflow/example_dags/example_skip_dag.py for tasks to queue
[2023-12-15T12:01:05.205+0000] {logging_mixin.py:154} INFO - [2023-12-15T12:01:05.204+0000] {dagbag.py:536} INFO - Filling up the DagBag from /home/airflow/.local/lib/python3.8/site-packages/airflow/example_dags/example_skip_dag.py
[2023-12-15T12:01:05.219+0000] {processor.py:839} INFO - DAG(s) dict_keys(['example_skip_dag']) retrieved from /home/airflow/.local/lib/python3.8/site-packages/airflow/example_dags/example_skip_dag.py
[2023-12-15T12:01:05.326+0000] {logging_mixin.py:154} INFO - [2023-12-15T12:01:05.326+0000] {dag.py:2941} INFO - Sync 1 DAGs
[2023-12-15T12:01:05.403+0000] {logging_mixin.py:154} INFO - [2023-12-15T12:01:05.403+0000] {dag.py:3722} INFO - Setting next_dagrun for example_skip_dag to 2023-12-14T12:01:05.402414+00:00, run_after=2023-12-15T12:01:05.402414+00:00
[2023-12-15T12:01:05.458+0000] {processor.py:179} INFO - Processing /home/airflow/.local/lib/python3.8/site-packages/airflow/example_dags/example_skip_dag.py took 0.278 seconds
[2023-12-15T12:01:35.871+0000] {processor.py:157} INFO - Started process (PID=2523) to work on /home/airflow/.local/lib/python3.8/site-packages/airflow/example_dags/example_skip_dag.py
[2023-12-15T12:01:35.876+0000] {processor.py:829} INFO - Processing file /home/airflow/.local/lib/python3.8/site-packages/airflow/example_dags/example_skip_dag.py for tasks to queue
[2023-12-15T12:01:35.883+0000] {logging_mixin.py:154} INFO - [2023-12-15T12:01:35.883+0000] {dagbag.py:536} INFO - Filling up the DagBag from /home/airflow/.local/lib/python3.8/site-packages/airflow/example_dags/example_skip_dag.py
[2023-12-15T12:01:35.897+0000] {processor.py:839} INFO - DAG(s) dict_keys(['example_skip_dag']) retrieved from /home/airflow/.local/lib/python3.8/site-packages/airflow/example_dags/example_skip_dag.py
[2023-12-15T12:01:35.920+0000] {logging_mixin.py:154} INFO - [2023-12-15T12:01:35.920+0000] {dag.py:2941} INFO - Sync 1 DAGs
[2023-12-15T12:01:35.942+0000] {logging_mixin.py:154} INFO - [2023-12-15T12:01:35.942+0000] {dag.py:3722} INFO - Setting next_dagrun for example_skip_dag to 2023-12-14T12:01:35.942262+00:00, run_after=2023-12-15T12:01:35.942262+00:00
[2023-12-15T12:01:35.952+0000] {processor.py:179} INFO - Processing /home/airflow/.local/lib/python3.8/site-packages/airflow/example_dags/example_skip_dag.py took 0.088 seconds
[2023-12-15T12:02:07.516+0000] {processor.py:157} INFO - Started process (PID=2577) to work on /home/airflow/.local/lib/python3.8/site-packages/airflow/example_dags/example_skip_dag.py
[2023-12-15T12:02:07.520+0000] {processor.py:829} INFO - Processing file /home/airflow/.local/lib/python3.8/site-packages/airflow/example_dags/example_skip_dag.py for tasks to queue
[2023-12-15T12:02:07.524+0000] {logging_mixin.py:154} INFO - [2023-12-15T12:02:07.523+0000] {dagbag.py:536} INFO - Filling up the DagBag from /home/airflow/.local/lib/python3.8/site-packages/airflow/example_dags/example_skip_dag.py
[2023-12-15T12:02:07.533+0000] {processor.py:839} INFO - DAG(s) dict_keys(['example_skip_dag']) retrieved from /home/airflow/.local/lib/python3.8/site-packages/airflow/example_dags/example_skip_dag.py
[2023-12-15T12:02:07.582+0000] {logging_mixin.py:154} INFO - [2023-12-15T12:02:07.582+0000] {dag.py:2941} INFO - Sync 1 DAGs
[2023-12-15T12:02:07.609+0000] {logging_mixin.py:154} INFO - [2023-12-15T12:02:07.609+0000] {dag.py:3722} INFO - Setting next_dagrun for example_skip_dag to 2023-12-14T12:02:07.608700+00:00, run_after=2023-12-15T12:02:07.608700+00:00
[2023-12-15T12:02:07.656+0000] {processor.py:179} INFO - Processing /home/airflow/.local/lib/python3.8/site-packages/airflow/example_dags/example_skip_dag.py took 0.144 seconds
[2023-12-15T12:02:38.466+0000] {processor.py:157} INFO - Started process (PID=2631) to work on /home/airflow/.local/lib/python3.8/site-packages/airflow/example_dags/example_skip_dag.py
[2023-12-15T12:02:38.468+0000] {processor.py:829} INFO - Processing file /home/airflow/.local/lib/python3.8/site-packages/airflow/example_dags/example_skip_dag.py for tasks to queue
[2023-12-15T12:02:38.471+0000] {logging_mixin.py:154} INFO - [2023-12-15T12:02:38.471+0000] {dagbag.py:536} INFO - Filling up the DagBag from /home/airflow/.local/lib/python3.8/site-packages/airflow/example_dags/example_skip_dag.py
[2023-12-15T12:02:38.480+0000] {processor.py:839} INFO - DAG(s) dict_keys(['example_skip_dag']) retrieved from /home/airflow/.local/lib/python3.8/site-packages/airflow/example_dags/example_skip_dag.py
[2023-12-15T12:02:38.522+0000] {logging_mixin.py:154} INFO - [2023-12-15T12:02:38.521+0000] {dag.py:2941} INFO - Sync 1 DAGs
[2023-12-15T12:02:38.549+0000] {logging_mixin.py:154} INFO - [2023-12-15T12:02:38.548+0000] {dag.py:3722} INFO - Setting next_dagrun for example_skip_dag to 2023-12-14T12:02:38.548589+00:00, run_after=2023-12-15T12:02:38.548589+00:00
[2023-12-15T12:02:38.574+0000] {processor.py:179} INFO - Processing /home/airflow/.local/lib/python3.8/site-packages/airflow/example_dags/example_skip_dag.py took 0.112 seconds
[2023-12-15T12:03:09.540+0000] {processor.py:157} INFO - Started process (PID=2685) to work on /home/airflow/.local/lib/python3.8/site-packages/airflow/example_dags/example_skip_dag.py
[2023-12-15T12:03:09.560+0000] {processor.py:829} INFO - Processing file /home/airflow/.local/lib/python3.8/site-packages/airflow/example_dags/example_skip_dag.py for tasks to queue
[2023-12-15T12:03:09.565+0000] {logging_mixin.py:154} INFO - [2023-12-15T12:03:09.565+0000] {dagbag.py:536} INFO - Filling up the DagBag from /home/airflow/.local/lib/python3.8/site-packages/airflow/example_dags/example_skip_dag.py
[2023-12-15T12:03:09.577+0000] {processor.py:839} INFO - DAG(s) dict_keys(['example_skip_dag']) retrieved from /home/airflow/.local/lib/python3.8/site-packages/airflow/example_dags/example_skip_dag.py
[2023-12-15T12:03:09.679+0000] {logging_mixin.py:154} INFO - [2023-12-15T12:03:09.679+0000] {dag.py:2941} INFO - Sync 1 DAGs
[2023-12-15T12:03:09.732+0000] {logging_mixin.py:154} INFO - [2023-12-15T12:03:09.732+0000] {dag.py:3722} INFO - Setting next_dagrun for example_skip_dag to 2023-12-14T12:03:09.731054+00:00, run_after=2023-12-15T12:03:09.731054+00:00
[2023-12-15T12:03:09.756+0000] {processor.py:179} INFO - Processing /home/airflow/.local/lib/python3.8/site-packages/airflow/example_dags/example_skip_dag.py took 0.227 seconds
[2023-12-15T12:03:40.715+0000] {processor.py:157} INFO - Started process (PID=2739) to work on /home/airflow/.local/lib/python3.8/site-packages/airflow/example_dags/example_skip_dag.py
[2023-12-15T12:03:40.722+0000] {processor.py:829} INFO - Processing file /home/airflow/.local/lib/python3.8/site-packages/airflow/example_dags/example_skip_dag.py for tasks to queue
[2023-12-15T12:03:40.738+0000] {logging_mixin.py:154} INFO - [2023-12-15T12:03:40.727+0000] {dagbag.py:536} INFO - Filling up the DagBag from /home/airflow/.local/lib/python3.8/site-packages/airflow/example_dags/example_skip_dag.py
[2023-12-15T12:03:40.780+0000] {processor.py:839} INFO - DAG(s) dict_keys(['example_skip_dag']) retrieved from /home/airflow/.local/lib/python3.8/site-packages/airflow/example_dags/example_skip_dag.py
[2023-12-15T12:03:40.894+0000] {logging_mixin.py:154} INFO - [2023-12-15T12:03:40.894+0000] {dag.py:2941} INFO - Sync 1 DAGs
[2023-12-15T12:03:40.944+0000] {logging_mixin.py:154} INFO - [2023-12-15T12:03:40.944+0000] {dag.py:3722} INFO - Setting next_dagrun for example_skip_dag to 2023-12-14T12:03:40.944432+00:00, run_after=2023-12-15T12:03:40.944432+00:00
[2023-12-15T12:03:41.028+0000] {processor.py:179} INFO - Processing /home/airflow/.local/lib/python3.8/site-packages/airflow/example_dags/example_skip_dag.py took 0.318 seconds
[2023-12-15T12:04:11.575+0000] {processor.py:157} INFO - Started process (PID=2793) to work on /home/airflow/.local/lib/python3.8/site-packages/airflow/example_dags/example_skip_dag.py
[2023-12-15T12:04:11.599+0000] {processor.py:829} INFO - Processing file /home/airflow/.local/lib/python3.8/site-packages/airflow/example_dags/example_skip_dag.py for tasks to queue
[2023-12-15T12:04:11.609+0000] {logging_mixin.py:154} INFO - [2023-12-15T12:04:11.609+0000] {dagbag.py:536} INFO - Filling up the DagBag from /home/airflow/.local/lib/python3.8/site-packages/airflow/example_dags/example_skip_dag.py
[2023-12-15T12:04:11.625+0000] {processor.py:839} INFO - DAG(s) dict_keys(['example_skip_dag']) retrieved from /home/airflow/.local/lib/python3.8/site-packages/airflow/example_dags/example_skip_dag.py
[2023-12-15T12:04:11.664+0000] {logging_mixin.py:154} INFO - [2023-12-15T12:04:11.663+0000] {dag.py:2941} INFO - Sync 1 DAGs
[2023-12-15T12:04:11.689+0000] {logging_mixin.py:154} INFO - [2023-12-15T12:04:11.688+0000] {dag.py:3722} INFO - Setting next_dagrun for example_skip_dag to 2023-12-14T12:04:11.687668+00:00, run_after=2023-12-15T12:04:11.687668+00:00
[2023-12-15T12:04:11.718+0000] {processor.py:179} INFO - Processing /home/airflow/.local/lib/python3.8/site-packages/airflow/example_dags/example_skip_dag.py took 0.156 seconds
[2023-12-15T12:04:42.737+0000] {processor.py:157} INFO - Started process (PID=2847) to work on /home/airflow/.local/lib/python3.8/site-packages/airflow/example_dags/example_skip_dag.py
[2023-12-15T12:04:42.739+0000] {processor.py:829} INFO - Processing file /home/airflow/.local/lib/python3.8/site-packages/airflow/example_dags/example_skip_dag.py for tasks to queue
[2023-12-15T12:04:42.744+0000] {logging_mixin.py:154} INFO - [2023-12-15T12:04:42.743+0000] {dagbag.py:536} INFO - Filling up the DagBag from /home/airflow/.local/lib/python3.8/site-packages/airflow/example_dags/example_skip_dag.py
[2023-12-15T12:04:42.754+0000] {processor.py:839} INFO - DAG(s) dict_keys(['example_skip_dag']) retrieved from /home/airflow/.local/lib/python3.8/site-packages/airflow/example_dags/example_skip_dag.py
[2023-12-15T12:04:42.785+0000] {logging_mixin.py:154} INFO - [2023-12-15T12:04:42.784+0000] {dag.py:2941} INFO - Sync 1 DAGs
[2023-12-15T12:04:42.809+0000] {logging_mixin.py:154} INFO - [2023-12-15T12:04:42.809+0000] {dag.py:3722} INFO - Setting next_dagrun for example_skip_dag to 2023-12-14T12:04:42.808891+00:00, run_after=2023-12-15T12:04:42.808891+00:00
[2023-12-15T12:04:42.844+0000] {processor.py:179} INFO - Processing /home/airflow/.local/lib/python3.8/site-packages/airflow/example_dags/example_skip_dag.py took 0.110 seconds
[2023-12-15T12:05:14.557+0000] {processor.py:157} INFO - Started process (PID=2901) to work on /home/airflow/.local/lib/python3.8/site-packages/airflow/example_dags/example_skip_dag.py
[2023-12-15T12:05:14.564+0000] {processor.py:829} INFO - Processing file /home/airflow/.local/lib/python3.8/site-packages/airflow/example_dags/example_skip_dag.py for tasks to queue
[2023-12-15T12:05:14.568+0000] {logging_mixin.py:154} INFO - [2023-12-15T12:05:14.567+0000] {dagbag.py:536} INFO - Filling up the DagBag from /home/airflow/.local/lib/python3.8/site-packages/airflow/example_dags/example_skip_dag.py
[2023-12-15T12:05:14.575+0000] {processor.py:839} INFO - DAG(s) dict_keys(['example_skip_dag']) retrieved from /home/airflow/.local/lib/python3.8/site-packages/airflow/example_dags/example_skip_dag.py
[2023-12-15T12:05:14.648+0000] {logging_mixin.py:154} INFO - [2023-12-15T12:05:14.647+0000] {dag.py:2941} INFO - Sync 1 DAGs
[2023-12-15T12:05:14.674+0000] {logging_mixin.py:154} INFO - [2023-12-15T12:05:14.674+0000] {dag.py:3722} INFO - Setting next_dagrun for example_skip_dag to 2023-12-14T12:05:14.674665+00:00, run_after=2023-12-15T12:05:14.674665+00:00
[2023-12-15T12:05:14.686+0000] {processor.py:179} INFO - Processing /home/airflow/.local/lib/python3.8/site-packages/airflow/example_dags/example_skip_dag.py took 0.134 seconds
[2023-12-15T12:05:45.482+0000] {processor.py:157} INFO - Started process (PID=2954) to work on /home/airflow/.local/lib/python3.8/site-packages/airflow/example_dags/example_skip_dag.py
[2023-12-15T12:05:45.486+0000] {processor.py:829} INFO - Processing file /home/airflow/.local/lib/python3.8/site-packages/airflow/example_dags/example_skip_dag.py for tasks to queue
[2023-12-15T12:05:45.488+0000] {logging_mixin.py:154} INFO - [2023-12-15T12:05:45.488+0000] {dagbag.py:536} INFO - Filling up the DagBag from /home/airflow/.local/lib/python3.8/site-packages/airflow/example_dags/example_skip_dag.py
[2023-12-15T12:05:45.497+0000] {processor.py:839} INFO - DAG(s) dict_keys(['example_skip_dag']) retrieved from /home/airflow/.local/lib/python3.8/site-packages/airflow/example_dags/example_skip_dag.py
[2023-12-15T12:05:45.614+0000] {logging_mixin.py:154} INFO - [2023-12-15T12:05:45.613+0000] {dag.py:2941} INFO - Sync 1 DAGs
[2023-12-15T12:05:45.687+0000] {logging_mixin.py:154} INFO - [2023-12-15T12:05:45.687+0000] {dag.py:3722} INFO - Setting next_dagrun for example_skip_dag to 2023-12-14T12:05:45.687066+00:00, run_after=2023-12-15T12:05:45.687066+00:00
[2023-12-15T12:05:45.754+0000] {processor.py:179} INFO - Processing /home/airflow/.local/lib/python3.8/site-packages/airflow/example_dags/example_skip_dag.py took 0.278 seconds
[2023-12-15T12:06:16.504+0000] {processor.py:157} INFO - Started process (PID=3007) to work on /home/airflow/.local/lib/python3.8/site-packages/airflow/example_dags/example_skip_dag.py
[2023-12-15T12:06:16.507+0000] {processor.py:829} INFO - Processing file /home/airflow/.local/lib/python3.8/site-packages/airflow/example_dags/example_skip_dag.py for tasks to queue
[2023-12-15T12:06:16.520+0000] {logging_mixin.py:154} INFO - [2023-12-15T12:06:16.518+0000] {dagbag.py:536} INFO - Filling up the DagBag from /home/airflow/.local/lib/python3.8/site-packages/airflow/example_dags/example_skip_dag.py
[2023-12-15T12:06:16.538+0000] {processor.py:839} INFO - DAG(s) dict_keys(['example_skip_dag']) retrieved from /home/airflow/.local/lib/python3.8/site-packages/airflow/example_dags/example_skip_dag.py
[2023-12-15T12:06:16.641+0000] {logging_mixin.py:154} INFO - [2023-12-15T12:06:16.641+0000] {dag.py:2941} INFO - Sync 1 DAGs
[2023-12-15T12:06:16.767+0000] {logging_mixin.py:154} INFO - [2023-12-15T12:06:16.766+0000] {dag.py:3722} INFO - Setting next_dagrun for example_skip_dag to 2023-12-14T12:06:16.765902+00:00, run_after=2023-12-15T12:06:16.765902+00:00
[2023-12-15T12:06:16.871+0000] {processor.py:179} INFO - Processing /home/airflow/.local/lib/python3.8/site-packages/airflow/example_dags/example_skip_dag.py took 0.375 seconds
[2023-12-15T12:06:47.610+0000] {processor.py:157} INFO - Started process (PID=3061) to work on /home/airflow/.local/lib/python3.8/site-packages/airflow/example_dags/example_skip_dag.py
[2023-12-15T12:06:47.615+0000] {processor.py:829} INFO - Processing file /home/airflow/.local/lib/python3.8/site-packages/airflow/example_dags/example_skip_dag.py for tasks to queue
[2023-12-15T12:06:47.624+0000] {logging_mixin.py:154} INFO - [2023-12-15T12:06:47.623+0000] {dagbag.py:536} INFO - Filling up the DagBag from /home/airflow/.local/lib/python3.8/site-packages/airflow/example_dags/example_skip_dag.py
[2023-12-15T12:06:47.654+0000] {processor.py:839} INFO - DAG(s) dict_keys(['example_skip_dag']) retrieved from /home/airflow/.local/lib/python3.8/site-packages/airflow/example_dags/example_skip_dag.py
[2023-12-15T12:06:47.697+0000] {logging_mixin.py:154} INFO - [2023-12-15T12:06:47.697+0000] {dag.py:2941} INFO - Sync 1 DAGs
[2023-12-15T12:06:47.743+0000] {logging_mixin.py:154} INFO - [2023-12-15T12:06:47.742+0000] {dag.py:3722} INFO - Setting next_dagrun for example_skip_dag to 2023-12-14T12:06:47.741232+00:00, run_after=2023-12-15T12:06:47.741232+00:00
[2023-12-15T12:06:47.765+0000] {processor.py:179} INFO - Processing /home/airflow/.local/lib/python3.8/site-packages/airflow/example_dags/example_skip_dag.py took 0.174 seconds
[2023-12-15T12:07:17.803+0000] {processor.py:157} INFO - Started process (PID=3114) to work on /home/airflow/.local/lib/python3.8/site-packages/airflow/example_dags/example_skip_dag.py
[2023-12-15T12:07:17.808+0000] {processor.py:829} INFO - Processing file /home/airflow/.local/lib/python3.8/site-packages/airflow/example_dags/example_skip_dag.py for tasks to queue
[2023-12-15T12:07:17.810+0000] {logging_mixin.py:154} INFO - [2023-12-15T12:07:17.810+0000] {dagbag.py:536} INFO - Filling up the DagBag from /home/airflow/.local/lib/python3.8/site-packages/airflow/example_dags/example_skip_dag.py
[2023-12-15T12:07:17.815+0000] {processor.py:839} INFO - DAG(s) dict_keys(['example_skip_dag']) retrieved from /home/airflow/.local/lib/python3.8/site-packages/airflow/example_dags/example_skip_dag.py
[2023-12-15T12:07:17.847+0000] {logging_mixin.py:154} INFO - [2023-12-15T12:07:17.847+0000] {dag.py:2941} INFO - Sync 1 DAGs
[2023-12-15T12:07:17.862+0000] {logging_mixin.py:154} INFO - [2023-12-15T12:07:17.862+0000] {dag.py:3722} INFO - Setting next_dagrun for example_skip_dag to 2023-12-14T12:07:17.861901+00:00, run_after=2023-12-15T12:07:17.861901+00:00
[2023-12-15T12:07:17.870+0000] {processor.py:179} INFO - Processing /home/airflow/.local/lib/python3.8/site-packages/airflow/example_dags/example_skip_dag.py took 0.069 seconds
[2023-12-15T12:07:48.522+0000] {processor.py:157} INFO - Started process (PID=3168) to work on /home/airflow/.local/lib/python3.8/site-packages/airflow/example_dags/example_skip_dag.py
[2023-12-15T12:07:48.523+0000] {processor.py:829} INFO - Processing file /home/airflow/.local/lib/python3.8/site-packages/airflow/example_dags/example_skip_dag.py for tasks to queue
[2023-12-15T12:07:48.529+0000] {logging_mixin.py:154} INFO - [2023-12-15T12:07:48.529+0000] {dagbag.py:536} INFO - Filling up the DagBag from /home/airflow/.local/lib/python3.8/site-packages/airflow/example_dags/example_skip_dag.py
[2023-12-15T12:07:48.541+0000] {processor.py:839} INFO - DAG(s) dict_keys(['example_skip_dag']) retrieved from /home/airflow/.local/lib/python3.8/site-packages/airflow/example_dags/example_skip_dag.py
[2023-12-15T12:07:48.611+0000] {logging_mixin.py:154} INFO - [2023-12-15T12:07:48.610+0000] {dag.py:2941} INFO - Sync 1 DAGs
[2023-12-15T12:07:48.645+0000] {logging_mixin.py:154} INFO - [2023-12-15T12:07:48.645+0000] {dag.py:3722} INFO - Setting next_dagrun for example_skip_dag to 2023-12-14T12:07:48.644753+00:00, run_after=2023-12-15T12:07:48.644753+00:00
[2023-12-15T12:07:48.669+0000] {processor.py:179} INFO - Processing /home/airflow/.local/lib/python3.8/site-packages/airflow/example_dags/example_skip_dag.py took 0.153 seconds
[2023-12-15T12:08:20.088+0000] {processor.py:157} INFO - Started process (PID=3221) to work on /home/airflow/.local/lib/python3.8/site-packages/airflow/example_dags/example_skip_dag.py
[2023-12-15T12:08:20.091+0000] {processor.py:829} INFO - Processing file /home/airflow/.local/lib/python3.8/site-packages/airflow/example_dags/example_skip_dag.py for tasks to queue
[2023-12-15T12:08:20.096+0000] {logging_mixin.py:154} INFO - [2023-12-15T12:08:20.095+0000] {dagbag.py:536} INFO - Filling up the DagBag from /home/airflow/.local/lib/python3.8/site-packages/airflow/example_dags/example_skip_dag.py
[2023-12-15T12:08:20.106+0000] {processor.py:839} INFO - DAG(s) dict_keys(['example_skip_dag']) retrieved from /home/airflow/.local/lib/python3.8/site-packages/airflow/example_dags/example_skip_dag.py
[2023-12-15T12:08:20.163+0000] {logging_mixin.py:154} INFO - [2023-12-15T12:08:20.163+0000] {dag.py:2941} INFO - Sync 1 DAGs
[2023-12-15T12:08:20.186+0000] {logging_mixin.py:154} INFO - [2023-12-15T12:08:20.186+0000] {dag.py:3722} INFO - Setting next_dagrun for example_skip_dag to 2023-12-14T12:08:20.186342+00:00, run_after=2023-12-15T12:08:20.186342+00:00
[2023-12-15T12:08:20.209+0000] {processor.py:179} INFO - Processing /home/airflow/.local/lib/python3.8/site-packages/airflow/example_dags/example_skip_dag.py took 0.125 seconds
[2023-12-15T12:08:51.837+0000] {processor.py:157} INFO - Started process (PID=3275) to work on /home/airflow/.local/lib/python3.8/site-packages/airflow/example_dags/example_skip_dag.py
[2023-12-15T12:08:51.852+0000] {processor.py:829} INFO - Processing file /home/airflow/.local/lib/python3.8/site-packages/airflow/example_dags/example_skip_dag.py for tasks to queue
[2023-12-15T12:08:51.883+0000] {logging_mixin.py:154} INFO - [2023-12-15T12:08:51.882+0000] {dagbag.py:536} INFO - Filling up the DagBag from /home/airflow/.local/lib/python3.8/site-packages/airflow/example_dags/example_skip_dag.py
[2023-12-15T12:08:51.930+0000] {processor.py:839} INFO - DAG(s) dict_keys(['example_skip_dag']) retrieved from /home/airflow/.local/lib/python3.8/site-packages/airflow/example_dags/example_skip_dag.py
[2023-12-15T12:08:52.081+0000] {logging_mixin.py:154} INFO - [2023-12-15T12:08:52.081+0000] {dag.py:2941} INFO - Sync 1 DAGs
[2023-12-15T12:08:52.315+0000] {logging_mixin.py:154} INFO - [2023-12-15T12:08:52.314+0000] {dag.py:3722} INFO - Setting next_dagrun for example_skip_dag to 2023-12-14T12:08:52.314090+00:00, run_after=2023-12-15T12:08:52.314090+00:00
[2023-12-15T12:08:52.480+0000] {processor.py:179} INFO - Processing /home/airflow/.local/lib/python3.8/site-packages/airflow/example_dags/example_skip_dag.py took 0.648 seconds
[2023-12-15T12:09:23.972+0000] {processor.py:157} INFO - Started process (PID=3329) to work on /home/airflow/.local/lib/python3.8/site-packages/airflow/example_dags/example_skip_dag.py
[2023-12-15T12:09:23.975+0000] {processor.py:829} INFO - Processing file /home/airflow/.local/lib/python3.8/site-packages/airflow/example_dags/example_skip_dag.py for tasks to queue
[2023-12-15T12:09:23.993+0000] {logging_mixin.py:154} INFO - [2023-12-15T12:09:23.991+0000] {dagbag.py:536} INFO - Filling up the DagBag from /home/airflow/.local/lib/python3.8/site-packages/airflow/example_dags/example_skip_dag.py
[2023-12-15T12:09:24.028+0000] {processor.py:839} INFO - DAG(s) dict_keys(['example_skip_dag']) retrieved from /home/airflow/.local/lib/python3.8/site-packages/airflow/example_dags/example_skip_dag.py
[2023-12-15T12:09:24.086+0000] {logging_mixin.py:154} INFO - [2023-12-15T12:09:24.086+0000] {dag.py:2941} INFO - Sync 1 DAGs
[2023-12-15T12:09:24.132+0000] {logging_mixin.py:154} INFO - [2023-12-15T12:09:24.132+0000] {dag.py:3722} INFO - Setting next_dagrun for example_skip_dag to 2023-12-14T12:09:24.131780+00:00, run_after=2023-12-15T12:09:24.131780+00:00
[2023-12-15T12:09:24.173+0000] {processor.py:179} INFO - Processing /home/airflow/.local/lib/python3.8/site-packages/airflow/example_dags/example_skip_dag.py took 0.223 seconds
[2023-12-15T12:09:55.224+0000] {processor.py:157} INFO - Started process (PID=3383) to work on /home/airflow/.local/lib/python3.8/site-packages/airflow/example_dags/example_skip_dag.py
[2023-12-15T12:09:55.230+0000] {processor.py:829} INFO - Processing file /home/airflow/.local/lib/python3.8/site-packages/airflow/example_dags/example_skip_dag.py for tasks to queue
[2023-12-15T12:09:55.245+0000] {logging_mixin.py:154} INFO - [2023-12-15T12:09:55.244+0000] {dagbag.py:536} INFO - Filling up the DagBag from /home/airflow/.local/lib/python3.8/site-packages/airflow/example_dags/example_skip_dag.py
[2023-12-15T12:09:55.262+0000] {processor.py:839} INFO - DAG(s) dict_keys(['example_skip_dag']) retrieved from /home/airflow/.local/lib/python3.8/site-packages/airflow/example_dags/example_skip_dag.py
[2023-12-15T12:09:55.336+0000] {logging_mixin.py:154} INFO - [2023-12-15T12:09:55.336+0000] {dag.py:2941} INFO - Sync 1 DAGs
[2023-12-15T12:09:55.387+0000] {logging_mixin.py:154} INFO - [2023-12-15T12:09:55.387+0000] {dag.py:3722} INFO - Setting next_dagrun for example_skip_dag to 2023-12-14T12:09:55.387161+00:00, run_after=2023-12-15T12:09:55.387161+00:00
[2023-12-15T12:09:55.448+0000] {processor.py:179} INFO - Processing /home/airflow/.local/lib/python3.8/site-packages/airflow/example_dags/example_skip_dag.py took 0.240 seconds
[2023-12-15T12:10:26.882+0000] {processor.py:157} INFO - Started process (PID=3437) to work on /home/airflow/.local/lib/python3.8/site-packages/airflow/example_dags/example_skip_dag.py
[2023-12-15T12:10:26.907+0000] {processor.py:829} INFO - Processing file /home/airflow/.local/lib/python3.8/site-packages/airflow/example_dags/example_skip_dag.py for tasks to queue
[2023-12-15T12:10:26.950+0000] {logging_mixin.py:154} INFO - [2023-12-15T12:10:26.949+0000] {dagbag.py:536} INFO - Filling up the DagBag from /home/airflow/.local/lib/python3.8/site-packages/airflow/example_dags/example_skip_dag.py
[2023-12-15T12:10:26.990+0000] {processor.py:839} INFO - DAG(s) dict_keys(['example_skip_dag']) retrieved from /home/airflow/.local/lib/python3.8/site-packages/airflow/example_dags/example_skip_dag.py
[2023-12-15T12:10:27.030+0000] {logging_mixin.py:154} INFO - [2023-12-15T12:10:27.029+0000] {dag.py:2941} INFO - Sync 1 DAGs
[2023-12-15T12:10:27.079+0000] {logging_mixin.py:154} INFO - [2023-12-15T12:10:27.078+0000] {dag.py:3722} INFO - Setting next_dagrun for example_skip_dag to 2023-12-14T12:10:27.078592+00:00, run_after=2023-12-15T12:10:27.078592+00:00
[2023-12-15T12:10:27.139+0000] {processor.py:179} INFO - Processing /home/airflow/.local/lib/python3.8/site-packages/airflow/example_dags/example_skip_dag.py took 0.278 seconds
