[2023-12-15T11:36:58.038+0000] {processor.py:157} INFO - Started process (PID=60) to work on /home/airflow/.local/lib/python3.8/site-packages/airflow/example_dags/example_short_circuit_decorator.py
[2023-12-15T11:36:58.143+0000] {processor.py:829} INFO - Processing file /home/airflow/.local/lib/python3.8/site-packages/airflow/example_dags/example_short_circuit_decorator.py for tasks to queue
[2023-12-15T11:36:58.195+0000] {logging_mixin.py:154} INFO - [2023-12-15T11:36:58.192+0000] {dagbag.py:536} INFO - Filling up the DagBag from /home/airflow/.local/lib/python3.8/site-packages/airflow/example_dags/example_short_circuit_decorator.py
[2023-12-15T11:36:58.274+0000] {processor.py:839} INFO - DAG(s) dict_keys(['example_short_circuit_decorator']) retrieved from /home/airflow/.local/lib/python3.8/site-packages/airflow/example_dags/example_short_circuit_decorator.py
[2023-12-15T11:36:58.481+0000] {logging_mixin.py:154} INFO - [2023-12-15T11:36:58.480+0000] {dag.py:2941} INFO - Sync 1 DAGs
[2023-12-15T11:36:58.665+0000] {logging_mixin.py:154} INFO - [2023-12-15T11:36:58.665+0000] {dag.py:3722} INFO - Setting next_dagrun for example_short_circuit_decorator to 2023-12-14T11:36:58.664480+00:00, run_after=2023-12-15T11:36:58.664480+00:00
[2023-12-15T11:36:58.700+0000] {processor.py:179} INFO - Processing /home/airflow/.local/lib/python3.8/site-packages/airflow/example_dags/example_short_circuit_decorator.py took 0.694 seconds
[2023-12-15T11:37:28.814+0000] {processor.py:157} INFO - Started process (PID=120) to work on /home/airflow/.local/lib/python3.8/site-packages/airflow/example_dags/example_short_circuit_decorator.py
[2023-12-15T11:37:28.818+0000] {processor.py:829} INFO - Processing file /home/airflow/.local/lib/python3.8/site-packages/airflow/example_dags/example_short_circuit_decorator.py for tasks to queue
[2023-12-15T11:37:28.822+0000] {logging_mixin.py:154} INFO - [2023-12-15T11:37:28.821+0000] {dagbag.py:536} INFO - Filling up the DagBag from /home/airflow/.local/lib/python3.8/site-packages/airflow/example_dags/example_short_circuit_decorator.py
[2023-12-15T11:37:28.841+0000] {processor.py:839} INFO - DAG(s) dict_keys(['example_short_circuit_decorator']) retrieved from /home/airflow/.local/lib/python3.8/site-packages/airflow/example_dags/example_short_circuit_decorator.py
[2023-12-15T11:37:28.878+0000] {logging_mixin.py:154} INFO - [2023-12-15T11:37:28.878+0000] {dag.py:2941} INFO - Sync 1 DAGs
[2023-12-15T11:37:28.899+0000] {logging_mixin.py:154} INFO - [2023-12-15T11:37:28.899+0000] {dag.py:3722} INFO - Setting next_dagrun for example_short_circuit_decorator to 2023-12-14T11:37:28.899138+00:00, run_after=2023-12-15T11:37:28.899138+00:00
[2023-12-15T11:37:28.955+0000] {processor.py:179} INFO - Processing /home/airflow/.local/lib/python3.8/site-packages/airflow/example_dags/example_short_circuit_decorator.py took 0.143 seconds
[2023-12-15T11:37:59.462+0000] {processor.py:157} INFO - Started process (PID=174) to work on /home/airflow/.local/lib/python3.8/site-packages/airflow/example_dags/example_short_circuit_decorator.py
[2023-12-15T11:37:59.465+0000] {processor.py:829} INFO - Processing file /home/airflow/.local/lib/python3.8/site-packages/airflow/example_dags/example_short_circuit_decorator.py for tasks to queue
[2023-12-15T11:37:59.474+0000] {logging_mixin.py:154} INFO - [2023-12-15T11:37:59.473+0000] {dagbag.py:536} INFO - Filling up the DagBag from /home/airflow/.local/lib/python3.8/site-packages/airflow/example_dags/example_short_circuit_decorator.py
[2023-12-15T11:37:59.493+0000] {processor.py:839} INFO - DAG(s) dict_keys(['example_short_circuit_decorator']) retrieved from /home/airflow/.local/lib/python3.8/site-packages/airflow/example_dags/example_short_circuit_decorator.py
[2023-12-15T11:37:59.524+0000] {logging_mixin.py:154} INFO - [2023-12-15T11:37:59.524+0000] {dag.py:2941} INFO - Sync 1 DAGs
[2023-12-15T11:37:59.560+0000] {logging_mixin.py:154} INFO - [2023-12-15T11:37:59.560+0000] {dag.py:3722} INFO - Setting next_dagrun for example_short_circuit_decorator to 2023-12-14T11:37:59.558834+00:00, run_after=2023-12-15T11:37:59.558834+00:00
[2023-12-15T11:37:59.589+0000] {processor.py:179} INFO - Processing /home/airflow/.local/lib/python3.8/site-packages/airflow/example_dags/example_short_circuit_decorator.py took 0.133 seconds
[2023-12-15T11:38:30.844+0000] {processor.py:157} INFO - Started process (PID=228) to work on /home/airflow/.local/lib/python3.8/site-packages/airflow/example_dags/example_short_circuit_decorator.py
[2023-12-15T11:38:30.856+0000] {processor.py:829} INFO - Processing file /home/airflow/.local/lib/python3.8/site-packages/airflow/example_dags/example_short_circuit_decorator.py for tasks to queue
[2023-12-15T11:38:30.892+0000] {logging_mixin.py:154} INFO - [2023-12-15T11:38:30.885+0000] {dagbag.py:536} INFO - Filling up the DagBag from /home/airflow/.local/lib/python3.8/site-packages/airflow/example_dags/example_short_circuit_decorator.py
[2023-12-15T11:38:31.178+0000] {processor.py:839} INFO - DAG(s) dict_keys(['example_short_circuit_decorator']) retrieved from /home/airflow/.local/lib/python3.8/site-packages/airflow/example_dags/example_short_circuit_decorator.py
[2023-12-15T11:38:31.269+0000] {logging_mixin.py:154} INFO - [2023-12-15T11:38:31.268+0000] {dag.py:2941} INFO - Sync 1 DAGs
[2023-12-15T11:38:31.345+0000] {logging_mixin.py:154} INFO - [2023-12-15T11:38:31.344+0000] {dag.py:3722} INFO - Setting next_dagrun for example_short_circuit_decorator to 2023-12-14T11:38:31.343120+00:00, run_after=2023-12-15T11:38:31.343120+00:00
[2023-12-15T11:38:31.404+0000] {processor.py:179} INFO - Processing /home/airflow/.local/lib/python3.8/site-packages/airflow/example_dags/example_short_circuit_decorator.py took 0.603 seconds
[2023-12-15T11:39:04.263+0000] {processor.py:157} INFO - Started process (PID=281) to work on /home/airflow/.local/lib/python3.8/site-packages/airflow/example_dags/example_short_circuit_decorator.py
[2023-12-15T11:39:04.266+0000] {processor.py:829} INFO - Processing file /home/airflow/.local/lib/python3.8/site-packages/airflow/example_dags/example_short_circuit_decorator.py for tasks to queue
[2023-12-15T11:39:04.269+0000] {logging_mixin.py:154} INFO - [2023-12-15T11:39:04.269+0000] {dagbag.py:536} INFO - Filling up the DagBag from /home/airflow/.local/lib/python3.8/site-packages/airflow/example_dags/example_short_circuit_decorator.py
[2023-12-15T11:39:04.290+0000] {processor.py:839} INFO - DAG(s) dict_keys(['example_short_circuit_decorator']) retrieved from /home/airflow/.local/lib/python3.8/site-packages/airflow/example_dags/example_short_circuit_decorator.py
[2023-12-15T11:39:04.343+0000] {logging_mixin.py:154} INFO - [2023-12-15T11:39:04.343+0000] {dag.py:2941} INFO - Sync 1 DAGs
[2023-12-15T11:39:04.382+0000] {logging_mixin.py:154} INFO - [2023-12-15T11:39:04.381+0000] {dag.py:3722} INFO - Setting next_dagrun for example_short_circuit_decorator to 2023-12-14T11:39:04.381164+00:00, run_after=2023-12-15T11:39:04.381164+00:00
[2023-12-15T11:39:04.398+0000] {processor.py:179} INFO - Processing /home/airflow/.local/lib/python3.8/site-packages/airflow/example_dags/example_short_circuit_decorator.py took 0.139 seconds
[2023-12-15T11:39:38.476+0000] {processor.py:157} INFO - Started process (PID=333) to work on /home/airflow/.local/lib/python3.8/site-packages/airflow/example_dags/example_short_circuit_decorator.py
[2023-12-15T11:39:38.511+0000] {processor.py:829} INFO - Processing file /home/airflow/.local/lib/python3.8/site-packages/airflow/example_dags/example_short_circuit_decorator.py for tasks to queue
[2023-12-15T11:39:38.520+0000] {logging_mixin.py:154} INFO - [2023-12-15T11:39:38.519+0000] {dagbag.py:536} INFO - Filling up the DagBag from /home/airflow/.local/lib/python3.8/site-packages/airflow/example_dags/example_short_circuit_decorator.py
[2023-12-15T11:39:38.545+0000] {processor.py:839} INFO - DAG(s) dict_keys(['example_short_circuit_decorator']) retrieved from /home/airflow/.local/lib/python3.8/site-packages/airflow/example_dags/example_short_circuit_decorator.py
[2023-12-15T11:39:38.588+0000] {logging_mixin.py:154} INFO - [2023-12-15T11:39:38.587+0000] {dag.py:2941} INFO - Sync 1 DAGs
[2023-12-15T11:39:38.631+0000] {logging_mixin.py:154} INFO - [2023-12-15T11:39:38.631+0000] {dag.py:3722} INFO - Setting next_dagrun for example_short_circuit_decorator to 2023-12-14T11:39:38.630178+00:00, run_after=2023-12-15T11:39:38.630178+00:00
[2023-12-15T11:39:38.655+0000] {processor.py:179} INFO - Processing /home/airflow/.local/lib/python3.8/site-packages/airflow/example_dags/example_short_circuit_decorator.py took 0.185 seconds
[2023-12-15T11:40:11.678+0000] {processor.py:157} INFO - Started process (PID=387) to work on /home/airflow/.local/lib/python3.8/site-packages/airflow/example_dags/example_short_circuit_decorator.py
[2023-12-15T11:40:11.679+0000] {processor.py:829} INFO - Processing file /home/airflow/.local/lib/python3.8/site-packages/airflow/example_dags/example_short_circuit_decorator.py for tasks to queue
[2023-12-15T11:40:11.682+0000] {logging_mixin.py:154} INFO - [2023-12-15T11:40:11.682+0000] {dagbag.py:536} INFO - Filling up the DagBag from /home/airflow/.local/lib/python3.8/site-packages/airflow/example_dags/example_short_circuit_decorator.py
[2023-12-15T11:40:11.707+0000] {processor.py:839} INFO - DAG(s) dict_keys(['example_short_circuit_decorator']) retrieved from /home/airflow/.local/lib/python3.8/site-packages/airflow/example_dags/example_short_circuit_decorator.py
[2023-12-15T11:40:11.755+0000] {logging_mixin.py:154} INFO - [2023-12-15T11:40:11.755+0000] {dag.py:2941} INFO - Sync 1 DAGs
[2023-12-15T11:40:11.780+0000] {logging_mixin.py:154} INFO - [2023-12-15T11:40:11.780+0000] {dag.py:3722} INFO - Setting next_dagrun for example_short_circuit_decorator to 2023-12-14T11:40:11.780056+00:00, run_after=2023-12-15T11:40:11.780056+00:00
[2023-12-15T11:40:11.813+0000] {processor.py:179} INFO - Processing /home/airflow/.local/lib/python3.8/site-packages/airflow/example_dags/example_short_circuit_decorator.py took 0.141 seconds
[2023-12-15T11:40:42.175+0000] {processor.py:157} INFO - Started process (PID=441) to work on /home/airflow/.local/lib/python3.8/site-packages/airflow/example_dags/example_short_circuit_decorator.py
[2023-12-15T11:40:42.177+0000] {processor.py:829} INFO - Processing file /home/airflow/.local/lib/python3.8/site-packages/airflow/example_dags/example_short_circuit_decorator.py for tasks to queue
[2023-12-15T11:40:42.183+0000] {logging_mixin.py:154} INFO - [2023-12-15T11:40:42.183+0000] {dagbag.py:536} INFO - Filling up the DagBag from /home/airflow/.local/lib/python3.8/site-packages/airflow/example_dags/example_short_circuit_decorator.py
[2023-12-15T11:40:42.244+0000] {processor.py:839} INFO - DAG(s) dict_keys(['example_short_circuit_decorator']) retrieved from /home/airflow/.local/lib/python3.8/site-packages/airflow/example_dags/example_short_circuit_decorator.py
[2023-12-15T11:40:42.382+0000] {logging_mixin.py:154} INFO - [2023-12-15T11:40:42.381+0000] {dag.py:2941} INFO - Sync 1 DAGs
[2023-12-15T11:40:42.439+0000] {logging_mixin.py:154} INFO - [2023-12-15T11:40:42.438+0000] {dag.py:3722} INFO - Setting next_dagrun for example_short_circuit_decorator to 2023-12-14T11:40:42.437719+00:00, run_after=2023-12-15T11:40:42.437719+00:00
[2023-12-15T11:40:42.479+0000] {processor.py:179} INFO - Processing /home/airflow/.local/lib/python3.8/site-packages/airflow/example_dags/example_short_circuit_decorator.py took 0.312 seconds
[2023-12-15T11:41:13.432+0000] {processor.py:157} INFO - Started process (PID=495) to work on /home/airflow/.local/lib/python3.8/site-packages/airflow/example_dags/example_short_circuit_decorator.py
[2023-12-15T11:41:13.442+0000] {processor.py:829} INFO - Processing file /home/airflow/.local/lib/python3.8/site-packages/airflow/example_dags/example_short_circuit_decorator.py for tasks to queue
[2023-12-15T11:41:13.457+0000] {logging_mixin.py:154} INFO - [2023-12-15T11:41:13.456+0000] {dagbag.py:536} INFO - Filling up the DagBag from /home/airflow/.local/lib/python3.8/site-packages/airflow/example_dags/example_short_circuit_decorator.py
[2023-12-15T11:41:13.493+0000] {processor.py:839} INFO - DAG(s) dict_keys(['example_short_circuit_decorator']) retrieved from /home/airflow/.local/lib/python3.8/site-packages/airflow/example_dags/example_short_circuit_decorator.py
[2023-12-15T11:41:13.577+0000] {logging_mixin.py:154} INFO - [2023-12-15T11:41:13.577+0000] {dag.py:2941} INFO - Sync 1 DAGs
[2023-12-15T11:41:13.616+0000] {logging_mixin.py:154} INFO - [2023-12-15T11:41:13.616+0000] {dag.py:3722} INFO - Setting next_dagrun for example_short_circuit_decorator to 2023-12-14T11:41:13.616234+00:00, run_after=2023-12-15T11:41:13.616234+00:00
[2023-12-15T11:41:13.641+0000] {processor.py:179} INFO - Processing /home/airflow/.local/lib/python3.8/site-packages/airflow/example_dags/example_short_circuit_decorator.py took 0.247 seconds
[2023-12-15T11:41:49.000+0000] {processor.py:157} INFO - Started process (PID=549) to work on /home/airflow/.local/lib/python3.8/site-packages/airflow/example_dags/example_short_circuit_decorator.py
[2023-12-15T11:41:49.004+0000] {processor.py:829} INFO - Processing file /home/airflow/.local/lib/python3.8/site-packages/airflow/example_dags/example_short_circuit_decorator.py for tasks to queue
[2023-12-15T11:41:49.006+0000] {logging_mixin.py:154} INFO - [2023-12-15T11:41:49.005+0000] {dagbag.py:536} INFO - Filling up the DagBag from /home/airflow/.local/lib/python3.8/site-packages/airflow/example_dags/example_short_circuit_decorator.py
[2023-12-15T11:41:49.012+0000] {processor.py:839} INFO - DAG(s) dict_keys(['example_short_circuit_decorator']) retrieved from /home/airflow/.local/lib/python3.8/site-packages/airflow/example_dags/example_short_circuit_decorator.py
[2023-12-15T11:41:49.051+0000] {logging_mixin.py:154} INFO - [2023-12-15T11:41:49.050+0000] {dag.py:2941} INFO - Sync 1 DAGs
[2023-12-15T11:41:49.079+0000] {logging_mixin.py:154} INFO - [2023-12-15T11:41:49.079+0000] {dag.py:3722} INFO - Setting next_dagrun for example_short_circuit_decorator to 2023-12-14T11:41:49.078782+00:00, run_after=2023-12-15T11:41:49.078782+00:00
[2023-12-15T11:41:49.099+0000] {processor.py:179} INFO - Processing /home/airflow/.local/lib/python3.8/site-packages/airflow/example_dags/example_short_circuit_decorator.py took 0.092 seconds
[2023-12-15T11:42:22.109+0000] {processor.py:157} INFO - Started process (PID=604) to work on /home/airflow/.local/lib/python3.8/site-packages/airflow/example_dags/example_short_circuit_decorator.py
[2023-12-15T11:42:22.112+0000] {processor.py:829} INFO - Processing file /home/airflow/.local/lib/python3.8/site-packages/airflow/example_dags/example_short_circuit_decorator.py for tasks to queue
[2023-12-15T11:42:22.126+0000] {logging_mixin.py:154} INFO - [2023-12-15T11:42:22.124+0000] {dagbag.py:536} INFO - Filling up the DagBag from /home/airflow/.local/lib/python3.8/site-packages/airflow/example_dags/example_short_circuit_decorator.py
[2023-12-15T11:42:22.160+0000] {processor.py:839} INFO - DAG(s) dict_keys(['example_short_circuit_decorator']) retrieved from /home/airflow/.local/lib/python3.8/site-packages/airflow/example_dags/example_short_circuit_decorator.py
[2023-12-15T11:42:22.277+0000] {logging_mixin.py:154} INFO - [2023-12-15T11:42:22.277+0000] {dag.py:2941} INFO - Sync 1 DAGs
[2023-12-15T11:42:22.344+0000] {logging_mixin.py:154} INFO - [2023-12-15T11:42:22.343+0000] {dag.py:3722} INFO - Setting next_dagrun for example_short_circuit_decorator to 2023-12-14T11:42:22.341686+00:00, run_after=2023-12-15T11:42:22.341686+00:00
[2023-12-15T11:42:22.368+0000] {processor.py:179} INFO - Processing /home/airflow/.local/lib/python3.8/site-packages/airflow/example_dags/example_short_circuit_decorator.py took 0.265 seconds
[2023-12-15T11:43:03.740+0000] {processor.py:157} INFO - Started process (PID=659) to work on /home/airflow/.local/lib/python3.8/site-packages/airflow/example_dags/example_short_circuit_decorator.py
[2023-12-15T11:43:03.748+0000] {processor.py:829} INFO - Processing file /home/airflow/.local/lib/python3.8/site-packages/airflow/example_dags/example_short_circuit_decorator.py for tasks to queue
[2023-12-15T11:43:03.752+0000] {logging_mixin.py:154} INFO - [2023-12-15T11:43:03.752+0000] {dagbag.py:536} INFO - Filling up the DagBag from /home/airflow/.local/lib/python3.8/site-packages/airflow/example_dags/example_short_circuit_decorator.py
[2023-12-15T11:43:03.766+0000] {processor.py:839} INFO - DAG(s) dict_keys(['example_short_circuit_decorator']) retrieved from /home/airflow/.local/lib/python3.8/site-packages/airflow/example_dags/example_short_circuit_decorator.py
[2023-12-15T11:43:03.799+0000] {logging_mixin.py:154} INFO - [2023-12-15T11:43:03.799+0000] {dag.py:2941} INFO - Sync 1 DAGs
[2023-12-15T11:43:03.832+0000] {logging_mixin.py:154} INFO - [2023-12-15T11:43:03.831+0000] {dag.py:3722} INFO - Setting next_dagrun for example_short_circuit_decorator to 2023-12-14T11:43:03.831284+00:00, run_after=2023-12-15T11:43:03.831284+00:00
[2023-12-15T11:43:03.870+0000] {processor.py:179} INFO - Processing /home/airflow/.local/lib/python3.8/site-packages/airflow/example_dags/example_short_circuit_decorator.py took 0.137 seconds
[2023-12-15T11:43:39.562+0000] {processor.py:157} INFO - Started process (PID=713) to work on /home/airflow/.local/lib/python3.8/site-packages/airflow/example_dags/example_short_circuit_decorator.py
[2023-12-15T11:43:39.566+0000] {processor.py:829} INFO - Processing file /home/airflow/.local/lib/python3.8/site-packages/airflow/example_dags/example_short_circuit_decorator.py for tasks to queue
[2023-12-15T11:43:39.571+0000] {logging_mixin.py:154} INFO - [2023-12-15T11:43:39.571+0000] {dagbag.py:536} INFO - Filling up the DagBag from /home/airflow/.local/lib/python3.8/site-packages/airflow/example_dags/example_short_circuit_decorator.py
[2023-12-15T11:43:39.597+0000] {processor.py:839} INFO - DAG(s) dict_keys(['example_short_circuit_decorator']) retrieved from /home/airflow/.local/lib/python3.8/site-packages/airflow/example_dags/example_short_circuit_decorator.py
[2023-12-15T11:43:39.646+0000] {logging_mixin.py:154} INFO - [2023-12-15T11:43:39.645+0000] {dag.py:2941} INFO - Sync 1 DAGs
[2023-12-15T11:43:39.662+0000] {logging_mixin.py:154} INFO - [2023-12-15T11:43:39.662+0000] {dag.py:3722} INFO - Setting next_dagrun for example_short_circuit_decorator to 2023-12-14T11:43:39.662351+00:00, run_after=2023-12-15T11:43:39.662351+00:00
[2023-12-15T11:43:39.699+0000] {processor.py:179} INFO - Processing /home/airflow/.local/lib/python3.8/site-packages/airflow/example_dags/example_short_circuit_decorator.py took 0.152 seconds
[2023-12-15T11:44:13.137+0000] {processor.py:157} INFO - Started process (PID=774) to work on /home/airflow/.local/lib/python3.8/site-packages/airflow/example_dags/example_short_circuit_decorator.py
[2023-12-15T11:44:13.141+0000] {processor.py:829} INFO - Processing file /home/airflow/.local/lib/python3.8/site-packages/airflow/example_dags/example_short_circuit_decorator.py for tasks to queue
[2023-12-15T11:44:13.154+0000] {logging_mixin.py:154} INFO - [2023-12-15T11:44:13.153+0000] {dagbag.py:536} INFO - Filling up the DagBag from /home/airflow/.local/lib/python3.8/site-packages/airflow/example_dags/example_short_circuit_decorator.py
[2023-12-15T11:44:13.193+0000] {processor.py:839} INFO - DAG(s) dict_keys(['example_short_circuit_decorator']) retrieved from /home/airflow/.local/lib/python3.8/site-packages/airflow/example_dags/example_short_circuit_decorator.py
[2023-12-15T11:44:13.285+0000] {logging_mixin.py:154} INFO - [2023-12-15T11:44:13.284+0000] {dag.py:2941} INFO - Sync 1 DAGs
[2023-12-15T11:44:13.346+0000] {logging_mixin.py:154} INFO - [2023-12-15T11:44:13.345+0000] {dag.py:3722} INFO - Setting next_dagrun for example_short_circuit_decorator to 2023-12-14T11:44:13.344742+00:00, run_after=2023-12-15T11:44:13.344742+00:00
[2023-12-15T11:44:13.403+0000] {processor.py:179} INFO - Processing /home/airflow/.local/lib/python3.8/site-packages/airflow/example_dags/example_short_circuit_decorator.py took 0.279 seconds
[2023-12-15T11:44:43.607+0000] {processor.py:157} INFO - Started process (PID=826) to work on /home/airflow/.local/lib/python3.8/site-packages/airflow/example_dags/example_short_circuit_decorator.py
[2023-12-15T11:44:43.609+0000] {processor.py:829} INFO - Processing file /home/airflow/.local/lib/python3.8/site-packages/airflow/example_dags/example_short_circuit_decorator.py for tasks to queue
[2023-12-15T11:44:43.612+0000] {logging_mixin.py:154} INFO - [2023-12-15T11:44:43.611+0000] {dagbag.py:536} INFO - Filling up the DagBag from /home/airflow/.local/lib/python3.8/site-packages/airflow/example_dags/example_short_circuit_decorator.py
[2023-12-15T11:44:43.630+0000] {processor.py:839} INFO - DAG(s) dict_keys(['example_short_circuit_decorator']) retrieved from /home/airflow/.local/lib/python3.8/site-packages/airflow/example_dags/example_short_circuit_decorator.py
[2023-12-15T11:44:43.682+0000] {logging_mixin.py:154} INFO - [2023-12-15T11:44:43.681+0000] {dag.py:2941} INFO - Sync 1 DAGs
[2023-12-15T11:44:43.756+0000] {logging_mixin.py:154} INFO - [2023-12-15T11:44:43.756+0000] {dag.py:3722} INFO - Setting next_dagrun for example_short_circuit_decorator to 2023-12-14T11:44:43.753846+00:00, run_after=2023-12-15T11:44:43.753846+00:00
[2023-12-15T11:44:43.801+0000] {processor.py:179} INFO - Processing /home/airflow/.local/lib/python3.8/site-packages/airflow/example_dags/example_short_circuit_decorator.py took 0.199 seconds
[2023-12-15T11:45:13.964+0000] {processor.py:157} INFO - Started process (PID=879) to work on /home/airflow/.local/lib/python3.8/site-packages/airflow/example_dags/example_short_circuit_decorator.py
[2023-12-15T11:45:13.966+0000] {processor.py:829} INFO - Processing file /home/airflow/.local/lib/python3.8/site-packages/airflow/example_dags/example_short_circuit_decorator.py for tasks to queue
[2023-12-15T11:45:13.968+0000] {logging_mixin.py:154} INFO - [2023-12-15T11:45:13.968+0000] {dagbag.py:536} INFO - Filling up the DagBag from /home/airflow/.local/lib/python3.8/site-packages/airflow/example_dags/example_short_circuit_decorator.py
[2023-12-15T11:45:13.979+0000] {processor.py:839} INFO - DAG(s) dict_keys(['example_short_circuit_decorator']) retrieved from /home/airflow/.local/lib/python3.8/site-packages/airflow/example_dags/example_short_circuit_decorator.py
[2023-12-15T11:45:14.012+0000] {logging_mixin.py:154} INFO - [2023-12-15T11:45:14.012+0000] {dag.py:2941} INFO - Sync 1 DAGs
[2023-12-15T11:45:14.046+0000] {logging_mixin.py:154} INFO - [2023-12-15T11:45:14.045+0000] {dag.py:3722} INFO - Setting next_dagrun for example_short_circuit_decorator to 2023-12-14T11:45:14.045345+00:00, run_after=2023-12-15T11:45:14.045345+00:00
[2023-12-15T11:45:14.069+0000] {processor.py:179} INFO - Processing /home/airflow/.local/lib/python3.8/site-packages/airflow/example_dags/example_short_circuit_decorator.py took 0.109 seconds
[2023-12-15T11:45:44.860+0000] {processor.py:157} INFO - Started process (PID=933) to work on /home/airflow/.local/lib/python3.8/site-packages/airflow/example_dags/example_short_circuit_decorator.py
[2023-12-15T11:45:44.861+0000] {processor.py:829} INFO - Processing file /home/airflow/.local/lib/python3.8/site-packages/airflow/example_dags/example_short_circuit_decorator.py for tasks to queue
[2023-12-15T11:45:44.864+0000] {logging_mixin.py:154} INFO - [2023-12-15T11:45:44.863+0000] {dagbag.py:536} INFO - Filling up the DagBag from /home/airflow/.local/lib/python3.8/site-packages/airflow/example_dags/example_short_circuit_decorator.py
[2023-12-15T11:45:44.887+0000] {processor.py:839} INFO - DAG(s) dict_keys(['example_short_circuit_decorator']) retrieved from /home/airflow/.local/lib/python3.8/site-packages/airflow/example_dags/example_short_circuit_decorator.py
[2023-12-15T11:45:44.947+0000] {logging_mixin.py:154} INFO - [2023-12-15T11:45:44.946+0000] {dag.py:2941} INFO - Sync 1 DAGs
[2023-12-15T11:45:45.082+0000] {logging_mixin.py:154} INFO - [2023-12-15T11:45:45.082+0000] {dag.py:3722} INFO - Setting next_dagrun for example_short_circuit_decorator to 2023-12-14T11:45:45.082063+00:00, run_after=2023-12-15T11:45:45.082063+00:00
[2023-12-15T11:45:45.094+0000] {processor.py:179} INFO - Processing /home/airflow/.local/lib/python3.8/site-packages/airflow/example_dags/example_short_circuit_decorator.py took 0.243 seconds
[2023-12-15T11:46:17.470+0000] {processor.py:157} INFO - Started process (PID=986) to work on /home/airflow/.local/lib/python3.8/site-packages/airflow/example_dags/example_short_circuit_decorator.py
[2023-12-15T11:46:17.501+0000] {processor.py:829} INFO - Processing file /home/airflow/.local/lib/python3.8/site-packages/airflow/example_dags/example_short_circuit_decorator.py for tasks to queue
[2023-12-15T11:46:17.516+0000] {logging_mixin.py:154} INFO - [2023-12-15T11:46:17.515+0000] {dagbag.py:536} INFO - Filling up the DagBag from /home/airflow/.local/lib/python3.8/site-packages/airflow/example_dags/example_short_circuit_decorator.py
[2023-12-15T11:46:17.535+0000] {processor.py:839} INFO - DAG(s) dict_keys(['example_short_circuit_decorator']) retrieved from /home/airflow/.local/lib/python3.8/site-packages/airflow/example_dags/example_short_circuit_decorator.py
[2023-12-15T11:46:17.586+0000] {logging_mixin.py:154} INFO - [2023-12-15T11:46:17.585+0000] {dag.py:2941} INFO - Sync 1 DAGs
[2023-12-15T11:46:17.616+0000] {logging_mixin.py:154} INFO - [2023-12-15T11:46:17.616+0000] {dag.py:3722} INFO - Setting next_dagrun for example_short_circuit_decorator to 2023-12-14T11:46:17.615579+00:00, run_after=2023-12-15T11:46:17.615579+00:00
[2023-12-15T11:46:17.675+0000] {processor.py:179} INFO - Processing /home/airflow/.local/lib/python3.8/site-packages/airflow/example_dags/example_short_circuit_decorator.py took 0.214 seconds
[2023-12-15T11:46:50.538+0000] {processor.py:157} INFO - Started process (PID=1041) to work on /home/airflow/.local/lib/python3.8/site-packages/airflow/example_dags/example_short_circuit_decorator.py
[2023-12-15T11:46:50.540+0000] {processor.py:829} INFO - Processing file /home/airflow/.local/lib/python3.8/site-packages/airflow/example_dags/example_short_circuit_decorator.py for tasks to queue
[2023-12-15T11:46:50.557+0000] {logging_mixin.py:154} INFO - [2023-12-15T11:46:50.554+0000] {dagbag.py:536} INFO - Filling up the DagBag from /home/airflow/.local/lib/python3.8/site-packages/airflow/example_dags/example_short_circuit_decorator.py
[2023-12-15T11:46:50.644+0000] {processor.py:839} INFO - DAG(s) dict_keys(['example_short_circuit_decorator']) retrieved from /home/airflow/.local/lib/python3.8/site-packages/airflow/example_dags/example_short_circuit_decorator.py
[2023-12-15T11:46:50.806+0000] {logging_mixin.py:154} INFO - [2023-12-15T11:46:50.806+0000] {dag.py:2941} INFO - Sync 1 DAGs
[2023-12-15T11:46:50.873+0000] {logging_mixin.py:154} INFO - [2023-12-15T11:46:50.873+0000] {dag.py:3722} INFO - Setting next_dagrun for example_short_circuit_decorator to 2023-12-14T11:46:50.872771+00:00, run_after=2023-12-15T11:46:50.872771+00:00
[2023-12-15T11:46:52.792+0000] {processor.py:179} INFO - Processing /home/airflow/.local/lib/python3.8/site-packages/airflow/example_dags/example_short_circuit_decorator.py took 2.263 seconds
[2023-12-15T11:47:23.449+0000] {processor.py:157} INFO - Started process (PID=1095) to work on /home/airflow/.local/lib/python3.8/site-packages/airflow/example_dags/example_short_circuit_decorator.py
[2023-12-15T11:47:23.474+0000] {processor.py:829} INFO - Processing file /home/airflow/.local/lib/python3.8/site-packages/airflow/example_dags/example_short_circuit_decorator.py for tasks to queue
[2023-12-15T11:47:23.489+0000] {logging_mixin.py:154} INFO - [2023-12-15T11:47:23.488+0000] {dagbag.py:536} INFO - Filling up the DagBag from /home/airflow/.local/lib/python3.8/site-packages/airflow/example_dags/example_short_circuit_decorator.py
[2023-12-15T11:47:23.575+0000] {processor.py:839} INFO - DAG(s) dict_keys(['example_short_circuit_decorator']) retrieved from /home/airflow/.local/lib/python3.8/site-packages/airflow/example_dags/example_short_circuit_decorator.py
[2023-12-15T11:47:23.704+0000] {logging_mixin.py:154} INFO - [2023-12-15T11:47:23.704+0000] {dag.py:2941} INFO - Sync 1 DAGs
[2023-12-15T11:47:23.766+0000] {logging_mixin.py:154} INFO - [2023-12-15T11:47:23.765+0000] {dag.py:3722} INFO - Setting next_dagrun for example_short_circuit_decorator to 2023-12-14T11:47:23.762610+00:00, run_after=2023-12-15T11:47:23.762610+00:00
[2023-12-15T11:47:23.795+0000] {processor.py:179} INFO - Processing /home/airflow/.local/lib/python3.8/site-packages/airflow/example_dags/example_short_circuit_decorator.py took 0.354 seconds
[2023-12-15T11:47:54.217+0000] {processor.py:157} INFO - Started process (PID=1148) to work on /home/airflow/.local/lib/python3.8/site-packages/airflow/example_dags/example_short_circuit_decorator.py
[2023-12-15T11:47:54.228+0000] {processor.py:829} INFO - Processing file /home/airflow/.local/lib/python3.8/site-packages/airflow/example_dags/example_short_circuit_decorator.py for tasks to queue
[2023-12-15T11:47:54.240+0000] {logging_mixin.py:154} INFO - [2023-12-15T11:47:54.240+0000] {dagbag.py:536} INFO - Filling up the DagBag from /home/airflow/.local/lib/python3.8/site-packages/airflow/example_dags/example_short_circuit_decorator.py
[2023-12-15T11:47:54.272+0000] {processor.py:839} INFO - DAG(s) dict_keys(['example_short_circuit_decorator']) retrieved from /home/airflow/.local/lib/python3.8/site-packages/airflow/example_dags/example_short_circuit_decorator.py
[2023-12-15T11:47:54.350+0000] {logging_mixin.py:154} INFO - [2023-12-15T11:47:54.350+0000] {dag.py:2941} INFO - Sync 1 DAGs
[2023-12-15T11:47:54.399+0000] {logging_mixin.py:154} INFO - [2023-12-15T11:47:54.399+0000] {dag.py:3722} INFO - Setting next_dagrun for example_short_circuit_decorator to 2023-12-14T11:47:54.396115+00:00, run_after=2023-12-15T11:47:54.396115+00:00
[2023-12-15T11:47:54.426+0000] {processor.py:179} INFO - Processing /home/airflow/.local/lib/python3.8/site-packages/airflow/example_dags/example_short_circuit_decorator.py took 0.226 seconds
[2023-12-15T11:48:35.744+0000] {processor.py:157} INFO - Started process (PID=1203) to work on /home/airflow/.local/lib/python3.8/site-packages/airflow/example_dags/example_short_circuit_decorator.py
[2023-12-15T11:48:35.777+0000] {processor.py:829} INFO - Processing file /home/airflow/.local/lib/python3.8/site-packages/airflow/example_dags/example_short_circuit_decorator.py for tasks to queue
[2023-12-15T11:48:35.815+0000] {logging_mixin.py:154} INFO - [2023-12-15T11:48:35.806+0000] {dagbag.py:536} INFO - Filling up the DagBag from /home/airflow/.local/lib/python3.8/site-packages/airflow/example_dags/example_short_circuit_decorator.py
[2023-12-15T11:48:35.957+0000] {processor.py:839} INFO - DAG(s) dict_keys(['example_short_circuit_decorator']) retrieved from /home/airflow/.local/lib/python3.8/site-packages/airflow/example_dags/example_short_circuit_decorator.py
[2023-12-15T11:48:36.104+0000] {logging_mixin.py:154} INFO - [2023-12-15T11:48:36.104+0000] {dag.py:2941} INFO - Sync 1 DAGs
[2023-12-15T11:48:37.395+0000] {logging_mixin.py:154} INFO - [2023-12-15T11:48:37.394+0000] {dag.py:3722} INFO - Setting next_dagrun for example_short_circuit_decorator to 2023-12-14T11:48:37.389095+00:00, run_after=2023-12-15T11:48:37.389095+00:00
[2023-12-15T11:48:37.481+0000] {processor.py:179} INFO - Processing /home/airflow/.local/lib/python3.8/site-packages/airflow/example_dags/example_short_circuit_decorator.py took 1.771 seconds
[2023-12-15T11:49:09.596+0000] {processor.py:157} INFO - Started process (PID=1256) to work on /home/airflow/.local/lib/python3.8/site-packages/airflow/example_dags/example_short_circuit_decorator.py
[2023-12-15T11:49:09.600+0000] {processor.py:829} INFO - Processing file /home/airflow/.local/lib/python3.8/site-packages/airflow/example_dags/example_short_circuit_decorator.py for tasks to queue
[2023-12-15T11:49:09.615+0000] {logging_mixin.py:154} INFO - [2023-12-15T11:49:09.610+0000] {dagbag.py:536} INFO - Filling up the DagBag from /home/airflow/.local/lib/python3.8/site-packages/airflow/example_dags/example_short_circuit_decorator.py
[2023-12-15T11:49:09.654+0000] {processor.py:839} INFO - DAG(s) dict_keys(['example_short_circuit_decorator']) retrieved from /home/airflow/.local/lib/python3.8/site-packages/airflow/example_dags/example_short_circuit_decorator.py
[2023-12-15T11:49:09.756+0000] {logging_mixin.py:154} INFO - [2023-12-15T11:49:09.756+0000] {dag.py:2941} INFO - Sync 1 DAGs
[2023-12-15T11:49:09.835+0000] {logging_mixin.py:154} INFO - [2023-12-15T11:49:09.834+0000] {dag.py:3722} INFO - Setting next_dagrun for example_short_circuit_decorator to 2023-12-14T11:49:09.831067+00:00, run_after=2023-12-15T11:49:09.831067+00:00
[2023-12-15T11:49:09.853+0000] {processor.py:179} INFO - Processing /home/airflow/.local/lib/python3.8/site-packages/airflow/example_dags/example_short_circuit_decorator.py took 0.265 seconds
[2023-12-15T11:49:39.949+0000] {processor.py:157} INFO - Started process (PID=1309) to work on /home/airflow/.local/lib/python3.8/site-packages/airflow/example_dags/example_short_circuit_decorator.py
[2023-12-15T11:49:39.951+0000] {processor.py:829} INFO - Processing file /home/airflow/.local/lib/python3.8/site-packages/airflow/example_dags/example_short_circuit_decorator.py for tasks to queue
[2023-12-15T11:49:39.956+0000] {logging_mixin.py:154} INFO - [2023-12-15T11:49:39.956+0000] {dagbag.py:536} INFO - Filling up the DagBag from /home/airflow/.local/lib/python3.8/site-packages/airflow/example_dags/example_short_circuit_decorator.py
[2023-12-15T11:49:39.981+0000] {processor.py:839} INFO - DAG(s) dict_keys(['example_short_circuit_decorator']) retrieved from /home/airflow/.local/lib/python3.8/site-packages/airflow/example_dags/example_short_circuit_decorator.py
[2023-12-15T11:49:40.010+0000] {logging_mixin.py:154} INFO - [2023-12-15T11:49:40.009+0000] {dag.py:2941} INFO - Sync 1 DAGs
[2023-12-15T11:49:40.051+0000] {logging_mixin.py:154} INFO - [2023-12-15T11:49:40.050+0000] {dag.py:3722} INFO - Setting next_dagrun for example_short_circuit_decorator to 2023-12-14T11:49:40.049391+00:00, run_after=2023-12-15T11:49:40.049391+00:00
[2023-12-15T11:49:40.111+0000] {processor.py:179} INFO - Processing /home/airflow/.local/lib/python3.8/site-packages/airflow/example_dags/example_short_circuit_decorator.py took 0.166 seconds
[2023-12-15T11:50:10.799+0000] {processor.py:157} INFO - Started process (PID=1363) to work on /home/airflow/.local/lib/python3.8/site-packages/airflow/example_dags/example_short_circuit_decorator.py
[2023-12-15T11:50:10.807+0000] {processor.py:829} INFO - Processing file /home/airflow/.local/lib/python3.8/site-packages/airflow/example_dags/example_short_circuit_decorator.py for tasks to queue
[2023-12-15T11:50:10.841+0000] {logging_mixin.py:154} INFO - [2023-12-15T11:50:10.840+0000] {dagbag.py:536} INFO - Filling up the DagBag from /home/airflow/.local/lib/python3.8/site-packages/airflow/example_dags/example_short_circuit_decorator.py
[2023-12-15T11:50:10.896+0000] {processor.py:839} INFO - DAG(s) dict_keys(['example_short_circuit_decorator']) retrieved from /home/airflow/.local/lib/python3.8/site-packages/airflow/example_dags/example_short_circuit_decorator.py
[2023-12-15T11:50:11.161+0000] {logging_mixin.py:154} INFO - [2023-12-15T11:50:11.156+0000] {dag.py:2941} INFO - Sync 1 DAGs
[2023-12-15T11:50:13.580+0000] {logging_mixin.py:154} INFO - [2023-12-15T11:50:13.579+0000] {dag.py:3722} INFO - Setting next_dagrun for example_short_circuit_decorator to 2023-12-14T11:50:13.577371+00:00, run_after=2023-12-15T11:50:13.577371+00:00
[2023-12-15T11:50:13.726+0000] {processor.py:179} INFO - Processing /home/airflow/.local/lib/python3.8/site-packages/airflow/example_dags/example_short_circuit_decorator.py took 2.958 seconds
[2023-12-15T11:50:44.364+0000] {processor.py:157} INFO - Started process (PID=1416) to work on /home/airflow/.local/lib/python3.8/site-packages/airflow/example_dags/example_short_circuit_decorator.py
[2023-12-15T11:50:44.366+0000] {processor.py:829} INFO - Processing file /home/airflow/.local/lib/python3.8/site-packages/airflow/example_dags/example_short_circuit_decorator.py for tasks to queue
[2023-12-15T11:50:44.372+0000] {logging_mixin.py:154} INFO - [2023-12-15T11:50:44.371+0000] {dagbag.py:536} INFO - Filling up the DagBag from /home/airflow/.local/lib/python3.8/site-packages/airflow/example_dags/example_short_circuit_decorator.py
[2023-12-15T11:50:44.402+0000] {processor.py:839} INFO - DAG(s) dict_keys(['example_short_circuit_decorator']) retrieved from /home/airflow/.local/lib/python3.8/site-packages/airflow/example_dags/example_short_circuit_decorator.py
[2023-12-15T11:50:44.469+0000] {logging_mixin.py:154} INFO - [2023-12-15T11:50:44.469+0000] {dag.py:2941} INFO - Sync 1 DAGs
[2023-12-15T11:50:44.516+0000] {logging_mixin.py:154} INFO - [2023-12-15T11:50:44.516+0000] {dag.py:3722} INFO - Setting next_dagrun for example_short_circuit_decorator to 2023-12-14T11:50:44.516125+00:00, run_after=2023-12-15T11:50:44.516125+00:00
[2023-12-15T11:50:44.545+0000] {processor.py:179} INFO - Processing /home/airflow/.local/lib/python3.8/site-packages/airflow/example_dags/example_short_circuit_decorator.py took 0.197 seconds
[2023-12-15T11:51:20.495+0000] {processor.py:157} INFO - Started process (PID=1470) to work on /home/airflow/.local/lib/python3.8/site-packages/airflow/example_dags/example_short_circuit_decorator.py
[2023-12-15T11:51:20.510+0000] {processor.py:829} INFO - Processing file /home/airflow/.local/lib/python3.8/site-packages/airflow/example_dags/example_short_circuit_decorator.py for tasks to queue
[2023-12-15T11:51:20.515+0000] {logging_mixin.py:154} INFO - [2023-12-15T11:51:20.515+0000] {dagbag.py:536} INFO - Filling up the DagBag from /home/airflow/.local/lib/python3.8/site-packages/airflow/example_dags/example_short_circuit_decorator.py
[2023-12-15T11:51:20.927+0000] {processor.py:839} INFO - DAG(s) dict_keys(['example_short_circuit_decorator']) retrieved from /home/airflow/.local/lib/python3.8/site-packages/airflow/example_dags/example_short_circuit_decorator.py
[2023-12-15T11:51:21.013+0000] {logging_mixin.py:154} INFO - [2023-12-15T11:51:21.013+0000] {dag.py:2941} INFO - Sync 1 DAGs
[2023-12-15T11:51:21.071+0000] {logging_mixin.py:154} INFO - [2023-12-15T11:51:21.071+0000] {dag.py:3722} INFO - Setting next_dagrun for example_short_circuit_decorator to 2023-12-14T11:51:21.071051+00:00, run_after=2023-12-15T11:51:21.071051+00:00
[2023-12-15T11:51:21.110+0000] {processor.py:179} INFO - Processing /home/airflow/.local/lib/python3.8/site-packages/airflow/example_dags/example_short_circuit_decorator.py took 0.619 seconds
[2023-12-15T11:51:53.959+0000] {processor.py:157} INFO - Started process (PID=1524) to work on /home/airflow/.local/lib/python3.8/site-packages/airflow/example_dags/example_short_circuit_decorator.py
[2023-12-15T11:51:53.964+0000] {processor.py:829} INFO - Processing file /home/airflow/.local/lib/python3.8/site-packages/airflow/example_dags/example_short_circuit_decorator.py for tasks to queue
[2023-12-15T11:51:53.969+0000] {logging_mixin.py:154} INFO - [2023-12-15T11:51:53.968+0000] {dagbag.py:536} INFO - Filling up the DagBag from /home/airflow/.local/lib/python3.8/site-packages/airflow/example_dags/example_short_circuit_decorator.py
[2023-12-15T11:51:53.996+0000] {processor.py:839} INFO - DAG(s) dict_keys(['example_short_circuit_decorator']) retrieved from /home/airflow/.local/lib/python3.8/site-packages/airflow/example_dags/example_short_circuit_decorator.py
[2023-12-15T11:51:54.090+0000] {logging_mixin.py:154} INFO - [2023-12-15T11:51:54.089+0000] {dag.py:2941} INFO - Sync 1 DAGs
[2023-12-15T11:51:54.563+0000] {logging_mixin.py:154} INFO - [2023-12-15T11:51:54.563+0000] {dag.py:3722} INFO - Setting next_dagrun for example_short_circuit_decorator to 2023-12-14T11:51:54.563190+00:00, run_after=2023-12-15T11:51:54.563190+00:00
[2023-12-15T11:51:54.717+0000] {processor.py:179} INFO - Processing /home/airflow/.local/lib/python3.8/site-packages/airflow/example_dags/example_short_circuit_decorator.py took 0.808 seconds
[2023-12-15T11:52:25.951+0000] {processor.py:157} INFO - Started process (PID=1575) to work on /home/airflow/.local/lib/python3.8/site-packages/airflow/example_dags/example_short_circuit_decorator.py
[2023-12-15T11:52:25.966+0000] {processor.py:829} INFO - Processing file /home/airflow/.local/lib/python3.8/site-packages/airflow/example_dags/example_short_circuit_decorator.py for tasks to queue
[2023-12-15T11:52:25.985+0000] {logging_mixin.py:154} INFO - [2023-12-15T11:52:25.984+0000] {dagbag.py:536} INFO - Filling up the DagBag from /home/airflow/.local/lib/python3.8/site-packages/airflow/example_dags/example_short_circuit_decorator.py
[2023-12-15T11:52:26.002+0000] {processor.py:839} INFO - DAG(s) dict_keys(['example_short_circuit_decorator']) retrieved from /home/airflow/.local/lib/python3.8/site-packages/airflow/example_dags/example_short_circuit_decorator.py
[2023-12-15T11:52:26.285+0000] {logging_mixin.py:154} INFO - [2023-12-15T11:52:26.285+0000] {dag.py:2941} INFO - Sync 1 DAGs
[2023-12-15T11:52:26.367+0000] {logging_mixin.py:154} INFO - [2023-12-15T11:52:26.366+0000] {dag.py:3722} INFO - Setting next_dagrun for example_short_circuit_decorator to 2023-12-14T11:52:26.363989+00:00, run_after=2023-12-15T11:52:26.363989+00:00
[2023-12-15T11:52:26.524+0000] {processor.py:179} INFO - Processing /home/airflow/.local/lib/python3.8/site-packages/airflow/example_dags/example_short_circuit_decorator.py took 0.580 seconds
[2023-12-15T11:52:59.028+0000] {processor.py:157} INFO - Started process (PID=1620) to work on /home/airflow/.local/lib/python3.8/site-packages/airflow/example_dags/example_short_circuit_decorator.py
[2023-12-15T11:52:59.061+0000] {processor.py:829} INFO - Processing file /home/airflow/.local/lib/python3.8/site-packages/airflow/example_dags/example_short_circuit_decorator.py for tasks to queue
[2023-12-15T11:52:59.082+0000] {logging_mixin.py:154} INFO - [2023-12-15T11:52:59.081+0000] {dagbag.py:536} INFO - Filling up the DagBag from /home/airflow/.local/lib/python3.8/site-packages/airflow/example_dags/example_short_circuit_decorator.py
[2023-12-15T11:52:59.125+0000] {processor.py:839} INFO - DAG(s) dict_keys(['example_short_circuit_decorator']) retrieved from /home/airflow/.local/lib/python3.8/site-packages/airflow/example_dags/example_short_circuit_decorator.py
[2023-12-15T11:52:59.228+0000] {logging_mixin.py:154} INFO - [2023-12-15T11:52:59.227+0000] {dag.py:2941} INFO - Sync 1 DAGs
[2023-12-15T11:52:59.295+0000] {logging_mixin.py:154} INFO - [2023-12-15T11:52:59.295+0000] {dag.py:3722} INFO - Setting next_dagrun for example_short_circuit_decorator to 2023-12-14T11:52:59.295556+00:00, run_after=2023-12-15T11:52:59.295556+00:00
[2023-12-15T11:52:59.511+0000] {processor.py:179} INFO - Processing /home/airflow/.local/lib/python3.8/site-packages/airflow/example_dags/example_short_circuit_decorator.py took 0.506 seconds
[2023-12-15T11:53:29.782+0000] {processor.py:157} INFO - Started process (PID=1673) to work on /home/airflow/.local/lib/python3.8/site-packages/airflow/example_dags/example_short_circuit_decorator.py
[2023-12-15T11:53:29.783+0000] {processor.py:829} INFO - Processing file /home/airflow/.local/lib/python3.8/site-packages/airflow/example_dags/example_short_circuit_decorator.py for tasks to queue
[2023-12-15T11:53:29.786+0000] {logging_mixin.py:154} INFO - [2023-12-15T11:53:29.786+0000] {dagbag.py:536} INFO - Filling up the DagBag from /home/airflow/.local/lib/python3.8/site-packages/airflow/example_dags/example_short_circuit_decorator.py
[2023-12-15T11:53:29.804+0000] {processor.py:839} INFO - DAG(s) dict_keys(['example_short_circuit_decorator']) retrieved from /home/airflow/.local/lib/python3.8/site-packages/airflow/example_dags/example_short_circuit_decorator.py
[2023-12-15T11:53:29.852+0000] {logging_mixin.py:154} INFO - [2023-12-15T11:53:29.851+0000] {dag.py:2941} INFO - Sync 1 DAGs
[2023-12-15T11:53:29.894+0000] {logging_mixin.py:154} INFO - [2023-12-15T11:53:29.893+0000] {dag.py:3722} INFO - Setting next_dagrun for example_short_circuit_decorator to 2023-12-14T11:53:29.893129+00:00, run_after=2023-12-15T11:53:29.893129+00:00
[2023-12-15T11:53:29.945+0000] {processor.py:179} INFO - Processing /home/airflow/.local/lib/python3.8/site-packages/airflow/example_dags/example_short_circuit_decorator.py took 0.167 seconds
[2023-12-15T11:54:00.984+0000] {processor.py:157} INFO - Started process (PID=1727) to work on /home/airflow/.local/lib/python3.8/site-packages/airflow/example_dags/example_short_circuit_decorator.py
[2023-12-15T11:54:00.993+0000] {processor.py:829} INFO - Processing file /home/airflow/.local/lib/python3.8/site-packages/airflow/example_dags/example_short_circuit_decorator.py for tasks to queue
[2023-12-15T11:54:00.999+0000] {logging_mixin.py:154} INFO - [2023-12-15T11:54:00.998+0000] {dagbag.py:536} INFO - Filling up the DagBag from /home/airflow/.local/lib/python3.8/site-packages/airflow/example_dags/example_short_circuit_decorator.py
[2023-12-15T11:54:01.026+0000] {processor.py:839} INFO - DAG(s) dict_keys(['example_short_circuit_decorator']) retrieved from /home/airflow/.local/lib/python3.8/site-packages/airflow/example_dags/example_short_circuit_decorator.py
[2023-12-15T11:54:01.057+0000] {logging_mixin.py:154} INFO - [2023-12-15T11:54:01.056+0000] {dag.py:2941} INFO - Sync 1 DAGs
[2023-12-15T11:54:01.073+0000] {logging_mixin.py:154} INFO - [2023-12-15T11:54:01.073+0000] {dag.py:3722} INFO - Setting next_dagrun for example_short_circuit_decorator to 2023-12-14T11:54:01.073123+00:00, run_after=2023-12-15T11:54:01.073123+00:00
[2023-12-15T11:54:01.098+0000] {processor.py:179} INFO - Processing /home/airflow/.local/lib/python3.8/site-packages/airflow/example_dags/example_short_circuit_decorator.py took 0.117 seconds
[2023-12-15T11:54:31.313+0000] {processor.py:157} INFO - Started process (PID=1780) to work on /home/airflow/.local/lib/python3.8/site-packages/airflow/example_dags/example_short_circuit_decorator.py
[2023-12-15T11:54:31.315+0000] {processor.py:829} INFO - Processing file /home/airflow/.local/lib/python3.8/site-packages/airflow/example_dags/example_short_circuit_decorator.py for tasks to queue
[2023-12-15T11:54:31.317+0000] {logging_mixin.py:154} INFO - [2023-12-15T11:54:31.317+0000] {dagbag.py:536} INFO - Filling up the DagBag from /home/airflow/.local/lib/python3.8/site-packages/airflow/example_dags/example_short_circuit_decorator.py
[2023-12-15T11:54:31.331+0000] {processor.py:839} INFO - DAG(s) dict_keys(['example_short_circuit_decorator']) retrieved from /home/airflow/.local/lib/python3.8/site-packages/airflow/example_dags/example_short_circuit_decorator.py
[2023-12-15T11:54:31.362+0000] {logging_mixin.py:154} INFO - [2023-12-15T11:54:31.361+0000] {dag.py:2941} INFO - Sync 1 DAGs
[2023-12-15T11:54:31.392+0000] {logging_mixin.py:154} INFO - [2023-12-15T11:54:31.392+0000] {dag.py:3722} INFO - Setting next_dagrun for example_short_circuit_decorator to 2023-12-14T11:54:31.392219+00:00, run_after=2023-12-15T11:54:31.392219+00:00
[2023-12-15T11:54:31.416+0000] {processor.py:179} INFO - Processing /home/airflow/.local/lib/python3.8/site-packages/airflow/example_dags/example_short_circuit_decorator.py took 0.107 seconds
[2023-12-15T11:55:01.792+0000] {processor.py:157} INFO - Started process (PID=1834) to work on /home/airflow/.local/lib/python3.8/site-packages/airflow/example_dags/example_short_circuit_decorator.py
[2023-12-15T11:55:01.793+0000] {processor.py:829} INFO - Processing file /home/airflow/.local/lib/python3.8/site-packages/airflow/example_dags/example_short_circuit_decorator.py for tasks to queue
[2023-12-15T11:55:01.796+0000] {logging_mixin.py:154} INFO - [2023-12-15T11:55:01.796+0000] {dagbag.py:536} INFO - Filling up the DagBag from /home/airflow/.local/lib/python3.8/site-packages/airflow/example_dags/example_short_circuit_decorator.py
[2023-12-15T11:55:01.814+0000] {processor.py:839} INFO - DAG(s) dict_keys(['example_short_circuit_decorator']) retrieved from /home/airflow/.local/lib/python3.8/site-packages/airflow/example_dags/example_short_circuit_decorator.py
[2023-12-15T11:55:01.853+0000] {logging_mixin.py:154} INFO - [2023-12-15T11:55:01.853+0000] {dag.py:2941} INFO - Sync 1 DAGs
[2023-12-15T11:55:01.886+0000] {logging_mixin.py:154} INFO - [2023-12-15T11:55:01.886+0000] {dag.py:3722} INFO - Setting next_dagrun for example_short_circuit_decorator to 2023-12-14T11:55:01.886046+00:00, run_after=2023-12-15T11:55:01.886046+00:00
[2023-12-15T11:55:01.911+0000] {processor.py:179} INFO - Processing /home/airflow/.local/lib/python3.8/site-packages/airflow/example_dags/example_short_circuit_decorator.py took 0.123 seconds
[2023-12-15T11:55:32.285+0000] {processor.py:157} INFO - Started process (PID=1888) to work on /home/airflow/.local/lib/python3.8/site-packages/airflow/example_dags/example_short_circuit_decorator.py
[2023-12-15T11:55:32.288+0000] {processor.py:829} INFO - Processing file /home/airflow/.local/lib/python3.8/site-packages/airflow/example_dags/example_short_circuit_decorator.py for tasks to queue
[2023-12-15T11:55:32.296+0000] {logging_mixin.py:154} INFO - [2023-12-15T11:55:32.295+0000] {dagbag.py:536} INFO - Filling up the DagBag from /home/airflow/.local/lib/python3.8/site-packages/airflow/example_dags/example_short_circuit_decorator.py
[2023-12-15T11:55:32.340+0000] {processor.py:839} INFO - DAG(s) dict_keys(['example_short_circuit_decorator']) retrieved from /home/airflow/.local/lib/python3.8/site-packages/airflow/example_dags/example_short_circuit_decorator.py
[2023-12-15T11:55:32.433+0000] {logging_mixin.py:154} INFO - [2023-12-15T11:55:32.432+0000] {dag.py:2941} INFO - Sync 1 DAGs
[2023-12-15T11:55:32.563+0000] {logging_mixin.py:154} INFO - [2023-12-15T11:55:32.563+0000] {dag.py:3722} INFO - Setting next_dagrun for example_short_circuit_decorator to 2023-12-14T11:55:32.562459+00:00, run_after=2023-12-15T11:55:32.562459+00:00
[2023-12-15T11:55:32.591+0000] {processor.py:179} INFO - Processing /home/airflow/.local/lib/python3.8/site-packages/airflow/example_dags/example_short_circuit_decorator.py took 0.316 seconds
[2023-12-15T11:56:03.412+0000] {processor.py:157} INFO - Started process (PID=1943) to work on /home/airflow/.local/lib/python3.8/site-packages/airflow/example_dags/example_short_circuit_decorator.py
[2023-12-15T11:56:03.419+0000] {processor.py:829} INFO - Processing file /home/airflow/.local/lib/python3.8/site-packages/airflow/example_dags/example_short_circuit_decorator.py for tasks to queue
[2023-12-15T11:56:03.422+0000] {logging_mixin.py:154} INFO - [2023-12-15T11:56:03.422+0000] {dagbag.py:536} INFO - Filling up the DagBag from /home/airflow/.local/lib/python3.8/site-packages/airflow/example_dags/example_short_circuit_decorator.py
[2023-12-15T11:56:03.436+0000] {processor.py:839} INFO - DAG(s) dict_keys(['example_short_circuit_decorator']) retrieved from /home/airflow/.local/lib/python3.8/site-packages/airflow/example_dags/example_short_circuit_decorator.py
[2023-12-15T11:56:03.471+0000] {logging_mixin.py:154} INFO - [2023-12-15T11:56:03.471+0000] {dag.py:2941} INFO - Sync 1 DAGs
[2023-12-15T11:56:03.502+0000] {logging_mixin.py:154} INFO - [2023-12-15T11:56:03.502+0000] {dag.py:3722} INFO - Setting next_dagrun for example_short_circuit_decorator to 2023-12-14T11:56:03.501902+00:00, run_after=2023-12-15T11:56:03.501902+00:00
[2023-12-15T11:56:03.521+0000] {processor.py:179} INFO - Processing /home/airflow/.local/lib/python3.8/site-packages/airflow/example_dags/example_short_circuit_decorator.py took 0.111 seconds
[2023-12-15T11:56:33.914+0000] {processor.py:157} INFO - Started process (PID=1998) to work on /home/airflow/.local/lib/python3.8/site-packages/airflow/example_dags/example_short_circuit_decorator.py
[2023-12-15T11:56:33.915+0000] {processor.py:829} INFO - Processing file /home/airflow/.local/lib/python3.8/site-packages/airflow/example_dags/example_short_circuit_decorator.py for tasks to queue
[2023-12-15T11:56:33.917+0000] {logging_mixin.py:154} INFO - [2023-12-15T11:56:33.917+0000] {dagbag.py:536} INFO - Filling up the DagBag from /home/airflow/.local/lib/python3.8/site-packages/airflow/example_dags/example_short_circuit_decorator.py
[2023-12-15T11:56:33.927+0000] {processor.py:839} INFO - DAG(s) dict_keys(['example_short_circuit_decorator']) retrieved from /home/airflow/.local/lib/python3.8/site-packages/airflow/example_dags/example_short_circuit_decorator.py
[2023-12-15T11:56:33.964+0000] {logging_mixin.py:154} INFO - [2023-12-15T11:56:33.963+0000] {dag.py:2941} INFO - Sync 1 DAGs
[2023-12-15T11:56:33.988+0000] {logging_mixin.py:154} INFO - [2023-12-15T11:56:33.988+0000] {dag.py:3722} INFO - Setting next_dagrun for example_short_circuit_decorator to 2023-12-14T11:56:33.987912+00:00, run_after=2023-12-15T11:56:33.987912+00:00
[2023-12-15T11:56:34.018+0000] {processor.py:179} INFO - Processing /home/airflow/.local/lib/python3.8/site-packages/airflow/example_dags/example_short_circuit_decorator.py took 0.110 seconds
[2023-12-15T11:57:04.685+0000] {processor.py:157} INFO - Started process (PID=2052) to work on /home/airflow/.local/lib/python3.8/site-packages/airflow/example_dags/example_short_circuit_decorator.py
[2023-12-15T11:57:04.687+0000] {processor.py:829} INFO - Processing file /home/airflow/.local/lib/python3.8/site-packages/airflow/example_dags/example_short_circuit_decorator.py for tasks to queue
[2023-12-15T11:57:04.688+0000] {logging_mixin.py:154} INFO - [2023-12-15T11:57:04.688+0000] {dagbag.py:536} INFO - Filling up the DagBag from /home/airflow/.local/lib/python3.8/site-packages/airflow/example_dags/example_short_circuit_decorator.py
[2023-12-15T11:57:04.699+0000] {processor.py:839} INFO - DAG(s) dict_keys(['example_short_circuit_decorator']) retrieved from /home/airflow/.local/lib/python3.8/site-packages/airflow/example_dags/example_short_circuit_decorator.py
[2023-12-15T11:57:04.722+0000] {logging_mixin.py:154} INFO - [2023-12-15T11:57:04.722+0000] {dag.py:2941} INFO - Sync 1 DAGs
[2023-12-15T11:57:04.733+0000] {logging_mixin.py:154} INFO - [2023-12-15T11:57:04.733+0000] {dag.py:3722} INFO - Setting next_dagrun for example_short_circuit_decorator to 2023-12-14T11:57:04.732927+00:00, run_after=2023-12-15T11:57:04.732927+00:00
[2023-12-15T11:57:04.741+0000] {processor.py:179} INFO - Processing /home/airflow/.local/lib/python3.8/site-packages/airflow/example_dags/example_short_circuit_decorator.py took 0.058 seconds
[2023-12-15T11:57:35.380+0000] {processor.py:157} INFO - Started process (PID=2107) to work on /home/airflow/.local/lib/python3.8/site-packages/airflow/example_dags/example_short_circuit_decorator.py
[2023-12-15T11:57:35.386+0000] {processor.py:829} INFO - Processing file /home/airflow/.local/lib/python3.8/site-packages/airflow/example_dags/example_short_circuit_decorator.py for tasks to queue
[2023-12-15T11:57:35.390+0000] {logging_mixin.py:154} INFO - [2023-12-15T11:57:35.389+0000] {dagbag.py:536} INFO - Filling up the DagBag from /home/airflow/.local/lib/python3.8/site-packages/airflow/example_dags/example_short_circuit_decorator.py
[2023-12-15T11:57:35.410+0000] {processor.py:839} INFO - DAG(s) dict_keys(['example_short_circuit_decorator']) retrieved from /home/airflow/.local/lib/python3.8/site-packages/airflow/example_dags/example_short_circuit_decorator.py
[2023-12-15T11:57:35.456+0000] {logging_mixin.py:154} INFO - [2023-12-15T11:57:35.455+0000] {dag.py:2941} INFO - Sync 1 DAGs
[2023-12-15T11:57:35.485+0000] {logging_mixin.py:154} INFO - [2023-12-15T11:57:35.484+0000] {dag.py:3722} INFO - Setting next_dagrun for example_short_circuit_decorator to 2023-12-14T11:57:35.483603+00:00, run_after=2023-12-15T11:57:35.483603+00:00
[2023-12-15T11:57:35.511+0000] {processor.py:179} INFO - Processing /home/airflow/.local/lib/python3.8/site-packages/airflow/example_dags/example_short_circuit_decorator.py took 0.137 seconds
[2023-12-15T11:58:06.037+0000] {processor.py:157} INFO - Started process (PID=2161) to work on /home/airflow/.local/lib/python3.8/site-packages/airflow/example_dags/example_short_circuit_decorator.py
[2023-12-15T11:58:06.041+0000] {processor.py:829} INFO - Processing file /home/airflow/.local/lib/python3.8/site-packages/airflow/example_dags/example_short_circuit_decorator.py for tasks to queue
[2023-12-15T11:58:06.047+0000] {logging_mixin.py:154} INFO - [2023-12-15T11:58:06.046+0000] {dagbag.py:536} INFO - Filling up the DagBag from /home/airflow/.local/lib/python3.8/site-packages/airflow/example_dags/example_short_circuit_decorator.py
[2023-12-15T11:58:06.065+0000] {processor.py:839} INFO - DAG(s) dict_keys(['example_short_circuit_decorator']) retrieved from /home/airflow/.local/lib/python3.8/site-packages/airflow/example_dags/example_short_circuit_decorator.py
[2023-12-15T11:58:06.125+0000] {logging_mixin.py:154} INFO - [2023-12-15T11:58:06.124+0000] {dag.py:2941} INFO - Sync 1 DAGs
[2023-12-15T11:58:06.153+0000] {logging_mixin.py:154} INFO - [2023-12-15T11:58:06.153+0000] {dag.py:3722} INFO - Setting next_dagrun for example_short_circuit_decorator to 2023-12-14T11:58:06.152273+00:00, run_after=2023-12-15T11:58:06.152273+00:00
[2023-12-15T11:58:06.210+0000] {processor.py:179} INFO - Processing /home/airflow/.local/lib/python3.8/site-packages/airflow/example_dags/example_short_circuit_decorator.py took 0.176 seconds
[2023-12-15T11:58:37.371+0000] {processor.py:157} INFO - Started process (PID=2215) to work on /home/airflow/.local/lib/python3.8/site-packages/airflow/example_dags/example_short_circuit_decorator.py
[2023-12-15T11:58:37.376+0000] {processor.py:829} INFO - Processing file /home/airflow/.local/lib/python3.8/site-packages/airflow/example_dags/example_short_circuit_decorator.py for tasks to queue
[2023-12-15T11:58:37.386+0000] {logging_mixin.py:154} INFO - [2023-12-15T11:58:37.385+0000] {dagbag.py:536} INFO - Filling up the DagBag from /home/airflow/.local/lib/python3.8/site-packages/airflow/example_dags/example_short_circuit_decorator.py
[2023-12-15T11:58:37.439+0000] {processor.py:839} INFO - DAG(s) dict_keys(['example_short_circuit_decorator']) retrieved from /home/airflow/.local/lib/python3.8/site-packages/airflow/example_dags/example_short_circuit_decorator.py
[2023-12-15T11:58:37.471+0000] {logging_mixin.py:154} INFO - [2023-12-15T11:58:37.471+0000] {dag.py:2941} INFO - Sync 1 DAGs
[2023-12-15T11:58:37.515+0000] {logging_mixin.py:154} INFO - [2023-12-15T11:58:37.515+0000] {dag.py:3722} INFO - Setting next_dagrun for example_short_circuit_decorator to 2023-12-14T11:58:37.514067+00:00, run_after=2023-12-15T11:58:37.514067+00:00
[2023-12-15T11:58:37.548+0000] {processor.py:179} INFO - Processing /home/airflow/.local/lib/python3.8/site-packages/airflow/example_dags/example_short_circuit_decorator.py took 0.186 seconds
[2023-12-15T11:59:08.107+0000] {processor.py:157} INFO - Started process (PID=2268) to work on /home/airflow/.local/lib/python3.8/site-packages/airflow/example_dags/example_short_circuit_decorator.py
[2023-12-15T11:59:08.117+0000] {processor.py:829} INFO - Processing file /home/airflow/.local/lib/python3.8/site-packages/airflow/example_dags/example_short_circuit_decorator.py for tasks to queue
[2023-12-15T11:59:08.122+0000] {logging_mixin.py:154} INFO - [2023-12-15T11:59:08.122+0000] {dagbag.py:536} INFO - Filling up the DagBag from /home/airflow/.local/lib/python3.8/site-packages/airflow/example_dags/example_short_circuit_decorator.py
[2023-12-15T11:59:08.134+0000] {processor.py:839} INFO - DAG(s) dict_keys(['example_short_circuit_decorator']) retrieved from /home/airflow/.local/lib/python3.8/site-packages/airflow/example_dags/example_short_circuit_decorator.py
[2023-12-15T11:59:08.170+0000] {logging_mixin.py:154} INFO - [2023-12-15T11:59:08.170+0000] {dag.py:2941} INFO - Sync 1 DAGs
[2023-12-15T11:59:08.198+0000] {logging_mixin.py:154} INFO - [2023-12-15T11:59:08.197+0000] {dag.py:3722} INFO - Setting next_dagrun for example_short_circuit_decorator to 2023-12-14T11:59:08.197575+00:00, run_after=2023-12-15T11:59:08.197575+00:00
[2023-12-15T11:59:08.220+0000] {processor.py:179} INFO - Processing /home/airflow/.local/lib/python3.8/site-packages/airflow/example_dags/example_short_circuit_decorator.py took 0.118 seconds
[2023-12-15T11:59:39.134+0000] {processor.py:157} INFO - Started process (PID=2322) to work on /home/airflow/.local/lib/python3.8/site-packages/airflow/example_dags/example_short_circuit_decorator.py
[2023-12-15T11:59:39.139+0000] {processor.py:829} INFO - Processing file /home/airflow/.local/lib/python3.8/site-packages/airflow/example_dags/example_short_circuit_decorator.py for tasks to queue
[2023-12-15T11:59:39.146+0000] {logging_mixin.py:154} INFO - [2023-12-15T11:59:39.145+0000] {dagbag.py:536} INFO - Filling up the DagBag from /home/airflow/.local/lib/python3.8/site-packages/airflow/example_dags/example_short_circuit_decorator.py
[2023-12-15T11:59:39.165+0000] {processor.py:839} INFO - DAG(s) dict_keys(['example_short_circuit_decorator']) retrieved from /home/airflow/.local/lib/python3.8/site-packages/airflow/example_dags/example_short_circuit_decorator.py
[2023-12-15T11:59:39.228+0000] {logging_mixin.py:154} INFO - [2023-12-15T11:59:39.228+0000] {dag.py:2941} INFO - Sync 1 DAGs
[2023-12-15T11:59:39.398+0000] {logging_mixin.py:154} INFO - [2023-12-15T11:59:39.398+0000] {dag.py:3722} INFO - Setting next_dagrun for example_short_circuit_decorator to 2023-12-14T11:59:39.396553+00:00, run_after=2023-12-15T11:59:39.396553+00:00
[2023-12-15T11:59:39.436+0000] {processor.py:179} INFO - Processing /home/airflow/.local/lib/python3.8/site-packages/airflow/example_dags/example_short_circuit_decorator.py took 0.312 seconds
[2023-12-15T12:00:10.879+0000] {processor.py:157} INFO - Started process (PID=2375) to work on /home/airflow/.local/lib/python3.8/site-packages/airflow/example_dags/example_short_circuit_decorator.py
[2023-12-15T12:00:10.883+0000] {processor.py:829} INFO - Processing file /home/airflow/.local/lib/python3.8/site-packages/airflow/example_dags/example_short_circuit_decorator.py for tasks to queue
[2023-12-15T12:00:10.896+0000] {logging_mixin.py:154} INFO - [2023-12-15T12:00:10.895+0000] {dagbag.py:536} INFO - Filling up the DagBag from /home/airflow/.local/lib/python3.8/site-packages/airflow/example_dags/example_short_circuit_decorator.py
[2023-12-15T12:00:10.939+0000] {processor.py:839} INFO - DAG(s) dict_keys(['example_short_circuit_decorator']) retrieved from /home/airflow/.local/lib/python3.8/site-packages/airflow/example_dags/example_short_circuit_decorator.py
[2023-12-15T12:00:11.021+0000] {logging_mixin.py:154} INFO - [2023-12-15T12:00:11.021+0000] {dag.py:2941} INFO - Sync 1 DAGs
[2023-12-15T12:00:11.159+0000] {logging_mixin.py:154} INFO - [2023-12-15T12:00:11.159+0000] {dag.py:3722} INFO - Setting next_dagrun for example_short_circuit_decorator to 2023-12-14T12:00:11.158001+00:00, run_after=2023-12-15T12:00:11.158001+00:00
[2023-12-15T12:00:11.298+0000] {processor.py:179} INFO - Processing /home/airflow/.local/lib/python3.8/site-packages/airflow/example_dags/example_short_circuit_decorator.py took 0.426 seconds
[2023-12-15T12:00:42.043+0000] {processor.py:157} INFO - Started process (PID=2427) to work on /home/airflow/.local/lib/python3.8/site-packages/airflow/example_dags/example_short_circuit_decorator.py
[2023-12-15T12:00:42.046+0000] {processor.py:829} INFO - Processing file /home/airflow/.local/lib/python3.8/site-packages/airflow/example_dags/example_short_circuit_decorator.py for tasks to queue
[2023-12-15T12:00:42.067+0000] {logging_mixin.py:154} INFO - [2023-12-15T12:00:42.065+0000] {dagbag.py:536} INFO - Filling up the DagBag from /home/airflow/.local/lib/python3.8/site-packages/airflow/example_dags/example_short_circuit_decorator.py
[2023-12-15T12:00:42.118+0000] {processor.py:839} INFO - DAG(s) dict_keys(['example_short_circuit_decorator']) retrieved from /home/airflow/.local/lib/python3.8/site-packages/airflow/example_dags/example_short_circuit_decorator.py
[2023-12-15T12:00:42.255+0000] {logging_mixin.py:154} INFO - [2023-12-15T12:00:42.255+0000] {dag.py:2941} INFO - Sync 1 DAGs
[2023-12-15T12:00:42.308+0000] {logging_mixin.py:154} INFO - [2023-12-15T12:00:42.307+0000] {dag.py:3722} INFO - Setting next_dagrun for example_short_circuit_decorator to 2023-12-14T12:00:42.306966+00:00, run_after=2023-12-15T12:00:42.306966+00:00
[2023-12-15T12:00:42.339+0000] {processor.py:179} INFO - Processing /home/airflow/.local/lib/python3.8/site-packages/airflow/example_dags/example_short_circuit_decorator.py took 0.313 seconds
[2023-12-15T12:01:12.548+0000] {processor.py:157} INFO - Started process (PID=2481) to work on /home/airflow/.local/lib/python3.8/site-packages/airflow/example_dags/example_short_circuit_decorator.py
[2023-12-15T12:01:12.558+0000] {processor.py:829} INFO - Processing file /home/airflow/.local/lib/python3.8/site-packages/airflow/example_dags/example_short_circuit_decorator.py for tasks to queue
[2023-12-15T12:01:12.581+0000] {logging_mixin.py:154} INFO - [2023-12-15T12:01:12.575+0000] {dagbag.py:536} INFO - Filling up the DagBag from /home/airflow/.local/lib/python3.8/site-packages/airflow/example_dags/example_short_circuit_decorator.py
[2023-12-15T12:01:12.638+0000] {processor.py:839} INFO - DAG(s) dict_keys(['example_short_circuit_decorator']) retrieved from /home/airflow/.local/lib/python3.8/site-packages/airflow/example_dags/example_short_circuit_decorator.py
[2023-12-15T12:01:12.737+0000] {logging_mixin.py:154} INFO - [2023-12-15T12:01:12.737+0000] {dag.py:2941} INFO - Sync 1 DAGs
[2023-12-15T12:01:12.798+0000] {logging_mixin.py:154} INFO - [2023-12-15T12:01:12.797+0000] {dag.py:3722} INFO - Setting next_dagrun for example_short_circuit_decorator to 2023-12-14T12:01:12.797385+00:00, run_after=2023-12-15T12:01:12.797385+00:00
[2023-12-15T12:01:12.832+0000] {processor.py:179} INFO - Processing /home/airflow/.local/lib/python3.8/site-packages/airflow/example_dags/example_short_circuit_decorator.py took 0.312 seconds
[2023-12-15T12:01:43.244+0000] {processor.py:157} INFO - Started process (PID=2535) to work on /home/airflow/.local/lib/python3.8/site-packages/airflow/example_dags/example_short_circuit_decorator.py
[2023-12-15T12:01:43.255+0000] {processor.py:829} INFO - Processing file /home/airflow/.local/lib/python3.8/site-packages/airflow/example_dags/example_short_circuit_decorator.py for tasks to queue
[2023-12-15T12:01:43.289+0000] {logging_mixin.py:154} INFO - [2023-12-15T12:01:43.288+0000] {dagbag.py:536} INFO - Filling up the DagBag from /home/airflow/.local/lib/python3.8/site-packages/airflow/example_dags/example_short_circuit_decorator.py
[2023-12-15T12:01:43.377+0000] {processor.py:839} INFO - DAG(s) dict_keys(['example_short_circuit_decorator']) retrieved from /home/airflow/.local/lib/python3.8/site-packages/airflow/example_dags/example_short_circuit_decorator.py
[2023-12-15T12:01:43.645+0000] {logging_mixin.py:154} INFO - [2023-12-15T12:01:43.643+0000] {dag.py:2941} INFO - Sync 1 DAGs
[2023-12-15T12:01:43.757+0000] {logging_mixin.py:154} INFO - [2023-12-15T12:01:43.756+0000] {dag.py:3722} INFO - Setting next_dagrun for example_short_circuit_decorator to 2023-12-14T12:01:43.754794+00:00, run_after=2023-12-15T12:01:43.754794+00:00
[2023-12-15T12:01:43.835+0000] {processor.py:179} INFO - Processing /home/airflow/.local/lib/python3.8/site-packages/airflow/example_dags/example_short_circuit_decorator.py took 0.621 seconds
[2023-12-15T12:02:14.621+0000] {processor.py:157} INFO - Started process (PID=2589) to work on /home/airflow/.local/lib/python3.8/site-packages/airflow/example_dags/example_short_circuit_decorator.py
[2023-12-15T12:02:14.631+0000] {processor.py:829} INFO - Processing file /home/airflow/.local/lib/python3.8/site-packages/airflow/example_dags/example_short_circuit_decorator.py for tasks to queue
[2023-12-15T12:02:14.642+0000] {logging_mixin.py:154} INFO - [2023-12-15T12:02:14.640+0000] {dagbag.py:536} INFO - Filling up the DagBag from /home/airflow/.local/lib/python3.8/site-packages/airflow/example_dags/example_short_circuit_decorator.py
[2023-12-15T12:02:14.718+0000] {processor.py:839} INFO - DAG(s) dict_keys(['example_short_circuit_decorator']) retrieved from /home/airflow/.local/lib/python3.8/site-packages/airflow/example_dags/example_short_circuit_decorator.py
[2023-12-15T12:02:14.815+0000] {logging_mixin.py:154} INFO - [2023-12-15T12:02:14.814+0000] {dag.py:2941} INFO - Sync 1 DAGs
[2023-12-15T12:02:14.868+0000] {logging_mixin.py:154} INFO - [2023-12-15T12:02:14.868+0000] {dag.py:3722} INFO - Setting next_dagrun for example_short_circuit_decorator to 2023-12-14T12:02:14.867705+00:00, run_after=2023-12-15T12:02:14.867705+00:00
[2023-12-15T12:02:14.901+0000] {processor.py:179} INFO - Processing /home/airflow/.local/lib/python3.8/site-packages/airflow/example_dags/example_short_circuit_decorator.py took 0.322 seconds
[2023-12-15T12:02:45.220+0000] {processor.py:157} INFO - Started process (PID=2643) to work on /home/airflow/.local/lib/python3.8/site-packages/airflow/example_dags/example_short_circuit_decorator.py
[2023-12-15T12:02:45.227+0000] {processor.py:829} INFO - Processing file /home/airflow/.local/lib/python3.8/site-packages/airflow/example_dags/example_short_circuit_decorator.py for tasks to queue
[2023-12-15T12:02:45.242+0000] {logging_mixin.py:154} INFO - [2023-12-15T12:02:45.241+0000] {dagbag.py:536} INFO - Filling up the DagBag from /home/airflow/.local/lib/python3.8/site-packages/airflow/example_dags/example_short_circuit_decorator.py
[2023-12-15T12:02:45.276+0000] {processor.py:839} INFO - DAG(s) dict_keys(['example_short_circuit_decorator']) retrieved from /home/airflow/.local/lib/python3.8/site-packages/airflow/example_dags/example_short_circuit_decorator.py
[2023-12-15T12:02:45.373+0000] {logging_mixin.py:154} INFO - [2023-12-15T12:02:45.373+0000] {dag.py:2941} INFO - Sync 1 DAGs
[2023-12-15T12:02:45.434+0000] {logging_mixin.py:154} INFO - [2023-12-15T12:02:45.433+0000] {dag.py:3722} INFO - Setting next_dagrun for example_short_circuit_decorator to 2023-12-14T12:02:45.432998+00:00, run_after=2023-12-15T12:02:45.432998+00:00
[2023-12-15T12:02:45.459+0000] {processor.py:179} INFO - Processing /home/airflow/.local/lib/python3.8/site-packages/airflow/example_dags/example_short_circuit_decorator.py took 0.252 seconds
[2023-12-15T12:03:16.019+0000] {processor.py:157} INFO - Started process (PID=2698) to work on /home/airflow/.local/lib/python3.8/site-packages/airflow/example_dags/example_short_circuit_decorator.py
[2023-12-15T12:03:16.025+0000] {processor.py:829} INFO - Processing file /home/airflow/.local/lib/python3.8/site-packages/airflow/example_dags/example_short_circuit_decorator.py for tasks to queue
[2023-12-15T12:03:16.028+0000] {logging_mixin.py:154} INFO - [2023-12-15T12:03:16.028+0000] {dagbag.py:536} INFO - Filling up the DagBag from /home/airflow/.local/lib/python3.8/site-packages/airflow/example_dags/example_short_circuit_decorator.py
[2023-12-15T12:03:16.176+0000] {processor.py:839} INFO - DAG(s) dict_keys(['example_short_circuit_decorator']) retrieved from /home/airflow/.local/lib/python3.8/site-packages/airflow/example_dags/example_short_circuit_decorator.py
[2023-12-15T12:03:16.579+0000] {logging_mixin.py:154} INFO - [2023-12-15T12:03:16.578+0000] {dag.py:2941} INFO - Sync 1 DAGs
[2023-12-15T12:03:16.685+0000] {logging_mixin.py:154} INFO - [2023-12-15T12:03:16.684+0000] {dag.py:3722} INFO - Setting next_dagrun for example_short_circuit_decorator to 2023-12-14T12:03:16.682310+00:00, run_after=2023-12-15T12:03:16.682310+00:00
[2023-12-15T12:03:16.730+0000] {processor.py:179} INFO - Processing /home/airflow/.local/lib/python3.8/site-packages/airflow/example_dags/example_short_circuit_decorator.py took 0.730 seconds
[2023-12-15T12:03:47.560+0000] {processor.py:157} INFO - Started process (PID=2752) to work on /home/airflow/.local/lib/python3.8/site-packages/airflow/example_dags/example_short_circuit_decorator.py
[2023-12-15T12:03:47.591+0000] {processor.py:829} INFO - Processing file /home/airflow/.local/lib/python3.8/site-packages/airflow/example_dags/example_short_circuit_decorator.py for tasks to queue
[2023-12-15T12:03:47.613+0000] {logging_mixin.py:154} INFO - [2023-12-15T12:03:47.611+0000] {dagbag.py:536} INFO - Filling up the DagBag from /home/airflow/.local/lib/python3.8/site-packages/airflow/example_dags/example_short_circuit_decorator.py
[2023-12-15T12:03:47.668+0000] {processor.py:839} INFO - DAG(s) dict_keys(['example_short_circuit_decorator']) retrieved from /home/airflow/.local/lib/python3.8/site-packages/airflow/example_dags/example_short_circuit_decorator.py
[2023-12-15T12:03:47.841+0000] {logging_mixin.py:154} INFO - [2023-12-15T12:03:47.841+0000] {dag.py:2941} INFO - Sync 1 DAGs
[2023-12-15T12:03:47.912+0000] {logging_mixin.py:154} INFO - [2023-12-15T12:03:47.911+0000] {dag.py:3722} INFO - Setting next_dagrun for example_short_circuit_decorator to 2023-12-14T12:03:47.909180+00:00, run_after=2023-12-15T12:03:47.909180+00:00
[2023-12-15T12:03:47.933+0000] {processor.py:179} INFO - Processing /home/airflow/.local/lib/python3.8/site-packages/airflow/example_dags/example_short_circuit_decorator.py took 0.382 seconds
[2023-12-15T12:04:18.919+0000] {processor.py:157} INFO - Started process (PID=2806) to work on /home/airflow/.local/lib/python3.8/site-packages/airflow/example_dags/example_short_circuit_decorator.py
[2023-12-15T12:04:18.936+0000] {processor.py:829} INFO - Processing file /home/airflow/.local/lib/python3.8/site-packages/airflow/example_dags/example_short_circuit_decorator.py for tasks to queue
[2023-12-15T12:04:18.992+0000] {logging_mixin.py:154} INFO - [2023-12-15T12:04:18.990+0000] {dagbag.py:536} INFO - Filling up the DagBag from /home/airflow/.local/lib/python3.8/site-packages/airflow/example_dags/example_short_circuit_decorator.py
[2023-12-15T12:04:19.102+0000] {processor.py:839} INFO - DAG(s) dict_keys(['example_short_circuit_decorator']) retrieved from /home/airflow/.local/lib/python3.8/site-packages/airflow/example_dags/example_short_circuit_decorator.py
[2023-12-15T12:04:19.485+0000] {logging_mixin.py:154} INFO - [2023-12-15T12:04:19.484+0000] {dag.py:2941} INFO - Sync 1 DAGs
[2023-12-15T12:04:19.599+0000] {logging_mixin.py:154} INFO - [2023-12-15T12:04:19.599+0000] {dag.py:3722} INFO - Setting next_dagrun for example_short_circuit_decorator to 2023-12-14T12:04:19.597415+00:00, run_after=2023-12-15T12:04:19.597415+00:00
[2023-12-15T12:04:19.659+0000] {processor.py:179} INFO - Processing /home/airflow/.local/lib/python3.8/site-packages/airflow/example_dags/example_short_circuit_decorator.py took 0.807 seconds
[2023-12-15T12:04:50.377+0000] {processor.py:157} INFO - Started process (PID=2860) to work on /home/airflow/.local/lib/python3.8/site-packages/airflow/example_dags/example_short_circuit_decorator.py
[2023-12-15T12:04:50.383+0000] {processor.py:829} INFO - Processing file /home/airflow/.local/lib/python3.8/site-packages/airflow/example_dags/example_short_circuit_decorator.py for tasks to queue
[2023-12-15T12:04:50.438+0000] {logging_mixin.py:154} INFO - [2023-12-15T12:04:50.435+0000] {dagbag.py:536} INFO - Filling up the DagBag from /home/airflow/.local/lib/python3.8/site-packages/airflow/example_dags/example_short_circuit_decorator.py
[2023-12-15T12:04:50.481+0000] {processor.py:839} INFO - DAG(s) dict_keys(['example_short_circuit_decorator']) retrieved from /home/airflow/.local/lib/python3.8/site-packages/airflow/example_dags/example_short_circuit_decorator.py
[2023-12-15T12:04:50.578+0000] {logging_mixin.py:154} INFO - [2023-12-15T12:04:50.577+0000] {dag.py:2941} INFO - Sync 1 DAGs
[2023-12-15T12:04:50.659+0000] {logging_mixin.py:154} INFO - [2023-12-15T12:04:50.658+0000] {dag.py:3722} INFO - Setting next_dagrun for example_short_circuit_decorator to 2023-12-14T12:04:50.653978+00:00, run_after=2023-12-15T12:04:50.653978+00:00
[2023-12-15T12:04:50.678+0000] {processor.py:179} INFO - Processing /home/airflow/.local/lib/python3.8/site-packages/airflow/example_dags/example_short_circuit_decorator.py took 0.306 seconds
[2023-12-15T12:05:21.305+0000] {processor.py:157} INFO - Started process (PID=2914) to work on /home/airflow/.local/lib/python3.8/site-packages/airflow/example_dags/example_short_circuit_decorator.py
[2023-12-15T12:05:21.309+0000] {processor.py:829} INFO - Processing file /home/airflow/.local/lib/python3.8/site-packages/airflow/example_dags/example_short_circuit_decorator.py for tasks to queue
[2023-12-15T12:05:21.311+0000] {logging_mixin.py:154} INFO - [2023-12-15T12:05:21.311+0000] {dagbag.py:536} INFO - Filling up the DagBag from /home/airflow/.local/lib/python3.8/site-packages/airflow/example_dags/example_short_circuit_decorator.py
[2023-12-15T12:05:21.330+0000] {processor.py:839} INFO - DAG(s) dict_keys(['example_short_circuit_decorator']) retrieved from /home/airflow/.local/lib/python3.8/site-packages/airflow/example_dags/example_short_circuit_decorator.py
[2023-12-15T12:05:21.400+0000] {logging_mixin.py:154} INFO - [2023-12-15T12:05:21.400+0000] {dag.py:2941} INFO - Sync 1 DAGs
[2023-12-15T12:05:21.451+0000] {logging_mixin.py:154} INFO - [2023-12-15T12:05:21.451+0000] {dag.py:3722} INFO - Setting next_dagrun for example_short_circuit_decorator to 2023-12-14T12:05:21.450743+00:00, run_after=2023-12-15T12:05:21.450743+00:00
[2023-12-15T12:05:21.470+0000] {processor.py:179} INFO - Processing /home/airflow/.local/lib/python3.8/site-packages/airflow/example_dags/example_short_circuit_decorator.py took 0.176 seconds
[2023-12-15T12:05:52.489+0000] {processor.py:157} INFO - Started process (PID=2968) to work on /home/airflow/.local/lib/python3.8/site-packages/airflow/example_dags/example_short_circuit_decorator.py
[2023-12-15T12:05:52.493+0000] {processor.py:829} INFO - Processing file /home/airflow/.local/lib/python3.8/site-packages/airflow/example_dags/example_short_circuit_decorator.py for tasks to queue
[2023-12-15T12:05:52.499+0000] {logging_mixin.py:154} INFO - [2023-12-15T12:05:52.498+0000] {dagbag.py:536} INFO - Filling up the DagBag from /home/airflow/.local/lib/python3.8/site-packages/airflow/example_dags/example_short_circuit_decorator.py
[2023-12-15T12:05:52.517+0000] {processor.py:839} INFO - DAG(s) dict_keys(['example_short_circuit_decorator']) retrieved from /home/airflow/.local/lib/python3.8/site-packages/airflow/example_dags/example_short_circuit_decorator.py
[2023-12-15T12:05:52.639+0000] {logging_mixin.py:154} INFO - [2023-12-15T12:05:52.639+0000] {dag.py:2941} INFO - Sync 1 DAGs
[2023-12-15T12:05:52.699+0000] {logging_mixin.py:154} INFO - [2023-12-15T12:05:52.699+0000] {dag.py:3722} INFO - Setting next_dagrun for example_short_circuit_decorator to 2023-12-14T12:05:52.698404+00:00, run_after=2023-12-15T12:05:52.698404+00:00
[2023-12-15T12:05:52.782+0000] {processor.py:179} INFO - Processing /home/airflow/.local/lib/python3.8/site-packages/airflow/example_dags/example_short_circuit_decorator.py took 0.305 seconds
[2023-12-15T12:06:23.303+0000] {processor.py:157} INFO - Started process (PID=3020) to work on /home/airflow/.local/lib/python3.8/site-packages/airflow/example_dags/example_short_circuit_decorator.py
[2023-12-15T12:06:23.311+0000] {processor.py:829} INFO - Processing file /home/airflow/.local/lib/python3.8/site-packages/airflow/example_dags/example_short_circuit_decorator.py for tasks to queue
[2023-12-15T12:06:23.319+0000] {logging_mixin.py:154} INFO - [2023-12-15T12:06:23.318+0000] {dagbag.py:536} INFO - Filling up the DagBag from /home/airflow/.local/lib/python3.8/site-packages/airflow/example_dags/example_short_circuit_decorator.py
[2023-12-15T12:06:23.395+0000] {processor.py:839} INFO - DAG(s) dict_keys(['example_short_circuit_decorator']) retrieved from /home/airflow/.local/lib/python3.8/site-packages/airflow/example_dags/example_short_circuit_decorator.py
[2023-12-15T12:06:23.589+0000] {logging_mixin.py:154} INFO - [2023-12-15T12:06:23.589+0000] {dag.py:2941} INFO - Sync 1 DAGs
[2023-12-15T12:06:23.669+0000] {logging_mixin.py:154} INFO - [2023-12-15T12:06:23.669+0000] {dag.py:3722} INFO - Setting next_dagrun for example_short_circuit_decorator to 2023-12-14T12:06:23.665228+00:00, run_after=2023-12-15T12:06:23.665228+00:00
[2023-12-15T12:06:23.711+0000] {processor.py:179} INFO - Processing /home/airflow/.local/lib/python3.8/site-packages/airflow/example_dags/example_short_circuit_decorator.py took 0.434 seconds
[2023-12-15T12:06:54.054+0000] {processor.py:157} INFO - Started process (PID=3074) to work on /home/airflow/.local/lib/python3.8/site-packages/airflow/example_dags/example_short_circuit_decorator.py
[2023-12-15T12:06:54.056+0000] {processor.py:829} INFO - Processing file /home/airflow/.local/lib/python3.8/site-packages/airflow/example_dags/example_short_circuit_decorator.py for tasks to queue
[2023-12-15T12:06:54.064+0000] {logging_mixin.py:154} INFO - [2023-12-15T12:06:54.063+0000] {dagbag.py:536} INFO - Filling up the DagBag from /home/airflow/.local/lib/python3.8/site-packages/airflow/example_dags/example_short_circuit_decorator.py
[2023-12-15T12:06:54.083+0000] {processor.py:839} INFO - DAG(s) dict_keys(['example_short_circuit_decorator']) retrieved from /home/airflow/.local/lib/python3.8/site-packages/airflow/example_dags/example_short_circuit_decorator.py
[2023-12-15T12:06:54.131+0000] {logging_mixin.py:154} INFO - [2023-12-15T12:06:54.131+0000] {dag.py:2941} INFO - Sync 1 DAGs
[2023-12-15T12:06:54.212+0000] {logging_mixin.py:154} INFO - [2023-12-15T12:06:54.212+0000] {dag.py:3722} INFO - Setting next_dagrun for example_short_circuit_decorator to 2023-12-14T12:06:54.206868+00:00, run_after=2023-12-15T12:06:54.206868+00:00
[2023-12-15T12:06:54.318+0000] {processor.py:179} INFO - Processing /home/airflow/.local/lib/python3.8/site-packages/airflow/example_dags/example_short_circuit_decorator.py took 0.267 seconds
[2023-12-15T12:07:25.011+0000] {processor.py:157} INFO - Started process (PID=3127) to work on /home/airflow/.local/lib/python3.8/site-packages/airflow/example_dags/example_short_circuit_decorator.py
[2023-12-15T12:07:25.014+0000] {processor.py:829} INFO - Processing file /home/airflow/.local/lib/python3.8/site-packages/airflow/example_dags/example_short_circuit_decorator.py for tasks to queue
[2023-12-15T12:07:25.018+0000] {logging_mixin.py:154} INFO - [2023-12-15T12:07:25.018+0000] {dagbag.py:536} INFO - Filling up the DagBag from /home/airflow/.local/lib/python3.8/site-packages/airflow/example_dags/example_short_circuit_decorator.py
[2023-12-15T12:07:25.049+0000] {processor.py:839} INFO - DAG(s) dict_keys(['example_short_circuit_decorator']) retrieved from /home/airflow/.local/lib/python3.8/site-packages/airflow/example_dags/example_short_circuit_decorator.py
[2023-12-15T12:07:25.097+0000] {logging_mixin.py:154} INFO - [2023-12-15T12:07:25.097+0000] {dag.py:2941} INFO - Sync 1 DAGs
[2023-12-15T12:07:25.152+0000] {logging_mixin.py:154} INFO - [2023-12-15T12:07:25.152+0000] {dag.py:3722} INFO - Setting next_dagrun for example_short_circuit_decorator to 2023-12-14T12:07:25.145919+00:00, run_after=2023-12-15T12:07:25.145919+00:00
[2023-12-15T12:07:25.186+0000] {processor.py:179} INFO - Processing /home/airflow/.local/lib/python3.8/site-packages/airflow/example_dags/example_short_circuit_decorator.py took 0.177 seconds
[2023-12-15T12:07:56.084+0000] {processor.py:157} INFO - Started process (PID=3181) to work on /home/airflow/.local/lib/python3.8/site-packages/airflow/example_dags/example_short_circuit_decorator.py
[2023-12-15T12:07:56.087+0000] {processor.py:829} INFO - Processing file /home/airflow/.local/lib/python3.8/site-packages/airflow/example_dags/example_short_circuit_decorator.py for tasks to queue
[2023-12-15T12:07:56.092+0000] {logging_mixin.py:154} INFO - [2023-12-15T12:07:56.091+0000] {dagbag.py:536} INFO - Filling up the DagBag from /home/airflow/.local/lib/python3.8/site-packages/airflow/example_dags/example_short_circuit_decorator.py
[2023-12-15T12:07:56.126+0000] {processor.py:839} INFO - DAG(s) dict_keys(['example_short_circuit_decorator']) retrieved from /home/airflow/.local/lib/python3.8/site-packages/airflow/example_dags/example_short_circuit_decorator.py
[2023-12-15T12:07:56.267+0000] {logging_mixin.py:154} INFO - [2023-12-15T12:07:56.266+0000] {dag.py:2941} INFO - Sync 1 DAGs
[2023-12-15T12:07:56.338+0000] {logging_mixin.py:154} INFO - [2023-12-15T12:07:56.338+0000] {dag.py:3722} INFO - Setting next_dagrun for example_short_circuit_decorator to 2023-12-14T12:07:56.337097+00:00, run_after=2023-12-15T12:07:56.337097+00:00
[2023-12-15T12:07:56.371+0000] {processor.py:179} INFO - Processing /home/airflow/.local/lib/python3.8/site-packages/airflow/example_dags/example_short_circuit_decorator.py took 0.301 seconds
[2023-12-15T12:08:27.266+0000] {processor.py:157} INFO - Started process (PID=3236) to work on /home/airflow/.local/lib/python3.8/site-packages/airflow/example_dags/example_short_circuit_decorator.py
[2023-12-15T12:08:27.270+0000] {processor.py:829} INFO - Processing file /home/airflow/.local/lib/python3.8/site-packages/airflow/example_dags/example_short_circuit_decorator.py for tasks to queue
[2023-12-15T12:08:27.272+0000] {logging_mixin.py:154} INFO - [2023-12-15T12:08:27.272+0000] {dagbag.py:536} INFO - Filling up the DagBag from /home/airflow/.local/lib/python3.8/site-packages/airflow/example_dags/example_short_circuit_decorator.py
[2023-12-15T12:08:27.290+0000] {processor.py:839} INFO - DAG(s) dict_keys(['example_short_circuit_decorator']) retrieved from /home/airflow/.local/lib/python3.8/site-packages/airflow/example_dags/example_short_circuit_decorator.py
[2023-12-15T12:08:27.318+0000] {logging_mixin.py:154} INFO - [2023-12-15T12:08:27.318+0000] {dag.py:2941} INFO - Sync 1 DAGs
[2023-12-15T12:08:27.354+0000] {logging_mixin.py:154} INFO - [2023-12-15T12:08:27.353+0000] {dag.py:3722} INFO - Setting next_dagrun for example_short_circuit_decorator to 2023-12-14T12:08:27.353430+00:00, run_after=2023-12-15T12:08:27.353430+00:00
[2023-12-15T12:08:27.368+0000] {processor.py:179} INFO - Processing /home/airflow/.local/lib/python3.8/site-packages/airflow/example_dags/example_short_circuit_decorator.py took 0.106 seconds
[2023-12-15T12:08:59.340+0000] {processor.py:157} INFO - Started process (PID=3286) to work on /home/airflow/.local/lib/python3.8/site-packages/airflow/example_dags/example_short_circuit_decorator.py
[2023-12-15T12:08:59.344+0000] {processor.py:829} INFO - Processing file /home/airflow/.local/lib/python3.8/site-packages/airflow/example_dags/example_short_circuit_decorator.py for tasks to queue
[2023-12-15T12:08:59.348+0000] {logging_mixin.py:154} INFO - [2023-12-15T12:08:59.348+0000] {dagbag.py:536} INFO - Filling up the DagBag from /home/airflow/.local/lib/python3.8/site-packages/airflow/example_dags/example_short_circuit_decorator.py
[2023-12-15T12:08:59.371+0000] {processor.py:839} INFO - DAG(s) dict_keys(['example_short_circuit_decorator']) retrieved from /home/airflow/.local/lib/python3.8/site-packages/airflow/example_dags/example_short_circuit_decorator.py
[2023-12-15T12:08:59.558+0000] {logging_mixin.py:154} INFO - [2023-12-15T12:08:59.558+0000] {dag.py:2941} INFO - Sync 1 DAGs
[2023-12-15T12:08:59.690+0000] {logging_mixin.py:154} INFO - [2023-12-15T12:08:59.690+0000] {dag.py:3722} INFO - Setting next_dagrun for example_short_circuit_decorator to 2023-12-14T12:08:59.690140+00:00, run_after=2023-12-15T12:08:59.690140+00:00
[2023-12-15T12:08:59.718+0000] {processor.py:179} INFO - Processing /home/airflow/.local/lib/python3.8/site-packages/airflow/example_dags/example_short_circuit_decorator.py took 0.384 seconds
[2023-12-15T12:09:30.238+0000] {processor.py:157} INFO - Started process (PID=3340) to work on /home/airflow/.local/lib/python3.8/site-packages/airflow/example_dags/example_short_circuit_decorator.py
[2023-12-15T12:09:30.243+0000] {processor.py:829} INFO - Processing file /home/airflow/.local/lib/python3.8/site-packages/airflow/example_dags/example_short_circuit_decorator.py for tasks to queue
[2023-12-15T12:09:30.248+0000] {logging_mixin.py:154} INFO - [2023-12-15T12:09:30.247+0000] {dagbag.py:536} INFO - Filling up the DagBag from /home/airflow/.local/lib/python3.8/site-packages/airflow/example_dags/example_short_circuit_decorator.py
[2023-12-15T12:09:30.259+0000] {processor.py:839} INFO - DAG(s) dict_keys(['example_short_circuit_decorator']) retrieved from /home/airflow/.local/lib/python3.8/site-packages/airflow/example_dags/example_short_circuit_decorator.py
[2023-12-15T12:09:30.336+0000] {logging_mixin.py:154} INFO - [2023-12-15T12:09:30.335+0000] {dag.py:2941} INFO - Sync 1 DAGs
[2023-12-15T12:09:30.407+0000] {logging_mixin.py:154} INFO - [2023-12-15T12:09:30.406+0000] {dag.py:3722} INFO - Setting next_dagrun for example_short_circuit_decorator to 2023-12-14T12:09:30.400964+00:00, run_after=2023-12-15T12:09:30.400964+00:00
[2023-12-15T12:09:30.531+0000] {processor.py:179} INFO - Processing /home/airflow/.local/lib/python3.8/site-packages/airflow/example_dags/example_short_circuit_decorator.py took 0.299 seconds
[2023-12-15T12:10:01.183+0000] {processor.py:157} INFO - Started process (PID=3394) to work on /home/airflow/.local/lib/python3.8/site-packages/airflow/example_dags/example_short_circuit_decorator.py
[2023-12-15T12:10:01.190+0000] {processor.py:829} INFO - Processing file /home/airflow/.local/lib/python3.8/site-packages/airflow/example_dags/example_short_circuit_decorator.py for tasks to queue
[2023-12-15T12:10:01.194+0000] {logging_mixin.py:154} INFO - [2023-12-15T12:10:01.193+0000] {dagbag.py:536} INFO - Filling up the DagBag from /home/airflow/.local/lib/python3.8/site-packages/airflow/example_dags/example_short_circuit_decorator.py
[2023-12-15T12:10:01.212+0000] {processor.py:839} INFO - DAG(s) dict_keys(['example_short_circuit_decorator']) retrieved from /home/airflow/.local/lib/python3.8/site-packages/airflow/example_dags/example_short_circuit_decorator.py
[2023-12-15T12:10:01.258+0000] {logging_mixin.py:154} INFO - [2023-12-15T12:10:01.258+0000] {dag.py:2941} INFO - Sync 1 DAGs
[2023-12-15T12:10:01.291+0000] {logging_mixin.py:154} INFO - [2023-12-15T12:10:01.291+0000] {dag.py:3722} INFO - Setting next_dagrun for example_short_circuit_decorator to 2023-12-14T12:10:01.285619+00:00, run_after=2023-12-15T12:10:01.285619+00:00
[2023-12-15T12:10:01.338+0000] {processor.py:179} INFO - Processing /home/airflow/.local/lib/python3.8/site-packages/airflow/example_dags/example_short_circuit_decorator.py took 0.160 seconds
