[2023-12-15T11:36:54.218+0000] {processor.py:157} INFO - Started process (PID=47) to work on /home/airflow/.local/lib/python3.8/site-packages/airflow/example_dags/example_short_circuit_operator.py
[2023-12-15T11:36:54.222+0000] {processor.py:829} INFO - Processing file /home/airflow/.local/lib/python3.8/site-packages/airflow/example_dags/example_short_circuit_operator.py for tasks to queue
[2023-12-15T11:36:54.227+0000] {logging_mixin.py:154} INFO - [2023-12-15T11:36:54.227+0000] {dagbag.py:536} INFO - Filling up the DagBag from /home/airflow/.local/lib/python3.8/site-packages/airflow/example_dags/example_short_circuit_operator.py
[2023-12-15T11:36:54.239+0000] {processor.py:839} INFO - DAG(s) dict_keys(['example_short_circuit_operator']) retrieved from /home/airflow/.local/lib/python3.8/site-packages/airflow/example_dags/example_short_circuit_operator.py
[2023-12-15T11:36:54.276+0000] {logging_mixin.py:154} INFO - [2023-12-15T11:36:54.276+0000] {dag.py:2941} INFO - Sync 1 DAGs
[2023-12-15T11:36:54.317+0000] {logging_mixin.py:154} INFO - [2023-12-15T11:36:54.317+0000] {dag.py:3722} INFO - Setting next_dagrun for example_short_circuit_operator to 2023-12-14T11:36:54.317034+00:00, run_after=2023-12-15T11:36:54.317034+00:00
[2023-12-15T11:36:54.359+0000] {processor.py:179} INFO - Processing /home/airflow/.local/lib/python3.8/site-packages/airflow/example_dags/example_short_circuit_operator.py took 0.146 seconds
[2023-12-15T11:37:25.817+0000] {processor.py:157} INFO - Started process (PID=101) to work on /home/airflow/.local/lib/python3.8/site-packages/airflow/example_dags/example_short_circuit_operator.py
[2023-12-15T11:37:25.818+0000] {processor.py:829} INFO - Processing file /home/airflow/.local/lib/python3.8/site-packages/airflow/example_dags/example_short_circuit_operator.py for tasks to queue
[2023-12-15T11:37:25.819+0000] {logging_mixin.py:154} INFO - [2023-12-15T11:37:25.819+0000] {dagbag.py:536} INFO - Filling up the DagBag from /home/airflow/.local/lib/python3.8/site-packages/airflow/example_dags/example_short_circuit_operator.py
[2023-12-15T11:37:25.826+0000] {processor.py:839} INFO - DAG(s) dict_keys(['example_short_circuit_operator']) retrieved from /home/airflow/.local/lib/python3.8/site-packages/airflow/example_dags/example_short_circuit_operator.py
[2023-12-15T11:37:25.840+0000] {logging_mixin.py:154} INFO - [2023-12-15T11:37:25.840+0000] {dag.py:2941} INFO - Sync 1 DAGs
[2023-12-15T11:37:25.852+0000] {logging_mixin.py:154} INFO - [2023-12-15T11:37:25.852+0000] {dag.py:3722} INFO - Setting next_dagrun for example_short_circuit_operator to 2023-12-14T11:37:25.852660+00:00, run_after=2023-12-15T11:37:25.852660+00:00
[2023-12-15T11:37:25.861+0000] {processor.py:179} INFO - Processing /home/airflow/.local/lib/python3.8/site-packages/airflow/example_dags/example_short_circuit_operator.py took 0.046 seconds
[2023-12-15T11:37:56.794+0000] {processor.py:157} INFO - Started process (PID=155) to work on /home/airflow/.local/lib/python3.8/site-packages/airflow/example_dags/example_short_circuit_operator.py
[2023-12-15T11:37:56.795+0000] {processor.py:829} INFO - Processing file /home/airflow/.local/lib/python3.8/site-packages/airflow/example_dags/example_short_circuit_operator.py for tasks to queue
[2023-12-15T11:37:56.799+0000] {logging_mixin.py:154} INFO - [2023-12-15T11:37:56.799+0000] {dagbag.py:536} INFO - Filling up the DagBag from /home/airflow/.local/lib/python3.8/site-packages/airflow/example_dags/example_short_circuit_operator.py
[2023-12-15T11:37:56.809+0000] {processor.py:839} INFO - DAG(s) dict_keys(['example_short_circuit_operator']) retrieved from /home/airflow/.local/lib/python3.8/site-packages/airflow/example_dags/example_short_circuit_operator.py
[2023-12-15T11:37:56.839+0000] {logging_mixin.py:154} INFO - [2023-12-15T11:37:56.839+0000] {dag.py:2941} INFO - Sync 1 DAGs
[2023-12-15T11:37:56.863+0000] {logging_mixin.py:154} INFO - [2023-12-15T11:37:56.863+0000] {dag.py:3722} INFO - Setting next_dagrun for example_short_circuit_operator to 2023-12-14T11:37:56.863089+00:00, run_after=2023-12-15T11:37:56.863089+00:00
[2023-12-15T11:37:56.883+0000] {processor.py:179} INFO - Processing /home/airflow/.local/lib/python3.8/site-packages/airflow/example_dags/example_short_circuit_operator.py took 0.092 seconds
[2023-12-15T11:38:27.994+0000] {processor.py:157} INFO - Started process (PID=209) to work on /home/airflow/.local/lib/python3.8/site-packages/airflow/example_dags/example_short_circuit_operator.py
[2023-12-15T11:38:27.996+0000] {processor.py:829} INFO - Processing file /home/airflow/.local/lib/python3.8/site-packages/airflow/example_dags/example_short_circuit_operator.py for tasks to queue
[2023-12-15T11:38:28.005+0000] {logging_mixin.py:154} INFO - [2023-12-15T11:38:28.004+0000] {dagbag.py:536} INFO - Filling up the DagBag from /home/airflow/.local/lib/python3.8/site-packages/airflow/example_dags/example_short_circuit_operator.py
[2023-12-15T11:38:28.022+0000] {processor.py:839} INFO - DAG(s) dict_keys(['example_short_circuit_operator']) retrieved from /home/airflow/.local/lib/python3.8/site-packages/airflow/example_dags/example_short_circuit_operator.py
[2023-12-15T11:38:28.091+0000] {logging_mixin.py:154} INFO - [2023-12-15T11:38:28.091+0000] {dag.py:2941} INFO - Sync 1 DAGs
[2023-12-15T11:38:28.147+0000] {logging_mixin.py:154} INFO - [2023-12-15T11:38:28.146+0000] {dag.py:3722} INFO - Setting next_dagrun for example_short_circuit_operator to 2023-12-14T11:38:28.144783+00:00, run_after=2023-12-15T11:38:28.144783+00:00
[2023-12-15T11:38:28.165+0000] {processor.py:179} INFO - Processing /home/airflow/.local/lib/python3.8/site-packages/airflow/example_dags/example_short_circuit_operator.py took 0.182 seconds
[2023-12-15T11:39:02.351+0000] {processor.py:157} INFO - Started process (PID=269) to work on /home/airflow/.local/lib/python3.8/site-packages/airflow/example_dags/example_short_circuit_operator.py
[2023-12-15T11:39:02.359+0000] {processor.py:829} INFO - Processing file /home/airflow/.local/lib/python3.8/site-packages/airflow/example_dags/example_short_circuit_operator.py for tasks to queue
[2023-12-15T11:39:02.376+0000] {logging_mixin.py:154} INFO - [2023-12-15T11:39:02.375+0000] {dagbag.py:536} INFO - Filling up the DagBag from /home/airflow/.local/lib/python3.8/site-packages/airflow/example_dags/example_short_circuit_operator.py
[2023-12-15T11:39:02.405+0000] {processor.py:839} INFO - DAG(s) dict_keys(['example_short_circuit_operator']) retrieved from /home/airflow/.local/lib/python3.8/site-packages/airflow/example_dags/example_short_circuit_operator.py
[2023-12-15T11:39:02.511+0000] {logging_mixin.py:154} INFO - [2023-12-15T11:39:02.511+0000] {dag.py:2941} INFO - Sync 1 DAGs
[2023-12-15T11:39:02.577+0000] {logging_mixin.py:154} INFO - [2023-12-15T11:39:02.576+0000] {dag.py:3722} INFO - Setting next_dagrun for example_short_circuit_operator to 2023-12-14T11:39:02.566165+00:00, run_after=2023-12-15T11:39:02.566165+00:00
[2023-12-15T11:39:02.604+0000] {processor.py:179} INFO - Processing /home/airflow/.local/lib/python3.8/site-packages/airflow/example_dags/example_short_circuit_operator.py took 0.275 seconds
[2023-12-15T11:39:36.550+0000] {processor.py:157} INFO - Started process (PID=321) to work on /home/airflow/.local/lib/python3.8/site-packages/airflow/example_dags/example_short_circuit_operator.py
[2023-12-15T11:39:36.569+0000] {processor.py:829} INFO - Processing file /home/airflow/.local/lib/python3.8/site-packages/airflow/example_dags/example_short_circuit_operator.py for tasks to queue
[2023-12-15T11:39:36.575+0000] {logging_mixin.py:154} INFO - [2023-12-15T11:39:36.574+0000] {dagbag.py:536} INFO - Filling up the DagBag from /home/airflow/.local/lib/python3.8/site-packages/airflow/example_dags/example_short_circuit_operator.py
[2023-12-15T11:39:36.602+0000] {processor.py:839} INFO - DAG(s) dict_keys(['example_short_circuit_operator']) retrieved from /home/airflow/.local/lib/python3.8/site-packages/airflow/example_dags/example_short_circuit_operator.py
[2023-12-15T11:39:36.701+0000] {logging_mixin.py:154} INFO - [2023-12-15T11:39:36.701+0000] {dag.py:2941} INFO - Sync 1 DAGs
[2023-12-15T11:39:36.747+0000] {logging_mixin.py:154} INFO - [2023-12-15T11:39:36.746+0000] {dag.py:3722} INFO - Setting next_dagrun for example_short_circuit_operator to 2023-12-14T11:39:36.746578+00:00, run_after=2023-12-15T11:39:36.746578+00:00
[2023-12-15T11:39:36.759+0000] {processor.py:179} INFO - Processing /home/airflow/.local/lib/python3.8/site-packages/airflow/example_dags/example_short_circuit_operator.py took 0.225 seconds
[2023-12-15T11:40:07.608+0000] {processor.py:157} INFO - Started process (PID=375) to work on /home/airflow/.local/lib/python3.8/site-packages/airflow/example_dags/example_short_circuit_operator.py
[2023-12-15T11:40:07.626+0000] {processor.py:829} INFO - Processing file /home/airflow/.local/lib/python3.8/site-packages/airflow/example_dags/example_short_circuit_operator.py for tasks to queue
[2023-12-15T11:40:07.646+0000] {logging_mixin.py:154} INFO - [2023-12-15T11:40:07.645+0000] {dagbag.py:536} INFO - Filling up the DagBag from /home/airflow/.local/lib/python3.8/site-packages/airflow/example_dags/example_short_circuit_operator.py
[2023-12-15T11:40:07.728+0000] {processor.py:839} INFO - DAG(s) dict_keys(['example_short_circuit_operator']) retrieved from /home/airflow/.local/lib/python3.8/site-packages/airflow/example_dags/example_short_circuit_operator.py
[2023-12-15T11:40:07.956+0000] {logging_mixin.py:154} INFO - [2023-12-15T11:40:07.955+0000] {dag.py:2941} INFO - Sync 1 DAGs
[2023-12-15T11:40:08.026+0000] {logging_mixin.py:154} INFO - [2023-12-15T11:40:08.026+0000] {dag.py:3722} INFO - Setting next_dagrun for example_short_circuit_operator to 2023-12-14T11:40:08.021009+00:00, run_after=2023-12-15T11:40:08.021009+00:00
[2023-12-15T11:40:08.121+0000] {processor.py:179} INFO - Processing /home/airflow/.local/lib/python3.8/site-packages/airflow/example_dags/example_short_circuit_operator.py took 0.518 seconds
[2023-12-15T11:40:38.849+0000] {processor.py:157} INFO - Started process (PID=429) to work on /home/airflow/.local/lib/python3.8/site-packages/airflow/example_dags/example_short_circuit_operator.py
[2023-12-15T11:40:38.854+0000] {processor.py:829} INFO - Processing file /home/airflow/.local/lib/python3.8/site-packages/airflow/example_dags/example_short_circuit_operator.py for tasks to queue
[2023-12-15T11:40:38.881+0000] {logging_mixin.py:154} INFO - [2023-12-15T11:40:38.879+0000] {dagbag.py:536} INFO - Filling up the DagBag from /home/airflow/.local/lib/python3.8/site-packages/airflow/example_dags/example_short_circuit_operator.py
[2023-12-15T11:40:38.913+0000] {processor.py:839} INFO - DAG(s) dict_keys(['example_short_circuit_operator']) retrieved from /home/airflow/.local/lib/python3.8/site-packages/airflow/example_dags/example_short_circuit_operator.py
[2023-12-15T11:40:39.057+0000] {logging_mixin.py:154} INFO - [2023-12-15T11:40:39.057+0000] {dag.py:2941} INFO - Sync 1 DAGs
[2023-12-15T11:40:39.133+0000] {logging_mixin.py:154} INFO - [2023-12-15T11:40:39.133+0000] {dag.py:3722} INFO - Setting next_dagrun for example_short_circuit_operator to 2023-12-14T11:40:39.130974+00:00, run_after=2023-12-15T11:40:39.130974+00:00
[2023-12-15T11:40:39.162+0000] {processor.py:179} INFO - Processing /home/airflow/.local/lib/python3.8/site-packages/airflow/example_dags/example_short_circuit_operator.py took 0.339 seconds
[2023-12-15T11:41:09.396+0000] {processor.py:157} INFO - Started process (PID=483) to work on /home/airflow/.local/lib/python3.8/site-packages/airflow/example_dags/example_short_circuit_operator.py
[2023-12-15T11:41:09.401+0000] {processor.py:829} INFO - Processing file /home/airflow/.local/lib/python3.8/site-packages/airflow/example_dags/example_short_circuit_operator.py for tasks to queue
[2023-12-15T11:41:09.413+0000] {logging_mixin.py:154} INFO - [2023-12-15T11:41:09.411+0000] {dagbag.py:536} INFO - Filling up the DagBag from /home/airflow/.local/lib/python3.8/site-packages/airflow/example_dags/example_short_circuit_operator.py
[2023-12-15T11:41:09.468+0000] {processor.py:839} INFO - DAG(s) dict_keys(['example_short_circuit_operator']) retrieved from /home/airflow/.local/lib/python3.8/site-packages/airflow/example_dags/example_short_circuit_operator.py
[2023-12-15T11:41:09.557+0000] {logging_mixin.py:154} INFO - [2023-12-15T11:41:09.556+0000] {dag.py:2941} INFO - Sync 1 DAGs
[2023-12-15T11:41:09.636+0000] {logging_mixin.py:154} INFO - [2023-12-15T11:41:09.636+0000] {dag.py:3722} INFO - Setting next_dagrun for example_short_circuit_operator to 2023-12-14T11:41:09.635353+00:00, run_after=2023-12-15T11:41:09.635353+00:00
[2023-12-15T11:41:09.674+0000] {processor.py:179} INFO - Processing /home/airflow/.local/lib/python3.8/site-packages/airflow/example_dags/example_short_circuit_operator.py took 0.299 seconds
[2023-12-15T11:41:47.999+0000] {processor.py:157} INFO - Started process (PID=537) to work on /home/airflow/.local/lib/python3.8/site-packages/airflow/example_dags/example_short_circuit_operator.py
[2023-12-15T11:41:48.004+0000] {processor.py:829} INFO - Processing file /home/airflow/.local/lib/python3.8/site-packages/airflow/example_dags/example_short_circuit_operator.py for tasks to queue
[2023-12-15T11:41:48.008+0000] {logging_mixin.py:154} INFO - [2023-12-15T11:41:48.007+0000] {dagbag.py:536} INFO - Filling up the DagBag from /home/airflow/.local/lib/python3.8/site-packages/airflow/example_dags/example_short_circuit_operator.py
[2023-12-15T11:41:48.027+0000] {processor.py:839} INFO - DAG(s) dict_keys(['example_short_circuit_operator']) retrieved from /home/airflow/.local/lib/python3.8/site-packages/airflow/example_dags/example_short_circuit_operator.py
[2023-12-15T11:41:48.085+0000] {logging_mixin.py:154} INFO - [2023-12-15T11:41:48.085+0000] {dag.py:2941} INFO - Sync 1 DAGs
[2023-12-15T11:41:48.110+0000] {logging_mixin.py:154} INFO - [2023-12-15T11:41:48.109+0000] {dag.py:3722} INFO - Setting next_dagrun for example_short_circuit_operator to 2023-12-14T11:41:48.108887+00:00, run_after=2023-12-15T11:41:48.108887+00:00
[2023-12-15T11:41:48.130+0000] {processor.py:179} INFO - Processing /home/airflow/.local/lib/python3.8/site-packages/airflow/example_dags/example_short_circuit_operator.py took 0.136 seconds
[2023-12-15T11:42:20.341+0000] {processor.py:157} INFO - Started process (PID=592) to work on /home/airflow/.local/lib/python3.8/site-packages/airflow/example_dags/example_short_circuit_operator.py
[2023-12-15T11:42:20.344+0000] {processor.py:829} INFO - Processing file /home/airflow/.local/lib/python3.8/site-packages/airflow/example_dags/example_short_circuit_operator.py for tasks to queue
[2023-12-15T11:42:20.349+0000] {logging_mixin.py:154} INFO - [2023-12-15T11:42:20.348+0000] {dagbag.py:536} INFO - Filling up the DagBag from /home/airflow/.local/lib/python3.8/site-packages/airflow/example_dags/example_short_circuit_operator.py
[2023-12-15T11:42:20.365+0000] {processor.py:839} INFO - DAG(s) dict_keys(['example_short_circuit_operator']) retrieved from /home/airflow/.local/lib/python3.8/site-packages/airflow/example_dags/example_short_circuit_operator.py
[2023-12-15T11:42:20.433+0000] {logging_mixin.py:154} INFO - [2023-12-15T11:42:20.432+0000] {dag.py:2941} INFO - Sync 1 DAGs
[2023-12-15T11:42:20.475+0000] {logging_mixin.py:154} INFO - [2023-12-15T11:42:20.475+0000] {dag.py:3722} INFO - Setting next_dagrun for example_short_circuit_operator to 2023-12-14T11:42:20.474862+00:00, run_after=2023-12-15T11:42:20.474862+00:00
[2023-12-15T11:42:20.527+0000] {processor.py:179} INFO - Processing /home/airflow/.local/lib/python3.8/site-packages/airflow/example_dags/example_short_circuit_operator.py took 0.190 seconds
[2023-12-15T11:43:01.481+0000] {processor.py:157} INFO - Started process (PID=647) to work on /home/airflow/.local/lib/python3.8/site-packages/airflow/example_dags/example_short_circuit_operator.py
[2023-12-15T11:43:01.485+0000] {processor.py:829} INFO - Processing file /home/airflow/.local/lib/python3.8/site-packages/airflow/example_dags/example_short_circuit_operator.py for tasks to queue
[2023-12-15T11:43:01.489+0000] {logging_mixin.py:154} INFO - [2023-12-15T11:43:01.489+0000] {dagbag.py:536} INFO - Filling up the DagBag from /home/airflow/.local/lib/python3.8/site-packages/airflow/example_dags/example_short_circuit_operator.py
[2023-12-15T11:43:01.510+0000] {processor.py:839} INFO - DAG(s) dict_keys(['example_short_circuit_operator']) retrieved from /home/airflow/.local/lib/python3.8/site-packages/airflow/example_dags/example_short_circuit_operator.py
[2023-12-15T11:43:01.616+0000] {logging_mixin.py:154} INFO - [2023-12-15T11:43:01.615+0000] {dag.py:2941} INFO - Sync 1 DAGs
[2023-12-15T11:43:01.654+0000] {logging_mixin.py:154} INFO - [2023-12-15T11:43:01.653+0000] {dag.py:3722} INFO - Setting next_dagrun for example_short_circuit_operator to 2023-12-14T11:43:01.653315+00:00, run_after=2023-12-15T11:43:01.653315+00:00
[2023-12-15T11:43:01.682+0000] {processor.py:179} INFO - Processing /home/airflow/.local/lib/python3.8/site-packages/airflow/example_dags/example_short_circuit_operator.py took 0.208 seconds
[2023-12-15T11:43:31.770+0000] {processor.py:157} INFO - Started process (PID=699) to work on /home/airflow/.local/lib/python3.8/site-packages/airflow/example_dags/example_short_circuit_operator.py
[2023-12-15T11:43:31.780+0000] {processor.py:829} INFO - Processing file /home/airflow/.local/lib/python3.8/site-packages/airflow/example_dags/example_short_circuit_operator.py for tasks to queue
[2023-12-15T11:43:31.784+0000] {logging_mixin.py:154} INFO - [2023-12-15T11:43:31.784+0000] {dagbag.py:536} INFO - Filling up the DagBag from /home/airflow/.local/lib/python3.8/site-packages/airflow/example_dags/example_short_circuit_operator.py
[2023-12-15T11:43:31.804+0000] {processor.py:839} INFO - DAG(s) dict_keys(['example_short_circuit_operator']) retrieved from /home/airflow/.local/lib/python3.8/site-packages/airflow/example_dags/example_short_circuit_operator.py
[2023-12-15T11:43:31.992+0000] {logging_mixin.py:154} INFO - [2023-12-15T11:43:31.992+0000] {dag.py:2941} INFO - Sync 1 DAGs
[2023-12-15T11:43:32.056+0000] {logging_mixin.py:154} INFO - [2023-12-15T11:43:32.055+0000] {dag.py:3722} INFO - Setting next_dagrun for example_short_circuit_operator to 2023-12-14T11:43:32.055333+00:00, run_after=2023-12-15T11:43:32.055333+00:00
[2023-12-15T11:43:32.094+0000] {processor.py:179} INFO - Processing /home/airflow/.local/lib/python3.8/site-packages/airflow/example_dags/example_short_circuit_operator.py took 0.328 seconds
[2023-12-15T11:44:04.006+0000] {processor.py:157} INFO - Started process (PID=752) to work on /home/airflow/.local/lib/python3.8/site-packages/airflow/example_dags/example_short_circuit_operator.py
[2023-12-15T11:44:04.014+0000] {processor.py:829} INFO - Processing file /home/airflow/.local/lib/python3.8/site-packages/airflow/example_dags/example_short_circuit_operator.py for tasks to queue
[2023-12-15T11:44:04.018+0000] {logging_mixin.py:154} INFO - [2023-12-15T11:44:04.017+0000] {dagbag.py:536} INFO - Filling up the DagBag from /home/airflow/.local/lib/python3.8/site-packages/airflow/example_dags/example_short_circuit_operator.py
[2023-12-15T11:44:04.071+0000] {processor.py:839} INFO - DAG(s) dict_keys(['example_short_circuit_operator']) retrieved from /home/airflow/.local/lib/python3.8/site-packages/airflow/example_dags/example_short_circuit_operator.py
[2023-12-15T11:44:04.230+0000] {logging_mixin.py:154} INFO - [2023-12-15T11:44:04.230+0000] {dag.py:2941} INFO - Sync 1 DAGs
[2023-12-15T11:44:04.302+0000] {logging_mixin.py:154} INFO - [2023-12-15T11:44:04.301+0000] {dag.py:3722} INFO - Setting next_dagrun for example_short_circuit_operator to 2023-12-14T11:44:04.298449+00:00, run_after=2023-12-15T11:44:04.298449+00:00
[2023-12-15T11:44:04.422+0000] {processor.py:179} INFO - Processing /home/airflow/.local/lib/python3.8/site-packages/airflow/example_dags/example_short_circuit_operator.py took 0.435 seconds
[2023-12-15T11:44:35.262+0000] {processor.py:157} INFO - Started process (PID=806) to work on /home/airflow/.local/lib/python3.8/site-packages/airflow/example_dags/example_short_circuit_operator.py
[2023-12-15T11:44:35.276+0000] {processor.py:829} INFO - Processing file /home/airflow/.local/lib/python3.8/site-packages/airflow/example_dags/example_short_circuit_operator.py for tasks to queue
[2023-12-15T11:44:35.285+0000] {logging_mixin.py:154} INFO - [2023-12-15T11:44:35.284+0000] {dagbag.py:536} INFO - Filling up the DagBag from /home/airflow/.local/lib/python3.8/site-packages/airflow/example_dags/example_short_circuit_operator.py
[2023-12-15T11:44:35.345+0000] {processor.py:839} INFO - DAG(s) dict_keys(['example_short_circuit_operator']) retrieved from /home/airflow/.local/lib/python3.8/site-packages/airflow/example_dags/example_short_circuit_operator.py
[2023-12-15T11:44:35.573+0000] {logging_mixin.py:154} INFO - [2023-12-15T11:44:35.573+0000] {dag.py:2941} INFO - Sync 1 DAGs
[2023-12-15T11:44:35.610+0000] {logging_mixin.py:154} INFO - [2023-12-15T11:44:35.609+0000] {dag.py:3722} INFO - Setting next_dagrun for example_short_circuit_operator to 2023-12-14T11:44:35.608572+00:00, run_after=2023-12-15T11:44:35.608572+00:00
[2023-12-15T11:44:35.813+0000] {processor.py:179} INFO - Processing /home/airflow/.local/lib/python3.8/site-packages/airflow/example_dags/example_short_circuit_operator.py took 0.576 seconds
[2023-12-15T11:45:06.119+0000] {processor.py:157} INFO - Started process (PID=860) to work on /home/airflow/.local/lib/python3.8/site-packages/airflow/example_dags/example_short_circuit_operator.py
[2023-12-15T11:45:06.128+0000] {processor.py:829} INFO - Processing file /home/airflow/.local/lib/python3.8/site-packages/airflow/example_dags/example_short_circuit_operator.py for tasks to queue
[2023-12-15T11:45:06.142+0000] {logging_mixin.py:154} INFO - [2023-12-15T11:45:06.139+0000] {dagbag.py:536} INFO - Filling up the DagBag from /home/airflow/.local/lib/python3.8/site-packages/airflow/example_dags/example_short_circuit_operator.py
[2023-12-15T11:45:06.176+0000] {processor.py:839} INFO - DAG(s) dict_keys(['example_short_circuit_operator']) retrieved from /home/airflow/.local/lib/python3.8/site-packages/airflow/example_dags/example_short_circuit_operator.py
[2023-12-15T11:45:06.239+0000] {logging_mixin.py:154} INFO - [2023-12-15T11:45:06.239+0000] {dag.py:2941} INFO - Sync 1 DAGs
[2023-12-15T11:45:06.294+0000] {logging_mixin.py:154} INFO - [2023-12-15T11:45:06.294+0000] {dag.py:3722} INFO - Setting next_dagrun for example_short_circuit_operator to 2023-12-14T11:45:06.288656+00:00, run_after=2023-12-15T11:45:06.288656+00:00
[2023-12-15T11:45:06.334+0000] {processor.py:179} INFO - Processing /home/airflow/.local/lib/python3.8/site-packages/airflow/example_dags/example_short_circuit_operator.py took 0.245 seconds
[2023-12-15T11:45:36.851+0000] {processor.py:157} INFO - Started process (PID=914) to work on /home/airflow/.local/lib/python3.8/site-packages/airflow/example_dags/example_short_circuit_operator.py
[2023-12-15T11:45:36.856+0000] {processor.py:829} INFO - Processing file /home/airflow/.local/lib/python3.8/site-packages/airflow/example_dags/example_short_circuit_operator.py for tasks to queue
[2023-12-15T11:45:36.860+0000] {logging_mixin.py:154} INFO - [2023-12-15T11:45:36.859+0000] {dagbag.py:536} INFO - Filling up the DagBag from /home/airflow/.local/lib/python3.8/site-packages/airflow/example_dags/example_short_circuit_operator.py
[2023-12-15T11:45:36.877+0000] {processor.py:839} INFO - DAG(s) dict_keys(['example_short_circuit_operator']) retrieved from /home/airflow/.local/lib/python3.8/site-packages/airflow/example_dags/example_short_circuit_operator.py
[2023-12-15T11:45:36.924+0000] {logging_mixin.py:154} INFO - [2023-12-15T11:45:36.924+0000] {dag.py:2941} INFO - Sync 1 DAGs
[2023-12-15T11:45:36.951+0000] {logging_mixin.py:154} INFO - [2023-12-15T11:45:36.951+0000] {dag.py:3722} INFO - Setting next_dagrun for example_short_circuit_operator to 2023-12-14T11:45:36.949552+00:00, run_after=2023-12-15T11:45:36.949552+00:00
[2023-12-15T11:45:36.974+0000] {processor.py:179} INFO - Processing /home/airflow/.local/lib/python3.8/site-packages/airflow/example_dags/example_short_circuit_operator.py took 0.128 seconds
[2023-12-15T11:46:08.548+0000] {processor.py:157} INFO - Started process (PID=968) to work on /home/airflow/.local/lib/python3.8/site-packages/airflow/example_dags/example_short_circuit_operator.py
[2023-12-15T11:46:08.555+0000] {processor.py:829} INFO - Processing file /home/airflow/.local/lib/python3.8/site-packages/airflow/example_dags/example_short_circuit_operator.py for tasks to queue
[2023-12-15T11:46:08.569+0000] {logging_mixin.py:154} INFO - [2023-12-15T11:46:08.569+0000] {dagbag.py:536} INFO - Filling up the DagBag from /home/airflow/.local/lib/python3.8/site-packages/airflow/example_dags/example_short_circuit_operator.py
[2023-12-15T11:46:08.634+0000] {processor.py:839} INFO - DAG(s) dict_keys(['example_short_circuit_operator']) retrieved from /home/airflow/.local/lib/python3.8/site-packages/airflow/example_dags/example_short_circuit_operator.py
[2023-12-15T11:46:08.778+0000] {logging_mixin.py:154} INFO - [2023-12-15T11:46:08.778+0000] {dag.py:2941} INFO - Sync 1 DAGs
[2023-12-15T11:46:08.825+0000] {logging_mixin.py:154} INFO - [2023-12-15T11:46:08.824+0000] {dag.py:3722} INFO - Setting next_dagrun for example_short_circuit_operator to 2023-12-14T11:46:08.823832+00:00, run_after=2023-12-15T11:46:08.823832+00:00
[2023-12-15T11:46:08.867+0000] {processor.py:179} INFO - Processing /home/airflow/.local/lib/python3.8/site-packages/airflow/example_dags/example_short_circuit_operator.py took 0.329 seconds
[2023-12-15T11:46:38.927+0000] {processor.py:157} INFO - Started process (PID=1021) to work on /home/airflow/.local/lib/python3.8/site-packages/airflow/example_dags/example_short_circuit_operator.py
[2023-12-15T11:46:38.928+0000] {processor.py:829} INFO - Processing file /home/airflow/.local/lib/python3.8/site-packages/airflow/example_dags/example_short_circuit_operator.py for tasks to queue
[2023-12-15T11:46:38.930+0000] {logging_mixin.py:154} INFO - [2023-12-15T11:46:38.930+0000] {dagbag.py:536} INFO - Filling up the DagBag from /home/airflow/.local/lib/python3.8/site-packages/airflow/example_dags/example_short_circuit_operator.py
[2023-12-15T11:46:38.942+0000] {processor.py:839} INFO - DAG(s) dict_keys(['example_short_circuit_operator']) retrieved from /home/airflow/.local/lib/python3.8/site-packages/airflow/example_dags/example_short_circuit_operator.py
[2023-12-15T11:46:39.020+0000] {logging_mixin.py:154} INFO - [2023-12-15T11:46:39.020+0000] {dag.py:2941} INFO - Sync 1 DAGs
[2023-12-15T11:46:39.055+0000] {logging_mixin.py:154} INFO - [2023-12-15T11:46:39.055+0000] {dag.py:3722} INFO - Setting next_dagrun for example_short_circuit_operator to 2023-12-14T11:46:39.054735+00:00, run_after=2023-12-15T11:46:39.054735+00:00
[2023-12-15T11:46:39.073+0000] {processor.py:179} INFO - Processing /home/airflow/.local/lib/python3.8/site-packages/airflow/example_dags/example_short_circuit_operator.py took 0.150 seconds
[2023-12-15T11:47:11.562+0000] {processor.py:157} INFO - Started process (PID=1076) to work on /home/airflow/.local/lib/python3.8/site-packages/airflow/example_dags/example_short_circuit_operator.py
[2023-12-15T11:47:11.572+0000] {processor.py:829} INFO - Processing file /home/airflow/.local/lib/python3.8/site-packages/airflow/example_dags/example_short_circuit_operator.py for tasks to queue
[2023-12-15T11:47:11.574+0000] {logging_mixin.py:154} INFO - [2023-12-15T11:47:11.574+0000] {dagbag.py:536} INFO - Filling up the DagBag from /home/airflow/.local/lib/python3.8/site-packages/airflow/example_dags/example_short_circuit_operator.py
[2023-12-15T11:47:11.594+0000] {processor.py:839} INFO - DAG(s) dict_keys(['example_short_circuit_operator']) retrieved from /home/airflow/.local/lib/python3.8/site-packages/airflow/example_dags/example_short_circuit_operator.py
[2023-12-15T11:47:11.630+0000] {logging_mixin.py:154} INFO - [2023-12-15T11:47:11.630+0000] {dag.py:2941} INFO - Sync 1 DAGs
[2023-12-15T11:47:11.652+0000] {logging_mixin.py:154} INFO - [2023-12-15T11:47:11.652+0000] {dag.py:3722} INFO - Setting next_dagrun for example_short_circuit_operator to 2023-12-14T11:47:11.652005+00:00, run_after=2023-12-15T11:47:11.652005+00:00
[2023-12-15T11:47:11.669+0000] {processor.py:179} INFO - Processing /home/airflow/.local/lib/python3.8/site-packages/airflow/example_dags/example_short_circuit_operator.py took 0.112 seconds
[2023-12-15T11:47:42.487+0000] {processor.py:157} INFO - Started process (PID=1128) to work on /home/airflow/.local/lib/python3.8/site-packages/airflow/example_dags/example_short_circuit_operator.py
[2023-12-15T11:47:42.500+0000] {processor.py:829} INFO - Processing file /home/airflow/.local/lib/python3.8/site-packages/airflow/example_dags/example_short_circuit_operator.py for tasks to queue
[2023-12-15T11:47:42.648+0000] {logging_mixin.py:154} INFO - [2023-12-15T11:47:42.646+0000] {dagbag.py:536} INFO - Filling up the DagBag from /home/airflow/.local/lib/python3.8/site-packages/airflow/example_dags/example_short_circuit_operator.py
[2023-12-15T11:47:42.688+0000] {processor.py:839} INFO - DAG(s) dict_keys(['example_short_circuit_operator']) retrieved from /home/airflow/.local/lib/python3.8/site-packages/airflow/example_dags/example_short_circuit_operator.py
[2023-12-15T11:47:42.741+0000] {logging_mixin.py:154} INFO - [2023-12-15T11:47:42.741+0000] {dag.py:2941} INFO - Sync 1 DAGs
[2023-12-15T11:47:42.960+0000] {logging_mixin.py:154} INFO - [2023-12-15T11:47:42.960+0000] {dag.py:3722} INFO - Setting next_dagrun for example_short_circuit_operator to 2023-12-14T11:47:42.955551+00:00, run_after=2023-12-15T11:47:42.955551+00:00
[2023-12-15T11:47:42.982+0000] {processor.py:179} INFO - Processing /home/airflow/.local/lib/python3.8/site-packages/airflow/example_dags/example_short_circuit_operator.py took 0.777 seconds
[2023-12-15T11:48:18.840+0000] {processor.py:157} INFO - Started process (PID=1182) to work on /home/airflow/.local/lib/python3.8/site-packages/airflow/example_dags/example_short_circuit_operator.py
[2023-12-15T11:48:18.860+0000] {processor.py:829} INFO - Processing file /home/airflow/.local/lib/python3.8/site-packages/airflow/example_dags/example_short_circuit_operator.py for tasks to queue
[2023-12-15T11:48:18.868+0000] {logging_mixin.py:154} INFO - [2023-12-15T11:48:18.867+0000] {dagbag.py:536} INFO - Filling up the DagBag from /home/airflow/.local/lib/python3.8/site-packages/airflow/example_dags/example_short_circuit_operator.py
[2023-12-15T11:48:18.907+0000] {processor.py:839} INFO - DAG(s) dict_keys(['example_short_circuit_operator']) retrieved from /home/airflow/.local/lib/python3.8/site-packages/airflow/example_dags/example_short_circuit_operator.py
[2023-12-15T11:48:19.160+0000] {logging_mixin.py:154} INFO - [2023-12-15T11:48:19.159+0000] {dag.py:2941} INFO - Sync 1 DAGs
[2023-12-15T11:48:19.258+0000] {logging_mixin.py:154} INFO - [2023-12-15T11:48:19.258+0000] {dag.py:3722} INFO - Setting next_dagrun for example_short_circuit_operator to 2023-12-14T11:48:19.258198+00:00, run_after=2023-12-15T11:48:19.258198+00:00
[2023-12-15T11:48:20.406+0000] {processor.py:179} INFO - Processing /home/airflow/.local/lib/python3.8/site-packages/airflow/example_dags/example_short_circuit_operator.py took 1.583 seconds
[2023-12-15T11:48:52.274+0000] {processor.py:157} INFO - Started process (PID=1236) to work on /home/airflow/.local/lib/python3.8/site-packages/airflow/example_dags/example_short_circuit_operator.py
[2023-12-15T11:48:52.286+0000] {processor.py:829} INFO - Processing file /home/airflow/.local/lib/python3.8/site-packages/airflow/example_dags/example_short_circuit_operator.py for tasks to queue
[2023-12-15T11:48:52.299+0000] {logging_mixin.py:154} INFO - [2023-12-15T11:48:52.297+0000] {dagbag.py:536} INFO - Filling up the DagBag from /home/airflow/.local/lib/python3.8/site-packages/airflow/example_dags/example_short_circuit_operator.py
[2023-12-15T11:48:52.362+0000] {processor.py:839} INFO - DAG(s) dict_keys(['example_short_circuit_operator']) retrieved from /home/airflow/.local/lib/python3.8/site-packages/airflow/example_dags/example_short_circuit_operator.py
[2023-12-15T11:48:52.515+0000] {logging_mixin.py:154} INFO - [2023-12-15T11:48:52.515+0000] {dag.py:2941} INFO - Sync 1 DAGs
[2023-12-15T11:48:52.565+0000] {logging_mixin.py:154} INFO - [2023-12-15T11:48:52.565+0000] {dag.py:3722} INFO - Setting next_dagrun for example_short_circuit_operator to 2023-12-14T11:48:52.563335+00:00, run_after=2023-12-15T11:48:52.563335+00:00
[2023-12-15T11:48:52.602+0000] {processor.py:179} INFO - Processing /home/airflow/.local/lib/python3.8/site-packages/airflow/example_dags/example_short_circuit_operator.py took 0.346 seconds
[2023-12-15T11:49:23.429+0000] {processor.py:157} INFO - Started process (PID=1290) to work on /home/airflow/.local/lib/python3.8/site-packages/airflow/example_dags/example_short_circuit_operator.py
[2023-12-15T11:49:23.432+0000] {processor.py:829} INFO - Processing file /home/airflow/.local/lib/python3.8/site-packages/airflow/example_dags/example_short_circuit_operator.py for tasks to queue
[2023-12-15T11:49:23.439+0000] {logging_mixin.py:154} INFO - [2023-12-15T11:49:23.438+0000] {dagbag.py:536} INFO - Filling up the DagBag from /home/airflow/.local/lib/python3.8/site-packages/airflow/example_dags/example_short_circuit_operator.py
[2023-12-15T11:49:23.466+0000] {processor.py:839} INFO - DAG(s) dict_keys(['example_short_circuit_operator']) retrieved from /home/airflow/.local/lib/python3.8/site-packages/airflow/example_dags/example_short_circuit_operator.py
[2023-12-15T11:49:23.556+0000] {logging_mixin.py:154} INFO - [2023-12-15T11:49:23.555+0000] {dag.py:2941} INFO - Sync 1 DAGs
[2023-12-15T11:49:23.912+0000] {logging_mixin.py:154} INFO - [2023-12-15T11:49:23.911+0000] {dag.py:3722} INFO - Setting next_dagrun for example_short_circuit_operator to 2023-12-14T11:49:23.911654+00:00, run_after=2023-12-15T11:49:23.911654+00:00
[2023-12-15T11:49:23.944+0000] {processor.py:179} INFO - Processing /home/airflow/.local/lib/python3.8/site-packages/airflow/example_dags/example_short_circuit_operator.py took 0.519 seconds
[2023-12-15T11:49:57.777+0000] {processor.py:157} INFO - Started process (PID=1350) to work on /home/airflow/.local/lib/python3.8/site-packages/airflow/example_dags/example_short_circuit_operator.py
[2023-12-15T11:49:57.781+0000] {processor.py:829} INFO - Processing file /home/airflow/.local/lib/python3.8/site-packages/airflow/example_dags/example_short_circuit_operator.py for tasks to queue
[2023-12-15T11:49:57.822+0000] {logging_mixin.py:154} INFO - [2023-12-15T11:49:57.821+0000] {dagbag.py:536} INFO - Filling up the DagBag from /home/airflow/.local/lib/python3.8/site-packages/airflow/example_dags/example_short_circuit_operator.py
[2023-12-15T11:49:57.907+0000] {processor.py:839} INFO - DAG(s) dict_keys(['example_short_circuit_operator']) retrieved from /home/airflow/.local/lib/python3.8/site-packages/airflow/example_dags/example_short_circuit_operator.py
[2023-12-15T11:49:58.014+0000] {logging_mixin.py:154} INFO - [2023-12-15T11:49:58.014+0000] {dag.py:2941} INFO - Sync 1 DAGs
[2023-12-15T11:49:58.088+0000] {logging_mixin.py:154} INFO - [2023-12-15T11:49:58.088+0000] {dag.py:3722} INFO - Setting next_dagrun for example_short_circuit_operator to 2023-12-14T11:49:58.086674+00:00, run_after=2023-12-15T11:49:58.086674+00:00
[2023-12-15T11:49:59.171+0000] {processor.py:179} INFO - Processing /home/airflow/.local/lib/python3.8/site-packages/airflow/example_dags/example_short_circuit_operator.py took 1.407 seconds
[2023-12-15T11:50:31.409+0000] {processor.py:157} INFO - Started process (PID=1398) to work on /home/airflow/.local/lib/python3.8/site-packages/airflow/example_dags/example_short_circuit_operator.py
[2023-12-15T11:50:31.413+0000] {processor.py:829} INFO - Processing file /home/airflow/.local/lib/python3.8/site-packages/airflow/example_dags/example_short_circuit_operator.py for tasks to queue
[2023-12-15T11:50:31.421+0000] {logging_mixin.py:154} INFO - [2023-12-15T11:50:31.420+0000] {dagbag.py:536} INFO - Filling up the DagBag from /home/airflow/.local/lib/python3.8/site-packages/airflow/example_dags/example_short_circuit_operator.py
[2023-12-15T11:50:31.436+0000] {processor.py:839} INFO - DAG(s) dict_keys(['example_short_circuit_operator']) retrieved from /home/airflow/.local/lib/python3.8/site-packages/airflow/example_dags/example_short_circuit_operator.py
[2023-12-15T11:50:31.477+0000] {logging_mixin.py:154} INFO - [2023-12-15T11:50:31.477+0000] {dag.py:2941} INFO - Sync 1 DAGs
[2023-12-15T11:50:31.507+0000] {logging_mixin.py:154} INFO - [2023-12-15T11:50:31.506+0000] {dag.py:3722} INFO - Setting next_dagrun for example_short_circuit_operator to 2023-12-14T11:50:31.505766+00:00, run_after=2023-12-15T11:50:31.505766+00:00
[2023-12-15T11:50:31.533+0000] {processor.py:179} INFO - Processing /home/airflow/.local/lib/python3.8/site-packages/airflow/example_dags/example_short_circuit_operator.py took 0.129 seconds
[2023-12-15T11:51:07.464+0000] {processor.py:157} INFO - Started process (PID=1446) to work on /home/airflow/.local/lib/python3.8/site-packages/airflow/example_dags/example_short_circuit_operator.py
[2023-12-15T11:51:07.465+0000] {processor.py:829} INFO - Processing file /home/airflow/.local/lib/python3.8/site-packages/airflow/example_dags/example_short_circuit_operator.py for tasks to queue
[2023-12-15T11:51:07.469+0000] {logging_mixin.py:154} INFO - [2023-12-15T11:51:07.468+0000] {dagbag.py:536} INFO - Filling up the DagBag from /home/airflow/.local/lib/python3.8/site-packages/airflow/example_dags/example_short_circuit_operator.py
[2023-12-15T11:51:07.516+0000] {processor.py:839} INFO - DAG(s) dict_keys(['example_short_circuit_operator']) retrieved from /home/airflow/.local/lib/python3.8/site-packages/airflow/example_dags/example_short_circuit_operator.py
[2023-12-15T11:51:07.596+0000] {logging_mixin.py:154} INFO - [2023-12-15T11:51:07.596+0000] {dag.py:2941} INFO - Sync 1 DAGs
[2023-12-15T11:51:08.395+0000] {logging_mixin.py:154} INFO - [2023-12-15T11:51:08.394+0000] {dag.py:3722} INFO - Setting next_dagrun for example_short_circuit_operator to 2023-12-14T11:51:08.394032+00:00, run_after=2023-12-15T11:51:08.394032+00:00
[2023-12-15T11:51:08.422+0000] {processor.py:179} INFO - Processing /home/airflow/.local/lib/python3.8/site-packages/airflow/example_dags/example_short_circuit_operator.py took 0.962 seconds
[2023-12-15T11:51:38.823+0000] {processor.py:157} INFO - Started process (PID=1500) to work on /home/airflow/.local/lib/python3.8/site-packages/airflow/example_dags/example_short_circuit_operator.py
[2023-12-15T11:51:38.826+0000] {processor.py:829} INFO - Processing file /home/airflow/.local/lib/python3.8/site-packages/airflow/example_dags/example_short_circuit_operator.py for tasks to queue
[2023-12-15T11:51:38.847+0000] {logging_mixin.py:154} INFO - [2023-12-15T11:51:38.843+0000] {dagbag.py:536} INFO - Filling up the DagBag from /home/airflow/.local/lib/python3.8/site-packages/airflow/example_dags/example_short_circuit_operator.py
[2023-12-15T11:51:38.911+0000] {processor.py:839} INFO - DAG(s) dict_keys(['example_short_circuit_operator']) retrieved from /home/airflow/.local/lib/python3.8/site-packages/airflow/example_dags/example_short_circuit_operator.py
[2023-12-15T11:51:39.056+0000] {logging_mixin.py:154} INFO - [2023-12-15T11:51:39.056+0000] {dag.py:2941} INFO - Sync 1 DAGs
[2023-12-15T11:51:39.093+0000] {logging_mixin.py:154} INFO - [2023-12-15T11:51:39.093+0000] {dag.py:3722} INFO - Setting next_dagrun for example_short_circuit_operator to 2023-12-14T11:51:39.091313+00:00, run_after=2023-12-15T11:51:39.091313+00:00
[2023-12-15T11:51:39.120+0000] {processor.py:179} INFO - Processing /home/airflow/.local/lib/python3.8/site-packages/airflow/example_dags/example_short_circuit_operator.py took 0.347 seconds
[2023-12-15T11:52:17.946+0000] {processor.py:157} INFO - Started process (PID=1549) to work on /home/airflow/.local/lib/python3.8/site-packages/airflow/example_dags/example_short_circuit_operator.py
[2023-12-15T11:52:18.004+0000] {processor.py:829} INFO - Processing file /home/airflow/.local/lib/python3.8/site-packages/airflow/example_dags/example_short_circuit_operator.py for tasks to queue
[2023-12-15T11:52:18.046+0000] {logging_mixin.py:154} INFO - [2023-12-15T11:52:18.041+0000] {dagbag.py:536} INFO - Filling up the DagBag from /home/airflow/.local/lib/python3.8/site-packages/airflow/example_dags/example_short_circuit_operator.py
[2023-12-15T11:52:18.143+0000] {processor.py:839} INFO - DAG(s) dict_keys(['example_short_circuit_operator']) retrieved from /home/airflow/.local/lib/python3.8/site-packages/airflow/example_dags/example_short_circuit_operator.py
[2023-12-15T11:52:19.344+0000] {logging_mixin.py:154} INFO - [2023-12-15T11:52:19.343+0000] {dag.py:2941} INFO - Sync 1 DAGs
[2023-12-15T11:52:19.377+0000] {logging_mixin.py:154} INFO - [2023-12-15T11:52:19.377+0000] {dag.py:3722} INFO - Setting next_dagrun for example_short_circuit_operator to 2023-12-14T11:52:19.377040+00:00, run_after=2023-12-15T11:52:19.377040+00:00
[2023-12-15T11:52:19.431+0000] {processor.py:179} INFO - Processing /home/airflow/.local/lib/python3.8/site-packages/airflow/example_dags/example_short_circuit_operator.py took 1.577 seconds
[2023-12-15T11:52:50.690+0000] {processor.py:157} INFO - Started process (PID=1603) to work on /home/airflow/.local/lib/python3.8/site-packages/airflow/example_dags/example_short_circuit_operator.py
[2023-12-15T11:52:50.732+0000] {processor.py:829} INFO - Processing file /home/airflow/.local/lib/python3.8/site-packages/airflow/example_dags/example_short_circuit_operator.py for tasks to queue
[2023-12-15T11:52:50.806+0000] {logging_mixin.py:154} INFO - [2023-12-15T11:52:50.805+0000] {dagbag.py:536} INFO - Filling up the DagBag from /home/airflow/.local/lib/python3.8/site-packages/airflow/example_dags/example_short_circuit_operator.py
[2023-12-15T11:52:50.897+0000] {processor.py:839} INFO - DAG(s) dict_keys(['example_short_circuit_operator']) retrieved from /home/airflow/.local/lib/python3.8/site-packages/airflow/example_dags/example_short_circuit_operator.py
[2023-12-15T11:52:51.175+0000] {logging_mixin.py:154} INFO - [2023-12-15T11:52:51.175+0000] {dag.py:2941} INFO - Sync 1 DAGs
[2023-12-15T11:52:51.448+0000] {logging_mixin.py:154} INFO - [2023-12-15T11:52:51.438+0000] {dag.py:3722} INFO - Setting next_dagrun for example_short_circuit_operator to 2023-12-14T11:52:51.434262+00:00, run_after=2023-12-15T11:52:51.434262+00:00
[2023-12-15T11:52:51.614+0000] {processor.py:179} INFO - Processing /home/airflow/.local/lib/python3.8/site-packages/airflow/example_dags/example_short_circuit_operator.py took 1.102 seconds
[2023-12-15T11:53:22.371+0000] {processor.py:157} INFO - Started process (PID=1656) to work on /home/airflow/.local/lib/python3.8/site-packages/airflow/example_dags/example_short_circuit_operator.py
[2023-12-15T11:53:22.374+0000] {processor.py:829} INFO - Processing file /home/airflow/.local/lib/python3.8/site-packages/airflow/example_dags/example_short_circuit_operator.py for tasks to queue
[2023-12-15T11:53:22.388+0000] {logging_mixin.py:154} INFO - [2023-12-15T11:53:22.386+0000] {dagbag.py:536} INFO - Filling up the DagBag from /home/airflow/.local/lib/python3.8/site-packages/airflow/example_dags/example_short_circuit_operator.py
[2023-12-15T11:53:22.406+0000] {processor.py:839} INFO - DAG(s) dict_keys(['example_short_circuit_operator']) retrieved from /home/airflow/.local/lib/python3.8/site-packages/airflow/example_dags/example_short_circuit_operator.py
[2023-12-15T11:53:22.461+0000] {logging_mixin.py:154} INFO - [2023-12-15T11:53:22.461+0000] {dag.py:2941} INFO - Sync 1 DAGs
[2023-12-15T11:53:22.487+0000] {logging_mixin.py:154} INFO - [2023-12-15T11:53:22.486+0000] {dag.py:3722} INFO - Setting next_dagrun for example_short_circuit_operator to 2023-12-14T11:53:22.486448+00:00, run_after=2023-12-15T11:53:22.486448+00:00
[2023-12-15T11:53:22.524+0000] {processor.py:179} INFO - Processing /home/airflow/.local/lib/python3.8/site-packages/airflow/example_dags/example_short_circuit_operator.py took 0.169 seconds
[2023-12-15T11:53:52.732+0000] {processor.py:157} INFO - Started process (PID=1710) to work on /home/airflow/.local/lib/python3.8/site-packages/airflow/example_dags/example_short_circuit_operator.py
[2023-12-15T11:53:52.741+0000] {processor.py:829} INFO - Processing file /home/airflow/.local/lib/python3.8/site-packages/airflow/example_dags/example_short_circuit_operator.py for tasks to queue
[2023-12-15T11:53:52.750+0000] {logging_mixin.py:154} INFO - [2023-12-15T11:53:52.749+0000] {dagbag.py:536} INFO - Filling up the DagBag from /home/airflow/.local/lib/python3.8/site-packages/airflow/example_dags/example_short_circuit_operator.py
[2023-12-15T11:53:52.769+0000] {processor.py:839} INFO - DAG(s) dict_keys(['example_short_circuit_operator']) retrieved from /home/airflow/.local/lib/python3.8/site-packages/airflow/example_dags/example_short_circuit_operator.py
[2023-12-15T11:53:52.851+0000] {logging_mixin.py:154} INFO - [2023-12-15T11:53:52.851+0000] {dag.py:2941} INFO - Sync 1 DAGs
[2023-12-15T11:53:52.922+0000] {logging_mixin.py:154} INFO - [2023-12-15T11:53:52.922+0000] {dag.py:3722} INFO - Setting next_dagrun for example_short_circuit_operator to 2023-12-14T11:53:52.921383+00:00, run_after=2023-12-15T11:53:52.921383+00:00
[2023-12-15T11:53:52.957+0000] {processor.py:179} INFO - Processing /home/airflow/.local/lib/python3.8/site-packages/airflow/example_dags/example_short_circuit_operator.py took 0.250 seconds
[2023-12-15T11:54:23.634+0000] {processor.py:157} INFO - Started process (PID=1764) to work on /home/airflow/.local/lib/python3.8/site-packages/airflow/example_dags/example_short_circuit_operator.py
[2023-12-15T11:54:23.636+0000] {processor.py:829} INFO - Processing file /home/airflow/.local/lib/python3.8/site-packages/airflow/example_dags/example_short_circuit_operator.py for tasks to queue
[2023-12-15T11:54:23.656+0000] {logging_mixin.py:154} INFO - [2023-12-15T11:54:23.652+0000] {dagbag.py:536} INFO - Filling up the DagBag from /home/airflow/.local/lib/python3.8/site-packages/airflow/example_dags/example_short_circuit_operator.py
[2023-12-15T11:54:23.670+0000] {processor.py:839} INFO - DAG(s) dict_keys(['example_short_circuit_operator']) retrieved from /home/airflow/.local/lib/python3.8/site-packages/airflow/example_dags/example_short_circuit_operator.py
[2023-12-15T11:54:23.729+0000] {logging_mixin.py:154} INFO - [2023-12-15T11:54:23.729+0000] {dag.py:2941} INFO - Sync 1 DAGs
[2023-12-15T11:54:23.770+0000] {logging_mixin.py:154} INFO - [2023-12-15T11:54:23.769+0000] {dag.py:3722} INFO - Setting next_dagrun for example_short_circuit_operator to 2023-12-14T11:54:23.769434+00:00, run_after=2023-12-15T11:54:23.769434+00:00
[2023-12-15T11:54:23.790+0000] {processor.py:179} INFO - Processing /home/airflow/.local/lib/python3.8/site-packages/airflow/example_dags/example_short_circuit_operator.py took 0.166 seconds
[2023-12-15T11:54:54.283+0000] {processor.py:157} INFO - Started process (PID=1818) to work on /home/airflow/.local/lib/python3.8/site-packages/airflow/example_dags/example_short_circuit_operator.py
[2023-12-15T11:54:54.297+0000] {processor.py:829} INFO - Processing file /home/airflow/.local/lib/python3.8/site-packages/airflow/example_dags/example_short_circuit_operator.py for tasks to queue
[2023-12-15T11:54:54.303+0000] {logging_mixin.py:154} INFO - [2023-12-15T11:54:54.303+0000] {dagbag.py:536} INFO - Filling up the DagBag from /home/airflow/.local/lib/python3.8/site-packages/airflow/example_dags/example_short_circuit_operator.py
[2023-12-15T11:54:54.323+0000] {processor.py:839} INFO - DAG(s) dict_keys(['example_short_circuit_operator']) retrieved from /home/airflow/.local/lib/python3.8/site-packages/airflow/example_dags/example_short_circuit_operator.py
[2023-12-15T11:54:54.392+0000] {logging_mixin.py:154} INFO - [2023-12-15T11:54:54.392+0000] {dag.py:2941} INFO - Sync 1 DAGs
[2023-12-15T11:54:54.435+0000] {logging_mixin.py:154} INFO - [2023-12-15T11:54:54.435+0000] {dag.py:3722} INFO - Setting next_dagrun for example_short_circuit_operator to 2023-12-14T11:54:54.435471+00:00, run_after=2023-12-15T11:54:54.435471+00:00
[2023-12-15T11:54:54.474+0000] {processor.py:179} INFO - Processing /home/airflow/.local/lib/python3.8/site-packages/airflow/example_dags/example_short_circuit_operator.py took 0.197 seconds
[2023-12-15T11:55:25.758+0000] {processor.py:157} INFO - Started process (PID=1872) to work on /home/airflow/.local/lib/python3.8/site-packages/airflow/example_dags/example_short_circuit_operator.py
[2023-12-15T11:55:25.761+0000] {processor.py:829} INFO - Processing file /home/airflow/.local/lib/python3.8/site-packages/airflow/example_dags/example_short_circuit_operator.py for tasks to queue
[2023-12-15T11:55:25.767+0000] {logging_mixin.py:154} INFO - [2023-12-15T11:55:25.767+0000] {dagbag.py:536} INFO - Filling up the DagBag from /home/airflow/.local/lib/python3.8/site-packages/airflow/example_dags/example_short_circuit_operator.py
[2023-12-15T11:55:25.783+0000] {processor.py:839} INFO - DAG(s) dict_keys(['example_short_circuit_operator']) retrieved from /home/airflow/.local/lib/python3.8/site-packages/airflow/example_dags/example_short_circuit_operator.py
[2023-12-15T11:55:25.834+0000] {logging_mixin.py:154} INFO - [2023-12-15T11:55:25.833+0000] {dag.py:2941} INFO - Sync 1 DAGs
[2023-12-15T11:55:25.869+0000] {logging_mixin.py:154} INFO - [2023-12-15T11:55:25.868+0000] {dag.py:3722} INFO - Setting next_dagrun for example_short_circuit_operator to 2023-12-14T11:55:25.868346+00:00, run_after=2023-12-15T11:55:25.868346+00:00
[2023-12-15T11:55:25.891+0000] {processor.py:179} INFO - Processing /home/airflow/.local/lib/python3.8/site-packages/airflow/example_dags/example_short_circuit_operator.py took 0.139 seconds
[2023-12-15T11:55:56.655+0000] {processor.py:157} INFO - Started process (PID=1927) to work on /home/airflow/.local/lib/python3.8/site-packages/airflow/example_dags/example_short_circuit_operator.py
[2023-12-15T11:55:56.656+0000] {processor.py:829} INFO - Processing file /home/airflow/.local/lib/python3.8/site-packages/airflow/example_dags/example_short_circuit_operator.py for tasks to queue
[2023-12-15T11:55:56.663+0000] {logging_mixin.py:154} INFO - [2023-12-15T11:55:56.663+0000] {dagbag.py:536} INFO - Filling up the DagBag from /home/airflow/.local/lib/python3.8/site-packages/airflow/example_dags/example_short_circuit_operator.py
[2023-12-15T11:55:56.676+0000] {processor.py:839} INFO - DAG(s) dict_keys(['example_short_circuit_operator']) retrieved from /home/airflow/.local/lib/python3.8/site-packages/airflow/example_dags/example_short_circuit_operator.py
[2023-12-15T11:55:56.716+0000] {logging_mixin.py:154} INFO - [2023-12-15T11:55:56.715+0000] {dag.py:2941} INFO - Sync 1 DAGs
[2023-12-15T11:55:56.745+0000] {logging_mixin.py:154} INFO - [2023-12-15T11:55:56.745+0000] {dag.py:3722} INFO - Setting next_dagrun for example_short_circuit_operator to 2023-12-14T11:55:56.744324+00:00, run_after=2023-12-15T11:55:56.744324+00:00
[2023-12-15T11:55:56.765+0000] {processor.py:179} INFO - Processing /home/airflow/.local/lib/python3.8/site-packages/airflow/example_dags/example_short_circuit_operator.py took 0.116 seconds
[2023-12-15T11:56:27.502+0000] {processor.py:157} INFO - Started process (PID=1982) to work on /home/airflow/.local/lib/python3.8/site-packages/airflow/example_dags/example_short_circuit_operator.py
[2023-12-15T11:56:27.504+0000] {processor.py:829} INFO - Processing file /home/airflow/.local/lib/python3.8/site-packages/airflow/example_dags/example_short_circuit_operator.py for tasks to queue
[2023-12-15T11:56:27.507+0000] {logging_mixin.py:154} INFO - [2023-12-15T11:56:27.507+0000] {dagbag.py:536} INFO - Filling up the DagBag from /home/airflow/.local/lib/python3.8/site-packages/airflow/example_dags/example_short_circuit_operator.py
[2023-12-15T11:56:27.517+0000] {processor.py:839} INFO - DAG(s) dict_keys(['example_short_circuit_operator']) retrieved from /home/airflow/.local/lib/python3.8/site-packages/airflow/example_dags/example_short_circuit_operator.py
[2023-12-15T11:56:27.555+0000] {logging_mixin.py:154} INFO - [2023-12-15T11:56:27.555+0000] {dag.py:2941} INFO - Sync 1 DAGs
[2023-12-15T11:56:27.572+0000] {logging_mixin.py:154} INFO - [2023-12-15T11:56:27.572+0000] {dag.py:3722} INFO - Setting next_dagrun for example_short_circuit_operator to 2023-12-14T11:56:27.571901+00:00, run_after=2023-12-15T11:56:27.571901+00:00
[2023-12-15T11:56:27.597+0000] {processor.py:179} INFO - Processing /home/airflow/.local/lib/python3.8/site-packages/airflow/example_dags/example_short_circuit_operator.py took 0.101 seconds
[2023-12-15T11:56:57.850+0000] {processor.py:157} INFO - Started process (PID=2035) to work on /home/airflow/.local/lib/python3.8/site-packages/airflow/example_dags/example_short_circuit_operator.py
[2023-12-15T11:56:57.853+0000] {processor.py:829} INFO - Processing file /home/airflow/.local/lib/python3.8/site-packages/airflow/example_dags/example_short_circuit_operator.py for tasks to queue
[2023-12-15T11:56:57.855+0000] {logging_mixin.py:154} INFO - [2023-12-15T11:56:57.854+0000] {dagbag.py:536} INFO - Filling up the DagBag from /home/airflow/.local/lib/python3.8/site-packages/airflow/example_dags/example_short_circuit_operator.py
[2023-12-15T11:56:57.862+0000] {processor.py:839} INFO - DAG(s) dict_keys(['example_short_circuit_operator']) retrieved from /home/airflow/.local/lib/python3.8/site-packages/airflow/example_dags/example_short_circuit_operator.py
[2023-12-15T11:56:57.903+0000] {logging_mixin.py:154} INFO - [2023-12-15T11:56:57.903+0000] {dag.py:2941} INFO - Sync 1 DAGs
[2023-12-15T11:56:57.917+0000] {logging_mixin.py:154} INFO - [2023-12-15T11:56:57.917+0000] {dag.py:3722} INFO - Setting next_dagrun for example_short_circuit_operator to 2023-12-14T11:56:57.916935+00:00, run_after=2023-12-15T11:56:57.916935+00:00
[2023-12-15T11:56:57.926+0000] {processor.py:179} INFO - Processing /home/airflow/.local/lib/python3.8/site-packages/airflow/example_dags/example_short_circuit_operator.py took 0.078 seconds
[2023-12-15T11:57:29.195+0000] {processor.py:157} INFO - Started process (PID=2089) to work on /home/airflow/.local/lib/python3.8/site-packages/airflow/example_dags/example_short_circuit_operator.py
[2023-12-15T11:57:29.217+0000] {processor.py:829} INFO - Processing file /home/airflow/.local/lib/python3.8/site-packages/airflow/example_dags/example_short_circuit_operator.py for tasks to queue
[2023-12-15T11:57:29.359+0000] {logging_mixin.py:154} INFO - [2023-12-15T11:57:29.356+0000] {dagbag.py:536} INFO - Filling up the DagBag from /home/airflow/.local/lib/python3.8/site-packages/airflow/example_dags/example_short_circuit_operator.py
[2023-12-15T11:57:29.458+0000] {processor.py:839} INFO - DAG(s) dict_keys(['example_short_circuit_operator']) retrieved from /home/airflow/.local/lib/python3.8/site-packages/airflow/example_dags/example_short_circuit_operator.py
[2023-12-15T11:57:29.593+0000] {logging_mixin.py:154} INFO - [2023-12-15T11:57:29.593+0000] {dag.py:2941} INFO - Sync 1 DAGs
[2023-12-15T11:57:29.674+0000] {logging_mixin.py:154} INFO - [2023-12-15T11:57:29.674+0000] {dag.py:3722} INFO - Setting next_dagrun for example_short_circuit_operator to 2023-12-14T11:57:29.674145+00:00, run_after=2023-12-15T11:57:29.674145+00:00
[2023-12-15T11:57:29.731+0000] {processor.py:179} INFO - Processing /home/airflow/.local/lib/python3.8/site-packages/airflow/example_dags/example_short_circuit_operator.py took 0.550 seconds
[2023-12-15T11:58:00.233+0000] {processor.py:157} INFO - Started process (PID=2143) to work on /home/airflow/.local/lib/python3.8/site-packages/airflow/example_dags/example_short_circuit_operator.py
[2023-12-15T11:58:00.234+0000] {processor.py:829} INFO - Processing file /home/airflow/.local/lib/python3.8/site-packages/airflow/example_dags/example_short_circuit_operator.py for tasks to queue
[2023-12-15T11:58:00.237+0000] {logging_mixin.py:154} INFO - [2023-12-15T11:58:00.237+0000] {dagbag.py:536} INFO - Filling up the DagBag from /home/airflow/.local/lib/python3.8/site-packages/airflow/example_dags/example_short_circuit_operator.py
[2023-12-15T11:58:00.248+0000] {processor.py:839} INFO - DAG(s) dict_keys(['example_short_circuit_operator']) retrieved from /home/airflow/.local/lib/python3.8/site-packages/airflow/example_dags/example_short_circuit_operator.py
[2023-12-15T11:58:00.283+0000] {logging_mixin.py:154} INFO - [2023-12-15T11:58:00.283+0000] {dag.py:2941} INFO - Sync 1 DAGs
[2023-12-15T11:58:00.314+0000] {logging_mixin.py:154} INFO - [2023-12-15T11:58:00.314+0000] {dag.py:3722} INFO - Setting next_dagrun for example_short_circuit_operator to 2023-12-14T11:58:00.313286+00:00, run_after=2023-12-15T11:58:00.313286+00:00
[2023-12-15T11:58:00.332+0000] {processor.py:179} INFO - Processing /home/airflow/.local/lib/python3.8/site-packages/airflow/example_dags/example_short_circuit_operator.py took 0.102 seconds
[2023-12-15T11:58:30.753+0000] {processor.py:157} INFO - Started process (PID=2197) to work on /home/airflow/.local/lib/python3.8/site-packages/airflow/example_dags/example_short_circuit_operator.py
[2023-12-15T11:58:30.754+0000] {processor.py:829} INFO - Processing file /home/airflow/.local/lib/python3.8/site-packages/airflow/example_dags/example_short_circuit_operator.py for tasks to queue
[2023-12-15T11:58:30.756+0000] {logging_mixin.py:154} INFO - [2023-12-15T11:58:30.756+0000] {dagbag.py:536} INFO - Filling up the DagBag from /home/airflow/.local/lib/python3.8/site-packages/airflow/example_dags/example_short_circuit_operator.py
[2023-12-15T11:58:30.763+0000] {processor.py:839} INFO - DAG(s) dict_keys(['example_short_circuit_operator']) retrieved from /home/airflow/.local/lib/python3.8/site-packages/airflow/example_dags/example_short_circuit_operator.py
[2023-12-15T11:58:30.784+0000] {logging_mixin.py:154} INFO - [2023-12-15T11:58:30.784+0000] {dag.py:2941} INFO - Sync 1 DAGs
[2023-12-15T11:58:30.797+0000] {logging_mixin.py:154} INFO - [2023-12-15T11:58:30.797+0000] {dag.py:3722} INFO - Setting next_dagrun for example_short_circuit_operator to 2023-12-14T11:58:30.797755+00:00, run_after=2023-12-15T11:58:30.797755+00:00
[2023-12-15T11:58:30.808+0000] {processor.py:179} INFO - Processing /home/airflow/.local/lib/python3.8/site-packages/airflow/example_dags/example_short_circuit_operator.py took 0.060 seconds
[2023-12-15T11:59:01.560+0000] {processor.py:157} INFO - Started process (PID=2250) to work on /home/airflow/.local/lib/python3.8/site-packages/airflow/example_dags/example_short_circuit_operator.py
[2023-12-15T11:59:01.562+0000] {processor.py:829} INFO - Processing file /home/airflow/.local/lib/python3.8/site-packages/airflow/example_dags/example_short_circuit_operator.py for tasks to queue
[2023-12-15T11:59:01.564+0000] {logging_mixin.py:154} INFO - [2023-12-15T11:59:01.564+0000] {dagbag.py:536} INFO - Filling up the DagBag from /home/airflow/.local/lib/python3.8/site-packages/airflow/example_dags/example_short_circuit_operator.py
[2023-12-15T11:59:01.570+0000] {processor.py:839} INFO - DAG(s) dict_keys(['example_short_circuit_operator']) retrieved from /home/airflow/.local/lib/python3.8/site-packages/airflow/example_dags/example_short_circuit_operator.py
[2023-12-15T11:59:01.591+0000] {logging_mixin.py:154} INFO - [2023-12-15T11:59:01.591+0000] {dag.py:2941} INFO - Sync 1 DAGs
[2023-12-15T11:59:01.608+0000] {logging_mixin.py:154} INFO - [2023-12-15T11:59:01.608+0000] {dag.py:3722} INFO - Setting next_dagrun for example_short_circuit_operator to 2023-12-14T11:59:01.607876+00:00, run_after=2023-12-15T11:59:01.607876+00:00
[2023-12-15T11:59:01.621+0000] {processor.py:179} INFO - Processing /home/airflow/.local/lib/python3.8/site-packages/airflow/example_dags/example_short_circuit_operator.py took 0.066 seconds
[2023-12-15T11:59:31.866+0000] {processor.py:157} INFO - Started process (PID=2304) to work on /home/airflow/.local/lib/python3.8/site-packages/airflow/example_dags/example_short_circuit_operator.py
[2023-12-15T11:59:31.868+0000] {processor.py:829} INFO - Processing file /home/airflow/.local/lib/python3.8/site-packages/airflow/example_dags/example_short_circuit_operator.py for tasks to queue
[2023-12-15T11:59:31.871+0000] {logging_mixin.py:154} INFO - [2023-12-15T11:59:31.870+0000] {dagbag.py:536} INFO - Filling up the DagBag from /home/airflow/.local/lib/python3.8/site-packages/airflow/example_dags/example_short_circuit_operator.py
[2023-12-15T11:59:31.881+0000] {processor.py:839} INFO - DAG(s) dict_keys(['example_short_circuit_operator']) retrieved from /home/airflow/.local/lib/python3.8/site-packages/airflow/example_dags/example_short_circuit_operator.py
[2023-12-15T11:59:31.901+0000] {logging_mixin.py:154} INFO - [2023-12-15T11:59:31.901+0000] {dag.py:2941} INFO - Sync 1 DAGs
[2023-12-15T11:59:31.914+0000] {logging_mixin.py:154} INFO - [2023-12-15T11:59:31.914+0000] {dag.py:3722} INFO - Setting next_dagrun for example_short_circuit_operator to 2023-12-14T11:59:31.914256+00:00, run_after=2023-12-15T11:59:31.914256+00:00
[2023-12-15T11:59:31.929+0000] {processor.py:179} INFO - Processing /home/airflow/.local/lib/python3.8/site-packages/airflow/example_dags/example_short_circuit_operator.py took 0.067 seconds
[2023-12-15T12:00:02.800+0000] {processor.py:157} INFO - Started process (PID=2357) to work on /home/airflow/.local/lib/python3.8/site-packages/airflow/example_dags/example_short_circuit_operator.py
[2023-12-15T12:00:02.808+0000] {processor.py:829} INFO - Processing file /home/airflow/.local/lib/python3.8/site-packages/airflow/example_dags/example_short_circuit_operator.py for tasks to queue
[2023-12-15T12:00:02.826+0000] {logging_mixin.py:154} INFO - [2023-12-15T12:00:02.822+0000] {dagbag.py:536} INFO - Filling up the DagBag from /home/airflow/.local/lib/python3.8/site-packages/airflow/example_dags/example_short_circuit_operator.py
[2023-12-15T12:00:02.851+0000] {processor.py:839} INFO - DAG(s) dict_keys(['example_short_circuit_operator']) retrieved from /home/airflow/.local/lib/python3.8/site-packages/airflow/example_dags/example_short_circuit_operator.py
[2023-12-15T12:00:02.939+0000] {logging_mixin.py:154} INFO - [2023-12-15T12:00:02.938+0000] {dag.py:2941} INFO - Sync 1 DAGs
[2023-12-15T12:00:02.992+0000] {logging_mixin.py:154} INFO - [2023-12-15T12:00:02.991+0000] {dag.py:3722} INFO - Setting next_dagrun for example_short_circuit_operator to 2023-12-14T12:00:02.991088+00:00, run_after=2023-12-15T12:00:02.991088+00:00
[2023-12-15T12:00:03.028+0000] {processor.py:179} INFO - Processing /home/airflow/.local/lib/python3.8/site-packages/airflow/example_dags/example_short_circuit_operator.py took 0.261 seconds
[2023-12-15T12:00:33.759+0000] {processor.py:157} INFO - Started process (PID=2411) to work on /home/airflow/.local/lib/python3.8/site-packages/airflow/example_dags/example_short_circuit_operator.py
[2023-12-15T12:00:33.767+0000] {processor.py:829} INFO - Processing file /home/airflow/.local/lib/python3.8/site-packages/airflow/example_dags/example_short_circuit_operator.py for tasks to queue
[2023-12-15T12:00:33.816+0000] {logging_mixin.py:154} INFO - [2023-12-15T12:00:33.813+0000] {dagbag.py:536} INFO - Filling up the DagBag from /home/airflow/.local/lib/python3.8/site-packages/airflow/example_dags/example_short_circuit_operator.py
[2023-12-15T12:00:33.869+0000] {processor.py:839} INFO - DAG(s) dict_keys(['example_short_circuit_operator']) retrieved from /home/airflow/.local/lib/python3.8/site-packages/airflow/example_dags/example_short_circuit_operator.py
[2023-12-15T12:00:33.931+0000] {logging_mixin.py:154} INFO - [2023-12-15T12:00:33.931+0000] {dag.py:2941} INFO - Sync 1 DAGs
[2023-12-15T12:00:34.057+0000] {logging_mixin.py:154} INFO - [2023-12-15T12:00:34.056+0000] {dag.py:3722} INFO - Setting next_dagrun for example_short_circuit_operator to 2023-12-14T12:00:34.055428+00:00, run_after=2023-12-15T12:00:34.055428+00:00
[2023-12-15T12:00:34.099+0000] {processor.py:179} INFO - Processing /home/airflow/.local/lib/python3.8/site-packages/airflow/example_dags/example_short_circuit_operator.py took 0.354 seconds
[2023-12-15T12:01:04.389+0000] {processor.py:157} INFO - Started process (PID=2465) to work on /home/airflow/.local/lib/python3.8/site-packages/airflow/example_dags/example_short_circuit_operator.py
[2023-12-15T12:01:04.402+0000] {processor.py:829} INFO - Processing file /home/airflow/.local/lib/python3.8/site-packages/airflow/example_dags/example_short_circuit_operator.py for tasks to queue
[2023-12-15T12:01:04.410+0000] {logging_mixin.py:154} INFO - [2023-12-15T12:01:04.410+0000] {dagbag.py:536} INFO - Filling up the DagBag from /home/airflow/.local/lib/python3.8/site-packages/airflow/example_dags/example_short_circuit_operator.py
[2023-12-15T12:01:04.430+0000] {processor.py:839} INFO - DAG(s) dict_keys(['example_short_circuit_operator']) retrieved from /home/airflow/.local/lib/python3.8/site-packages/airflow/example_dags/example_short_circuit_operator.py
[2023-12-15T12:01:04.625+0000] {logging_mixin.py:154} INFO - [2023-12-15T12:01:04.625+0000] {dag.py:2941} INFO - Sync 1 DAGs
[2023-12-15T12:01:04.751+0000] {logging_mixin.py:154} INFO - [2023-12-15T12:01:04.751+0000] {dag.py:3722} INFO - Setting next_dagrun for example_short_circuit_operator to 2023-12-14T12:01:04.751499+00:00, run_after=2023-12-15T12:01:04.751499+00:00
[2023-12-15T12:01:04.834+0000] {processor.py:179} INFO - Processing /home/airflow/.local/lib/python3.8/site-packages/airflow/example_dags/example_short_circuit_operator.py took 0.463 seconds
[2023-12-15T12:01:35.544+0000] {processor.py:157} INFO - Started process (PID=2519) to work on /home/airflow/.local/lib/python3.8/site-packages/airflow/example_dags/example_short_circuit_operator.py
[2023-12-15T12:01:35.546+0000] {processor.py:829} INFO - Processing file /home/airflow/.local/lib/python3.8/site-packages/airflow/example_dags/example_short_circuit_operator.py for tasks to queue
[2023-12-15T12:01:35.549+0000] {logging_mixin.py:154} INFO - [2023-12-15T12:01:35.549+0000] {dagbag.py:536} INFO - Filling up the DagBag from /home/airflow/.local/lib/python3.8/site-packages/airflow/example_dags/example_short_circuit_operator.py
[2023-12-15T12:01:35.561+0000] {processor.py:839} INFO - DAG(s) dict_keys(['example_short_circuit_operator']) retrieved from /home/airflow/.local/lib/python3.8/site-packages/airflow/example_dags/example_short_circuit_operator.py
[2023-12-15T12:01:35.596+0000] {logging_mixin.py:154} INFO - [2023-12-15T12:01:35.596+0000] {dag.py:2941} INFO - Sync 1 DAGs
[2023-12-15T12:01:35.619+0000] {logging_mixin.py:154} INFO - [2023-12-15T12:01:35.619+0000] {dag.py:3722} INFO - Setting next_dagrun for example_short_circuit_operator to 2023-12-14T12:01:35.618794+00:00, run_after=2023-12-15T12:01:35.618794+00:00
[2023-12-15T12:01:35.643+0000] {processor.py:179} INFO - Processing /home/airflow/.local/lib/python3.8/site-packages/airflow/example_dags/example_short_circuit_operator.py took 0.105 seconds
[2023-12-15T12:02:06.389+0000] {processor.py:157} INFO - Started process (PID=2573) to work on /home/airflow/.local/lib/python3.8/site-packages/airflow/example_dags/example_short_circuit_operator.py
[2023-12-15T12:02:06.466+0000] {processor.py:829} INFO - Processing file /home/airflow/.local/lib/python3.8/site-packages/airflow/example_dags/example_short_circuit_operator.py for tasks to queue
[2023-12-15T12:02:06.518+0000] {logging_mixin.py:154} INFO - [2023-12-15T12:02:06.516+0000] {dagbag.py:536} INFO - Filling up the DagBag from /home/airflow/.local/lib/python3.8/site-packages/airflow/example_dags/example_short_circuit_operator.py
[2023-12-15T12:02:06.557+0000] {processor.py:839} INFO - DAG(s) dict_keys(['example_short_circuit_operator']) retrieved from /home/airflow/.local/lib/python3.8/site-packages/airflow/example_dags/example_short_circuit_operator.py
[2023-12-15T12:02:06.718+0000] {logging_mixin.py:154} INFO - [2023-12-15T12:02:06.718+0000] {dag.py:2941} INFO - Sync 1 DAGs
[2023-12-15T12:02:06.782+0000] {logging_mixin.py:154} INFO - [2023-12-15T12:02:06.781+0000] {dag.py:3722} INFO - Setting next_dagrun for example_short_circuit_operator to 2023-12-14T12:02:06.781033+00:00, run_after=2023-12-15T12:02:06.781033+00:00
[2023-12-15T12:02:07.079+0000] {processor.py:179} INFO - Processing /home/airflow/.local/lib/python3.8/site-packages/airflow/example_dags/example_short_circuit_operator.py took 0.695 seconds
[2023-12-15T12:02:37.972+0000] {processor.py:157} INFO - Started process (PID=2627) to work on /home/airflow/.local/lib/python3.8/site-packages/airflow/example_dags/example_short_circuit_operator.py
[2023-12-15T12:02:37.976+0000] {processor.py:829} INFO - Processing file /home/airflow/.local/lib/python3.8/site-packages/airflow/example_dags/example_short_circuit_operator.py for tasks to queue
[2023-12-15T12:02:37.981+0000] {logging_mixin.py:154} INFO - [2023-12-15T12:02:37.980+0000] {dagbag.py:536} INFO - Filling up the DagBag from /home/airflow/.local/lib/python3.8/site-packages/airflow/example_dags/example_short_circuit_operator.py
[2023-12-15T12:02:37.994+0000] {processor.py:839} INFO - DAG(s) dict_keys(['example_short_circuit_operator']) retrieved from /home/airflow/.local/lib/python3.8/site-packages/airflow/example_dags/example_short_circuit_operator.py
[2023-12-15T12:02:38.079+0000] {logging_mixin.py:154} INFO - [2023-12-15T12:02:38.079+0000] {dag.py:2941} INFO - Sync 1 DAGs
[2023-12-15T12:02:38.124+0000] {logging_mixin.py:154} INFO - [2023-12-15T12:02:38.124+0000] {dag.py:3722} INFO - Setting next_dagrun for example_short_circuit_operator to 2023-12-14T12:02:38.123680+00:00, run_after=2023-12-15T12:02:38.123680+00:00
[2023-12-15T12:02:38.154+0000] {processor.py:179} INFO - Processing /home/airflow/.local/lib/python3.8/site-packages/airflow/example_dags/example_short_circuit_operator.py took 0.204 seconds
[2023-12-15T12:03:08.797+0000] {processor.py:157} INFO - Started process (PID=2681) to work on /home/airflow/.local/lib/python3.8/site-packages/airflow/example_dags/example_short_circuit_operator.py
[2023-12-15T12:03:08.815+0000] {processor.py:829} INFO - Processing file /home/airflow/.local/lib/python3.8/site-packages/airflow/example_dags/example_short_circuit_operator.py for tasks to queue
[2023-12-15T12:03:08.847+0000] {logging_mixin.py:154} INFO - [2023-12-15T12:03:08.847+0000] {dagbag.py:536} INFO - Filling up the DagBag from /home/airflow/.local/lib/python3.8/site-packages/airflow/example_dags/example_short_circuit_operator.py
[2023-12-15T12:03:08.920+0000] {processor.py:839} INFO - DAG(s) dict_keys(['example_short_circuit_operator']) retrieved from /home/airflow/.local/lib/python3.8/site-packages/airflow/example_dags/example_short_circuit_operator.py
[2023-12-15T12:03:08.969+0000] {logging_mixin.py:154} INFO - [2023-12-15T12:03:08.968+0000] {dag.py:2941} INFO - Sync 1 DAGs
[2023-12-15T12:03:09.022+0000] {logging_mixin.py:154} INFO - [2023-12-15T12:03:09.022+0000] {dag.py:3722} INFO - Setting next_dagrun for example_short_circuit_operator to 2023-12-14T12:03:09.021629+00:00, run_after=2023-12-15T12:03:09.021629+00:00
[2023-12-15T12:03:09.116+0000] {processor.py:179} INFO - Processing /home/airflow/.local/lib/python3.8/site-packages/airflow/example_dags/example_short_circuit_operator.py took 0.381 seconds
[2023-12-15T12:03:39.866+0000] {processor.py:157} INFO - Started process (PID=2735) to work on /home/airflow/.local/lib/python3.8/site-packages/airflow/example_dags/example_short_circuit_operator.py
[2023-12-15T12:03:39.868+0000] {processor.py:829} INFO - Processing file /home/airflow/.local/lib/python3.8/site-packages/airflow/example_dags/example_short_circuit_operator.py for tasks to queue
[2023-12-15T12:03:39.873+0000] {logging_mixin.py:154} INFO - [2023-12-15T12:03:39.872+0000] {dagbag.py:536} INFO - Filling up the DagBag from /home/airflow/.local/lib/python3.8/site-packages/airflow/example_dags/example_short_circuit_operator.py
[2023-12-15T12:03:39.896+0000] {processor.py:839} INFO - DAG(s) dict_keys(['example_short_circuit_operator']) retrieved from /home/airflow/.local/lib/python3.8/site-packages/airflow/example_dags/example_short_circuit_operator.py
[2023-12-15T12:03:39.962+0000] {logging_mixin.py:154} INFO - [2023-12-15T12:03:39.962+0000] {dag.py:2941} INFO - Sync 1 DAGs
[2023-12-15T12:03:39.981+0000] {logging_mixin.py:154} INFO - [2023-12-15T12:03:39.981+0000] {dag.py:3722} INFO - Setting next_dagrun for example_short_circuit_operator to 2023-12-14T12:03:39.981181+00:00, run_after=2023-12-15T12:03:39.981181+00:00
[2023-12-15T12:03:40.006+0000] {processor.py:179} INFO - Processing /home/airflow/.local/lib/python3.8/site-packages/airflow/example_dags/example_short_circuit_operator.py took 0.148 seconds
[2023-12-15T12:04:10.995+0000] {processor.py:157} INFO - Started process (PID=2789) to work on /home/airflow/.local/lib/python3.8/site-packages/airflow/example_dags/example_short_circuit_operator.py
[2023-12-15T12:04:10.996+0000] {processor.py:829} INFO - Processing file /home/airflow/.local/lib/python3.8/site-packages/airflow/example_dags/example_short_circuit_operator.py for tasks to queue
[2023-12-15T12:04:11.000+0000] {logging_mixin.py:154} INFO - [2023-12-15T12:04:10.999+0000] {dagbag.py:536} INFO - Filling up the DagBag from /home/airflow/.local/lib/python3.8/site-packages/airflow/example_dags/example_short_circuit_operator.py
[2023-12-15T12:04:11.012+0000] {processor.py:839} INFO - DAG(s) dict_keys(['example_short_circuit_operator']) retrieved from /home/airflow/.local/lib/python3.8/site-packages/airflow/example_dags/example_short_circuit_operator.py
[2023-12-15T12:04:11.045+0000] {logging_mixin.py:154} INFO - [2023-12-15T12:04:11.044+0000] {dag.py:2941} INFO - Sync 1 DAGs
[2023-12-15T12:04:11.073+0000] {logging_mixin.py:154} INFO - [2023-12-15T12:04:11.072+0000] {dag.py:3722} INFO - Setting next_dagrun for example_short_circuit_operator to 2023-12-14T12:04:11.072355+00:00, run_after=2023-12-15T12:04:11.072355+00:00
[2023-12-15T12:04:11.099+0000] {processor.py:179} INFO - Processing /home/airflow/.local/lib/python3.8/site-packages/airflow/example_dags/example_short_circuit_operator.py took 0.110 seconds
[2023-12-15T12:04:42.301+0000] {processor.py:157} INFO - Started process (PID=2843) to work on /home/airflow/.local/lib/python3.8/site-packages/airflow/example_dags/example_short_circuit_operator.py
[2023-12-15T12:04:42.303+0000] {processor.py:829} INFO - Processing file /home/airflow/.local/lib/python3.8/site-packages/airflow/example_dags/example_short_circuit_operator.py for tasks to queue
[2023-12-15T12:04:42.305+0000] {logging_mixin.py:154} INFO - [2023-12-15T12:04:42.304+0000] {dagbag.py:536} INFO - Filling up the DagBag from /home/airflow/.local/lib/python3.8/site-packages/airflow/example_dags/example_short_circuit_operator.py
[2023-12-15T12:04:42.317+0000] {processor.py:839} INFO - DAG(s) dict_keys(['example_short_circuit_operator']) retrieved from /home/airflow/.local/lib/python3.8/site-packages/airflow/example_dags/example_short_circuit_operator.py
[2023-12-15T12:04:42.341+0000] {logging_mixin.py:154} INFO - [2023-12-15T12:04:42.341+0000] {dag.py:2941} INFO - Sync 1 DAGs
[2023-12-15T12:04:42.367+0000] {logging_mixin.py:154} INFO - [2023-12-15T12:04:42.366+0000] {dag.py:3722} INFO - Setting next_dagrun for example_short_circuit_operator to 2023-12-14T12:04:42.366552+00:00, run_after=2023-12-15T12:04:42.366552+00:00
[2023-12-15T12:04:42.382+0000] {processor.py:179} INFO - Processing /home/airflow/.local/lib/python3.8/site-packages/airflow/example_dags/example_short_circuit_operator.py took 0.084 seconds
[2023-12-15T12:05:13.503+0000] {processor.py:157} INFO - Started process (PID=2897) to work on /home/airflow/.local/lib/python3.8/site-packages/airflow/example_dags/example_short_circuit_operator.py
[2023-12-15T12:05:13.508+0000] {processor.py:829} INFO - Processing file /home/airflow/.local/lib/python3.8/site-packages/airflow/example_dags/example_short_circuit_operator.py for tasks to queue
[2023-12-15T12:05:13.514+0000] {logging_mixin.py:154} INFO - [2023-12-15T12:05:13.513+0000] {dagbag.py:536} INFO - Filling up the DagBag from /home/airflow/.local/lib/python3.8/site-packages/airflow/example_dags/example_short_circuit_operator.py
[2023-12-15T12:05:13.528+0000] {processor.py:839} INFO - DAG(s) dict_keys(['example_short_circuit_operator']) retrieved from /home/airflow/.local/lib/python3.8/site-packages/airflow/example_dags/example_short_circuit_operator.py
[2023-12-15T12:05:13.582+0000] {logging_mixin.py:154} INFO - [2023-12-15T12:05:13.582+0000] {dag.py:2941} INFO - Sync 1 DAGs
[2023-12-15T12:05:13.759+0000] {logging_mixin.py:154} INFO - [2023-12-15T12:05:13.759+0000] {dag.py:3722} INFO - Setting next_dagrun for example_short_circuit_operator to 2023-12-14T12:05:13.758429+00:00, run_after=2023-12-15T12:05:13.758429+00:00
[2023-12-15T12:05:13.831+0000] {processor.py:179} INFO - Processing /home/airflow/.local/lib/python3.8/site-packages/airflow/example_dags/example_short_circuit_operator.py took 0.334 seconds
[2023-12-15T12:05:44.229+0000] {processor.py:157} INFO - Started process (PID=2949) to work on /home/airflow/.local/lib/python3.8/site-packages/airflow/example_dags/example_short_circuit_operator.py
[2023-12-15T12:05:44.232+0000] {processor.py:829} INFO - Processing file /home/airflow/.local/lib/python3.8/site-packages/airflow/example_dags/example_short_circuit_operator.py for tasks to queue
[2023-12-15T12:05:44.235+0000] {logging_mixin.py:154} INFO - [2023-12-15T12:05:44.234+0000] {dagbag.py:536} INFO - Filling up the DagBag from /home/airflow/.local/lib/python3.8/site-packages/airflow/example_dags/example_short_circuit_operator.py
[2023-12-15T12:05:44.261+0000] {processor.py:839} INFO - DAG(s) dict_keys(['example_short_circuit_operator']) retrieved from /home/airflow/.local/lib/python3.8/site-packages/airflow/example_dags/example_short_circuit_operator.py
[2023-12-15T12:05:44.358+0000] {logging_mixin.py:154} INFO - [2023-12-15T12:05:44.357+0000] {dag.py:2941} INFO - Sync 1 DAGs
[2023-12-15T12:05:44.561+0000] {logging_mixin.py:154} INFO - [2023-12-15T12:05:44.560+0000] {dag.py:3722} INFO - Setting next_dagrun for example_short_circuit_operator to 2023-12-14T12:05:44.560538+00:00, run_after=2023-12-15T12:05:44.560538+00:00
[2023-12-15T12:05:44.598+0000] {processor.py:179} INFO - Processing /home/airflow/.local/lib/python3.8/site-packages/airflow/example_dags/example_short_circuit_operator.py took 0.372 seconds
[2023-12-15T12:06:14.741+0000] {processor.py:157} INFO - Started process (PID=3003) to work on /home/airflow/.local/lib/python3.8/site-packages/airflow/example_dags/example_short_circuit_operator.py
[2023-12-15T12:06:14.763+0000] {processor.py:829} INFO - Processing file /home/airflow/.local/lib/python3.8/site-packages/airflow/example_dags/example_short_circuit_operator.py for tasks to queue
[2023-12-15T12:06:14.771+0000] {logging_mixin.py:154} INFO - [2023-12-15T12:06:14.771+0000] {dagbag.py:536} INFO - Filling up the DagBag from /home/airflow/.local/lib/python3.8/site-packages/airflow/example_dags/example_short_circuit_operator.py
[2023-12-15T12:06:14.789+0000] {processor.py:839} INFO - DAG(s) dict_keys(['example_short_circuit_operator']) retrieved from /home/airflow/.local/lib/python3.8/site-packages/airflow/example_dags/example_short_circuit_operator.py
[2023-12-15T12:06:14.853+0000] {logging_mixin.py:154} INFO - [2023-12-15T12:06:14.853+0000] {dag.py:2941} INFO - Sync 1 DAGs
[2023-12-15T12:06:14.921+0000] {logging_mixin.py:154} INFO - [2023-12-15T12:06:14.921+0000] {dag.py:3722} INFO - Setting next_dagrun for example_short_circuit_operator to 2023-12-14T12:06:14.920908+00:00, run_after=2023-12-15T12:06:14.920908+00:00
[2023-12-15T12:06:14.962+0000] {processor.py:179} INFO - Processing /home/airflow/.local/lib/python3.8/site-packages/airflow/example_dags/example_short_circuit_operator.py took 0.227 seconds
[2023-12-15T12:06:45.967+0000] {processor.py:157} INFO - Started process (PID=3057) to work on /home/airflow/.local/lib/python3.8/site-packages/airflow/example_dags/example_short_circuit_operator.py
[2023-12-15T12:06:45.968+0000] {processor.py:829} INFO - Processing file /home/airflow/.local/lib/python3.8/site-packages/airflow/example_dags/example_short_circuit_operator.py for tasks to queue
[2023-12-15T12:06:45.971+0000] {logging_mixin.py:154} INFO - [2023-12-15T12:06:45.970+0000] {dagbag.py:536} INFO - Filling up the DagBag from /home/airflow/.local/lib/python3.8/site-packages/airflow/example_dags/example_short_circuit_operator.py
[2023-12-15T12:06:45.984+0000] {processor.py:839} INFO - DAG(s) dict_keys(['example_short_circuit_operator']) retrieved from /home/airflow/.local/lib/python3.8/site-packages/airflow/example_dags/example_short_circuit_operator.py
[2023-12-15T12:06:46.006+0000] {logging_mixin.py:154} INFO - [2023-12-15T12:06:46.006+0000] {dag.py:2941} INFO - Sync 1 DAGs
[2023-12-15T12:06:46.037+0000] {logging_mixin.py:154} INFO - [2023-12-15T12:06:46.037+0000] {dag.py:3722} INFO - Setting next_dagrun for example_short_circuit_operator to 2023-12-14T12:06:46.037055+00:00, run_after=2023-12-15T12:06:46.037055+00:00
[2023-12-15T12:06:46.064+0000] {processor.py:179} INFO - Processing /home/airflow/.local/lib/python3.8/site-packages/airflow/example_dags/example_short_circuit_operator.py took 0.102 seconds
[2023-12-15T12:07:16.601+0000] {processor.py:157} INFO - Started process (PID=3110) to work on /home/airflow/.local/lib/python3.8/site-packages/airflow/example_dags/example_short_circuit_operator.py
[2023-12-15T12:07:16.605+0000] {processor.py:829} INFO - Processing file /home/airflow/.local/lib/python3.8/site-packages/airflow/example_dags/example_short_circuit_operator.py for tasks to queue
[2023-12-15T12:07:16.617+0000] {logging_mixin.py:154} INFO - [2023-12-15T12:07:16.617+0000] {dagbag.py:536} INFO - Filling up the DagBag from /home/airflow/.local/lib/python3.8/site-packages/airflow/example_dags/example_short_circuit_operator.py
[2023-12-15T12:07:16.630+0000] {processor.py:839} INFO - DAG(s) dict_keys(['example_short_circuit_operator']) retrieved from /home/airflow/.local/lib/python3.8/site-packages/airflow/example_dags/example_short_circuit_operator.py
[2023-12-15T12:07:16.983+0000] {logging_mixin.py:154} INFO - [2023-12-15T12:07:16.983+0000] {dag.py:2941} INFO - Sync 1 DAGs
[2023-12-15T12:07:17.048+0000] {logging_mixin.py:154} INFO - [2023-12-15T12:07:17.048+0000] {dag.py:3722} INFO - Setting next_dagrun for example_short_circuit_operator to 2023-12-14T12:07:17.048013+00:00, run_after=2023-12-15T12:07:17.048013+00:00
[2023-12-15T12:07:17.085+0000] {processor.py:179} INFO - Processing /home/airflow/.local/lib/python3.8/site-packages/airflow/example_dags/example_short_circuit_operator.py took 0.488 seconds
[2023-12-15T12:07:48.178+0000] {processor.py:157} INFO - Started process (PID=3164) to work on /home/airflow/.local/lib/python3.8/site-packages/airflow/example_dags/example_short_circuit_operator.py
[2023-12-15T12:07:48.180+0000] {processor.py:829} INFO - Processing file /home/airflow/.local/lib/python3.8/site-packages/airflow/example_dags/example_short_circuit_operator.py for tasks to queue
[2023-12-15T12:07:48.183+0000] {logging_mixin.py:154} INFO - [2023-12-15T12:07:48.183+0000] {dagbag.py:536} INFO - Filling up the DagBag from /home/airflow/.local/lib/python3.8/site-packages/airflow/example_dags/example_short_circuit_operator.py
[2023-12-15T12:07:48.194+0000] {processor.py:839} INFO - DAG(s) dict_keys(['example_short_circuit_operator']) retrieved from /home/airflow/.local/lib/python3.8/site-packages/airflow/example_dags/example_short_circuit_operator.py
[2023-12-15T12:07:48.219+0000] {logging_mixin.py:154} INFO - [2023-12-15T12:07:48.219+0000] {dag.py:2941} INFO - Sync 1 DAGs
[2023-12-15T12:07:48.255+0000] {logging_mixin.py:154} INFO - [2023-12-15T12:07:48.255+0000] {dag.py:3722} INFO - Setting next_dagrun for example_short_circuit_operator to 2023-12-14T12:07:48.254672+00:00, run_after=2023-12-15T12:07:48.254672+00:00
[2023-12-15T12:07:48.277+0000] {processor.py:179} INFO - Processing /home/airflow/.local/lib/python3.8/site-packages/airflow/example_dags/example_short_circuit_operator.py took 0.102 seconds
[2023-12-15T12:08:19.289+0000] {processor.py:157} INFO - Started process (PID=3217) to work on /home/airflow/.local/lib/python3.8/site-packages/airflow/example_dags/example_short_circuit_operator.py
[2023-12-15T12:08:19.296+0000] {processor.py:829} INFO - Processing file /home/airflow/.local/lib/python3.8/site-packages/airflow/example_dags/example_short_circuit_operator.py for tasks to queue
[2023-12-15T12:08:19.302+0000] {logging_mixin.py:154} INFO - [2023-12-15T12:08:19.302+0000] {dagbag.py:536} INFO - Filling up the DagBag from /home/airflow/.local/lib/python3.8/site-packages/airflow/example_dags/example_short_circuit_operator.py
[2023-12-15T12:08:19.316+0000] {processor.py:839} INFO - DAG(s) dict_keys(['example_short_circuit_operator']) retrieved from /home/airflow/.local/lib/python3.8/site-packages/airflow/example_dags/example_short_circuit_operator.py
[2023-12-15T12:08:19.367+0000] {logging_mixin.py:154} INFO - [2023-12-15T12:08:19.367+0000] {dag.py:2941} INFO - Sync 1 DAGs
[2023-12-15T12:08:19.402+0000] {logging_mixin.py:154} INFO - [2023-12-15T12:08:19.402+0000] {dag.py:3722} INFO - Setting next_dagrun for example_short_circuit_operator to 2023-12-14T12:08:19.401967+00:00, run_after=2023-12-15T12:08:19.401967+00:00
[2023-12-15T12:08:19.429+0000] {processor.py:179} INFO - Processing /home/airflow/.local/lib/python3.8/site-packages/airflow/example_dags/example_short_circuit_operator.py took 0.148 seconds
[2023-12-15T12:08:50.785+0000] {processor.py:157} INFO - Started process (PID=3269) to work on /home/airflow/.local/lib/python3.8/site-packages/airflow/example_dags/example_short_circuit_operator.py
[2023-12-15T12:08:50.793+0000] {processor.py:829} INFO - Processing file /home/airflow/.local/lib/python3.8/site-packages/airflow/example_dags/example_short_circuit_operator.py for tasks to queue
[2023-12-15T12:08:50.800+0000] {logging_mixin.py:154} INFO - [2023-12-15T12:08:50.798+0000] {dagbag.py:536} INFO - Filling up the DagBag from /home/airflow/.local/lib/python3.8/site-packages/airflow/example_dags/example_short_circuit_operator.py
[2023-12-15T12:08:50.835+0000] {processor.py:839} INFO - DAG(s) dict_keys(['example_short_circuit_operator']) retrieved from /home/airflow/.local/lib/python3.8/site-packages/airflow/example_dags/example_short_circuit_operator.py
[2023-12-15T12:08:50.916+0000] {logging_mixin.py:154} INFO - [2023-12-15T12:08:50.915+0000] {dag.py:2941} INFO - Sync 1 DAGs
[2023-12-15T12:08:50.992+0000] {logging_mixin.py:154} INFO - [2023-12-15T12:08:50.991+0000] {dag.py:3722} INFO - Setting next_dagrun for example_short_circuit_operator to 2023-12-14T12:08:50.990691+00:00, run_after=2023-12-15T12:08:50.990691+00:00
[2023-12-15T12:08:51.039+0000] {processor.py:179} INFO - Processing /home/airflow/.local/lib/python3.8/site-packages/airflow/example_dags/example_short_circuit_operator.py took 0.283 seconds
[2023-12-15T12:09:21.121+0000] {processor.py:157} INFO - Started process (PID=3323) to work on /home/airflow/.local/lib/python3.8/site-packages/airflow/example_dags/example_short_circuit_operator.py
[2023-12-15T12:09:21.125+0000] {processor.py:829} INFO - Processing file /home/airflow/.local/lib/python3.8/site-packages/airflow/example_dags/example_short_circuit_operator.py for tasks to queue
[2023-12-15T12:09:21.132+0000] {logging_mixin.py:154} INFO - [2023-12-15T12:09:21.132+0000] {dagbag.py:536} INFO - Filling up the DagBag from /home/airflow/.local/lib/python3.8/site-packages/airflow/example_dags/example_short_circuit_operator.py
[2023-12-15T12:09:21.149+0000] {processor.py:839} INFO - DAG(s) dict_keys(['example_short_circuit_operator']) retrieved from /home/airflow/.local/lib/python3.8/site-packages/airflow/example_dags/example_short_circuit_operator.py
[2023-12-15T12:09:21.214+0000] {logging_mixin.py:154} INFO - [2023-12-15T12:09:21.214+0000] {dag.py:2941} INFO - Sync 1 DAGs
[2023-12-15T12:09:21.236+0000] {logging_mixin.py:154} INFO - [2023-12-15T12:09:21.236+0000] {dag.py:3722} INFO - Setting next_dagrun for example_short_circuit_operator to 2023-12-14T12:09:21.236306+00:00, run_after=2023-12-15T12:09:21.236306+00:00
[2023-12-15T12:09:21.271+0000] {processor.py:179} INFO - Processing /home/airflow/.local/lib/python3.8/site-packages/airflow/example_dags/example_short_circuit_operator.py took 0.161 seconds
[2023-12-15T12:09:51.694+0000] {processor.py:157} INFO - Started process (PID=3376) to work on /home/airflow/.local/lib/python3.8/site-packages/airflow/example_dags/example_short_circuit_operator.py
[2023-12-15T12:09:51.695+0000] {processor.py:829} INFO - Processing file /home/airflow/.local/lib/python3.8/site-packages/airflow/example_dags/example_short_circuit_operator.py for tasks to queue
[2023-12-15T12:09:51.702+0000] {logging_mixin.py:154} INFO - [2023-12-15T12:09:51.701+0000] {dagbag.py:536} INFO - Filling up the DagBag from /home/airflow/.local/lib/python3.8/site-packages/airflow/example_dags/example_short_circuit_operator.py
[2023-12-15T12:09:51.724+0000] {processor.py:839} INFO - DAG(s) dict_keys(['example_short_circuit_operator']) retrieved from /home/airflow/.local/lib/python3.8/site-packages/airflow/example_dags/example_short_circuit_operator.py
[2023-12-15T12:09:51.782+0000] {logging_mixin.py:154} INFO - [2023-12-15T12:09:51.782+0000] {dag.py:2941} INFO - Sync 1 DAGs
[2023-12-15T12:09:51.828+0000] {logging_mixin.py:154} INFO - [2023-12-15T12:09:51.827+0000] {dag.py:3722} INFO - Setting next_dagrun for example_short_circuit_operator to 2023-12-14T12:09:51.827205+00:00, run_after=2023-12-15T12:09:51.827205+00:00
[2023-12-15T12:09:51.919+0000] {processor.py:179} INFO - Processing /home/airflow/.local/lib/python3.8/site-packages/airflow/example_dags/example_short_circuit_operator.py took 0.230 seconds
[2023-12-15T12:10:22.133+0000] {processor.py:157} INFO - Started process (PID=3429) to work on /home/airflow/.local/lib/python3.8/site-packages/airflow/example_dags/example_short_circuit_operator.py
[2023-12-15T12:10:22.136+0000] {processor.py:829} INFO - Processing file /home/airflow/.local/lib/python3.8/site-packages/airflow/example_dags/example_short_circuit_operator.py for tasks to queue
[2023-12-15T12:10:22.141+0000] {logging_mixin.py:154} INFO - [2023-12-15T12:10:22.141+0000] {dagbag.py:536} INFO - Filling up the DagBag from /home/airflow/.local/lib/python3.8/site-packages/airflow/example_dags/example_short_circuit_operator.py
[2023-12-15T12:10:22.175+0000] {processor.py:839} INFO - DAG(s) dict_keys(['example_short_circuit_operator']) retrieved from /home/airflow/.local/lib/python3.8/site-packages/airflow/example_dags/example_short_circuit_operator.py
[2023-12-15T12:10:22.225+0000] {logging_mixin.py:154} INFO - [2023-12-15T12:10:22.225+0000] {dag.py:2941} INFO - Sync 1 DAGs
[2023-12-15T12:10:22.265+0000] {logging_mixin.py:154} INFO - [2023-12-15T12:10:22.265+0000] {dag.py:3722} INFO - Setting next_dagrun for example_short_circuit_operator to 2023-12-14T12:10:22.264715+00:00, run_after=2023-12-15T12:10:22.264715+00:00
[2023-12-15T12:10:22.291+0000] {processor.py:179} INFO - Processing /home/airflow/.local/lib/python3.8/site-packages/airflow/example_dags/example_short_circuit_operator.py took 0.165 seconds
