[2023-12-15T11:36:53.607+0000] {processor.py:157} INFO - Started process (PID=42) to work on /home/airflow/.local/lib/python3.8/site-packages/airflow/example_dags/example_params_trigger_ui.py
[2023-12-15T11:36:53.608+0000] {processor.py:829} INFO - Processing file /home/airflow/.local/lib/python3.8/site-packages/airflow/example_dags/example_params_trigger_ui.py for tasks to queue
[2023-12-15T11:36:53.611+0000] {logging_mixin.py:154} INFO - [2023-12-15T11:36:53.610+0000] {dagbag.py:536} INFO - Filling up the DagBag from /home/airflow/.local/lib/python3.8/site-packages/airflow/example_dags/example_params_trigger_ui.py
[2023-12-15T11:36:53.632+0000] {processor.py:839} INFO - DAG(s) dict_keys(['example_params_trigger_ui']) retrieved from /home/airflow/.local/lib/python3.8/site-packages/airflow/example_dags/example_params_trigger_ui.py
[2023-12-15T11:36:53.667+0000] {logging_mixin.py:154} INFO - [2023-12-15T11:36:53.666+0000] {dag.py:2941} INFO - Sync 1 DAGs
[2023-12-15T11:36:53.700+0000] {logging_mixin.py:154} INFO - [2023-12-15T11:36:53.700+0000] {dag.py:3722} INFO - Setting next_dagrun for example_params_trigger_ui to None, run_after=None
[2023-12-15T11:36:53.751+0000] {processor.py:179} INFO - Processing /home/airflow/.local/lib/python3.8/site-packages/airflow/example_dags/example_params_trigger_ui.py took 0.149 seconds
[2023-12-15T11:37:25.429+0000] {processor.py:157} INFO - Started process (PID=96) to work on /home/airflow/.local/lib/python3.8/site-packages/airflow/example_dags/example_params_trigger_ui.py
[2023-12-15T11:37:25.432+0000] {processor.py:829} INFO - Processing file /home/airflow/.local/lib/python3.8/site-packages/airflow/example_dags/example_params_trigger_ui.py for tasks to queue
[2023-12-15T11:37:25.437+0000] {logging_mixin.py:154} INFO - [2023-12-15T11:37:25.437+0000] {dagbag.py:536} INFO - Filling up the DagBag from /home/airflow/.local/lib/python3.8/site-packages/airflow/example_dags/example_params_trigger_ui.py
[2023-12-15T11:37:25.504+0000] {processor.py:839} INFO - DAG(s) dict_keys(['example_params_trigger_ui']) retrieved from /home/airflow/.local/lib/python3.8/site-packages/airflow/example_dags/example_params_trigger_ui.py
[2023-12-15T11:37:25.574+0000] {logging_mixin.py:154} INFO - [2023-12-15T11:37:25.574+0000] {dag.py:2941} INFO - Sync 1 DAGs
[2023-12-15T11:37:25.587+0000] {logging_mixin.py:154} INFO - [2023-12-15T11:37:25.587+0000] {dag.py:3722} INFO - Setting next_dagrun for example_params_trigger_ui to None, run_after=None
[2023-12-15T11:37:25.598+0000] {processor.py:179} INFO - Processing /home/airflow/.local/lib/python3.8/site-packages/airflow/example_dags/example_params_trigger_ui.py took 0.175 seconds
[2023-12-15T11:37:56.526+0000] {processor.py:157} INFO - Started process (PID=150) to work on /home/airflow/.local/lib/python3.8/site-packages/airflow/example_dags/example_params_trigger_ui.py
[2023-12-15T11:37:56.526+0000] {processor.py:829} INFO - Processing file /home/airflow/.local/lib/python3.8/site-packages/airflow/example_dags/example_params_trigger_ui.py for tasks to queue
[2023-12-15T11:37:56.529+0000] {logging_mixin.py:154} INFO - [2023-12-15T11:37:56.528+0000] {dagbag.py:536} INFO - Filling up the DagBag from /home/airflow/.local/lib/python3.8/site-packages/airflow/example_dags/example_params_trigger_ui.py
[2023-12-15T11:37:56.546+0000] {processor.py:839} INFO - DAG(s) dict_keys(['example_params_trigger_ui']) retrieved from /home/airflow/.local/lib/python3.8/site-packages/airflow/example_dags/example_params_trigger_ui.py
[2023-12-15T11:37:56.581+0000] {logging_mixin.py:154} INFO - [2023-12-15T11:37:56.581+0000] {dag.py:2941} INFO - Sync 1 DAGs
[2023-12-15T11:37:56.590+0000] {logging_mixin.py:154} INFO - [2023-12-15T11:37:56.590+0000] {dag.py:3722} INFO - Setting next_dagrun for example_params_trigger_ui to None, run_after=None
[2023-12-15T11:37:56.603+0000] {processor.py:179} INFO - Processing /home/airflow/.local/lib/python3.8/site-packages/airflow/example_dags/example_params_trigger_ui.py took 0.081 seconds
[2023-12-15T11:38:27.416+0000] {processor.py:157} INFO - Started process (PID=204) to work on /home/airflow/.local/lib/python3.8/site-packages/airflow/example_dags/example_params_trigger_ui.py
[2023-12-15T11:38:27.418+0000] {processor.py:829} INFO - Processing file /home/airflow/.local/lib/python3.8/site-packages/airflow/example_dags/example_params_trigger_ui.py for tasks to queue
[2023-12-15T11:38:27.424+0000] {logging_mixin.py:154} INFO - [2023-12-15T11:38:27.423+0000] {dagbag.py:536} INFO - Filling up the DagBag from /home/airflow/.local/lib/python3.8/site-packages/airflow/example_dags/example_params_trigger_ui.py
[2023-12-15T11:38:27.484+0000] {processor.py:839} INFO - DAG(s) dict_keys(['example_params_trigger_ui']) retrieved from /home/airflow/.local/lib/python3.8/site-packages/airflow/example_dags/example_params_trigger_ui.py
[2023-12-15T11:38:27.546+0000] {logging_mixin.py:154} INFO - [2023-12-15T11:38:27.545+0000] {dag.py:2941} INFO - Sync 1 DAGs
[2023-12-15T11:38:27.572+0000] {logging_mixin.py:154} INFO - [2023-12-15T11:38:27.572+0000] {dag.py:3722} INFO - Setting next_dagrun for example_params_trigger_ui to None, run_after=None
[2023-12-15T11:38:27.627+0000] {processor.py:179} INFO - Processing /home/airflow/.local/lib/python3.8/site-packages/airflow/example_dags/example_params_trigger_ui.py took 0.216 seconds
[2023-12-15T11:39:00.333+0000] {processor.py:157} INFO - Started process (PID=258) to work on /home/airflow/.local/lib/python3.8/site-packages/airflow/example_dags/example_params_trigger_ui.py
[2023-12-15T11:39:00.341+0000] {processor.py:829} INFO - Processing file /home/airflow/.local/lib/python3.8/site-packages/airflow/example_dags/example_params_trigger_ui.py for tasks to queue
[2023-12-15T11:39:00.380+0000] {logging_mixin.py:154} INFO - [2023-12-15T11:39:00.379+0000] {dagbag.py:536} INFO - Filling up the DagBag from /home/airflow/.local/lib/python3.8/site-packages/airflow/example_dags/example_params_trigger_ui.py
[2023-12-15T11:39:00.493+0000] {processor.py:839} INFO - DAG(s) dict_keys(['example_params_trigger_ui']) retrieved from /home/airflow/.local/lib/python3.8/site-packages/airflow/example_dags/example_params_trigger_ui.py
[2023-12-15T11:39:00.699+0000] {logging_mixin.py:154} INFO - [2023-12-15T11:39:00.699+0000] {dag.py:2941} INFO - Sync 1 DAGs
[2023-12-15T11:39:00.757+0000] {logging_mixin.py:154} INFO - [2023-12-15T11:39:00.757+0000] {dag.py:3722} INFO - Setting next_dagrun for example_params_trigger_ui to None, run_after=None
[2023-12-15T11:39:00.833+0000] {processor.py:179} INFO - Processing /home/airflow/.local/lib/python3.8/site-packages/airflow/example_dags/example_params_trigger_ui.py took 0.507 seconds
[2023-12-15T11:39:31.756+0000] {processor.py:157} INFO - Started process (PID=309) to work on /home/airflow/.local/lib/python3.8/site-packages/airflow/example_dags/example_params_trigger_ui.py
[2023-12-15T11:39:31.832+0000] {processor.py:829} INFO - Processing file /home/airflow/.local/lib/python3.8/site-packages/airflow/example_dags/example_params_trigger_ui.py for tasks to queue
[2023-12-15T11:39:31.842+0000] {logging_mixin.py:154} INFO - [2023-12-15T11:39:31.842+0000] {dagbag.py:536} INFO - Filling up the DagBag from /home/airflow/.local/lib/python3.8/site-packages/airflow/example_dags/example_params_trigger_ui.py
[2023-12-15T11:39:32.219+0000] {processor.py:839} INFO - DAG(s) dict_keys(['example_params_trigger_ui']) retrieved from /home/airflow/.local/lib/python3.8/site-packages/airflow/example_dags/example_params_trigger_ui.py
[2023-12-15T11:39:32.931+0000] {logging_mixin.py:154} INFO - [2023-12-15T11:39:32.930+0000] {dag.py:2941} INFO - Sync 1 DAGs
[2023-12-15T11:39:33.124+0000] {logging_mixin.py:154} INFO - [2023-12-15T11:39:33.124+0000] {dag.py:3722} INFO - Setting next_dagrun for example_params_trigger_ui to None, run_after=None
[2023-12-15T11:39:33.399+0000] {processor.py:179} INFO - Processing /home/airflow/.local/lib/python3.8/site-packages/airflow/example_dags/example_params_trigger_ui.py took 1.670 seconds
[2023-12-15T11:40:03.875+0000] {processor.py:157} INFO - Started process (PID=369) to work on /home/airflow/.local/lib/python3.8/site-packages/airflow/example_dags/example_params_trigger_ui.py
[2023-12-15T11:40:03.879+0000] {processor.py:829} INFO - Processing file /home/airflow/.local/lib/python3.8/site-packages/airflow/example_dags/example_params_trigger_ui.py for tasks to queue
[2023-12-15T11:40:03.894+0000] {logging_mixin.py:154} INFO - [2023-12-15T11:40:03.892+0000] {dagbag.py:536} INFO - Filling up the DagBag from /home/airflow/.local/lib/python3.8/site-packages/airflow/example_dags/example_params_trigger_ui.py
[2023-12-15T11:40:04.025+0000] {processor.py:839} INFO - DAG(s) dict_keys(['example_params_trigger_ui']) retrieved from /home/airflow/.local/lib/python3.8/site-packages/airflow/example_dags/example_params_trigger_ui.py
[2023-12-15T11:40:04.160+0000] {logging_mixin.py:154} INFO - [2023-12-15T11:40:04.160+0000] {dag.py:2941} INFO - Sync 1 DAGs
[2023-12-15T11:40:04.194+0000] {logging_mixin.py:154} INFO - [2023-12-15T11:40:04.194+0000] {dag.py:3722} INFO - Setting next_dagrun for example_params_trigger_ui to None, run_after=None
[2023-12-15T11:40:04.255+0000] {processor.py:179} INFO - Processing /home/airflow/.local/lib/python3.8/site-packages/airflow/example_dags/example_params_trigger_ui.py took 0.396 seconds
[2023-12-15T11:40:34.894+0000] {processor.py:157} INFO - Started process (PID=425) to work on /home/airflow/.local/lib/python3.8/site-packages/airflow/example_dags/example_params_trigger_ui.py
[2023-12-15T11:40:34.898+0000] {processor.py:829} INFO - Processing file /home/airflow/.local/lib/python3.8/site-packages/airflow/example_dags/example_params_trigger_ui.py for tasks to queue
[2023-12-15T11:40:34.902+0000] {logging_mixin.py:154} INFO - [2023-12-15T11:40:34.902+0000] {dagbag.py:536} INFO - Filling up the DagBag from /home/airflow/.local/lib/python3.8/site-packages/airflow/example_dags/example_params_trigger_ui.py
[2023-12-15T11:40:35.090+0000] {processor.py:839} INFO - DAG(s) dict_keys(['example_params_trigger_ui']) retrieved from /home/airflow/.local/lib/python3.8/site-packages/airflow/example_dags/example_params_trigger_ui.py
[2023-12-15T11:40:35.252+0000] {logging_mixin.py:154} INFO - [2023-12-15T11:40:35.252+0000] {dag.py:2941} INFO - Sync 1 DAGs
[2023-12-15T11:40:35.296+0000] {logging_mixin.py:154} INFO - [2023-12-15T11:40:35.296+0000] {dag.py:3722} INFO - Setting next_dagrun for example_params_trigger_ui to None, run_after=None
[2023-12-15T11:40:35.355+0000] {processor.py:179} INFO - Processing /home/airflow/.local/lib/python3.8/site-packages/airflow/example_dags/example_params_trigger_ui.py took 0.476 seconds
[2023-12-15T11:41:05.654+0000] {processor.py:157} INFO - Started process (PID=478) to work on /home/airflow/.local/lib/python3.8/site-packages/airflow/example_dags/example_params_trigger_ui.py
[2023-12-15T11:41:05.656+0000] {processor.py:829} INFO - Processing file /home/airflow/.local/lib/python3.8/site-packages/airflow/example_dags/example_params_trigger_ui.py for tasks to queue
[2023-12-15T11:41:05.659+0000] {logging_mixin.py:154} INFO - [2023-12-15T11:41:05.658+0000] {dagbag.py:536} INFO - Filling up the DagBag from /home/airflow/.local/lib/python3.8/site-packages/airflow/example_dags/example_params_trigger_ui.py
[2023-12-15T11:41:05.748+0000] {processor.py:839} INFO - DAG(s) dict_keys(['example_params_trigger_ui']) retrieved from /home/airflow/.local/lib/python3.8/site-packages/airflow/example_dags/example_params_trigger_ui.py
[2023-12-15T11:41:05.822+0000] {logging_mixin.py:154} INFO - [2023-12-15T11:41:05.822+0000] {dag.py:2941} INFO - Sync 1 DAGs
[2023-12-15T11:41:05.853+0000] {logging_mixin.py:154} INFO - [2023-12-15T11:41:05.852+0000] {dag.py:3722} INFO - Setting next_dagrun for example_params_trigger_ui to None, run_after=None
[2023-12-15T11:41:05.905+0000] {processor.py:179} INFO - Processing /home/airflow/.local/lib/python3.8/site-packages/airflow/example_dags/example_params_trigger_ui.py took 0.257 seconds
[2023-12-15T11:41:47.567+0000] {processor.py:157} INFO - Started process (PID=532) to work on /home/airflow/.local/lib/python3.8/site-packages/airflow/example_dags/example_params_trigger_ui.py
[2023-12-15T11:41:47.573+0000] {processor.py:829} INFO - Processing file /home/airflow/.local/lib/python3.8/site-packages/airflow/example_dags/example_params_trigger_ui.py for tasks to queue
[2023-12-15T11:41:47.579+0000] {logging_mixin.py:154} INFO - [2023-12-15T11:41:47.579+0000] {dagbag.py:536} INFO - Filling up the DagBag from /home/airflow/.local/lib/python3.8/site-packages/airflow/example_dags/example_params_trigger_ui.py
[2023-12-15T11:41:47.672+0000] {processor.py:839} INFO - DAG(s) dict_keys(['example_params_trigger_ui']) retrieved from /home/airflow/.local/lib/python3.8/site-packages/airflow/example_dags/example_params_trigger_ui.py
[2023-12-15T11:41:47.760+0000] {logging_mixin.py:154} INFO - [2023-12-15T11:41:47.759+0000] {dag.py:2941} INFO - Sync 1 DAGs
[2023-12-15T11:41:47.781+0000] {logging_mixin.py:154} INFO - [2023-12-15T11:41:47.781+0000] {dag.py:3722} INFO - Setting next_dagrun for example_params_trigger_ui to None, run_after=None
[2023-12-15T11:41:47.806+0000] {processor.py:179} INFO - Processing /home/airflow/.local/lib/python3.8/site-packages/airflow/example_dags/example_params_trigger_ui.py took 0.249 seconds
[2023-12-15T11:42:19.771+0000] {processor.py:157} INFO - Started process (PID=587) to work on /home/airflow/.local/lib/python3.8/site-packages/airflow/example_dags/example_params_trigger_ui.py
[2023-12-15T11:42:19.775+0000] {processor.py:829} INFO - Processing file /home/airflow/.local/lib/python3.8/site-packages/airflow/example_dags/example_params_trigger_ui.py for tasks to queue
[2023-12-15T11:42:19.781+0000] {logging_mixin.py:154} INFO - [2023-12-15T11:42:19.781+0000] {dagbag.py:536} INFO - Filling up the DagBag from /home/airflow/.local/lib/python3.8/site-packages/airflow/example_dags/example_params_trigger_ui.py
[2023-12-15T11:42:19.833+0000] {processor.py:839} INFO - DAG(s) dict_keys(['example_params_trigger_ui']) retrieved from /home/airflow/.local/lib/python3.8/site-packages/airflow/example_dags/example_params_trigger_ui.py
[2023-12-15T11:42:19.934+0000] {logging_mixin.py:154} INFO - [2023-12-15T11:42:19.934+0000] {dag.py:2941} INFO - Sync 1 DAGs
[2023-12-15T11:42:19.960+0000] {logging_mixin.py:154} INFO - [2023-12-15T11:42:19.960+0000] {dag.py:3722} INFO - Setting next_dagrun for example_params_trigger_ui to None, run_after=None
[2023-12-15T11:42:19.985+0000] {processor.py:179} INFO - Processing /home/airflow/.local/lib/python3.8/site-packages/airflow/example_dags/example_params_trigger_ui.py took 0.222 seconds
[2023-12-15T11:42:53.426+0000] {processor.py:157} INFO - Started process (PID=640) to work on /home/airflow/.local/lib/python3.8/site-packages/airflow/example_dags/example_params_trigger_ui.py
[2023-12-15T11:42:53.432+0000] {processor.py:829} INFO - Processing file /home/airflow/.local/lib/python3.8/site-packages/airflow/example_dags/example_params_trigger_ui.py for tasks to queue
[2023-12-15T11:42:53.448+0000] {logging_mixin.py:154} INFO - [2023-12-15T11:42:53.447+0000] {dagbag.py:536} INFO - Filling up the DagBag from /home/airflow/.local/lib/python3.8/site-packages/airflow/example_dags/example_params_trigger_ui.py
[2023-12-15T11:42:53.601+0000] {processor.py:839} INFO - DAG(s) dict_keys(['example_params_trigger_ui']) retrieved from /home/airflow/.local/lib/python3.8/site-packages/airflow/example_dags/example_params_trigger_ui.py
[2023-12-15T11:42:53.980+0000] {logging_mixin.py:154} INFO - [2023-12-15T11:42:53.979+0000] {dag.py:2941} INFO - Sync 1 DAGs
[2023-12-15T11:42:54.198+0000] {logging_mixin.py:154} INFO - [2023-12-15T11:42:54.197+0000] {dag.py:3722} INFO - Setting next_dagrun for example_params_trigger_ui to None, run_after=None
[2023-12-15T11:42:54.308+0000] {processor.py:179} INFO - Processing /home/airflow/.local/lib/python3.8/site-packages/airflow/example_dags/example_params_trigger_ui.py took 0.893 seconds
[2023-12-15T11:43:25.036+0000] {processor.py:157} INFO - Started process (PID=693) to work on /home/airflow/.local/lib/python3.8/site-packages/airflow/example_dags/example_params_trigger_ui.py
[2023-12-15T11:43:25.039+0000] {processor.py:829} INFO - Processing file /home/airflow/.local/lib/python3.8/site-packages/airflow/example_dags/example_params_trigger_ui.py for tasks to queue
[2023-12-15T11:43:25.084+0000] {logging_mixin.py:154} INFO - [2023-12-15T11:43:25.081+0000] {dagbag.py:536} INFO - Filling up the DagBag from /home/airflow/.local/lib/python3.8/site-packages/airflow/example_dags/example_params_trigger_ui.py
[2023-12-15T11:43:25.651+0000] {processor.py:839} INFO - DAG(s) dict_keys(['example_params_trigger_ui']) retrieved from /home/airflow/.local/lib/python3.8/site-packages/airflow/example_dags/example_params_trigger_ui.py
[2023-12-15T11:43:25.905+0000] {logging_mixin.py:154} INFO - [2023-12-15T11:43:25.904+0000] {dag.py:2941} INFO - Sync 1 DAGs
[2023-12-15T11:43:25.964+0000] {logging_mixin.py:154} INFO - [2023-12-15T11:43:25.964+0000] {dag.py:3722} INFO - Setting next_dagrun for example_params_trigger_ui to None, run_after=None
[2023-12-15T11:43:26.024+0000] {processor.py:179} INFO - Processing /home/airflow/.local/lib/python3.8/site-packages/airflow/example_dags/example_params_trigger_ui.py took 1.016 seconds
[2023-12-15T11:43:56.297+0000] {processor.py:157} INFO - Started process (PID=747) to work on /home/airflow/.local/lib/python3.8/site-packages/airflow/example_dags/example_params_trigger_ui.py
[2023-12-15T11:43:56.301+0000] {processor.py:829} INFO - Processing file /home/airflow/.local/lib/python3.8/site-packages/airflow/example_dags/example_params_trigger_ui.py for tasks to queue
[2023-12-15T11:43:56.322+0000] {logging_mixin.py:154} INFO - [2023-12-15T11:43:56.319+0000] {dagbag.py:536} INFO - Filling up the DagBag from /home/airflow/.local/lib/python3.8/site-packages/airflow/example_dags/example_params_trigger_ui.py
[2023-12-15T11:43:56.425+0000] {processor.py:839} INFO - DAG(s) dict_keys(['example_params_trigger_ui']) retrieved from /home/airflow/.local/lib/python3.8/site-packages/airflow/example_dags/example_params_trigger_ui.py
[2023-12-15T11:43:56.545+0000] {logging_mixin.py:154} INFO - [2023-12-15T11:43:56.545+0000] {dag.py:2941} INFO - Sync 1 DAGs
[2023-12-15T11:43:56.583+0000] {logging_mixin.py:154} INFO - [2023-12-15T11:43:56.583+0000] {dag.py:3722} INFO - Setting next_dagrun for example_params_trigger_ui to None, run_after=None
[2023-12-15T11:43:56.609+0000] {processor.py:179} INFO - Processing /home/airflow/.local/lib/python3.8/site-packages/airflow/example_dags/example_params_trigger_ui.py took 0.336 seconds
[2023-12-15T11:44:27.562+0000] {processor.py:157} INFO - Started process (PID=801) to work on /home/airflow/.local/lib/python3.8/site-packages/airflow/example_dags/example_params_trigger_ui.py
[2023-12-15T11:44:27.566+0000] {processor.py:829} INFO - Processing file /home/airflow/.local/lib/python3.8/site-packages/airflow/example_dags/example_params_trigger_ui.py for tasks to queue
[2023-12-15T11:44:27.581+0000] {logging_mixin.py:154} INFO - [2023-12-15T11:44:27.580+0000] {dagbag.py:536} INFO - Filling up the DagBag from /home/airflow/.local/lib/python3.8/site-packages/airflow/example_dags/example_params_trigger_ui.py
[2023-12-15T11:44:27.699+0000] {processor.py:839} INFO - DAG(s) dict_keys(['example_params_trigger_ui']) retrieved from /home/airflow/.local/lib/python3.8/site-packages/airflow/example_dags/example_params_trigger_ui.py
[2023-12-15T11:44:27.888+0000] {logging_mixin.py:154} INFO - [2023-12-15T11:44:27.888+0000] {dag.py:2941} INFO - Sync 1 DAGs
[2023-12-15T11:44:27.919+0000] {logging_mixin.py:154} INFO - [2023-12-15T11:44:27.919+0000] {dag.py:3722} INFO - Setting next_dagrun for example_params_trigger_ui to None, run_after=None
[2023-12-15T11:44:27.961+0000] {processor.py:179} INFO - Processing /home/airflow/.local/lib/python3.8/site-packages/airflow/example_dags/example_params_trigger_ui.py took 0.419 seconds
[2023-12-15T11:44:58.805+0000] {processor.py:157} INFO - Started process (PID=855) to work on /home/airflow/.local/lib/python3.8/site-packages/airflow/example_dags/example_params_trigger_ui.py
[2023-12-15T11:44:58.807+0000] {processor.py:829} INFO - Processing file /home/airflow/.local/lib/python3.8/site-packages/airflow/example_dags/example_params_trigger_ui.py for tasks to queue
[2023-12-15T11:44:58.814+0000] {logging_mixin.py:154} INFO - [2023-12-15T11:44:58.813+0000] {dagbag.py:536} INFO - Filling up the DagBag from /home/airflow/.local/lib/python3.8/site-packages/airflow/example_dags/example_params_trigger_ui.py
[2023-12-15T11:44:58.911+0000] {processor.py:839} INFO - DAG(s) dict_keys(['example_params_trigger_ui']) retrieved from /home/airflow/.local/lib/python3.8/site-packages/airflow/example_dags/example_params_trigger_ui.py
[2023-12-15T11:44:59.008+0000] {logging_mixin.py:154} INFO - [2023-12-15T11:44:59.008+0000] {dag.py:2941} INFO - Sync 1 DAGs
[2023-12-15T11:44:59.040+0000] {logging_mixin.py:154} INFO - [2023-12-15T11:44:59.039+0000] {dag.py:3722} INFO - Setting next_dagrun for example_params_trigger_ui to None, run_after=None
[2023-12-15T11:44:59.070+0000] {processor.py:179} INFO - Processing /home/airflow/.local/lib/python3.8/site-packages/airflow/example_dags/example_params_trigger_ui.py took 0.281 seconds
[2023-12-15T11:45:29.964+0000] {processor.py:157} INFO - Started process (PID=909) to work on /home/airflow/.local/lib/python3.8/site-packages/airflow/example_dags/example_params_trigger_ui.py
[2023-12-15T11:45:29.968+0000] {processor.py:829} INFO - Processing file /home/airflow/.local/lib/python3.8/site-packages/airflow/example_dags/example_params_trigger_ui.py for tasks to queue
[2023-12-15T11:45:29.978+0000] {logging_mixin.py:154} INFO - [2023-12-15T11:45:29.977+0000] {dagbag.py:536} INFO - Filling up the DagBag from /home/airflow/.local/lib/python3.8/site-packages/airflow/example_dags/example_params_trigger_ui.py
[2023-12-15T11:45:30.133+0000] {processor.py:839} INFO - DAG(s) dict_keys(['example_params_trigger_ui']) retrieved from /home/airflow/.local/lib/python3.8/site-packages/airflow/example_dags/example_params_trigger_ui.py
[2023-12-15T11:45:30.269+0000] {logging_mixin.py:154} INFO - [2023-12-15T11:45:30.268+0000] {dag.py:2941} INFO - Sync 1 DAGs
[2023-12-15T11:45:30.319+0000] {logging_mixin.py:154} INFO - [2023-12-15T11:45:30.319+0000] {dag.py:3722} INFO - Setting next_dagrun for example_params_trigger_ui to None, run_after=None
[2023-12-15T11:45:30.434+0000] {processor.py:179} INFO - Processing /home/airflow/.local/lib/python3.8/site-packages/airflow/example_dags/example_params_trigger_ui.py took 0.490 seconds
[2023-12-15T11:46:01.666+0000] {processor.py:157} INFO - Started process (PID=963) to work on /home/airflow/.local/lib/python3.8/site-packages/airflow/example_dags/example_params_trigger_ui.py
[2023-12-15T11:46:01.669+0000] {processor.py:829} INFO - Processing file /home/airflow/.local/lib/python3.8/site-packages/airflow/example_dags/example_params_trigger_ui.py for tasks to queue
[2023-12-15T11:46:01.676+0000] {logging_mixin.py:154} INFO - [2023-12-15T11:46:01.675+0000] {dagbag.py:536} INFO - Filling up the DagBag from /home/airflow/.local/lib/python3.8/site-packages/airflow/example_dags/example_params_trigger_ui.py
[2023-12-15T11:46:01.727+0000] {processor.py:839} INFO - DAG(s) dict_keys(['example_params_trigger_ui']) retrieved from /home/airflow/.local/lib/python3.8/site-packages/airflow/example_dags/example_params_trigger_ui.py
[2023-12-15T11:46:01.833+0000] {logging_mixin.py:154} INFO - [2023-12-15T11:46:01.832+0000] {dag.py:2941} INFO - Sync 1 DAGs
[2023-12-15T11:46:01.870+0000] {logging_mixin.py:154} INFO - [2023-12-15T11:46:01.870+0000] {dag.py:3722} INFO - Setting next_dagrun for example_params_trigger_ui to None, run_after=None
[2023-12-15T11:46:01.917+0000] {processor.py:179} INFO - Processing /home/airflow/.local/lib/python3.8/site-packages/airflow/example_dags/example_params_trigger_ui.py took 0.266 seconds
[2023-12-15T11:46:32.515+0000] {processor.py:157} INFO - Started process (PID=1014) to work on /home/airflow/.local/lib/python3.8/site-packages/airflow/example_dags/example_params_trigger_ui.py
[2023-12-15T11:46:32.518+0000] {processor.py:829} INFO - Processing file /home/airflow/.local/lib/python3.8/site-packages/airflow/example_dags/example_params_trigger_ui.py for tasks to queue
[2023-12-15T11:46:32.528+0000] {logging_mixin.py:154} INFO - [2023-12-15T11:46:32.527+0000] {dagbag.py:536} INFO - Filling up the DagBag from /home/airflow/.local/lib/python3.8/site-packages/airflow/example_dags/example_params_trigger_ui.py
[2023-12-15T11:46:32.603+0000] {processor.py:839} INFO - DAG(s) dict_keys(['example_params_trigger_ui']) retrieved from /home/airflow/.local/lib/python3.8/site-packages/airflow/example_dags/example_params_trigger_ui.py
[2023-12-15T11:46:32.686+0000] {logging_mixin.py:154} INFO - [2023-12-15T11:46:32.686+0000] {dag.py:2941} INFO - Sync 1 DAGs
[2023-12-15T11:46:32.714+0000] {logging_mixin.py:154} INFO - [2023-12-15T11:46:32.714+0000] {dag.py:3722} INFO - Setting next_dagrun for example_params_trigger_ui to None, run_after=None
[2023-12-15T11:46:32.759+0000] {processor.py:179} INFO - Processing /home/airflow/.local/lib/python3.8/site-packages/airflow/example_dags/example_params_trigger_ui.py took 0.257 seconds
[2023-12-15T11:47:05.301+0000] {processor.py:157} INFO - Started process (PID=1068) to work on /home/airflow/.local/lib/python3.8/site-packages/airflow/example_dags/example_params_trigger_ui.py
[2023-12-15T11:47:05.307+0000] {processor.py:829} INFO - Processing file /home/airflow/.local/lib/python3.8/site-packages/airflow/example_dags/example_params_trigger_ui.py for tasks to queue
[2023-12-15T11:47:05.322+0000] {logging_mixin.py:154} INFO - [2023-12-15T11:47:05.321+0000] {dagbag.py:536} INFO - Filling up the DagBag from /home/airflow/.local/lib/python3.8/site-packages/airflow/example_dags/example_params_trigger_ui.py
[2023-12-15T11:47:05.383+0000] {processor.py:839} INFO - DAG(s) dict_keys(['example_params_trigger_ui']) retrieved from /home/airflow/.local/lib/python3.8/site-packages/airflow/example_dags/example_params_trigger_ui.py
[2023-12-15T11:47:05.452+0000] {logging_mixin.py:154} INFO - [2023-12-15T11:47:05.452+0000] {dag.py:2941} INFO - Sync 1 DAGs
[2023-12-15T11:47:05.483+0000] {logging_mixin.py:154} INFO - [2023-12-15T11:47:05.483+0000] {dag.py:3722} INFO - Setting next_dagrun for example_params_trigger_ui to None, run_after=None
[2023-12-15T11:47:05.515+0000] {processor.py:179} INFO - Processing /home/airflow/.local/lib/python3.8/site-packages/airflow/example_dags/example_params_trigger_ui.py took 0.218 seconds
[2023-12-15T11:47:39.698+0000] {processor.py:157} INFO - Started process (PID=1123) to work on /home/airflow/.local/lib/python3.8/site-packages/airflow/example_dags/example_params_trigger_ui.py
[2023-12-15T11:47:39.700+0000] {processor.py:829} INFO - Processing file /home/airflow/.local/lib/python3.8/site-packages/airflow/example_dags/example_params_trigger_ui.py for tasks to queue
[2023-12-15T11:47:39.706+0000] {logging_mixin.py:154} INFO - [2023-12-15T11:47:39.705+0000] {dagbag.py:536} INFO - Filling up the DagBag from /home/airflow/.local/lib/python3.8/site-packages/airflow/example_dags/example_params_trigger_ui.py
[2023-12-15T11:47:39.750+0000] {processor.py:839} INFO - DAG(s) dict_keys(['example_params_trigger_ui']) retrieved from /home/airflow/.local/lib/python3.8/site-packages/airflow/example_dags/example_params_trigger_ui.py
[2023-12-15T11:47:39.855+0000] {logging_mixin.py:154} INFO - [2023-12-15T11:47:39.854+0000] {dag.py:2941} INFO - Sync 1 DAGs
[2023-12-15T11:47:39.891+0000] {logging_mixin.py:154} INFO - [2023-12-15T11:47:39.890+0000] {dag.py:3722} INFO - Setting next_dagrun for example_params_trigger_ui to None, run_after=None
[2023-12-15T11:47:39.933+0000] {processor.py:179} INFO - Processing /home/airflow/.local/lib/python3.8/site-packages/airflow/example_dags/example_params_trigger_ui.py took 0.239 seconds
[2023-12-15T11:48:10.038+0000] {processor.py:157} INFO - Started process (PID=1175) to work on /home/airflow/.local/lib/python3.8/site-packages/airflow/example_dags/example_params_trigger_ui.py
[2023-12-15T11:48:10.043+0000] {processor.py:829} INFO - Processing file /home/airflow/.local/lib/python3.8/site-packages/airflow/example_dags/example_params_trigger_ui.py for tasks to queue
[2023-12-15T11:48:10.050+0000] {logging_mixin.py:154} INFO - [2023-12-15T11:48:10.049+0000] {dagbag.py:536} INFO - Filling up the DagBag from /home/airflow/.local/lib/python3.8/site-packages/airflow/example_dags/example_params_trigger_ui.py
[2023-12-15T11:48:10.138+0000] {processor.py:839} INFO - DAG(s) dict_keys(['example_params_trigger_ui']) retrieved from /home/airflow/.local/lib/python3.8/site-packages/airflow/example_dags/example_params_trigger_ui.py
[2023-12-15T11:48:10.232+0000] {logging_mixin.py:154} INFO - [2023-12-15T11:48:10.232+0000] {dag.py:2941} INFO - Sync 1 DAGs
[2023-12-15T11:48:10.280+0000] {logging_mixin.py:154} INFO - [2023-12-15T11:48:10.280+0000] {dag.py:3722} INFO - Setting next_dagrun for example_params_trigger_ui to None, run_after=None
[2023-12-15T11:48:10.355+0000] {processor.py:179} INFO - Processing /home/airflow/.local/lib/python3.8/site-packages/airflow/example_dags/example_params_trigger_ui.py took 0.325 seconds
[2023-12-15T11:48:45.662+0000] {processor.py:157} INFO - Started process (PID=1220) to work on /home/airflow/.local/lib/python3.8/site-packages/airflow/example_dags/example_params_trigger_ui.py
[2023-12-15T11:48:45.665+0000] {processor.py:829} INFO - Processing file /home/airflow/.local/lib/python3.8/site-packages/airflow/example_dags/example_params_trigger_ui.py for tasks to queue
[2023-12-15T11:48:45.667+0000] {logging_mixin.py:154} INFO - [2023-12-15T11:48:45.667+0000] {dagbag.py:536} INFO - Filling up the DagBag from /home/airflow/.local/lib/python3.8/site-packages/airflow/example_dags/example_params_trigger_ui.py
[2023-12-15T11:48:45.764+0000] {processor.py:839} INFO - DAG(s) dict_keys(['example_params_trigger_ui']) retrieved from /home/airflow/.local/lib/python3.8/site-packages/airflow/example_dags/example_params_trigger_ui.py
[2023-12-15T11:48:45.960+0000] {logging_mixin.py:154} INFO - [2023-12-15T11:48:45.960+0000] {dag.py:2941} INFO - Sync 1 DAGs
[2023-12-15T11:48:46.008+0000] {logging_mixin.py:154} INFO - [2023-12-15T11:48:46.006+0000] {dag.py:3722} INFO - Setting next_dagrun for example_params_trigger_ui to None, run_after=None
[2023-12-15T11:48:46.122+0000] {processor.py:179} INFO - Processing /home/airflow/.local/lib/python3.8/site-packages/airflow/example_dags/example_params_trigger_ui.py took 0.469 seconds
[2023-12-15T11:49:18.043+0000] {processor.py:157} INFO - Started process (PID=1274) to work on /home/airflow/.local/lib/python3.8/site-packages/airflow/example_dags/example_params_trigger_ui.py
[2023-12-15T11:49:18.053+0000] {processor.py:829} INFO - Processing file /home/airflow/.local/lib/python3.8/site-packages/airflow/example_dags/example_params_trigger_ui.py for tasks to queue
[2023-12-15T11:49:18.057+0000] {logging_mixin.py:154} INFO - [2023-12-15T11:49:18.056+0000] {dagbag.py:536} INFO - Filling up the DagBag from /home/airflow/.local/lib/python3.8/site-packages/airflow/example_dags/example_params_trigger_ui.py
[2023-12-15T11:49:18.105+0000] {processor.py:839} INFO - DAG(s) dict_keys(['example_params_trigger_ui']) retrieved from /home/airflow/.local/lib/python3.8/site-packages/airflow/example_dags/example_params_trigger_ui.py
[2023-12-15T11:49:18.171+0000] {logging_mixin.py:154} INFO - [2023-12-15T11:49:18.171+0000] {dag.py:2941} INFO - Sync 1 DAGs
[2023-12-15T11:49:18.199+0000] {logging_mixin.py:154} INFO - [2023-12-15T11:49:18.199+0000] {dag.py:3722} INFO - Setting next_dagrun for example_params_trigger_ui to None, run_after=None
[2023-12-15T11:49:18.781+0000] {processor.py:179} INFO - Processing /home/airflow/.local/lib/python3.8/site-packages/airflow/example_dags/example_params_trigger_ui.py took 0.742 seconds
[2023-12-15T11:49:49.785+0000] {processor.py:157} INFO - Started process (PID=1329) to work on /home/airflow/.local/lib/python3.8/site-packages/airflow/example_dags/example_params_trigger_ui.py
[2023-12-15T11:49:49.792+0000] {processor.py:829} INFO - Processing file /home/airflow/.local/lib/python3.8/site-packages/airflow/example_dags/example_params_trigger_ui.py for tasks to queue
[2023-12-15T11:49:49.817+0000] {logging_mixin.py:154} INFO - [2023-12-15T11:49:49.815+0000] {dagbag.py:536} INFO - Filling up the DagBag from /home/airflow/.local/lib/python3.8/site-packages/airflow/example_dags/example_params_trigger_ui.py
[2023-12-15T11:49:49.933+0000] {processor.py:839} INFO - DAG(s) dict_keys(['example_params_trigger_ui']) retrieved from /home/airflow/.local/lib/python3.8/site-packages/airflow/example_dags/example_params_trigger_ui.py
[2023-12-15T11:49:50.114+0000] {logging_mixin.py:154} INFO - [2023-12-15T11:49:50.114+0000] {dag.py:2941} INFO - Sync 1 DAGs
[2023-12-15T11:49:50.211+0000] {logging_mixin.py:154} INFO - [2023-12-15T11:49:50.210+0000] {dag.py:3722} INFO - Setting next_dagrun for example_params_trigger_ui to None, run_after=None
[2023-12-15T11:49:50.281+0000] {processor.py:179} INFO - Processing /home/airflow/.local/lib/python3.8/site-packages/airflow/example_dags/example_params_trigger_ui.py took 0.494 seconds
[2023-12-15T11:50:25.605+0000] {processor.py:157} INFO - Started process (PID=1377) to work on /home/airflow/.local/lib/python3.8/site-packages/airflow/example_dags/example_params_trigger_ui.py
[2023-12-15T11:50:25.609+0000] {processor.py:829} INFO - Processing file /home/airflow/.local/lib/python3.8/site-packages/airflow/example_dags/example_params_trigger_ui.py for tasks to queue
[2023-12-15T11:50:25.612+0000] {logging_mixin.py:154} INFO - [2023-12-15T11:50:25.612+0000] {dagbag.py:536} INFO - Filling up the DagBag from /home/airflow/.local/lib/python3.8/site-packages/airflow/example_dags/example_params_trigger_ui.py
[2023-12-15T11:50:25.656+0000] {processor.py:839} INFO - DAG(s) dict_keys(['example_params_trigger_ui']) retrieved from /home/airflow/.local/lib/python3.8/site-packages/airflow/example_dags/example_params_trigger_ui.py
[2023-12-15T11:50:26.640+0000] {logging_mixin.py:154} INFO - [2023-12-15T11:50:26.638+0000] {dag.py:2941} INFO - Sync 1 DAGs
[2023-12-15T11:50:26.695+0000] {logging_mixin.py:154} INFO - [2023-12-15T11:50:26.694+0000] {dag.py:3722} INFO - Setting next_dagrun for example_params_trigger_ui to None, run_after=None
[2023-12-15T11:50:26.792+0000] {processor.py:179} INFO - Processing /home/airflow/.local/lib/python3.8/site-packages/airflow/example_dags/example_params_trigger_ui.py took 1.194 seconds
[2023-12-15T11:51:00.480+0000] {processor.py:157} INFO - Started process (PID=1437) to work on /home/airflow/.local/lib/python3.8/site-packages/airflow/example_dags/example_params_trigger_ui.py
[2023-12-15T11:51:00.485+0000] {processor.py:829} INFO - Processing file /home/airflow/.local/lib/python3.8/site-packages/airflow/example_dags/example_params_trigger_ui.py for tasks to queue
[2023-12-15T11:51:00.489+0000] {logging_mixin.py:154} INFO - [2023-12-15T11:51:00.488+0000] {dagbag.py:536} INFO - Filling up the DagBag from /home/airflow/.local/lib/python3.8/site-packages/airflow/example_dags/example_params_trigger_ui.py
[2023-12-15T11:51:00.568+0000] {processor.py:839} INFO - DAG(s) dict_keys(['example_params_trigger_ui']) retrieved from /home/airflow/.local/lib/python3.8/site-packages/airflow/example_dags/example_params_trigger_ui.py
[2023-12-15T11:51:00.657+0000] {logging_mixin.py:154} INFO - [2023-12-15T11:51:00.657+0000] {dag.py:2941} INFO - Sync 1 DAGs
[2023-12-15T11:51:02.133+0000] {logging_mixin.py:154} INFO - [2023-12-15T11:51:02.131+0000] {dag.py:3722} INFO - Setting next_dagrun for example_params_trigger_ui to None, run_after=None
[2023-12-15T11:51:02.244+0000] {processor.py:179} INFO - Processing /home/airflow/.local/lib/python3.8/site-packages/airflow/example_dags/example_params_trigger_ui.py took 1.769 seconds
[2023-12-15T11:51:32.597+0000] {processor.py:157} INFO - Started process (PID=1491) to work on /home/airflow/.local/lib/python3.8/site-packages/airflow/example_dags/example_params_trigger_ui.py
[2023-12-15T11:51:32.614+0000] {processor.py:829} INFO - Processing file /home/airflow/.local/lib/python3.8/site-packages/airflow/example_dags/example_params_trigger_ui.py for tasks to queue
[2023-12-15T11:51:32.628+0000] {logging_mixin.py:154} INFO - [2023-12-15T11:51:32.627+0000] {dagbag.py:536} INFO - Filling up the DagBag from /home/airflow/.local/lib/python3.8/site-packages/airflow/example_dags/example_params_trigger_ui.py
[2023-12-15T11:51:32.796+0000] {processor.py:839} INFO - DAG(s) dict_keys(['example_params_trigger_ui']) retrieved from /home/airflow/.local/lib/python3.8/site-packages/airflow/example_dags/example_params_trigger_ui.py
[2023-12-15T11:51:32.959+0000] {logging_mixin.py:154} INFO - [2023-12-15T11:51:32.958+0000] {dag.py:2941} INFO - Sync 1 DAGs
[2023-12-15T11:51:33.018+0000] {logging_mixin.py:154} INFO - [2023-12-15T11:51:33.017+0000] {dag.py:3722} INFO - Setting next_dagrun for example_params_trigger_ui to None, run_after=None
[2023-12-15T11:51:33.150+0000] {processor.py:179} INFO - Processing /home/airflow/.local/lib/python3.8/site-packages/airflow/example_dags/example_params_trigger_ui.py took 0.575 seconds
[2023-12-15T11:52:12.805+0000] {processor.py:157} INFO - Started process (PID=1544) to work on /home/airflow/.local/lib/python3.8/site-packages/airflow/example_dags/example_params_trigger_ui.py
[2023-12-15T11:52:12.809+0000] {processor.py:829} INFO - Processing file /home/airflow/.local/lib/python3.8/site-packages/airflow/example_dags/example_params_trigger_ui.py for tasks to queue
[2023-12-15T11:52:12.816+0000] {logging_mixin.py:154} INFO - [2023-12-15T11:52:12.816+0000] {dagbag.py:536} INFO - Filling up the DagBag from /home/airflow/.local/lib/python3.8/site-packages/airflow/example_dags/example_params_trigger_ui.py
[2023-12-15T11:52:12.893+0000] {processor.py:839} INFO - DAG(s) dict_keys(['example_params_trigger_ui']) retrieved from /home/airflow/.local/lib/python3.8/site-packages/airflow/example_dags/example_params_trigger_ui.py
[2023-12-15T11:52:13.574+0000] {logging_mixin.py:154} INFO - [2023-12-15T11:52:13.574+0000] {dag.py:2941} INFO - Sync 1 DAGs
[2023-12-15T11:52:13.633+0000] {logging_mixin.py:154} INFO - [2023-12-15T11:52:13.633+0000] {dag.py:3722} INFO - Setting next_dagrun for example_params_trigger_ui to None, run_after=None
[2023-12-15T11:52:13.685+0000] {processor.py:179} INFO - Processing /home/airflow/.local/lib/python3.8/site-packages/airflow/example_dags/example_params_trigger_ui.py took 0.890 seconds
[2023-12-15T11:52:43.820+0000] {processor.py:157} INFO - Started process (PID=1598) to work on /home/airflow/.local/lib/python3.8/site-packages/airflow/example_dags/example_params_trigger_ui.py
[2023-12-15T11:52:43.821+0000] {processor.py:829} INFO - Processing file /home/airflow/.local/lib/python3.8/site-packages/airflow/example_dags/example_params_trigger_ui.py for tasks to queue
[2023-12-15T11:52:43.824+0000] {logging_mixin.py:154} INFO - [2023-12-15T11:52:43.823+0000] {dagbag.py:536} INFO - Filling up the DagBag from /home/airflow/.local/lib/python3.8/site-packages/airflow/example_dags/example_params_trigger_ui.py
[2023-12-15T11:52:43.910+0000] {processor.py:839} INFO - DAG(s) dict_keys(['example_params_trigger_ui']) retrieved from /home/airflow/.local/lib/python3.8/site-packages/airflow/example_dags/example_params_trigger_ui.py
[2023-12-15T11:52:43.956+0000] {logging_mixin.py:154} INFO - [2023-12-15T11:52:43.956+0000] {dag.py:2941} INFO - Sync 1 DAGs
[2023-12-15T11:52:43.970+0000] {logging_mixin.py:154} INFO - [2023-12-15T11:52:43.970+0000] {dag.py:3722} INFO - Setting next_dagrun for example_params_trigger_ui to None, run_after=None
[2023-12-15T11:52:43.989+0000] {processor.py:179} INFO - Processing /home/airflow/.local/lib/python3.8/site-packages/airflow/example_dags/example_params_trigger_ui.py took 0.173 seconds
[2023-12-15T11:53:14.181+0000] {processor.py:157} INFO - Started process (PID=1651) to work on /home/airflow/.local/lib/python3.8/site-packages/airflow/example_dags/example_params_trigger_ui.py
[2023-12-15T11:53:14.184+0000] {processor.py:829} INFO - Processing file /home/airflow/.local/lib/python3.8/site-packages/airflow/example_dags/example_params_trigger_ui.py for tasks to queue
[2023-12-15T11:53:14.198+0000] {logging_mixin.py:154} INFO - [2023-12-15T11:53:14.198+0000] {dagbag.py:536} INFO - Filling up the DagBag from /home/airflow/.local/lib/python3.8/site-packages/airflow/example_dags/example_params_trigger_ui.py
[2023-12-15T11:53:14.319+0000] {processor.py:839} INFO - DAG(s) dict_keys(['example_params_trigger_ui']) retrieved from /home/airflow/.local/lib/python3.8/site-packages/airflow/example_dags/example_params_trigger_ui.py
[2023-12-15T11:53:14.392+0000] {logging_mixin.py:154} INFO - [2023-12-15T11:53:14.391+0000] {dag.py:2941} INFO - Sync 1 DAGs
[2023-12-15T11:53:14.410+0000] {logging_mixin.py:154} INFO - [2023-12-15T11:53:14.410+0000] {dag.py:3722} INFO - Setting next_dagrun for example_params_trigger_ui to None, run_after=None
[2023-12-15T11:53:14.430+0000] {processor.py:179} INFO - Processing /home/airflow/.local/lib/python3.8/site-packages/airflow/example_dags/example_params_trigger_ui.py took 0.264 seconds
[2023-12-15T11:53:44.663+0000] {processor.py:157} INFO - Started process (PID=1705) to work on /home/airflow/.local/lib/python3.8/site-packages/airflow/example_dags/example_params_trigger_ui.py
[2023-12-15T11:53:44.666+0000] {processor.py:829} INFO - Processing file /home/airflow/.local/lib/python3.8/site-packages/airflow/example_dags/example_params_trigger_ui.py for tasks to queue
[2023-12-15T11:53:44.672+0000] {logging_mixin.py:154} INFO - [2023-12-15T11:53:44.671+0000] {dagbag.py:536} INFO - Filling up the DagBag from /home/airflow/.local/lib/python3.8/site-packages/airflow/example_dags/example_params_trigger_ui.py
[2023-12-15T11:53:44.861+0000] {processor.py:839} INFO - DAG(s) dict_keys(['example_params_trigger_ui']) retrieved from /home/airflow/.local/lib/python3.8/site-packages/airflow/example_dags/example_params_trigger_ui.py
[2023-12-15T11:53:44.967+0000] {logging_mixin.py:154} INFO - [2023-12-15T11:53:44.967+0000] {dag.py:2941} INFO - Sync 1 DAGs
[2023-12-15T11:53:44.980+0000] {logging_mixin.py:154} INFO - [2023-12-15T11:53:44.980+0000] {dag.py:3722} INFO - Setting next_dagrun for example_params_trigger_ui to None, run_after=None
[2023-12-15T11:53:45.001+0000] {processor.py:179} INFO - Processing /home/airflow/.local/lib/python3.8/site-packages/airflow/example_dags/example_params_trigger_ui.py took 0.347 seconds
[2023-12-15T11:54:15.614+0000] {processor.py:157} INFO - Started process (PID=1759) to work on /home/airflow/.local/lib/python3.8/site-packages/airflow/example_dags/example_params_trigger_ui.py
[2023-12-15T11:54:15.621+0000] {processor.py:829} INFO - Processing file /home/airflow/.local/lib/python3.8/site-packages/airflow/example_dags/example_params_trigger_ui.py for tasks to queue
[2023-12-15T11:54:15.633+0000] {logging_mixin.py:154} INFO - [2023-12-15T11:54:15.632+0000] {dagbag.py:536} INFO - Filling up the DagBag from /home/airflow/.local/lib/python3.8/site-packages/airflow/example_dags/example_params_trigger_ui.py
[2023-12-15T11:54:15.781+0000] {processor.py:839} INFO - DAG(s) dict_keys(['example_params_trigger_ui']) retrieved from /home/airflow/.local/lib/python3.8/site-packages/airflow/example_dags/example_params_trigger_ui.py
[2023-12-15T11:54:15.857+0000] {logging_mixin.py:154} INFO - [2023-12-15T11:54:15.856+0000] {dag.py:2941} INFO - Sync 1 DAGs
[2023-12-15T11:54:15.907+0000] {logging_mixin.py:154} INFO - [2023-12-15T11:54:15.906+0000] {dag.py:3722} INFO - Setting next_dagrun for example_params_trigger_ui to None, run_after=None
[2023-12-15T11:54:15.962+0000] {processor.py:179} INFO - Processing /home/airflow/.local/lib/python3.8/site-packages/airflow/example_dags/example_params_trigger_ui.py took 0.355 seconds
[2023-12-15T11:54:46.922+0000] {processor.py:157} INFO - Started process (PID=1813) to work on /home/airflow/.local/lib/python3.8/site-packages/airflow/example_dags/example_params_trigger_ui.py
[2023-12-15T11:54:46.926+0000] {processor.py:829} INFO - Processing file /home/airflow/.local/lib/python3.8/site-packages/airflow/example_dags/example_params_trigger_ui.py for tasks to queue
[2023-12-15T11:54:46.931+0000] {logging_mixin.py:154} INFO - [2023-12-15T11:54:46.930+0000] {dagbag.py:536} INFO - Filling up the DagBag from /home/airflow/.local/lib/python3.8/site-packages/airflow/example_dags/example_params_trigger_ui.py
[2023-12-15T11:54:46.964+0000] {processor.py:839} INFO - DAG(s) dict_keys(['example_params_trigger_ui']) retrieved from /home/airflow/.local/lib/python3.8/site-packages/airflow/example_dags/example_params_trigger_ui.py
[2023-12-15T11:54:47.036+0000] {logging_mixin.py:154} INFO - [2023-12-15T11:54:47.036+0000] {dag.py:2941} INFO - Sync 1 DAGs
[2023-12-15T11:54:47.159+0000] {logging_mixin.py:154} INFO - [2023-12-15T11:54:47.158+0000] {dag.py:3722} INFO - Setting next_dagrun for example_params_trigger_ui to None, run_after=None
[2023-12-15T11:54:47.194+0000] {processor.py:179} INFO - Processing /home/airflow/.local/lib/python3.8/site-packages/airflow/example_dags/example_params_trigger_ui.py took 0.279 seconds
[2023-12-15T11:55:18.277+0000] {processor.py:157} INFO - Started process (PID=1865) to work on /home/airflow/.local/lib/python3.8/site-packages/airflow/example_dags/example_params_trigger_ui.py
[2023-12-15T11:55:18.279+0000] {processor.py:829} INFO - Processing file /home/airflow/.local/lib/python3.8/site-packages/airflow/example_dags/example_params_trigger_ui.py for tasks to queue
[2023-12-15T11:55:18.291+0000] {logging_mixin.py:154} INFO - [2023-12-15T11:55:18.288+0000] {dagbag.py:536} INFO - Filling up the DagBag from /home/airflow/.local/lib/python3.8/site-packages/airflow/example_dags/example_params_trigger_ui.py
[2023-12-15T11:55:18.390+0000] {processor.py:839} INFO - DAG(s) dict_keys(['example_params_trigger_ui']) retrieved from /home/airflow/.local/lib/python3.8/site-packages/airflow/example_dags/example_params_trigger_ui.py
[2023-12-15T11:55:18.480+0000] {logging_mixin.py:154} INFO - [2023-12-15T11:55:18.479+0000] {dag.py:2941} INFO - Sync 1 DAGs
[2023-12-15T11:55:18.523+0000] {logging_mixin.py:154} INFO - [2023-12-15T11:55:18.523+0000] {dag.py:3722} INFO - Setting next_dagrun for example_params_trigger_ui to None, run_after=None
[2023-12-15T11:55:18.593+0000] {processor.py:179} INFO - Processing /home/airflow/.local/lib/python3.8/site-packages/airflow/example_dags/example_params_trigger_ui.py took 0.326 seconds
[2023-12-15T11:55:49.653+0000] {processor.py:157} INFO - Started process (PID=1920) to work on /home/airflow/.local/lib/python3.8/site-packages/airflow/example_dags/example_params_trigger_ui.py
[2023-12-15T11:55:49.655+0000] {processor.py:829} INFO - Processing file /home/airflow/.local/lib/python3.8/site-packages/airflow/example_dags/example_params_trigger_ui.py for tasks to queue
[2023-12-15T11:55:49.671+0000] {logging_mixin.py:154} INFO - [2023-12-15T11:55:49.669+0000] {dagbag.py:536} INFO - Filling up the DagBag from /home/airflow/.local/lib/python3.8/site-packages/airflow/example_dags/example_params_trigger_ui.py
[2023-12-15T11:55:49.767+0000] {processor.py:839} INFO - DAG(s) dict_keys(['example_params_trigger_ui']) retrieved from /home/airflow/.local/lib/python3.8/site-packages/airflow/example_dags/example_params_trigger_ui.py
[2023-12-15T11:55:49.831+0000] {logging_mixin.py:154} INFO - [2023-12-15T11:55:49.831+0000] {dag.py:2941} INFO - Sync 1 DAGs
[2023-12-15T11:55:49.850+0000] {logging_mixin.py:154} INFO - [2023-12-15T11:55:49.850+0000] {dag.py:3722} INFO - Setting next_dagrun for example_params_trigger_ui to None, run_after=None
[2023-12-15T11:55:49.878+0000] {processor.py:179} INFO - Processing /home/airflow/.local/lib/python3.8/site-packages/airflow/example_dags/example_params_trigger_ui.py took 0.236 seconds
[2023-12-15T11:56:20.386+0000] {processor.py:157} INFO - Started process (PID=1975) to work on /home/airflow/.local/lib/python3.8/site-packages/airflow/example_dags/example_params_trigger_ui.py
[2023-12-15T11:56:20.391+0000] {processor.py:829} INFO - Processing file /home/airflow/.local/lib/python3.8/site-packages/airflow/example_dags/example_params_trigger_ui.py for tasks to queue
[2023-12-15T11:56:20.408+0000] {logging_mixin.py:154} INFO - [2023-12-15T11:56:20.407+0000] {dagbag.py:536} INFO - Filling up the DagBag from /home/airflow/.local/lib/python3.8/site-packages/airflow/example_dags/example_params_trigger_ui.py
[2023-12-15T11:56:20.513+0000] {processor.py:839} INFO - DAG(s) dict_keys(['example_params_trigger_ui']) retrieved from /home/airflow/.local/lib/python3.8/site-packages/airflow/example_dags/example_params_trigger_ui.py
[2023-12-15T11:56:20.573+0000] {logging_mixin.py:154} INFO - [2023-12-15T11:56:20.572+0000] {dag.py:2941} INFO - Sync 1 DAGs
[2023-12-15T11:56:20.587+0000] {logging_mixin.py:154} INFO - [2023-12-15T11:56:20.587+0000] {dag.py:3722} INFO - Setting next_dagrun for example_params_trigger_ui to None, run_after=None
[2023-12-15T11:56:20.608+0000] {processor.py:179} INFO - Processing /home/airflow/.local/lib/python3.8/site-packages/airflow/example_dags/example_params_trigger_ui.py took 0.235 seconds
[2023-12-15T11:56:51.423+0000] {processor.py:157} INFO - Started process (PID=2030) to work on /home/airflow/.local/lib/python3.8/site-packages/airflow/example_dags/example_params_trigger_ui.py
[2023-12-15T11:56:51.427+0000] {processor.py:829} INFO - Processing file /home/airflow/.local/lib/python3.8/site-packages/airflow/example_dags/example_params_trigger_ui.py for tasks to queue
[2023-12-15T11:56:51.431+0000] {logging_mixin.py:154} INFO - [2023-12-15T11:56:51.430+0000] {dagbag.py:536} INFO - Filling up the DagBag from /home/airflow/.local/lib/python3.8/site-packages/airflow/example_dags/example_params_trigger_ui.py
[2023-12-15T11:56:51.532+0000] {processor.py:839} INFO - DAG(s) dict_keys(['example_params_trigger_ui']) retrieved from /home/airflow/.local/lib/python3.8/site-packages/airflow/example_dags/example_params_trigger_ui.py
[2023-12-15T11:56:51.713+0000] {logging_mixin.py:154} INFO - [2023-12-15T11:56:51.713+0000] {dag.py:2941} INFO - Sync 1 DAGs
[2023-12-15T11:56:51.791+0000] {logging_mixin.py:154} INFO - [2023-12-15T11:56:51.791+0000] {dag.py:3722} INFO - Setting next_dagrun for example_params_trigger_ui to None, run_after=None
[2023-12-15T11:56:51.959+0000] {processor.py:179} INFO - Processing /home/airflow/.local/lib/python3.8/site-packages/airflow/example_dags/example_params_trigger_ui.py took 0.561 seconds
[2023-12-15T11:57:22.378+0000] {processor.py:157} INFO - Started process (PID=2084) to work on /home/airflow/.local/lib/python3.8/site-packages/airflow/example_dags/example_params_trigger_ui.py
[2023-12-15T11:57:22.386+0000] {processor.py:829} INFO - Processing file /home/airflow/.local/lib/python3.8/site-packages/airflow/example_dags/example_params_trigger_ui.py for tasks to queue
[2023-12-15T11:57:22.407+0000] {logging_mixin.py:154} INFO - [2023-12-15T11:57:22.406+0000] {dagbag.py:536} INFO - Filling up the DagBag from /home/airflow/.local/lib/python3.8/site-packages/airflow/example_dags/example_params_trigger_ui.py
[2023-12-15T11:57:22.508+0000] {processor.py:839} INFO - DAG(s) dict_keys(['example_params_trigger_ui']) retrieved from /home/airflow/.local/lib/python3.8/site-packages/airflow/example_dags/example_params_trigger_ui.py
[2023-12-15T11:57:22.607+0000] {logging_mixin.py:154} INFO - [2023-12-15T11:57:22.607+0000] {dag.py:2941} INFO - Sync 1 DAGs
[2023-12-15T11:57:22.637+0000] {logging_mixin.py:154} INFO - [2023-12-15T11:57:22.637+0000] {dag.py:3722} INFO - Setting next_dagrun for example_params_trigger_ui to None, run_after=None
[2023-12-15T11:57:22.673+0000] {processor.py:179} INFO - Processing /home/airflow/.local/lib/python3.8/site-packages/airflow/example_dags/example_params_trigger_ui.py took 0.319 seconds
[2023-12-15T11:57:52.838+0000] {processor.py:157} INFO - Started process (PID=2138) to work on /home/airflow/.local/lib/python3.8/site-packages/airflow/example_dags/example_params_trigger_ui.py
[2023-12-15T11:57:52.840+0000] {processor.py:829} INFO - Processing file /home/airflow/.local/lib/python3.8/site-packages/airflow/example_dags/example_params_trigger_ui.py for tasks to queue
[2023-12-15T11:57:52.846+0000] {logging_mixin.py:154} INFO - [2023-12-15T11:57:52.845+0000] {dagbag.py:536} INFO - Filling up the DagBag from /home/airflow/.local/lib/python3.8/site-packages/airflow/example_dags/example_params_trigger_ui.py
[2023-12-15T11:57:52.887+0000] {processor.py:839} INFO - DAG(s) dict_keys(['example_params_trigger_ui']) retrieved from /home/airflow/.local/lib/python3.8/site-packages/airflow/example_dags/example_params_trigger_ui.py
[2023-12-15T11:57:52.929+0000] {logging_mixin.py:154} INFO - [2023-12-15T11:57:52.929+0000] {dag.py:2941} INFO - Sync 1 DAGs
[2023-12-15T11:57:52.938+0000] {logging_mixin.py:154} INFO - [2023-12-15T11:57:52.938+0000] {dag.py:3722} INFO - Setting next_dagrun for example_params_trigger_ui to None, run_after=None
[2023-12-15T11:57:52.950+0000] {processor.py:179} INFO - Processing /home/airflow/.local/lib/python3.8/site-packages/airflow/example_dags/example_params_trigger_ui.py took 0.122 seconds
[2023-12-15T11:58:23.539+0000] {processor.py:157} INFO - Started process (PID=2192) to work on /home/airflow/.local/lib/python3.8/site-packages/airflow/example_dags/example_params_trigger_ui.py
[2023-12-15T11:58:23.540+0000] {processor.py:829} INFO - Processing file /home/airflow/.local/lib/python3.8/site-packages/airflow/example_dags/example_params_trigger_ui.py for tasks to queue
[2023-12-15T11:58:23.543+0000] {logging_mixin.py:154} INFO - [2023-12-15T11:58:23.542+0000] {dagbag.py:536} INFO - Filling up the DagBag from /home/airflow/.local/lib/python3.8/site-packages/airflow/example_dags/example_params_trigger_ui.py
[2023-12-15T11:58:23.566+0000] {processor.py:839} INFO - DAG(s) dict_keys(['example_params_trigger_ui']) retrieved from /home/airflow/.local/lib/python3.8/site-packages/airflow/example_dags/example_params_trigger_ui.py
[2023-12-15T11:58:23.593+0000] {logging_mixin.py:154} INFO - [2023-12-15T11:58:23.593+0000] {dag.py:2941} INFO - Sync 1 DAGs
[2023-12-15T11:58:23.600+0000] {logging_mixin.py:154} INFO - [2023-12-15T11:58:23.600+0000] {dag.py:3722} INFO - Setting next_dagrun for example_params_trigger_ui to None, run_after=None
[2023-12-15T11:58:23.610+0000] {processor.py:179} INFO - Processing /home/airflow/.local/lib/python3.8/site-packages/airflow/example_dags/example_params_trigger_ui.py took 0.077 seconds
[2023-12-15T11:58:54.145+0000] {processor.py:157} INFO - Started process (PID=2245) to work on /home/airflow/.local/lib/python3.8/site-packages/airflow/example_dags/example_params_trigger_ui.py
[2023-12-15T11:58:54.147+0000] {processor.py:829} INFO - Processing file /home/airflow/.local/lib/python3.8/site-packages/airflow/example_dags/example_params_trigger_ui.py for tasks to queue
[2023-12-15T11:58:54.153+0000] {logging_mixin.py:154} INFO - [2023-12-15T11:58:54.152+0000] {dagbag.py:536} INFO - Filling up the DagBag from /home/airflow/.local/lib/python3.8/site-packages/airflow/example_dags/example_params_trigger_ui.py
[2023-12-15T11:58:54.210+0000] {processor.py:839} INFO - DAG(s) dict_keys(['example_params_trigger_ui']) retrieved from /home/airflow/.local/lib/python3.8/site-packages/airflow/example_dags/example_params_trigger_ui.py
[2023-12-15T11:58:54.307+0000] {logging_mixin.py:154} INFO - [2023-12-15T11:58:54.307+0000] {dag.py:2941} INFO - Sync 1 DAGs
[2023-12-15T11:58:54.318+0000] {logging_mixin.py:154} INFO - [2023-12-15T11:58:54.318+0000] {dag.py:3722} INFO - Setting next_dagrun for example_params_trigger_ui to None, run_after=None
[2023-12-15T11:58:54.333+0000] {processor.py:179} INFO - Processing /home/airflow/.local/lib/python3.8/site-packages/airflow/example_dags/example_params_trigger_ui.py took 0.195 seconds
[2023-12-15T11:59:24.438+0000] {processor.py:157} INFO - Started process (PID=2299) to work on /home/airflow/.local/lib/python3.8/site-packages/airflow/example_dags/example_params_trigger_ui.py
[2023-12-15T11:59:24.440+0000] {processor.py:829} INFO - Processing file /home/airflow/.local/lib/python3.8/site-packages/airflow/example_dags/example_params_trigger_ui.py for tasks to queue
[2023-12-15T11:59:24.448+0000] {logging_mixin.py:154} INFO - [2023-12-15T11:59:24.447+0000] {dagbag.py:536} INFO - Filling up the DagBag from /home/airflow/.local/lib/python3.8/site-packages/airflow/example_dags/example_params_trigger_ui.py
[2023-12-15T11:59:24.494+0000] {processor.py:839} INFO - DAG(s) dict_keys(['example_params_trigger_ui']) retrieved from /home/airflow/.local/lib/python3.8/site-packages/airflow/example_dags/example_params_trigger_ui.py
[2023-12-15T11:59:24.539+0000] {logging_mixin.py:154} INFO - [2023-12-15T11:59:24.539+0000] {dag.py:2941} INFO - Sync 1 DAGs
[2023-12-15T11:59:24.550+0000] {logging_mixin.py:154} INFO - [2023-12-15T11:59:24.550+0000] {dag.py:3722} INFO - Setting next_dagrun for example_params_trigger_ui to None, run_after=None
[2023-12-15T11:59:24.580+0000] {processor.py:179} INFO - Processing /home/airflow/.local/lib/python3.8/site-packages/airflow/example_dags/example_params_trigger_ui.py took 0.152 seconds
[2023-12-15T11:59:55.549+0000] {processor.py:157} INFO - Started process (PID=2352) to work on /home/airflow/.local/lib/python3.8/site-packages/airflow/example_dags/example_params_trigger_ui.py
[2023-12-15T11:59:55.552+0000] {processor.py:829} INFO - Processing file /home/airflow/.local/lib/python3.8/site-packages/airflow/example_dags/example_params_trigger_ui.py for tasks to queue
[2023-12-15T11:59:55.566+0000] {logging_mixin.py:154} INFO - [2023-12-15T11:59:55.566+0000] {dagbag.py:536} INFO - Filling up the DagBag from /home/airflow/.local/lib/python3.8/site-packages/airflow/example_dags/example_params_trigger_ui.py
[2023-12-15T11:59:55.667+0000] {processor.py:839} INFO - DAG(s) dict_keys(['example_params_trigger_ui']) retrieved from /home/airflow/.local/lib/python3.8/site-packages/airflow/example_dags/example_params_trigger_ui.py
[2023-12-15T11:59:55.763+0000] {logging_mixin.py:154} INFO - [2023-12-15T11:59:55.762+0000] {dag.py:2941} INFO - Sync 1 DAGs
[2023-12-15T11:59:55.784+0000] {logging_mixin.py:154} INFO - [2023-12-15T11:59:55.783+0000] {dag.py:3722} INFO - Setting next_dagrun for example_params_trigger_ui to None, run_after=None
[2023-12-15T11:59:55.810+0000] {processor.py:179} INFO - Processing /home/airflow/.local/lib/python3.8/site-packages/airflow/example_dags/example_params_trigger_ui.py took 0.277 seconds
[2023-12-15T12:00:26.830+0000] {processor.py:157} INFO - Started process (PID=2405) to work on /home/airflow/.local/lib/python3.8/site-packages/airflow/example_dags/example_params_trigger_ui.py
[2023-12-15T12:00:26.849+0000] {processor.py:829} INFO - Processing file /home/airflow/.local/lib/python3.8/site-packages/airflow/example_dags/example_params_trigger_ui.py for tasks to queue
[2023-12-15T12:00:26.919+0000] {logging_mixin.py:154} INFO - [2023-12-15T12:00:26.918+0000] {dagbag.py:536} INFO - Filling up the DagBag from /home/airflow/.local/lib/python3.8/site-packages/airflow/example_dags/example_params_trigger_ui.py
[2023-12-15T12:00:27.054+0000] {processor.py:839} INFO - DAG(s) dict_keys(['example_params_trigger_ui']) retrieved from /home/airflow/.local/lib/python3.8/site-packages/airflow/example_dags/example_params_trigger_ui.py
[2023-12-15T12:00:27.244+0000] {logging_mixin.py:154} INFO - [2023-12-15T12:00:27.243+0000] {dag.py:2941} INFO - Sync 1 DAGs
[2023-12-15T12:00:27.273+0000] {logging_mixin.py:154} INFO - [2023-12-15T12:00:27.273+0000] {dag.py:3722} INFO - Setting next_dagrun for example_params_trigger_ui to None, run_after=None
[2023-12-15T12:00:27.335+0000] {processor.py:179} INFO - Processing /home/airflow/.local/lib/python3.8/site-packages/airflow/example_dags/example_params_trigger_ui.py took 0.524 seconds
[2023-12-15T12:00:57.484+0000] {processor.py:157} INFO - Started process (PID=2458) to work on /home/airflow/.local/lib/python3.8/site-packages/airflow/example_dags/example_params_trigger_ui.py
[2023-12-15T12:00:57.485+0000] {processor.py:829} INFO - Processing file /home/airflow/.local/lib/python3.8/site-packages/airflow/example_dags/example_params_trigger_ui.py for tasks to queue
[2023-12-15T12:00:57.488+0000] {logging_mixin.py:154} INFO - [2023-12-15T12:00:57.488+0000] {dagbag.py:536} INFO - Filling up the DagBag from /home/airflow/.local/lib/python3.8/site-packages/airflow/example_dags/example_params_trigger_ui.py
[2023-12-15T12:00:57.547+0000] {processor.py:839} INFO - DAG(s) dict_keys(['example_params_trigger_ui']) retrieved from /home/airflow/.local/lib/python3.8/site-packages/airflow/example_dags/example_params_trigger_ui.py
[2023-12-15T12:00:57.617+0000] {logging_mixin.py:154} INFO - [2023-12-15T12:00:57.617+0000] {dag.py:2941} INFO - Sync 1 DAGs
[2023-12-15T12:00:57.627+0000] {logging_mixin.py:154} INFO - [2023-12-15T12:00:57.627+0000] {dag.py:3722} INFO - Setting next_dagrun for example_params_trigger_ui to None, run_after=None
[2023-12-15T12:00:57.648+0000] {processor.py:179} INFO - Processing /home/airflow/.local/lib/python3.8/site-packages/airflow/example_dags/example_params_trigger_ui.py took 0.167 seconds
[2023-12-15T12:01:28.989+0000] {processor.py:157} INFO - Started process (PID=2512) to work on /home/airflow/.local/lib/python3.8/site-packages/airflow/example_dags/example_params_trigger_ui.py
[2023-12-15T12:01:28.990+0000] {processor.py:829} INFO - Processing file /home/airflow/.local/lib/python3.8/site-packages/airflow/example_dags/example_params_trigger_ui.py for tasks to queue
[2023-12-15T12:01:28.991+0000] {logging_mixin.py:154} INFO - [2023-12-15T12:01:28.991+0000] {dagbag.py:536} INFO - Filling up the DagBag from /home/airflow/.local/lib/python3.8/site-packages/airflow/example_dags/example_params_trigger_ui.py
[2023-12-15T12:01:29.095+0000] {processor.py:839} INFO - DAG(s) dict_keys(['example_params_trigger_ui']) retrieved from /home/airflow/.local/lib/python3.8/site-packages/airflow/example_dags/example_params_trigger_ui.py
[2023-12-15T12:01:29.158+0000] {logging_mixin.py:154} INFO - [2023-12-15T12:01:29.158+0000] {dag.py:2941} INFO - Sync 1 DAGs
[2023-12-15T12:01:29.171+0000] {logging_mixin.py:154} INFO - [2023-12-15T12:01:29.171+0000] {dag.py:3722} INFO - Setting next_dagrun for example_params_trigger_ui to None, run_after=None
[2023-12-15T12:01:29.195+0000] {processor.py:179} INFO - Processing /home/airflow/.local/lib/python3.8/site-packages/airflow/example_dags/example_params_trigger_ui.py took 0.208 seconds
[2023-12-15T12:02:00.844+0000] {processor.py:157} INFO - Started process (PID=2566) to work on /home/airflow/.local/lib/python3.8/site-packages/airflow/example_dags/example_params_trigger_ui.py
[2023-12-15T12:02:00.846+0000] {processor.py:829} INFO - Processing file /home/airflow/.local/lib/python3.8/site-packages/airflow/example_dags/example_params_trigger_ui.py for tasks to queue
[2023-12-15T12:02:00.849+0000] {logging_mixin.py:154} INFO - [2023-12-15T12:02:00.848+0000] {dagbag.py:536} INFO - Filling up the DagBag from /home/airflow/.local/lib/python3.8/site-packages/airflow/example_dags/example_params_trigger_ui.py
[2023-12-15T12:02:00.886+0000] {processor.py:839} INFO - DAG(s) dict_keys(['example_params_trigger_ui']) retrieved from /home/airflow/.local/lib/python3.8/site-packages/airflow/example_dags/example_params_trigger_ui.py
[2023-12-15T12:02:00.973+0000] {logging_mixin.py:154} INFO - [2023-12-15T12:02:00.973+0000] {dag.py:2941} INFO - Sync 1 DAGs
[2023-12-15T12:02:00.993+0000] {logging_mixin.py:154} INFO - [2023-12-15T12:02:00.993+0000] {dag.py:3722} INFO - Setting next_dagrun for example_params_trigger_ui to None, run_after=None
[2023-12-15T12:02:01.020+0000] {processor.py:179} INFO - Processing /home/airflow/.local/lib/python3.8/site-packages/airflow/example_dags/example_params_trigger_ui.py took 0.180 seconds
[2023-12-15T12:02:31.887+0000] {processor.py:157} INFO - Started process (PID=2620) to work on /home/airflow/.local/lib/python3.8/site-packages/airflow/example_dags/example_params_trigger_ui.py
[2023-12-15T12:02:31.898+0000] {processor.py:829} INFO - Processing file /home/airflow/.local/lib/python3.8/site-packages/airflow/example_dags/example_params_trigger_ui.py for tasks to queue
[2023-12-15T12:02:31.903+0000] {logging_mixin.py:154} INFO - [2023-12-15T12:02:31.903+0000] {dagbag.py:536} INFO - Filling up the DagBag from /home/airflow/.local/lib/python3.8/site-packages/airflow/example_dags/example_params_trigger_ui.py
[2023-12-15T12:02:31.976+0000] {processor.py:839} INFO - DAG(s) dict_keys(['example_params_trigger_ui']) retrieved from /home/airflow/.local/lib/python3.8/site-packages/airflow/example_dags/example_params_trigger_ui.py
[2023-12-15T12:02:32.063+0000] {logging_mixin.py:154} INFO - [2023-12-15T12:02:32.063+0000] {dag.py:2941} INFO - Sync 1 DAGs
[2023-12-15T12:02:32.087+0000] {logging_mixin.py:154} INFO - [2023-12-15T12:02:32.087+0000] {dag.py:3722} INFO - Setting next_dagrun for example_params_trigger_ui to None, run_after=None
[2023-12-15T12:02:32.115+0000] {processor.py:179} INFO - Processing /home/airflow/.local/lib/python3.8/site-packages/airflow/example_dags/example_params_trigger_ui.py took 0.233 seconds
[2023-12-15T12:03:03.166+0000] {processor.py:157} INFO - Started process (PID=2674) to work on /home/airflow/.local/lib/python3.8/site-packages/airflow/example_dags/example_params_trigger_ui.py
[2023-12-15T12:03:03.205+0000] {processor.py:829} INFO - Processing file /home/airflow/.local/lib/python3.8/site-packages/airflow/example_dags/example_params_trigger_ui.py for tasks to queue
[2023-12-15T12:03:03.215+0000] {logging_mixin.py:154} INFO - [2023-12-15T12:03:03.214+0000] {dagbag.py:536} INFO - Filling up the DagBag from /home/airflow/.local/lib/python3.8/site-packages/airflow/example_dags/example_params_trigger_ui.py
[2023-12-15T12:03:03.300+0000] {processor.py:839} INFO - DAG(s) dict_keys(['example_params_trigger_ui']) retrieved from /home/airflow/.local/lib/python3.8/site-packages/airflow/example_dags/example_params_trigger_ui.py
[2023-12-15T12:03:03.400+0000] {logging_mixin.py:154} INFO - [2023-12-15T12:03:03.400+0000] {dag.py:2941} INFO - Sync 1 DAGs
[2023-12-15T12:03:03.457+0000] {logging_mixin.py:154} INFO - [2023-12-15T12:03:03.456+0000] {dag.py:3722} INFO - Setting next_dagrun for example_params_trigger_ui to None, run_after=None
[2023-12-15T12:03:03.512+0000] {processor.py:179} INFO - Processing /home/airflow/.local/lib/python3.8/site-packages/airflow/example_dags/example_params_trigger_ui.py took 0.354 seconds
[2023-12-15T12:03:34.241+0000] {processor.py:157} INFO - Started process (PID=2728) to work on /home/airflow/.local/lib/python3.8/site-packages/airflow/example_dags/example_params_trigger_ui.py
[2023-12-15T12:03:34.244+0000] {processor.py:829} INFO - Processing file /home/airflow/.local/lib/python3.8/site-packages/airflow/example_dags/example_params_trigger_ui.py for tasks to queue
[2023-12-15T12:03:34.254+0000] {logging_mixin.py:154} INFO - [2023-12-15T12:03:34.253+0000] {dagbag.py:536} INFO - Filling up the DagBag from /home/airflow/.local/lib/python3.8/site-packages/airflow/example_dags/example_params_trigger_ui.py
[2023-12-15T12:03:34.311+0000] {processor.py:839} INFO - DAG(s) dict_keys(['example_params_trigger_ui']) retrieved from /home/airflow/.local/lib/python3.8/site-packages/airflow/example_dags/example_params_trigger_ui.py
[2023-12-15T12:03:34.599+0000] {logging_mixin.py:154} INFO - [2023-12-15T12:03:34.599+0000] {dag.py:2941} INFO - Sync 1 DAGs
[2023-12-15T12:03:34.728+0000] {logging_mixin.py:154} INFO - [2023-12-15T12:03:34.728+0000] {dag.py:3722} INFO - Setting next_dagrun for example_params_trigger_ui to None, run_after=None
[2023-12-15T12:03:34.805+0000] {processor.py:179} INFO - Processing /home/airflow/.local/lib/python3.8/site-packages/airflow/example_dags/example_params_trigger_ui.py took 0.571 seconds
[2023-12-15T12:04:06.324+0000] {processor.py:157} INFO - Started process (PID=2782) to work on /home/airflow/.local/lib/python3.8/site-packages/airflow/example_dags/example_params_trigger_ui.py
[2023-12-15T12:04:06.330+0000] {processor.py:829} INFO - Processing file /home/airflow/.local/lib/python3.8/site-packages/airflow/example_dags/example_params_trigger_ui.py for tasks to queue
[2023-12-15T12:04:06.338+0000] {logging_mixin.py:154} INFO - [2023-12-15T12:04:06.338+0000] {dagbag.py:536} INFO - Filling up the DagBag from /home/airflow/.local/lib/python3.8/site-packages/airflow/example_dags/example_params_trigger_ui.py
[2023-12-15T12:04:06.535+0000] {processor.py:839} INFO - DAG(s) dict_keys(['example_params_trigger_ui']) retrieved from /home/airflow/.local/lib/python3.8/site-packages/airflow/example_dags/example_params_trigger_ui.py
[2023-12-15T12:04:06.793+0000] {logging_mixin.py:154} INFO - [2023-12-15T12:04:06.793+0000] {dag.py:2941} INFO - Sync 1 DAGs
[2023-12-15T12:04:06.846+0000] {logging_mixin.py:154} INFO - [2023-12-15T12:04:06.846+0000] {dag.py:3722} INFO - Setting next_dagrun for example_params_trigger_ui to None, run_after=None
[2023-12-15T12:04:06.902+0000] {processor.py:179} INFO - Processing /home/airflow/.local/lib/python3.8/site-packages/airflow/example_dags/example_params_trigger_ui.py took 0.584 seconds
[2023-12-15T12:04:37.947+0000] {processor.py:157} INFO - Started process (PID=2834) to work on /home/airflow/.local/lib/python3.8/site-packages/airflow/example_dags/example_params_trigger_ui.py
[2023-12-15T12:04:37.949+0000] {processor.py:829} INFO - Processing file /home/airflow/.local/lib/python3.8/site-packages/airflow/example_dags/example_params_trigger_ui.py for tasks to queue
[2023-12-15T12:04:37.958+0000] {logging_mixin.py:154} INFO - [2023-12-15T12:04:37.957+0000] {dagbag.py:536} INFO - Filling up the DagBag from /home/airflow/.local/lib/python3.8/site-packages/airflow/example_dags/example_params_trigger_ui.py
[2023-12-15T12:04:38.014+0000] {processor.py:839} INFO - DAG(s) dict_keys(['example_params_trigger_ui']) retrieved from /home/airflow/.local/lib/python3.8/site-packages/airflow/example_dags/example_params_trigger_ui.py
[2023-12-15T12:04:38.066+0000] {logging_mixin.py:154} INFO - [2023-12-15T12:04:38.066+0000] {dag.py:2941} INFO - Sync 1 DAGs
[2023-12-15T12:04:38.091+0000] {logging_mixin.py:154} INFO - [2023-12-15T12:04:38.090+0000] {dag.py:3722} INFO - Setting next_dagrun for example_params_trigger_ui to None, run_after=None
[2023-12-15T12:04:38.113+0000] {processor.py:179} INFO - Processing /home/airflow/.local/lib/python3.8/site-packages/airflow/example_dags/example_params_trigger_ui.py took 0.170 seconds
[2023-12-15T12:05:09.012+0000] {processor.py:157} INFO - Started process (PID=2888) to work on /home/airflow/.local/lib/python3.8/site-packages/airflow/example_dags/example_params_trigger_ui.py
[2023-12-15T12:05:09.014+0000] {processor.py:829} INFO - Processing file /home/airflow/.local/lib/python3.8/site-packages/airflow/example_dags/example_params_trigger_ui.py for tasks to queue
[2023-12-15T12:05:09.017+0000] {logging_mixin.py:154} INFO - [2023-12-15T12:05:09.017+0000] {dagbag.py:536} INFO - Filling up the DagBag from /home/airflow/.local/lib/python3.8/site-packages/airflow/example_dags/example_params_trigger_ui.py
[2023-12-15T12:05:09.089+0000] {processor.py:839} INFO - DAG(s) dict_keys(['example_params_trigger_ui']) retrieved from /home/airflow/.local/lib/python3.8/site-packages/airflow/example_dags/example_params_trigger_ui.py
[2023-12-15T12:05:09.136+0000] {logging_mixin.py:154} INFO - [2023-12-15T12:05:09.136+0000] {dag.py:2941} INFO - Sync 1 DAGs
[2023-12-15T12:05:09.146+0000] {logging_mixin.py:154} INFO - [2023-12-15T12:05:09.146+0000] {dag.py:3722} INFO - Setting next_dagrun for example_params_trigger_ui to None, run_after=None
[2023-12-15T12:05:09.162+0000] {processor.py:179} INFO - Processing /home/airflow/.local/lib/python3.8/site-packages/airflow/example_dags/example_params_trigger_ui.py took 0.152 seconds
[2023-12-15T12:05:42.137+0000] {processor.py:157} INFO - Started process (PID=2942) to work on /home/airflow/.local/lib/python3.8/site-packages/airflow/example_dags/example_params_trigger_ui.py
[2023-12-15T12:05:42.145+0000] {processor.py:829} INFO - Processing file /home/airflow/.local/lib/python3.8/site-packages/airflow/example_dags/example_params_trigger_ui.py for tasks to queue
[2023-12-15T12:05:42.161+0000] {logging_mixin.py:154} INFO - [2023-12-15T12:05:42.160+0000] {dagbag.py:536} INFO - Filling up the DagBag from /home/airflow/.local/lib/python3.8/site-packages/airflow/example_dags/example_params_trigger_ui.py
[2023-12-15T12:05:42.281+0000] {processor.py:839} INFO - DAG(s) dict_keys(['example_params_trigger_ui']) retrieved from /home/airflow/.local/lib/python3.8/site-packages/airflow/example_dags/example_params_trigger_ui.py
[2023-12-15T12:05:42.448+0000] {logging_mixin.py:154} INFO - [2023-12-15T12:05:42.447+0000] {dag.py:2941} INFO - Sync 1 DAGs
[2023-12-15T12:05:42.497+0000] {logging_mixin.py:154} INFO - [2023-12-15T12:05:42.496+0000] {dag.py:3722} INFO - Setting next_dagrun for example_params_trigger_ui to None, run_after=None
[2023-12-15T12:05:42.640+0000] {processor.py:179} INFO - Processing /home/airflow/.local/lib/python3.8/site-packages/airflow/example_dags/example_params_trigger_ui.py took 0.511 seconds
[2023-12-15T12:06:13.270+0000] {processor.py:157} INFO - Started process (PID=2996) to work on /home/airflow/.local/lib/python3.8/site-packages/airflow/example_dags/example_params_trigger_ui.py
[2023-12-15T12:06:13.273+0000] {processor.py:829} INFO - Processing file /home/airflow/.local/lib/python3.8/site-packages/airflow/example_dags/example_params_trigger_ui.py for tasks to queue
[2023-12-15T12:06:13.279+0000] {logging_mixin.py:154} INFO - [2023-12-15T12:06:13.278+0000] {dagbag.py:536} INFO - Filling up the DagBag from /home/airflow/.local/lib/python3.8/site-packages/airflow/example_dags/example_params_trigger_ui.py
[2023-12-15T12:06:13.325+0000] {processor.py:839} INFO - DAG(s) dict_keys(['example_params_trigger_ui']) retrieved from /home/airflow/.local/lib/python3.8/site-packages/airflow/example_dags/example_params_trigger_ui.py
[2023-12-15T12:06:13.427+0000] {logging_mixin.py:154} INFO - [2023-12-15T12:06:13.427+0000] {dag.py:2941} INFO - Sync 1 DAGs
[2023-12-15T12:06:13.564+0000] {logging_mixin.py:154} INFO - [2023-12-15T12:06:13.563+0000] {dag.py:3722} INFO - Setting next_dagrun for example_params_trigger_ui to None, run_after=None
[2023-12-15T12:06:13.663+0000] {processor.py:179} INFO - Processing /home/airflow/.local/lib/python3.8/site-packages/airflow/example_dags/example_params_trigger_ui.py took 0.399 seconds
[2023-12-15T12:06:43.810+0000] {processor.py:157} INFO - Started process (PID=3049) to work on /home/airflow/.local/lib/python3.8/site-packages/airflow/example_dags/example_params_trigger_ui.py
[2023-12-15T12:06:43.813+0000] {processor.py:829} INFO - Processing file /home/airflow/.local/lib/python3.8/site-packages/airflow/example_dags/example_params_trigger_ui.py for tasks to queue
[2023-12-15T12:06:43.815+0000] {logging_mixin.py:154} INFO - [2023-12-15T12:06:43.815+0000] {dagbag.py:536} INFO - Filling up the DagBag from /home/airflow/.local/lib/python3.8/site-packages/airflow/example_dags/example_params_trigger_ui.py
[2023-12-15T12:06:43.914+0000] {processor.py:839} INFO - DAG(s) dict_keys(['example_params_trigger_ui']) retrieved from /home/airflow/.local/lib/python3.8/site-packages/airflow/example_dags/example_params_trigger_ui.py
[2023-12-15T12:06:43.998+0000] {logging_mixin.py:154} INFO - [2023-12-15T12:06:43.997+0000] {dag.py:2941} INFO - Sync 1 DAGs
[2023-12-15T12:06:44.011+0000] {logging_mixin.py:154} INFO - [2023-12-15T12:06:44.011+0000] {dag.py:3722} INFO - Setting next_dagrun for example_params_trigger_ui to None, run_after=None
[2023-12-15T12:06:44.024+0000] {processor.py:179} INFO - Processing /home/airflow/.local/lib/python3.8/site-packages/airflow/example_dags/example_params_trigger_ui.py took 0.217 seconds
[2023-12-15T12:07:14.173+0000] {processor.py:157} INFO - Started process (PID=3102) to work on /home/airflow/.local/lib/python3.8/site-packages/airflow/example_dags/example_params_trigger_ui.py
[2023-12-15T12:07:14.175+0000] {processor.py:829} INFO - Processing file /home/airflow/.local/lib/python3.8/site-packages/airflow/example_dags/example_params_trigger_ui.py for tasks to queue
[2023-12-15T12:07:14.179+0000] {logging_mixin.py:154} INFO - [2023-12-15T12:07:14.178+0000] {dagbag.py:536} INFO - Filling up the DagBag from /home/airflow/.local/lib/python3.8/site-packages/airflow/example_dags/example_params_trigger_ui.py
[2023-12-15T12:07:14.280+0000] {processor.py:839} INFO - DAG(s) dict_keys(['example_params_trigger_ui']) retrieved from /home/airflow/.local/lib/python3.8/site-packages/airflow/example_dags/example_params_trigger_ui.py
[2023-12-15T12:07:14.354+0000] {logging_mixin.py:154} INFO - [2023-12-15T12:07:14.353+0000] {dag.py:2941} INFO - Sync 1 DAGs
[2023-12-15T12:07:14.366+0000] {logging_mixin.py:154} INFO - [2023-12-15T12:07:14.366+0000] {dag.py:3722} INFO - Setting next_dagrun for example_params_trigger_ui to None, run_after=None
[2023-12-15T12:07:14.383+0000] {processor.py:179} INFO - Processing /home/airflow/.local/lib/python3.8/site-packages/airflow/example_dags/example_params_trigger_ui.py took 0.216 seconds
[2023-12-15T12:07:44.553+0000] {processor.py:157} INFO - Started process (PID=3156) to work on /home/airflow/.local/lib/python3.8/site-packages/airflow/example_dags/example_params_trigger_ui.py
[2023-12-15T12:07:44.556+0000] {processor.py:829} INFO - Processing file /home/airflow/.local/lib/python3.8/site-packages/airflow/example_dags/example_params_trigger_ui.py for tasks to queue
[2023-12-15T12:07:44.559+0000] {logging_mixin.py:154} INFO - [2023-12-15T12:07:44.559+0000] {dagbag.py:536} INFO - Filling up the DagBag from /home/airflow/.local/lib/python3.8/site-packages/airflow/example_dags/example_params_trigger_ui.py
[2023-12-15T12:07:44.648+0000] {processor.py:839} INFO - DAG(s) dict_keys(['example_params_trigger_ui']) retrieved from /home/airflow/.local/lib/python3.8/site-packages/airflow/example_dags/example_params_trigger_ui.py
[2023-12-15T12:07:44.692+0000] {logging_mixin.py:154} INFO - [2023-12-15T12:07:44.692+0000] {dag.py:2941} INFO - Sync 1 DAGs
[2023-12-15T12:07:44.708+0000] {logging_mixin.py:154} INFO - [2023-12-15T12:07:44.708+0000] {dag.py:3722} INFO - Setting next_dagrun for example_params_trigger_ui to None, run_after=None
[2023-12-15T12:07:44.739+0000] {processor.py:179} INFO - Processing /home/airflow/.local/lib/python3.8/site-packages/airflow/example_dags/example_params_trigger_ui.py took 0.190 seconds
[2023-12-15T12:08:15.954+0000] {processor.py:157} INFO - Started process (PID=3210) to work on /home/airflow/.local/lib/python3.8/site-packages/airflow/example_dags/example_params_trigger_ui.py
[2023-12-15T12:08:15.962+0000] {processor.py:829} INFO - Processing file /home/airflow/.local/lib/python3.8/site-packages/airflow/example_dags/example_params_trigger_ui.py for tasks to queue
[2023-12-15T12:08:15.968+0000] {logging_mixin.py:154} INFO - [2023-12-15T12:08:15.967+0000] {dagbag.py:536} INFO - Filling up the DagBag from /home/airflow/.local/lib/python3.8/site-packages/airflow/example_dags/example_params_trigger_ui.py
[2023-12-15T12:08:16.034+0000] {processor.py:839} INFO - DAG(s) dict_keys(['example_params_trigger_ui']) retrieved from /home/airflow/.local/lib/python3.8/site-packages/airflow/example_dags/example_params_trigger_ui.py
[2023-12-15T12:08:16.116+0000] {logging_mixin.py:154} INFO - [2023-12-15T12:08:16.116+0000] {dag.py:2941} INFO - Sync 1 DAGs
[2023-12-15T12:08:16.140+0000] {logging_mixin.py:154} INFO - [2023-12-15T12:08:16.140+0000] {dag.py:3722} INFO - Setting next_dagrun for example_params_trigger_ui to None, run_after=None
[2023-12-15T12:08:16.161+0000] {processor.py:179} INFO - Processing /home/airflow/.local/lib/python3.8/site-packages/airflow/example_dags/example_params_trigger_ui.py took 0.219 seconds
[2023-12-15T12:08:46.461+0000] {processor.py:157} INFO - Started process (PID=3264) to work on /home/airflow/.local/lib/python3.8/site-packages/airflow/example_dags/example_params_trigger_ui.py
[2023-12-15T12:08:46.462+0000] {processor.py:829} INFO - Processing file /home/airflow/.local/lib/python3.8/site-packages/airflow/example_dags/example_params_trigger_ui.py for tasks to queue
[2023-12-15T12:08:46.471+0000] {logging_mixin.py:154} INFO - [2023-12-15T12:08:46.470+0000] {dagbag.py:536} INFO - Filling up the DagBag from /home/airflow/.local/lib/python3.8/site-packages/airflow/example_dags/example_params_trigger_ui.py
[2023-12-15T12:08:46.568+0000] {processor.py:839} INFO - DAG(s) dict_keys(['example_params_trigger_ui']) retrieved from /home/airflow/.local/lib/python3.8/site-packages/airflow/example_dags/example_params_trigger_ui.py
[2023-12-15T12:08:46.629+0000] {logging_mixin.py:154} INFO - [2023-12-15T12:08:46.628+0000] {dag.py:2941} INFO - Sync 1 DAGs
[2023-12-15T12:08:46.656+0000] {logging_mixin.py:154} INFO - [2023-12-15T12:08:46.656+0000] {dag.py:3722} INFO - Setting next_dagrun for example_params_trigger_ui to None, run_after=None
[2023-12-15T12:08:46.768+0000] {processor.py:179} INFO - Processing /home/airflow/.local/lib/python3.8/site-packages/airflow/example_dags/example_params_trigger_ui.py took 0.314 seconds
[2023-12-15T12:09:18.221+0000] {processor.py:157} INFO - Started process (PID=3317) to work on /home/airflow/.local/lib/python3.8/site-packages/airflow/example_dags/example_params_trigger_ui.py
[2023-12-15T12:09:18.222+0000] {processor.py:829} INFO - Processing file /home/airflow/.local/lib/python3.8/site-packages/airflow/example_dags/example_params_trigger_ui.py for tasks to queue
[2023-12-15T12:09:18.225+0000] {logging_mixin.py:154} INFO - [2023-12-15T12:09:18.225+0000] {dagbag.py:536} INFO - Filling up the DagBag from /home/airflow/.local/lib/python3.8/site-packages/airflow/example_dags/example_params_trigger_ui.py
[2023-12-15T12:09:18.308+0000] {processor.py:839} INFO - DAG(s) dict_keys(['example_params_trigger_ui']) retrieved from /home/airflow/.local/lib/python3.8/site-packages/airflow/example_dags/example_params_trigger_ui.py
[2023-12-15T12:09:18.399+0000] {logging_mixin.py:154} INFO - [2023-12-15T12:09:18.398+0000] {dag.py:2941} INFO - Sync 1 DAGs
[2023-12-15T12:09:18.474+0000] {logging_mixin.py:154} INFO - [2023-12-15T12:09:18.474+0000] {dag.py:3722} INFO - Setting next_dagrun for example_params_trigger_ui to None, run_after=None
[2023-12-15T12:09:18.527+0000] {processor.py:179} INFO - Processing /home/airflow/.local/lib/python3.8/site-packages/airflow/example_dags/example_params_trigger_ui.py took 0.310 seconds
[2023-12-15T12:09:49.664+0000] {processor.py:157} INFO - Started process (PID=3370) to work on /home/airflow/.local/lib/python3.8/site-packages/airflow/example_dags/example_params_trigger_ui.py
[2023-12-15T12:09:49.667+0000] {processor.py:829} INFO - Processing file /home/airflow/.local/lib/python3.8/site-packages/airflow/example_dags/example_params_trigger_ui.py for tasks to queue
[2023-12-15T12:09:49.669+0000] {logging_mixin.py:154} INFO - [2023-12-15T12:09:49.669+0000] {dagbag.py:536} INFO - Filling up the DagBag from /home/airflow/.local/lib/python3.8/site-packages/airflow/example_dags/example_params_trigger_ui.py
[2023-12-15T12:09:49.775+0000] {processor.py:839} INFO - DAG(s) dict_keys(['example_params_trigger_ui']) retrieved from /home/airflow/.local/lib/python3.8/site-packages/airflow/example_dags/example_params_trigger_ui.py
[2023-12-15T12:09:49.824+0000] {logging_mixin.py:154} INFO - [2023-12-15T12:09:49.824+0000] {dag.py:2941} INFO - Sync 1 DAGs
[2023-12-15T12:09:49.833+0000] {logging_mixin.py:154} INFO - [2023-12-15T12:09:49.833+0000] {dag.py:3722} INFO - Setting next_dagrun for example_params_trigger_ui to None, run_after=None
[2023-12-15T12:09:49.863+0000] {processor.py:179} INFO - Processing /home/airflow/.local/lib/python3.8/site-packages/airflow/example_dags/example_params_trigger_ui.py took 0.203 seconds
[2023-12-15T12:10:20.415+0000] {processor.py:157} INFO - Started process (PID=3424) to work on /home/airflow/.local/lib/python3.8/site-packages/airflow/example_dags/example_params_trigger_ui.py
[2023-12-15T12:10:20.424+0000] {processor.py:829} INFO - Processing file /home/airflow/.local/lib/python3.8/site-packages/airflow/example_dags/example_params_trigger_ui.py for tasks to queue
[2023-12-15T12:10:20.429+0000] {logging_mixin.py:154} INFO - [2023-12-15T12:10:20.429+0000] {dagbag.py:536} INFO - Filling up the DagBag from /home/airflow/.local/lib/python3.8/site-packages/airflow/example_dags/example_params_trigger_ui.py
[2023-12-15T12:10:20.502+0000] {processor.py:839} INFO - DAG(s) dict_keys(['example_params_trigger_ui']) retrieved from /home/airflow/.local/lib/python3.8/site-packages/airflow/example_dags/example_params_trigger_ui.py
[2023-12-15T12:10:20.603+0000] {logging_mixin.py:154} INFO - [2023-12-15T12:10:20.603+0000] {dag.py:2941} INFO - Sync 1 DAGs
[2023-12-15T12:10:20.627+0000] {logging_mixin.py:154} INFO - [2023-12-15T12:10:20.627+0000] {dag.py:3722} INFO - Setting next_dagrun for example_params_trigger_ui to None, run_after=None
[2023-12-15T12:10:20.654+0000] {processor.py:179} INFO - Processing /home/airflow/.local/lib/python3.8/site-packages/airflow/example_dags/example_params_trigger_ui.py took 0.245 seconds
