[2023-12-15T11:36:53.648+0000] {processor.py:157} INFO - Started process (PID=43) to work on /home/airflow/.local/lib/python3.8/site-packages/airflow/example_dags/example_sensor_decorator.py
[2023-12-15T11:36:53.650+0000] {processor.py:829} INFO - Processing file /home/airflow/.local/lib/python3.8/site-packages/airflow/example_dags/example_sensor_decorator.py for tasks to queue
[2023-12-15T11:36:53.651+0000] {logging_mixin.py:154} INFO - [2023-12-15T11:36:53.651+0000] {dagbag.py:536} INFO - Filling up the DagBag from /home/airflow/.local/lib/python3.8/site-packages/airflow/example_dags/example_sensor_decorator.py
[2023-12-15T11:36:53.656+0000] {processor.py:839} INFO - DAG(s) dict_keys(['example_sensor_decorator']) retrieved from /home/airflow/.local/lib/python3.8/site-packages/airflow/example_dags/example_sensor_decorator.py
[2023-12-15T11:36:53.678+0000] {logging_mixin.py:154} INFO - [2023-12-15T11:36:53.678+0000] {dag.py:2941} INFO - Sync 1 DAGs
[2023-12-15T11:36:53.701+0000] {logging_mixin.py:154} INFO - [2023-12-15T11:36:53.701+0000] {dag.py:3722} INFO - Setting next_dagrun for example_sensor_decorator to None, run_after=None
[2023-12-15T11:36:53.756+0000] {processor.py:179} INFO - Processing /home/airflow/.local/lib/python3.8/site-packages/airflow/example_dags/example_sensor_decorator.py took 0.110 seconds
[2023-12-15T11:37:25.614+0000] {processor.py:157} INFO - Started process (PID=97) to work on /home/airflow/.local/lib/python3.8/site-packages/airflow/example_dags/example_sensor_decorator.py
[2023-12-15T11:37:25.616+0000] {processor.py:829} INFO - Processing file /home/airflow/.local/lib/python3.8/site-packages/airflow/example_dags/example_sensor_decorator.py for tasks to queue
[2023-12-15T11:37:25.619+0000] {logging_mixin.py:154} INFO - [2023-12-15T11:37:25.619+0000] {dagbag.py:536} INFO - Filling up the DagBag from /home/airflow/.local/lib/python3.8/site-packages/airflow/example_dags/example_sensor_decorator.py
[2023-12-15T11:37:25.624+0000] {processor.py:839} INFO - DAG(s) dict_keys(['example_sensor_decorator']) retrieved from /home/airflow/.local/lib/python3.8/site-packages/airflow/example_dags/example_sensor_decorator.py
[2023-12-15T11:37:25.642+0000] {logging_mixin.py:154} INFO - [2023-12-15T11:37:25.641+0000] {dag.py:2941} INFO - Sync 1 DAGs
[2023-12-15T11:37:25.653+0000] {logging_mixin.py:154} INFO - [2023-12-15T11:37:25.653+0000] {dag.py:3722} INFO - Setting next_dagrun for example_sensor_decorator to None, run_after=None
[2023-12-15T11:37:25.663+0000] {processor.py:179} INFO - Processing /home/airflow/.local/lib/python3.8/site-packages/airflow/example_dags/example_sensor_decorator.py took 0.051 seconds
[2023-12-15T11:37:56.531+0000] {processor.py:157} INFO - Started process (PID=151) to work on /home/airflow/.local/lib/python3.8/site-packages/airflow/example_dags/example_sensor_decorator.py
[2023-12-15T11:37:56.532+0000] {processor.py:829} INFO - Processing file /home/airflow/.local/lib/python3.8/site-packages/airflow/example_dags/example_sensor_decorator.py for tasks to queue
[2023-12-15T11:37:56.534+0000] {logging_mixin.py:154} INFO - [2023-12-15T11:37:56.534+0000] {dagbag.py:536} INFO - Filling up the DagBag from /home/airflow/.local/lib/python3.8/site-packages/airflow/example_dags/example_sensor_decorator.py
[2023-12-15T11:37:56.540+0000] {processor.py:839} INFO - DAG(s) dict_keys(['example_sensor_decorator']) retrieved from /home/airflow/.local/lib/python3.8/site-packages/airflow/example_dags/example_sensor_decorator.py
[2023-12-15T11:37:56.562+0000] {logging_mixin.py:154} INFO - [2023-12-15T11:37:56.562+0000] {dag.py:2941} INFO - Sync 1 DAGs
[2023-12-15T11:37:56.571+0000] {logging_mixin.py:154} INFO - [2023-12-15T11:37:56.571+0000] {dag.py:3722} INFO - Setting next_dagrun for example_sensor_decorator to None, run_after=None
[2023-12-15T11:37:56.582+0000] {processor.py:179} INFO - Processing /home/airflow/.local/lib/python3.8/site-packages/airflow/example_dags/example_sensor_decorator.py took 0.053 seconds
[2023-12-15T11:38:27.456+0000] {processor.py:157} INFO - Started process (PID=205) to work on /home/airflow/.local/lib/python3.8/site-packages/airflow/example_dags/example_sensor_decorator.py
[2023-12-15T11:38:27.459+0000] {processor.py:829} INFO - Processing file /home/airflow/.local/lib/python3.8/site-packages/airflow/example_dags/example_sensor_decorator.py for tasks to queue
[2023-12-15T11:38:27.467+0000] {logging_mixin.py:154} INFO - [2023-12-15T11:38:27.465+0000] {dagbag.py:536} INFO - Filling up the DagBag from /home/airflow/.local/lib/python3.8/site-packages/airflow/example_dags/example_sensor_decorator.py
[2023-12-15T11:38:27.483+0000] {processor.py:839} INFO - DAG(s) dict_keys(['example_sensor_decorator']) retrieved from /home/airflow/.local/lib/python3.8/site-packages/airflow/example_dags/example_sensor_decorator.py
[2023-12-15T11:38:27.523+0000] {logging_mixin.py:154} INFO - [2023-12-15T11:38:27.522+0000] {dag.py:2941} INFO - Sync 1 DAGs
[2023-12-15T11:38:27.540+0000] {logging_mixin.py:154} INFO - [2023-12-15T11:38:27.540+0000] {dag.py:3722} INFO - Setting next_dagrun for example_sensor_decorator to None, run_after=None
[2023-12-15T11:38:27.601+0000] {processor.py:179} INFO - Processing /home/airflow/.local/lib/python3.8/site-packages/airflow/example_dags/example_sensor_decorator.py took 0.151 seconds
[2023-12-15T11:39:00.911+0000] {processor.py:157} INFO - Started process (PID=264) to work on /home/airflow/.local/lib/python3.8/site-packages/airflow/example_dags/example_sensor_decorator.py
[2023-12-15T11:39:00.915+0000] {processor.py:829} INFO - Processing file /home/airflow/.local/lib/python3.8/site-packages/airflow/example_dags/example_sensor_decorator.py for tasks to queue
[2023-12-15T11:39:00.926+0000] {logging_mixin.py:154} INFO - [2023-12-15T11:39:00.924+0000] {dagbag.py:536} INFO - Filling up the DagBag from /home/airflow/.local/lib/python3.8/site-packages/airflow/example_dags/example_sensor_decorator.py
[2023-12-15T11:39:00.944+0000] {processor.py:839} INFO - DAG(s) dict_keys(['example_sensor_decorator']) retrieved from /home/airflow/.local/lib/python3.8/site-packages/airflow/example_dags/example_sensor_decorator.py
[2023-12-15T11:39:00.990+0000] {logging_mixin.py:154} INFO - [2023-12-15T11:39:00.989+0000] {dag.py:2941} INFO - Sync 1 DAGs
[2023-12-15T11:39:01.017+0000] {logging_mixin.py:154} INFO - [2023-12-15T11:39:01.017+0000] {dag.py:3722} INFO - Setting next_dagrun for example_sensor_decorator to None, run_after=None
[2023-12-15T11:39:01.090+0000] {processor.py:179} INFO - Processing /home/airflow/.local/lib/python3.8/site-packages/airflow/example_dags/example_sensor_decorator.py took 0.188 seconds
[2023-12-15T11:39:32.204+0000] {processor.py:157} INFO - Started process (PID=316) to work on /home/airflow/.local/lib/python3.8/site-packages/airflow/example_dags/example_sensor_decorator.py
[2023-12-15T11:39:32.211+0000] {processor.py:829} INFO - Processing file /home/airflow/.local/lib/python3.8/site-packages/airflow/example_dags/example_sensor_decorator.py for tasks to queue
[2023-12-15T11:39:32.216+0000] {logging_mixin.py:154} INFO - [2023-12-15T11:39:32.215+0000] {dagbag.py:536} INFO - Filling up the DagBag from /home/airflow/.local/lib/python3.8/site-packages/airflow/example_dags/example_sensor_decorator.py
[2023-12-15T11:39:32.283+0000] {processor.py:839} INFO - DAG(s) dict_keys(['example_sensor_decorator']) retrieved from /home/airflow/.local/lib/python3.8/site-packages/airflow/example_dags/example_sensor_decorator.py
[2023-12-15T11:39:32.918+0000] {logging_mixin.py:154} INFO - [2023-12-15T11:39:32.915+0000] {dag.py:2941} INFO - Sync 1 DAGs
[2023-12-15T11:39:33.123+0000] {logging_mixin.py:154} INFO - [2023-12-15T11:39:33.123+0000] {dag.py:3722} INFO - Setting next_dagrun for example_sensor_decorator to None, run_after=None
[2023-12-15T11:39:33.377+0000] {processor.py:179} INFO - Processing /home/airflow/.local/lib/python3.8/site-packages/airflow/example_dags/example_sensor_decorator.py took 1.177 seconds
[2023-12-15T11:40:03.885+0000] {processor.py:157} INFO - Started process (PID=370) to work on /home/airflow/.local/lib/python3.8/site-packages/airflow/example_dags/example_sensor_decorator.py
[2023-12-15T11:40:03.891+0000] {processor.py:829} INFO - Processing file /home/airflow/.local/lib/python3.8/site-packages/airflow/example_dags/example_sensor_decorator.py for tasks to queue
[2023-12-15T11:40:03.902+0000] {logging_mixin.py:154} INFO - [2023-12-15T11:40:03.901+0000] {dagbag.py:536} INFO - Filling up the DagBag from /home/airflow/.local/lib/python3.8/site-packages/airflow/example_dags/example_sensor_decorator.py
[2023-12-15T11:40:03.936+0000] {processor.py:839} INFO - DAG(s) dict_keys(['example_sensor_decorator']) retrieved from /home/airflow/.local/lib/python3.8/site-packages/airflow/example_dags/example_sensor_decorator.py
[2023-12-15T11:40:04.100+0000] {logging_mixin.py:154} INFO - [2023-12-15T11:40:04.099+0000] {dag.py:2941} INFO - Sync 1 DAGs
[2023-12-15T11:40:04.137+0000] {logging_mixin.py:154} INFO - [2023-12-15T11:40:04.136+0000] {dag.py:3722} INFO - Setting next_dagrun for example_sensor_decorator to None, run_after=None
[2023-12-15T11:40:04.173+0000] {processor.py:179} INFO - Processing /home/airflow/.local/lib/python3.8/site-packages/airflow/example_dags/example_sensor_decorator.py took 0.299 seconds
[2023-12-15T11:40:34.863+0000] {processor.py:157} INFO - Started process (PID=424) to work on /home/airflow/.local/lib/python3.8/site-packages/airflow/example_dags/example_sensor_decorator.py
[2023-12-15T11:40:34.864+0000] {processor.py:829} INFO - Processing file /home/airflow/.local/lib/python3.8/site-packages/airflow/example_dags/example_sensor_decorator.py for tasks to queue
[2023-12-15T11:40:34.867+0000] {logging_mixin.py:154} INFO - [2023-12-15T11:40:34.867+0000] {dagbag.py:536} INFO - Filling up the DagBag from /home/airflow/.local/lib/python3.8/site-packages/airflow/example_dags/example_sensor_decorator.py
[2023-12-15T11:40:34.883+0000] {processor.py:839} INFO - DAG(s) dict_keys(['example_sensor_decorator']) retrieved from /home/airflow/.local/lib/python3.8/site-packages/airflow/example_dags/example_sensor_decorator.py
[2023-12-15T11:40:34.978+0000] {logging_mixin.py:154} INFO - [2023-12-15T11:40:34.977+0000] {dag.py:2941} INFO - Sync 1 DAGs
[2023-12-15T11:40:35.011+0000] {logging_mixin.py:154} INFO - [2023-12-15T11:40:35.010+0000] {dag.py:3722} INFO - Setting next_dagrun for example_sensor_decorator to None, run_after=None
[2023-12-15T11:40:35.060+0000] {processor.py:179} INFO - Processing /home/airflow/.local/lib/python3.8/site-packages/airflow/example_dags/example_sensor_decorator.py took 0.203 seconds
[2023-12-15T11:41:05.944+0000] {processor.py:157} INFO - Started process (PID=479) to work on /home/airflow/.local/lib/python3.8/site-packages/airflow/example_dags/example_sensor_decorator.py
[2023-12-15T11:41:05.947+0000] {processor.py:829} INFO - Processing file /home/airflow/.local/lib/python3.8/site-packages/airflow/example_dags/example_sensor_decorator.py for tasks to queue
[2023-12-15T11:41:05.949+0000] {logging_mixin.py:154} INFO - [2023-12-15T11:41:05.949+0000] {dagbag.py:536} INFO - Filling up the DagBag from /home/airflow/.local/lib/python3.8/site-packages/airflow/example_dags/example_sensor_decorator.py
[2023-12-15T11:41:05.961+0000] {processor.py:839} INFO - DAG(s) dict_keys(['example_sensor_decorator']) retrieved from /home/airflow/.local/lib/python3.8/site-packages/airflow/example_dags/example_sensor_decorator.py
[2023-12-15T11:41:06.000+0000] {logging_mixin.py:154} INFO - [2023-12-15T11:41:05.999+0000] {dag.py:2941} INFO - Sync 1 DAGs
[2023-12-15T11:41:06.023+0000] {logging_mixin.py:154} INFO - [2023-12-15T11:41:06.022+0000] {dag.py:3722} INFO - Setting next_dagrun for example_sensor_decorator to None, run_after=None
[2023-12-15T11:41:06.067+0000] {processor.py:179} INFO - Processing /home/airflow/.local/lib/python3.8/site-packages/airflow/example_dags/example_sensor_decorator.py took 0.127 seconds
[2023-12-15T11:41:47.588+0000] {processor.py:157} INFO - Started process (PID=533) to work on /home/airflow/.local/lib/python3.8/site-packages/airflow/example_dags/example_sensor_decorator.py
[2023-12-15T11:41:47.590+0000] {processor.py:829} INFO - Processing file /home/airflow/.local/lib/python3.8/site-packages/airflow/example_dags/example_sensor_decorator.py for tasks to queue
[2023-12-15T11:41:47.592+0000] {logging_mixin.py:154} INFO - [2023-12-15T11:41:47.592+0000] {dagbag.py:536} INFO - Filling up the DagBag from /home/airflow/.local/lib/python3.8/site-packages/airflow/example_dags/example_sensor_decorator.py
[2023-12-15T11:41:47.602+0000] {processor.py:839} INFO - DAG(s) dict_keys(['example_sensor_decorator']) retrieved from /home/airflow/.local/lib/python3.8/site-packages/airflow/example_dags/example_sensor_decorator.py
[2023-12-15T11:41:47.650+0000] {logging_mixin.py:154} INFO - [2023-12-15T11:41:47.650+0000] {dag.py:2941} INFO - Sync 1 DAGs
[2023-12-15T11:41:47.666+0000] {logging_mixin.py:154} INFO - [2023-12-15T11:41:47.666+0000] {dag.py:3722} INFO - Setting next_dagrun for example_sensor_decorator to None, run_after=None
[2023-12-15T11:41:47.696+0000] {processor.py:179} INFO - Processing /home/airflow/.local/lib/python3.8/site-packages/airflow/example_dags/example_sensor_decorator.py took 0.115 seconds
[2023-12-15T11:42:19.844+0000] {processor.py:157} INFO - Started process (PID=588) to work on /home/airflow/.local/lib/python3.8/site-packages/airflow/example_dags/example_sensor_decorator.py
[2023-12-15T11:42:19.850+0000] {processor.py:829} INFO - Processing file /home/airflow/.local/lib/python3.8/site-packages/airflow/example_dags/example_sensor_decorator.py for tasks to queue
[2023-12-15T11:42:19.861+0000] {logging_mixin.py:154} INFO - [2023-12-15T11:42:19.861+0000] {dagbag.py:536} INFO - Filling up the DagBag from /home/airflow/.local/lib/python3.8/site-packages/airflow/example_dags/example_sensor_decorator.py
[2023-12-15T11:42:19.876+0000] {processor.py:839} INFO - DAG(s) dict_keys(['example_sensor_decorator']) retrieved from /home/airflow/.local/lib/python3.8/site-packages/airflow/example_dags/example_sensor_decorator.py
[2023-12-15T11:42:19.928+0000] {logging_mixin.py:154} INFO - [2023-12-15T11:42:19.928+0000] {dag.py:2941} INFO - Sync 1 DAGs
[2023-12-15T11:42:19.948+0000] {logging_mixin.py:154} INFO - [2023-12-15T11:42:19.946+0000] {dag.py:3722} INFO - Setting next_dagrun for example_sensor_decorator to None, run_after=None
[2023-12-15T11:42:19.973+0000] {processor.py:179} INFO - Processing /home/airflow/.local/lib/python3.8/site-packages/airflow/example_dags/example_sensor_decorator.py took 0.136 seconds
[2023-12-15T11:42:54.595+0000] {processor.py:157} INFO - Started process (PID=641) to work on /home/airflow/.local/lib/python3.8/site-packages/airflow/example_dags/example_sensor_decorator.py
[2023-12-15T11:42:54.609+0000] {processor.py:829} INFO - Processing file /home/airflow/.local/lib/python3.8/site-packages/airflow/example_dags/example_sensor_decorator.py for tasks to queue
[2023-12-15T11:42:54.704+0000] {logging_mixin.py:154} INFO - [2023-12-15T11:42:54.703+0000] {dagbag.py:536} INFO - Filling up the DagBag from /home/airflow/.local/lib/python3.8/site-packages/airflow/example_dags/example_sensor_decorator.py
[2023-12-15T11:42:54.804+0000] {processor.py:839} INFO - DAG(s) dict_keys(['example_sensor_decorator']) retrieved from /home/airflow/.local/lib/python3.8/site-packages/airflow/example_dags/example_sensor_decorator.py
[2023-12-15T11:42:55.316+0000] {logging_mixin.py:154} INFO - [2023-12-15T11:42:55.303+0000] {dag.py:2941} INFO - Sync 1 DAGs
[2023-12-15T11:42:55.797+0000] {logging_mixin.py:154} INFO - [2023-12-15T11:42:55.787+0000] {dag.py:3722} INFO - Setting next_dagrun for example_sensor_decorator to None, run_after=None
[2023-12-15T11:42:56.042+0000] {processor.py:179} INFO - Processing /home/airflow/.local/lib/python3.8/site-packages/airflow/example_dags/example_sensor_decorator.py took 1.494 seconds
[2023-12-15T11:43:27.127+0000] {processor.py:157} INFO - Started process (PID=694) to work on /home/airflow/.local/lib/python3.8/site-packages/airflow/example_dags/example_sensor_decorator.py
[2023-12-15T11:43:27.130+0000] {processor.py:829} INFO - Processing file /home/airflow/.local/lib/python3.8/site-packages/airflow/example_dags/example_sensor_decorator.py for tasks to queue
[2023-12-15T11:43:27.144+0000] {logging_mixin.py:154} INFO - [2023-12-15T11:43:27.140+0000] {dagbag.py:536} INFO - Filling up the DagBag from /home/airflow/.local/lib/python3.8/site-packages/airflow/example_dags/example_sensor_decorator.py
[2023-12-15T11:43:27.252+0000] {processor.py:839} INFO - DAG(s) dict_keys(['example_sensor_decorator']) retrieved from /home/airflow/.local/lib/python3.8/site-packages/airflow/example_dags/example_sensor_decorator.py
[2023-12-15T11:43:27.381+0000] {logging_mixin.py:154} INFO - [2023-12-15T11:43:27.381+0000] {dag.py:2941} INFO - Sync 1 DAGs
[2023-12-15T11:43:27.420+0000] {logging_mixin.py:154} INFO - [2023-12-15T11:43:27.420+0000] {dag.py:3722} INFO - Setting next_dagrun for example_sensor_decorator to None, run_after=None
[2023-12-15T11:43:27.468+0000] {processor.py:179} INFO - Processing /home/airflow/.local/lib/python3.8/site-packages/airflow/example_dags/example_sensor_decorator.py took 0.349 seconds
[2023-12-15T11:43:57.924+0000] {processor.py:157} INFO - Started process (PID=748) to work on /home/airflow/.local/lib/python3.8/site-packages/airflow/example_dags/example_sensor_decorator.py
[2023-12-15T11:43:57.936+0000] {processor.py:829} INFO - Processing file /home/airflow/.local/lib/python3.8/site-packages/airflow/example_dags/example_sensor_decorator.py for tasks to queue
[2023-12-15T11:43:58.054+0000] {logging_mixin.py:154} INFO - [2023-12-15T11:43:58.053+0000] {dagbag.py:536} INFO - Filling up the DagBag from /home/airflow/.local/lib/python3.8/site-packages/airflow/example_dags/example_sensor_decorator.py
[2023-12-15T11:43:58.111+0000] {processor.py:839} INFO - DAG(s) dict_keys(['example_sensor_decorator']) retrieved from /home/airflow/.local/lib/python3.8/site-packages/airflow/example_dags/example_sensor_decorator.py
[2023-12-15T11:43:58.312+0000] {logging_mixin.py:154} INFO - [2023-12-15T11:43:58.311+0000] {dag.py:2941} INFO - Sync 1 DAGs
[2023-12-15T11:43:58.359+0000] {logging_mixin.py:154} INFO - [2023-12-15T11:43:58.359+0000] {dag.py:3722} INFO - Setting next_dagrun for example_sensor_decorator to None, run_after=None
[2023-12-15T11:43:58.421+0000] {processor.py:179} INFO - Processing /home/airflow/.local/lib/python3.8/site-packages/airflow/example_dags/example_sensor_decorator.py took 0.581 seconds
[2023-12-15T11:44:28.624+0000] {processor.py:157} INFO - Started process (PID=802) to work on /home/airflow/.local/lib/python3.8/site-packages/airflow/example_dags/example_sensor_decorator.py
[2023-12-15T11:44:28.627+0000] {processor.py:829} INFO - Processing file /home/airflow/.local/lib/python3.8/site-packages/airflow/example_dags/example_sensor_decorator.py for tasks to queue
[2023-12-15T11:44:28.634+0000] {logging_mixin.py:154} INFO - [2023-12-15T11:44:28.634+0000] {dagbag.py:536} INFO - Filling up the DagBag from /home/airflow/.local/lib/python3.8/site-packages/airflow/example_dags/example_sensor_decorator.py
[2023-12-15T11:44:28.665+0000] {processor.py:839} INFO - DAG(s) dict_keys(['example_sensor_decorator']) retrieved from /home/airflow/.local/lib/python3.8/site-packages/airflow/example_dags/example_sensor_decorator.py
[2023-12-15T11:44:28.745+0000] {logging_mixin.py:154} INFO - [2023-12-15T11:44:28.744+0000] {dag.py:2941} INFO - Sync 1 DAGs
[2023-12-15T11:44:28.788+0000] {logging_mixin.py:154} INFO - [2023-12-15T11:44:28.788+0000] {dag.py:3722} INFO - Setting next_dagrun for example_sensor_decorator to None, run_after=None
[2023-12-15T11:44:28.824+0000] {processor.py:179} INFO - Processing /home/airflow/.local/lib/python3.8/site-packages/airflow/example_dags/example_sensor_decorator.py took 0.209 seconds
[2023-12-15T11:44:59.129+0000] {processor.py:157} INFO - Started process (PID=856) to work on /home/airflow/.local/lib/python3.8/site-packages/airflow/example_dags/example_sensor_decorator.py
[2023-12-15T11:44:59.132+0000] {processor.py:829} INFO - Processing file /home/airflow/.local/lib/python3.8/site-packages/airflow/example_dags/example_sensor_decorator.py for tasks to queue
[2023-12-15T11:44:59.139+0000] {logging_mixin.py:154} INFO - [2023-12-15T11:44:59.138+0000] {dagbag.py:536} INFO - Filling up the DagBag from /home/airflow/.local/lib/python3.8/site-packages/airflow/example_dags/example_sensor_decorator.py
[2023-12-15T11:44:59.155+0000] {processor.py:839} INFO - DAG(s) dict_keys(['example_sensor_decorator']) retrieved from /home/airflow/.local/lib/python3.8/site-packages/airflow/example_dags/example_sensor_decorator.py
[2023-12-15T11:44:59.194+0000] {logging_mixin.py:154} INFO - [2023-12-15T11:44:59.194+0000] {dag.py:2941} INFO - Sync 1 DAGs
[2023-12-15T11:44:59.210+0000] {logging_mixin.py:154} INFO - [2023-12-15T11:44:59.210+0000] {dag.py:3722} INFO - Setting next_dagrun for example_sensor_decorator to None, run_after=None
[2023-12-15T11:44:59.240+0000] {processor.py:179} INFO - Processing /home/airflow/.local/lib/python3.8/site-packages/airflow/example_dags/example_sensor_decorator.py took 0.118 seconds
[2023-12-15T11:45:29.969+0000] {processor.py:157} INFO - Started process (PID=910) to work on /home/airflow/.local/lib/python3.8/site-packages/airflow/example_dags/example_sensor_decorator.py
[2023-12-15T11:45:29.976+0000] {processor.py:829} INFO - Processing file /home/airflow/.local/lib/python3.8/site-packages/airflow/example_dags/example_sensor_decorator.py for tasks to queue
[2023-12-15T11:45:29.987+0000] {logging_mixin.py:154} INFO - [2023-12-15T11:45:29.987+0000] {dagbag.py:536} INFO - Filling up the DagBag from /home/airflow/.local/lib/python3.8/site-packages/airflow/example_dags/example_sensor_decorator.py
[2023-12-15T11:45:30.070+0000] {processor.py:839} INFO - DAG(s) dict_keys(['example_sensor_decorator']) retrieved from /home/airflow/.local/lib/python3.8/site-packages/airflow/example_dags/example_sensor_decorator.py
[2023-12-15T11:45:30.269+0000] {logging_mixin.py:154} INFO - [2023-12-15T11:45:30.268+0000] {dag.py:2941} INFO - Sync 1 DAGs
[2023-12-15T11:45:30.319+0000] {logging_mixin.py:154} INFO - [2023-12-15T11:45:30.319+0000] {dag.py:3722} INFO - Setting next_dagrun for example_sensor_decorator to None, run_after=None
[2023-12-15T11:45:30.454+0000] {processor.py:179} INFO - Processing /home/airflow/.local/lib/python3.8/site-packages/airflow/example_dags/example_sensor_decorator.py took 0.500 seconds
[2023-12-15T11:46:02.001+0000] {processor.py:157} INFO - Started process (PID=964) to work on /home/airflow/.local/lib/python3.8/site-packages/airflow/example_dags/example_sensor_decorator.py
[2023-12-15T11:46:02.005+0000] {processor.py:829} INFO - Processing file /home/airflow/.local/lib/python3.8/site-packages/airflow/example_dags/example_sensor_decorator.py for tasks to queue
[2023-12-15T11:46:02.010+0000] {logging_mixin.py:154} INFO - [2023-12-15T11:46:02.009+0000] {dagbag.py:536} INFO - Filling up the DagBag from /home/airflow/.local/lib/python3.8/site-packages/airflow/example_dags/example_sensor_decorator.py
[2023-12-15T11:46:02.023+0000] {processor.py:839} INFO - DAG(s) dict_keys(['example_sensor_decorator']) retrieved from /home/airflow/.local/lib/python3.8/site-packages/airflow/example_dags/example_sensor_decorator.py
[2023-12-15T11:46:02.092+0000] {logging_mixin.py:154} INFO - [2023-12-15T11:46:02.092+0000] {dag.py:2941} INFO - Sync 1 DAGs
[2023-12-15T11:46:02.116+0000] {logging_mixin.py:154} INFO - [2023-12-15T11:46:02.116+0000] {dag.py:3722} INFO - Setting next_dagrun for example_sensor_decorator to None, run_after=None
[2023-12-15T11:46:02.143+0000] {processor.py:179} INFO - Processing /home/airflow/.local/lib/python3.8/site-packages/airflow/example_dags/example_sensor_decorator.py took 0.148 seconds
[2023-12-15T11:46:32.788+0000] {processor.py:157} INFO - Started process (PID=1015) to work on /home/airflow/.local/lib/python3.8/site-packages/airflow/example_dags/example_sensor_decorator.py
[2023-12-15T11:46:32.793+0000] {processor.py:829} INFO - Processing file /home/airflow/.local/lib/python3.8/site-packages/airflow/example_dags/example_sensor_decorator.py for tasks to queue
[2023-12-15T11:46:32.795+0000] {logging_mixin.py:154} INFO - [2023-12-15T11:46:32.795+0000] {dagbag.py:536} INFO - Filling up the DagBag from /home/airflow/.local/lib/python3.8/site-packages/airflow/example_dags/example_sensor_decorator.py
[2023-12-15T11:46:32.800+0000] {processor.py:839} INFO - DAG(s) dict_keys(['example_sensor_decorator']) retrieved from /home/airflow/.local/lib/python3.8/site-packages/airflow/example_dags/example_sensor_decorator.py
[2023-12-15T11:46:32.825+0000] {logging_mixin.py:154} INFO - [2023-12-15T11:46:32.825+0000] {dag.py:2941} INFO - Sync 1 DAGs
[2023-12-15T11:46:32.834+0000] {logging_mixin.py:154} INFO - [2023-12-15T11:46:32.834+0000] {dag.py:3722} INFO - Setting next_dagrun for example_sensor_decorator to None, run_after=None
[2023-12-15T11:46:32.853+0000] {processor.py:179} INFO - Processing /home/airflow/.local/lib/python3.8/site-packages/airflow/example_dags/example_sensor_decorator.py took 0.069 seconds
[2023-12-15T11:47:05.328+0000] {processor.py:157} INFO - Started process (PID=1069) to work on /home/airflow/.local/lib/python3.8/site-packages/airflow/example_dags/example_sensor_decorator.py
[2023-12-15T11:47:05.334+0000] {processor.py:829} INFO - Processing file /home/airflow/.local/lib/python3.8/site-packages/airflow/example_dags/example_sensor_decorator.py for tasks to queue
[2023-12-15T11:47:05.337+0000] {logging_mixin.py:154} INFO - [2023-12-15T11:47:05.337+0000] {dagbag.py:536} INFO - Filling up the DagBag from /home/airflow/.local/lib/python3.8/site-packages/airflow/example_dags/example_sensor_decorator.py
[2023-12-15T11:47:05.345+0000] {processor.py:839} INFO - DAG(s) dict_keys(['example_sensor_decorator']) retrieved from /home/airflow/.local/lib/python3.8/site-packages/airflow/example_dags/example_sensor_decorator.py
[2023-12-15T11:47:05.391+0000] {logging_mixin.py:154} INFO - [2023-12-15T11:47:05.391+0000] {dag.py:2941} INFO - Sync 1 DAGs
[2023-12-15T11:47:05.414+0000] {logging_mixin.py:154} INFO - [2023-12-15T11:47:05.414+0000] {dag.py:3722} INFO - Setting next_dagrun for example_sensor_decorator to None, run_after=None
[2023-12-15T11:47:05.450+0000] {processor.py:179} INFO - Processing /home/airflow/.local/lib/python3.8/site-packages/airflow/example_dags/example_sensor_decorator.py took 0.128 seconds
[2023-12-15T11:47:36.479+0000] {processor.py:157} INFO - Started process (PID=1116) to work on /home/airflow/.local/lib/python3.8/site-packages/airflow/example_dags/example_sensor_decorator.py
[2023-12-15T11:47:36.482+0000] {processor.py:829} INFO - Processing file /home/airflow/.local/lib/python3.8/site-packages/airflow/example_dags/example_sensor_decorator.py for tasks to queue
[2023-12-15T11:47:36.487+0000] {logging_mixin.py:154} INFO - [2023-12-15T11:47:36.487+0000] {dagbag.py:536} INFO - Filling up the DagBag from /home/airflow/.local/lib/python3.8/site-packages/airflow/example_dags/example_sensor_decorator.py
[2023-12-15T11:47:36.495+0000] {processor.py:839} INFO - DAG(s) dict_keys(['example_sensor_decorator']) retrieved from /home/airflow/.local/lib/python3.8/site-packages/airflow/example_dags/example_sensor_decorator.py
[2023-12-15T11:47:36.547+0000] {logging_mixin.py:154} INFO - [2023-12-15T11:47:36.546+0000] {dag.py:2941} INFO - Sync 1 DAGs
[2023-12-15T11:47:36.642+0000] {logging_mixin.py:154} INFO - [2023-12-15T11:47:36.642+0000] {dag.py:3722} INFO - Setting next_dagrun for example_sensor_decorator to None, run_after=None
[2023-12-15T11:47:36.758+0000] {processor.py:179} INFO - Processing /home/airflow/.local/lib/python3.8/site-packages/airflow/example_dags/example_sensor_decorator.py took 0.285 seconds
[2023-12-15T11:48:07.704+0000] {processor.py:157} INFO - Started process (PID=1169) to work on /home/airflow/.local/lib/python3.8/site-packages/airflow/example_dags/example_sensor_decorator.py
[2023-12-15T11:48:07.707+0000] {processor.py:829} INFO - Processing file /home/airflow/.local/lib/python3.8/site-packages/airflow/example_dags/example_sensor_decorator.py for tasks to queue
[2023-12-15T11:48:07.713+0000] {logging_mixin.py:154} INFO - [2023-12-15T11:48:07.712+0000] {dagbag.py:536} INFO - Filling up the DagBag from /home/airflow/.local/lib/python3.8/site-packages/airflow/example_dags/example_sensor_decorator.py
[2023-12-15T11:48:07.748+0000] {processor.py:839} INFO - DAG(s) dict_keys(['example_sensor_decorator']) retrieved from /home/airflow/.local/lib/python3.8/site-packages/airflow/example_dags/example_sensor_decorator.py
[2023-12-15T11:48:07.817+0000] {logging_mixin.py:154} INFO - [2023-12-15T11:48:07.817+0000] {dag.py:2941} INFO - Sync 1 DAGs
[2023-12-15T11:48:07.857+0000] {logging_mixin.py:154} INFO - [2023-12-15T11:48:07.856+0000] {dag.py:3722} INFO - Setting next_dagrun for example_sensor_decorator to None, run_after=None
[2023-12-15T11:48:07.907+0000] {processor.py:179} INFO - Processing /home/airflow/.local/lib/python3.8/site-packages/airflow/example_dags/example_sensor_decorator.py took 0.215 seconds
[2023-12-15T11:48:45.922+0000] {processor.py:157} INFO - Started process (PID=1221) to work on /home/airflow/.local/lib/python3.8/site-packages/airflow/example_dags/example_sensor_decorator.py
[2023-12-15T11:48:45.933+0000] {processor.py:829} INFO - Processing file /home/airflow/.local/lib/python3.8/site-packages/airflow/example_dags/example_sensor_decorator.py for tasks to queue
[2023-12-15T11:48:45.940+0000] {logging_mixin.py:154} INFO - [2023-12-15T11:48:45.939+0000] {dagbag.py:536} INFO - Filling up the DagBag from /home/airflow/.local/lib/python3.8/site-packages/airflow/example_dags/example_sensor_decorator.py
[2023-12-15T11:48:45.956+0000] {processor.py:839} INFO - DAG(s) dict_keys(['example_sensor_decorator']) retrieved from /home/airflow/.local/lib/python3.8/site-packages/airflow/example_dags/example_sensor_decorator.py
[2023-12-15T11:48:46.073+0000] {logging_mixin.py:154} INFO - [2023-12-15T11:48:46.072+0000] {dag.py:2941} INFO - Sync 1 DAGs
[2023-12-15T11:48:46.113+0000] {logging_mixin.py:154} INFO - [2023-12-15T11:48:46.113+0000] {dag.py:3722} INFO - Setting next_dagrun for example_sensor_decorator to None, run_after=None
[2023-12-15T11:48:46.213+0000] {processor.py:179} INFO - Processing /home/airflow/.local/lib/python3.8/site-packages/airflow/example_dags/example_sensor_decorator.py took 0.298 seconds
[2023-12-15T11:49:18.195+0000] {processor.py:157} INFO - Started process (PID=1275) to work on /home/airflow/.local/lib/python3.8/site-packages/airflow/example_dags/example_sensor_decorator.py
[2023-12-15T11:49:18.203+0000] {processor.py:829} INFO - Processing file /home/airflow/.local/lib/python3.8/site-packages/airflow/example_dags/example_sensor_decorator.py for tasks to queue
[2023-12-15T11:49:18.208+0000] {logging_mixin.py:154} INFO - [2023-12-15T11:49:18.206+0000] {dagbag.py:536} INFO - Filling up the DagBag from /home/airflow/.local/lib/python3.8/site-packages/airflow/example_dags/example_sensor_decorator.py
[2023-12-15T11:49:18.217+0000] {processor.py:839} INFO - DAG(s) dict_keys(['example_sensor_decorator']) retrieved from /home/airflow/.local/lib/python3.8/site-packages/airflow/example_dags/example_sensor_decorator.py
[2023-12-15T11:49:18.250+0000] {logging_mixin.py:154} INFO - [2023-12-15T11:49:18.249+0000] {dag.py:2941} INFO - Sync 1 DAGs
[2023-12-15T11:49:18.266+0000] {logging_mixin.py:154} INFO - [2023-12-15T11:49:18.266+0000] {dag.py:3722} INFO - Setting next_dagrun for example_sensor_decorator to None, run_after=None
[2023-12-15T11:49:18.298+0000] {processor.py:179} INFO - Processing /home/airflow/.local/lib/python3.8/site-packages/airflow/example_dags/example_sensor_decorator.py took 0.111 seconds
[2023-12-15T11:49:48.550+0000] {processor.py:157} INFO - Started process (PID=1328) to work on /home/airflow/.local/lib/python3.8/site-packages/airflow/example_dags/example_sensor_decorator.py
[2023-12-15T11:49:48.554+0000] {processor.py:829} INFO - Processing file /home/airflow/.local/lib/python3.8/site-packages/airflow/example_dags/example_sensor_decorator.py for tasks to queue
[2023-12-15T11:49:48.558+0000] {logging_mixin.py:154} INFO - [2023-12-15T11:49:48.558+0000] {dagbag.py:536} INFO - Filling up the DagBag from /home/airflow/.local/lib/python3.8/site-packages/airflow/example_dags/example_sensor_decorator.py
[2023-12-15T11:49:48.572+0000] {processor.py:839} INFO - DAG(s) dict_keys(['example_sensor_decorator']) retrieved from /home/airflow/.local/lib/python3.8/site-packages/airflow/example_dags/example_sensor_decorator.py
[2023-12-15T11:49:48.603+0000] {logging_mixin.py:154} INFO - [2023-12-15T11:49:48.602+0000] {dag.py:2941} INFO - Sync 1 DAGs
[2023-12-15T11:49:48.611+0000] {logging_mixin.py:154} INFO - [2023-12-15T11:49:48.611+0000] {dag.py:3722} INFO - Setting next_dagrun for example_sensor_decorator to None, run_after=None
[2023-12-15T11:49:48.632+0000] {processor.py:179} INFO - Processing /home/airflow/.local/lib/python3.8/site-packages/airflow/example_dags/example_sensor_decorator.py took 0.091 seconds
[2023-12-15T11:50:25.846+0000] {processor.py:157} INFO - Started process (PID=1378) to work on /home/airflow/.local/lib/python3.8/site-packages/airflow/example_dags/example_sensor_decorator.py
[2023-12-15T11:50:25.892+0000] {processor.py:829} INFO - Processing file /home/airflow/.local/lib/python3.8/site-packages/airflow/example_dags/example_sensor_decorator.py for tasks to queue
[2023-12-15T11:50:25.908+0000] {logging_mixin.py:154} INFO - [2023-12-15T11:50:25.908+0000] {dagbag.py:536} INFO - Filling up the DagBag from /home/airflow/.local/lib/python3.8/site-packages/airflow/example_dags/example_sensor_decorator.py
[2023-12-15T11:50:25.919+0000] {processor.py:839} INFO - DAG(s) dict_keys(['example_sensor_decorator']) retrieved from /home/airflow/.local/lib/python3.8/site-packages/airflow/example_dags/example_sensor_decorator.py
[2023-12-15T11:50:26.098+0000] {logging_mixin.py:154} INFO - [2023-12-15T11:50:26.097+0000] {dag.py:2941} INFO - Sync 1 DAGs
[2023-12-15T11:50:27.158+0000] {logging_mixin.py:154} INFO - [2023-12-15T11:50:27.158+0000] {dag.py:3722} INFO - Setting next_dagrun for example_sensor_decorator to None, run_after=None
[2023-12-15T11:50:27.178+0000] {processor.py:179} INFO - Processing /home/airflow/.local/lib/python3.8/site-packages/airflow/example_dags/example_sensor_decorator.py took 1.339 seconds
[2023-12-15T11:51:00.702+0000] {processor.py:157} INFO - Started process (PID=1438) to work on /home/airflow/.local/lib/python3.8/site-packages/airflow/example_dags/example_sensor_decorator.py
[2023-12-15T11:51:00.706+0000] {processor.py:829} INFO - Processing file /home/airflow/.local/lib/python3.8/site-packages/airflow/example_dags/example_sensor_decorator.py for tasks to queue
[2023-12-15T11:51:00.713+0000] {logging_mixin.py:154} INFO - [2023-12-15T11:51:00.713+0000] {dagbag.py:536} INFO - Filling up the DagBag from /home/airflow/.local/lib/python3.8/site-packages/airflow/example_dags/example_sensor_decorator.py
[2023-12-15T11:51:00.722+0000] {processor.py:839} INFO - DAG(s) dict_keys(['example_sensor_decorator']) retrieved from /home/airflow/.local/lib/python3.8/site-packages/airflow/example_dags/example_sensor_decorator.py
[2023-12-15T11:51:00.760+0000] {logging_mixin.py:154} INFO - [2023-12-15T11:51:00.760+0000] {dag.py:2941} INFO - Sync 1 DAGs
[2023-12-15T11:51:00.779+0000] {logging_mixin.py:154} INFO - [2023-12-15T11:51:00.779+0000] {dag.py:3722} INFO - Setting next_dagrun for example_sensor_decorator to None, run_after=None
[2023-12-15T11:51:02.155+0000] {processor.py:179} INFO - Processing /home/airflow/.local/lib/python3.8/site-packages/airflow/example_dags/example_sensor_decorator.py took 1.467 seconds
[2023-12-15T11:51:32.655+0000] {processor.py:157} INFO - Started process (PID=1492) to work on /home/airflow/.local/lib/python3.8/site-packages/airflow/example_dags/example_sensor_decorator.py
[2023-12-15T11:51:32.657+0000] {processor.py:829} INFO - Processing file /home/airflow/.local/lib/python3.8/site-packages/airflow/example_dags/example_sensor_decorator.py for tasks to queue
[2023-12-15T11:51:32.677+0000] {logging_mixin.py:154} INFO - [2023-12-15T11:51:32.674+0000] {dagbag.py:536} INFO - Filling up the DagBag from /home/airflow/.local/lib/python3.8/site-packages/airflow/example_dags/example_sensor_decorator.py
[2023-12-15T11:51:32.742+0000] {processor.py:839} INFO - DAG(s) dict_keys(['example_sensor_decorator']) retrieved from /home/airflow/.local/lib/python3.8/site-packages/airflow/example_dags/example_sensor_decorator.py
[2023-12-15T11:51:32.896+0000] {logging_mixin.py:154} INFO - [2023-12-15T11:51:32.895+0000] {dag.py:2941} INFO - Sync 1 DAGs
[2023-12-15T11:51:33.008+0000] {logging_mixin.py:154} INFO - [2023-12-15T11:51:33.008+0000] {dag.py:3722} INFO - Setting next_dagrun for example_sensor_decorator to None, run_after=None
[2023-12-15T11:51:33.155+0000] {processor.py:179} INFO - Processing /home/airflow/.local/lib/python3.8/site-packages/airflow/example_dags/example_sensor_decorator.py took 0.517 seconds
[2023-12-15T11:52:13.343+0000] {processor.py:157} INFO - Started process (PID=1545) to work on /home/airflow/.local/lib/python3.8/site-packages/airflow/example_dags/example_sensor_decorator.py
[2023-12-15T11:52:13.352+0000] {processor.py:829} INFO - Processing file /home/airflow/.local/lib/python3.8/site-packages/airflow/example_dags/example_sensor_decorator.py for tasks to queue
[2023-12-15T11:52:13.360+0000] {logging_mixin.py:154} INFO - [2023-12-15T11:52:13.359+0000] {dagbag.py:536} INFO - Filling up the DagBag from /home/airflow/.local/lib/python3.8/site-packages/airflow/example_dags/example_sensor_decorator.py
[2023-12-15T11:52:13.372+0000] {processor.py:839} INFO - DAG(s) dict_keys(['example_sensor_decorator']) retrieved from /home/airflow/.local/lib/python3.8/site-packages/airflow/example_dags/example_sensor_decorator.py
[2023-12-15T11:52:14.164+0000] {logging_mixin.py:154} INFO - [2023-12-15T11:52:14.163+0000] {dag.py:2941} INFO - Sync 1 DAGs
[2023-12-15T11:52:14.230+0000] {logging_mixin.py:154} INFO - [2023-12-15T11:52:14.230+0000] {dag.py:3722} INFO - Setting next_dagrun for example_sensor_decorator to None, run_after=None
[2023-12-15T11:52:14.281+0000] {processor.py:179} INFO - Processing /home/airflow/.local/lib/python3.8/site-packages/airflow/example_dags/example_sensor_decorator.py took 0.945 seconds
[2023-12-15T11:52:44.915+0000] {processor.py:157} INFO - Started process (PID=1599) to work on /home/airflow/.local/lib/python3.8/site-packages/airflow/example_dags/example_sensor_decorator.py
[2023-12-15T11:52:44.920+0000] {processor.py:829} INFO - Processing file /home/airflow/.local/lib/python3.8/site-packages/airflow/example_dags/example_sensor_decorator.py for tasks to queue
[2023-12-15T11:52:44.927+0000] {logging_mixin.py:154} INFO - [2023-12-15T11:52:44.927+0000] {dagbag.py:536} INFO - Filling up the DagBag from /home/airflow/.local/lib/python3.8/site-packages/airflow/example_dags/example_sensor_decorator.py
[2023-12-15T11:52:44.951+0000] {processor.py:839} INFO - DAG(s) dict_keys(['example_sensor_decorator']) retrieved from /home/airflow/.local/lib/python3.8/site-packages/airflow/example_dags/example_sensor_decorator.py
[2023-12-15T11:52:45.025+0000] {logging_mixin.py:154} INFO - [2023-12-15T11:52:45.025+0000] {dag.py:2941} INFO - Sync 1 DAGs
[2023-12-15T11:52:45.046+0000] {logging_mixin.py:154} INFO - [2023-12-15T11:52:45.046+0000] {dag.py:3722} INFO - Setting next_dagrun for example_sensor_decorator to None, run_after=None
[2023-12-15T11:52:45.082+0000] {processor.py:179} INFO - Processing /home/airflow/.local/lib/python3.8/site-packages/airflow/example_dags/example_sensor_decorator.py took 0.176 seconds
[2023-12-15T11:53:15.572+0000] {processor.py:157} INFO - Started process (PID=1652) to work on /home/airflow/.local/lib/python3.8/site-packages/airflow/example_dags/example_sensor_decorator.py
[2023-12-15T11:53:15.584+0000] {processor.py:829} INFO - Processing file /home/airflow/.local/lib/python3.8/site-packages/airflow/example_dags/example_sensor_decorator.py for tasks to queue
[2023-12-15T11:53:15.594+0000] {logging_mixin.py:154} INFO - [2023-12-15T11:53:15.593+0000] {dagbag.py:536} INFO - Filling up the DagBag from /home/airflow/.local/lib/python3.8/site-packages/airflow/example_dags/example_sensor_decorator.py
[2023-12-15T11:53:15.608+0000] {processor.py:839} INFO - DAG(s) dict_keys(['example_sensor_decorator']) retrieved from /home/airflow/.local/lib/python3.8/site-packages/airflow/example_dags/example_sensor_decorator.py
[2023-12-15T11:53:15.677+0000] {logging_mixin.py:154} INFO - [2023-12-15T11:53:15.677+0000] {dag.py:2941} INFO - Sync 1 DAGs
[2023-12-15T11:53:15.693+0000] {logging_mixin.py:154} INFO - [2023-12-15T11:53:15.693+0000] {dag.py:3722} INFO - Setting next_dagrun for example_sensor_decorator to None, run_after=None
[2023-12-15T11:53:15.718+0000] {processor.py:179} INFO - Processing /home/airflow/.local/lib/python3.8/site-packages/airflow/example_dags/example_sensor_decorator.py took 0.160 seconds
[2023-12-15T11:53:46.438+0000] {processor.py:157} INFO - Started process (PID=1706) to work on /home/airflow/.local/lib/python3.8/site-packages/airflow/example_dags/example_sensor_decorator.py
[2023-12-15T11:53:46.448+0000] {processor.py:829} INFO - Processing file /home/airflow/.local/lib/python3.8/site-packages/airflow/example_dags/example_sensor_decorator.py for tasks to queue
[2023-12-15T11:53:46.455+0000] {logging_mixin.py:154} INFO - [2023-12-15T11:53:46.455+0000] {dagbag.py:536} INFO - Filling up the DagBag from /home/airflow/.local/lib/python3.8/site-packages/airflow/example_dags/example_sensor_decorator.py
[2023-12-15T11:53:46.521+0000] {processor.py:839} INFO - DAG(s) dict_keys(['example_sensor_decorator']) retrieved from /home/airflow/.local/lib/python3.8/site-packages/airflow/example_dags/example_sensor_decorator.py
[2023-12-15T11:53:46.667+0000] {logging_mixin.py:154} INFO - [2023-12-15T11:53:46.667+0000] {dag.py:2941} INFO - Sync 1 DAGs
[2023-12-15T11:53:46.689+0000] {logging_mixin.py:154} INFO - [2023-12-15T11:53:46.688+0000] {dag.py:3722} INFO - Setting next_dagrun for example_sensor_decorator to None, run_after=None
[2023-12-15T11:53:46.750+0000] {processor.py:179} INFO - Processing /home/airflow/.local/lib/python3.8/site-packages/airflow/example_dags/example_sensor_decorator.py took 0.349 seconds
[2023-12-15T11:54:17.268+0000] {processor.py:157} INFO - Started process (PID=1760) to work on /home/airflow/.local/lib/python3.8/site-packages/airflow/example_dags/example_sensor_decorator.py
[2023-12-15T11:54:17.280+0000] {processor.py:829} INFO - Processing file /home/airflow/.local/lib/python3.8/site-packages/airflow/example_dags/example_sensor_decorator.py for tasks to queue
[2023-12-15T11:54:17.308+0000] {logging_mixin.py:154} INFO - [2023-12-15T11:54:17.307+0000] {dagbag.py:536} INFO - Filling up the DagBag from /home/airflow/.local/lib/python3.8/site-packages/airflow/example_dags/example_sensor_decorator.py
[2023-12-15T11:54:17.383+0000] {processor.py:839} INFO - DAG(s) dict_keys(['example_sensor_decorator']) retrieved from /home/airflow/.local/lib/python3.8/site-packages/airflow/example_dags/example_sensor_decorator.py
[2023-12-15T11:54:17.810+0000] {logging_mixin.py:154} INFO - [2023-12-15T11:54:17.809+0000] {dag.py:2941} INFO - Sync 1 DAGs
[2023-12-15T11:54:17.999+0000] {logging_mixin.py:154} INFO - [2023-12-15T11:54:17.999+0000] {dag.py:3722} INFO - Setting next_dagrun for example_sensor_decorator to None, run_after=None
[2023-12-15T11:54:18.040+0000] {processor.py:179} INFO - Processing /home/airflow/.local/lib/python3.8/site-packages/airflow/example_dags/example_sensor_decorator.py took 0.792 seconds
[2023-12-15T11:54:48.247+0000] {processor.py:157} INFO - Started process (PID=1814) to work on /home/airflow/.local/lib/python3.8/site-packages/airflow/example_dags/example_sensor_decorator.py
[2023-12-15T11:54:48.249+0000] {processor.py:829} INFO - Processing file /home/airflow/.local/lib/python3.8/site-packages/airflow/example_dags/example_sensor_decorator.py for tasks to queue
[2023-12-15T11:54:48.268+0000] {logging_mixin.py:154} INFO - [2023-12-15T11:54:48.267+0000] {dagbag.py:536} INFO - Filling up the DagBag from /home/airflow/.local/lib/python3.8/site-packages/airflow/example_dags/example_sensor_decorator.py
[2023-12-15T11:54:48.295+0000] {processor.py:839} INFO - DAG(s) dict_keys(['example_sensor_decorator']) retrieved from /home/airflow/.local/lib/python3.8/site-packages/airflow/example_dags/example_sensor_decorator.py
[2023-12-15T11:54:48.357+0000] {logging_mixin.py:154} INFO - [2023-12-15T11:54:48.357+0000] {dag.py:2941} INFO - Sync 1 DAGs
[2023-12-15T11:54:48.381+0000] {logging_mixin.py:154} INFO - [2023-12-15T11:54:48.381+0000] {dag.py:3722} INFO - Setting next_dagrun for example_sensor_decorator to None, run_after=None
[2023-12-15T11:54:48.424+0000] {processor.py:179} INFO - Processing /home/airflow/.local/lib/python3.8/site-packages/airflow/example_dags/example_sensor_decorator.py took 0.184 seconds
[2023-12-15T11:55:18.643+0000] {processor.py:157} INFO - Started process (PID=1867) to work on /home/airflow/.local/lib/python3.8/site-packages/airflow/example_dags/example_sensor_decorator.py
[2023-12-15T11:55:18.646+0000] {processor.py:829} INFO - Processing file /home/airflow/.local/lib/python3.8/site-packages/airflow/example_dags/example_sensor_decorator.py for tasks to queue
[2023-12-15T11:55:18.649+0000] {logging_mixin.py:154} INFO - [2023-12-15T11:55:18.648+0000] {dagbag.py:536} INFO - Filling up the DagBag from /home/airflow/.local/lib/python3.8/site-packages/airflow/example_dags/example_sensor_decorator.py
[2023-12-15T11:55:18.655+0000] {processor.py:839} INFO - DAG(s) dict_keys(['example_sensor_decorator']) retrieved from /home/airflow/.local/lib/python3.8/site-packages/airflow/example_dags/example_sensor_decorator.py
[2023-12-15T11:55:18.679+0000] {logging_mixin.py:154} INFO - [2023-12-15T11:55:18.679+0000] {dag.py:2941} INFO - Sync 1 DAGs
[2023-12-15T11:55:18.702+0000] {logging_mixin.py:154} INFO - [2023-12-15T11:55:18.702+0000] {dag.py:3722} INFO - Setting next_dagrun for example_sensor_decorator to None, run_after=None
[2023-12-15T11:55:18.735+0000] {processor.py:179} INFO - Processing /home/airflow/.local/lib/python3.8/site-packages/airflow/example_dags/example_sensor_decorator.py took 0.097 seconds
[2023-12-15T11:55:49.679+0000] {processor.py:157} INFO - Started process (PID=1921) to work on /home/airflow/.local/lib/python3.8/site-packages/airflow/example_dags/example_sensor_decorator.py
[2023-12-15T11:55:49.681+0000] {processor.py:829} INFO - Processing file /home/airflow/.local/lib/python3.8/site-packages/airflow/example_dags/example_sensor_decorator.py for tasks to queue
[2023-12-15T11:55:49.684+0000] {logging_mixin.py:154} INFO - [2023-12-15T11:55:49.684+0000] {dagbag.py:536} INFO - Filling up the DagBag from /home/airflow/.local/lib/python3.8/site-packages/airflow/example_dags/example_sensor_decorator.py
[2023-12-15T11:55:49.695+0000] {processor.py:839} INFO - DAG(s) dict_keys(['example_sensor_decorator']) retrieved from /home/airflow/.local/lib/python3.8/site-packages/airflow/example_dags/example_sensor_decorator.py
[2023-12-15T11:55:49.783+0000] {logging_mixin.py:154} INFO - [2023-12-15T11:55:49.783+0000] {dag.py:2941} INFO - Sync 1 DAGs
[2023-12-15T11:55:49.802+0000] {logging_mixin.py:154} INFO - [2023-12-15T11:55:49.801+0000] {dag.py:3722} INFO - Setting next_dagrun for example_sensor_decorator to None, run_after=None
[2023-12-15T11:55:49.823+0000] {processor.py:179} INFO - Processing /home/airflow/.local/lib/python3.8/site-packages/airflow/example_dags/example_sensor_decorator.py took 0.152 seconds
[2023-12-15T11:56:20.398+0000] {processor.py:157} INFO - Started process (PID=1976) to work on /home/airflow/.local/lib/python3.8/site-packages/airflow/example_dags/example_sensor_decorator.py
[2023-12-15T11:56:20.404+0000] {processor.py:829} INFO - Processing file /home/airflow/.local/lib/python3.8/site-packages/airflow/example_dags/example_sensor_decorator.py for tasks to queue
[2023-12-15T11:56:20.424+0000] {logging_mixin.py:154} INFO - [2023-12-15T11:56:20.424+0000] {dagbag.py:536} INFO - Filling up the DagBag from /home/airflow/.local/lib/python3.8/site-packages/airflow/example_dags/example_sensor_decorator.py
[2023-12-15T11:56:20.444+0000] {processor.py:839} INFO - DAG(s) dict_keys(['example_sensor_decorator']) retrieved from /home/airflow/.local/lib/python3.8/site-packages/airflow/example_dags/example_sensor_decorator.py
[2023-12-15T11:56:20.522+0000] {logging_mixin.py:154} INFO - [2023-12-15T11:56:20.522+0000] {dag.py:2941} INFO - Sync 1 DAGs
[2023-12-15T11:56:20.540+0000] {logging_mixin.py:154} INFO - [2023-12-15T11:56:20.540+0000] {dag.py:3722} INFO - Setting next_dagrun for example_sensor_decorator to None, run_after=None
[2023-12-15T11:56:20.576+0000] {processor.py:179} INFO - Processing /home/airflow/.local/lib/python3.8/site-packages/airflow/example_dags/example_sensor_decorator.py took 0.191 seconds
[2023-12-15T11:56:50.749+0000] {processor.py:157} INFO - Started process (PID=2029) to work on /home/airflow/.local/lib/python3.8/site-packages/airflow/example_dags/example_sensor_decorator.py
[2023-12-15T11:56:50.753+0000] {processor.py:829} INFO - Processing file /home/airflow/.local/lib/python3.8/site-packages/airflow/example_dags/example_sensor_decorator.py for tasks to queue
[2023-12-15T11:56:50.763+0000] {logging_mixin.py:154} INFO - [2023-12-15T11:56:50.761+0000] {dagbag.py:536} INFO - Filling up the DagBag from /home/airflow/.local/lib/python3.8/site-packages/airflow/example_dags/example_sensor_decorator.py
[2023-12-15T11:56:50.801+0000] {processor.py:839} INFO - DAG(s) dict_keys(['example_sensor_decorator']) retrieved from /home/airflow/.local/lib/python3.8/site-packages/airflow/example_dags/example_sensor_decorator.py
[2023-12-15T11:56:51.044+0000] {logging_mixin.py:154} INFO - [2023-12-15T11:56:51.043+0000] {dag.py:2941} INFO - Sync 1 DAGs
[2023-12-15T11:56:51.101+0000] {logging_mixin.py:154} INFO - [2023-12-15T11:56:51.100+0000] {dag.py:3722} INFO - Setting next_dagrun for example_sensor_decorator to None, run_after=None
[2023-12-15T11:56:51.300+0000] {processor.py:179} INFO - Processing /home/airflow/.local/lib/python3.8/site-packages/airflow/example_dags/example_sensor_decorator.py took 0.619 seconds
[2023-12-15T11:57:22.405+0000] {processor.py:157} INFO - Started process (PID=2085) to work on /home/airflow/.local/lib/python3.8/site-packages/airflow/example_dags/example_sensor_decorator.py
[2023-12-15T11:57:22.408+0000] {processor.py:829} INFO - Processing file /home/airflow/.local/lib/python3.8/site-packages/airflow/example_dags/example_sensor_decorator.py for tasks to queue
[2023-12-15T11:57:22.412+0000] {logging_mixin.py:154} INFO - [2023-12-15T11:57:22.411+0000] {dagbag.py:536} INFO - Filling up the DagBag from /home/airflow/.local/lib/python3.8/site-packages/airflow/example_dags/example_sensor_decorator.py
[2023-12-15T11:57:22.436+0000] {processor.py:839} INFO - DAG(s) dict_keys(['example_sensor_decorator']) retrieved from /home/airflow/.local/lib/python3.8/site-packages/airflow/example_dags/example_sensor_decorator.py
[2023-12-15T11:57:22.514+0000] {logging_mixin.py:154} INFO - [2023-12-15T11:57:22.514+0000] {dag.py:2941} INFO - Sync 1 DAGs
[2023-12-15T11:57:22.534+0000] {logging_mixin.py:154} INFO - [2023-12-15T11:57:22.534+0000] {dag.py:3722} INFO - Setting next_dagrun for example_sensor_decorator to None, run_after=None
[2023-12-15T11:57:22.578+0000] {processor.py:179} INFO - Processing /home/airflow/.local/lib/python3.8/site-packages/airflow/example_dags/example_sensor_decorator.py took 0.181 seconds
[2023-12-15T11:57:52.846+0000] {processor.py:157} INFO - Started process (PID=2139) to work on /home/airflow/.local/lib/python3.8/site-packages/airflow/example_dags/example_sensor_decorator.py
[2023-12-15T11:57:52.848+0000] {processor.py:829} INFO - Processing file /home/airflow/.local/lib/python3.8/site-packages/airflow/example_dags/example_sensor_decorator.py for tasks to queue
[2023-12-15T11:57:52.851+0000] {logging_mixin.py:154} INFO - [2023-12-15T11:57:52.851+0000] {dagbag.py:536} INFO - Filling up the DagBag from /home/airflow/.local/lib/python3.8/site-packages/airflow/example_dags/example_sensor_decorator.py
[2023-12-15T11:57:52.862+0000] {processor.py:839} INFO - DAG(s) dict_keys(['example_sensor_decorator']) retrieved from /home/airflow/.local/lib/python3.8/site-packages/airflow/example_dags/example_sensor_decorator.py
[2023-12-15T11:57:52.899+0000] {logging_mixin.py:154} INFO - [2023-12-15T11:57:52.899+0000] {dag.py:2941} INFO - Sync 1 DAGs
[2023-12-15T11:57:52.914+0000] {logging_mixin.py:154} INFO - [2023-12-15T11:57:52.914+0000] {dag.py:3722} INFO - Setting next_dagrun for example_sensor_decorator to None, run_after=None
[2023-12-15T11:57:52.928+0000] {processor.py:179} INFO - Processing /home/airflow/.local/lib/python3.8/site-packages/airflow/example_dags/example_sensor_decorator.py took 0.084 seconds
[2023-12-15T11:58:23.540+0000] {processor.py:157} INFO - Started process (PID=2193) to work on /home/airflow/.local/lib/python3.8/site-packages/airflow/example_dags/example_sensor_decorator.py
[2023-12-15T11:58:23.541+0000] {processor.py:829} INFO - Processing file /home/airflow/.local/lib/python3.8/site-packages/airflow/example_dags/example_sensor_decorator.py for tasks to queue
[2023-12-15T11:58:23.543+0000] {logging_mixin.py:154} INFO - [2023-12-15T11:58:23.543+0000] {dagbag.py:536} INFO - Filling up the DagBag from /home/airflow/.local/lib/python3.8/site-packages/airflow/example_dags/example_sensor_decorator.py
[2023-12-15T11:58:23.550+0000] {processor.py:839} INFO - DAG(s) dict_keys(['example_sensor_decorator']) retrieved from /home/airflow/.local/lib/python3.8/site-packages/airflow/example_dags/example_sensor_decorator.py
[2023-12-15T11:58:23.569+0000] {logging_mixin.py:154} INFO - [2023-12-15T11:58:23.569+0000] {dag.py:2941} INFO - Sync 1 DAGs
[2023-12-15T11:58:23.578+0000] {logging_mixin.py:154} INFO - [2023-12-15T11:58:23.578+0000] {dag.py:3722} INFO - Setting next_dagrun for example_sensor_decorator to None, run_after=None
[2023-12-15T11:58:23.587+0000] {processor.py:179} INFO - Processing /home/airflow/.local/lib/python3.8/site-packages/airflow/example_dags/example_sensor_decorator.py took 0.051 seconds
[2023-12-15T11:58:54.154+0000] {processor.py:157} INFO - Started process (PID=2246) to work on /home/airflow/.local/lib/python3.8/site-packages/airflow/example_dags/example_sensor_decorator.py
[2023-12-15T11:58:54.155+0000] {processor.py:829} INFO - Processing file /home/airflow/.local/lib/python3.8/site-packages/airflow/example_dags/example_sensor_decorator.py for tasks to queue
[2023-12-15T11:58:54.158+0000] {logging_mixin.py:154} INFO - [2023-12-15T11:58:54.158+0000] {dagbag.py:536} INFO - Filling up the DagBag from /home/airflow/.local/lib/python3.8/site-packages/airflow/example_dags/example_sensor_decorator.py
[2023-12-15T11:58:54.166+0000] {processor.py:839} INFO - DAG(s) dict_keys(['example_sensor_decorator']) retrieved from /home/airflow/.local/lib/python3.8/site-packages/airflow/example_dags/example_sensor_decorator.py
[2023-12-15T11:58:54.266+0000] {logging_mixin.py:154} INFO - [2023-12-15T11:58:54.265+0000] {dag.py:2941} INFO - Sync 1 DAGs
[2023-12-15T11:58:54.294+0000] {logging_mixin.py:154} INFO - [2023-12-15T11:58:54.294+0000] {dag.py:3722} INFO - Setting next_dagrun for example_sensor_decorator to None, run_after=None
[2023-12-15T11:58:54.310+0000] {processor.py:179} INFO - Processing /home/airflow/.local/lib/python3.8/site-packages/airflow/example_dags/example_sensor_decorator.py took 0.163 seconds
[2023-12-15T11:59:24.444+0000] {processor.py:157} INFO - Started process (PID=2300) to work on /home/airflow/.local/lib/python3.8/site-packages/airflow/example_dags/example_sensor_decorator.py
[2023-12-15T11:59:24.446+0000] {processor.py:829} INFO - Processing file /home/airflow/.local/lib/python3.8/site-packages/airflow/example_dags/example_sensor_decorator.py for tasks to queue
[2023-12-15T11:59:24.448+0000] {logging_mixin.py:154} INFO - [2023-12-15T11:59:24.448+0000] {dagbag.py:536} INFO - Filling up the DagBag from /home/airflow/.local/lib/python3.8/site-packages/airflow/example_dags/example_sensor_decorator.py
[2023-12-15T11:59:24.464+0000] {processor.py:839} INFO - DAG(s) dict_keys(['example_sensor_decorator']) retrieved from /home/airflow/.local/lib/python3.8/site-packages/airflow/example_dags/example_sensor_decorator.py
[2023-12-15T11:59:24.507+0000] {logging_mixin.py:154} INFO - [2023-12-15T11:59:24.506+0000] {dag.py:2941} INFO - Sync 1 DAGs
[2023-12-15T11:59:24.521+0000] {logging_mixin.py:154} INFO - [2023-12-15T11:59:24.521+0000] {dag.py:3722} INFO - Setting next_dagrun for example_sensor_decorator to None, run_after=None
[2023-12-15T11:59:24.536+0000] {processor.py:179} INFO - Processing /home/airflow/.local/lib/python3.8/site-packages/airflow/example_dags/example_sensor_decorator.py took 0.100 seconds
[2023-12-15T11:59:55.559+0000] {processor.py:157} INFO - Started process (PID=2353) to work on /home/airflow/.local/lib/python3.8/site-packages/airflow/example_dags/example_sensor_decorator.py
[2023-12-15T11:59:55.564+0000] {processor.py:829} INFO - Processing file /home/airflow/.local/lib/python3.8/site-packages/airflow/example_dags/example_sensor_decorator.py for tasks to queue
[2023-12-15T11:59:55.568+0000] {logging_mixin.py:154} INFO - [2023-12-15T11:59:55.567+0000] {dagbag.py:536} INFO - Filling up the DagBag from /home/airflow/.local/lib/python3.8/site-packages/airflow/example_dags/example_sensor_decorator.py
[2023-12-15T11:59:55.592+0000] {processor.py:839} INFO - DAG(s) dict_keys(['example_sensor_decorator']) retrieved from /home/airflow/.local/lib/python3.8/site-packages/airflow/example_dags/example_sensor_decorator.py
[2023-12-15T11:59:55.677+0000] {logging_mixin.py:154} INFO - [2023-12-15T11:59:55.677+0000] {dag.py:2941} INFO - Sync 1 DAGs
[2023-12-15T11:59:55.714+0000] {logging_mixin.py:154} INFO - [2023-12-15T11:59:55.713+0000] {dag.py:3722} INFO - Setting next_dagrun for example_sensor_decorator to None, run_after=None
[2023-12-15T11:59:55.738+0000] {processor.py:179} INFO - Processing /home/airflow/.local/lib/python3.8/site-packages/airflow/example_dags/example_sensor_decorator.py took 0.188 seconds
[2023-12-15T12:00:27.444+0000] {processor.py:157} INFO - Started process (PID=2406) to work on /home/airflow/.local/lib/python3.8/site-packages/airflow/example_dags/example_sensor_decorator.py
[2023-12-15T12:00:27.452+0000] {processor.py:829} INFO - Processing file /home/airflow/.local/lib/python3.8/site-packages/airflow/example_dags/example_sensor_decorator.py for tasks to queue
[2023-12-15T12:00:27.461+0000] {logging_mixin.py:154} INFO - [2023-12-15T12:00:27.460+0000] {dagbag.py:536} INFO - Filling up the DagBag from /home/airflow/.local/lib/python3.8/site-packages/airflow/example_dags/example_sensor_decorator.py
[2023-12-15T12:00:27.474+0000] {processor.py:839} INFO - DAG(s) dict_keys(['example_sensor_decorator']) retrieved from /home/airflow/.local/lib/python3.8/site-packages/airflow/example_dags/example_sensor_decorator.py
[2023-12-15T12:00:27.547+0000] {logging_mixin.py:154} INFO - [2023-12-15T12:00:27.546+0000] {dag.py:2941} INFO - Sync 1 DAGs
[2023-12-15T12:00:27.581+0000] {logging_mixin.py:154} INFO - [2023-12-15T12:00:27.580+0000] {dag.py:3722} INFO - Setting next_dagrun for example_sensor_decorator to None, run_after=None
[2023-12-15T12:00:27.684+0000] {processor.py:179} INFO - Processing /home/airflow/.local/lib/python3.8/site-packages/airflow/example_dags/example_sensor_decorator.py took 0.246 seconds
[2023-12-15T12:00:57.784+0000] {processor.py:157} INFO - Started process (PID=2460) to work on /home/airflow/.local/lib/python3.8/site-packages/airflow/example_dags/example_sensor_decorator.py
[2023-12-15T12:00:57.787+0000] {processor.py:829} INFO - Processing file /home/airflow/.local/lib/python3.8/site-packages/airflow/example_dags/example_sensor_decorator.py for tasks to queue
[2023-12-15T12:00:57.790+0000] {logging_mixin.py:154} INFO - [2023-12-15T12:00:57.790+0000] {dagbag.py:536} INFO - Filling up the DagBag from /home/airflow/.local/lib/python3.8/site-packages/airflow/example_dags/example_sensor_decorator.py
[2023-12-15T12:00:57.801+0000] {processor.py:839} INFO - DAG(s) dict_keys(['example_sensor_decorator']) retrieved from /home/airflow/.local/lib/python3.8/site-packages/airflow/example_dags/example_sensor_decorator.py
[2023-12-15T12:00:57.841+0000] {logging_mixin.py:154} INFO - [2023-12-15T12:00:57.841+0000] {dag.py:2941} INFO - Sync 1 DAGs
[2023-12-15T12:00:57.858+0000] {logging_mixin.py:154} INFO - [2023-12-15T12:00:57.858+0000] {dag.py:3722} INFO - Setting next_dagrun for example_sensor_decorator to None, run_after=None
[2023-12-15T12:00:57.901+0000] {processor.py:179} INFO - Processing /home/airflow/.local/lib/python3.8/site-packages/airflow/example_dags/example_sensor_decorator.py took 0.121 seconds
[2023-12-15T12:01:29.227+0000] {processor.py:157} INFO - Started process (PID=2513) to work on /home/airflow/.local/lib/python3.8/site-packages/airflow/example_dags/example_sensor_decorator.py
[2023-12-15T12:01:29.258+0000] {processor.py:829} INFO - Processing file /home/airflow/.local/lib/python3.8/site-packages/airflow/example_dags/example_sensor_decorator.py for tasks to queue
[2023-12-15T12:01:29.260+0000] {logging_mixin.py:154} INFO - [2023-12-15T12:01:29.260+0000] {dagbag.py:536} INFO - Filling up the DagBag from /home/airflow/.local/lib/python3.8/site-packages/airflow/example_dags/example_sensor_decorator.py
[2023-12-15T12:01:29.267+0000] {processor.py:839} INFO - DAG(s) dict_keys(['example_sensor_decorator']) retrieved from /home/airflow/.local/lib/python3.8/site-packages/airflow/example_dags/example_sensor_decorator.py
[2023-12-15T12:01:29.293+0000] {logging_mixin.py:154} INFO - [2023-12-15T12:01:29.293+0000] {dag.py:2941} INFO - Sync 1 DAGs
[2023-12-15T12:01:29.308+0000] {logging_mixin.py:154} INFO - [2023-12-15T12:01:29.308+0000] {dag.py:3722} INFO - Setting next_dagrun for example_sensor_decorator to None, run_after=None
[2023-12-15T12:01:29.327+0000] {processor.py:179} INFO - Processing /home/airflow/.local/lib/python3.8/site-packages/airflow/example_dags/example_sensor_decorator.py took 0.102 seconds
[2023-12-15T12:02:01.098+0000] {processor.py:157} INFO - Started process (PID=2567) to work on /home/airflow/.local/lib/python3.8/site-packages/airflow/example_dags/example_sensor_decorator.py
[2023-12-15T12:02:01.109+0000] {processor.py:829} INFO - Processing file /home/airflow/.local/lib/python3.8/site-packages/airflow/example_dags/example_sensor_decorator.py for tasks to queue
[2023-12-15T12:02:01.121+0000] {logging_mixin.py:154} INFO - [2023-12-15T12:02:01.120+0000] {dagbag.py:536} INFO - Filling up the DagBag from /home/airflow/.local/lib/python3.8/site-packages/airflow/example_dags/example_sensor_decorator.py
[2023-12-15T12:02:01.131+0000] {processor.py:839} INFO - DAG(s) dict_keys(['example_sensor_decorator']) retrieved from /home/airflow/.local/lib/python3.8/site-packages/airflow/example_dags/example_sensor_decorator.py
[2023-12-15T12:02:01.177+0000] {logging_mixin.py:154} INFO - [2023-12-15T12:02:01.176+0000] {dag.py:2941} INFO - Sync 1 DAGs
[2023-12-15T12:02:01.191+0000] {logging_mixin.py:154} INFO - [2023-12-15T12:02:01.191+0000] {dag.py:3722} INFO - Setting next_dagrun for example_sensor_decorator to None, run_after=None
[2023-12-15T12:02:01.232+0000] {processor.py:179} INFO - Processing /home/airflow/.local/lib/python3.8/site-packages/airflow/example_dags/example_sensor_decorator.py took 0.143 seconds
[2023-12-15T12:02:31.907+0000] {processor.py:157} INFO - Started process (PID=2621) to work on /home/airflow/.local/lib/python3.8/site-packages/airflow/example_dags/example_sensor_decorator.py
[2023-12-15T12:02:31.909+0000] {processor.py:829} INFO - Processing file /home/airflow/.local/lib/python3.8/site-packages/airflow/example_dags/example_sensor_decorator.py for tasks to queue
[2023-12-15T12:02:31.913+0000] {logging_mixin.py:154} INFO - [2023-12-15T12:02:31.912+0000] {dagbag.py:536} INFO - Filling up the DagBag from /home/airflow/.local/lib/python3.8/site-packages/airflow/example_dags/example_sensor_decorator.py
[2023-12-15T12:02:31.924+0000] {processor.py:839} INFO - DAG(s) dict_keys(['example_sensor_decorator']) retrieved from /home/airflow/.local/lib/python3.8/site-packages/airflow/example_dags/example_sensor_decorator.py
[2023-12-15T12:02:31.964+0000] {logging_mixin.py:154} INFO - [2023-12-15T12:02:31.964+0000] {dag.py:2941} INFO - Sync 1 DAGs
[2023-12-15T12:02:31.976+0000] {logging_mixin.py:154} INFO - [2023-12-15T12:02:31.975+0000] {dag.py:3722} INFO - Setting next_dagrun for example_sensor_decorator to None, run_after=None
[2023-12-15T12:02:32.003+0000] {processor.py:179} INFO - Processing /home/airflow/.local/lib/python3.8/site-packages/airflow/example_dags/example_sensor_decorator.py took 0.099 seconds
[2023-12-15T12:03:03.245+0000] {processor.py:157} INFO - Started process (PID=2675) to work on /home/airflow/.local/lib/python3.8/site-packages/airflow/example_dags/example_sensor_decorator.py
[2023-12-15T12:03:03.257+0000] {processor.py:829} INFO - Processing file /home/airflow/.local/lib/python3.8/site-packages/airflow/example_dags/example_sensor_decorator.py for tasks to queue
[2023-12-15T12:03:03.276+0000] {logging_mixin.py:154} INFO - [2023-12-15T12:03:03.275+0000] {dagbag.py:536} INFO - Filling up the DagBag from /home/airflow/.local/lib/python3.8/site-packages/airflow/example_dags/example_sensor_decorator.py
[2023-12-15T12:03:03.297+0000] {processor.py:839} INFO - DAG(s) dict_keys(['example_sensor_decorator']) retrieved from /home/airflow/.local/lib/python3.8/site-packages/airflow/example_dags/example_sensor_decorator.py
[2023-12-15T12:03:03.362+0000] {logging_mixin.py:154} INFO - [2023-12-15T12:03:03.362+0000] {dag.py:2941} INFO - Sync 1 DAGs
[2023-12-15T12:03:03.395+0000] {logging_mixin.py:154} INFO - [2023-12-15T12:03:03.395+0000] {dag.py:3722} INFO - Setting next_dagrun for example_sensor_decorator to None, run_after=None
[2023-12-15T12:03:03.495+0000] {processor.py:179} INFO - Processing /home/airflow/.local/lib/python3.8/site-packages/airflow/example_dags/example_sensor_decorator.py took 0.257 seconds
[2023-12-15T12:03:34.433+0000] {processor.py:157} INFO - Started process (PID=2729) to work on /home/airflow/.local/lib/python3.8/site-packages/airflow/example_dags/example_sensor_decorator.py
[2023-12-15T12:03:34.436+0000] {processor.py:829} INFO - Processing file /home/airflow/.local/lib/python3.8/site-packages/airflow/example_dags/example_sensor_decorator.py for tasks to queue
[2023-12-15T12:03:34.443+0000] {logging_mixin.py:154} INFO - [2023-12-15T12:03:34.442+0000] {dagbag.py:536} INFO - Filling up the DagBag from /home/airflow/.local/lib/python3.8/site-packages/airflow/example_dags/example_sensor_decorator.py
[2023-12-15T12:03:34.463+0000] {processor.py:839} INFO - DAG(s) dict_keys(['example_sensor_decorator']) retrieved from /home/airflow/.local/lib/python3.8/site-packages/airflow/example_dags/example_sensor_decorator.py
[2023-12-15T12:03:34.575+0000] {logging_mixin.py:154} INFO - [2023-12-15T12:03:34.574+0000] {dag.py:2941} INFO - Sync 1 DAGs
[2023-12-15T12:03:34.732+0000] {logging_mixin.py:154} INFO - [2023-12-15T12:03:34.732+0000] {dag.py:3722} INFO - Setting next_dagrun for example_sensor_decorator to None, run_after=None
[2023-12-15T12:03:34.806+0000] {processor.py:179} INFO - Processing /home/airflow/.local/lib/python3.8/site-packages/airflow/example_dags/example_sensor_decorator.py took 0.376 seconds
[2023-12-15T12:04:06.961+0000] {processor.py:157} INFO - Started process (PID=2783) to work on /home/airflow/.local/lib/python3.8/site-packages/airflow/example_dags/example_sensor_decorator.py
[2023-12-15T12:04:06.963+0000] {processor.py:829} INFO - Processing file /home/airflow/.local/lib/python3.8/site-packages/airflow/example_dags/example_sensor_decorator.py for tasks to queue
[2023-12-15T12:04:06.966+0000] {logging_mixin.py:154} INFO - [2023-12-15T12:04:06.966+0000] {dagbag.py:536} INFO - Filling up the DagBag from /home/airflow/.local/lib/python3.8/site-packages/airflow/example_dags/example_sensor_decorator.py
[2023-12-15T12:04:06.974+0000] {processor.py:839} INFO - DAG(s) dict_keys(['example_sensor_decorator']) retrieved from /home/airflow/.local/lib/python3.8/site-packages/airflow/example_dags/example_sensor_decorator.py
[2023-12-15T12:04:07.008+0000] {logging_mixin.py:154} INFO - [2023-12-15T12:04:07.008+0000] {dag.py:2941} INFO - Sync 1 DAGs
[2023-12-15T12:04:07.027+0000] {logging_mixin.py:154} INFO - [2023-12-15T12:04:07.026+0000] {dag.py:3722} INFO - Setting next_dagrun for example_sensor_decorator to None, run_after=None
[2023-12-15T12:04:07.051+0000] {processor.py:179} INFO - Processing /home/airflow/.local/lib/python3.8/site-packages/airflow/example_dags/example_sensor_decorator.py took 0.094 seconds
[2023-12-15T12:04:38.186+0000] {processor.py:157} INFO - Started process (PID=2835) to work on /home/airflow/.local/lib/python3.8/site-packages/airflow/example_dags/example_sensor_decorator.py
[2023-12-15T12:04:38.191+0000] {processor.py:829} INFO - Processing file /home/airflow/.local/lib/python3.8/site-packages/airflow/example_dags/example_sensor_decorator.py for tasks to queue
[2023-12-15T12:04:38.194+0000] {logging_mixin.py:154} INFO - [2023-12-15T12:04:38.194+0000] {dagbag.py:536} INFO - Filling up the DagBag from /home/airflow/.local/lib/python3.8/site-packages/airflow/example_dags/example_sensor_decorator.py
[2023-12-15T12:04:38.206+0000] {processor.py:839} INFO - DAG(s) dict_keys(['example_sensor_decorator']) retrieved from /home/airflow/.local/lib/python3.8/site-packages/airflow/example_dags/example_sensor_decorator.py
[2023-12-15T12:04:38.262+0000] {logging_mixin.py:154} INFO - [2023-12-15T12:04:38.261+0000] {dag.py:2941} INFO - Sync 1 DAGs
[2023-12-15T12:04:38.284+0000] {logging_mixin.py:154} INFO - [2023-12-15T12:04:38.284+0000] {dag.py:3722} INFO - Setting next_dagrun for example_sensor_decorator to None, run_after=None
[2023-12-15T12:04:38.334+0000] {processor.py:179} INFO - Processing /home/airflow/.local/lib/python3.8/site-packages/airflow/example_dags/example_sensor_decorator.py took 0.153 seconds
[2023-12-15T12:05:09.196+0000] {processor.py:157} INFO - Started process (PID=2889) to work on /home/airflow/.local/lib/python3.8/site-packages/airflow/example_dags/example_sensor_decorator.py
[2023-12-15T12:05:09.199+0000] {processor.py:829} INFO - Processing file /home/airflow/.local/lib/python3.8/site-packages/airflow/example_dags/example_sensor_decorator.py for tasks to queue
[2023-12-15T12:05:09.201+0000] {logging_mixin.py:154} INFO - [2023-12-15T12:05:09.201+0000] {dagbag.py:536} INFO - Filling up the DagBag from /home/airflow/.local/lib/python3.8/site-packages/airflow/example_dags/example_sensor_decorator.py
[2023-12-15T12:05:09.207+0000] {processor.py:839} INFO - DAG(s) dict_keys(['example_sensor_decorator']) retrieved from /home/airflow/.local/lib/python3.8/site-packages/airflow/example_dags/example_sensor_decorator.py
[2023-12-15T12:05:09.226+0000] {logging_mixin.py:154} INFO - [2023-12-15T12:05:09.226+0000] {dag.py:2941} INFO - Sync 1 DAGs
[2023-12-15T12:05:09.234+0000] {logging_mixin.py:154} INFO - [2023-12-15T12:05:09.234+0000] {dag.py:3722} INFO - Setting next_dagrun for example_sensor_decorator to None, run_after=None
[2023-12-15T12:05:09.245+0000] {processor.py:179} INFO - Processing /home/airflow/.local/lib/python3.8/site-packages/airflow/example_dags/example_sensor_decorator.py took 0.053 seconds
[2023-12-15T12:05:42.398+0000] {processor.py:157} INFO - Started process (PID=2943) to work on /home/airflow/.local/lib/python3.8/site-packages/airflow/example_dags/example_sensor_decorator.py
[2023-12-15T12:05:42.404+0000] {processor.py:829} INFO - Processing file /home/airflow/.local/lib/python3.8/site-packages/airflow/example_dags/example_sensor_decorator.py for tasks to queue
[2023-12-15T12:05:42.416+0000] {logging_mixin.py:154} INFO - [2023-12-15T12:05:42.416+0000] {dagbag.py:536} INFO - Filling up the DagBag from /home/airflow/.local/lib/python3.8/site-packages/airflow/example_dags/example_sensor_decorator.py
[2023-12-15T12:05:42.469+0000] {processor.py:839} INFO - DAG(s) dict_keys(['example_sensor_decorator']) retrieved from /home/airflow/.local/lib/python3.8/site-packages/airflow/example_dags/example_sensor_decorator.py
[2023-12-15T12:05:42.592+0000] {logging_mixin.py:154} INFO - [2023-12-15T12:05:42.591+0000] {dag.py:2941} INFO - Sync 1 DAGs
[2023-12-15T12:05:42.684+0000] {logging_mixin.py:154} INFO - [2023-12-15T12:05:42.684+0000] {dag.py:3722} INFO - Setting next_dagrun for example_sensor_decorator to None, run_after=None
[2023-12-15T12:05:42.732+0000] {processor.py:179} INFO - Processing /home/airflow/.local/lib/python3.8/site-packages/airflow/example_dags/example_sensor_decorator.py took 0.355 seconds
[2023-12-15T12:06:13.781+0000] {processor.py:157} INFO - Started process (PID=2997) to work on /home/airflow/.local/lib/python3.8/site-packages/airflow/example_dags/example_sensor_decorator.py
[2023-12-15T12:06:13.800+0000] {processor.py:829} INFO - Processing file /home/airflow/.local/lib/python3.8/site-packages/airflow/example_dags/example_sensor_decorator.py for tasks to queue
[2023-12-15T12:06:13.825+0000] {logging_mixin.py:154} INFO - [2023-12-15T12:06:13.824+0000] {dagbag.py:536} INFO - Filling up the DagBag from /home/airflow/.local/lib/python3.8/site-packages/airflow/example_dags/example_sensor_decorator.py
[2023-12-15T12:06:13.872+0000] {processor.py:839} INFO - DAG(s) dict_keys(['example_sensor_decorator']) retrieved from /home/airflow/.local/lib/python3.8/site-packages/airflow/example_dags/example_sensor_decorator.py
[2023-12-15T12:06:13.958+0000] {logging_mixin.py:154} INFO - [2023-12-15T12:06:13.958+0000] {dag.py:2941} INFO - Sync 1 DAGs
[2023-12-15T12:06:13.991+0000] {logging_mixin.py:154} INFO - [2023-12-15T12:06:13.990+0000] {dag.py:3722} INFO - Setting next_dagrun for example_sensor_decorator to None, run_after=None
[2023-12-15T12:06:14.039+0000] {processor.py:179} INFO - Processing /home/airflow/.local/lib/python3.8/site-packages/airflow/example_dags/example_sensor_decorator.py took 0.270 seconds
[2023-12-15T12:06:44.909+0000] {processor.py:157} INFO - Started process (PID=3051) to work on /home/airflow/.local/lib/python3.8/site-packages/airflow/example_dags/example_sensor_decorator.py
[2023-12-15T12:06:44.912+0000] {processor.py:829} INFO - Processing file /home/airflow/.local/lib/python3.8/site-packages/airflow/example_dags/example_sensor_decorator.py for tasks to queue
[2023-12-15T12:06:44.940+0000] {logging_mixin.py:154} INFO - [2023-12-15T12:06:44.937+0000] {dagbag.py:536} INFO - Filling up the DagBag from /home/airflow/.local/lib/python3.8/site-packages/airflow/example_dags/example_sensor_decorator.py
[2023-12-15T12:06:44.969+0000] {processor.py:839} INFO - DAG(s) dict_keys(['example_sensor_decorator']) retrieved from /home/airflow/.local/lib/python3.8/site-packages/airflow/example_dags/example_sensor_decorator.py
[2023-12-15T12:06:45.160+0000] {logging_mixin.py:154} INFO - [2023-12-15T12:06:45.160+0000] {dag.py:2941} INFO - Sync 1 DAGs
[2023-12-15T12:06:45.287+0000] {logging_mixin.py:154} INFO - [2023-12-15T12:06:45.287+0000] {dag.py:3722} INFO - Setting next_dagrun for example_sensor_decorator to None, run_after=None
[2023-12-15T12:06:45.357+0000] {processor.py:179} INFO - Processing /home/airflow/.local/lib/python3.8/site-packages/airflow/example_dags/example_sensor_decorator.py took 0.455 seconds
[2023-12-15T12:07:15.515+0000] {processor.py:157} INFO - Started process (PID=3103) to work on /home/airflow/.local/lib/python3.8/site-packages/airflow/example_dags/example_sensor_decorator.py
[2023-12-15T12:07:15.520+0000] {processor.py:829} INFO - Processing file /home/airflow/.local/lib/python3.8/site-packages/airflow/example_dags/example_sensor_decorator.py for tasks to queue
[2023-12-15T12:07:15.526+0000] {logging_mixin.py:154} INFO - [2023-12-15T12:07:15.525+0000] {dagbag.py:536} INFO - Filling up the DagBag from /home/airflow/.local/lib/python3.8/site-packages/airflow/example_dags/example_sensor_decorator.py
[2023-12-15T12:07:15.543+0000] {processor.py:839} INFO - DAG(s) dict_keys(['example_sensor_decorator']) retrieved from /home/airflow/.local/lib/python3.8/site-packages/airflow/example_dags/example_sensor_decorator.py
[2023-12-15T12:07:15.615+0000] {logging_mixin.py:154} INFO - [2023-12-15T12:07:15.615+0000] {dag.py:2941} INFO - Sync 1 DAGs
[2023-12-15T12:07:15.679+0000] {logging_mixin.py:154} INFO - [2023-12-15T12:07:15.679+0000] {dag.py:3722} INFO - Setting next_dagrun for example_sensor_decorator to None, run_after=None
[2023-12-15T12:07:15.751+0000] {processor.py:179} INFO - Processing /home/airflow/.local/lib/python3.8/site-packages/airflow/example_dags/example_sensor_decorator.py took 0.305 seconds
[2023-12-15T12:07:47.113+0000] {processor.py:157} INFO - Started process (PID=3157) to work on /home/airflow/.local/lib/python3.8/site-packages/airflow/example_dags/example_sensor_decorator.py
[2023-12-15T12:07:47.125+0000] {processor.py:829} INFO - Processing file /home/airflow/.local/lib/python3.8/site-packages/airflow/example_dags/example_sensor_decorator.py for tasks to queue
[2023-12-15T12:07:47.134+0000] {logging_mixin.py:154} INFO - [2023-12-15T12:07:47.133+0000] {dagbag.py:536} INFO - Filling up the DagBag from /home/airflow/.local/lib/python3.8/site-packages/airflow/example_dags/example_sensor_decorator.py
[2023-12-15T12:07:47.163+0000] {processor.py:839} INFO - DAG(s) dict_keys(['example_sensor_decorator']) retrieved from /home/airflow/.local/lib/python3.8/site-packages/airflow/example_dags/example_sensor_decorator.py
[2023-12-15T12:07:47.309+0000] {logging_mixin.py:154} INFO - [2023-12-15T12:07:47.308+0000] {dag.py:2941} INFO - Sync 1 DAGs
[2023-12-15T12:07:47.341+0000] {logging_mixin.py:154} INFO - [2023-12-15T12:07:47.341+0000] {dag.py:3722} INFO - Setting next_dagrun for example_sensor_decorator to None, run_after=None
[2023-12-15T12:07:47.366+0000] {processor.py:179} INFO - Processing /home/airflow/.local/lib/python3.8/site-packages/airflow/example_dags/example_sensor_decorator.py took 0.267 seconds
[2023-12-15T12:08:18.321+0000] {processor.py:157} INFO - Started process (PID=3211) to work on /home/airflow/.local/lib/python3.8/site-packages/airflow/example_dags/example_sensor_decorator.py
[2023-12-15T12:08:18.335+0000] {processor.py:829} INFO - Processing file /home/airflow/.local/lib/python3.8/site-packages/airflow/example_dags/example_sensor_decorator.py for tasks to queue
[2023-12-15T12:08:18.415+0000] {logging_mixin.py:154} INFO - [2023-12-15T12:08:18.412+0000] {dagbag.py:536} INFO - Filling up the DagBag from /home/airflow/.local/lib/python3.8/site-packages/airflow/example_dags/example_sensor_decorator.py
[2023-12-15T12:08:18.596+0000] {processor.py:839} INFO - DAG(s) dict_keys(['example_sensor_decorator']) retrieved from /home/airflow/.local/lib/python3.8/site-packages/airflow/example_dags/example_sensor_decorator.py
[2023-12-15T12:08:18.765+0000] {logging_mixin.py:154} INFO - [2023-12-15T12:08:18.764+0000] {dag.py:2941} INFO - Sync 1 DAGs
[2023-12-15T12:08:18.811+0000] {logging_mixin.py:154} INFO - [2023-12-15T12:08:18.811+0000] {dag.py:3722} INFO - Setting next_dagrun for example_sensor_decorator to None, run_after=None
[2023-12-15T12:08:18.854+0000] {processor.py:179} INFO - Processing /home/airflow/.local/lib/python3.8/site-packages/airflow/example_dags/example_sensor_decorator.py took 0.604 seconds
[2023-12-15T12:08:49.816+0000] {processor.py:157} INFO - Started process (PID=3265) to work on /home/airflow/.local/lib/python3.8/site-packages/airflow/example_dags/example_sensor_decorator.py
[2023-12-15T12:08:49.822+0000] {processor.py:829} INFO - Processing file /home/airflow/.local/lib/python3.8/site-packages/airflow/example_dags/example_sensor_decorator.py for tasks to queue
[2023-12-15T12:08:49.846+0000] {logging_mixin.py:154} INFO - [2023-12-15T12:08:49.844+0000] {dagbag.py:536} INFO - Filling up the DagBag from /home/airflow/.local/lib/python3.8/site-packages/airflow/example_dags/example_sensor_decorator.py
[2023-12-15T12:08:49.879+0000] {processor.py:839} INFO - DAG(s) dict_keys(['example_sensor_decorator']) retrieved from /home/airflow/.local/lib/python3.8/site-packages/airflow/example_dags/example_sensor_decorator.py
[2023-12-15T12:08:49.981+0000] {logging_mixin.py:154} INFO - [2023-12-15T12:08:49.981+0000] {dag.py:2941} INFO - Sync 1 DAGs
[2023-12-15T12:08:50.027+0000] {logging_mixin.py:154} INFO - [2023-12-15T12:08:50.027+0000] {dag.py:3722} INFO - Setting next_dagrun for example_sensor_decorator to None, run_after=None
[2023-12-15T12:08:50.086+0000] {processor.py:179} INFO - Processing /home/airflow/.local/lib/python3.8/site-packages/airflow/example_dags/example_sensor_decorator.py took 0.295 seconds
[2023-12-15T12:09:20.659+0000] {processor.py:157} INFO - Started process (PID=3319) to work on /home/airflow/.local/lib/python3.8/site-packages/airflow/example_dags/example_sensor_decorator.py
[2023-12-15T12:09:20.664+0000] {processor.py:829} INFO - Processing file /home/airflow/.local/lib/python3.8/site-packages/airflow/example_dags/example_sensor_decorator.py for tasks to queue
[2023-12-15T12:09:20.674+0000] {logging_mixin.py:154} INFO - [2023-12-15T12:09:20.673+0000] {dagbag.py:536} INFO - Filling up the DagBag from /home/airflow/.local/lib/python3.8/site-packages/airflow/example_dags/example_sensor_decorator.py
[2023-12-15T12:09:20.718+0000] {processor.py:839} INFO - DAG(s) dict_keys(['example_sensor_decorator']) retrieved from /home/airflow/.local/lib/python3.8/site-packages/airflow/example_dags/example_sensor_decorator.py
[2023-12-15T12:09:20.827+0000] {logging_mixin.py:154} INFO - [2023-12-15T12:09:20.827+0000] {dag.py:2941} INFO - Sync 1 DAGs
[2023-12-15T12:09:20.856+0000] {logging_mixin.py:154} INFO - [2023-12-15T12:09:20.856+0000] {dag.py:3722} INFO - Setting next_dagrun for example_sensor_decorator to None, run_after=None
[2023-12-15T12:09:20.898+0000] {processor.py:179} INFO - Processing /home/airflow/.local/lib/python3.8/site-packages/airflow/example_dags/example_sensor_decorator.py took 0.256 seconds
[2023-12-15T12:09:50.976+0000] {processor.py:157} INFO - Started process (PID=3372) to work on /home/airflow/.local/lib/python3.8/site-packages/airflow/example_dags/example_sensor_decorator.py
[2023-12-15T12:09:50.978+0000] {processor.py:829} INFO - Processing file /home/airflow/.local/lib/python3.8/site-packages/airflow/example_dags/example_sensor_decorator.py for tasks to queue
[2023-12-15T12:09:50.992+0000] {logging_mixin.py:154} INFO - [2023-12-15T12:09:50.987+0000] {dagbag.py:536} INFO - Filling up the DagBag from /home/airflow/.local/lib/python3.8/site-packages/airflow/example_dags/example_sensor_decorator.py
[2023-12-15T12:09:51.038+0000] {processor.py:839} INFO - DAG(s) dict_keys(['example_sensor_decorator']) retrieved from /home/airflow/.local/lib/python3.8/site-packages/airflow/example_dags/example_sensor_decorator.py
[2023-12-15T12:09:51.129+0000] {logging_mixin.py:154} INFO - [2023-12-15T12:09:51.129+0000] {dag.py:2941} INFO - Sync 1 DAGs
[2023-12-15T12:09:51.145+0000] {logging_mixin.py:154} INFO - [2023-12-15T12:09:51.145+0000] {dag.py:3722} INFO - Setting next_dagrun for example_sensor_decorator to None, run_after=None
[2023-12-15T12:09:51.175+0000] {processor.py:179} INFO - Processing /home/airflow/.local/lib/python3.8/site-packages/airflow/example_dags/example_sensor_decorator.py took 0.207 seconds
[2023-12-15T12:10:21.706+0000] {processor.py:157} INFO - Started process (PID=3425) to work on /home/airflow/.local/lib/python3.8/site-packages/airflow/example_dags/example_sensor_decorator.py
[2023-12-15T12:10:21.710+0000] {processor.py:829} INFO - Processing file /home/airflow/.local/lib/python3.8/site-packages/airflow/example_dags/example_sensor_decorator.py for tasks to queue
[2023-12-15T12:10:21.716+0000] {logging_mixin.py:154} INFO - [2023-12-15T12:10:21.716+0000] {dagbag.py:536} INFO - Filling up the DagBag from /home/airflow/.local/lib/python3.8/site-packages/airflow/example_dags/example_sensor_decorator.py
[2023-12-15T12:10:21.739+0000] {processor.py:839} INFO - DAG(s) dict_keys(['example_sensor_decorator']) retrieved from /home/airflow/.local/lib/python3.8/site-packages/airflow/example_dags/example_sensor_decorator.py
[2023-12-15T12:10:21.813+0000] {logging_mixin.py:154} INFO - [2023-12-15T12:10:21.812+0000] {dag.py:2941} INFO - Sync 1 DAGs
[2023-12-15T12:10:21.844+0000] {logging_mixin.py:154} INFO - [2023-12-15T12:10:21.844+0000] {dag.py:3722} INFO - Setting next_dagrun for example_sensor_decorator to None, run_after=None
[2023-12-15T12:10:21.936+0000] {processor.py:179} INFO - Processing /home/airflow/.local/lib/python3.8/site-packages/airflow/example_dags/example_sensor_decorator.py took 0.252 seconds
