[2023-12-15T11:36:53.790+0000] {processor.py:157} INFO - Started process (PID=44) to work on /home/airflow/.local/lib/python3.8/site-packages/airflow/example_dags/example_bash_operator.py
[2023-12-15T11:36:53.798+0000] {processor.py:829} INFO - Processing file /home/airflow/.local/lib/python3.8/site-packages/airflow/example_dags/example_bash_operator.py for tasks to queue
[2023-12-15T11:36:53.835+0000] {logging_mixin.py:154} INFO - [2023-12-15T11:36:53.835+0000] {dagbag.py:536} INFO - Filling up the DagBag from /home/airflow/.local/lib/python3.8/site-packages/airflow/example_dags/example_bash_operator.py
[2023-12-15T11:36:53.889+0000] {processor.py:839} INFO - DAG(s) dict_keys(['example_bash_operator']) retrieved from /home/airflow/.local/lib/python3.8/site-packages/airflow/example_dags/example_bash_operator.py
[2023-12-15T11:36:53.954+0000] {logging_mixin.py:154} INFO - [2023-12-15T11:36:53.953+0000] {dag.py:2941} INFO - Sync 1 DAGs
[2023-12-15T11:36:53.979+0000] {logging_mixin.py:154} INFO - [2023-12-15T11:36:53.978+0000] {dag.py:3722} INFO - Setting next_dagrun for example_bash_operator to 2023-12-14T00:00:00+00:00, run_after=2023-12-15T00:00:00+00:00
[2023-12-15T11:36:53.998+0000] {processor.py:179} INFO - Processing /home/airflow/.local/lib/python3.8/site-packages/airflow/example_dags/example_bash_operator.py took 0.211 seconds
[2023-12-15T11:37:25.622+0000] {processor.py:157} INFO - Started process (PID=98) to work on /home/airflow/.local/lib/python3.8/site-packages/airflow/example_dags/example_bash_operator.py
[2023-12-15T11:37:25.623+0000] {processor.py:829} INFO - Processing file /home/airflow/.local/lib/python3.8/site-packages/airflow/example_dags/example_bash_operator.py for tasks to queue
[2023-12-15T11:37:25.625+0000] {logging_mixin.py:154} INFO - [2023-12-15T11:37:25.625+0000] {dagbag.py:536} INFO - Filling up the DagBag from /home/airflow/.local/lib/python3.8/site-packages/airflow/example_dags/example_bash_operator.py
[2023-12-15T11:37:25.632+0000] {processor.py:839} INFO - DAG(s) dict_keys(['example_bash_operator']) retrieved from /home/airflow/.local/lib/python3.8/site-packages/airflow/example_dags/example_bash_operator.py
[2023-12-15T11:37:25.652+0000] {logging_mixin.py:154} INFO - [2023-12-15T11:37:25.652+0000] {dag.py:2941} INFO - Sync 1 DAGs
[2023-12-15T11:37:25.666+0000] {logging_mixin.py:154} INFO - [2023-12-15T11:37:25.666+0000] {dag.py:3722} INFO - Setting next_dagrun for example_bash_operator to 2023-12-14T00:00:00+00:00, run_after=2023-12-15T00:00:00+00:00
[2023-12-15T11:37:25.687+0000] {processor.py:179} INFO - Processing /home/airflow/.local/lib/python3.8/site-packages/airflow/example_dags/example_bash_operator.py took 0.068 seconds
[2023-12-15T11:37:56.629+0000] {processor.py:157} INFO - Started process (PID=152) to work on /home/airflow/.local/lib/python3.8/site-packages/airflow/example_dags/example_bash_operator.py
[2023-12-15T11:37:56.630+0000] {processor.py:829} INFO - Processing file /home/airflow/.local/lib/python3.8/site-packages/airflow/example_dags/example_bash_operator.py for tasks to queue
[2023-12-15T11:37:56.632+0000] {logging_mixin.py:154} INFO - [2023-12-15T11:37:56.632+0000] {dagbag.py:536} INFO - Filling up the DagBag from /home/airflow/.local/lib/python3.8/site-packages/airflow/example_dags/example_bash_operator.py
[2023-12-15T11:37:56.643+0000] {processor.py:839} INFO - DAG(s) dict_keys(['example_bash_operator']) retrieved from /home/airflow/.local/lib/python3.8/site-packages/airflow/example_dags/example_bash_operator.py
[2023-12-15T11:37:56.671+0000] {logging_mixin.py:154} INFO - [2023-12-15T11:37:56.671+0000] {dag.py:2941} INFO - Sync 1 DAGs
[2023-12-15T11:37:56.689+0000] {logging_mixin.py:154} INFO - [2023-12-15T11:37:56.689+0000] {dag.py:3722} INFO - Setting next_dagrun for example_bash_operator to 2023-12-14T00:00:00+00:00, run_after=2023-12-15T00:00:00+00:00
[2023-12-15T11:37:56.704+0000] {processor.py:179} INFO - Processing /home/airflow/.local/lib/python3.8/site-packages/airflow/example_dags/example_bash_operator.py took 0.079 seconds
[2023-12-15T11:38:27.671+0000] {processor.py:157} INFO - Started process (PID=206) to work on /home/airflow/.local/lib/python3.8/site-packages/airflow/example_dags/example_bash_operator.py
[2023-12-15T11:38:27.676+0000] {processor.py:829} INFO - Processing file /home/airflow/.local/lib/python3.8/site-packages/airflow/example_dags/example_bash_operator.py for tasks to queue
[2023-12-15T11:38:27.685+0000] {logging_mixin.py:154} INFO - [2023-12-15T11:38:27.684+0000] {dagbag.py:536} INFO - Filling up the DagBag from /home/airflow/.local/lib/python3.8/site-packages/airflow/example_dags/example_bash_operator.py
[2023-12-15T11:38:27.748+0000] {processor.py:839} INFO - DAG(s) dict_keys(['example_bash_operator']) retrieved from /home/airflow/.local/lib/python3.8/site-packages/airflow/example_dags/example_bash_operator.py
[2023-12-15T11:38:27.830+0000] {logging_mixin.py:154} INFO - [2023-12-15T11:38:27.829+0000] {dag.py:2941} INFO - Sync 1 DAGs
[2023-12-15T11:38:27.875+0000] {logging_mixin.py:154} INFO - [2023-12-15T11:38:27.874+0000] {dag.py:3722} INFO - Setting next_dagrun for example_bash_operator to 2023-12-14T00:00:00+00:00, run_after=2023-12-15T00:00:00+00:00
[2023-12-15T11:38:27.921+0000] {processor.py:179} INFO - Processing /home/airflow/.local/lib/python3.8/site-packages/airflow/example_dags/example_bash_operator.py took 0.270 seconds
[2023-12-15T11:39:01.147+0000] {processor.py:157} INFO - Started process (PID=266) to work on /home/airflow/.local/lib/python3.8/site-packages/airflow/example_dags/example_bash_operator.py
[2023-12-15T11:39:01.151+0000] {processor.py:829} INFO - Processing file /home/airflow/.local/lib/python3.8/site-packages/airflow/example_dags/example_bash_operator.py for tasks to queue
[2023-12-15T11:39:01.159+0000] {logging_mixin.py:154} INFO - [2023-12-15T11:39:01.158+0000] {dagbag.py:536} INFO - Filling up the DagBag from /home/airflow/.local/lib/python3.8/site-packages/airflow/example_dags/example_bash_operator.py
[2023-12-15T11:39:01.195+0000] {processor.py:839} INFO - DAG(s) dict_keys(['example_bash_operator']) retrieved from /home/airflow/.local/lib/python3.8/site-packages/airflow/example_dags/example_bash_operator.py
[2023-12-15T11:39:01.330+0000] {logging_mixin.py:154} INFO - [2023-12-15T11:39:01.329+0000] {dag.py:2941} INFO - Sync 1 DAGs
[2023-12-15T11:39:01.397+0000] {logging_mixin.py:154} INFO - [2023-12-15T11:39:01.397+0000] {dag.py:3722} INFO - Setting next_dagrun for example_bash_operator to 2023-12-14T00:00:00+00:00, run_after=2023-12-15T00:00:00+00:00
[2023-12-15T11:39:01.439+0000] {processor.py:179} INFO - Processing /home/airflow/.local/lib/python3.8/site-packages/airflow/example_dags/example_bash_operator.py took 0.298 seconds
[2023-12-15T11:39:33.946+0000] {processor.py:157} INFO - Started process (PID=318) to work on /home/airflow/.local/lib/python3.8/site-packages/airflow/example_dags/example_bash_operator.py
[2023-12-15T11:39:34.017+0000] {processor.py:829} INFO - Processing file /home/airflow/.local/lib/python3.8/site-packages/airflow/example_dags/example_bash_operator.py for tasks to queue
[2023-12-15T11:39:34.089+0000] {logging_mixin.py:154} INFO - [2023-12-15T11:39:34.083+0000] {dagbag.py:536} INFO - Filling up the DagBag from /home/airflow/.local/lib/python3.8/site-packages/airflow/example_dags/example_bash_operator.py
[2023-12-15T11:39:34.250+0000] {processor.py:839} INFO - DAG(s) dict_keys(['example_bash_operator']) retrieved from /home/airflow/.local/lib/python3.8/site-packages/airflow/example_dags/example_bash_operator.py
[2023-12-15T11:39:34.691+0000] {logging_mixin.py:154} INFO - [2023-12-15T11:39:34.689+0000] {dag.py:2941} INFO - Sync 1 DAGs
[2023-12-15T11:39:35.221+0000] {logging_mixin.py:154} INFO - [2023-12-15T11:39:35.215+0000] {dag.py:3722} INFO - Setting next_dagrun for example_bash_operator to 2023-12-14T00:00:00+00:00, run_after=2023-12-15T00:00:00+00:00
[2023-12-15T11:39:35.487+0000] {processor.py:179} INFO - Processing /home/airflow/.local/lib/python3.8/site-packages/airflow/example_dags/example_bash_operator.py took 1.626 seconds
[2023-12-15T11:40:06.484+0000] {processor.py:157} INFO - Started process (PID=372) to work on /home/airflow/.local/lib/python3.8/site-packages/airflow/example_dags/example_bash_operator.py
[2023-12-15T11:40:06.497+0000] {processor.py:829} INFO - Processing file /home/airflow/.local/lib/python3.8/site-packages/airflow/example_dags/example_bash_operator.py for tasks to queue
[2023-12-15T11:40:06.522+0000] {logging_mixin.py:154} INFO - [2023-12-15T11:40:06.522+0000] {dagbag.py:536} INFO - Filling up the DagBag from /home/airflow/.local/lib/python3.8/site-packages/airflow/example_dags/example_bash_operator.py
[2023-12-15T11:40:06.656+0000] {processor.py:839} INFO - DAG(s) dict_keys(['example_bash_operator']) retrieved from /home/airflow/.local/lib/python3.8/site-packages/airflow/example_dags/example_bash_operator.py
[2023-12-15T11:40:06.809+0000] {logging_mixin.py:154} INFO - [2023-12-15T11:40:06.809+0000] {dag.py:2941} INFO - Sync 1 DAGs
[2023-12-15T11:40:07.041+0000] {logging_mixin.py:154} INFO - [2023-12-15T11:40:07.041+0000] {dag.py:3722} INFO - Setting next_dagrun for example_bash_operator to 2023-12-14T00:00:00+00:00, run_after=2023-12-15T00:00:00+00:00
[2023-12-15T11:40:07.184+0000] {processor.py:179} INFO - Processing /home/airflow/.local/lib/python3.8/site-packages/airflow/example_dags/example_bash_operator.py took 0.747 seconds
[2023-12-15T11:40:37.485+0000] {processor.py:157} INFO - Started process (PID=426) to work on /home/airflow/.local/lib/python3.8/site-packages/airflow/example_dags/example_bash_operator.py
[2023-12-15T11:40:37.493+0000] {processor.py:829} INFO - Processing file /home/airflow/.local/lib/python3.8/site-packages/airflow/example_dags/example_bash_operator.py for tasks to queue
[2023-12-15T11:40:37.505+0000] {logging_mixin.py:154} INFO - [2023-12-15T11:40:37.504+0000] {dagbag.py:536} INFO - Filling up the DagBag from /home/airflow/.local/lib/python3.8/site-packages/airflow/example_dags/example_bash_operator.py
[2023-12-15T11:40:37.556+0000] {processor.py:839} INFO - DAG(s) dict_keys(['example_bash_operator']) retrieved from /home/airflow/.local/lib/python3.8/site-packages/airflow/example_dags/example_bash_operator.py
[2023-12-15T11:40:37.645+0000] {logging_mixin.py:154} INFO - [2023-12-15T11:40:37.645+0000] {dag.py:2941} INFO - Sync 1 DAGs
[2023-12-15T11:40:37.697+0000] {logging_mixin.py:154} INFO - [2023-12-15T11:40:37.697+0000] {dag.py:3722} INFO - Setting next_dagrun for example_bash_operator to 2023-12-14T00:00:00+00:00, run_after=2023-12-15T00:00:00+00:00
[2023-12-15T11:40:37.762+0000] {processor.py:179} INFO - Processing /home/airflow/.local/lib/python3.8/site-packages/airflow/example_dags/example_bash_operator.py took 0.317 seconds
[2023-12-15T11:41:08.177+0000] {processor.py:157} INFO - Started process (PID=480) to work on /home/airflow/.local/lib/python3.8/site-packages/airflow/example_dags/example_bash_operator.py
[2023-12-15T11:41:08.191+0000] {processor.py:829} INFO - Processing file /home/airflow/.local/lib/python3.8/site-packages/airflow/example_dags/example_bash_operator.py for tasks to queue
[2023-12-15T11:41:08.218+0000] {logging_mixin.py:154} INFO - [2023-12-15T11:41:08.216+0000] {dagbag.py:536} INFO - Filling up the DagBag from /home/airflow/.local/lib/python3.8/site-packages/airflow/example_dags/example_bash_operator.py
[2023-12-15T11:41:08.294+0000] {processor.py:839} INFO - DAG(s) dict_keys(['example_bash_operator']) retrieved from /home/airflow/.local/lib/python3.8/site-packages/airflow/example_dags/example_bash_operator.py
[2023-12-15T11:41:08.371+0000] {logging_mixin.py:154} INFO - [2023-12-15T11:41:08.370+0000] {dag.py:2941} INFO - Sync 1 DAGs
[2023-12-15T11:41:08.414+0000] {logging_mixin.py:154} INFO - [2023-12-15T11:41:08.414+0000] {dag.py:3722} INFO - Setting next_dagrun for example_bash_operator to 2023-12-14T00:00:00+00:00, run_after=2023-12-15T00:00:00+00:00
[2023-12-15T11:41:08.436+0000] {processor.py:179} INFO - Processing /home/airflow/.local/lib/python3.8/site-packages/airflow/example_dags/example_bash_operator.py took 0.303 seconds
[2023-12-15T11:41:47.769+0000] {processor.py:157} INFO - Started process (PID=534) to work on /home/airflow/.local/lib/python3.8/site-packages/airflow/example_dags/example_bash_operator.py
[2023-12-15T11:41:47.781+0000] {processor.py:829} INFO - Processing file /home/airflow/.local/lib/python3.8/site-packages/airflow/example_dags/example_bash_operator.py for tasks to queue
[2023-12-15T11:41:47.789+0000] {logging_mixin.py:154} INFO - [2023-12-15T11:41:47.789+0000] {dagbag.py:536} INFO - Filling up the DagBag from /home/airflow/.local/lib/python3.8/site-packages/airflow/example_dags/example_bash_operator.py
[2023-12-15T11:41:47.818+0000] {processor.py:839} INFO - DAG(s) dict_keys(['example_bash_operator']) retrieved from /home/airflow/.local/lib/python3.8/site-packages/airflow/example_dags/example_bash_operator.py
[2023-12-15T11:41:47.854+0000] {logging_mixin.py:154} INFO - [2023-12-15T11:41:47.854+0000] {dag.py:2941} INFO - Sync 1 DAGs
[2023-12-15T11:41:47.887+0000] {logging_mixin.py:154} INFO - [2023-12-15T11:41:47.886+0000] {dag.py:3722} INFO - Setting next_dagrun for example_bash_operator to 2023-12-14T00:00:00+00:00, run_after=2023-12-15T00:00:00+00:00
[2023-12-15T11:41:47.909+0000] {processor.py:179} INFO - Processing /home/airflow/.local/lib/python3.8/site-packages/airflow/example_dags/example_bash_operator.py took 0.154 seconds
[2023-12-15T11:42:20.040+0000] {processor.py:157} INFO - Started process (PID=589) to work on /home/airflow/.local/lib/python3.8/site-packages/airflow/example_dags/example_bash_operator.py
[2023-12-15T11:42:20.043+0000] {processor.py:829} INFO - Processing file /home/airflow/.local/lib/python3.8/site-packages/airflow/example_dags/example_bash_operator.py for tasks to queue
[2023-12-15T11:42:20.076+0000] {logging_mixin.py:154} INFO - [2023-12-15T11:42:20.075+0000] {dagbag.py:536} INFO - Filling up the DagBag from /home/airflow/.local/lib/python3.8/site-packages/airflow/example_dags/example_bash_operator.py
[2023-12-15T11:42:20.146+0000] {processor.py:839} INFO - DAG(s) dict_keys(['example_bash_operator']) retrieved from /home/airflow/.local/lib/python3.8/site-packages/airflow/example_dags/example_bash_operator.py
[2023-12-15T11:42:20.194+0000] {logging_mixin.py:154} INFO - [2023-12-15T11:42:20.194+0000] {dag.py:2941} INFO - Sync 1 DAGs
[2023-12-15T11:42:20.249+0000] {logging_mixin.py:154} INFO - [2023-12-15T11:42:20.249+0000] {dag.py:3722} INFO - Setting next_dagrun for example_bash_operator to 2023-12-14T00:00:00+00:00, run_after=2023-12-15T00:00:00+00:00
[2023-12-15T11:42:20.284+0000] {processor.py:179} INFO - Processing /home/airflow/.local/lib/python3.8/site-packages/airflow/example_dags/example_bash_operator.py took 0.260 seconds
[2023-12-15T11:42:59.371+0000] {processor.py:157} INFO - Started process (PID=644) to work on /home/airflow/.local/lib/python3.8/site-packages/airflow/example_dags/example_bash_operator.py
[2023-12-15T11:42:59.376+0000] {processor.py:829} INFO - Processing file /home/airflow/.local/lib/python3.8/site-packages/airflow/example_dags/example_bash_operator.py for tasks to queue
[2023-12-15T11:42:59.398+0000] {logging_mixin.py:154} INFO - [2023-12-15T11:42:59.397+0000] {dagbag.py:536} INFO - Filling up the DagBag from /home/airflow/.local/lib/python3.8/site-packages/airflow/example_dags/example_bash_operator.py
[2023-12-15T11:42:59.557+0000] {processor.py:839} INFO - DAG(s) dict_keys(['example_bash_operator']) retrieved from /home/airflow/.local/lib/python3.8/site-packages/airflow/example_dags/example_bash_operator.py
[2023-12-15T11:42:59.909+0000] {logging_mixin.py:154} INFO - [2023-12-15T11:42:59.908+0000] {dag.py:2941} INFO - Sync 1 DAGs
[2023-12-15T11:42:59.993+0000] {logging_mixin.py:154} INFO - [2023-12-15T11:42:59.992+0000] {dag.py:3722} INFO - Setting next_dagrun for example_bash_operator to 2023-12-14T00:00:00+00:00, run_after=2023-12-15T00:00:00+00:00
[2023-12-15T11:43:00.079+0000] {processor.py:179} INFO - Processing /home/airflow/.local/lib/python3.8/site-packages/airflow/example_dags/example_bash_operator.py took 0.731 seconds
[2023-12-15T11:43:30.685+0000] {processor.py:157} INFO - Started process (PID=696) to work on /home/airflow/.local/lib/python3.8/site-packages/airflow/example_dags/example_bash_operator.py
[2023-12-15T11:43:30.689+0000] {processor.py:829} INFO - Processing file /home/airflow/.local/lib/python3.8/site-packages/airflow/example_dags/example_bash_operator.py for tasks to queue
[2023-12-15T11:43:30.697+0000] {logging_mixin.py:154} INFO - [2023-12-15T11:43:30.696+0000] {dagbag.py:536} INFO - Filling up the DagBag from /home/airflow/.local/lib/python3.8/site-packages/airflow/example_dags/example_bash_operator.py
[2023-12-15T11:43:30.850+0000] {processor.py:839} INFO - DAG(s) dict_keys(['example_bash_operator']) retrieved from /home/airflow/.local/lib/python3.8/site-packages/airflow/example_dags/example_bash_operator.py
[2023-12-15T11:43:30.948+0000] {logging_mixin.py:154} INFO - [2023-12-15T11:43:30.948+0000] {dag.py:2941} INFO - Sync 1 DAGs
[2023-12-15T11:43:31.017+0000] {logging_mixin.py:154} INFO - [2023-12-15T11:43:31.016+0000] {dag.py:3722} INFO - Setting next_dagrun for example_bash_operator to 2023-12-14T00:00:00+00:00, run_after=2023-12-15T00:00:00+00:00
[2023-12-15T11:43:31.054+0000] {processor.py:179} INFO - Processing /home/airflow/.local/lib/python3.8/site-packages/airflow/example_dags/example_bash_operator.py took 0.376 seconds
[2023-12-15T11:44:02.308+0000] {processor.py:157} INFO - Started process (PID=749) to work on /home/airflow/.local/lib/python3.8/site-packages/airflow/example_dags/example_bash_operator.py
[2023-12-15T11:44:02.323+0000] {processor.py:829} INFO - Processing file /home/airflow/.local/lib/python3.8/site-packages/airflow/example_dags/example_bash_operator.py for tasks to queue
[2023-12-15T11:44:02.360+0000] {logging_mixin.py:154} INFO - [2023-12-15T11:44:02.359+0000] {dagbag.py:536} INFO - Filling up the DagBag from /home/airflow/.local/lib/python3.8/site-packages/airflow/example_dags/example_bash_operator.py
[2023-12-15T11:44:02.628+0000] {processor.py:839} INFO - DAG(s) dict_keys(['example_bash_operator']) retrieved from /home/airflow/.local/lib/python3.8/site-packages/airflow/example_dags/example_bash_operator.py
[2023-12-15T11:44:02.799+0000] {logging_mixin.py:154} INFO - [2023-12-15T11:44:02.799+0000] {dag.py:2941} INFO - Sync 1 DAGs
[2023-12-15T11:44:02.867+0000] {logging_mixin.py:154} INFO - [2023-12-15T11:44:02.867+0000] {dag.py:3722} INFO - Setting next_dagrun for example_bash_operator to 2023-12-14T00:00:00+00:00, run_after=2023-12-15T00:00:00+00:00
[2023-12-15T11:44:03.347+0000] {processor.py:179} INFO - Processing /home/airflow/.local/lib/python3.8/site-packages/airflow/example_dags/example_bash_operator.py took 1.095 seconds
[2023-12-15T11:44:33.831+0000] {processor.py:157} INFO - Started process (PID=803) to work on /home/airflow/.local/lib/python3.8/site-packages/airflow/example_dags/example_bash_operator.py
[2023-12-15T11:44:33.839+0000] {processor.py:829} INFO - Processing file /home/airflow/.local/lib/python3.8/site-packages/airflow/example_dags/example_bash_operator.py for tasks to queue
[2023-12-15T11:44:33.852+0000] {logging_mixin.py:154} INFO - [2023-12-15T11:44:33.851+0000] {dagbag.py:536} INFO - Filling up the DagBag from /home/airflow/.local/lib/python3.8/site-packages/airflow/example_dags/example_bash_operator.py
[2023-12-15T11:44:33.916+0000] {processor.py:839} INFO - DAG(s) dict_keys(['example_bash_operator']) retrieved from /home/airflow/.local/lib/python3.8/site-packages/airflow/example_dags/example_bash_operator.py
[2023-12-15T11:44:34.001+0000] {logging_mixin.py:154} INFO - [2023-12-15T11:44:34.001+0000] {dag.py:2941} INFO - Sync 1 DAGs
[2023-12-15T11:44:34.058+0000] {logging_mixin.py:154} INFO - [2023-12-15T11:44:34.057+0000] {dag.py:3722} INFO - Setting next_dagrun for example_bash_operator to 2023-12-14T00:00:00+00:00, run_after=2023-12-15T00:00:00+00:00
[2023-12-15T11:44:34.119+0000] {processor.py:179} INFO - Processing /home/airflow/.local/lib/python3.8/site-packages/airflow/example_dags/example_bash_operator.py took 0.309 seconds
[2023-12-15T11:45:04.636+0000] {processor.py:157} INFO - Started process (PID=857) to work on /home/airflow/.local/lib/python3.8/site-packages/airflow/example_dags/example_bash_operator.py
[2023-12-15T11:45:04.642+0000] {processor.py:829} INFO - Processing file /home/airflow/.local/lib/python3.8/site-packages/airflow/example_dags/example_bash_operator.py for tasks to queue
[2023-12-15T11:45:04.655+0000] {logging_mixin.py:154} INFO - [2023-12-15T11:45:04.655+0000] {dagbag.py:536} INFO - Filling up the DagBag from /home/airflow/.local/lib/python3.8/site-packages/airflow/example_dags/example_bash_operator.py
[2023-12-15T11:45:04.693+0000] {processor.py:839} INFO - DAG(s) dict_keys(['example_bash_operator']) retrieved from /home/airflow/.local/lib/python3.8/site-packages/airflow/example_dags/example_bash_operator.py
[2023-12-15T11:45:04.785+0000] {logging_mixin.py:154} INFO - [2023-12-15T11:45:04.785+0000] {dag.py:2941} INFO - Sync 1 DAGs
[2023-12-15T11:45:04.853+0000] {logging_mixin.py:154} INFO - [2023-12-15T11:45:04.852+0000] {dag.py:3722} INFO - Setting next_dagrun for example_bash_operator to 2023-12-14T00:00:00+00:00, run_after=2023-12-15T00:00:00+00:00
[2023-12-15T11:45:04.881+0000] {processor.py:179} INFO - Processing /home/airflow/.local/lib/python3.8/site-packages/airflow/example_dags/example_bash_operator.py took 0.277 seconds
[2023-12-15T11:45:35.531+0000] {processor.py:157} INFO - Started process (PID=911) to work on /home/airflow/.local/lib/python3.8/site-packages/airflow/example_dags/example_bash_operator.py
[2023-12-15T11:45:35.546+0000] {processor.py:829} INFO - Processing file /home/airflow/.local/lib/python3.8/site-packages/airflow/example_dags/example_bash_operator.py for tasks to queue
[2023-12-15T11:45:35.584+0000] {logging_mixin.py:154} INFO - [2023-12-15T11:45:35.583+0000] {dagbag.py:536} INFO - Filling up the DagBag from /home/airflow/.local/lib/python3.8/site-packages/airflow/example_dags/example_bash_operator.py
[2023-12-15T11:45:35.742+0000] {processor.py:839} INFO - DAG(s) dict_keys(['example_bash_operator']) retrieved from /home/airflow/.local/lib/python3.8/site-packages/airflow/example_dags/example_bash_operator.py
[2023-12-15T11:45:36.091+0000] {logging_mixin.py:154} INFO - [2023-12-15T11:45:36.087+0000] {dag.py:2941} INFO - Sync 1 DAGs
[2023-12-15T11:45:36.322+0000] {logging_mixin.py:154} INFO - [2023-12-15T11:45:36.320+0000] {dag.py:3722} INFO - Setting next_dagrun for example_bash_operator to 2023-12-14T00:00:00+00:00, run_after=2023-12-15T00:00:00+00:00
[2023-12-15T11:45:36.412+0000] {processor.py:179} INFO - Processing /home/airflow/.local/lib/python3.8/site-packages/airflow/example_dags/example_bash_operator.py took 0.940 seconds
[2023-12-15T11:46:07.403+0000] {processor.py:157} INFO - Started process (PID=965) to work on /home/airflow/.local/lib/python3.8/site-packages/airflow/example_dags/example_bash_operator.py
[2023-12-15T11:46:07.426+0000] {processor.py:829} INFO - Processing file /home/airflow/.local/lib/python3.8/site-packages/airflow/example_dags/example_bash_operator.py for tasks to queue
[2023-12-15T11:46:07.455+0000] {logging_mixin.py:154} INFO - [2023-12-15T11:46:07.452+0000] {dagbag.py:536} INFO - Filling up the DagBag from /home/airflow/.local/lib/python3.8/site-packages/airflow/example_dags/example_bash_operator.py
[2023-12-15T11:46:07.593+0000] {processor.py:839} INFO - DAG(s) dict_keys(['example_bash_operator']) retrieved from /home/airflow/.local/lib/python3.8/site-packages/airflow/example_dags/example_bash_operator.py
[2023-12-15T11:46:07.728+0000] {logging_mixin.py:154} INFO - [2023-12-15T11:46:07.728+0000] {dag.py:2941} INFO - Sync 1 DAGs
[2023-12-15T11:46:07.804+0000] {logging_mixin.py:154} INFO - [2023-12-15T11:46:07.804+0000] {dag.py:3722} INFO - Setting next_dagrun for example_bash_operator to 2023-12-14T00:00:00+00:00, run_after=2023-12-15T00:00:00+00:00
[2023-12-15T11:46:07.860+0000] {processor.py:179} INFO - Processing /home/airflow/.local/lib/python3.8/site-packages/airflow/example_dags/example_bash_operator.py took 0.472 seconds
[2023-12-15T11:46:38.374+0000] {processor.py:157} INFO - Started process (PID=1018) to work on /home/airflow/.local/lib/python3.8/site-packages/airflow/example_dags/example_bash_operator.py
[2023-12-15T11:46:38.380+0000] {processor.py:829} INFO - Processing file /home/airflow/.local/lib/python3.8/site-packages/airflow/example_dags/example_bash_operator.py for tasks to queue
[2023-12-15T11:46:38.440+0000] {logging_mixin.py:154} INFO - [2023-12-15T11:46:38.439+0000] {dagbag.py:536} INFO - Filling up the DagBag from /home/airflow/.local/lib/python3.8/site-packages/airflow/example_dags/example_bash_operator.py
[2023-12-15T11:46:38.624+0000] {processor.py:839} INFO - DAG(s) dict_keys(['example_bash_operator']) retrieved from /home/airflow/.local/lib/python3.8/site-packages/airflow/example_dags/example_bash_operator.py
[2023-12-15T11:46:38.697+0000] {logging_mixin.py:154} INFO - [2023-12-15T11:46:38.697+0000] {dag.py:2941} INFO - Sync 1 DAGs
[2023-12-15T11:46:38.756+0000] {logging_mixin.py:154} INFO - [2023-12-15T11:46:38.755+0000] {dag.py:3722} INFO - Setting next_dagrun for example_bash_operator to 2023-12-14T00:00:00+00:00, run_after=2023-12-15T00:00:00+00:00
[2023-12-15T11:46:38.788+0000] {processor.py:179} INFO - Processing /home/airflow/.local/lib/python3.8/site-packages/airflow/example_dags/example_bash_operator.py took 0.455 seconds
[2023-12-15T11:47:09.920+0000] {processor.py:157} INFO - Started process (PID=1073) to work on /home/airflow/.local/lib/python3.8/site-packages/airflow/example_dags/example_bash_operator.py
[2023-12-15T11:47:09.930+0000] {processor.py:829} INFO - Processing file /home/airflow/.local/lib/python3.8/site-packages/airflow/example_dags/example_bash_operator.py for tasks to queue
[2023-12-15T11:47:09.937+0000] {logging_mixin.py:154} INFO - [2023-12-15T11:47:09.937+0000] {dagbag.py:536} INFO - Filling up the DagBag from /home/airflow/.local/lib/python3.8/site-packages/airflow/example_dags/example_bash_operator.py
[2023-12-15T11:47:10.042+0000] {processor.py:839} INFO - DAG(s) dict_keys(['example_bash_operator']) retrieved from /home/airflow/.local/lib/python3.8/site-packages/airflow/example_dags/example_bash_operator.py
[2023-12-15T11:47:10.185+0000] {logging_mixin.py:154} INFO - [2023-12-15T11:47:10.185+0000] {dag.py:2941} INFO - Sync 1 DAGs
[2023-12-15T11:47:10.293+0000] {logging_mixin.py:154} INFO - [2023-12-15T11:47:10.292+0000] {dag.py:3722} INFO - Setting next_dagrun for example_bash_operator to 2023-12-14T00:00:00+00:00, run_after=2023-12-15T00:00:00+00:00
[2023-12-15T11:47:10.344+0000] {processor.py:179} INFO - Processing /home/airflow/.local/lib/python3.8/site-packages/airflow/example_dags/example_bash_operator.py took 0.435 seconds
[2023-12-15T11:47:41.223+0000] {processor.py:157} INFO - Started process (PID=1125) to work on /home/airflow/.local/lib/python3.8/site-packages/airflow/example_dags/example_bash_operator.py
[2023-12-15T11:47:41.239+0000] {processor.py:829} INFO - Processing file /home/airflow/.local/lib/python3.8/site-packages/airflow/example_dags/example_bash_operator.py for tasks to queue
[2023-12-15T11:47:41.262+0000] {logging_mixin.py:154} INFO - [2023-12-15T11:47:41.260+0000] {dagbag.py:536} INFO - Filling up the DagBag from /home/airflow/.local/lib/python3.8/site-packages/airflow/example_dags/example_bash_operator.py
[2023-12-15T11:47:41.358+0000] {processor.py:839} INFO - DAG(s) dict_keys(['example_bash_operator']) retrieved from /home/airflow/.local/lib/python3.8/site-packages/airflow/example_dags/example_bash_operator.py
[2023-12-15T11:47:41.758+0000] {logging_mixin.py:154} INFO - [2023-12-15T11:47:41.758+0000] {dag.py:2941} INFO - Sync 1 DAGs
[2023-12-15T11:47:41.872+0000] {logging_mixin.py:154} INFO - [2023-12-15T11:47:41.871+0000] {dag.py:3722} INFO - Setting next_dagrun for example_bash_operator to 2023-12-14T00:00:00+00:00, run_after=2023-12-15T00:00:00+00:00
[2023-12-15T11:47:41.929+0000] {processor.py:179} INFO - Processing /home/airflow/.local/lib/python3.8/site-packages/airflow/example_dags/example_bash_operator.py took 0.742 seconds
[2023-12-15T11:48:12.679+0000] {processor.py:157} INFO - Started process (PID=1179) to work on /home/airflow/.local/lib/python3.8/site-packages/airflow/example_dags/example_bash_operator.py
[2023-12-15T11:48:12.685+0000] {processor.py:829} INFO - Processing file /home/airflow/.local/lib/python3.8/site-packages/airflow/example_dags/example_bash_operator.py for tasks to queue
[2023-12-15T11:48:12.705+0000] {logging_mixin.py:154} INFO - [2023-12-15T11:48:12.704+0000] {dagbag.py:536} INFO - Filling up the DagBag from /home/airflow/.local/lib/python3.8/site-packages/airflow/example_dags/example_bash_operator.py
[2023-12-15T11:48:12.844+0000] {processor.py:839} INFO - DAG(s) dict_keys(['example_bash_operator']) retrieved from /home/airflow/.local/lib/python3.8/site-packages/airflow/example_dags/example_bash_operator.py
[2023-12-15T11:48:13.206+0000] {logging_mixin.py:154} INFO - [2023-12-15T11:48:13.204+0000] {dag.py:2941} INFO - Sync 1 DAGs
[2023-12-15T11:48:13.680+0000] {logging_mixin.py:154} INFO - [2023-12-15T11:48:13.677+0000] {dag.py:3722} INFO - Setting next_dagrun for example_bash_operator to 2023-12-14T00:00:00+00:00, run_after=2023-12-15T00:00:00+00:00
[2023-12-15T11:48:17.229+0000] {processor.py:179} INFO - Processing /home/airflow/.local/lib/python3.8/site-packages/airflow/example_dags/example_bash_operator.py took 4.608 seconds
[2023-12-15T11:48:47.522+0000] {processor.py:157} INFO - Started process (PID=1232) to work on /home/airflow/.local/lib/python3.8/site-packages/airflow/example_dags/example_bash_operator.py
[2023-12-15T11:48:47.525+0000] {processor.py:829} INFO - Processing file /home/airflow/.local/lib/python3.8/site-packages/airflow/example_dags/example_bash_operator.py for tasks to queue
[2023-12-15T11:48:47.531+0000] {logging_mixin.py:154} INFO - [2023-12-15T11:48:47.530+0000] {dagbag.py:536} INFO - Filling up the DagBag from /home/airflow/.local/lib/python3.8/site-packages/airflow/example_dags/example_bash_operator.py
[2023-12-15T11:48:47.571+0000] {processor.py:839} INFO - DAG(s) dict_keys(['example_bash_operator']) retrieved from /home/airflow/.local/lib/python3.8/site-packages/airflow/example_dags/example_bash_operator.py
[2023-12-15T11:48:47.730+0000] {logging_mixin.py:154} INFO - [2023-12-15T11:48:47.729+0000] {dag.py:2941} INFO - Sync 1 DAGs
[2023-12-15T11:48:47.783+0000] {logging_mixin.py:154} INFO - [2023-12-15T11:48:47.783+0000] {dag.py:3722} INFO - Setting next_dagrun for example_bash_operator to 2023-12-14T00:00:00+00:00, run_after=2023-12-15T00:00:00+00:00
[2023-12-15T11:48:47.814+0000] {processor.py:179} INFO - Processing /home/airflow/.local/lib/python3.8/site-packages/airflow/example_dags/example_bash_operator.py took 0.298 seconds
[2023-12-15T11:49:19.389+0000] {processor.py:157} INFO - Started process (PID=1278) to work on /home/airflow/.local/lib/python3.8/site-packages/airflow/example_dags/example_bash_operator.py
[2023-12-15T11:49:19.399+0000] {processor.py:829} INFO - Processing file /home/airflow/.local/lib/python3.8/site-packages/airflow/example_dags/example_bash_operator.py for tasks to queue
[2023-12-15T11:49:19.402+0000] {logging_mixin.py:154} INFO - [2023-12-15T11:49:19.401+0000] {dagbag.py:536} INFO - Filling up the DagBag from /home/airflow/.local/lib/python3.8/site-packages/airflow/example_dags/example_bash_operator.py
[2023-12-15T11:49:19.418+0000] {processor.py:839} INFO - DAG(s) dict_keys(['example_bash_operator']) retrieved from /home/airflow/.local/lib/python3.8/site-packages/airflow/example_dags/example_bash_operator.py
[2023-12-15T11:49:19.526+0000] {logging_mixin.py:154} INFO - [2023-12-15T11:49:19.525+0000] {dag.py:2941} INFO - Sync 1 DAGs
[2023-12-15T11:49:19.996+0000] {logging_mixin.py:154} INFO - [2023-12-15T11:49:19.996+0000] {dag.py:3722} INFO - Setting next_dagrun for example_bash_operator to 2023-12-14T00:00:00+00:00, run_after=2023-12-15T00:00:00+00:00
[2023-12-15T11:49:20.031+0000] {processor.py:179} INFO - Processing /home/airflow/.local/lib/python3.8/site-packages/airflow/example_dags/example_bash_operator.py took 0.650 seconds
[2023-12-15T11:49:50.638+0000] {processor.py:157} INFO - Started process (PID=1332) to work on /home/airflow/.local/lib/python3.8/site-packages/airflow/example_dags/example_bash_operator.py
[2023-12-15T11:49:50.641+0000] {processor.py:829} INFO - Processing file /home/airflow/.local/lib/python3.8/site-packages/airflow/example_dags/example_bash_operator.py for tasks to queue
[2023-12-15T11:49:50.646+0000] {logging_mixin.py:154} INFO - [2023-12-15T11:49:50.645+0000] {dagbag.py:536} INFO - Filling up the DagBag from /home/airflow/.local/lib/python3.8/site-packages/airflow/example_dags/example_bash_operator.py
[2023-12-15T11:49:50.692+0000] {processor.py:839} INFO - DAG(s) dict_keys(['example_bash_operator']) retrieved from /home/airflow/.local/lib/python3.8/site-packages/airflow/example_dags/example_bash_operator.py
[2023-12-15T11:49:50.789+0000] {logging_mixin.py:154} INFO - [2023-12-15T11:49:50.788+0000] {dag.py:2941} INFO - Sync 1 DAGs
[2023-12-15T11:49:51.023+0000] {logging_mixin.py:154} INFO - [2023-12-15T11:49:51.015+0000] {dag.py:3722} INFO - Setting next_dagrun for example_bash_operator to 2023-12-14T00:00:00+00:00, run_after=2023-12-15T00:00:00+00:00
[2023-12-15T11:49:51.144+0000] {processor.py:179} INFO - Processing /home/airflow/.local/lib/python3.8/site-packages/airflow/example_dags/example_bash_operator.py took 0.510 seconds
[2023-12-15T11:50:27.122+0000] {processor.py:157} INFO - Started process (PID=1379) to work on /home/airflow/.local/lib/python3.8/site-packages/airflow/example_dags/example_bash_operator.py
[2023-12-15T11:50:27.126+0000] {processor.py:829} INFO - Processing file /home/airflow/.local/lib/python3.8/site-packages/airflow/example_dags/example_bash_operator.py for tasks to queue
[2023-12-15T11:50:27.146+0000] {logging_mixin.py:154} INFO - [2023-12-15T11:50:27.142+0000] {dagbag.py:536} INFO - Filling up the DagBag from /home/airflow/.local/lib/python3.8/site-packages/airflow/example_dags/example_bash_operator.py
[2023-12-15T11:50:27.174+0000] {processor.py:839} INFO - DAG(s) dict_keys(['example_bash_operator']) retrieved from /home/airflow/.local/lib/python3.8/site-packages/airflow/example_dags/example_bash_operator.py
[2023-12-15T11:50:27.856+0000] {logging_mixin.py:154} INFO - [2023-12-15T11:50:27.856+0000] {dag.py:2941} INFO - Sync 1 DAGs
[2023-12-15T11:50:27.913+0000] {logging_mixin.py:154} INFO - [2023-12-15T11:50:27.913+0000] {dag.py:3722} INFO - Setting next_dagrun for example_bash_operator to 2023-12-14T00:00:00+00:00, run_after=2023-12-15T00:00:00+00:00
[2023-12-15T11:50:27.972+0000] {processor.py:179} INFO - Processing /home/airflow/.local/lib/python3.8/site-packages/airflow/example_dags/example_bash_operator.py took 0.901 seconds
[2023-12-15T11:51:02.384+0000] {processor.py:157} INFO - Started process (PID=1439) to work on /home/airflow/.local/lib/python3.8/site-packages/airflow/example_dags/example_bash_operator.py
[2023-12-15T11:51:02.389+0000] {processor.py:829} INFO - Processing file /home/airflow/.local/lib/python3.8/site-packages/airflow/example_dags/example_bash_operator.py for tasks to queue
[2023-12-15T11:51:02.399+0000] {logging_mixin.py:154} INFO - [2023-12-15T11:51:02.399+0000] {dagbag.py:536} INFO - Filling up the DagBag from /home/airflow/.local/lib/python3.8/site-packages/airflow/example_dags/example_bash_operator.py
[2023-12-15T11:51:02.467+0000] {processor.py:839} INFO - DAG(s) dict_keys(['example_bash_operator']) retrieved from /home/airflow/.local/lib/python3.8/site-packages/airflow/example_dags/example_bash_operator.py
[2023-12-15T11:51:02.576+0000] {logging_mixin.py:154} INFO - [2023-12-15T11:51:02.575+0000] {dag.py:2941} INFO - Sync 1 DAGs
[2023-12-15T11:51:03.633+0000] {logging_mixin.py:154} INFO - [2023-12-15T11:51:03.633+0000] {dag.py:3722} INFO - Setting next_dagrun for example_bash_operator to 2023-12-14T00:00:00+00:00, run_after=2023-12-15T00:00:00+00:00
[2023-12-15T11:51:03.658+0000] {processor.py:179} INFO - Processing /home/airflow/.local/lib/python3.8/site-packages/airflow/example_dags/example_bash_operator.py took 1.287 seconds
[2023-12-15T11:51:34.385+0000] {processor.py:157} INFO - Started process (PID=1493) to work on /home/airflow/.local/lib/python3.8/site-packages/airflow/example_dags/example_bash_operator.py
[2023-12-15T11:51:34.401+0000] {processor.py:829} INFO - Processing file /home/airflow/.local/lib/python3.8/site-packages/airflow/example_dags/example_bash_operator.py for tasks to queue
[2023-12-15T11:51:34.417+0000] {logging_mixin.py:154} INFO - [2023-12-15T11:51:34.416+0000] {dagbag.py:536} INFO - Filling up the DagBag from /home/airflow/.local/lib/python3.8/site-packages/airflow/example_dags/example_bash_operator.py
[2023-12-15T11:51:34.501+0000] {processor.py:839} INFO - DAG(s) dict_keys(['example_bash_operator']) retrieved from /home/airflow/.local/lib/python3.8/site-packages/airflow/example_dags/example_bash_operator.py
[2023-12-15T11:51:34.730+0000] {logging_mixin.py:154} INFO - [2023-12-15T11:51:34.729+0000] {dag.py:2941} INFO - Sync 1 DAGs
[2023-12-15T11:51:34.883+0000] {logging_mixin.py:154} INFO - [2023-12-15T11:51:34.883+0000] {dag.py:3722} INFO - Setting next_dagrun for example_bash_operator to 2023-12-14T00:00:00+00:00, run_after=2023-12-15T00:00:00+00:00
[2023-12-15T11:51:34.939+0000] {processor.py:179} INFO - Processing /home/airflow/.local/lib/python3.8/site-packages/airflow/example_dags/example_bash_operator.py took 0.569 seconds
[2023-12-15T11:52:13.819+0000] {processor.py:157} INFO - Started process (PID=1546) to work on /home/airflow/.local/lib/python3.8/site-packages/airflow/example_dags/example_bash_operator.py
[2023-12-15T11:52:13.825+0000] {processor.py:829} INFO - Processing file /home/airflow/.local/lib/python3.8/site-packages/airflow/example_dags/example_bash_operator.py for tasks to queue
[2023-12-15T11:52:13.830+0000] {logging_mixin.py:154} INFO - [2023-12-15T11:52:13.830+0000] {dagbag.py:536} INFO - Filling up the DagBag from /home/airflow/.local/lib/python3.8/site-packages/airflow/example_dags/example_bash_operator.py
[2023-12-15T11:52:13.865+0000] {processor.py:839} INFO - DAG(s) dict_keys(['example_bash_operator']) retrieved from /home/airflow/.local/lib/python3.8/site-packages/airflow/example_dags/example_bash_operator.py
[2023-12-15T11:52:14.710+0000] {logging_mixin.py:154} INFO - [2023-12-15T11:52:14.710+0000] {dag.py:2941} INFO - Sync 1 DAGs
[2023-12-15T11:52:14.754+0000] {logging_mixin.py:154} INFO - [2023-12-15T11:52:14.754+0000] {dag.py:3722} INFO - Setting next_dagrun for example_bash_operator to 2023-12-14T00:00:00+00:00, run_after=2023-12-15T00:00:00+00:00
[2023-12-15T11:52:14.793+0000] {processor.py:179} INFO - Processing /home/airflow/.local/lib/python3.8/site-packages/airflow/example_dags/example_bash_operator.py took 0.985 seconds
[2023-12-15T11:52:45.043+0000] {processor.py:157} INFO - Started process (PID=1600) to work on /home/airflow/.local/lib/python3.8/site-packages/airflow/example_dags/example_bash_operator.py
[2023-12-15T11:52:45.045+0000] {processor.py:829} INFO - Processing file /home/airflow/.local/lib/python3.8/site-packages/airflow/example_dags/example_bash_operator.py for tasks to queue
[2023-12-15T11:52:45.050+0000] {logging_mixin.py:154} INFO - [2023-12-15T11:52:45.050+0000] {dagbag.py:536} INFO - Filling up the DagBag from /home/airflow/.local/lib/python3.8/site-packages/airflow/example_dags/example_bash_operator.py
[2023-12-15T11:52:45.086+0000] {processor.py:839} INFO - DAG(s) dict_keys(['example_bash_operator']) retrieved from /home/airflow/.local/lib/python3.8/site-packages/airflow/example_dags/example_bash_operator.py
[2023-12-15T11:52:45.120+0000] {logging_mixin.py:154} INFO - [2023-12-15T11:52:45.120+0000] {dag.py:2941} INFO - Sync 1 DAGs
[2023-12-15T11:52:45.137+0000] {logging_mixin.py:154} INFO - [2023-12-15T11:52:45.137+0000] {dag.py:3722} INFO - Setting next_dagrun for example_bash_operator to 2023-12-14T00:00:00+00:00, run_after=2023-12-15T00:00:00+00:00
[2023-12-15T11:52:45.153+0000] {processor.py:179} INFO - Processing /home/airflow/.local/lib/python3.8/site-packages/airflow/example_dags/example_bash_operator.py took 0.115 seconds
[2023-12-15T11:53:15.589+0000] {processor.py:157} INFO - Started process (PID=1653) to work on /home/airflow/.local/lib/python3.8/site-packages/airflow/example_dags/example_bash_operator.py
[2023-12-15T11:53:15.595+0000] {processor.py:829} INFO - Processing file /home/airflow/.local/lib/python3.8/site-packages/airflow/example_dags/example_bash_operator.py for tasks to queue
[2023-12-15T11:53:15.599+0000] {logging_mixin.py:154} INFO - [2023-12-15T11:53:15.598+0000] {dagbag.py:536} INFO - Filling up the DagBag from /home/airflow/.local/lib/python3.8/site-packages/airflow/example_dags/example_bash_operator.py
[2023-12-15T11:53:15.631+0000] {processor.py:839} INFO - DAG(s) dict_keys(['example_bash_operator']) retrieved from /home/airflow/.local/lib/python3.8/site-packages/airflow/example_dags/example_bash_operator.py
[2023-12-15T11:53:15.679+0000] {logging_mixin.py:154} INFO - [2023-12-15T11:53:15.679+0000] {dag.py:2941} INFO - Sync 1 DAGs
[2023-12-15T11:53:15.707+0000] {logging_mixin.py:154} INFO - [2023-12-15T11:53:15.706+0000] {dag.py:3722} INFO - Setting next_dagrun for example_bash_operator to 2023-12-14T00:00:00+00:00, run_after=2023-12-15T00:00:00+00:00
[2023-12-15T11:53:15.730+0000] {processor.py:179} INFO - Processing /home/airflow/.local/lib/python3.8/site-packages/airflow/example_dags/example_bash_operator.py took 0.156 seconds
[2023-12-15T11:53:46.438+0000] {processor.py:157} INFO - Started process (PID=1707) to work on /home/airflow/.local/lib/python3.8/site-packages/airflow/example_dags/example_bash_operator.py
[2023-12-15T11:53:46.448+0000] {processor.py:829} INFO - Processing file /home/airflow/.local/lib/python3.8/site-packages/airflow/example_dags/example_bash_operator.py for tasks to queue
[2023-12-15T11:53:46.456+0000] {logging_mixin.py:154} INFO - [2023-12-15T11:53:46.455+0000] {dagbag.py:536} INFO - Filling up the DagBag from /home/airflow/.local/lib/python3.8/site-packages/airflow/example_dags/example_bash_operator.py
[2023-12-15T11:53:46.583+0000] {processor.py:839} INFO - DAG(s) dict_keys(['example_bash_operator']) retrieved from /home/airflow/.local/lib/python3.8/site-packages/airflow/example_dags/example_bash_operator.py
[2023-12-15T11:53:46.667+0000] {logging_mixin.py:154} INFO - [2023-12-15T11:53:46.667+0000] {dag.py:2941} INFO - Sync 1 DAGs
[2023-12-15T11:53:46.743+0000] {logging_mixin.py:154} INFO - [2023-12-15T11:53:46.743+0000] {dag.py:3722} INFO - Setting next_dagrun for example_bash_operator to 2023-12-14T00:00:00+00:00, run_after=2023-12-15T00:00:00+00:00
[2023-12-15T11:53:46.765+0000] {processor.py:179} INFO - Processing /home/airflow/.local/lib/python3.8/site-packages/airflow/example_dags/example_bash_operator.py took 0.357 seconds
[2023-12-15T11:54:17.301+0000] {processor.py:157} INFO - Started process (PID=1761) to work on /home/airflow/.local/lib/python3.8/site-packages/airflow/example_dags/example_bash_operator.py
[2023-12-15T11:54:17.307+0000] {processor.py:829} INFO - Processing file /home/airflow/.local/lib/python3.8/site-packages/airflow/example_dags/example_bash_operator.py for tasks to queue
[2023-12-15T11:54:17.319+0000] {logging_mixin.py:154} INFO - [2023-12-15T11:54:17.318+0000] {dagbag.py:536} INFO - Filling up the DagBag from /home/airflow/.local/lib/python3.8/site-packages/airflow/example_dags/example_bash_operator.py
[2023-12-15T11:54:17.432+0000] {processor.py:839} INFO - DAG(s) dict_keys(['example_bash_operator']) retrieved from /home/airflow/.local/lib/python3.8/site-packages/airflow/example_dags/example_bash_operator.py
[2023-12-15T11:54:17.825+0000] {logging_mixin.py:154} INFO - [2023-12-15T11:54:17.825+0000] {dag.py:2941} INFO - Sync 1 DAGs
[2023-12-15T11:54:18.088+0000] {logging_mixin.py:154} INFO - [2023-12-15T11:54:18.087+0000] {dag.py:3722} INFO - Setting next_dagrun for example_bash_operator to 2023-12-14T00:00:00+00:00, run_after=2023-12-15T00:00:00+00:00
[2023-12-15T11:54:18.126+0000] {processor.py:179} INFO - Processing /home/airflow/.local/lib/python3.8/site-packages/airflow/example_dags/example_bash_operator.py took 0.853 seconds
[2023-12-15T11:54:48.267+0000] {processor.py:157} INFO - Started process (PID=1815) to work on /home/airflow/.local/lib/python3.8/site-packages/airflow/example_dags/example_bash_operator.py
[2023-12-15T11:54:48.271+0000] {processor.py:829} INFO - Processing file /home/airflow/.local/lib/python3.8/site-packages/airflow/example_dags/example_bash_operator.py for tasks to queue
[2023-12-15T11:54:48.275+0000] {logging_mixin.py:154} INFO - [2023-12-15T11:54:48.275+0000] {dagbag.py:536} INFO - Filling up the DagBag from /home/airflow/.local/lib/python3.8/site-packages/airflow/example_dags/example_bash_operator.py
[2023-12-15T11:54:48.348+0000] {processor.py:839} INFO - DAG(s) dict_keys(['example_bash_operator']) retrieved from /home/airflow/.local/lib/python3.8/site-packages/airflow/example_dags/example_bash_operator.py
[2023-12-15T11:54:48.390+0000] {logging_mixin.py:154} INFO - [2023-12-15T11:54:48.389+0000] {dag.py:2941} INFO - Sync 1 DAGs
[2023-12-15T11:54:48.488+0000] {logging_mixin.py:154} INFO - [2023-12-15T11:54:48.487+0000] {dag.py:3722} INFO - Setting next_dagrun for example_bash_operator to 2023-12-14T00:00:00+00:00, run_after=2023-12-15T00:00:00+00:00
[2023-12-15T11:54:48.529+0000] {processor.py:179} INFO - Processing /home/airflow/.local/lib/python3.8/site-packages/airflow/example_dags/example_bash_operator.py took 0.282 seconds
[2023-12-15T11:55:18.796+0000] {processor.py:157} INFO - Started process (PID=1868) to work on /home/airflow/.local/lib/python3.8/site-packages/airflow/example_dags/example_bash_operator.py
[2023-12-15T11:55:18.801+0000] {processor.py:829} INFO - Processing file /home/airflow/.local/lib/python3.8/site-packages/airflow/example_dags/example_bash_operator.py for tasks to queue
[2023-12-15T11:55:18.809+0000] {logging_mixin.py:154} INFO - [2023-12-15T11:55:18.808+0000] {dagbag.py:536} INFO - Filling up the DagBag from /home/airflow/.local/lib/python3.8/site-packages/airflow/example_dags/example_bash_operator.py
[2023-12-15T11:55:18.841+0000] {processor.py:839} INFO - DAG(s) dict_keys(['example_bash_operator']) retrieved from /home/airflow/.local/lib/python3.8/site-packages/airflow/example_dags/example_bash_operator.py
[2023-12-15T11:55:18.902+0000] {logging_mixin.py:154} INFO - [2023-12-15T11:55:18.901+0000] {dag.py:2941} INFO - Sync 1 DAGs
[2023-12-15T11:55:18.937+0000] {logging_mixin.py:154} INFO - [2023-12-15T11:55:18.937+0000] {dag.py:3722} INFO - Setting next_dagrun for example_bash_operator to 2023-12-14T00:00:00+00:00, run_after=2023-12-15T00:00:00+00:00
[2023-12-15T11:55:18.954+0000] {processor.py:179} INFO - Processing /home/airflow/.local/lib/python3.8/site-packages/airflow/example_dags/example_bash_operator.py took 0.165 seconds
[2023-12-15T11:55:49.861+0000] {processor.py:157} INFO - Started process (PID=1922) to work on /home/airflow/.local/lib/python3.8/site-packages/airflow/example_dags/example_bash_operator.py
[2023-12-15T11:55:49.865+0000] {processor.py:829} INFO - Processing file /home/airflow/.local/lib/python3.8/site-packages/airflow/example_dags/example_bash_operator.py for tasks to queue
[2023-12-15T11:55:49.871+0000] {logging_mixin.py:154} INFO - [2023-12-15T11:55:49.870+0000] {dagbag.py:536} INFO - Filling up the DagBag from /home/airflow/.local/lib/python3.8/site-packages/airflow/example_dags/example_bash_operator.py
[2023-12-15T11:55:49.892+0000] {processor.py:839} INFO - DAG(s) dict_keys(['example_bash_operator']) retrieved from /home/airflow/.local/lib/python3.8/site-packages/airflow/example_dags/example_bash_operator.py
[2023-12-15T11:55:49.926+0000] {logging_mixin.py:154} INFO - [2023-12-15T11:55:49.926+0000] {dag.py:2941} INFO - Sync 1 DAGs
[2023-12-15T11:55:49.952+0000] {logging_mixin.py:154} INFO - [2023-12-15T11:55:49.952+0000] {dag.py:3722} INFO - Setting next_dagrun for example_bash_operator to 2023-12-14T00:00:00+00:00, run_after=2023-12-15T00:00:00+00:00
[2023-12-15T11:55:49.963+0000] {processor.py:179} INFO - Processing /home/airflow/.local/lib/python3.8/site-packages/airflow/example_dags/example_bash_operator.py took 0.107 seconds
[2023-12-15T11:56:20.608+0000] {processor.py:157} INFO - Started process (PID=1977) to work on /home/airflow/.local/lib/python3.8/site-packages/airflow/example_dags/example_bash_operator.py
[2023-12-15T11:56:20.610+0000] {processor.py:829} INFO - Processing file /home/airflow/.local/lib/python3.8/site-packages/airflow/example_dags/example_bash_operator.py for tasks to queue
[2023-12-15T11:56:20.612+0000] {logging_mixin.py:154} INFO - [2023-12-15T11:56:20.612+0000] {dagbag.py:536} INFO - Filling up the DagBag from /home/airflow/.local/lib/python3.8/site-packages/airflow/example_dags/example_bash_operator.py
[2023-12-15T11:56:20.640+0000] {processor.py:839} INFO - DAG(s) dict_keys(['example_bash_operator']) retrieved from /home/airflow/.local/lib/python3.8/site-packages/airflow/example_dags/example_bash_operator.py
[2023-12-15T11:56:20.666+0000] {logging_mixin.py:154} INFO - [2023-12-15T11:56:20.666+0000] {dag.py:2941} INFO - Sync 1 DAGs
[2023-12-15T11:56:20.688+0000] {logging_mixin.py:154} INFO - [2023-12-15T11:56:20.688+0000] {dag.py:3722} INFO - Setting next_dagrun for example_bash_operator to 2023-12-14T00:00:00+00:00, run_after=2023-12-15T00:00:00+00:00
[2023-12-15T11:56:20.698+0000] {processor.py:179} INFO - Processing /home/airflow/.local/lib/python3.8/site-packages/airflow/example_dags/example_bash_operator.py took 0.094 seconds
[2023-12-15T11:56:51.466+0000] {processor.py:157} INFO - Started process (PID=2031) to work on /home/airflow/.local/lib/python3.8/site-packages/airflow/example_dags/example_bash_operator.py
[2023-12-15T11:56:51.473+0000] {processor.py:829} INFO - Processing file /home/airflow/.local/lib/python3.8/site-packages/airflow/example_dags/example_bash_operator.py for tasks to queue
[2023-12-15T11:56:51.477+0000] {logging_mixin.py:154} INFO - [2023-12-15T11:56:51.476+0000] {dagbag.py:536} INFO - Filling up the DagBag from /home/airflow/.local/lib/python3.8/site-packages/airflow/example_dags/example_bash_operator.py
[2023-12-15T11:56:51.532+0000] {processor.py:839} INFO - DAG(s) dict_keys(['example_bash_operator']) retrieved from /home/airflow/.local/lib/python3.8/site-packages/airflow/example_dags/example_bash_operator.py
[2023-12-15T11:56:51.876+0000] {logging_mixin.py:154} INFO - [2023-12-15T11:56:51.876+0000] {dag.py:2941} INFO - Sync 1 DAGs
[2023-12-15T11:56:52.045+0000] {logging_mixin.py:154} INFO - [2023-12-15T11:56:52.013+0000] {dag.py:3722} INFO - Setting next_dagrun for example_bash_operator to 2023-12-14T00:00:00+00:00, run_after=2023-12-15T00:00:00+00:00
[2023-12-15T11:56:52.134+0000] {processor.py:179} INFO - Processing /home/airflow/.local/lib/python3.8/site-packages/airflow/example_dags/example_bash_operator.py took 0.682 seconds
[2023-12-15T11:57:22.639+0000] {processor.py:157} INFO - Started process (PID=2086) to work on /home/airflow/.local/lib/python3.8/site-packages/airflow/example_dags/example_bash_operator.py
[2023-12-15T11:57:22.642+0000] {processor.py:829} INFO - Processing file /home/airflow/.local/lib/python3.8/site-packages/airflow/example_dags/example_bash_operator.py for tasks to queue
[2023-12-15T11:57:22.647+0000] {logging_mixin.py:154} INFO - [2023-12-15T11:57:22.646+0000] {dagbag.py:536} INFO - Filling up the DagBag from /home/airflow/.local/lib/python3.8/site-packages/airflow/example_dags/example_bash_operator.py
[2023-12-15T11:57:22.678+0000] {processor.py:839} INFO - DAG(s) dict_keys(['example_bash_operator']) retrieved from /home/airflow/.local/lib/python3.8/site-packages/airflow/example_dags/example_bash_operator.py
[2023-12-15T11:57:22.724+0000] {logging_mixin.py:154} INFO - [2023-12-15T11:57:22.724+0000] {dag.py:2941} INFO - Sync 1 DAGs
[2023-12-15T11:57:22.767+0000] {logging_mixin.py:154} INFO - [2023-12-15T11:57:22.767+0000] {dag.py:3722} INFO - Setting next_dagrun for example_bash_operator to 2023-12-14T00:00:00+00:00, run_after=2023-12-15T00:00:00+00:00
[2023-12-15T11:57:22.801+0000] {processor.py:179} INFO - Processing /home/airflow/.local/lib/python3.8/site-packages/airflow/example_dags/example_bash_operator.py took 0.168 seconds
[2023-12-15T11:57:52.947+0000] {processor.py:157} INFO - Started process (PID=2140) to work on /home/airflow/.local/lib/python3.8/site-packages/airflow/example_dags/example_bash_operator.py
[2023-12-15T11:57:52.948+0000] {processor.py:829} INFO - Processing file /home/airflow/.local/lib/python3.8/site-packages/airflow/example_dags/example_bash_operator.py for tasks to queue
[2023-12-15T11:57:52.951+0000] {logging_mixin.py:154} INFO - [2023-12-15T11:57:52.951+0000] {dagbag.py:536} INFO - Filling up the DagBag from /home/airflow/.local/lib/python3.8/site-packages/airflow/example_dags/example_bash_operator.py
[2023-12-15T11:57:52.967+0000] {processor.py:839} INFO - DAG(s) dict_keys(['example_bash_operator']) retrieved from /home/airflow/.local/lib/python3.8/site-packages/airflow/example_dags/example_bash_operator.py
[2023-12-15T11:57:52.988+0000] {logging_mixin.py:154} INFO - [2023-12-15T11:57:52.988+0000] {dag.py:2941} INFO - Sync 1 DAGs
[2023-12-15T11:57:53.004+0000] {logging_mixin.py:154} INFO - [2023-12-15T11:57:53.004+0000] {dag.py:3722} INFO - Setting next_dagrun for example_bash_operator to 2023-12-14T00:00:00+00:00, run_after=2023-12-15T00:00:00+00:00
[2023-12-15T11:57:53.013+0000] {processor.py:179} INFO - Processing /home/airflow/.local/lib/python3.8/site-packages/airflow/example_dags/example_bash_operator.py took 0.069 seconds
[2023-12-15T11:58:23.599+0000] {processor.py:157} INFO - Started process (PID=2194) to work on /home/airflow/.local/lib/python3.8/site-packages/airflow/example_dags/example_bash_operator.py
[2023-12-15T11:58:23.600+0000] {processor.py:829} INFO - Processing file /home/airflow/.local/lib/python3.8/site-packages/airflow/example_dags/example_bash_operator.py for tasks to queue
[2023-12-15T11:58:23.601+0000] {logging_mixin.py:154} INFO - [2023-12-15T11:58:23.601+0000] {dagbag.py:536} INFO - Filling up the DagBag from /home/airflow/.local/lib/python3.8/site-packages/airflow/example_dags/example_bash_operator.py
[2023-12-15T11:58:23.609+0000] {processor.py:839} INFO - DAG(s) dict_keys(['example_bash_operator']) retrieved from /home/airflow/.local/lib/python3.8/site-packages/airflow/example_dags/example_bash_operator.py
[2023-12-15T11:58:23.629+0000] {logging_mixin.py:154} INFO - [2023-12-15T11:58:23.628+0000] {dag.py:2941} INFO - Sync 1 DAGs
[2023-12-15T11:58:23.644+0000] {logging_mixin.py:154} INFO - [2023-12-15T11:58:23.644+0000] {dag.py:3722} INFO - Setting next_dagrun for example_bash_operator to 2023-12-14T00:00:00+00:00, run_after=2023-12-15T00:00:00+00:00
[2023-12-15T11:58:23.654+0000] {processor.py:179} INFO - Processing /home/airflow/.local/lib/python3.8/site-packages/airflow/example_dags/example_bash_operator.py took 0.057 seconds
[2023-12-15T11:58:54.335+0000] {processor.py:157} INFO - Started process (PID=2247) to work on /home/airflow/.local/lib/python3.8/site-packages/airflow/example_dags/example_bash_operator.py
[2023-12-15T11:58:54.336+0000] {processor.py:829} INFO - Processing file /home/airflow/.local/lib/python3.8/site-packages/airflow/example_dags/example_bash_operator.py for tasks to queue
[2023-12-15T11:58:54.339+0000] {logging_mixin.py:154} INFO - [2023-12-15T11:58:54.338+0000] {dagbag.py:536} INFO - Filling up the DagBag from /home/airflow/.local/lib/python3.8/site-packages/airflow/example_dags/example_bash_operator.py
[2023-12-15T11:58:54.350+0000] {processor.py:839} INFO - DAG(s) dict_keys(['example_bash_operator']) retrieved from /home/airflow/.local/lib/python3.8/site-packages/airflow/example_dags/example_bash_operator.py
[2023-12-15T11:58:54.387+0000] {logging_mixin.py:154} INFO - [2023-12-15T11:58:54.387+0000] {dag.py:2941} INFO - Sync 1 DAGs
[2023-12-15T11:58:54.408+0000] {logging_mixin.py:154} INFO - [2023-12-15T11:58:54.408+0000] {dag.py:3722} INFO - Setting next_dagrun for example_bash_operator to 2023-12-14T00:00:00+00:00, run_after=2023-12-15T00:00:00+00:00
[2023-12-15T11:58:54.421+0000] {processor.py:179} INFO - Processing /home/airflow/.local/lib/python3.8/site-packages/airflow/example_dags/example_bash_operator.py took 0.090 seconds
[2023-12-15T11:59:24.554+0000] {processor.py:157} INFO - Started process (PID=2301) to work on /home/airflow/.local/lib/python3.8/site-packages/airflow/example_dags/example_bash_operator.py
[2023-12-15T11:59:24.556+0000] {processor.py:829} INFO - Processing file /home/airflow/.local/lib/python3.8/site-packages/airflow/example_dags/example_bash_operator.py for tasks to queue
[2023-12-15T11:59:24.560+0000] {logging_mixin.py:154} INFO - [2023-12-15T11:59:24.560+0000] {dagbag.py:536} INFO - Filling up the DagBag from /home/airflow/.local/lib/python3.8/site-packages/airflow/example_dags/example_bash_operator.py
[2023-12-15T11:59:24.580+0000] {processor.py:839} INFO - DAG(s) dict_keys(['example_bash_operator']) retrieved from /home/airflow/.local/lib/python3.8/site-packages/airflow/example_dags/example_bash_operator.py
[2023-12-15T11:59:24.612+0000] {logging_mixin.py:154} INFO - [2023-12-15T11:59:24.612+0000] {dag.py:2941} INFO - Sync 1 DAGs
[2023-12-15T11:59:24.633+0000] {logging_mixin.py:154} INFO - [2023-12-15T11:59:24.633+0000] {dag.py:3722} INFO - Setting next_dagrun for example_bash_operator to 2023-12-14T00:00:00+00:00, run_after=2023-12-15T00:00:00+00:00
[2023-12-15T11:59:24.648+0000] {processor.py:179} INFO - Processing /home/airflow/.local/lib/python3.8/site-packages/airflow/example_dags/example_bash_operator.py took 0.097 seconds
[2023-12-15T11:59:55.790+0000] {processor.py:157} INFO - Started process (PID=2354) to work on /home/airflow/.local/lib/python3.8/site-packages/airflow/example_dags/example_bash_operator.py
[2023-12-15T11:59:55.792+0000] {processor.py:829} INFO - Processing file /home/airflow/.local/lib/python3.8/site-packages/airflow/example_dags/example_bash_operator.py for tasks to queue
[2023-12-15T11:59:55.795+0000] {logging_mixin.py:154} INFO - [2023-12-15T11:59:55.795+0000] {dagbag.py:536} INFO - Filling up the DagBag from /home/airflow/.local/lib/python3.8/site-packages/airflow/example_dags/example_bash_operator.py
[2023-12-15T11:59:55.821+0000] {processor.py:839} INFO - DAG(s) dict_keys(['example_bash_operator']) retrieved from /home/airflow/.local/lib/python3.8/site-packages/airflow/example_dags/example_bash_operator.py
[2023-12-15T11:59:55.867+0000] {logging_mixin.py:154} INFO - [2023-12-15T11:59:55.866+0000] {dag.py:2941} INFO - Sync 1 DAGs
[2023-12-15T11:59:55.915+0000] {logging_mixin.py:154} INFO - [2023-12-15T11:59:55.915+0000] {dag.py:3722} INFO - Setting next_dagrun for example_bash_operator to 2023-12-14T00:00:00+00:00, run_after=2023-12-15T00:00:00+00:00
[2023-12-15T11:59:55.941+0000] {processor.py:179} INFO - Processing /home/airflow/.local/lib/python3.8/site-packages/airflow/example_dags/example_bash_operator.py took 0.154 seconds
[2023-12-15T12:00:27.472+0000] {processor.py:157} INFO - Started process (PID=2407) to work on /home/airflow/.local/lib/python3.8/site-packages/airflow/example_dags/example_bash_operator.py
[2023-12-15T12:00:27.477+0000] {processor.py:829} INFO - Processing file /home/airflow/.local/lib/python3.8/site-packages/airflow/example_dags/example_bash_operator.py for tasks to queue
[2023-12-15T12:00:27.491+0000] {logging_mixin.py:154} INFO - [2023-12-15T12:00:27.491+0000] {dagbag.py:536} INFO - Filling up the DagBag from /home/airflow/.local/lib/python3.8/site-packages/airflow/example_dags/example_bash_operator.py
[2023-12-15T12:00:27.633+0000] {processor.py:839} INFO - DAG(s) dict_keys(['example_bash_operator']) retrieved from /home/airflow/.local/lib/python3.8/site-packages/airflow/example_dags/example_bash_operator.py
[2023-12-15T12:00:27.730+0000] {logging_mixin.py:154} INFO - [2023-12-15T12:00:27.729+0000] {dag.py:2941} INFO - Sync 1 DAGs
[2023-12-15T12:00:27.793+0000] {logging_mixin.py:154} INFO - [2023-12-15T12:00:27.793+0000] {dag.py:3722} INFO - Setting next_dagrun for example_bash_operator to 2023-12-14T00:00:00+00:00, run_after=2023-12-15T00:00:00+00:00
[2023-12-15T12:00:27.829+0000] {processor.py:179} INFO - Processing /home/airflow/.local/lib/python3.8/site-packages/airflow/example_dags/example_bash_operator.py took 0.364 seconds
[2023-12-15T12:00:57.952+0000] {processor.py:157} INFO - Started process (PID=2461) to work on /home/airflow/.local/lib/python3.8/site-packages/airflow/example_dags/example_bash_operator.py
[2023-12-15T12:00:57.955+0000] {processor.py:829} INFO - Processing file /home/airflow/.local/lib/python3.8/site-packages/airflow/example_dags/example_bash_operator.py for tasks to queue
[2023-12-15T12:00:57.958+0000] {logging_mixin.py:154} INFO - [2023-12-15T12:00:57.958+0000] {dagbag.py:536} INFO - Filling up the DagBag from /home/airflow/.local/lib/python3.8/site-packages/airflow/example_dags/example_bash_operator.py
[2023-12-15T12:00:57.974+0000] {processor.py:839} INFO - DAG(s) dict_keys(['example_bash_operator']) retrieved from /home/airflow/.local/lib/python3.8/site-packages/airflow/example_dags/example_bash_operator.py
[2023-12-15T12:00:58.003+0000] {logging_mixin.py:154} INFO - [2023-12-15T12:00:58.003+0000] {dag.py:2941} INFO - Sync 1 DAGs
[2023-12-15T12:00:58.030+0000] {logging_mixin.py:154} INFO - [2023-12-15T12:00:58.030+0000] {dag.py:3722} INFO - Setting next_dagrun for example_bash_operator to 2023-12-14T00:00:00+00:00, run_after=2023-12-15T00:00:00+00:00
[2023-12-15T12:00:58.052+0000] {processor.py:179} INFO - Processing /home/airflow/.local/lib/python3.8/site-packages/airflow/example_dags/example_bash_operator.py took 0.105 seconds
[2023-12-15T12:01:29.262+0000] {processor.py:157} INFO - Started process (PID=2514) to work on /home/airflow/.local/lib/python3.8/site-packages/airflow/example_dags/example_bash_operator.py
[2023-12-15T12:01:29.263+0000] {processor.py:829} INFO - Processing file /home/airflow/.local/lib/python3.8/site-packages/airflow/example_dags/example_bash_operator.py for tasks to queue
[2023-12-15T12:01:29.266+0000] {logging_mixin.py:154} INFO - [2023-12-15T12:01:29.266+0000] {dagbag.py:536} INFO - Filling up the DagBag from /home/airflow/.local/lib/python3.8/site-packages/airflow/example_dags/example_bash_operator.py
[2023-12-15T12:01:29.279+0000] {processor.py:839} INFO - DAG(s) dict_keys(['example_bash_operator']) retrieved from /home/airflow/.local/lib/python3.8/site-packages/airflow/example_dags/example_bash_operator.py
[2023-12-15T12:01:29.319+0000] {logging_mixin.py:154} INFO - [2023-12-15T12:01:29.319+0000] {dag.py:2941} INFO - Sync 1 DAGs
[2023-12-15T12:01:29.351+0000] {logging_mixin.py:154} INFO - [2023-12-15T12:01:29.350+0000] {dag.py:3722} INFO - Setting next_dagrun for example_bash_operator to 2023-12-14T00:00:00+00:00, run_after=2023-12-15T00:00:00+00:00
[2023-12-15T12:01:29.366+0000] {processor.py:179} INFO - Processing /home/airflow/.local/lib/python3.8/site-packages/airflow/example_dags/example_bash_operator.py took 0.108 seconds
[2023-12-15T12:02:01.109+0000] {processor.py:157} INFO - Started process (PID=2568) to work on /home/airflow/.local/lib/python3.8/site-packages/airflow/example_dags/example_bash_operator.py
[2023-12-15T12:02:01.117+0000] {processor.py:829} INFO - Processing file /home/airflow/.local/lib/python3.8/site-packages/airflow/example_dags/example_bash_operator.py for tasks to queue
[2023-12-15T12:02:01.122+0000] {logging_mixin.py:154} INFO - [2023-12-15T12:02:01.121+0000] {dagbag.py:536} INFO - Filling up the DagBag from /home/airflow/.local/lib/python3.8/site-packages/airflow/example_dags/example_bash_operator.py
[2023-12-15T12:02:01.263+0000] {processor.py:839} INFO - DAG(s) dict_keys(['example_bash_operator']) retrieved from /home/airflow/.local/lib/python3.8/site-packages/airflow/example_dags/example_bash_operator.py
[2023-12-15T12:02:01.398+0000] {logging_mixin.py:154} INFO - [2023-12-15T12:02:01.398+0000] {dag.py:2941} INFO - Sync 1 DAGs
[2023-12-15T12:02:01.441+0000] {logging_mixin.py:154} INFO - [2023-12-15T12:02:01.441+0000] {dag.py:3722} INFO - Setting next_dagrun for example_bash_operator to 2023-12-14T00:00:00+00:00, run_after=2023-12-15T00:00:00+00:00
[2023-12-15T12:02:01.476+0000] {processor.py:179} INFO - Processing /home/airflow/.local/lib/python3.8/site-packages/airflow/example_dags/example_bash_operator.py took 0.373 seconds
[2023-12-15T12:02:32.072+0000] {processor.py:157} INFO - Started process (PID=2622) to work on /home/airflow/.local/lib/python3.8/site-packages/airflow/example_dags/example_bash_operator.py
[2023-12-15T12:02:32.075+0000] {processor.py:829} INFO - Processing file /home/airflow/.local/lib/python3.8/site-packages/airflow/example_dags/example_bash_operator.py for tasks to queue
[2023-12-15T12:02:32.082+0000] {logging_mixin.py:154} INFO - [2023-12-15T12:02:32.082+0000] {dagbag.py:536} INFO - Filling up the DagBag from /home/airflow/.local/lib/python3.8/site-packages/airflow/example_dags/example_bash_operator.py
[2023-12-15T12:02:32.104+0000] {processor.py:839} INFO - DAG(s) dict_keys(['example_bash_operator']) retrieved from /home/airflow/.local/lib/python3.8/site-packages/airflow/example_dags/example_bash_operator.py
[2023-12-15T12:02:32.156+0000] {logging_mixin.py:154} INFO - [2023-12-15T12:02:32.156+0000] {dag.py:2941} INFO - Sync 1 DAGs
[2023-12-15T12:02:32.202+0000] {logging_mixin.py:154} INFO - [2023-12-15T12:02:32.202+0000] {dag.py:3722} INFO - Setting next_dagrun for example_bash_operator to 2023-12-14T00:00:00+00:00, run_after=2023-12-15T00:00:00+00:00
[2023-12-15T12:02:32.239+0000] {processor.py:179} INFO - Processing /home/airflow/.local/lib/python3.8/site-packages/airflow/example_dags/example_bash_operator.py took 0.173 seconds
[2023-12-15T12:03:03.649+0000] {processor.py:157} INFO - Started process (PID=2676) to work on /home/airflow/.local/lib/python3.8/site-packages/airflow/example_dags/example_bash_operator.py
[2023-12-15T12:03:03.653+0000] {processor.py:829} INFO - Processing file /home/airflow/.local/lib/python3.8/site-packages/airflow/example_dags/example_bash_operator.py for tasks to queue
[2023-12-15T12:03:03.663+0000] {logging_mixin.py:154} INFO - [2023-12-15T12:03:03.661+0000] {dagbag.py:536} INFO - Filling up the DagBag from /home/airflow/.local/lib/python3.8/site-packages/airflow/example_dags/example_bash_operator.py
[2023-12-15T12:03:03.714+0000] {processor.py:839} INFO - DAG(s) dict_keys(['example_bash_operator']) retrieved from /home/airflow/.local/lib/python3.8/site-packages/airflow/example_dags/example_bash_operator.py
[2023-12-15T12:03:03.809+0000] {logging_mixin.py:154} INFO - [2023-12-15T12:03:03.809+0000] {dag.py:2941} INFO - Sync 1 DAGs
[2023-12-15T12:03:03.853+0000] {logging_mixin.py:154} INFO - [2023-12-15T12:03:03.852+0000] {dag.py:3722} INFO - Setting next_dagrun for example_bash_operator to 2023-12-14T00:00:00+00:00, run_after=2023-12-15T00:00:00+00:00
[2023-12-15T12:03:03.868+0000] {processor.py:179} INFO - Processing /home/airflow/.local/lib/python3.8/site-packages/airflow/example_dags/example_bash_operator.py took 0.226 seconds
[2023-12-15T12:03:34.863+0000] {processor.py:157} INFO - Started process (PID=2730) to work on /home/airflow/.local/lib/python3.8/site-packages/airflow/example_dags/example_bash_operator.py
[2023-12-15T12:03:34.866+0000] {processor.py:829} INFO - Processing file /home/airflow/.local/lib/python3.8/site-packages/airflow/example_dags/example_bash_operator.py for tasks to queue
[2023-12-15T12:03:34.869+0000] {logging_mixin.py:154} INFO - [2023-12-15T12:03:34.869+0000] {dagbag.py:536} INFO - Filling up the DagBag from /home/airflow/.local/lib/python3.8/site-packages/airflow/example_dags/example_bash_operator.py
[2023-12-15T12:03:34.885+0000] {processor.py:839} INFO - DAG(s) dict_keys(['example_bash_operator']) retrieved from /home/airflow/.local/lib/python3.8/site-packages/airflow/example_dags/example_bash_operator.py
[2023-12-15T12:03:34.921+0000] {logging_mixin.py:154} INFO - [2023-12-15T12:03:34.921+0000] {dag.py:2941} INFO - Sync 1 DAGs
[2023-12-15T12:03:34.946+0000] {logging_mixin.py:154} INFO - [2023-12-15T12:03:34.946+0000] {dag.py:3722} INFO - Setting next_dagrun for example_bash_operator to 2023-12-14T00:00:00+00:00, run_after=2023-12-15T00:00:00+00:00
[2023-12-15T12:03:34.971+0000] {processor.py:179} INFO - Processing /home/airflow/.local/lib/python3.8/site-packages/airflow/example_dags/example_bash_operator.py took 0.111 seconds
[2023-12-15T12:04:07.099+0000] {processor.py:157} INFO - Started process (PID=2784) to work on /home/airflow/.local/lib/python3.8/site-packages/airflow/example_dags/example_bash_operator.py
[2023-12-15T12:04:07.101+0000] {processor.py:829} INFO - Processing file /home/airflow/.local/lib/python3.8/site-packages/airflow/example_dags/example_bash_operator.py for tasks to queue
[2023-12-15T12:04:07.134+0000] {logging_mixin.py:154} INFO - [2023-12-15T12:04:07.133+0000] {dagbag.py:536} INFO - Filling up the DagBag from /home/airflow/.local/lib/python3.8/site-packages/airflow/example_dags/example_bash_operator.py
[2023-12-15T12:04:07.159+0000] {processor.py:839} INFO - DAG(s) dict_keys(['example_bash_operator']) retrieved from /home/airflow/.local/lib/python3.8/site-packages/airflow/example_dags/example_bash_operator.py
[2023-12-15T12:04:07.203+0000] {logging_mixin.py:154} INFO - [2023-12-15T12:04:07.203+0000] {dag.py:2941} INFO - Sync 1 DAGs
[2023-12-15T12:04:07.228+0000] {logging_mixin.py:154} INFO - [2023-12-15T12:04:07.227+0000] {dag.py:3722} INFO - Setting next_dagrun for example_bash_operator to 2023-12-14T00:00:00+00:00, run_after=2023-12-15T00:00:00+00:00
[2023-12-15T12:04:07.254+0000] {processor.py:179} INFO - Processing /home/airflow/.local/lib/python3.8/site-packages/airflow/example_dags/example_bash_operator.py took 0.159 seconds
[2023-12-15T12:04:38.200+0000] {processor.py:157} INFO - Started process (PID=2836) to work on /home/airflow/.local/lib/python3.8/site-packages/airflow/example_dags/example_bash_operator.py
[2023-12-15T12:04:38.204+0000] {processor.py:829} INFO - Processing file /home/airflow/.local/lib/python3.8/site-packages/airflow/example_dags/example_bash_operator.py for tasks to queue
[2023-12-15T12:04:38.207+0000] {logging_mixin.py:154} INFO - [2023-12-15T12:04:38.207+0000] {dagbag.py:536} INFO - Filling up the DagBag from /home/airflow/.local/lib/python3.8/site-packages/airflow/example_dags/example_bash_operator.py
[2023-12-15T12:04:38.239+0000] {processor.py:839} INFO - DAG(s) dict_keys(['example_bash_operator']) retrieved from /home/airflow/.local/lib/python3.8/site-packages/airflow/example_dags/example_bash_operator.py
[2023-12-15T12:04:38.314+0000] {logging_mixin.py:154} INFO - [2023-12-15T12:04:38.314+0000] {dag.py:2941} INFO - Sync 1 DAGs
[2023-12-15T12:04:38.367+0000] {logging_mixin.py:154} INFO - [2023-12-15T12:04:38.367+0000] {dag.py:3722} INFO - Setting next_dagrun for example_bash_operator to 2023-12-14T00:00:00+00:00, run_after=2023-12-15T00:00:00+00:00
[2023-12-15T12:04:38.411+0000] {processor.py:179} INFO - Processing /home/airflow/.local/lib/python3.8/site-packages/airflow/example_dags/example_bash_operator.py took 0.214 seconds
[2023-12-15T12:05:09.206+0000] {processor.py:157} INFO - Started process (PID=2890) to work on /home/airflow/.local/lib/python3.8/site-packages/airflow/example_dags/example_bash_operator.py
[2023-12-15T12:05:09.208+0000] {processor.py:829} INFO - Processing file /home/airflow/.local/lib/python3.8/site-packages/airflow/example_dags/example_bash_operator.py for tasks to queue
[2023-12-15T12:05:09.211+0000] {logging_mixin.py:154} INFO - [2023-12-15T12:05:09.211+0000] {dagbag.py:536} INFO - Filling up the DagBag from /home/airflow/.local/lib/python3.8/site-packages/airflow/example_dags/example_bash_operator.py
[2023-12-15T12:05:09.225+0000] {processor.py:839} INFO - DAG(s) dict_keys(['example_bash_operator']) retrieved from /home/airflow/.local/lib/python3.8/site-packages/airflow/example_dags/example_bash_operator.py
[2023-12-15T12:05:09.261+0000] {logging_mixin.py:154} INFO - [2023-12-15T12:05:09.260+0000] {dag.py:2941} INFO - Sync 1 DAGs
[2023-12-15T12:05:09.297+0000] {logging_mixin.py:154} INFO - [2023-12-15T12:05:09.297+0000] {dag.py:3722} INFO - Setting next_dagrun for example_bash_operator to 2023-12-14T00:00:00+00:00, run_after=2023-12-15T00:00:00+00:00
[2023-12-15T12:05:09.323+0000] {processor.py:179} INFO - Processing /home/airflow/.local/lib/python3.8/site-packages/airflow/example_dags/example_bash_operator.py took 0.122 seconds
[2023-12-15T12:05:42.738+0000] {processor.py:157} INFO - Started process (PID=2944) to work on /home/airflow/.local/lib/python3.8/site-packages/airflow/example_dags/example_bash_operator.py
[2023-12-15T12:05:42.745+0000] {processor.py:829} INFO - Processing file /home/airflow/.local/lib/python3.8/site-packages/airflow/example_dags/example_bash_operator.py for tasks to queue
[2023-12-15T12:05:42.751+0000] {logging_mixin.py:154} INFO - [2023-12-15T12:05:42.749+0000] {dagbag.py:536} INFO - Filling up the DagBag from /home/airflow/.local/lib/python3.8/site-packages/airflow/example_dags/example_bash_operator.py
[2023-12-15T12:05:42.778+0000] {processor.py:839} INFO - DAG(s) dict_keys(['example_bash_operator']) retrieved from /home/airflow/.local/lib/python3.8/site-packages/airflow/example_dags/example_bash_operator.py
[2023-12-15T12:05:42.865+0000] {logging_mixin.py:154} INFO - [2023-12-15T12:05:42.863+0000] {dag.py:2941} INFO - Sync 1 DAGs
[2023-12-15T12:05:42.969+0000] {logging_mixin.py:154} INFO - [2023-12-15T12:05:42.968+0000] {dag.py:3722} INFO - Setting next_dagrun for example_bash_operator to 2023-12-14T00:00:00+00:00, run_after=2023-12-15T00:00:00+00:00
[2023-12-15T12:05:43.093+0000] {processor.py:179} INFO - Processing /home/airflow/.local/lib/python3.8/site-packages/airflow/example_dags/example_bash_operator.py took 0.359 seconds
[2023-12-15T12:06:13.911+0000] {processor.py:157} INFO - Started process (PID=2998) to work on /home/airflow/.local/lib/python3.8/site-packages/airflow/example_dags/example_bash_operator.py
[2023-12-15T12:06:13.917+0000] {processor.py:829} INFO - Processing file /home/airflow/.local/lib/python3.8/site-packages/airflow/example_dags/example_bash_operator.py for tasks to queue
[2023-12-15T12:06:13.922+0000] {logging_mixin.py:154} INFO - [2023-12-15T12:06:13.922+0000] {dagbag.py:536} INFO - Filling up the DagBag from /home/airflow/.local/lib/python3.8/site-packages/airflow/example_dags/example_bash_operator.py
[2023-12-15T12:06:13.969+0000] {processor.py:839} INFO - DAG(s) dict_keys(['example_bash_operator']) retrieved from /home/airflow/.local/lib/python3.8/site-packages/airflow/example_dags/example_bash_operator.py
[2023-12-15T12:06:14.024+0000] {logging_mixin.py:154} INFO - [2023-12-15T12:06:14.024+0000] {dag.py:2941} INFO - Sync 1 DAGs
[2023-12-15T12:06:14.091+0000] {logging_mixin.py:154} INFO - [2023-12-15T12:06:14.090+0000] {dag.py:3722} INFO - Setting next_dagrun for example_bash_operator to 2023-12-14T00:00:00+00:00, run_after=2023-12-15T00:00:00+00:00
[2023-12-15T12:06:14.137+0000] {processor.py:179} INFO - Processing /home/airflow/.local/lib/python3.8/site-packages/airflow/example_dags/example_bash_operator.py took 0.243 seconds
[2023-12-15T12:06:45.404+0000] {processor.py:157} INFO - Started process (PID=3052) to work on /home/airflow/.local/lib/python3.8/site-packages/airflow/example_dags/example_bash_operator.py
[2023-12-15T12:06:45.407+0000] {processor.py:829} INFO - Processing file /home/airflow/.local/lib/python3.8/site-packages/airflow/example_dags/example_bash_operator.py for tasks to queue
[2023-12-15T12:06:45.414+0000] {logging_mixin.py:154} INFO - [2023-12-15T12:06:45.413+0000] {dagbag.py:536} INFO - Filling up the DagBag from /home/airflow/.local/lib/python3.8/site-packages/airflow/example_dags/example_bash_operator.py
[2023-12-15T12:06:45.483+0000] {processor.py:839} INFO - DAG(s) dict_keys(['example_bash_operator']) retrieved from /home/airflow/.local/lib/python3.8/site-packages/airflow/example_dags/example_bash_operator.py
[2023-12-15T12:06:45.577+0000] {logging_mixin.py:154} INFO - [2023-12-15T12:06:45.576+0000] {dag.py:2941} INFO - Sync 1 DAGs
[2023-12-15T12:06:45.609+0000] {logging_mixin.py:154} INFO - [2023-12-15T12:06:45.609+0000] {dag.py:3722} INFO - Setting next_dagrun for example_bash_operator to 2023-12-14T00:00:00+00:00, run_after=2023-12-15T00:00:00+00:00
[2023-12-15T12:06:45.623+0000] {processor.py:179} INFO - Processing /home/airflow/.local/lib/python3.8/site-packages/airflow/example_dags/example_bash_operator.py took 0.224 seconds
[2023-12-15T12:07:15.804+0000] {processor.py:157} INFO - Started process (PID=3105) to work on /home/airflow/.local/lib/python3.8/site-packages/airflow/example_dags/example_bash_operator.py
[2023-12-15T12:07:15.806+0000] {processor.py:829} INFO - Processing file /home/airflow/.local/lib/python3.8/site-packages/airflow/example_dags/example_bash_operator.py for tasks to queue
[2023-12-15T12:07:15.808+0000] {logging_mixin.py:154} INFO - [2023-12-15T12:07:15.808+0000] {dagbag.py:536} INFO - Filling up the DagBag from /home/airflow/.local/lib/python3.8/site-packages/airflow/example_dags/example_bash_operator.py
[2023-12-15T12:07:15.825+0000] {processor.py:839} INFO - DAG(s) dict_keys(['example_bash_operator']) retrieved from /home/airflow/.local/lib/python3.8/site-packages/airflow/example_dags/example_bash_operator.py
[2023-12-15T12:07:15.859+0000] {logging_mixin.py:154} INFO - [2023-12-15T12:07:15.859+0000] {dag.py:2941} INFO - Sync 1 DAGs
[2023-12-15T12:07:15.898+0000] {logging_mixin.py:154} INFO - [2023-12-15T12:07:15.898+0000] {dag.py:3722} INFO - Setting next_dagrun for example_bash_operator to 2023-12-14T00:00:00+00:00, run_after=2023-12-15T00:00:00+00:00
[2023-12-15T12:07:15.915+0000] {processor.py:179} INFO - Processing /home/airflow/.local/lib/python3.8/site-packages/airflow/example_dags/example_bash_operator.py took 0.115 seconds
[2023-12-15T12:07:47.128+0000] {processor.py:157} INFO - Started process (PID=3158) to work on /home/airflow/.local/lib/python3.8/site-packages/airflow/example_dags/example_bash_operator.py
[2023-12-15T12:07:47.130+0000] {processor.py:829} INFO - Processing file /home/airflow/.local/lib/python3.8/site-packages/airflow/example_dags/example_bash_operator.py for tasks to queue
[2023-12-15T12:07:47.134+0000] {logging_mixin.py:154} INFO - [2023-12-15T12:07:47.133+0000] {dagbag.py:536} INFO - Filling up the DagBag from /home/airflow/.local/lib/python3.8/site-packages/airflow/example_dags/example_bash_operator.py
[2023-12-15T12:07:47.210+0000] {processor.py:839} INFO - DAG(s) dict_keys(['example_bash_operator']) retrieved from /home/airflow/.local/lib/python3.8/site-packages/airflow/example_dags/example_bash_operator.py
[2023-12-15T12:07:47.318+0000] {logging_mixin.py:154} INFO - [2023-12-15T12:07:47.318+0000] {dag.py:2941} INFO - Sync 1 DAGs
[2023-12-15T12:07:47.363+0000] {logging_mixin.py:154} INFO - [2023-12-15T12:07:47.362+0000] {dag.py:3722} INFO - Setting next_dagrun for example_bash_operator to 2023-12-14T00:00:00+00:00, run_after=2023-12-15T00:00:00+00:00
[2023-12-15T12:07:47.388+0000] {processor.py:179} INFO - Processing /home/airflow/.local/lib/python3.8/site-packages/airflow/example_dags/example_bash_operator.py took 0.267 seconds
[2023-12-15T12:08:18.312+0000] {processor.py:157} INFO - Started process (PID=3212) to work on /home/airflow/.local/lib/python3.8/site-packages/airflow/example_dags/example_bash_operator.py
[2023-12-15T12:08:18.321+0000] {processor.py:829} INFO - Processing file /home/airflow/.local/lib/python3.8/site-packages/airflow/example_dags/example_bash_operator.py for tasks to queue
[2023-12-15T12:08:18.396+0000] {logging_mixin.py:154} INFO - [2023-12-15T12:08:18.385+0000] {dagbag.py:536} INFO - Filling up the DagBag from /home/airflow/.local/lib/python3.8/site-packages/airflow/example_dags/example_bash_operator.py
[2023-12-15T12:08:18.659+0000] {processor.py:839} INFO - DAG(s) dict_keys(['example_bash_operator']) retrieved from /home/airflow/.local/lib/python3.8/site-packages/airflow/example_dags/example_bash_operator.py
[2023-12-15T12:08:18.764+0000] {logging_mixin.py:154} INFO - [2023-12-15T12:08:18.762+0000] {dag.py:2941} INFO - Sync 1 DAGs
[2023-12-15T12:08:18.842+0000] {logging_mixin.py:154} INFO - [2023-12-15T12:08:18.842+0000] {dag.py:3722} INFO - Setting next_dagrun for example_bash_operator to 2023-12-14T00:00:00+00:00, run_after=2023-12-15T00:00:00+00:00
[2023-12-15T12:08:18.862+0000] {processor.py:179} INFO - Processing /home/airflow/.local/lib/python3.8/site-packages/airflow/example_dags/example_bash_operator.py took 0.579 seconds
[2023-12-15T12:08:49.816+0000] {processor.py:157} INFO - Started process (PID=3266) to work on /home/airflow/.local/lib/python3.8/site-packages/airflow/example_dags/example_bash_operator.py
[2023-12-15T12:08:49.822+0000] {processor.py:829} INFO - Processing file /home/airflow/.local/lib/python3.8/site-packages/airflow/example_dags/example_bash_operator.py for tasks to queue
[2023-12-15T12:08:49.846+0000] {logging_mixin.py:154} INFO - [2023-12-15T12:08:49.844+0000] {dagbag.py:536} INFO - Filling up the DagBag from /home/airflow/.local/lib/python3.8/site-packages/airflow/example_dags/example_bash_operator.py
[2023-12-15T12:08:49.901+0000] {processor.py:839} INFO - DAG(s) dict_keys(['example_bash_operator']) retrieved from /home/airflow/.local/lib/python3.8/site-packages/airflow/example_dags/example_bash_operator.py
[2023-12-15T12:08:49.982+0000] {logging_mixin.py:154} INFO - [2023-12-15T12:08:49.981+0000] {dag.py:2941} INFO - Sync 1 DAGs
[2023-12-15T12:08:50.051+0000] {logging_mixin.py:154} INFO - [2023-12-15T12:08:50.051+0000] {dag.py:3722} INFO - Setting next_dagrun for example_bash_operator to 2023-12-14T00:00:00+00:00, run_after=2023-12-15T00:00:00+00:00
[2023-12-15T12:08:50.104+0000] {processor.py:179} INFO - Processing /home/airflow/.local/lib/python3.8/site-packages/airflow/example_dags/example_bash_operator.py took 0.300 seconds
[2023-12-15T12:09:20.682+0000] {processor.py:157} INFO - Started process (PID=3320) to work on /home/airflow/.local/lib/python3.8/site-packages/airflow/example_dags/example_bash_operator.py
[2023-12-15T12:09:20.689+0000] {processor.py:829} INFO - Processing file /home/airflow/.local/lib/python3.8/site-packages/airflow/example_dags/example_bash_operator.py for tasks to queue
[2023-12-15T12:09:20.705+0000] {logging_mixin.py:154} INFO - [2023-12-15T12:09:20.704+0000] {dagbag.py:536} INFO - Filling up the DagBag from /home/airflow/.local/lib/python3.8/site-packages/airflow/example_dags/example_bash_operator.py
[2023-12-15T12:09:20.781+0000] {processor.py:839} INFO - DAG(s) dict_keys(['example_bash_operator']) retrieved from /home/airflow/.local/lib/python3.8/site-packages/airflow/example_dags/example_bash_operator.py
[2023-12-15T12:09:20.839+0000] {logging_mixin.py:154} INFO - [2023-12-15T12:09:20.838+0000] {dag.py:2941} INFO - Sync 1 DAGs
[2023-12-15T12:09:20.945+0000] {logging_mixin.py:154} INFO - [2023-12-15T12:09:20.944+0000] {dag.py:3722} INFO - Setting next_dagrun for example_bash_operator to 2023-12-14T00:00:00+00:00, run_after=2023-12-15T00:00:00+00:00
[2023-12-15T12:09:20.965+0000] {processor.py:179} INFO - Processing /home/airflow/.local/lib/python3.8/site-packages/airflow/example_dags/example_bash_operator.py took 0.295 seconds
[2023-12-15T12:09:51.208+0000] {processor.py:157} INFO - Started process (PID=3373) to work on /home/airflow/.local/lib/python3.8/site-packages/airflow/example_dags/example_bash_operator.py
[2023-12-15T12:09:51.209+0000] {processor.py:829} INFO - Processing file /home/airflow/.local/lib/python3.8/site-packages/airflow/example_dags/example_bash_operator.py for tasks to queue
[2023-12-15T12:09:51.213+0000] {logging_mixin.py:154} INFO - [2023-12-15T12:09:51.212+0000] {dagbag.py:536} INFO - Filling up the DagBag from /home/airflow/.local/lib/python3.8/site-packages/airflow/example_dags/example_bash_operator.py
[2023-12-15T12:09:51.245+0000] {processor.py:839} INFO - DAG(s) dict_keys(['example_bash_operator']) retrieved from /home/airflow/.local/lib/python3.8/site-packages/airflow/example_dags/example_bash_operator.py
[2023-12-15T12:09:51.275+0000] {logging_mixin.py:154} INFO - [2023-12-15T12:09:51.275+0000] {dag.py:2941} INFO - Sync 1 DAGs
[2023-12-15T12:09:51.301+0000] {logging_mixin.py:154} INFO - [2023-12-15T12:09:51.301+0000] {dag.py:3722} INFO - Setting next_dagrun for example_bash_operator to 2023-12-14T00:00:00+00:00, run_after=2023-12-15T00:00:00+00:00
[2023-12-15T12:09:51.313+0000] {processor.py:179} INFO - Processing /home/airflow/.local/lib/python3.8/site-packages/airflow/example_dags/example_bash_operator.py took 0.109 seconds
[2023-12-15T12:10:21.708+0000] {processor.py:157} INFO - Started process (PID=3426) to work on /home/airflow/.local/lib/python3.8/site-packages/airflow/example_dags/example_bash_operator.py
[2023-12-15T12:10:21.712+0000] {processor.py:829} INFO - Processing file /home/airflow/.local/lib/python3.8/site-packages/airflow/example_dags/example_bash_operator.py for tasks to queue
[2023-12-15T12:10:21.716+0000] {logging_mixin.py:154} INFO - [2023-12-15T12:10:21.715+0000] {dagbag.py:536} INFO - Filling up the DagBag from /home/airflow/.local/lib/python3.8/site-packages/airflow/example_dags/example_bash_operator.py
[2023-12-15T12:10:21.765+0000] {processor.py:839} INFO - DAG(s) dict_keys(['example_bash_operator']) retrieved from /home/airflow/.local/lib/python3.8/site-packages/airflow/example_dags/example_bash_operator.py
[2023-12-15T12:10:21.820+0000] {logging_mixin.py:154} INFO - [2023-12-15T12:10:21.820+0000] {dag.py:2941} INFO - Sync 1 DAGs
[2023-12-15T12:10:21.877+0000] {logging_mixin.py:154} INFO - [2023-12-15T12:10:21.877+0000] {dag.py:3722} INFO - Setting next_dagrun for example_bash_operator to 2023-12-14T00:00:00+00:00, run_after=2023-12-15T00:00:00+00:00
[2023-12-15T12:10:21.939+0000] {processor.py:179} INFO - Processing /home/airflow/.local/lib/python3.8/site-packages/airflow/example_dags/example_bash_operator.py took 0.236 seconds
