[2023-12-15T11:36:55.839+0000] {processor.py:157} INFO - Started process (PID=55) to work on /home/airflow/.local/lib/python3.8/site-packages/airflow/example_dags/example_branch_operator.py
[2023-12-15T11:36:55.844+0000] {processor.py:829} INFO - Processing file /home/airflow/.local/lib/python3.8/site-packages/airflow/example_dags/example_branch_operator.py for tasks to queue
[2023-12-15T11:36:55.858+0000] {logging_mixin.py:154} INFO - [2023-12-15T11:36:55.857+0000] {dagbag.py:536} INFO - Filling up the DagBag from /home/airflow/.local/lib/python3.8/site-packages/airflow/example_dags/example_branch_operator.py
[2023-12-15T11:36:55.906+0000] {processor.py:839} INFO - DAG(s) dict_keys(['example_branch_operator']) retrieved from /home/airflow/.local/lib/python3.8/site-packages/airflow/example_dags/example_branch_operator.py
[2023-12-15T11:36:55.952+0000] {logging_mixin.py:154} INFO - [2023-12-15T11:36:55.952+0000] {dag.py:2941} INFO - Sync 1 DAGs
[2023-12-15T11:36:55.982+0000] {logging_mixin.py:154} INFO - [2023-12-15T11:36:55.982+0000] {dag.py:3722} INFO - Setting next_dagrun for example_branch_operator to 2023-12-14T00:00:00+00:00, run_after=2023-12-15T00:00:00+00:00
[2023-12-15T11:36:56.033+0000] {processor.py:179} INFO - Processing /home/airflow/.local/lib/python3.8/site-packages/airflow/example_dags/example_branch_operator.py took 0.239 seconds
[2023-12-15T11:37:26.257+0000] {processor.py:157} INFO - Started process (PID=109) to work on /home/airflow/.local/lib/python3.8/site-packages/airflow/example_dags/example_branch_operator.py
[2023-12-15T11:37:26.258+0000] {processor.py:829} INFO - Processing file /home/airflow/.local/lib/python3.8/site-packages/airflow/example_dags/example_branch_operator.py for tasks to queue
[2023-12-15T11:37:26.260+0000] {logging_mixin.py:154} INFO - [2023-12-15T11:37:26.260+0000] {dagbag.py:536} INFO - Filling up the DagBag from /home/airflow/.local/lib/python3.8/site-packages/airflow/example_dags/example_branch_operator.py
[2023-12-15T11:37:26.267+0000] {processor.py:839} INFO - DAG(s) dict_keys(['example_branch_operator']) retrieved from /home/airflow/.local/lib/python3.8/site-packages/airflow/example_dags/example_branch_operator.py
[2023-12-15T11:37:26.281+0000] {logging_mixin.py:154} INFO - [2023-12-15T11:37:26.280+0000] {dag.py:2941} INFO - Sync 1 DAGs
[2023-12-15T11:37:26.293+0000] {logging_mixin.py:154} INFO - [2023-12-15T11:37:26.293+0000] {dag.py:3722} INFO - Setting next_dagrun for example_branch_operator to 2023-12-14T00:00:00+00:00, run_after=2023-12-15T00:00:00+00:00
[2023-12-15T11:37:26.309+0000] {processor.py:179} INFO - Processing /home/airflow/.local/lib/python3.8/site-packages/airflow/example_dags/example_branch_operator.py took 0.055 seconds
[2023-12-15T11:37:57.305+0000] {processor.py:157} INFO - Started process (PID=163) to work on /home/airflow/.local/lib/python3.8/site-packages/airflow/example_dags/example_branch_operator.py
[2023-12-15T11:37:57.306+0000] {processor.py:829} INFO - Processing file /home/airflow/.local/lib/python3.8/site-packages/airflow/example_dags/example_branch_operator.py for tasks to queue
[2023-12-15T11:37:57.310+0000] {logging_mixin.py:154} INFO - [2023-12-15T11:37:57.309+0000] {dagbag.py:536} INFO - Filling up the DagBag from /home/airflow/.local/lib/python3.8/site-packages/airflow/example_dags/example_branch_operator.py
[2023-12-15T11:37:57.318+0000] {processor.py:839} INFO - DAG(s) dict_keys(['example_branch_operator']) retrieved from /home/airflow/.local/lib/python3.8/site-packages/airflow/example_dags/example_branch_operator.py
[2023-12-15T11:37:57.343+0000] {logging_mixin.py:154} INFO - [2023-12-15T11:37:57.343+0000] {dag.py:2941} INFO - Sync 1 DAGs
[2023-12-15T11:37:57.364+0000] {logging_mixin.py:154} INFO - [2023-12-15T11:37:57.364+0000] {dag.py:3722} INFO - Setting next_dagrun for example_branch_operator to 2023-12-14T00:00:00+00:00, run_after=2023-12-15T00:00:00+00:00
[2023-12-15T11:37:57.381+0000] {processor.py:179} INFO - Processing /home/airflow/.local/lib/python3.8/site-packages/airflow/example_dags/example_branch_operator.py took 0.078 seconds
[2023-12-15T11:38:29.227+0000] {processor.py:157} INFO - Started process (PID=217) to work on /home/airflow/.local/lib/python3.8/site-packages/airflow/example_dags/example_branch_operator.py
[2023-12-15T11:38:29.230+0000] {processor.py:829} INFO - Processing file /home/airflow/.local/lib/python3.8/site-packages/airflow/example_dags/example_branch_operator.py for tasks to queue
[2023-12-15T11:38:29.235+0000] {logging_mixin.py:154} INFO - [2023-12-15T11:38:29.234+0000] {dagbag.py:536} INFO - Filling up the DagBag from /home/airflow/.local/lib/python3.8/site-packages/airflow/example_dags/example_branch_operator.py
[2023-12-15T11:38:29.262+0000] {processor.py:839} INFO - DAG(s) dict_keys(['example_branch_operator']) retrieved from /home/airflow/.local/lib/python3.8/site-packages/airflow/example_dags/example_branch_operator.py
[2023-12-15T11:38:29.352+0000] {logging_mixin.py:154} INFO - [2023-12-15T11:38:29.351+0000] {dag.py:2941} INFO - Sync 1 DAGs
[2023-12-15T11:38:29.433+0000] {logging_mixin.py:154} INFO - [2023-12-15T11:38:29.432+0000] {dag.py:3722} INFO - Setting next_dagrun for example_branch_operator to 2023-12-14T00:00:00+00:00, run_after=2023-12-15T00:00:00+00:00
[2023-12-15T11:38:29.501+0000] {processor.py:179} INFO - Processing /home/airflow/.local/lib/python3.8/site-packages/airflow/example_dags/example_branch_operator.py took 0.286 seconds
[2023-12-15T11:39:03.851+0000] {processor.py:157} INFO - Started process (PID=277) to work on /home/airflow/.local/lib/python3.8/site-packages/airflow/example_dags/example_branch_operator.py
[2023-12-15T11:39:03.853+0000] {processor.py:829} INFO - Processing file /home/airflow/.local/lib/python3.8/site-packages/airflow/example_dags/example_branch_operator.py for tasks to queue
[2023-12-15T11:39:03.856+0000] {logging_mixin.py:154} INFO - [2023-12-15T11:39:03.856+0000] {dagbag.py:536} INFO - Filling up the DagBag from /home/airflow/.local/lib/python3.8/site-packages/airflow/example_dags/example_branch_operator.py
[2023-12-15T11:39:03.872+0000] {processor.py:839} INFO - DAG(s) dict_keys(['example_branch_operator']) retrieved from /home/airflow/.local/lib/python3.8/site-packages/airflow/example_dags/example_branch_operator.py
[2023-12-15T11:39:03.907+0000] {logging_mixin.py:154} INFO - [2023-12-15T11:39:03.907+0000] {dag.py:2941} INFO - Sync 1 DAGs
[2023-12-15T11:39:03.945+0000] {logging_mixin.py:154} INFO - [2023-12-15T11:39:03.944+0000] {dag.py:3722} INFO - Setting next_dagrun for example_branch_operator to 2023-12-14T00:00:00+00:00, run_after=2023-12-15T00:00:00+00:00
[2023-12-15T11:39:03.987+0000] {processor.py:179} INFO - Processing /home/airflow/.local/lib/python3.8/site-packages/airflow/example_dags/example_branch_operator.py took 0.140 seconds
[2023-12-15T11:39:37.908+0000] {processor.py:157} INFO - Started process (PID=329) to work on /home/airflow/.local/lib/python3.8/site-packages/airflow/example_dags/example_branch_operator.py
[2023-12-15T11:39:37.910+0000] {processor.py:829} INFO - Processing file /home/airflow/.local/lib/python3.8/site-packages/airflow/example_dags/example_branch_operator.py for tasks to queue
[2023-12-15T11:39:37.915+0000] {logging_mixin.py:154} INFO - [2023-12-15T11:39:37.914+0000] {dagbag.py:536} INFO - Filling up the DagBag from /home/airflow/.local/lib/python3.8/site-packages/airflow/example_dags/example_branch_operator.py
[2023-12-15T11:39:37.931+0000] {processor.py:839} INFO - DAG(s) dict_keys(['example_branch_operator']) retrieved from /home/airflow/.local/lib/python3.8/site-packages/airflow/example_dags/example_branch_operator.py
[2023-12-15T11:39:37.974+0000] {logging_mixin.py:154} INFO - [2023-12-15T11:39:37.973+0000] {dag.py:2941} INFO - Sync 1 DAGs
[2023-12-15T11:39:38.046+0000] {logging_mixin.py:154} INFO - [2023-12-15T11:39:38.045+0000] {dag.py:3722} INFO - Setting next_dagrun for example_branch_operator to 2023-12-14T00:00:00+00:00, run_after=2023-12-15T00:00:00+00:00
[2023-12-15T11:39:38.138+0000] {processor.py:179} INFO - Processing /home/airflow/.local/lib/python3.8/site-packages/airflow/example_dags/example_branch_operator.py took 0.235 seconds
[2023-12-15T11:40:09.882+0000] {processor.py:157} INFO - Started process (PID=383) to work on /home/airflow/.local/lib/python3.8/site-packages/airflow/example_dags/example_branch_operator.py
[2023-12-15T11:40:09.889+0000] {processor.py:829} INFO - Processing file /home/airflow/.local/lib/python3.8/site-packages/airflow/example_dags/example_branch_operator.py for tasks to queue
[2023-12-15T11:40:09.897+0000] {logging_mixin.py:154} INFO - [2023-12-15T11:40:09.897+0000] {dagbag.py:536} INFO - Filling up the DagBag from /home/airflow/.local/lib/python3.8/site-packages/airflow/example_dags/example_branch_operator.py
[2023-12-15T11:40:09.921+0000] {processor.py:839} INFO - DAG(s) dict_keys(['example_branch_operator']) retrieved from /home/airflow/.local/lib/python3.8/site-packages/airflow/example_dags/example_branch_operator.py
[2023-12-15T11:40:10.091+0000] {logging_mixin.py:154} INFO - [2023-12-15T11:40:10.091+0000] {dag.py:2941} INFO - Sync 1 DAGs
[2023-12-15T11:40:10.175+0000] {logging_mixin.py:154} INFO - [2023-12-15T11:40:10.175+0000] {dag.py:3722} INFO - Setting next_dagrun for example_branch_operator to 2023-12-14T00:00:00+00:00, run_after=2023-12-15T00:00:00+00:00
[2023-12-15T11:40:10.525+0000] {processor.py:179} INFO - Processing /home/airflow/.local/lib/python3.8/site-packages/airflow/example_dags/example_branch_operator.py took 0.647 seconds
[2023-12-15T11:40:41.323+0000] {processor.py:157} INFO - Started process (PID=437) to work on /home/airflow/.local/lib/python3.8/site-packages/airflow/example_dags/example_branch_operator.py
[2023-12-15T11:40:41.327+0000] {processor.py:829} INFO - Processing file /home/airflow/.local/lib/python3.8/site-packages/airflow/example_dags/example_branch_operator.py for tasks to queue
[2023-12-15T11:40:41.331+0000] {logging_mixin.py:154} INFO - [2023-12-15T11:40:41.331+0000] {dagbag.py:536} INFO - Filling up the DagBag from /home/airflow/.local/lib/python3.8/site-packages/airflow/example_dags/example_branch_operator.py
[2023-12-15T11:40:41.359+0000] {processor.py:839} INFO - DAG(s) dict_keys(['example_branch_operator']) retrieved from /home/airflow/.local/lib/python3.8/site-packages/airflow/example_dags/example_branch_operator.py
[2023-12-15T11:40:41.407+0000] {logging_mixin.py:154} INFO - [2023-12-15T11:40:41.407+0000] {dag.py:2941} INFO - Sync 1 DAGs
[2023-12-15T11:40:41.446+0000] {logging_mixin.py:154} INFO - [2023-12-15T11:40:41.446+0000] {dag.py:3722} INFO - Setting next_dagrun for example_branch_operator to 2023-12-14T00:00:00+00:00, run_after=2023-12-15T00:00:00+00:00
[2023-12-15T11:40:41.481+0000] {processor.py:179} INFO - Processing /home/airflow/.local/lib/python3.8/site-packages/airflow/example_dags/example_branch_operator.py took 0.166 seconds
[2023-12-15T11:41:11.713+0000] {processor.py:157} INFO - Started process (PID=491) to work on /home/airflow/.local/lib/python3.8/site-packages/airflow/example_dags/example_branch_operator.py
[2023-12-15T11:41:11.717+0000] {processor.py:829} INFO - Processing file /home/airflow/.local/lib/python3.8/site-packages/airflow/example_dags/example_branch_operator.py for tasks to queue
[2023-12-15T11:41:11.719+0000] {logging_mixin.py:154} INFO - [2023-12-15T11:41:11.719+0000] {dagbag.py:536} INFO - Filling up the DagBag from /home/airflow/.local/lib/python3.8/site-packages/airflow/example_dags/example_branch_operator.py
[2023-12-15T11:41:11.735+0000] {processor.py:839} INFO - DAG(s) dict_keys(['example_branch_operator']) retrieved from /home/airflow/.local/lib/python3.8/site-packages/airflow/example_dags/example_branch_operator.py
[2023-12-15T11:41:11.762+0000] {logging_mixin.py:154} INFO - [2023-12-15T11:41:11.762+0000] {dag.py:2941} INFO - Sync 1 DAGs
[2023-12-15T11:41:11.791+0000] {logging_mixin.py:154} INFO - [2023-12-15T11:41:11.790+0000] {dag.py:3722} INFO - Setting next_dagrun for example_branch_operator to 2023-12-14T00:00:00+00:00, run_after=2023-12-15T00:00:00+00:00
[2023-12-15T11:41:11.800+0000] {processor.py:179} INFO - Processing /home/airflow/.local/lib/python3.8/site-packages/airflow/example_dags/example_branch_operator.py took 0.090 seconds
[2023-12-15T11:41:48.676+0000] {processor.py:157} INFO - Started process (PID=545) to work on /home/airflow/.local/lib/python3.8/site-packages/airflow/example_dags/example_branch_operator.py
[2023-12-15T11:41:48.684+0000] {processor.py:829} INFO - Processing file /home/airflow/.local/lib/python3.8/site-packages/airflow/example_dags/example_branch_operator.py for tasks to queue
[2023-12-15T11:41:48.687+0000] {logging_mixin.py:154} INFO - [2023-12-15T11:41:48.687+0000] {dagbag.py:536} INFO - Filling up the DagBag from /home/airflow/.local/lib/python3.8/site-packages/airflow/example_dags/example_branch_operator.py
[2023-12-15T11:41:48.694+0000] {processor.py:839} INFO - DAG(s) dict_keys(['example_branch_operator']) retrieved from /home/airflow/.local/lib/python3.8/site-packages/airflow/example_dags/example_branch_operator.py
[2023-12-15T11:41:48.718+0000] {logging_mixin.py:154} INFO - [2023-12-15T11:41:48.717+0000] {dag.py:2941} INFO - Sync 1 DAGs
[2023-12-15T11:41:48.737+0000] {logging_mixin.py:154} INFO - [2023-12-15T11:41:48.737+0000] {dag.py:3722} INFO - Setting next_dagrun for example_branch_operator to 2023-12-14T00:00:00+00:00, run_after=2023-12-15T00:00:00+00:00
[2023-12-15T11:41:48.748+0000] {processor.py:179} INFO - Processing /home/airflow/.local/lib/python3.8/site-packages/airflow/example_dags/example_branch_operator.py took 0.080 seconds
[2023-12-15T11:42:21.340+0000] {processor.py:157} INFO - Started process (PID=600) to work on /home/airflow/.local/lib/python3.8/site-packages/airflow/example_dags/example_branch_operator.py
[2023-12-15T11:42:21.342+0000] {processor.py:829} INFO - Processing file /home/airflow/.local/lib/python3.8/site-packages/airflow/example_dags/example_branch_operator.py for tasks to queue
[2023-12-15T11:42:21.346+0000] {logging_mixin.py:154} INFO - [2023-12-15T11:42:21.345+0000] {dagbag.py:536} INFO - Filling up the DagBag from /home/airflow/.local/lib/python3.8/site-packages/airflow/example_dags/example_branch_operator.py
[2023-12-15T11:42:21.366+0000] {processor.py:839} INFO - DAG(s) dict_keys(['example_branch_operator']) retrieved from /home/airflow/.local/lib/python3.8/site-packages/airflow/example_dags/example_branch_operator.py
[2023-12-15T11:42:21.424+0000] {logging_mixin.py:154} INFO - [2023-12-15T11:42:21.424+0000] {dag.py:2941} INFO - Sync 1 DAGs
[2023-12-15T11:42:21.457+0000] {logging_mixin.py:154} INFO - [2023-12-15T11:42:21.457+0000] {dag.py:3722} INFO - Setting next_dagrun for example_branch_operator to 2023-12-14T00:00:00+00:00, run_after=2023-12-15T00:00:00+00:00
[2023-12-15T11:42:21.470+0000] {processor.py:179} INFO - Processing /home/airflow/.local/lib/python3.8/site-packages/airflow/example_dags/example_branch_operator.py took 0.136 seconds
[2023-12-15T11:43:03.187+0000] {processor.py:157} INFO - Started process (PID=655) to work on /home/airflow/.local/lib/python3.8/site-packages/airflow/example_dags/example_branch_operator.py
[2023-12-15T11:43:03.189+0000] {processor.py:829} INFO - Processing file /home/airflow/.local/lib/python3.8/site-packages/airflow/example_dags/example_branch_operator.py for tasks to queue
[2023-12-15T11:43:03.193+0000] {logging_mixin.py:154} INFO - [2023-12-15T11:43:03.193+0000] {dagbag.py:536} INFO - Filling up the DagBag from /home/airflow/.local/lib/python3.8/site-packages/airflow/example_dags/example_branch_operator.py
[2023-12-15T11:43:03.216+0000] {processor.py:839} INFO - DAG(s) dict_keys(['example_branch_operator']) retrieved from /home/airflow/.local/lib/python3.8/site-packages/airflow/example_dags/example_branch_operator.py
[2023-12-15T11:43:03.282+0000] {logging_mixin.py:154} INFO - [2023-12-15T11:43:03.282+0000] {dag.py:2941} INFO - Sync 1 DAGs
[2023-12-15T11:43:03.386+0000] {logging_mixin.py:154} INFO - [2023-12-15T11:43:03.385+0000] {dag.py:3722} INFO - Setting next_dagrun for example_branch_operator to 2023-12-14T00:00:00+00:00, run_after=2023-12-15T00:00:00+00:00
[2023-12-15T11:43:03.444+0000] {processor.py:179} INFO - Processing /home/airflow/.local/lib/python3.8/site-packages/airflow/example_dags/example_branch_operator.py took 0.267 seconds
[2023-12-15T11:43:36.981+0000] {processor.py:157} INFO - Started process (PID=709) to work on /home/airflow/.local/lib/python3.8/site-packages/airflow/example_dags/example_branch_operator.py
[2023-12-15T11:43:36.988+0000] {processor.py:829} INFO - Processing file /home/airflow/.local/lib/python3.8/site-packages/airflow/example_dags/example_branch_operator.py for tasks to queue
[2023-12-15T11:43:36.997+0000] {logging_mixin.py:154} INFO - [2023-12-15T11:43:36.997+0000] {dagbag.py:536} INFO - Filling up the DagBag from /home/airflow/.local/lib/python3.8/site-packages/airflow/example_dags/example_branch_operator.py
[2023-12-15T11:43:37.022+0000] {processor.py:839} INFO - DAG(s) dict_keys(['example_branch_operator']) retrieved from /home/airflow/.local/lib/python3.8/site-packages/airflow/example_dags/example_branch_operator.py
[2023-12-15T11:43:37.126+0000] {logging_mixin.py:154} INFO - [2023-12-15T11:43:37.126+0000] {dag.py:2941} INFO - Sync 1 DAGs
[2023-12-15T11:43:37.336+0000] {logging_mixin.py:154} INFO - [2023-12-15T11:43:37.332+0000] {dag.py:3722} INFO - Setting next_dagrun for example_branch_operator to 2023-12-14T00:00:00+00:00, run_after=2023-12-15T00:00:00+00:00
[2023-12-15T11:43:37.590+0000] {processor.py:179} INFO - Processing /home/airflow/.local/lib/python3.8/site-packages/airflow/example_dags/example_branch_operator.py took 0.615 seconds
[2023-12-15T11:44:08.242+0000] {processor.py:157} INFO - Started process (PID=761) to work on /home/airflow/.local/lib/python3.8/site-packages/airflow/example_dags/example_branch_operator.py
[2023-12-15T11:44:08.278+0000] {processor.py:829} INFO - Processing file /home/airflow/.local/lib/python3.8/site-packages/airflow/example_dags/example_branch_operator.py for tasks to queue
[2023-12-15T11:44:08.330+0000] {logging_mixin.py:154} INFO - [2023-12-15T11:44:08.321+0000] {dagbag.py:536} INFO - Filling up the DagBag from /home/airflow/.local/lib/python3.8/site-packages/airflow/example_dags/example_branch_operator.py
[2023-12-15T11:44:08.456+0000] {processor.py:839} INFO - DAG(s) dict_keys(['example_branch_operator']) retrieved from /home/airflow/.local/lib/python3.8/site-packages/airflow/example_dags/example_branch_operator.py
[2023-12-15T11:44:08.711+0000] {logging_mixin.py:154} INFO - [2023-12-15T11:44:08.711+0000] {dag.py:2941} INFO - Sync 1 DAGs
[2023-12-15T11:44:08.946+0000] {logging_mixin.py:154} INFO - [2023-12-15T11:44:08.946+0000] {dag.py:3722} INFO - Setting next_dagrun for example_branch_operator to 2023-12-14T00:00:00+00:00, run_after=2023-12-15T00:00:00+00:00
[2023-12-15T11:44:09.061+0000] {processor.py:179} INFO - Processing /home/airflow/.local/lib/python3.8/site-packages/airflow/example_dags/example_branch_operator.py took 0.849 seconds
[2023-12-15T11:44:39.773+0000] {processor.py:157} INFO - Started process (PID=814) to work on /home/airflow/.local/lib/python3.8/site-packages/airflow/example_dags/example_branch_operator.py
[2023-12-15T11:44:39.777+0000] {processor.py:829} INFO - Processing file /home/airflow/.local/lib/python3.8/site-packages/airflow/example_dags/example_branch_operator.py for tasks to queue
[2023-12-15T11:44:39.783+0000] {logging_mixin.py:154} INFO - [2023-12-15T11:44:39.783+0000] {dagbag.py:536} INFO - Filling up the DagBag from /home/airflow/.local/lib/python3.8/site-packages/airflow/example_dags/example_branch_operator.py
[2023-12-15T11:44:39.811+0000] {processor.py:839} INFO - DAG(s) dict_keys(['example_branch_operator']) retrieved from /home/airflow/.local/lib/python3.8/site-packages/airflow/example_dags/example_branch_operator.py
[2023-12-15T11:44:39.858+0000] {logging_mixin.py:154} INFO - [2023-12-15T11:44:39.857+0000] {dag.py:2941} INFO - Sync 1 DAGs
[2023-12-15T11:44:39.898+0000] {logging_mixin.py:154} INFO - [2023-12-15T11:44:39.898+0000] {dag.py:3722} INFO - Setting next_dagrun for example_branch_operator to 2023-12-14T00:00:00+00:00, run_after=2023-12-15T00:00:00+00:00
[2023-12-15T11:44:39.920+0000] {processor.py:179} INFO - Processing /home/airflow/.local/lib/python3.8/site-packages/airflow/example_dags/example_branch_operator.py took 0.159 seconds
[2023-12-15T11:45:10.281+0000] {processor.py:157} INFO - Started process (PID=868) to work on /home/airflow/.local/lib/python3.8/site-packages/airflow/example_dags/example_branch_operator.py
[2023-12-15T11:45:10.284+0000] {processor.py:829} INFO - Processing file /home/airflow/.local/lib/python3.8/site-packages/airflow/example_dags/example_branch_operator.py for tasks to queue
[2023-12-15T11:45:10.291+0000] {logging_mixin.py:154} INFO - [2023-12-15T11:45:10.289+0000] {dagbag.py:536} INFO - Filling up the DagBag from /home/airflow/.local/lib/python3.8/site-packages/airflow/example_dags/example_branch_operator.py
[2023-12-15T11:45:10.360+0000] {processor.py:839} INFO - DAG(s) dict_keys(['example_branch_operator']) retrieved from /home/airflow/.local/lib/python3.8/site-packages/airflow/example_dags/example_branch_operator.py
[2023-12-15T11:45:10.499+0000] {logging_mixin.py:154} INFO - [2023-12-15T11:45:10.499+0000] {dag.py:2941} INFO - Sync 1 DAGs
[2023-12-15T11:45:10.584+0000] {logging_mixin.py:154} INFO - [2023-12-15T11:45:10.583+0000] {dag.py:3722} INFO - Setting next_dagrun for example_branch_operator to 2023-12-14T00:00:00+00:00, run_after=2023-12-15T00:00:00+00:00
[2023-12-15T11:45:10.674+0000] {processor.py:179} INFO - Processing /home/airflow/.local/lib/python3.8/site-packages/airflow/example_dags/example_branch_operator.py took 0.416 seconds
[2023-12-15T11:45:41.109+0000] {processor.py:157} INFO - Started process (PID=922) to work on /home/airflow/.local/lib/python3.8/site-packages/airflow/example_dags/example_branch_operator.py
[2023-12-15T11:45:41.112+0000] {processor.py:829} INFO - Processing file /home/airflow/.local/lib/python3.8/site-packages/airflow/example_dags/example_branch_operator.py for tasks to queue
[2023-12-15T11:45:41.125+0000] {logging_mixin.py:154} INFO - [2023-12-15T11:45:41.123+0000] {dagbag.py:536} INFO - Filling up the DagBag from /home/airflow/.local/lib/python3.8/site-packages/airflow/example_dags/example_branch_operator.py
[2023-12-15T11:45:41.149+0000] {processor.py:839} INFO - DAG(s) dict_keys(['example_branch_operator']) retrieved from /home/airflow/.local/lib/python3.8/site-packages/airflow/example_dags/example_branch_operator.py
[2023-12-15T11:45:41.202+0000] {logging_mixin.py:154} INFO - [2023-12-15T11:45:41.201+0000] {dag.py:2941} INFO - Sync 1 DAGs
[2023-12-15T11:45:41.272+0000] {logging_mixin.py:154} INFO - [2023-12-15T11:45:41.272+0000] {dag.py:3722} INFO - Setting next_dagrun for example_branch_operator to 2023-12-14T00:00:00+00:00, run_after=2023-12-15T00:00:00+00:00
[2023-12-15T11:45:41.295+0000] {processor.py:179} INFO - Processing /home/airflow/.local/lib/python3.8/site-packages/airflow/example_dags/example_branch_operator.py took 0.209 seconds
[2023-12-15T11:46:12.540+0000] {processor.py:157} INFO - Started process (PID=976) to work on /home/airflow/.local/lib/python3.8/site-packages/airflow/example_dags/example_branch_operator.py
[2023-12-15T11:46:12.554+0000] {processor.py:829} INFO - Processing file /home/airflow/.local/lib/python3.8/site-packages/airflow/example_dags/example_branch_operator.py for tasks to queue
[2023-12-15T11:46:12.570+0000] {logging_mixin.py:154} INFO - [2023-12-15T11:46:12.569+0000] {dagbag.py:536} INFO - Filling up the DagBag from /home/airflow/.local/lib/python3.8/site-packages/airflow/example_dags/example_branch_operator.py
[2023-12-15T11:46:12.675+0000] {processor.py:839} INFO - DAG(s) dict_keys(['example_branch_operator']) retrieved from /home/airflow/.local/lib/python3.8/site-packages/airflow/example_dags/example_branch_operator.py
[2023-12-15T11:46:12.848+0000] {logging_mixin.py:154} INFO - [2023-12-15T11:46:12.848+0000] {dag.py:2941} INFO - Sync 1 DAGs
[2023-12-15T11:46:13.086+0000] {logging_mixin.py:154} INFO - [2023-12-15T11:46:13.084+0000] {dag.py:3722} INFO - Setting next_dagrun for example_branch_operator to 2023-12-14T00:00:00+00:00, run_after=2023-12-15T00:00:00+00:00
[2023-12-15T11:46:13.223+0000] {processor.py:179} INFO - Processing /home/airflow/.local/lib/python3.8/site-packages/airflow/example_dags/example_branch_operator.py took 0.775 seconds
[2023-12-15T11:46:43.763+0000] {processor.py:157} INFO - Started process (PID=1029) to work on /home/airflow/.local/lib/python3.8/site-packages/airflow/example_dags/example_branch_operator.py
[2023-12-15T11:46:43.766+0000] {processor.py:829} INFO - Processing file /home/airflow/.local/lib/python3.8/site-packages/airflow/example_dags/example_branch_operator.py for tasks to queue
[2023-12-15T11:46:43.775+0000] {logging_mixin.py:154} INFO - [2023-12-15T11:46:43.774+0000] {dagbag.py:536} INFO - Filling up the DagBag from /home/airflow/.local/lib/python3.8/site-packages/airflow/example_dags/example_branch_operator.py
[2023-12-15T11:46:43.815+0000] {processor.py:839} INFO - DAG(s) dict_keys(['example_branch_operator']) retrieved from /home/airflow/.local/lib/python3.8/site-packages/airflow/example_dags/example_branch_operator.py
[2023-12-15T11:46:43.972+0000] {logging_mixin.py:154} INFO - [2023-12-15T11:46:43.972+0000] {dag.py:2941} INFO - Sync 1 DAGs
[2023-12-15T11:46:44.044+0000] {logging_mixin.py:154} INFO - [2023-12-15T11:46:44.044+0000] {dag.py:3722} INFO - Setting next_dagrun for example_branch_operator to 2023-12-14T00:00:00+00:00, run_after=2023-12-15T00:00:00+00:00
[2023-12-15T11:46:46.004+0000] {processor.py:179} INFO - Processing /home/airflow/.local/lib/python3.8/site-packages/airflow/example_dags/example_branch_operator.py took 2.255 seconds
[2023-12-15T11:47:16.349+0000] {processor.py:157} INFO - Started process (PID=1084) to work on /home/airflow/.local/lib/python3.8/site-packages/airflow/example_dags/example_branch_operator.py
[2023-12-15T11:47:16.352+0000] {processor.py:829} INFO - Processing file /home/airflow/.local/lib/python3.8/site-packages/airflow/example_dags/example_branch_operator.py for tasks to queue
[2023-12-15T11:47:16.358+0000] {logging_mixin.py:154} INFO - [2023-12-15T11:47:16.357+0000] {dagbag.py:536} INFO - Filling up the DagBag from /home/airflow/.local/lib/python3.8/site-packages/airflow/example_dags/example_branch_operator.py
[2023-12-15T11:47:16.398+0000] {processor.py:839} INFO - DAG(s) dict_keys(['example_branch_operator']) retrieved from /home/airflow/.local/lib/python3.8/site-packages/airflow/example_dags/example_branch_operator.py
[2023-12-15T11:47:16.456+0000] {logging_mixin.py:154} INFO - [2023-12-15T11:47:16.456+0000] {dag.py:2941} INFO - Sync 1 DAGs
[2023-12-15T11:47:16.498+0000] {logging_mixin.py:154} INFO - [2023-12-15T11:47:16.498+0000] {dag.py:3722} INFO - Setting next_dagrun for example_branch_operator to 2023-12-14T00:00:00+00:00, run_after=2023-12-15T00:00:00+00:00
[2023-12-15T11:47:16.518+0000] {processor.py:179} INFO - Processing /home/airflow/.local/lib/python3.8/site-packages/airflow/example_dags/example_branch_operator.py took 0.197 seconds
[2023-12-15T11:47:47.038+0000] {processor.py:157} INFO - Started process (PID=1138) to work on /home/airflow/.local/lib/python3.8/site-packages/airflow/example_dags/example_branch_operator.py
[2023-12-15T11:47:47.045+0000] {processor.py:829} INFO - Processing file /home/airflow/.local/lib/python3.8/site-packages/airflow/example_dags/example_branch_operator.py for tasks to queue
[2023-12-15T11:47:47.064+0000] {logging_mixin.py:154} INFO - [2023-12-15T11:47:47.059+0000] {dagbag.py:536} INFO - Filling up the DagBag from /home/airflow/.local/lib/python3.8/site-packages/airflow/example_dags/example_branch_operator.py
[2023-12-15T11:47:47.110+0000] {processor.py:839} INFO - DAG(s) dict_keys(['example_branch_operator']) retrieved from /home/airflow/.local/lib/python3.8/site-packages/airflow/example_dags/example_branch_operator.py
[2023-12-15T11:47:47.152+0000] {logging_mixin.py:154} INFO - [2023-12-15T11:47:47.151+0000] {dag.py:2941} INFO - Sync 1 DAGs
[2023-12-15T11:47:47.221+0000] {logging_mixin.py:154} INFO - [2023-12-15T11:47:47.221+0000] {dag.py:3722} INFO - Setting next_dagrun for example_branch_operator to 2023-12-14T00:00:00+00:00, run_after=2023-12-15T00:00:00+00:00
[2023-12-15T11:47:47.344+0000] {processor.py:179} INFO - Processing /home/airflow/.local/lib/python3.8/site-packages/airflow/example_dags/example_branch_operator.py took 0.316 seconds
[2023-12-15T11:48:29.756+0000] {processor.py:157} INFO - Started process (PID=1197) to work on /home/airflow/.local/lib/python3.8/site-packages/airflow/example_dags/example_branch_operator.py
[2023-12-15T11:48:29.765+0000] {processor.py:829} INFO - Processing file /home/airflow/.local/lib/python3.8/site-packages/airflow/example_dags/example_branch_operator.py for tasks to queue
[2023-12-15T11:48:29.770+0000] {logging_mixin.py:154} INFO - [2023-12-15T11:48:29.769+0000] {dagbag.py:536} INFO - Filling up the DagBag from /home/airflow/.local/lib/python3.8/site-packages/airflow/example_dags/example_branch_operator.py
[2023-12-15T11:48:29.793+0000] {processor.py:839} INFO - DAG(s) dict_keys(['example_branch_operator']) retrieved from /home/airflow/.local/lib/python3.8/site-packages/airflow/example_dags/example_branch_operator.py
[2023-12-15T11:48:29.875+0000] {logging_mixin.py:154} INFO - [2023-12-15T11:48:29.875+0000] {dag.py:2941} INFO - Sync 1 DAGs
[2023-12-15T11:48:30.730+0000] {logging_mixin.py:154} INFO - [2023-12-15T11:48:30.729+0000] {dag.py:3722} INFO - Setting next_dagrun for example_branch_operator to 2023-12-14T00:00:00+00:00, run_after=2023-12-15T00:00:00+00:00
[2023-12-15T11:48:30.814+0000] {processor.py:179} INFO - Processing /home/airflow/.local/lib/python3.8/site-packages/airflow/example_dags/example_branch_operator.py took 1.073 seconds
[2023-12-15T11:49:01.340+0000] {processor.py:157} INFO - Started process (PID=1251) to work on /home/airflow/.local/lib/python3.8/site-packages/airflow/example_dags/example_branch_operator.py
[2023-12-15T11:49:01.354+0000] {processor.py:829} INFO - Processing file /home/airflow/.local/lib/python3.8/site-packages/airflow/example_dags/example_branch_operator.py for tasks to queue
[2023-12-15T11:49:01.362+0000] {logging_mixin.py:154} INFO - [2023-12-15T11:49:01.361+0000] {dagbag.py:536} INFO - Filling up the DagBag from /home/airflow/.local/lib/python3.8/site-packages/airflow/example_dags/example_branch_operator.py
[2023-12-15T11:49:01.402+0000] {processor.py:839} INFO - DAG(s) dict_keys(['example_branch_operator']) retrieved from /home/airflow/.local/lib/python3.8/site-packages/airflow/example_dags/example_branch_operator.py
[2023-12-15T11:49:01.528+0000] {logging_mixin.py:154} INFO - [2023-12-15T11:49:01.528+0000] {dag.py:2941} INFO - Sync 1 DAGs
[2023-12-15T11:49:01.583+0000] {logging_mixin.py:154} INFO - [2023-12-15T11:49:01.583+0000] {dag.py:3722} INFO - Setting next_dagrun for example_branch_operator to 2023-12-14T00:00:00+00:00, run_after=2023-12-15T00:00:00+00:00
[2023-12-15T11:49:01.605+0000] {processor.py:179} INFO - Processing /home/airflow/.local/lib/python3.8/site-packages/airflow/example_dags/example_branch_operator.py took 0.292 seconds
[2023-12-15T11:49:31.987+0000] {processor.py:157} INFO - Started process (PID=1305) to work on /home/airflow/.local/lib/python3.8/site-packages/airflow/example_dags/example_branch_operator.py
[2023-12-15T11:49:31.989+0000] {processor.py:829} INFO - Processing file /home/airflow/.local/lib/python3.8/site-packages/airflow/example_dags/example_branch_operator.py for tasks to queue
[2023-12-15T11:49:31.994+0000] {logging_mixin.py:154} INFO - [2023-12-15T11:49:31.994+0000] {dagbag.py:536} INFO - Filling up the DagBag from /home/airflow/.local/lib/python3.8/site-packages/airflow/example_dags/example_branch_operator.py
[2023-12-15T11:49:32.038+0000] {processor.py:839} INFO - DAG(s) dict_keys(['example_branch_operator']) retrieved from /home/airflow/.local/lib/python3.8/site-packages/airflow/example_dags/example_branch_operator.py
[2023-12-15T11:49:32.084+0000] {logging_mixin.py:154} INFO - [2023-12-15T11:49:32.084+0000] {dag.py:2941} INFO - Sync 1 DAGs
[2023-12-15T11:49:32.198+0000] {logging_mixin.py:154} INFO - [2023-12-15T11:49:32.197+0000] {dag.py:3722} INFO - Setting next_dagrun for example_branch_operator to 2023-12-14T00:00:00+00:00, run_after=2023-12-15T00:00:00+00:00
[2023-12-15T11:49:32.275+0000] {processor.py:179} INFO - Processing /home/airflow/.local/lib/python3.8/site-packages/airflow/example_dags/example_branch_operator.py took 0.293 seconds
[2023-12-15T11:50:05.010+0000] {processor.py:157} INFO - Started process (PID=1359) to work on /home/airflow/.local/lib/python3.8/site-packages/airflow/example_dags/example_branch_operator.py
[2023-12-15T11:50:05.012+0000] {processor.py:829} INFO - Processing file /home/airflow/.local/lib/python3.8/site-packages/airflow/example_dags/example_branch_operator.py for tasks to queue
[2023-12-15T11:50:05.015+0000] {logging_mixin.py:154} INFO - [2023-12-15T11:50:05.015+0000] {dagbag.py:536} INFO - Filling up the DagBag from /home/airflow/.local/lib/python3.8/site-packages/airflow/example_dags/example_branch_operator.py
[2023-12-15T11:50:05.079+0000] {processor.py:839} INFO - DAG(s) dict_keys(['example_branch_operator']) retrieved from /home/airflow/.local/lib/python3.8/site-packages/airflow/example_dags/example_branch_operator.py
[2023-12-15T11:50:05.178+0000] {logging_mixin.py:154} INFO - [2023-12-15T11:50:05.178+0000] {dag.py:2941} INFO - Sync 1 DAGs
[2023-12-15T11:50:05.926+0000] {logging_mixin.py:154} INFO - [2023-12-15T11:50:05.924+0000] {dag.py:3722} INFO - Setting next_dagrun for example_branch_operator to 2023-12-14T00:00:00+00:00, run_after=2023-12-15T00:00:00+00:00
[2023-12-15T11:50:05.982+0000] {processor.py:179} INFO - Processing /home/airflow/.local/lib/python3.8/site-packages/airflow/example_dags/example_branch_operator.py took 0.978 seconds
[2023-12-15T11:50:36.807+0000] {processor.py:157} INFO - Started process (PID=1412) to work on /home/airflow/.local/lib/python3.8/site-packages/airflow/example_dags/example_branch_operator.py
[2023-12-15T11:50:36.812+0000] {processor.py:829} INFO - Processing file /home/airflow/.local/lib/python3.8/site-packages/airflow/example_dags/example_branch_operator.py for tasks to queue
[2023-12-15T11:50:36.830+0000] {logging_mixin.py:154} INFO - [2023-12-15T11:50:36.829+0000] {dagbag.py:536} INFO - Filling up the DagBag from /home/airflow/.local/lib/python3.8/site-packages/airflow/example_dags/example_branch_operator.py
[2023-12-15T11:50:36.861+0000] {processor.py:839} INFO - DAG(s) dict_keys(['example_branch_operator']) retrieved from /home/airflow/.local/lib/python3.8/site-packages/airflow/example_dags/example_branch_operator.py
[2023-12-15T11:50:36.931+0000] {logging_mixin.py:154} INFO - [2023-12-15T11:50:36.931+0000] {dag.py:2941} INFO - Sync 1 DAGs
[2023-12-15T11:50:36.974+0000] {logging_mixin.py:154} INFO - [2023-12-15T11:50:36.973+0000] {dag.py:3722} INFO - Setting next_dagrun for example_branch_operator to 2023-12-14T00:00:00+00:00, run_after=2023-12-15T00:00:00+00:00
[2023-12-15T11:50:36.992+0000] {processor.py:179} INFO - Processing /home/airflow/.local/lib/python3.8/site-packages/airflow/example_dags/example_branch_operator.py took 0.193 seconds
[2023-12-15T11:51:17.547+0000] {processor.py:157} INFO - Started process (PID=1465) to work on /home/airflow/.local/lib/python3.8/site-packages/airflow/example_dags/example_branch_operator.py
[2023-12-15T11:51:17.549+0000] {processor.py:829} INFO - Processing file /home/airflow/.local/lib/python3.8/site-packages/airflow/example_dags/example_branch_operator.py for tasks to queue
[2023-12-15T11:51:17.551+0000] {logging_mixin.py:154} INFO - [2023-12-15T11:51:17.551+0000] {dagbag.py:536} INFO - Filling up the DagBag from /home/airflow/.local/lib/python3.8/site-packages/airflow/example_dags/example_branch_operator.py
[2023-12-15T11:51:17.637+0000] {processor.py:839} INFO - DAG(s) dict_keys(['example_branch_operator']) retrieved from /home/airflow/.local/lib/python3.8/site-packages/airflow/example_dags/example_branch_operator.py
[2023-12-15T11:51:18.752+0000] {logging_mixin.py:154} INFO - [2023-12-15T11:51:18.751+0000] {dag.py:2941} INFO - Sync 1 DAGs
[2023-12-15T11:51:18.795+0000] {logging_mixin.py:154} INFO - [2023-12-15T11:51:18.795+0000] {dag.py:3722} INFO - Setting next_dagrun for example_branch_operator to 2023-12-14T00:00:00+00:00, run_after=2023-12-15T00:00:00+00:00
[2023-12-15T11:51:18.838+0000] {processor.py:179} INFO - Processing /home/airflow/.local/lib/python3.8/site-packages/airflow/example_dags/example_branch_operator.py took 1.295 seconds
[2023-12-15T11:51:49.064+0000] {processor.py:157} INFO - Started process (PID=1518) to work on /home/airflow/.local/lib/python3.8/site-packages/airflow/example_dags/example_branch_operator.py
[2023-12-15T11:51:49.067+0000] {processor.py:829} INFO - Processing file /home/airflow/.local/lib/python3.8/site-packages/airflow/example_dags/example_branch_operator.py for tasks to queue
[2023-12-15T11:51:49.069+0000] {logging_mixin.py:154} INFO - [2023-12-15T11:51:49.069+0000] {dagbag.py:536} INFO - Filling up the DagBag from /home/airflow/.local/lib/python3.8/site-packages/airflow/example_dags/example_branch_operator.py
[2023-12-15T11:51:49.081+0000] {processor.py:839} INFO - DAG(s) dict_keys(['example_branch_operator']) retrieved from /home/airflow/.local/lib/python3.8/site-packages/airflow/example_dags/example_branch_operator.py
[2023-12-15T11:51:49.145+0000] {logging_mixin.py:154} INFO - [2023-12-15T11:51:49.145+0000] {dag.py:2941} INFO - Sync 1 DAGs
[2023-12-15T11:51:49.620+0000] {logging_mixin.py:154} INFO - [2023-12-15T11:51:49.620+0000] {dag.py:3722} INFO - Setting next_dagrun for example_branch_operator to 2023-12-14T00:00:00+00:00, run_after=2023-12-15T00:00:00+00:00
[2023-12-15T11:51:49.644+0000] {processor.py:179} INFO - Processing /home/airflow/.local/lib/python3.8/site-packages/airflow/example_dags/example_branch_operator.py took 0.584 seconds
[2023-12-15T11:52:23.804+0000] {processor.py:157} INFO - Started process (PID=1561) to work on /home/airflow/.local/lib/python3.8/site-packages/airflow/example_dags/example_branch_operator.py
[2023-12-15T11:52:23.806+0000] {processor.py:829} INFO - Processing file /home/airflow/.local/lib/python3.8/site-packages/airflow/example_dags/example_branch_operator.py for tasks to queue
[2023-12-15T11:52:23.821+0000] {logging_mixin.py:154} INFO - [2023-12-15T11:52:23.821+0000] {dagbag.py:536} INFO - Filling up the DagBag from /home/airflow/.local/lib/python3.8/site-packages/airflow/example_dags/example_branch_operator.py
[2023-12-15T11:52:24.387+0000] {processor.py:839} INFO - DAG(s) dict_keys(['example_branch_operator']) retrieved from /home/airflow/.local/lib/python3.8/site-packages/airflow/example_dags/example_branch_operator.py
[2023-12-15T11:52:24.507+0000] {logging_mixin.py:154} INFO - [2023-12-15T11:52:24.506+0000] {dag.py:2941} INFO - Sync 1 DAGs
[2023-12-15T11:52:24.567+0000] {logging_mixin.py:154} INFO - [2023-12-15T11:52:24.567+0000] {dag.py:3722} INFO - Setting next_dagrun for example_branch_operator to 2023-12-14T00:00:00+00:00, run_after=2023-12-15T00:00:00+00:00
[2023-12-15T11:52:24.630+0000] {processor.py:179} INFO - Processing /home/airflow/.local/lib/python3.8/site-packages/airflow/example_dags/example_branch_operator.py took 0.831 seconds
[2023-12-15T11:52:55.238+0000] {processor.py:157} INFO - Started process (PID=1615) to work on /home/airflow/.local/lib/python3.8/site-packages/airflow/example_dags/example_branch_operator.py
[2023-12-15T11:52:55.245+0000] {processor.py:829} INFO - Processing file /home/airflow/.local/lib/python3.8/site-packages/airflow/example_dags/example_branch_operator.py for tasks to queue
[2023-12-15T11:52:55.285+0000] {logging_mixin.py:154} INFO - [2023-12-15T11:52:55.280+0000] {dagbag.py:536} INFO - Filling up the DagBag from /home/airflow/.local/lib/python3.8/site-packages/airflow/example_dags/example_branch_operator.py
[2023-12-15T11:52:55.398+0000] {processor.py:839} INFO - DAG(s) dict_keys(['example_branch_operator']) retrieved from /home/airflow/.local/lib/python3.8/site-packages/airflow/example_dags/example_branch_operator.py
[2023-12-15T11:52:55.648+0000] {logging_mixin.py:154} INFO - [2023-12-15T11:52:55.647+0000] {dag.py:2941} INFO - Sync 1 DAGs
[2023-12-15T11:52:55.834+0000] {logging_mixin.py:154} INFO - [2023-12-15T11:52:55.832+0000] {dag.py:3722} INFO - Setting next_dagrun for example_branch_operator to 2023-12-14T00:00:00+00:00, run_after=2023-12-15T00:00:00+00:00
[2023-12-15T11:52:56.082+0000] {processor.py:179} INFO - Processing /home/airflow/.local/lib/python3.8/site-packages/airflow/example_dags/example_branch_operator.py took 0.855 seconds
[2023-12-15T11:53:26.513+0000] {processor.py:157} INFO - Started process (PID=1668) to work on /home/airflow/.local/lib/python3.8/site-packages/airflow/example_dags/example_branch_operator.py
[2023-12-15T11:53:26.523+0000] {processor.py:829} INFO - Processing file /home/airflow/.local/lib/python3.8/site-packages/airflow/example_dags/example_branch_operator.py for tasks to queue
[2023-12-15T11:53:26.535+0000] {logging_mixin.py:154} INFO - [2023-12-15T11:53:26.534+0000] {dagbag.py:536} INFO - Filling up the DagBag from /home/airflow/.local/lib/python3.8/site-packages/airflow/example_dags/example_branch_operator.py
[2023-12-15T11:53:26.570+0000] {processor.py:839} INFO - DAG(s) dict_keys(['example_branch_operator']) retrieved from /home/airflow/.local/lib/python3.8/site-packages/airflow/example_dags/example_branch_operator.py
[2023-12-15T11:53:26.646+0000] {logging_mixin.py:154} INFO - [2023-12-15T11:53:26.646+0000] {dag.py:2941} INFO - Sync 1 DAGs
[2023-12-15T11:53:26.689+0000] {logging_mixin.py:154} INFO - [2023-12-15T11:53:26.688+0000] {dag.py:3722} INFO - Setting next_dagrun for example_branch_operator to 2023-12-14T00:00:00+00:00, run_after=2023-12-15T00:00:00+00:00
[2023-12-15T11:53:26.714+0000] {processor.py:179} INFO - Processing /home/airflow/.local/lib/python3.8/site-packages/airflow/example_dags/example_branch_operator.py took 0.209 seconds
[2023-12-15T11:53:57.358+0000] {processor.py:157} INFO - Started process (PID=1722) to work on /home/airflow/.local/lib/python3.8/site-packages/airflow/example_dags/example_branch_operator.py
[2023-12-15T11:53:57.367+0000] {processor.py:829} INFO - Processing file /home/airflow/.local/lib/python3.8/site-packages/airflow/example_dags/example_branch_operator.py for tasks to queue
[2023-12-15T11:53:57.386+0000] {logging_mixin.py:154} INFO - [2023-12-15T11:53:57.380+0000] {dagbag.py:536} INFO - Filling up the DagBag from /home/airflow/.local/lib/python3.8/site-packages/airflow/example_dags/example_branch_operator.py
[2023-12-15T11:53:57.613+0000] {processor.py:839} INFO - DAG(s) dict_keys(['example_branch_operator']) retrieved from /home/airflow/.local/lib/python3.8/site-packages/airflow/example_dags/example_branch_operator.py
[2023-12-15T11:53:57.785+0000] {logging_mixin.py:154} INFO - [2023-12-15T11:53:57.780+0000] {dag.py:2941} INFO - Sync 1 DAGs
[2023-12-15T11:53:57.843+0000] {logging_mixin.py:154} INFO - [2023-12-15T11:53:57.843+0000] {dag.py:3722} INFO - Setting next_dagrun for example_branch_operator to 2023-12-14T00:00:00+00:00, run_after=2023-12-15T00:00:00+00:00
[2023-12-15T11:53:57.883+0000] {processor.py:179} INFO - Processing /home/airflow/.local/lib/python3.8/site-packages/airflow/example_dags/example_branch_operator.py took 0.539 seconds
[2023-12-15T11:54:28.681+0000] {processor.py:157} INFO - Started process (PID=1776) to work on /home/airflow/.local/lib/python3.8/site-packages/airflow/example_dags/example_branch_operator.py
[2023-12-15T11:54:28.685+0000] {processor.py:829} INFO - Processing file /home/airflow/.local/lib/python3.8/site-packages/airflow/example_dags/example_branch_operator.py for tasks to queue
[2023-12-15T11:54:28.693+0000] {logging_mixin.py:154} INFO - [2023-12-15T11:54:28.692+0000] {dagbag.py:536} INFO - Filling up the DagBag from /home/airflow/.local/lib/python3.8/site-packages/airflow/example_dags/example_branch_operator.py
[2023-12-15T11:54:28.744+0000] {processor.py:839} INFO - DAG(s) dict_keys(['example_branch_operator']) retrieved from /home/airflow/.local/lib/python3.8/site-packages/airflow/example_dags/example_branch_operator.py
[2023-12-15T11:54:28.801+0000] {logging_mixin.py:154} INFO - [2023-12-15T11:54:28.800+0000] {dag.py:2941} INFO - Sync 1 DAGs
[2023-12-15T11:54:28.832+0000] {logging_mixin.py:154} INFO - [2023-12-15T11:54:28.832+0000] {dag.py:3722} INFO - Setting next_dagrun for example_branch_operator to 2023-12-14T00:00:00+00:00, run_after=2023-12-15T00:00:00+00:00
[2023-12-15T11:54:28.849+0000] {processor.py:179} INFO - Processing /home/airflow/.local/lib/python3.8/site-packages/airflow/example_dags/example_branch_operator.py took 0.184 seconds
[2023-12-15T11:54:58.906+0000] {processor.py:157} INFO - Started process (PID=1830) to work on /home/airflow/.local/lib/python3.8/site-packages/airflow/example_dags/example_branch_operator.py
[2023-12-15T11:54:58.908+0000] {processor.py:829} INFO - Processing file /home/airflow/.local/lib/python3.8/site-packages/airflow/example_dags/example_branch_operator.py for tasks to queue
[2023-12-15T11:54:58.910+0000] {logging_mixin.py:154} INFO - [2023-12-15T11:54:58.910+0000] {dagbag.py:536} INFO - Filling up the DagBag from /home/airflow/.local/lib/python3.8/site-packages/airflow/example_dags/example_branch_operator.py
[2023-12-15T11:54:58.932+0000] {processor.py:839} INFO - DAG(s) dict_keys(['example_branch_operator']) retrieved from /home/airflow/.local/lib/python3.8/site-packages/airflow/example_dags/example_branch_operator.py
[2023-12-15T11:54:58.953+0000] {logging_mixin.py:154} INFO - [2023-12-15T11:54:58.953+0000] {dag.py:2941} INFO - Sync 1 DAGs
[2023-12-15T11:54:58.981+0000] {logging_mixin.py:154} INFO - [2023-12-15T11:54:58.981+0000] {dag.py:3722} INFO - Setting next_dagrun for example_branch_operator to 2023-12-14T00:00:00+00:00, run_after=2023-12-15T00:00:00+00:00
[2023-12-15T11:54:59.006+0000] {processor.py:179} INFO - Processing /home/airflow/.local/lib/python3.8/site-packages/airflow/example_dags/example_branch_operator.py took 0.104 seconds
[2023-12-15T11:55:30.391+0000] {processor.py:157} INFO - Started process (PID=1884) to work on /home/airflow/.local/lib/python3.8/site-packages/airflow/example_dags/example_branch_operator.py
[2023-12-15T11:55:30.401+0000] {processor.py:829} INFO - Processing file /home/airflow/.local/lib/python3.8/site-packages/airflow/example_dags/example_branch_operator.py for tasks to queue
[2023-12-15T11:55:30.405+0000] {logging_mixin.py:154} INFO - [2023-12-15T11:55:30.404+0000] {dagbag.py:536} INFO - Filling up the DagBag from /home/airflow/.local/lib/python3.8/site-packages/airflow/example_dags/example_branch_operator.py
[2023-12-15T11:55:30.452+0000] {processor.py:839} INFO - DAG(s) dict_keys(['example_branch_operator']) retrieved from /home/airflow/.local/lib/python3.8/site-packages/airflow/example_dags/example_branch_operator.py
[2023-12-15T11:55:30.504+0000] {logging_mixin.py:154} INFO - [2023-12-15T11:55:30.504+0000] {dag.py:2941} INFO - Sync 1 DAGs
[2023-12-15T11:55:30.530+0000] {logging_mixin.py:154} INFO - [2023-12-15T11:55:30.529+0000] {dag.py:3722} INFO - Setting next_dagrun for example_branch_operator to 2023-12-14T00:00:00+00:00, run_after=2023-12-15T00:00:00+00:00
[2023-12-15T11:55:30.554+0000] {processor.py:179} INFO - Processing /home/airflow/.local/lib/python3.8/site-packages/airflow/example_dags/example_branch_operator.py took 0.172 seconds
[2023-12-15T11:56:00.654+0000] {processor.py:157} INFO - Started process (PID=1939) to work on /home/airflow/.local/lib/python3.8/site-packages/airflow/example_dags/example_branch_operator.py
[2023-12-15T11:56:00.656+0000] {processor.py:829} INFO - Processing file /home/airflow/.local/lib/python3.8/site-packages/airflow/example_dags/example_branch_operator.py for tasks to queue
[2023-12-15T11:56:00.659+0000] {logging_mixin.py:154} INFO - [2023-12-15T11:56:00.659+0000] {dagbag.py:536} INFO - Filling up the DagBag from /home/airflow/.local/lib/python3.8/site-packages/airflow/example_dags/example_branch_operator.py
[2023-12-15T11:56:00.682+0000] {processor.py:839} INFO - DAG(s) dict_keys(['example_branch_operator']) retrieved from /home/airflow/.local/lib/python3.8/site-packages/airflow/example_dags/example_branch_operator.py
[2023-12-15T11:56:00.706+0000] {logging_mixin.py:154} INFO - [2023-12-15T11:56:00.705+0000] {dag.py:2941} INFO - Sync 1 DAGs
[2023-12-15T11:56:00.728+0000] {logging_mixin.py:154} INFO - [2023-12-15T11:56:00.728+0000] {dag.py:3722} INFO - Setting next_dagrun for example_branch_operator to 2023-12-14T00:00:00+00:00, run_after=2023-12-15T00:00:00+00:00
[2023-12-15T11:56:00.751+0000] {processor.py:179} INFO - Processing /home/airflow/.local/lib/python3.8/site-packages/airflow/example_dags/example_branch_operator.py took 0.102 seconds
[2023-12-15T11:56:30.930+0000] {processor.py:157} INFO - Started process (PID=1994) to work on /home/airflow/.local/lib/python3.8/site-packages/airflow/example_dags/example_branch_operator.py
[2023-12-15T11:56:30.932+0000] {processor.py:829} INFO - Processing file /home/airflow/.local/lib/python3.8/site-packages/airflow/example_dags/example_branch_operator.py for tasks to queue
[2023-12-15T11:56:30.934+0000] {logging_mixin.py:154} INFO - [2023-12-15T11:56:30.933+0000] {dagbag.py:536} INFO - Filling up the DagBag from /home/airflow/.local/lib/python3.8/site-packages/airflow/example_dags/example_branch_operator.py
[2023-12-15T11:56:30.951+0000] {processor.py:839} INFO - DAG(s) dict_keys(['example_branch_operator']) retrieved from /home/airflow/.local/lib/python3.8/site-packages/airflow/example_dags/example_branch_operator.py
[2023-12-15T11:56:31.010+0000] {logging_mixin.py:154} INFO - [2023-12-15T11:56:31.010+0000] {dag.py:2941} INFO - Sync 1 DAGs
[2023-12-15T11:56:31.114+0000] {logging_mixin.py:154} INFO - [2023-12-15T11:56:31.113+0000] {dag.py:3722} INFO - Setting next_dagrun for example_branch_operator to 2023-12-14T00:00:00+00:00, run_after=2023-12-15T00:00:00+00:00
[2023-12-15T11:56:31.167+0000] {processor.py:179} INFO - Processing /home/airflow/.local/lib/python3.8/site-packages/airflow/example_dags/example_branch_operator.py took 0.241 seconds
[2023-12-15T11:57:01.275+0000] {processor.py:157} INFO - Started process (PID=2048) to work on /home/airflow/.local/lib/python3.8/site-packages/airflow/example_dags/example_branch_operator.py
[2023-12-15T11:57:01.280+0000] {processor.py:829} INFO - Processing file /home/airflow/.local/lib/python3.8/site-packages/airflow/example_dags/example_branch_operator.py for tasks to queue
[2023-12-15T11:57:01.285+0000] {logging_mixin.py:154} INFO - [2023-12-15T11:57:01.285+0000] {dagbag.py:536} INFO - Filling up the DagBag from /home/airflow/.local/lib/python3.8/site-packages/airflow/example_dags/example_branch_operator.py
[2023-12-15T11:57:01.308+0000] {processor.py:839} INFO - DAG(s) dict_keys(['example_branch_operator']) retrieved from /home/airflow/.local/lib/python3.8/site-packages/airflow/example_dags/example_branch_operator.py
[2023-12-15T11:57:01.341+0000] {logging_mixin.py:154} INFO - [2023-12-15T11:57:01.341+0000] {dag.py:2941} INFO - Sync 1 DAGs
[2023-12-15T11:57:01.366+0000] {logging_mixin.py:154} INFO - [2023-12-15T11:57:01.366+0000] {dag.py:3722} INFO - Setting next_dagrun for example_branch_operator to 2023-12-14T00:00:00+00:00, run_after=2023-12-15T00:00:00+00:00
[2023-12-15T11:57:01.380+0000] {processor.py:179} INFO - Processing /home/airflow/.local/lib/python3.8/site-packages/airflow/example_dags/example_branch_operator.py took 0.110 seconds
[2023-12-15T11:57:32.370+0000] {processor.py:157} INFO - Started process (PID=2101) to work on /home/airflow/.local/lib/python3.8/site-packages/airflow/example_dags/example_branch_operator.py
[2023-12-15T11:57:32.375+0000] {processor.py:829} INFO - Processing file /home/airflow/.local/lib/python3.8/site-packages/airflow/example_dags/example_branch_operator.py for tasks to queue
[2023-12-15T11:57:32.383+0000] {logging_mixin.py:154} INFO - [2023-12-15T11:57:32.383+0000] {dagbag.py:536} INFO - Filling up the DagBag from /home/airflow/.local/lib/python3.8/site-packages/airflow/example_dags/example_branch_operator.py
[2023-12-15T11:57:32.417+0000] {processor.py:839} INFO - DAG(s) dict_keys(['example_branch_operator']) retrieved from /home/airflow/.local/lib/python3.8/site-packages/airflow/example_dags/example_branch_operator.py
[2023-12-15T11:57:32.468+0000] {logging_mixin.py:154} INFO - [2023-12-15T11:57:32.468+0000] {dag.py:2941} INFO - Sync 1 DAGs
[2023-12-15T11:57:32.519+0000] {logging_mixin.py:154} INFO - [2023-12-15T11:57:32.518+0000] {dag.py:3722} INFO - Setting next_dagrun for example_branch_operator to 2023-12-14T00:00:00+00:00, run_after=2023-12-15T00:00:00+00:00
[2023-12-15T11:57:32.551+0000] {processor.py:179} INFO - Processing /home/airflow/.local/lib/python3.8/site-packages/airflow/example_dags/example_branch_operator.py took 0.197 seconds
[2023-12-15T11:58:03.197+0000] {processor.py:157} INFO - Started process (PID=2153) to work on /home/airflow/.local/lib/python3.8/site-packages/airflow/example_dags/example_branch_operator.py
[2023-12-15T11:58:03.198+0000] {processor.py:829} INFO - Processing file /home/airflow/.local/lib/python3.8/site-packages/airflow/example_dags/example_branch_operator.py for tasks to queue
[2023-12-15T11:58:03.201+0000] {logging_mixin.py:154} INFO - [2023-12-15T11:58:03.201+0000] {dagbag.py:536} INFO - Filling up the DagBag from /home/airflow/.local/lib/python3.8/site-packages/airflow/example_dags/example_branch_operator.py
[2023-12-15T11:58:03.209+0000] {processor.py:839} INFO - DAG(s) dict_keys(['example_branch_operator']) retrieved from /home/airflow/.local/lib/python3.8/site-packages/airflow/example_dags/example_branch_operator.py
[2023-12-15T11:58:03.228+0000] {logging_mixin.py:154} INFO - [2023-12-15T11:58:03.228+0000] {dag.py:2941} INFO - Sync 1 DAGs
[2023-12-15T11:58:03.270+0000] {logging_mixin.py:154} INFO - [2023-12-15T11:58:03.269+0000] {dag.py:3722} INFO - Setting next_dagrun for example_branch_operator to 2023-12-14T00:00:00+00:00, run_after=2023-12-15T00:00:00+00:00
[2023-12-15T11:58:03.316+0000] {processor.py:179} INFO - Processing /home/airflow/.local/lib/python3.8/site-packages/airflow/example_dags/example_branch_operator.py took 0.121 seconds
[2023-12-15T11:58:33.777+0000] {processor.py:157} INFO - Started process (PID=2207) to work on /home/airflow/.local/lib/python3.8/site-packages/airflow/example_dags/example_branch_operator.py
[2023-12-15T11:58:33.778+0000] {processor.py:829} INFO - Processing file /home/airflow/.local/lib/python3.8/site-packages/airflow/example_dags/example_branch_operator.py for tasks to queue
[2023-12-15T11:58:33.784+0000] {logging_mixin.py:154} INFO - [2023-12-15T11:58:33.783+0000] {dagbag.py:536} INFO - Filling up the DagBag from /home/airflow/.local/lib/python3.8/site-packages/airflow/example_dags/example_branch_operator.py
[2023-12-15T11:58:33.802+0000] {processor.py:839} INFO - DAG(s) dict_keys(['example_branch_operator']) retrieved from /home/airflow/.local/lib/python3.8/site-packages/airflow/example_dags/example_branch_operator.py
[2023-12-15T11:58:33.848+0000] {logging_mixin.py:154} INFO - [2023-12-15T11:58:33.848+0000] {dag.py:2941} INFO - Sync 1 DAGs
[2023-12-15T11:58:33.881+0000] {logging_mixin.py:154} INFO - [2023-12-15T11:58:33.881+0000] {dag.py:3722} INFO - Setting next_dagrun for example_branch_operator to 2023-12-14T00:00:00+00:00, run_after=2023-12-15T00:00:00+00:00
[2023-12-15T11:58:33.909+0000] {processor.py:179} INFO - Processing /home/airflow/.local/lib/python3.8/site-packages/airflow/example_dags/example_branch_operator.py took 0.138 seconds
[2023-12-15T11:59:04.235+0000] {processor.py:157} INFO - Started process (PID=2260) to work on /home/airflow/.local/lib/python3.8/site-packages/airflow/example_dags/example_branch_operator.py
[2023-12-15T11:59:04.236+0000] {processor.py:829} INFO - Processing file /home/airflow/.local/lib/python3.8/site-packages/airflow/example_dags/example_branch_operator.py for tasks to queue
[2023-12-15T11:59:04.239+0000] {logging_mixin.py:154} INFO - [2023-12-15T11:59:04.238+0000] {dagbag.py:536} INFO - Filling up the DagBag from /home/airflow/.local/lib/python3.8/site-packages/airflow/example_dags/example_branch_operator.py
[2023-12-15T11:59:04.251+0000] {processor.py:839} INFO - DAG(s) dict_keys(['example_branch_operator']) retrieved from /home/airflow/.local/lib/python3.8/site-packages/airflow/example_dags/example_branch_operator.py
[2023-12-15T11:59:04.277+0000] {logging_mixin.py:154} INFO - [2023-12-15T11:59:04.277+0000] {dag.py:2941} INFO - Sync 1 DAGs
[2023-12-15T11:59:04.304+0000] {logging_mixin.py:154} INFO - [2023-12-15T11:59:04.303+0000] {dag.py:3722} INFO - Setting next_dagrun for example_branch_operator to 2023-12-14T00:00:00+00:00, run_after=2023-12-15T00:00:00+00:00
[2023-12-15T11:59:04.324+0000] {processor.py:179} INFO - Processing /home/airflow/.local/lib/python3.8/site-packages/airflow/example_dags/example_branch_operator.py took 0.092 seconds
[2023-12-15T11:59:34.551+0000] {processor.py:157} INFO - Started process (PID=2314) to work on /home/airflow/.local/lib/python3.8/site-packages/airflow/example_dags/example_branch_operator.py
[2023-12-15T11:59:34.552+0000] {processor.py:829} INFO - Processing file /home/airflow/.local/lib/python3.8/site-packages/airflow/example_dags/example_branch_operator.py for tasks to queue
[2023-12-15T11:59:34.555+0000] {logging_mixin.py:154} INFO - [2023-12-15T11:59:34.555+0000] {dagbag.py:536} INFO - Filling up the DagBag from /home/airflow/.local/lib/python3.8/site-packages/airflow/example_dags/example_branch_operator.py
[2023-12-15T11:59:34.568+0000] {processor.py:839} INFO - DAG(s) dict_keys(['example_branch_operator']) retrieved from /home/airflow/.local/lib/python3.8/site-packages/airflow/example_dags/example_branch_operator.py
[2023-12-15T11:59:34.593+0000] {logging_mixin.py:154} INFO - [2023-12-15T11:59:34.593+0000] {dag.py:2941} INFO - Sync 1 DAGs
[2023-12-15T11:59:34.613+0000] {logging_mixin.py:154} INFO - [2023-12-15T11:59:34.613+0000] {dag.py:3722} INFO - Setting next_dagrun for example_branch_operator to 2023-12-14T00:00:00+00:00, run_after=2023-12-15T00:00:00+00:00
[2023-12-15T11:59:34.638+0000] {processor.py:179} INFO - Processing /home/airflow/.local/lib/python3.8/site-packages/airflow/example_dags/example_branch_operator.py took 0.091 seconds
[2023-12-15T12:00:05.573+0000] {processor.py:157} INFO - Started process (PID=2367) to work on /home/airflow/.local/lib/python3.8/site-packages/airflow/example_dags/example_branch_operator.py
[2023-12-15T12:00:05.576+0000] {processor.py:829} INFO - Processing file /home/airflow/.local/lib/python3.8/site-packages/airflow/example_dags/example_branch_operator.py for tasks to queue
[2023-12-15T12:00:05.582+0000] {logging_mixin.py:154} INFO - [2023-12-15T12:00:05.581+0000] {dagbag.py:536} INFO - Filling up the DagBag from /home/airflow/.local/lib/python3.8/site-packages/airflow/example_dags/example_branch_operator.py
[2023-12-15T12:00:05.615+0000] {processor.py:839} INFO - DAG(s) dict_keys(['example_branch_operator']) retrieved from /home/airflow/.local/lib/python3.8/site-packages/airflow/example_dags/example_branch_operator.py
[2023-12-15T12:00:05.692+0000] {logging_mixin.py:154} INFO - [2023-12-15T12:00:05.692+0000] {dag.py:2941} INFO - Sync 1 DAGs
[2023-12-15T12:00:05.736+0000] {logging_mixin.py:154} INFO - [2023-12-15T12:00:05.736+0000] {dag.py:3722} INFO - Setting next_dagrun for example_branch_operator to 2023-12-14T00:00:00+00:00, run_after=2023-12-15T00:00:00+00:00
[2023-12-15T12:00:05.769+0000] {processor.py:179} INFO - Processing /home/airflow/.local/lib/python3.8/site-packages/airflow/example_dags/example_branch_operator.py took 0.202 seconds
[2023-12-15T12:00:36.889+0000] {processor.py:157} INFO - Started process (PID=2421) to work on /home/airflow/.local/lib/python3.8/site-packages/airflow/example_dags/example_branch_operator.py
[2023-12-15T12:00:36.897+0000] {processor.py:829} INFO - Processing file /home/airflow/.local/lib/python3.8/site-packages/airflow/example_dags/example_branch_operator.py for tasks to queue
[2023-12-15T12:00:36.899+0000] {logging_mixin.py:154} INFO - [2023-12-15T12:00:36.899+0000] {dagbag.py:536} INFO - Filling up the DagBag from /home/airflow/.local/lib/python3.8/site-packages/airflow/example_dags/example_branch_operator.py
[2023-12-15T12:00:36.920+0000] {processor.py:839} INFO - DAG(s) dict_keys(['example_branch_operator']) retrieved from /home/airflow/.local/lib/python3.8/site-packages/airflow/example_dags/example_branch_operator.py
[2023-12-15T12:00:36.948+0000] {logging_mixin.py:154} INFO - [2023-12-15T12:00:36.948+0000] {dag.py:2941} INFO - Sync 1 DAGs
[2023-12-15T12:00:36.981+0000] {logging_mixin.py:154} INFO - [2023-12-15T12:00:36.980+0000] {dag.py:3722} INFO - Setting next_dagrun for example_branch_operator to 2023-12-14T00:00:00+00:00, run_after=2023-12-15T00:00:00+00:00
[2023-12-15T12:00:36.999+0000] {processor.py:179} INFO - Processing /home/airflow/.local/lib/python3.8/site-packages/airflow/example_dags/example_branch_operator.py took 0.112 seconds
[2023-12-15T12:01:08.235+0000] {processor.py:157} INFO - Started process (PID=2475) to work on /home/airflow/.local/lib/python3.8/site-packages/airflow/example_dags/example_branch_operator.py
[2023-12-15T12:01:08.248+0000] {processor.py:829} INFO - Processing file /home/airflow/.local/lib/python3.8/site-packages/airflow/example_dags/example_branch_operator.py for tasks to queue
[2023-12-15T12:01:08.273+0000] {logging_mixin.py:154} INFO - [2023-12-15T12:01:08.272+0000] {dagbag.py:536} INFO - Filling up the DagBag from /home/airflow/.local/lib/python3.8/site-packages/airflow/example_dags/example_branch_operator.py
[2023-12-15T12:01:08.314+0000] {processor.py:839} INFO - DAG(s) dict_keys(['example_branch_operator']) retrieved from /home/airflow/.local/lib/python3.8/site-packages/airflow/example_dags/example_branch_operator.py
[2023-12-15T12:01:08.373+0000] {logging_mixin.py:154} INFO - [2023-12-15T12:01:08.373+0000] {dag.py:2941} INFO - Sync 1 DAGs
[2023-12-15T12:01:08.443+0000] {logging_mixin.py:154} INFO - [2023-12-15T12:01:08.442+0000] {dag.py:3722} INFO - Setting next_dagrun for example_branch_operator to 2023-12-14T00:00:00+00:00, run_after=2023-12-15T00:00:00+00:00
[2023-12-15T12:01:08.483+0000] {processor.py:179} INFO - Processing /home/airflow/.local/lib/python3.8/site-packages/airflow/example_dags/example_branch_operator.py took 0.264 seconds
[2023-12-15T12:01:38.973+0000] {processor.py:157} INFO - Started process (PID=2529) to work on /home/airflow/.local/lib/python3.8/site-packages/airflow/example_dags/example_branch_operator.py
[2023-12-15T12:01:38.982+0000] {processor.py:829} INFO - Processing file /home/airflow/.local/lib/python3.8/site-packages/airflow/example_dags/example_branch_operator.py for tasks to queue
[2023-12-15T12:01:38.990+0000] {logging_mixin.py:154} INFO - [2023-12-15T12:01:38.990+0000] {dagbag.py:536} INFO - Filling up the DagBag from /home/airflow/.local/lib/python3.8/site-packages/airflow/example_dags/example_branch_operator.py
[2023-12-15T12:01:39.027+0000] {processor.py:839} INFO - DAG(s) dict_keys(['example_branch_operator']) retrieved from /home/airflow/.local/lib/python3.8/site-packages/airflow/example_dags/example_branch_operator.py
[2023-12-15T12:01:39.173+0000] {logging_mixin.py:154} INFO - [2023-12-15T12:01:39.173+0000] {dag.py:2941} INFO - Sync 1 DAGs
[2023-12-15T12:01:39.218+0000] {logging_mixin.py:154} INFO - [2023-12-15T12:01:39.217+0000] {dag.py:3722} INFO - Setting next_dagrun for example_branch_operator to 2023-12-14T00:00:00+00:00, run_after=2023-12-15T00:00:00+00:00
[2023-12-15T12:01:39.266+0000] {processor.py:179} INFO - Processing /home/airflow/.local/lib/python3.8/site-packages/airflow/example_dags/example_branch_operator.py took 0.299 seconds
[2023-12-15T12:02:09.684+0000] {processor.py:157} INFO - Started process (PID=2583) to work on /home/airflow/.local/lib/python3.8/site-packages/airflow/example_dags/example_branch_operator.py
[2023-12-15T12:02:09.689+0000] {processor.py:829} INFO - Processing file /home/airflow/.local/lib/python3.8/site-packages/airflow/example_dags/example_branch_operator.py for tasks to queue
[2023-12-15T12:02:09.692+0000] {logging_mixin.py:154} INFO - [2023-12-15T12:02:09.692+0000] {dagbag.py:536} INFO - Filling up the DagBag from /home/airflow/.local/lib/python3.8/site-packages/airflow/example_dags/example_branch_operator.py
[2023-12-15T12:02:09.703+0000] {processor.py:839} INFO - DAG(s) dict_keys(['example_branch_operator']) retrieved from /home/airflow/.local/lib/python3.8/site-packages/airflow/example_dags/example_branch_operator.py
[2023-12-15T12:02:09.732+0000] {logging_mixin.py:154} INFO - [2023-12-15T12:02:09.732+0000] {dag.py:2941} INFO - Sync 1 DAGs
[2023-12-15T12:02:09.748+0000] {logging_mixin.py:154} INFO - [2023-12-15T12:02:09.748+0000] {dag.py:3722} INFO - Setting next_dagrun for example_branch_operator to 2023-12-14T00:00:00+00:00, run_after=2023-12-15T00:00:00+00:00
[2023-12-15T12:02:09.765+0000] {processor.py:179} INFO - Processing /home/airflow/.local/lib/python3.8/site-packages/airflow/example_dags/example_branch_operator.py took 0.087 seconds
[2023-12-15T12:02:40.745+0000] {processor.py:157} INFO - Started process (PID=2637) to work on /home/airflow/.local/lib/python3.8/site-packages/airflow/example_dags/example_branch_operator.py
[2023-12-15T12:02:40.748+0000] {processor.py:829} INFO - Processing file /home/airflow/.local/lib/python3.8/site-packages/airflow/example_dags/example_branch_operator.py for tasks to queue
[2023-12-15T12:02:40.752+0000] {logging_mixin.py:154} INFO - [2023-12-15T12:02:40.751+0000] {dagbag.py:536} INFO - Filling up the DagBag from /home/airflow/.local/lib/python3.8/site-packages/airflow/example_dags/example_branch_operator.py
[2023-12-15T12:02:40.802+0000] {processor.py:839} INFO - DAG(s) dict_keys(['example_branch_operator']) retrieved from /home/airflow/.local/lib/python3.8/site-packages/airflow/example_dags/example_branch_operator.py
[2023-12-15T12:02:40.866+0000] {logging_mixin.py:154} INFO - [2023-12-15T12:02:40.866+0000] {dag.py:2941} INFO - Sync 1 DAGs
[2023-12-15T12:02:40.906+0000] {logging_mixin.py:154} INFO - [2023-12-15T12:02:40.906+0000] {dag.py:3722} INFO - Setting next_dagrun for example_branch_operator to 2023-12-14T00:00:00+00:00, run_after=2023-12-15T00:00:00+00:00
[2023-12-15T12:02:40.932+0000] {processor.py:179} INFO - Processing /home/airflow/.local/lib/python3.8/site-packages/airflow/example_dags/example_branch_operator.py took 0.194 seconds
[2023-12-15T12:03:11.877+0000] {processor.py:157} INFO - Started process (PID=2691) to work on /home/airflow/.local/lib/python3.8/site-packages/airflow/example_dags/example_branch_operator.py
[2023-12-15T12:03:11.879+0000] {processor.py:829} INFO - Processing file /home/airflow/.local/lib/python3.8/site-packages/airflow/example_dags/example_branch_operator.py for tasks to queue
[2023-12-15T12:03:11.884+0000] {logging_mixin.py:154} INFO - [2023-12-15T12:03:11.883+0000] {dagbag.py:536} INFO - Filling up the DagBag from /home/airflow/.local/lib/python3.8/site-packages/airflow/example_dags/example_branch_operator.py
[2023-12-15T12:03:11.902+0000] {processor.py:839} INFO - DAG(s) dict_keys(['example_branch_operator']) retrieved from /home/airflow/.local/lib/python3.8/site-packages/airflow/example_dags/example_branch_operator.py
[2023-12-15T12:03:11.933+0000] {logging_mixin.py:154} INFO - [2023-12-15T12:03:11.933+0000] {dag.py:2941} INFO - Sync 1 DAGs
[2023-12-15T12:03:11.965+0000] {logging_mixin.py:154} INFO - [2023-12-15T12:03:11.965+0000] {dag.py:3722} INFO - Setting next_dagrun for example_branch_operator to 2023-12-14T00:00:00+00:00, run_after=2023-12-15T00:00:00+00:00
[2023-12-15T12:03:11.993+0000] {processor.py:179} INFO - Processing /home/airflow/.local/lib/python3.8/site-packages/airflow/example_dags/example_branch_operator.py took 0.122 seconds
[2023-12-15T12:03:43.073+0000] {processor.py:157} INFO - Started process (PID=2745) to work on /home/airflow/.local/lib/python3.8/site-packages/airflow/example_dags/example_branch_operator.py
[2023-12-15T12:03:43.078+0000] {processor.py:829} INFO - Processing file /home/airflow/.local/lib/python3.8/site-packages/airflow/example_dags/example_branch_operator.py for tasks to queue
[2023-12-15T12:03:43.083+0000] {logging_mixin.py:154} INFO - [2023-12-15T12:03:43.083+0000] {dagbag.py:536} INFO - Filling up the DagBag from /home/airflow/.local/lib/python3.8/site-packages/airflow/example_dags/example_branch_operator.py
[2023-12-15T12:03:43.111+0000] {processor.py:839} INFO - DAG(s) dict_keys(['example_branch_operator']) retrieved from /home/airflow/.local/lib/python3.8/site-packages/airflow/example_dags/example_branch_operator.py
[2023-12-15T12:03:43.192+0000] {logging_mixin.py:154} INFO - [2023-12-15T12:03:43.192+0000] {dag.py:2941} INFO - Sync 1 DAGs
[2023-12-15T12:03:43.274+0000] {logging_mixin.py:154} INFO - [2023-12-15T12:03:43.274+0000] {dag.py:3722} INFO - Setting next_dagrun for example_branch_operator to 2023-12-14T00:00:00+00:00, run_after=2023-12-15T00:00:00+00:00
[2023-12-15T12:03:43.316+0000] {processor.py:179} INFO - Processing /home/airflow/.local/lib/python3.8/site-packages/airflow/example_dags/example_branch_operator.py took 0.281 seconds
[2023-12-15T12:04:13.902+0000] {processor.py:157} INFO - Started process (PID=2799) to work on /home/airflow/.local/lib/python3.8/site-packages/airflow/example_dags/example_branch_operator.py
[2023-12-15T12:04:13.908+0000] {processor.py:829} INFO - Processing file /home/airflow/.local/lib/python3.8/site-packages/airflow/example_dags/example_branch_operator.py for tasks to queue
[2023-12-15T12:04:13.912+0000] {logging_mixin.py:154} INFO - [2023-12-15T12:04:13.912+0000] {dagbag.py:536} INFO - Filling up the DagBag from /home/airflow/.local/lib/python3.8/site-packages/airflow/example_dags/example_branch_operator.py
[2023-12-15T12:04:13.946+0000] {processor.py:839} INFO - DAG(s) dict_keys(['example_branch_operator']) retrieved from /home/airflow/.local/lib/python3.8/site-packages/airflow/example_dags/example_branch_operator.py
[2023-12-15T12:04:14.008+0000] {logging_mixin.py:154} INFO - [2023-12-15T12:04:14.007+0000] {dag.py:2941} INFO - Sync 1 DAGs
[2023-12-15T12:04:14.129+0000] {logging_mixin.py:154} INFO - [2023-12-15T12:04:14.129+0000] {dag.py:3722} INFO - Setting next_dagrun for example_branch_operator to 2023-12-14T00:00:00+00:00, run_after=2023-12-15T00:00:00+00:00
[2023-12-15T12:04:14.189+0000] {processor.py:179} INFO - Processing /home/airflow/.local/lib/python3.8/site-packages/airflow/example_dags/example_branch_operator.py took 0.292 seconds
[2023-12-15T12:04:45.406+0000] {processor.py:157} INFO - Started process (PID=2853) to work on /home/airflow/.local/lib/python3.8/site-packages/airflow/example_dags/example_branch_operator.py
[2023-12-15T12:04:45.408+0000] {processor.py:829} INFO - Processing file /home/airflow/.local/lib/python3.8/site-packages/airflow/example_dags/example_branch_operator.py for tasks to queue
[2023-12-15T12:04:45.427+0000] {logging_mixin.py:154} INFO - [2023-12-15T12:04:45.425+0000] {dagbag.py:536} INFO - Filling up the DagBag from /home/airflow/.local/lib/python3.8/site-packages/airflow/example_dags/example_branch_operator.py
[2023-12-15T12:04:45.452+0000] {processor.py:839} INFO - DAG(s) dict_keys(['example_branch_operator']) retrieved from /home/airflow/.local/lib/python3.8/site-packages/airflow/example_dags/example_branch_operator.py
[2023-12-15T12:04:45.519+0000] {logging_mixin.py:154} INFO - [2023-12-15T12:04:45.519+0000] {dag.py:2941} INFO - Sync 1 DAGs
[2023-12-15T12:04:45.562+0000] {logging_mixin.py:154} INFO - [2023-12-15T12:04:45.562+0000] {dag.py:3722} INFO - Setting next_dagrun for example_branch_operator to 2023-12-14T00:00:00+00:00, run_after=2023-12-15T00:00:00+00:00
[2023-12-15T12:04:45.606+0000] {processor.py:179} INFO - Processing /home/airflow/.local/lib/python3.8/site-packages/airflow/example_dags/example_branch_operator.py took 0.213 seconds
[2023-12-15T12:05:16.398+0000] {processor.py:157} INFO - Started process (PID=2907) to work on /home/airflow/.local/lib/python3.8/site-packages/airflow/example_dags/example_branch_operator.py
[2023-12-15T12:05:16.410+0000] {processor.py:829} INFO - Processing file /home/airflow/.local/lib/python3.8/site-packages/airflow/example_dags/example_branch_operator.py for tasks to queue
[2023-12-15T12:05:16.423+0000] {logging_mixin.py:154} INFO - [2023-12-15T12:05:16.423+0000] {dagbag.py:536} INFO - Filling up the DagBag from /home/airflow/.local/lib/python3.8/site-packages/airflow/example_dags/example_branch_operator.py
[2023-12-15T12:05:16.504+0000] {processor.py:839} INFO - DAG(s) dict_keys(['example_branch_operator']) retrieved from /home/airflow/.local/lib/python3.8/site-packages/airflow/example_dags/example_branch_operator.py
[2023-12-15T12:05:16.891+0000] {logging_mixin.py:154} INFO - [2023-12-15T12:05:16.879+0000] {dag.py:2941} INFO - Sync 1 DAGs
[2023-12-15T12:05:17.082+0000] {logging_mixin.py:154} INFO - [2023-12-15T12:05:17.082+0000] {dag.py:3722} INFO - Setting next_dagrun for example_branch_operator to 2023-12-14T00:00:00+00:00, run_after=2023-12-15T00:00:00+00:00
[2023-12-15T12:05:17.200+0000] {processor.py:179} INFO - Processing /home/airflow/.local/lib/python3.8/site-packages/airflow/example_dags/example_branch_operator.py took 0.818 seconds
[2023-12-15T12:05:49.354+0000] {processor.py:157} INFO - Started process (PID=2960) to work on /home/airflow/.local/lib/python3.8/site-packages/airflow/example_dags/example_branch_operator.py
[2023-12-15T12:05:49.358+0000] {processor.py:829} INFO - Processing file /home/airflow/.local/lib/python3.8/site-packages/airflow/example_dags/example_branch_operator.py for tasks to queue
[2023-12-15T12:05:49.363+0000] {logging_mixin.py:154} INFO - [2023-12-15T12:05:49.363+0000] {dagbag.py:536} INFO - Filling up the DagBag from /home/airflow/.local/lib/python3.8/site-packages/airflow/example_dags/example_branch_operator.py
[2023-12-15T12:05:49.405+0000] {processor.py:839} INFO - DAG(s) dict_keys(['example_branch_operator']) retrieved from /home/airflow/.local/lib/python3.8/site-packages/airflow/example_dags/example_branch_operator.py
[2023-12-15T12:05:49.448+0000] {logging_mixin.py:154} INFO - [2023-12-15T12:05:49.448+0000] {dag.py:2941} INFO - Sync 1 DAGs
[2023-12-15T12:05:49.497+0000] {logging_mixin.py:154} INFO - [2023-12-15T12:05:49.497+0000] {dag.py:3722} INFO - Setting next_dagrun for example_branch_operator to 2023-12-14T00:00:00+00:00, run_after=2023-12-15T00:00:00+00:00
[2023-12-15T12:05:49.550+0000] {processor.py:179} INFO - Processing /home/airflow/.local/lib/python3.8/site-packages/airflow/example_dags/example_branch_operator.py took 0.205 seconds
[2023-12-15T12:06:19.638+0000] {processor.py:157} INFO - Started process (PID=3013) to work on /home/airflow/.local/lib/python3.8/site-packages/airflow/example_dags/example_branch_operator.py
[2023-12-15T12:06:19.644+0000] {processor.py:829} INFO - Processing file /home/airflow/.local/lib/python3.8/site-packages/airflow/example_dags/example_branch_operator.py for tasks to queue
[2023-12-15T12:06:19.654+0000] {logging_mixin.py:154} INFO - [2023-12-15T12:06:19.653+0000] {dagbag.py:536} INFO - Filling up the DagBag from /home/airflow/.local/lib/python3.8/site-packages/airflow/example_dags/example_branch_operator.py
[2023-12-15T12:06:19.695+0000] {processor.py:839} INFO - DAG(s) dict_keys(['example_branch_operator']) retrieved from /home/airflow/.local/lib/python3.8/site-packages/airflow/example_dags/example_branch_operator.py
[2023-12-15T12:06:19.839+0000] {logging_mixin.py:154} INFO - [2023-12-15T12:06:19.838+0000] {dag.py:2941} INFO - Sync 1 DAGs
[2023-12-15T12:06:19.952+0000] {logging_mixin.py:154} INFO - [2023-12-15T12:06:19.951+0000] {dag.py:3722} INFO - Setting next_dagrun for example_branch_operator to 2023-12-14T00:00:00+00:00, run_after=2023-12-15T00:00:00+00:00
[2023-12-15T12:06:20.031+0000] {processor.py:179} INFO - Processing /home/airflow/.local/lib/python3.8/site-packages/airflow/example_dags/example_branch_operator.py took 0.400 seconds
[2023-12-15T12:06:50.514+0000] {processor.py:157} INFO - Started process (PID=3065) to work on /home/airflow/.local/lib/python3.8/site-packages/airflow/example_dags/example_branch_operator.py
[2023-12-15T12:06:50.517+0000] {processor.py:829} INFO - Processing file /home/airflow/.local/lib/python3.8/site-packages/airflow/example_dags/example_branch_operator.py for tasks to queue
[2023-12-15T12:06:50.526+0000] {logging_mixin.py:154} INFO - [2023-12-15T12:06:50.526+0000] {dagbag.py:536} INFO - Filling up the DagBag from /home/airflow/.local/lib/python3.8/site-packages/airflow/example_dags/example_branch_operator.py
[2023-12-15T12:06:50.555+0000] {processor.py:839} INFO - DAG(s) dict_keys(['example_branch_operator']) retrieved from /home/airflow/.local/lib/python3.8/site-packages/airflow/example_dags/example_branch_operator.py
[2023-12-15T12:06:50.674+0000] {logging_mixin.py:154} INFO - [2023-12-15T12:06:50.673+0000] {dag.py:2941} INFO - Sync 1 DAGs
[2023-12-15T12:06:50.722+0000] {logging_mixin.py:154} INFO - [2023-12-15T12:06:50.722+0000] {dag.py:3722} INFO - Setting next_dagrun for example_branch_operator to 2023-12-14T00:00:00+00:00, run_after=2023-12-15T00:00:00+00:00
[2023-12-15T12:06:50.746+0000] {processor.py:179} INFO - Processing /home/airflow/.local/lib/python3.8/site-packages/airflow/example_dags/example_branch_operator.py took 0.236 seconds
[2023-12-15T12:07:21.430+0000] {processor.py:157} INFO - Started process (PID=3118) to work on /home/airflow/.local/lib/python3.8/site-packages/airflow/example_dags/example_branch_operator.py
[2023-12-15T12:07:21.432+0000] {processor.py:829} INFO - Processing file /home/airflow/.local/lib/python3.8/site-packages/airflow/example_dags/example_branch_operator.py for tasks to queue
[2023-12-15T12:07:21.438+0000] {logging_mixin.py:154} INFO - [2023-12-15T12:07:21.437+0000] {dagbag.py:536} INFO - Filling up the DagBag from /home/airflow/.local/lib/python3.8/site-packages/airflow/example_dags/example_branch_operator.py
[2023-12-15T12:07:21.473+0000] {processor.py:839} INFO - DAG(s) dict_keys(['example_branch_operator']) retrieved from /home/airflow/.local/lib/python3.8/site-packages/airflow/example_dags/example_branch_operator.py
[2023-12-15T12:07:21.518+0000] {logging_mixin.py:154} INFO - [2023-12-15T12:07:21.518+0000] {dag.py:2941} INFO - Sync 1 DAGs
[2023-12-15T12:07:21.562+0000] {logging_mixin.py:154} INFO - [2023-12-15T12:07:21.561+0000] {dag.py:3722} INFO - Setting next_dagrun for example_branch_operator to 2023-12-14T00:00:00+00:00, run_after=2023-12-15T00:00:00+00:00
[2023-12-15T12:07:21.592+0000] {processor.py:179} INFO - Processing /home/airflow/.local/lib/python3.8/site-packages/airflow/example_dags/example_branch_operator.py took 0.167 seconds
[2023-12-15T12:07:52.588+0000] {processor.py:157} INFO - Started process (PID=3172) to work on /home/airflow/.local/lib/python3.8/site-packages/airflow/example_dags/example_branch_operator.py
[2023-12-15T12:07:52.589+0000] {processor.py:829} INFO - Processing file /home/airflow/.local/lib/python3.8/site-packages/airflow/example_dags/example_branch_operator.py for tasks to queue
[2023-12-15T12:07:52.607+0000] {logging_mixin.py:154} INFO - [2023-12-15T12:07:52.602+0000] {dagbag.py:536} INFO - Filling up the DagBag from /home/airflow/.local/lib/python3.8/site-packages/airflow/example_dags/example_branch_operator.py
[2023-12-15T12:07:52.625+0000] {processor.py:839} INFO - DAG(s) dict_keys(['example_branch_operator']) retrieved from /home/airflow/.local/lib/python3.8/site-packages/airflow/example_dags/example_branch_operator.py
[2023-12-15T12:07:52.677+0000] {logging_mixin.py:154} INFO - [2023-12-15T12:07:52.677+0000] {dag.py:2941} INFO - Sync 1 DAGs
[2023-12-15T12:07:52.744+0000] {logging_mixin.py:154} INFO - [2023-12-15T12:07:52.744+0000] {dag.py:3722} INFO - Setting next_dagrun for example_branch_operator to 2023-12-14T00:00:00+00:00, run_after=2023-12-15T00:00:00+00:00
[2023-12-15T12:07:52.780+0000] {processor.py:179} INFO - Processing /home/airflow/.local/lib/python3.8/site-packages/airflow/example_dags/example_branch_operator.py took 0.202 seconds
[2023-12-15T12:08:23.491+0000] {processor.py:157} INFO - Started process (PID=3226) to work on /home/airflow/.local/lib/python3.8/site-packages/airflow/example_dags/example_branch_operator.py
[2023-12-15T12:08:23.494+0000] {processor.py:829} INFO - Processing file /home/airflow/.local/lib/python3.8/site-packages/airflow/example_dags/example_branch_operator.py for tasks to queue
[2023-12-15T12:08:23.516+0000] {logging_mixin.py:154} INFO - [2023-12-15T12:08:23.516+0000] {dagbag.py:536} INFO - Filling up the DagBag from /home/airflow/.local/lib/python3.8/site-packages/airflow/example_dags/example_branch_operator.py
[2023-12-15T12:08:23.583+0000] {processor.py:839} INFO - DAG(s) dict_keys(['example_branch_operator']) retrieved from /home/airflow/.local/lib/python3.8/site-packages/airflow/example_dags/example_branch_operator.py
[2023-12-15T12:08:23.742+0000] {logging_mixin.py:154} INFO - [2023-12-15T12:08:23.742+0000] {dag.py:2941} INFO - Sync 1 DAGs
[2023-12-15T12:08:23.795+0000] {logging_mixin.py:154} INFO - [2023-12-15T12:08:23.795+0000] {dag.py:3722} INFO - Setting next_dagrun for example_branch_operator to 2023-12-14T00:00:00+00:00, run_after=2023-12-15T00:00:00+00:00
[2023-12-15T12:08:23.824+0000] {processor.py:179} INFO - Processing /home/airflow/.local/lib/python3.8/site-packages/airflow/example_dags/example_branch_operator.py took 0.362 seconds
[2023-12-15T12:08:58.227+0000] {processor.py:157} INFO - Started process (PID=3280) to work on /home/airflow/.local/lib/python3.8/site-packages/airflow/example_dags/example_branch_operator.py
[2023-12-15T12:08:58.230+0000] {processor.py:829} INFO - Processing file /home/airflow/.local/lib/python3.8/site-packages/airflow/example_dags/example_branch_operator.py for tasks to queue
[2023-12-15T12:08:58.252+0000] {logging_mixin.py:154} INFO - [2023-12-15T12:08:58.252+0000] {dagbag.py:536} INFO - Filling up the DagBag from /home/airflow/.local/lib/python3.8/site-packages/airflow/example_dags/example_branch_operator.py
[2023-12-15T12:08:58.309+0000] {processor.py:839} INFO - DAG(s) dict_keys(['example_branch_operator']) retrieved from /home/airflow/.local/lib/python3.8/site-packages/airflow/example_dags/example_branch_operator.py
[2023-12-15T12:08:58.385+0000] {logging_mixin.py:154} INFO - [2023-12-15T12:08:58.384+0000] {dag.py:2941} INFO - Sync 1 DAGs
[2023-12-15T12:08:58.447+0000] {logging_mixin.py:154} INFO - [2023-12-15T12:08:58.447+0000] {dag.py:3722} INFO - Setting next_dagrun for example_branch_operator to 2023-12-14T00:00:00+00:00, run_after=2023-12-15T00:00:00+00:00
[2023-12-15T12:08:58.472+0000] {processor.py:179} INFO - Processing /home/airflow/.local/lib/python3.8/site-packages/airflow/example_dags/example_branch_operator.py took 0.262 seconds
[2023-12-15T12:09:28.499+0000] {processor.py:157} INFO - Started process (PID=3334) to work on /home/airflow/.local/lib/python3.8/site-packages/airflow/example_dags/example_branch_operator.py
[2023-12-15T12:09:28.501+0000] {processor.py:829} INFO - Processing file /home/airflow/.local/lib/python3.8/site-packages/airflow/example_dags/example_branch_operator.py for tasks to queue
[2023-12-15T12:09:28.503+0000] {logging_mixin.py:154} INFO - [2023-12-15T12:09:28.503+0000] {dagbag.py:536} INFO - Filling up the DagBag from /home/airflow/.local/lib/python3.8/site-packages/airflow/example_dags/example_branch_operator.py
[2023-12-15T12:09:28.518+0000] {processor.py:839} INFO - DAG(s) dict_keys(['example_branch_operator']) retrieved from /home/airflow/.local/lib/python3.8/site-packages/airflow/example_dags/example_branch_operator.py
[2023-12-15T12:09:28.551+0000] {logging_mixin.py:154} INFO - [2023-12-15T12:09:28.551+0000] {dag.py:2941} INFO - Sync 1 DAGs
[2023-12-15T12:09:28.580+0000] {logging_mixin.py:154} INFO - [2023-12-15T12:09:28.580+0000] {dag.py:3722} INFO - Setting next_dagrun for example_branch_operator to 2023-12-14T00:00:00+00:00, run_after=2023-12-15T00:00:00+00:00
[2023-12-15T12:09:28.605+0000] {processor.py:179} INFO - Processing /home/airflow/.local/lib/python3.8/site-packages/airflow/example_dags/example_branch_operator.py took 0.109 seconds
[2023-12-15T12:10:00.640+0000] {processor.py:157} INFO - Started process (PID=3390) to work on /home/airflow/.local/lib/python3.8/site-packages/airflow/example_dags/example_branch_operator.py
[2023-12-15T12:10:00.643+0000] {processor.py:829} INFO - Processing file /home/airflow/.local/lib/python3.8/site-packages/airflow/example_dags/example_branch_operator.py for tasks to queue
[2023-12-15T12:10:00.647+0000] {logging_mixin.py:154} INFO - [2023-12-15T12:10:00.646+0000] {dagbag.py:536} INFO - Filling up the DagBag from /home/airflow/.local/lib/python3.8/site-packages/airflow/example_dags/example_branch_operator.py
[2023-12-15T12:10:00.663+0000] {processor.py:839} INFO - DAG(s) dict_keys(['example_branch_operator']) retrieved from /home/airflow/.local/lib/python3.8/site-packages/airflow/example_dags/example_branch_operator.py
[2023-12-15T12:10:00.710+0000] {logging_mixin.py:154} INFO - [2023-12-15T12:10:00.709+0000] {dag.py:2941} INFO - Sync 1 DAGs
[2023-12-15T12:10:00.744+0000] {logging_mixin.py:154} INFO - [2023-12-15T12:10:00.744+0000] {dag.py:3722} INFO - Setting next_dagrun for example_branch_operator to 2023-12-14T00:00:00+00:00, run_after=2023-12-15T00:00:00+00:00
[2023-12-15T12:10:00.761+0000] {processor.py:179} INFO - Processing /home/airflow/.local/lib/python3.8/site-packages/airflow/example_dags/example_branch_operator.py took 0.124 seconds
