[2023-12-15T11:36:55.432+0000] {processor.py:157} INFO - Started process (PID=54) to work on /home/airflow/.local/lib/python3.8/site-packages/airflow/example_dags/example_task_group.py
[2023-12-15T11:36:55.450+0000] {processor.py:829} INFO - Processing file /home/airflow/.local/lib/python3.8/site-packages/airflow/example_dags/example_task_group.py for tasks to queue
[2023-12-15T11:36:55.492+0000] {logging_mixin.py:154} INFO - [2023-12-15T11:36:55.489+0000] {dagbag.py:536} INFO - Filling up the DagBag from /home/airflow/.local/lib/python3.8/site-packages/airflow/example_dags/example_task_group.py
[2023-12-15T11:36:55.602+0000] {processor.py:839} INFO - DAG(s) dict_keys(['example_task_group']) retrieved from /home/airflow/.local/lib/python3.8/site-packages/airflow/example_dags/example_task_group.py
[2023-12-15T11:36:55.754+0000] {logging_mixin.py:154} INFO - [2023-12-15T11:36:55.754+0000] {dag.py:2941} INFO - Sync 1 DAGs
[2023-12-15T11:36:55.840+0000] {logging_mixin.py:154} INFO - [2023-12-15T11:36:55.839+0000] {dag.py:3722} INFO - Setting next_dagrun for example_task_group to 2023-12-14T11:36:55.838089+00:00, run_after=2023-12-15T11:36:55.838089+00:00
[2023-12-15T11:36:55.894+0000] {processor.py:179} INFO - Processing /home/airflow/.local/lib/python3.8/site-packages/airflow/example_dags/example_task_group.py took 0.527 seconds
[2023-12-15T11:37:26.183+0000] {processor.py:157} INFO - Started process (PID=108) to work on /home/airflow/.local/lib/python3.8/site-packages/airflow/example_dags/example_task_group.py
[2023-12-15T11:37:26.185+0000] {processor.py:829} INFO - Processing file /home/airflow/.local/lib/python3.8/site-packages/airflow/example_dags/example_task_group.py for tasks to queue
[2023-12-15T11:37:26.186+0000] {logging_mixin.py:154} INFO - [2023-12-15T11:37:26.186+0000] {dagbag.py:536} INFO - Filling up the DagBag from /home/airflow/.local/lib/python3.8/site-packages/airflow/example_dags/example_task_group.py
[2023-12-15T11:37:26.195+0000] {processor.py:839} INFO - DAG(s) dict_keys(['example_task_group']) retrieved from /home/airflow/.local/lib/python3.8/site-packages/airflow/example_dags/example_task_group.py
[2023-12-15T11:37:26.235+0000] {logging_mixin.py:154} INFO - [2023-12-15T11:37:26.234+0000] {dag.py:2941} INFO - Sync 1 DAGs
[2023-12-15T11:37:26.253+0000] {logging_mixin.py:154} INFO - [2023-12-15T11:37:26.253+0000] {dag.py:3722} INFO - Setting next_dagrun for example_task_group to 2023-12-14T11:37:26.253258+00:00, run_after=2023-12-15T11:37:26.253258+00:00
[2023-12-15T11:37:26.265+0000] {processor.py:179} INFO - Processing /home/airflow/.local/lib/python3.8/site-packages/airflow/example_dags/example_task_group.py took 0.089 seconds
[2023-12-15T11:37:57.307+0000] {processor.py:157} INFO - Started process (PID=162) to work on /home/airflow/.local/lib/python3.8/site-packages/airflow/example_dags/example_task_group.py
[2023-12-15T11:37:57.307+0000] {processor.py:829} INFO - Processing file /home/airflow/.local/lib/python3.8/site-packages/airflow/example_dags/example_task_group.py for tasks to queue
[2023-12-15T11:37:57.310+0000] {logging_mixin.py:154} INFO - [2023-12-15T11:37:57.309+0000] {dagbag.py:536} INFO - Filling up the DagBag from /home/airflow/.local/lib/python3.8/site-packages/airflow/example_dags/example_task_group.py
[2023-12-15T11:37:57.320+0000] {processor.py:839} INFO - DAG(s) dict_keys(['example_task_group']) retrieved from /home/airflow/.local/lib/python3.8/site-packages/airflow/example_dags/example_task_group.py
[2023-12-15T11:37:57.344+0000] {logging_mixin.py:154} INFO - [2023-12-15T11:37:57.344+0000] {dag.py:2941} INFO - Sync 1 DAGs
[2023-12-15T11:37:57.361+0000] {logging_mixin.py:154} INFO - [2023-12-15T11:37:57.361+0000] {dag.py:3722} INFO - Setting next_dagrun for example_task_group to 2023-12-14T11:37:57.361250+00:00, run_after=2023-12-15T11:37:57.361250+00:00
[2023-12-15T11:37:57.376+0000] {processor.py:179} INFO - Processing /home/airflow/.local/lib/python3.8/site-packages/airflow/example_dags/example_task_group.py took 0.072 seconds
[2023-12-15T11:38:29.048+0000] {processor.py:157} INFO - Started process (PID=216) to work on /home/airflow/.local/lib/python3.8/site-packages/airflow/example_dags/example_task_group.py
[2023-12-15T11:38:29.057+0000] {processor.py:829} INFO - Processing file /home/airflow/.local/lib/python3.8/site-packages/airflow/example_dags/example_task_group.py for tasks to queue
[2023-12-15T11:38:29.070+0000] {logging_mixin.py:154} INFO - [2023-12-15T11:38:29.068+0000] {dagbag.py:536} INFO - Filling up the DagBag from /home/airflow/.local/lib/python3.8/site-packages/airflow/example_dags/example_task_group.py
[2023-12-15T11:38:29.086+0000] {processor.py:839} INFO - DAG(s) dict_keys(['example_task_group']) retrieved from /home/airflow/.local/lib/python3.8/site-packages/airflow/example_dags/example_task_group.py
[2023-12-15T11:38:29.171+0000] {logging_mixin.py:154} INFO - [2023-12-15T11:38:29.169+0000] {dag.py:2941} INFO - Sync 1 DAGs
[2023-12-15T11:38:29.218+0000] {logging_mixin.py:154} INFO - [2023-12-15T11:38:29.217+0000] {dag.py:3722} INFO - Setting next_dagrun for example_task_group to 2023-12-14T11:38:29.217266+00:00, run_after=2023-12-15T11:38:29.217266+00:00
[2023-12-15T11:38:29.254+0000] {processor.py:179} INFO - Processing /home/airflow/.local/lib/python3.8/site-packages/airflow/example_dags/example_task_group.py took 0.222 seconds
[2023-12-15T11:39:03.816+0000] {processor.py:157} INFO - Started process (PID=276) to work on /home/airflow/.local/lib/python3.8/site-packages/airflow/example_dags/example_task_group.py
[2023-12-15T11:39:03.819+0000] {processor.py:829} INFO - Processing file /home/airflow/.local/lib/python3.8/site-packages/airflow/example_dags/example_task_group.py for tasks to queue
[2023-12-15T11:39:03.823+0000] {logging_mixin.py:154} INFO - [2023-12-15T11:39:03.823+0000] {dagbag.py:536} INFO - Filling up the DagBag from /home/airflow/.local/lib/python3.8/site-packages/airflow/example_dags/example_task_group.py
[2023-12-15T11:39:03.831+0000] {processor.py:839} INFO - DAG(s) dict_keys(['example_task_group']) retrieved from /home/airflow/.local/lib/python3.8/site-packages/airflow/example_dags/example_task_group.py
[2023-12-15T11:39:03.868+0000] {logging_mixin.py:154} INFO - [2023-12-15T11:39:03.868+0000] {dag.py:2941} INFO - Sync 1 DAGs
[2023-12-15T11:39:03.899+0000] {logging_mixin.py:154} INFO - [2023-12-15T11:39:03.898+0000] {dag.py:3722} INFO - Setting next_dagrun for example_task_group to 2023-12-14T11:39:03.898596+00:00, run_after=2023-12-15T11:39:03.898596+00:00
[2023-12-15T11:39:03.912+0000] {processor.py:179} INFO - Processing /home/airflow/.local/lib/python3.8/site-packages/airflow/example_dags/example_task_group.py took 0.101 seconds
[2023-12-15T11:39:37.805+0000] {processor.py:157} INFO - Started process (PID=328) to work on /home/airflow/.local/lib/python3.8/site-packages/airflow/example_dags/example_task_group.py
[2023-12-15T11:39:37.811+0000] {processor.py:829} INFO - Processing file /home/airflow/.local/lib/python3.8/site-packages/airflow/example_dags/example_task_group.py for tasks to queue
[2023-12-15T11:39:37.815+0000] {logging_mixin.py:154} INFO - [2023-12-15T11:39:37.814+0000] {dagbag.py:536} INFO - Filling up the DagBag from /home/airflow/.local/lib/python3.8/site-packages/airflow/example_dags/example_task_group.py
[2023-12-15T11:39:37.835+0000] {processor.py:839} INFO - DAG(s) dict_keys(['example_task_group']) retrieved from /home/airflow/.local/lib/python3.8/site-packages/airflow/example_dags/example_task_group.py
[2023-12-15T11:39:37.880+0000] {logging_mixin.py:154} INFO - [2023-12-15T11:39:37.880+0000] {dag.py:2941} INFO - Sync 1 DAGs
[2023-12-15T11:39:37.917+0000] {logging_mixin.py:154} INFO - [2023-12-15T11:39:37.917+0000] {dag.py:3722} INFO - Setting next_dagrun for example_task_group to 2023-12-14T11:39:37.917051+00:00, run_after=2023-12-15T11:39:37.917051+00:00
[2023-12-15T11:39:37.931+0000] {processor.py:179} INFO - Processing /home/airflow/.local/lib/python3.8/site-packages/airflow/example_dags/example_task_group.py took 0.168 seconds
[2023-12-15T11:40:09.804+0000] {processor.py:157} INFO - Started process (PID=382) to work on /home/airflow/.local/lib/python3.8/site-packages/airflow/example_dags/example_task_group.py
[2023-12-15T11:40:09.814+0000] {processor.py:829} INFO - Processing file /home/airflow/.local/lib/python3.8/site-packages/airflow/example_dags/example_task_group.py for tasks to queue
[2023-12-15T11:40:09.817+0000] {logging_mixin.py:154} INFO - [2023-12-15T11:40:09.817+0000] {dagbag.py:536} INFO - Filling up the DagBag from /home/airflow/.local/lib/python3.8/site-packages/airflow/example_dags/example_task_group.py
[2023-12-15T11:40:09.831+0000] {processor.py:839} INFO - DAG(s) dict_keys(['example_task_group']) retrieved from /home/airflow/.local/lib/python3.8/site-packages/airflow/example_dags/example_task_group.py
[2023-12-15T11:40:09.888+0000] {logging_mixin.py:154} INFO - [2023-12-15T11:40:09.887+0000] {dag.py:2941} INFO - Sync 1 DAGs
[2023-12-15T11:40:09.963+0000] {logging_mixin.py:154} INFO - [2023-12-15T11:40:09.963+0000] {dag.py:3722} INFO - Setting next_dagrun for example_task_group to 2023-12-14T11:40:09.963248+00:00, run_after=2023-12-15T11:40:09.963248+00:00
[2023-12-15T11:40:10.325+0000] {processor.py:179} INFO - Processing /home/airflow/.local/lib/python3.8/site-packages/airflow/example_dags/example_task_group.py took 0.525 seconds
[2023-12-15T11:40:41.016+0000] {processor.py:157} INFO - Started process (PID=436) to work on /home/airflow/.local/lib/python3.8/site-packages/airflow/example_dags/example_task_group.py
[2023-12-15T11:40:41.021+0000] {processor.py:829} INFO - Processing file /home/airflow/.local/lib/python3.8/site-packages/airflow/example_dags/example_task_group.py for tasks to queue
[2023-12-15T11:40:41.031+0000] {logging_mixin.py:154} INFO - [2023-12-15T11:40:41.030+0000] {dagbag.py:536} INFO - Filling up the DagBag from /home/airflow/.local/lib/python3.8/site-packages/airflow/example_dags/example_task_group.py
[2023-12-15T11:40:41.053+0000] {processor.py:839} INFO - DAG(s) dict_keys(['example_task_group']) retrieved from /home/airflow/.local/lib/python3.8/site-packages/airflow/example_dags/example_task_group.py
[2023-12-15T11:40:41.124+0000] {logging_mixin.py:154} INFO - [2023-12-15T11:40:41.123+0000] {dag.py:2941} INFO - Sync 1 DAGs
[2023-12-15T11:40:41.186+0000] {logging_mixin.py:154} INFO - [2023-12-15T11:40:41.186+0000] {dag.py:3722} INFO - Setting next_dagrun for example_task_group to 2023-12-14T11:40:41.186168+00:00, run_after=2023-12-15T11:40:41.186168+00:00
[2023-12-15T11:40:41.253+0000] {processor.py:179} INFO - Processing /home/airflow/.local/lib/python3.8/site-packages/airflow/example_dags/example_task_group.py took 0.241 seconds
[2023-12-15T11:41:11.566+0000] {processor.py:157} INFO - Started process (PID=490) to work on /home/airflow/.local/lib/python3.8/site-packages/airflow/example_dags/example_task_group.py
[2023-12-15T11:41:11.571+0000] {processor.py:829} INFO - Processing file /home/airflow/.local/lib/python3.8/site-packages/airflow/example_dags/example_task_group.py for tasks to queue
[2023-12-15T11:41:11.581+0000] {logging_mixin.py:154} INFO - [2023-12-15T11:41:11.581+0000] {dagbag.py:536} INFO - Filling up the DagBag from /home/airflow/.local/lib/python3.8/site-packages/airflow/example_dags/example_task_group.py
[2023-12-15T11:41:11.598+0000] {processor.py:839} INFO - DAG(s) dict_keys(['example_task_group']) retrieved from /home/airflow/.local/lib/python3.8/site-packages/airflow/example_dags/example_task_group.py
[2023-12-15T11:41:11.652+0000] {logging_mixin.py:154} INFO - [2023-12-15T11:41:11.652+0000] {dag.py:2941} INFO - Sync 1 DAGs
[2023-12-15T11:41:11.682+0000] {logging_mixin.py:154} INFO - [2023-12-15T11:41:11.682+0000] {dag.py:3722} INFO - Setting next_dagrun for example_task_group to 2023-12-14T11:41:11.682332+00:00, run_after=2023-12-15T11:41:11.682332+00:00
[2023-12-15T11:41:11.709+0000] {processor.py:179} INFO - Processing /home/airflow/.local/lib/python3.8/site-packages/airflow/example_dags/example_task_group.py took 0.149 seconds
[2023-12-15T11:41:48.656+0000] {processor.py:157} INFO - Started process (PID=544) to work on /home/airflow/.local/lib/python3.8/site-packages/airflow/example_dags/example_task_group.py
[2023-12-15T11:41:48.662+0000] {processor.py:829} INFO - Processing file /home/airflow/.local/lib/python3.8/site-packages/airflow/example_dags/example_task_group.py for tasks to queue
[2023-12-15T11:41:48.666+0000] {logging_mixin.py:154} INFO - [2023-12-15T11:41:48.666+0000] {dagbag.py:536} INFO - Filling up the DagBag from /home/airflow/.local/lib/python3.8/site-packages/airflow/example_dags/example_task_group.py
[2023-12-15T11:41:48.682+0000] {processor.py:839} INFO - DAG(s) dict_keys(['example_task_group']) retrieved from /home/airflow/.local/lib/python3.8/site-packages/airflow/example_dags/example_task_group.py
[2023-12-15T11:41:48.703+0000] {logging_mixin.py:154} INFO - [2023-12-15T11:41:48.703+0000] {dag.py:2941} INFO - Sync 1 DAGs
[2023-12-15T11:41:48.727+0000] {logging_mixin.py:154} INFO - [2023-12-15T11:41:48.727+0000] {dag.py:3722} INFO - Setting next_dagrun for example_task_group to 2023-12-14T11:41:48.727531+00:00, run_after=2023-12-15T11:41:48.727531+00:00
[2023-12-15T11:41:48.738+0000] {processor.py:179} INFO - Processing /home/airflow/.local/lib/python3.8/site-packages/airflow/example_dags/example_task_group.py took 0.094 seconds
[2023-12-15T11:42:21.320+0000] {processor.py:157} INFO - Started process (PID=599) to work on /home/airflow/.local/lib/python3.8/site-packages/airflow/example_dags/example_task_group.py
[2023-12-15T11:42:21.325+0000] {processor.py:829} INFO - Processing file /home/airflow/.local/lib/python3.8/site-packages/airflow/example_dags/example_task_group.py for tasks to queue
[2023-12-15T11:42:21.330+0000] {logging_mixin.py:154} INFO - [2023-12-15T11:42:21.330+0000] {dagbag.py:536} INFO - Filling up the DagBag from /home/airflow/.local/lib/python3.8/site-packages/airflow/example_dags/example_task_group.py
[2023-12-15T11:42:21.343+0000] {processor.py:839} INFO - DAG(s) dict_keys(['example_task_group']) retrieved from /home/airflow/.local/lib/python3.8/site-packages/airflow/example_dags/example_task_group.py
[2023-12-15T11:42:21.397+0000] {logging_mixin.py:154} INFO - [2023-12-15T11:42:21.396+0000] {dag.py:2941} INFO - Sync 1 DAGs
[2023-12-15T11:42:21.443+0000] {logging_mixin.py:154} INFO - [2023-12-15T11:42:21.443+0000] {dag.py:3722} INFO - Setting next_dagrun for example_task_group to 2023-12-14T11:42:21.443231+00:00, run_after=2023-12-15T11:42:21.443231+00:00
[2023-12-15T11:42:21.461+0000] {processor.py:179} INFO - Processing /home/airflow/.local/lib/python3.8/site-packages/airflow/example_dags/example_task_group.py took 0.145 seconds
[2023-12-15T11:43:03.017+0000] {processor.py:157} INFO - Started process (PID=654) to work on /home/airflow/.local/lib/python3.8/site-packages/airflow/example_dags/example_task_group.py
[2023-12-15T11:43:03.020+0000] {processor.py:829} INFO - Processing file /home/airflow/.local/lib/python3.8/site-packages/airflow/example_dags/example_task_group.py for tasks to queue
[2023-12-15T11:43:03.024+0000] {logging_mixin.py:154} INFO - [2023-12-15T11:43:03.023+0000] {dagbag.py:536} INFO - Filling up the DagBag from /home/airflow/.local/lib/python3.8/site-packages/airflow/example_dags/example_task_group.py
[2023-12-15T11:43:03.035+0000] {processor.py:839} INFO - DAG(s) dict_keys(['example_task_group']) retrieved from /home/airflow/.local/lib/python3.8/site-packages/airflow/example_dags/example_task_group.py
[2023-12-15T11:43:03.086+0000] {logging_mixin.py:154} INFO - [2023-12-15T11:43:03.086+0000] {dag.py:2941} INFO - Sync 1 DAGs
[2023-12-15T11:43:03.119+0000] {logging_mixin.py:154} INFO - [2023-12-15T11:43:03.119+0000] {dag.py:3722} INFO - Setting next_dagrun for example_task_group to 2023-12-14T11:43:03.118739+00:00, run_after=2023-12-15T11:43:03.118739+00:00
[2023-12-15T11:43:03.179+0000] {processor.py:179} INFO - Processing /home/airflow/.local/lib/python3.8/site-packages/airflow/example_dags/example_task_group.py took 0.169 seconds
[2023-12-15T11:43:36.674+0000] {processor.py:157} INFO - Started process (PID=708) to work on /home/airflow/.local/lib/python3.8/site-packages/airflow/example_dags/example_task_group.py
[2023-12-15T11:43:36.679+0000] {processor.py:829} INFO - Processing file /home/airflow/.local/lib/python3.8/site-packages/airflow/example_dags/example_task_group.py for tasks to queue
[2023-12-15T11:43:36.691+0000] {logging_mixin.py:154} INFO - [2023-12-15T11:43:36.690+0000] {dagbag.py:536} INFO - Filling up the DagBag from /home/airflow/.local/lib/python3.8/site-packages/airflow/example_dags/example_task_group.py
[2023-12-15T11:43:36.707+0000] {processor.py:839} INFO - DAG(s) dict_keys(['example_task_group']) retrieved from /home/airflow/.local/lib/python3.8/site-packages/airflow/example_dags/example_task_group.py
[2023-12-15T11:43:36.787+0000] {logging_mixin.py:154} INFO - [2023-12-15T11:43:36.786+0000] {dag.py:2941} INFO - Sync 1 DAGs
[2023-12-15T11:43:36.843+0000] {logging_mixin.py:154} INFO - [2023-12-15T11:43:36.843+0000] {dag.py:3722} INFO - Setting next_dagrun for example_task_group to 2023-12-14T11:43:36.842458+00:00, run_after=2023-12-15T11:43:36.842458+00:00
[2023-12-15T11:43:36.920+0000] {processor.py:179} INFO - Processing /home/airflow/.local/lib/python3.8/site-packages/airflow/example_dags/example_task_group.py took 0.255 seconds
[2023-12-15T11:44:07.152+0000] {processor.py:157} INFO - Started process (PID=760) to work on /home/airflow/.local/lib/python3.8/site-packages/airflow/example_dags/example_task_group.py
[2023-12-15T11:44:07.155+0000] {processor.py:829} INFO - Processing file /home/airflow/.local/lib/python3.8/site-packages/airflow/example_dags/example_task_group.py for tasks to queue
[2023-12-15T11:44:07.162+0000] {logging_mixin.py:154} INFO - [2023-12-15T11:44:07.162+0000] {dagbag.py:536} INFO - Filling up the DagBag from /home/airflow/.local/lib/python3.8/site-packages/airflow/example_dags/example_task_group.py
[2023-12-15T11:44:07.179+0000] {processor.py:839} INFO - DAG(s) dict_keys(['example_task_group']) retrieved from /home/airflow/.local/lib/python3.8/site-packages/airflow/example_dags/example_task_group.py
[2023-12-15T11:44:07.249+0000] {logging_mixin.py:154} INFO - [2023-12-15T11:44:07.249+0000] {dag.py:2941} INFO - Sync 1 DAGs
[2023-12-15T11:44:07.270+0000] {logging_mixin.py:154} INFO - [2023-12-15T11:44:07.270+0000] {dag.py:3722} INFO - Setting next_dagrun for example_task_group to 2023-12-14T11:44:07.270071+00:00, run_after=2023-12-15T11:44:07.270071+00:00
[2023-12-15T11:44:07.289+0000] {processor.py:179} INFO - Processing /home/airflow/.local/lib/python3.8/site-packages/airflow/example_dags/example_task_group.py took 0.144 seconds
[2023-12-15T11:44:37.579+0000] {processor.py:157} INFO - Started process (PID=813) to work on /home/airflow/.local/lib/python3.8/site-packages/airflow/example_dags/example_task_group.py
[2023-12-15T11:44:37.581+0000] {processor.py:829} INFO - Processing file /home/airflow/.local/lib/python3.8/site-packages/airflow/example_dags/example_task_group.py for tasks to queue
[2023-12-15T11:44:37.583+0000] {logging_mixin.py:154} INFO - [2023-12-15T11:44:37.583+0000] {dagbag.py:536} INFO - Filling up the DagBag from /home/airflow/.local/lib/python3.8/site-packages/airflow/example_dags/example_task_group.py
[2023-12-15T11:44:37.598+0000] {processor.py:839} INFO - DAG(s) dict_keys(['example_task_group']) retrieved from /home/airflow/.local/lib/python3.8/site-packages/airflow/example_dags/example_task_group.py
[2023-12-15T11:44:37.635+0000] {logging_mixin.py:154} INFO - [2023-12-15T11:44:37.635+0000] {dag.py:2941} INFO - Sync 1 DAGs
[2023-12-15T11:44:37.652+0000] {logging_mixin.py:154} INFO - [2023-12-15T11:44:37.652+0000] {dag.py:3722} INFO - Setting next_dagrun for example_task_group to 2023-12-14T11:44:37.652533+00:00, run_after=2023-12-15T11:44:37.652533+00:00
[2023-12-15T11:44:37.661+0000] {processor.py:179} INFO - Processing /home/airflow/.local/lib/python3.8/site-packages/airflow/example_dags/example_task_group.py took 0.087 seconds
[2023-12-15T11:45:07.924+0000] {processor.py:157} INFO - Started process (PID=867) to work on /home/airflow/.local/lib/python3.8/site-packages/airflow/example_dags/example_task_group.py
[2023-12-15T11:45:07.926+0000] {processor.py:829} INFO - Processing file /home/airflow/.local/lib/python3.8/site-packages/airflow/example_dags/example_task_group.py for tasks to queue
[2023-12-15T11:45:07.928+0000] {logging_mixin.py:154} INFO - [2023-12-15T11:45:07.928+0000] {dagbag.py:536} INFO - Filling up the DagBag from /home/airflow/.local/lib/python3.8/site-packages/airflow/example_dags/example_task_group.py
[2023-12-15T11:45:07.939+0000] {processor.py:839} INFO - DAG(s) dict_keys(['example_task_group']) retrieved from /home/airflow/.local/lib/python3.8/site-packages/airflow/example_dags/example_task_group.py
[2023-12-15T11:45:07.993+0000] {logging_mixin.py:154} INFO - [2023-12-15T11:45:07.993+0000] {dag.py:2941} INFO - Sync 1 DAGs
[2023-12-15T11:45:08.034+0000] {logging_mixin.py:154} INFO - [2023-12-15T11:45:08.034+0000] {dag.py:3722} INFO - Setting next_dagrun for example_task_group to 2023-12-14T11:45:08.033996+00:00, run_after=2023-12-15T11:45:08.033996+00:00
[2023-12-15T11:45:08.083+0000] {processor.py:179} INFO - Processing /home/airflow/.local/lib/python3.8/site-packages/airflow/example_dags/example_task_group.py took 0.163 seconds
[2023-12-15T11:45:38.811+0000] {processor.py:157} INFO - Started process (PID=921) to work on /home/airflow/.local/lib/python3.8/site-packages/airflow/example_dags/example_task_group.py
[2023-12-15T11:45:38.813+0000] {processor.py:829} INFO - Processing file /home/airflow/.local/lib/python3.8/site-packages/airflow/example_dags/example_task_group.py for tasks to queue
[2023-12-15T11:45:38.817+0000] {logging_mixin.py:154} INFO - [2023-12-15T11:45:38.817+0000] {dagbag.py:536} INFO - Filling up the DagBag from /home/airflow/.local/lib/python3.8/site-packages/airflow/example_dags/example_task_group.py
[2023-12-15T11:45:38.825+0000] {processor.py:839} INFO - DAG(s) dict_keys(['example_task_group']) retrieved from /home/airflow/.local/lib/python3.8/site-packages/airflow/example_dags/example_task_group.py
[2023-12-15T11:45:38.874+0000] {logging_mixin.py:154} INFO - [2023-12-15T11:45:38.874+0000] {dag.py:2941} INFO - Sync 1 DAGs
[2023-12-15T11:45:38.916+0000] {logging_mixin.py:154} INFO - [2023-12-15T11:45:38.916+0000] {dag.py:3722} INFO - Setting next_dagrun for example_task_group to 2023-12-14T11:45:38.915747+00:00, run_after=2023-12-15T11:45:38.915747+00:00
[2023-12-15T11:45:38.944+0000] {processor.py:179} INFO - Processing /home/airflow/.local/lib/python3.8/site-packages/airflow/example_dags/example_task_group.py took 0.137 seconds
[2023-12-15T11:46:09.887+0000] {processor.py:157} INFO - Started process (PID=975) to work on /home/airflow/.local/lib/python3.8/site-packages/airflow/example_dags/example_task_group.py
[2023-12-15T11:46:09.890+0000] {processor.py:829} INFO - Processing file /home/airflow/.local/lib/python3.8/site-packages/airflow/example_dags/example_task_group.py for tasks to queue
[2023-12-15T11:46:09.893+0000] {logging_mixin.py:154} INFO - [2023-12-15T11:46:09.892+0000] {dagbag.py:536} INFO - Filling up the DagBag from /home/airflow/.local/lib/python3.8/site-packages/airflow/example_dags/example_task_group.py
[2023-12-15T11:46:09.910+0000] {processor.py:839} INFO - DAG(s) dict_keys(['example_task_group']) retrieved from /home/airflow/.local/lib/python3.8/site-packages/airflow/example_dags/example_task_group.py
[2023-12-15T11:46:09.989+0000] {logging_mixin.py:154} INFO - [2023-12-15T11:46:09.988+0000] {dag.py:2941} INFO - Sync 1 DAGs
[2023-12-15T11:46:10.039+0000] {logging_mixin.py:154} INFO - [2023-12-15T11:46:10.039+0000] {dag.py:3722} INFO - Setting next_dagrun for example_task_group to 2023-12-14T11:46:10.038477+00:00, run_after=2023-12-15T11:46:10.038477+00:00
[2023-12-15T11:46:10.086+0000] {processor.py:179} INFO - Processing /home/airflow/.local/lib/python3.8/site-packages/airflow/example_dags/example_task_group.py took 0.204 seconds
[2023-12-15T11:46:41.722+0000] {processor.py:157} INFO - Started process (PID=1028) to work on /home/airflow/.local/lib/python3.8/site-packages/airflow/example_dags/example_task_group.py
[2023-12-15T11:46:41.727+0000] {processor.py:829} INFO - Processing file /home/airflow/.local/lib/python3.8/site-packages/airflow/example_dags/example_task_group.py for tasks to queue
[2023-12-15T11:46:41.730+0000] {logging_mixin.py:154} INFO - [2023-12-15T11:46:41.729+0000] {dagbag.py:536} INFO - Filling up the DagBag from /home/airflow/.local/lib/python3.8/site-packages/airflow/example_dags/example_task_group.py
[2023-12-15T11:46:41.745+0000] {processor.py:839} INFO - DAG(s) dict_keys(['example_task_group']) retrieved from /home/airflow/.local/lib/python3.8/site-packages/airflow/example_dags/example_task_group.py
[2023-12-15T11:46:41.813+0000] {logging_mixin.py:154} INFO - [2023-12-15T11:46:41.812+0000] {dag.py:2941} INFO - Sync 1 DAGs
[2023-12-15T11:46:41.853+0000] {logging_mixin.py:154} INFO - [2023-12-15T11:46:41.853+0000] {dag.py:3722} INFO - Setting next_dagrun for example_task_group to 2023-12-14T11:46:41.853041+00:00, run_after=2023-12-15T11:46:41.853041+00:00
[2023-12-15T11:46:43.157+0000] {processor.py:179} INFO - Processing /home/airflow/.local/lib/python3.8/site-packages/airflow/example_dags/example_task_group.py took 1.446 seconds
[2023-12-15T11:47:13.911+0000] {processor.py:157} INFO - Started process (PID=1083) to work on /home/airflow/.local/lib/python3.8/site-packages/airflow/example_dags/example_task_group.py
[2023-12-15T11:47:13.920+0000] {processor.py:829} INFO - Processing file /home/airflow/.local/lib/python3.8/site-packages/airflow/example_dags/example_task_group.py for tasks to queue
[2023-12-15T11:47:13.943+0000] {logging_mixin.py:154} INFO - [2023-12-15T11:47:13.937+0000] {dagbag.py:536} INFO - Filling up the DagBag from /home/airflow/.local/lib/python3.8/site-packages/airflow/example_dags/example_task_group.py
[2023-12-15T11:47:13.968+0000] {processor.py:839} INFO - DAG(s) dict_keys(['example_task_group']) retrieved from /home/airflow/.local/lib/python3.8/site-packages/airflow/example_dags/example_task_group.py
[2023-12-15T11:47:14.122+0000] {logging_mixin.py:154} INFO - [2023-12-15T11:47:14.121+0000] {dag.py:2941} INFO - Sync 1 DAGs
[2023-12-15T11:47:14.179+0000] {logging_mixin.py:154} INFO - [2023-12-15T11:47:14.179+0000] {dag.py:3722} INFO - Setting next_dagrun for example_task_group to 2023-12-14T11:47:14.178841+00:00, run_after=2023-12-15T11:47:14.178841+00:00
[2023-12-15T11:47:14.206+0000] {processor.py:179} INFO - Processing /home/airflow/.local/lib/python3.8/site-packages/airflow/example_dags/example_task_group.py took 0.305 seconds
[2023-12-15T11:47:44.852+0000] {processor.py:157} INFO - Started process (PID=1136) to work on /home/airflow/.local/lib/python3.8/site-packages/airflow/example_dags/example_task_group.py
[2023-12-15T11:47:44.857+0000] {processor.py:829} INFO - Processing file /home/airflow/.local/lib/python3.8/site-packages/airflow/example_dags/example_task_group.py for tasks to queue
[2023-12-15T11:47:44.872+0000] {logging_mixin.py:154} INFO - [2023-12-15T11:47:44.870+0000] {dagbag.py:536} INFO - Filling up the DagBag from /home/airflow/.local/lib/python3.8/site-packages/airflow/example_dags/example_task_group.py
[2023-12-15T11:47:44.895+0000] {processor.py:839} INFO - DAG(s) dict_keys(['example_task_group']) retrieved from /home/airflow/.local/lib/python3.8/site-packages/airflow/example_dags/example_task_group.py
[2023-12-15T11:47:45.002+0000] {logging_mixin.py:154} INFO - [2023-12-15T11:47:45.002+0000] {dag.py:2941} INFO - Sync 1 DAGs
[2023-12-15T11:47:45.104+0000] {logging_mixin.py:154} INFO - [2023-12-15T11:47:45.104+0000] {dag.py:3722} INFO - Setting next_dagrun for example_task_group to 2023-12-14T11:47:45.103161+00:00, run_after=2023-12-15T11:47:45.103161+00:00
[2023-12-15T11:47:45.150+0000] {processor.py:179} INFO - Processing /home/airflow/.local/lib/python3.8/site-packages/airflow/example_dags/example_task_group.py took 0.305 seconds
[2023-12-15T11:48:28.617+0000] {processor.py:157} INFO - Started process (PID=1196) to work on /home/airflow/.local/lib/python3.8/site-packages/airflow/example_dags/example_task_group.py
[2023-12-15T11:48:28.621+0000] {processor.py:829} INFO - Processing file /home/airflow/.local/lib/python3.8/site-packages/airflow/example_dags/example_task_group.py for tasks to queue
[2023-12-15T11:48:28.627+0000] {logging_mixin.py:154} INFO - [2023-12-15T11:48:28.627+0000] {dagbag.py:536} INFO - Filling up the DagBag from /home/airflow/.local/lib/python3.8/site-packages/airflow/example_dags/example_task_group.py
[2023-12-15T11:48:28.646+0000] {processor.py:839} INFO - DAG(s) dict_keys(['example_task_group']) retrieved from /home/airflow/.local/lib/python3.8/site-packages/airflow/example_dags/example_task_group.py
[2023-12-15T11:48:28.712+0000] {logging_mixin.py:154} INFO - [2023-12-15T11:48:28.712+0000] {dag.py:2941} INFO - Sync 1 DAGs
[2023-12-15T11:48:28.763+0000] {logging_mixin.py:154} INFO - [2023-12-15T11:48:28.762+0000] {dag.py:3722} INFO - Setting next_dagrun for example_task_group to 2023-12-14T11:48:28.762303+00:00, run_after=2023-12-15T11:48:28.762303+00:00
[2023-12-15T11:48:29.669+0000] {processor.py:179} INFO - Processing /home/airflow/.local/lib/python3.8/site-packages/airflow/example_dags/example_task_group.py took 1.064 seconds
[2023-12-15T11:49:00.083+0000] {processor.py:157} INFO - Started process (PID=1250) to work on /home/airflow/.local/lib/python3.8/site-packages/airflow/example_dags/example_task_group.py
[2023-12-15T11:49:00.090+0000] {processor.py:829} INFO - Processing file /home/airflow/.local/lib/python3.8/site-packages/airflow/example_dags/example_task_group.py for tasks to queue
[2023-12-15T11:49:00.117+0000] {logging_mixin.py:154} INFO - [2023-12-15T11:49:00.117+0000] {dagbag.py:536} INFO - Filling up the DagBag from /home/airflow/.local/lib/python3.8/site-packages/airflow/example_dags/example_task_group.py
[2023-12-15T11:49:00.191+0000] {processor.py:839} INFO - DAG(s) dict_keys(['example_task_group']) retrieved from /home/airflow/.local/lib/python3.8/site-packages/airflow/example_dags/example_task_group.py
[2023-12-15T11:49:00.251+0000] {logging_mixin.py:154} INFO - [2023-12-15T11:49:00.250+0000] {dag.py:2941} INFO - Sync 1 DAGs
[2023-12-15T11:49:00.332+0000] {logging_mixin.py:154} INFO - [2023-12-15T11:49:00.331+0000] {dag.py:3722} INFO - Setting next_dagrun for example_task_group to 2023-12-14T11:49:00.312441+00:00, run_after=2023-12-15T11:49:00.312441+00:00
[2023-12-15T11:49:00.397+0000] {processor.py:179} INFO - Processing /home/airflow/.local/lib/python3.8/site-packages/airflow/example_dags/example_task_group.py took 0.318 seconds
[2023-12-15T11:49:31.867+0000] {processor.py:157} INFO - Started process (PID=1304) to work on /home/airflow/.local/lib/python3.8/site-packages/airflow/example_dags/example_task_group.py
[2023-12-15T11:49:31.883+0000] {processor.py:829} INFO - Processing file /home/airflow/.local/lib/python3.8/site-packages/airflow/example_dags/example_task_group.py for tasks to queue
[2023-12-15T11:49:31.901+0000] {logging_mixin.py:154} INFO - [2023-12-15T11:49:31.900+0000] {dagbag.py:536} INFO - Filling up the DagBag from /home/airflow/.local/lib/python3.8/site-packages/airflow/example_dags/example_task_group.py
[2023-12-15T11:49:31.953+0000] {processor.py:839} INFO - DAG(s) dict_keys(['example_task_group']) retrieved from /home/airflow/.local/lib/python3.8/site-packages/airflow/example_dags/example_task_group.py
[2023-12-15T11:49:32.065+0000] {logging_mixin.py:154} INFO - [2023-12-15T11:49:32.065+0000] {dag.py:2941} INFO - Sync 1 DAGs
[2023-12-15T11:49:32.100+0000] {logging_mixin.py:154} INFO - [2023-12-15T11:49:32.100+0000] {dag.py:3722} INFO - Setting next_dagrun for example_task_group to 2023-12-14T11:49:32.100115+00:00, run_after=2023-12-15T11:49:32.100115+00:00
[2023-12-15T11:49:32.117+0000] {processor.py:179} INFO - Processing /home/airflow/.local/lib/python3.8/site-packages/airflow/example_dags/example_task_group.py took 0.259 seconds
[2023-12-15T11:50:03.992+0000] {processor.py:157} INFO - Started process (PID=1358) to work on /home/airflow/.local/lib/python3.8/site-packages/airflow/example_dags/example_task_group.py
[2023-12-15T11:50:04.001+0000] {processor.py:829} INFO - Processing file /home/airflow/.local/lib/python3.8/site-packages/airflow/example_dags/example_task_group.py for tasks to queue
[2023-12-15T11:50:04.008+0000] {logging_mixin.py:154} INFO - [2023-12-15T11:50:04.007+0000] {dagbag.py:536} INFO - Filling up the DagBag from /home/airflow/.local/lib/python3.8/site-packages/airflow/example_dags/example_task_group.py
[2023-12-15T11:50:04.029+0000] {processor.py:839} INFO - DAG(s) dict_keys(['example_task_group']) retrieved from /home/airflow/.local/lib/python3.8/site-packages/airflow/example_dags/example_task_group.py
[2023-12-15T11:50:04.103+0000] {logging_mixin.py:154} INFO - [2023-12-15T11:50:04.102+0000] {dag.py:2941} INFO - Sync 1 DAGs
[2023-12-15T11:50:04.726+0000] {logging_mixin.py:154} INFO - [2023-12-15T11:50:04.725+0000] {dag.py:3722} INFO - Setting next_dagrun for example_task_group to 2023-12-14T11:50:04.720891+00:00, run_after=2023-12-15T11:50:04.720891+00:00
[2023-12-15T11:50:04.775+0000] {processor.py:179} INFO - Processing /home/airflow/.local/lib/python3.8/site-packages/airflow/example_dags/example_task_group.py took 0.789 seconds
[2023-12-15T11:50:35.502+0000] {processor.py:157} INFO - Started process (PID=1411) to work on /home/airflow/.local/lib/python3.8/site-packages/airflow/example_dags/example_task_group.py
[2023-12-15T11:50:35.504+0000] {processor.py:829} INFO - Processing file /home/airflow/.local/lib/python3.8/site-packages/airflow/example_dags/example_task_group.py for tasks to queue
[2023-12-15T11:50:35.511+0000] {logging_mixin.py:154} INFO - [2023-12-15T11:50:35.509+0000] {dagbag.py:536} INFO - Filling up the DagBag from /home/airflow/.local/lib/python3.8/site-packages/airflow/example_dags/example_task_group.py
[2023-12-15T11:50:35.539+0000] {processor.py:839} INFO - DAG(s) dict_keys(['example_task_group']) retrieved from /home/airflow/.local/lib/python3.8/site-packages/airflow/example_dags/example_task_group.py
[2023-12-15T11:50:35.613+0000] {logging_mixin.py:154} INFO - [2023-12-15T11:50:35.613+0000] {dag.py:2941} INFO - Sync 1 DAGs
[2023-12-15T11:50:35.650+0000] {logging_mixin.py:154} INFO - [2023-12-15T11:50:35.649+0000] {dag.py:3722} INFO - Setting next_dagrun for example_task_group to 2023-12-14T11:50:35.647842+00:00, run_after=2023-12-15T11:50:35.647842+00:00
[2023-12-15T11:50:35.673+0000] {processor.py:179} INFO - Processing /home/airflow/.local/lib/python3.8/site-packages/airflow/example_dags/example_task_group.py took 0.177 seconds
[2023-12-15T11:51:10.420+0000] {processor.py:157} INFO - Started process (PID=1453) to work on /home/airflow/.local/lib/python3.8/site-packages/airflow/example_dags/example_task_group.py
[2023-12-15T11:51:10.421+0000] {processor.py:829} INFO - Processing file /home/airflow/.local/lib/python3.8/site-packages/airflow/example_dags/example_task_group.py for tasks to queue
[2023-12-15T11:51:10.423+0000] {logging_mixin.py:154} INFO - [2023-12-15T11:51:10.423+0000] {dagbag.py:536} INFO - Filling up the DagBag from /home/airflow/.local/lib/python3.8/site-packages/airflow/example_dags/example_task_group.py
[2023-12-15T11:51:10.435+0000] {processor.py:839} INFO - DAG(s) dict_keys(['example_task_group']) retrieved from /home/airflow/.local/lib/python3.8/site-packages/airflow/example_dags/example_task_group.py
[2023-12-15T11:51:10.489+0000] {logging_mixin.py:154} INFO - [2023-12-15T11:51:10.488+0000] {dag.py:2941} INFO - Sync 1 DAGs
[2023-12-15T11:51:11.082+0000] {logging_mixin.py:154} INFO - [2023-12-15T11:51:11.080+0000] {dag.py:3722} INFO - Setting next_dagrun for example_task_group to 2023-12-14T11:51:11.074215+00:00, run_after=2023-12-15T11:51:11.074215+00:00
[2023-12-15T11:51:11.149+0000] {processor.py:179} INFO - Processing /home/airflow/.local/lib/python3.8/site-packages/airflow/example_dags/example_task_group.py took 0.733 seconds
[2023-12-15T11:51:45.022+0000] {processor.py:157} INFO - Started process (PID=1507) to work on /home/airflow/.local/lib/python3.8/site-packages/airflow/example_dags/example_task_group.py
[2023-12-15T11:51:45.027+0000] {processor.py:829} INFO - Processing file /home/airflow/.local/lib/python3.8/site-packages/airflow/example_dags/example_task_group.py for tasks to queue
[2023-12-15T11:51:45.034+0000] {logging_mixin.py:154} INFO - [2023-12-15T11:51:45.032+0000] {dagbag.py:536} INFO - Filling up the DagBag from /home/airflow/.local/lib/python3.8/site-packages/airflow/example_dags/example_task_group.py
[2023-12-15T11:51:45.082+0000] {processor.py:839} INFO - DAG(s) dict_keys(['example_task_group']) retrieved from /home/airflow/.local/lib/python3.8/site-packages/airflow/example_dags/example_task_group.py
[2023-12-15T11:51:45.283+0000] {logging_mixin.py:154} INFO - [2023-12-15T11:51:45.282+0000] {dag.py:2941} INFO - Sync 1 DAGs
[2023-12-15T11:51:45.428+0000] {logging_mixin.py:154} INFO - [2023-12-15T11:51:45.427+0000] {dag.py:3722} INFO - Setting next_dagrun for example_task_group to 2023-12-14T11:51:45.423625+00:00, run_after=2023-12-15T11:51:45.423625+00:00
[2023-12-15T11:51:45.476+0000] {processor.py:179} INFO - Processing /home/airflow/.local/lib/python3.8/site-packages/airflow/example_dags/example_task_group.py took 0.476 seconds
[2023-12-15T11:52:23.205+0000] {processor.py:157} INFO - Started process (PID=1560) to work on /home/airflow/.local/lib/python3.8/site-packages/airflow/example_dags/example_task_group.py
[2023-12-15T11:52:23.207+0000] {processor.py:829} INFO - Processing file /home/airflow/.local/lib/python3.8/site-packages/airflow/example_dags/example_task_group.py for tasks to queue
[2023-12-15T11:52:23.211+0000] {logging_mixin.py:154} INFO - [2023-12-15T11:52:23.211+0000] {dagbag.py:536} INFO - Filling up the DagBag from /home/airflow/.local/lib/python3.8/site-packages/airflow/example_dags/example_task_group.py
[2023-12-15T11:52:23.531+0000] {processor.py:839} INFO - DAG(s) dict_keys(['example_task_group']) retrieved from /home/airflow/.local/lib/python3.8/site-packages/airflow/example_dags/example_task_group.py
[2023-12-15T11:52:23.591+0000] {logging_mixin.py:154} INFO - [2023-12-15T11:52:23.590+0000] {dag.py:2941} INFO - Sync 1 DAGs
[2023-12-15T11:52:23.611+0000] {logging_mixin.py:154} INFO - [2023-12-15T11:52:23.610+0000] {dag.py:3722} INFO - Setting next_dagrun for example_task_group to 2023-12-14T11:52:23.610564+00:00, run_after=2023-12-15T11:52:23.610564+00:00
[2023-12-15T11:52:23.635+0000] {processor.py:179} INFO - Processing /home/airflow/.local/lib/python3.8/site-packages/airflow/example_dags/example_task_group.py took 0.435 seconds
[2023-12-15T11:52:54.072+0000] {processor.py:157} INFO - Started process (PID=1614) to work on /home/airflow/.local/lib/python3.8/site-packages/airflow/example_dags/example_task_group.py
[2023-12-15T11:52:54.076+0000] {processor.py:829} INFO - Processing file /home/airflow/.local/lib/python3.8/site-packages/airflow/example_dags/example_task_group.py for tasks to queue
[2023-12-15T11:52:54.080+0000] {logging_mixin.py:154} INFO - [2023-12-15T11:52:54.079+0000] {dagbag.py:536} INFO - Filling up the DagBag from /home/airflow/.local/lib/python3.8/site-packages/airflow/example_dags/example_task_group.py
[2023-12-15T11:52:54.101+0000] {processor.py:839} INFO - DAG(s) dict_keys(['example_task_group']) retrieved from /home/airflow/.local/lib/python3.8/site-packages/airflow/example_dags/example_task_group.py
[2023-12-15T11:52:54.158+0000] {logging_mixin.py:154} INFO - [2023-12-15T11:52:54.158+0000] {dag.py:2941} INFO - Sync 1 DAGs
[2023-12-15T11:52:54.198+0000] {logging_mixin.py:154} INFO - [2023-12-15T11:52:54.197+0000] {dag.py:3722} INFO - Setting next_dagrun for example_task_group to 2023-12-14T11:52:54.192201+00:00, run_after=2023-12-15T11:52:54.192201+00:00
[2023-12-15T11:52:54.239+0000] {processor.py:179} INFO - Processing /home/airflow/.local/lib/python3.8/site-packages/airflow/example_dags/example_task_group.py took 0.183 seconds
[2023-12-15T11:53:25.333+0000] {processor.py:157} INFO - Started process (PID=1667) to work on /home/airflow/.local/lib/python3.8/site-packages/airflow/example_dags/example_task_group.py
[2023-12-15T11:53:25.335+0000] {processor.py:829} INFO - Processing file /home/airflow/.local/lib/python3.8/site-packages/airflow/example_dags/example_task_group.py for tasks to queue
[2023-12-15T11:53:25.338+0000] {logging_mixin.py:154} INFO - [2023-12-15T11:53:25.338+0000] {dagbag.py:536} INFO - Filling up the DagBag from /home/airflow/.local/lib/python3.8/site-packages/airflow/example_dags/example_task_group.py
[2023-12-15T11:53:25.352+0000] {processor.py:839} INFO - DAG(s) dict_keys(['example_task_group']) retrieved from /home/airflow/.local/lib/python3.8/site-packages/airflow/example_dags/example_task_group.py
[2023-12-15T11:53:25.383+0000] {logging_mixin.py:154} INFO - [2023-12-15T11:53:25.383+0000] {dag.py:2941} INFO - Sync 1 DAGs
[2023-12-15T11:53:25.410+0000] {logging_mixin.py:154} INFO - [2023-12-15T11:53:25.410+0000] {dag.py:3722} INFO - Setting next_dagrun for example_task_group to 2023-12-14T11:53:25.409636+00:00, run_after=2023-12-15T11:53:25.409636+00:00
[2023-12-15T11:53:25.424+0000] {processor.py:179} INFO - Processing /home/airflow/.local/lib/python3.8/site-packages/airflow/example_dags/example_task_group.py took 0.095 seconds
[2023-12-15T11:53:56.291+0000] {processor.py:157} INFO - Started process (PID=1721) to work on /home/airflow/.local/lib/python3.8/site-packages/airflow/example_dags/example_task_group.py
[2023-12-15T11:53:56.297+0000] {processor.py:829} INFO - Processing file /home/airflow/.local/lib/python3.8/site-packages/airflow/example_dags/example_task_group.py for tasks to queue
[2023-12-15T11:53:56.307+0000] {logging_mixin.py:154} INFO - [2023-12-15T11:53:56.306+0000] {dagbag.py:536} INFO - Filling up the DagBag from /home/airflow/.local/lib/python3.8/site-packages/airflow/example_dags/example_task_group.py
[2023-12-15T11:53:56.323+0000] {processor.py:839} INFO - DAG(s) dict_keys(['example_task_group']) retrieved from /home/airflow/.local/lib/python3.8/site-packages/airflow/example_dags/example_task_group.py
[2023-12-15T11:53:56.393+0000] {logging_mixin.py:154} INFO - [2023-12-15T11:53:56.393+0000] {dag.py:2941} INFO - Sync 1 DAGs
[2023-12-15T11:53:56.424+0000] {logging_mixin.py:154} INFO - [2023-12-15T11:53:56.423+0000] {dag.py:3722} INFO - Setting next_dagrun for example_task_group to 2023-12-14T11:53:56.423034+00:00, run_after=2023-12-15T11:53:56.423034+00:00
[2023-12-15T11:53:56.467+0000] {processor.py:179} INFO - Processing /home/airflow/.local/lib/python3.8/site-packages/airflow/example_dags/example_task_group.py took 0.184 seconds
[2023-12-15T11:54:27.577+0000] {processor.py:157} INFO - Started process (PID=1775) to work on /home/airflow/.local/lib/python3.8/site-packages/airflow/example_dags/example_task_group.py
[2023-12-15T11:54:27.582+0000] {processor.py:829} INFO - Processing file /home/airflow/.local/lib/python3.8/site-packages/airflow/example_dags/example_task_group.py for tasks to queue
[2023-12-15T11:54:27.586+0000] {logging_mixin.py:154} INFO - [2023-12-15T11:54:27.586+0000] {dagbag.py:536} INFO - Filling up the DagBag from /home/airflow/.local/lib/python3.8/site-packages/airflow/example_dags/example_task_group.py
[2023-12-15T11:54:27.607+0000] {processor.py:839} INFO - DAG(s) dict_keys(['example_task_group']) retrieved from /home/airflow/.local/lib/python3.8/site-packages/airflow/example_dags/example_task_group.py
[2023-12-15T11:54:27.663+0000] {logging_mixin.py:154} INFO - [2023-12-15T11:54:27.663+0000] {dag.py:2941} INFO - Sync 1 DAGs
[2023-12-15T11:54:27.685+0000] {logging_mixin.py:154} INFO - [2023-12-15T11:54:27.684+0000] {dag.py:3722} INFO - Setting next_dagrun for example_task_group to 2023-12-14T11:54:27.684650+00:00, run_after=2023-12-15T11:54:27.684650+00:00
[2023-12-15T11:54:27.696+0000] {processor.py:179} INFO - Processing /home/airflow/.local/lib/python3.8/site-packages/airflow/example_dags/example_task_group.py took 0.126 seconds
[2023-12-15T11:54:58.777+0000] {processor.py:157} INFO - Started process (PID=1829) to work on /home/airflow/.local/lib/python3.8/site-packages/airflow/example_dags/example_task_group.py
[2023-12-15T11:54:58.779+0000] {processor.py:829} INFO - Processing file /home/airflow/.local/lib/python3.8/site-packages/airflow/example_dags/example_task_group.py for tasks to queue
[2023-12-15T11:54:58.783+0000] {logging_mixin.py:154} INFO - [2023-12-15T11:54:58.782+0000] {dagbag.py:536} INFO - Filling up the DagBag from /home/airflow/.local/lib/python3.8/site-packages/airflow/example_dags/example_task_group.py
[2023-12-15T11:54:58.797+0000] {processor.py:839} INFO - DAG(s) dict_keys(['example_task_group']) retrieved from /home/airflow/.local/lib/python3.8/site-packages/airflow/example_dags/example_task_group.py
[2023-12-15T11:54:58.836+0000] {logging_mixin.py:154} INFO - [2023-12-15T11:54:58.836+0000] {dag.py:2941} INFO - Sync 1 DAGs
[2023-12-15T11:54:58.863+0000] {logging_mixin.py:154} INFO - [2023-12-15T11:54:58.863+0000] {dag.py:3722} INFO - Setting next_dagrun for example_task_group to 2023-12-14T11:54:58.862807+00:00, run_after=2023-12-15T11:54:58.862807+00:00
[2023-12-15T11:54:58.873+0000] {processor.py:179} INFO - Processing /home/airflow/.local/lib/python3.8/site-packages/airflow/example_dags/example_task_group.py took 0.101 seconds
[2023-12-15T11:55:29.847+0000] {processor.py:157} INFO - Started process (PID=1883) to work on /home/airflow/.local/lib/python3.8/site-packages/airflow/example_dags/example_task_group.py
[2023-12-15T11:55:29.856+0000] {processor.py:829} INFO - Processing file /home/airflow/.local/lib/python3.8/site-packages/airflow/example_dags/example_task_group.py for tasks to queue
[2023-12-15T11:55:29.898+0000] {logging_mixin.py:154} INFO - [2023-12-15T11:55:29.897+0000] {dagbag.py:536} INFO - Filling up the DagBag from /home/airflow/.local/lib/python3.8/site-packages/airflow/example_dags/example_task_group.py
[2023-12-15T11:55:29.954+0000] {processor.py:839} INFO - DAG(s) dict_keys(['example_task_group']) retrieved from /home/airflow/.local/lib/python3.8/site-packages/airflow/example_dags/example_task_group.py
[2023-12-15T11:55:30.024+0000] {logging_mixin.py:154} INFO - [2023-12-15T11:55:30.024+0000] {dag.py:2941} INFO - Sync 1 DAGs
[2023-12-15T11:55:30.095+0000] {logging_mixin.py:154} INFO - [2023-12-15T11:55:30.095+0000] {dag.py:3722} INFO - Setting next_dagrun for example_task_group to 2023-12-14T11:55:30.093957+00:00, run_after=2023-12-15T11:55:30.093957+00:00
[2023-12-15T11:55:30.250+0000] {processor.py:179} INFO - Processing /home/airflow/.local/lib/python3.8/site-packages/airflow/example_dags/example_task_group.py took 0.413 seconds
[2023-12-15T11:56:00.518+0000] {processor.py:157} INFO - Started process (PID=1938) to work on /home/airflow/.local/lib/python3.8/site-packages/airflow/example_dags/example_task_group.py
[2023-12-15T11:56:00.520+0000] {processor.py:829} INFO - Processing file /home/airflow/.local/lib/python3.8/site-packages/airflow/example_dags/example_task_group.py for tasks to queue
[2023-12-15T11:56:00.523+0000] {logging_mixin.py:154} INFO - [2023-12-15T11:56:00.523+0000] {dagbag.py:536} INFO - Filling up the DagBag from /home/airflow/.local/lib/python3.8/site-packages/airflow/example_dags/example_task_group.py
[2023-12-15T11:56:00.533+0000] {processor.py:839} INFO - DAG(s) dict_keys(['example_task_group']) retrieved from /home/airflow/.local/lib/python3.8/site-packages/airflow/example_dags/example_task_group.py
[2023-12-15T11:56:00.568+0000] {logging_mixin.py:154} INFO - [2023-12-15T11:56:00.568+0000] {dag.py:2941} INFO - Sync 1 DAGs
[2023-12-15T11:56:00.587+0000] {logging_mixin.py:154} INFO - [2023-12-15T11:56:00.587+0000] {dag.py:3722} INFO - Setting next_dagrun for example_task_group to 2023-12-14T11:56:00.587055+00:00, run_after=2023-12-15T11:56:00.587055+00:00
[2023-12-15T11:56:00.610+0000] {processor.py:179} INFO - Processing /home/airflow/.local/lib/python3.8/site-packages/airflow/example_dags/example_task_group.py took 0.096 seconds
[2023-12-15T11:56:30.866+0000] {processor.py:157} INFO - Started process (PID=1993) to work on /home/airflow/.local/lib/python3.8/site-packages/airflow/example_dags/example_task_group.py
[2023-12-15T11:56:30.867+0000] {processor.py:829} INFO - Processing file /home/airflow/.local/lib/python3.8/site-packages/airflow/example_dags/example_task_group.py for tasks to queue
[2023-12-15T11:56:30.872+0000] {logging_mixin.py:154} INFO - [2023-12-15T11:56:30.871+0000] {dagbag.py:536} INFO - Filling up the DagBag from /home/airflow/.local/lib/python3.8/site-packages/airflow/example_dags/example_task_group.py
[2023-12-15T11:56:30.885+0000] {processor.py:839} INFO - DAG(s) dict_keys(['example_task_group']) retrieved from /home/airflow/.local/lib/python3.8/site-packages/airflow/example_dags/example_task_group.py
[2023-12-15T11:56:30.917+0000] {logging_mixin.py:154} INFO - [2023-12-15T11:56:30.916+0000] {dag.py:2941} INFO - Sync 1 DAGs
[2023-12-15T11:56:30.943+0000] {logging_mixin.py:154} INFO - [2023-12-15T11:56:30.943+0000] {dag.py:3722} INFO - Setting next_dagrun for example_task_group to 2023-12-14T11:56:30.942422+00:00, run_after=2023-12-15T11:56:30.942422+00:00
[2023-12-15T11:56:30.978+0000] {processor.py:179} INFO - Processing /home/airflow/.local/lib/python3.8/site-packages/airflow/example_dags/example_task_group.py took 0.117 seconds
[2023-12-15T11:57:01.137+0000] {processor.py:157} INFO - Started process (PID=2047) to work on /home/airflow/.local/lib/python3.8/site-packages/airflow/example_dags/example_task_group.py
[2023-12-15T11:57:01.139+0000] {processor.py:829} INFO - Processing file /home/airflow/.local/lib/python3.8/site-packages/airflow/example_dags/example_task_group.py for tasks to queue
[2023-12-15T11:57:01.141+0000] {logging_mixin.py:154} INFO - [2023-12-15T11:57:01.141+0000] {dagbag.py:536} INFO - Filling up the DagBag from /home/airflow/.local/lib/python3.8/site-packages/airflow/example_dags/example_task_group.py
[2023-12-15T11:57:01.148+0000] {processor.py:839} INFO - DAG(s) dict_keys(['example_task_group']) retrieved from /home/airflow/.local/lib/python3.8/site-packages/airflow/example_dags/example_task_group.py
[2023-12-15T11:57:01.181+0000] {logging_mixin.py:154} INFO - [2023-12-15T11:57:01.181+0000] {dag.py:2941} INFO - Sync 1 DAGs
[2023-12-15T11:57:01.220+0000] {logging_mixin.py:154} INFO - [2023-12-15T11:57:01.220+0000] {dag.py:3722} INFO - Setting next_dagrun for example_task_group to 2023-12-14T11:57:01.219646+00:00, run_after=2023-12-15T11:57:01.219646+00:00
[2023-12-15T11:57:01.239+0000] {processor.py:179} INFO - Processing /home/airflow/.local/lib/python3.8/site-packages/airflow/example_dags/example_task_group.py took 0.104 seconds
[2023-12-15T11:57:32.243+0000] {processor.py:157} INFO - Started process (PID=2100) to work on /home/airflow/.local/lib/python3.8/site-packages/airflow/example_dags/example_task_group.py
[2023-12-15T11:57:32.246+0000] {processor.py:829} INFO - Processing file /home/airflow/.local/lib/python3.8/site-packages/airflow/example_dags/example_task_group.py for tasks to queue
[2023-12-15T11:57:32.252+0000] {logging_mixin.py:154} INFO - [2023-12-15T11:57:32.251+0000] {dagbag.py:536} INFO - Filling up the DagBag from /home/airflow/.local/lib/python3.8/site-packages/airflow/example_dags/example_task_group.py
[2023-12-15T11:57:32.274+0000] {processor.py:839} INFO - DAG(s) dict_keys(['example_task_group']) retrieved from /home/airflow/.local/lib/python3.8/site-packages/airflow/example_dags/example_task_group.py
[2023-12-15T11:57:32.336+0000] {logging_mixin.py:154} INFO - [2023-12-15T11:57:32.336+0000] {dag.py:2941} INFO - Sync 1 DAGs
[2023-12-15T11:57:32.388+0000] {logging_mixin.py:154} INFO - [2023-12-15T11:57:32.388+0000] {dag.py:3722} INFO - Setting next_dagrun for example_task_group to 2023-12-14T11:57:32.386465+00:00, run_after=2023-12-15T11:57:32.386465+00:00
[2023-12-15T11:57:32.448+0000] {processor.py:179} INFO - Processing /home/airflow/.local/lib/python3.8/site-packages/airflow/example_dags/example_task_group.py took 0.219 seconds
[2023-12-15T11:58:03.092+0000] {processor.py:157} INFO - Started process (PID=2152) to work on /home/airflow/.local/lib/python3.8/site-packages/airflow/example_dags/example_task_group.py
[2023-12-15T11:58:03.099+0000] {processor.py:829} INFO - Processing file /home/airflow/.local/lib/python3.8/site-packages/airflow/example_dags/example_task_group.py for tasks to queue
[2023-12-15T11:58:03.105+0000] {logging_mixin.py:154} INFO - [2023-12-15T11:58:03.105+0000] {dagbag.py:536} INFO - Filling up the DagBag from /home/airflow/.local/lib/python3.8/site-packages/airflow/example_dags/example_task_group.py
[2023-12-15T11:58:03.113+0000] {processor.py:839} INFO - DAG(s) dict_keys(['example_task_group']) retrieved from /home/airflow/.local/lib/python3.8/site-packages/airflow/example_dags/example_task_group.py
[2023-12-15T11:58:03.133+0000] {logging_mixin.py:154} INFO - [2023-12-15T11:58:03.133+0000] {dag.py:2941} INFO - Sync 1 DAGs
[2023-12-15T11:58:03.148+0000] {logging_mixin.py:154} INFO - [2023-12-15T11:58:03.148+0000] {dag.py:3722} INFO - Setting next_dagrun for example_task_group to 2023-12-14T11:58:03.148073+00:00, run_after=2023-12-15T11:58:03.148073+00:00
[2023-12-15T11:58:03.167+0000] {processor.py:179} INFO - Processing /home/airflow/.local/lib/python3.8/site-packages/airflow/example_dags/example_task_group.py took 0.081 seconds
[2023-12-15T11:58:33.660+0000] {processor.py:157} INFO - Started process (PID=2206) to work on /home/airflow/.local/lib/python3.8/site-packages/airflow/example_dags/example_task_group.py
[2023-12-15T11:58:33.663+0000] {processor.py:829} INFO - Processing file /home/airflow/.local/lib/python3.8/site-packages/airflow/example_dags/example_task_group.py for tasks to queue
[2023-12-15T11:58:33.667+0000] {logging_mixin.py:154} INFO - [2023-12-15T11:58:33.666+0000] {dagbag.py:536} INFO - Filling up the DagBag from /home/airflow/.local/lib/python3.8/site-packages/airflow/example_dags/example_task_group.py
[2023-12-15T11:58:33.675+0000] {processor.py:839} INFO - DAG(s) dict_keys(['example_task_group']) retrieved from /home/airflow/.local/lib/python3.8/site-packages/airflow/example_dags/example_task_group.py
[2023-12-15T11:58:33.702+0000] {logging_mixin.py:154} INFO - [2023-12-15T11:58:33.702+0000] {dag.py:2941} INFO - Sync 1 DAGs
[2023-12-15T11:58:33.720+0000] {logging_mixin.py:154} INFO - [2023-12-15T11:58:33.720+0000] {dag.py:3722} INFO - Setting next_dagrun for example_task_group to 2023-12-14T11:58:33.720033+00:00, run_after=2023-12-15T11:58:33.720033+00:00
[2023-12-15T11:58:33.745+0000] {processor.py:179} INFO - Processing /home/airflow/.local/lib/python3.8/site-packages/airflow/example_dags/example_task_group.py took 0.089 seconds
[2023-12-15T11:59:04.144+0000] {processor.py:157} INFO - Started process (PID=2259) to work on /home/airflow/.local/lib/python3.8/site-packages/airflow/example_dags/example_task_group.py
[2023-12-15T11:59:04.146+0000] {processor.py:829} INFO - Processing file /home/airflow/.local/lib/python3.8/site-packages/airflow/example_dags/example_task_group.py for tasks to queue
[2023-12-15T11:59:04.148+0000] {logging_mixin.py:154} INFO - [2023-12-15T11:59:04.148+0000] {dagbag.py:536} INFO - Filling up the DagBag from /home/airflow/.local/lib/python3.8/site-packages/airflow/example_dags/example_task_group.py
[2023-12-15T11:59:04.159+0000] {processor.py:839} INFO - DAG(s) dict_keys(['example_task_group']) retrieved from /home/airflow/.local/lib/python3.8/site-packages/airflow/example_dags/example_task_group.py
[2023-12-15T11:59:04.181+0000] {logging_mixin.py:154} INFO - [2023-12-15T11:59:04.181+0000] {dag.py:2941} INFO - Sync 1 DAGs
[2023-12-15T11:59:04.194+0000] {logging_mixin.py:154} INFO - [2023-12-15T11:59:04.194+0000] {dag.py:3722} INFO - Setting next_dagrun for example_task_group to 2023-12-14T11:59:04.194066+00:00, run_after=2023-12-15T11:59:04.194066+00:00
[2023-12-15T11:59:04.217+0000] {processor.py:179} INFO - Processing /home/airflow/.local/lib/python3.8/site-packages/airflow/example_dags/example_task_group.py took 0.078 seconds
[2023-12-15T11:59:34.440+0000] {processor.py:157} INFO - Started process (PID=2313) to work on /home/airflow/.local/lib/python3.8/site-packages/airflow/example_dags/example_task_group.py
[2023-12-15T11:59:34.441+0000] {processor.py:829} INFO - Processing file /home/airflow/.local/lib/python3.8/site-packages/airflow/example_dags/example_task_group.py for tasks to queue
[2023-12-15T11:59:34.443+0000] {logging_mixin.py:154} INFO - [2023-12-15T11:59:34.443+0000] {dagbag.py:536} INFO - Filling up the DagBag from /home/airflow/.local/lib/python3.8/site-packages/airflow/example_dags/example_task_group.py
[2023-12-15T11:59:34.453+0000] {processor.py:839} INFO - DAG(s) dict_keys(['example_task_group']) retrieved from /home/airflow/.local/lib/python3.8/site-packages/airflow/example_dags/example_task_group.py
[2023-12-15T11:59:34.490+0000] {logging_mixin.py:154} INFO - [2023-12-15T11:59:34.489+0000] {dag.py:2941} INFO - Sync 1 DAGs
[2023-12-15T11:59:34.510+0000] {logging_mixin.py:154} INFO - [2023-12-15T11:59:34.510+0000] {dag.py:3722} INFO - Setting next_dagrun for example_task_group to 2023-12-14T11:59:34.510317+00:00, run_after=2023-12-15T11:59:34.510317+00:00
[2023-12-15T11:59:34.526+0000] {processor.py:179} INFO - Processing /home/airflow/.local/lib/python3.8/site-packages/airflow/example_dags/example_task_group.py took 0.091 seconds
[2023-12-15T12:00:05.360+0000] {processor.py:157} INFO - Started process (PID=2366) to work on /home/airflow/.local/lib/python3.8/site-packages/airflow/example_dags/example_task_group.py
[2023-12-15T12:00:05.362+0000] {processor.py:829} INFO - Processing file /home/airflow/.local/lib/python3.8/site-packages/airflow/example_dags/example_task_group.py for tasks to queue
[2023-12-15T12:00:05.368+0000] {logging_mixin.py:154} INFO - [2023-12-15T12:00:05.368+0000] {dagbag.py:536} INFO - Filling up the DagBag from /home/airflow/.local/lib/python3.8/site-packages/airflow/example_dags/example_task_group.py
[2023-12-15T12:00:05.379+0000] {processor.py:839} INFO - DAG(s) dict_keys(['example_task_group']) retrieved from /home/airflow/.local/lib/python3.8/site-packages/airflow/example_dags/example_task_group.py
[2023-12-15T12:00:05.429+0000] {logging_mixin.py:154} INFO - [2023-12-15T12:00:05.429+0000] {dag.py:2941} INFO - Sync 1 DAGs
[2023-12-15T12:00:05.470+0000] {logging_mixin.py:154} INFO - [2023-12-15T12:00:05.470+0000] {dag.py:3722} INFO - Setting next_dagrun for example_task_group to 2023-12-14T12:00:05.469403+00:00, run_after=2023-12-15T12:00:05.469403+00:00
[2023-12-15T12:00:05.512+0000] {processor.py:179} INFO - Processing /home/airflow/.local/lib/python3.8/site-packages/airflow/example_dags/example_task_group.py took 0.161 seconds
[2023-12-15T12:00:36.876+0000] {processor.py:157} INFO - Started process (PID=2420) to work on /home/airflow/.local/lib/python3.8/site-packages/airflow/example_dags/example_task_group.py
[2023-12-15T12:00:36.879+0000] {processor.py:829} INFO - Processing file /home/airflow/.local/lib/python3.8/site-packages/airflow/example_dags/example_task_group.py for tasks to queue
[2023-12-15T12:00:36.883+0000] {logging_mixin.py:154} INFO - [2023-12-15T12:00:36.883+0000] {dagbag.py:536} INFO - Filling up the DagBag from /home/airflow/.local/lib/python3.8/site-packages/airflow/example_dags/example_task_group.py
[2023-12-15T12:00:36.900+0000] {processor.py:839} INFO - DAG(s) dict_keys(['example_task_group']) retrieved from /home/airflow/.local/lib/python3.8/site-packages/airflow/example_dags/example_task_group.py
[2023-12-15T12:00:36.937+0000] {logging_mixin.py:154} INFO - [2023-12-15T12:00:36.937+0000] {dag.py:2941} INFO - Sync 1 DAGs
[2023-12-15T12:00:36.961+0000] {logging_mixin.py:154} INFO - [2023-12-15T12:00:36.961+0000] {dag.py:3722} INFO - Setting next_dagrun for example_task_group to 2023-12-14T12:00:36.960456+00:00, run_after=2023-12-15T12:00:36.960456+00:00
[2023-12-15T12:00:36.988+0000] {processor.py:179} INFO - Processing /home/airflow/.local/lib/python3.8/site-packages/airflow/example_dags/example_task_group.py took 0.117 seconds
[2023-12-15T12:01:08.235+0000] {processor.py:157} INFO - Started process (PID=2474) to work on /home/airflow/.local/lib/python3.8/site-packages/airflow/example_dags/example_task_group.py
[2023-12-15T12:01:08.249+0000] {processor.py:829} INFO - Processing file /home/airflow/.local/lib/python3.8/site-packages/airflow/example_dags/example_task_group.py for tasks to queue
[2023-12-15T12:01:08.275+0000] {logging_mixin.py:154} INFO - [2023-12-15T12:01:08.274+0000] {dagbag.py:536} INFO - Filling up the DagBag from /home/airflow/.local/lib/python3.8/site-packages/airflow/example_dags/example_task_group.py
[2023-12-15T12:01:08.314+0000] {processor.py:839} INFO - DAG(s) dict_keys(['example_task_group']) retrieved from /home/airflow/.local/lib/python3.8/site-packages/airflow/example_dags/example_task_group.py
[2023-12-15T12:01:08.383+0000] {logging_mixin.py:154} INFO - [2023-12-15T12:01:08.383+0000] {dag.py:2941} INFO - Sync 1 DAGs
[2023-12-15T12:01:08.440+0000] {logging_mixin.py:154} INFO - [2023-12-15T12:01:08.440+0000] {dag.py:3722} INFO - Setting next_dagrun for example_task_group to 2023-12-14T12:01:08.439976+00:00, run_after=2023-12-15T12:01:08.439976+00:00
[2023-12-15T12:01:08.485+0000] {processor.py:179} INFO - Processing /home/airflow/.local/lib/python3.8/site-packages/airflow/example_dags/example_task_group.py took 0.308 seconds
[2023-12-15T12:01:38.840+0000] {processor.py:157} INFO - Started process (PID=2528) to work on /home/airflow/.local/lib/python3.8/site-packages/airflow/example_dags/example_task_group.py
[2023-12-15T12:01:38.842+0000] {processor.py:829} INFO - Processing file /home/airflow/.local/lib/python3.8/site-packages/airflow/example_dags/example_task_group.py for tasks to queue
[2023-12-15T12:01:38.845+0000] {logging_mixin.py:154} INFO - [2023-12-15T12:01:38.845+0000] {dagbag.py:536} INFO - Filling up the DagBag from /home/airflow/.local/lib/python3.8/site-packages/airflow/example_dags/example_task_group.py
[2023-12-15T12:01:38.854+0000] {processor.py:839} INFO - DAG(s) dict_keys(['example_task_group']) retrieved from /home/airflow/.local/lib/python3.8/site-packages/airflow/example_dags/example_task_group.py
[2023-12-15T12:01:38.896+0000] {logging_mixin.py:154} INFO - [2023-12-15T12:01:38.895+0000] {dag.py:2941} INFO - Sync 1 DAGs
[2023-12-15T12:01:38.917+0000] {logging_mixin.py:154} INFO - [2023-12-15T12:01:38.917+0000] {dag.py:3722} INFO - Setting next_dagrun for example_task_group to 2023-12-14T12:01:38.916975+00:00, run_after=2023-12-15T12:01:38.916975+00:00
[2023-12-15T12:01:38.930+0000] {processor.py:179} INFO - Processing /home/airflow/.local/lib/python3.8/site-packages/airflow/example_dags/example_task_group.py took 0.095 seconds
[2023-12-15T12:02:09.532+0000] {processor.py:157} INFO - Started process (PID=2582) to work on /home/airflow/.local/lib/python3.8/site-packages/airflow/example_dags/example_task_group.py
[2023-12-15T12:02:09.534+0000] {processor.py:829} INFO - Processing file /home/airflow/.local/lib/python3.8/site-packages/airflow/example_dags/example_task_group.py for tasks to queue
[2023-12-15T12:02:09.540+0000] {logging_mixin.py:154} INFO - [2023-12-15T12:02:09.540+0000] {dagbag.py:536} INFO - Filling up the DagBag from /home/airflow/.local/lib/python3.8/site-packages/airflow/example_dags/example_task_group.py
[2023-12-15T12:02:09.560+0000] {processor.py:839} INFO - DAG(s) dict_keys(['example_task_group']) retrieved from /home/airflow/.local/lib/python3.8/site-packages/airflow/example_dags/example_task_group.py
[2023-12-15T12:02:09.605+0000] {logging_mixin.py:154} INFO - [2023-12-15T12:02:09.605+0000] {dag.py:2941} INFO - Sync 1 DAGs
[2023-12-15T12:02:09.636+0000] {logging_mixin.py:154} INFO - [2023-12-15T12:02:09.636+0000] {dag.py:3722} INFO - Setting next_dagrun for example_task_group to 2023-12-14T12:02:09.635339+00:00, run_after=2023-12-15T12:02:09.635339+00:00
[2023-12-15T12:02:09.649+0000] {processor.py:179} INFO - Processing /home/airflow/.local/lib/python3.8/site-packages/airflow/example_dags/example_task_group.py took 0.124 seconds
[2023-12-15T12:02:40.743+0000] {processor.py:157} INFO - Started process (PID=2636) to work on /home/airflow/.local/lib/python3.8/site-packages/airflow/example_dags/example_task_group.py
[2023-12-15T12:02:40.747+0000] {processor.py:829} INFO - Processing file /home/airflow/.local/lib/python3.8/site-packages/airflow/example_dags/example_task_group.py for tasks to queue
[2023-12-15T12:02:40.752+0000] {logging_mixin.py:154} INFO - [2023-12-15T12:02:40.751+0000] {dagbag.py:536} INFO - Filling up the DagBag from /home/airflow/.local/lib/python3.8/site-packages/airflow/example_dags/example_task_group.py
[2023-12-15T12:02:40.798+0000] {processor.py:839} INFO - DAG(s) dict_keys(['example_task_group']) retrieved from /home/airflow/.local/lib/python3.8/site-packages/airflow/example_dags/example_task_group.py
[2023-12-15T12:02:40.867+0000] {logging_mixin.py:154} INFO - [2023-12-15T12:02:40.866+0000] {dag.py:2941} INFO - Sync 1 DAGs
[2023-12-15T12:02:40.904+0000] {logging_mixin.py:154} INFO - [2023-12-15T12:02:40.904+0000] {dag.py:3722} INFO - Setting next_dagrun for example_task_group to 2023-12-14T12:02:40.904294+00:00, run_after=2023-12-15T12:02:40.904294+00:00
[2023-12-15T12:02:40.932+0000] {processor.py:179} INFO - Processing /home/airflow/.local/lib/python3.8/site-packages/airflow/example_dags/example_task_group.py took 0.198 seconds
[2023-12-15T12:03:11.697+0000] {processor.py:157} INFO - Started process (PID=2690) to work on /home/airflow/.local/lib/python3.8/site-packages/airflow/example_dags/example_task_group.py
[2023-12-15T12:03:11.701+0000] {processor.py:829} INFO - Processing file /home/airflow/.local/lib/python3.8/site-packages/airflow/example_dags/example_task_group.py for tasks to queue
[2023-12-15T12:03:11.705+0000] {logging_mixin.py:154} INFO - [2023-12-15T12:03:11.704+0000] {dagbag.py:536} INFO - Filling up the DagBag from /home/airflow/.local/lib/python3.8/site-packages/airflow/example_dags/example_task_group.py
[2023-12-15T12:03:11.718+0000] {processor.py:839} INFO - DAG(s) dict_keys(['example_task_group']) retrieved from /home/airflow/.local/lib/python3.8/site-packages/airflow/example_dags/example_task_group.py
[2023-12-15T12:03:11.749+0000] {logging_mixin.py:154} INFO - [2023-12-15T12:03:11.749+0000] {dag.py:2941} INFO - Sync 1 DAGs
[2023-12-15T12:03:11.776+0000] {logging_mixin.py:154} INFO - [2023-12-15T12:03:11.776+0000] {dag.py:3722} INFO - Setting next_dagrun for example_task_group to 2023-12-14T12:03:11.775758+00:00, run_after=2023-12-15T12:03:11.775758+00:00
[2023-12-15T12:03:11.820+0000] {processor.py:179} INFO - Processing /home/airflow/.local/lib/python3.8/site-packages/airflow/example_dags/example_task_group.py took 0.129 seconds
[2023-12-15T12:03:43.070+0000] {processor.py:157} INFO - Started process (PID=2744) to work on /home/airflow/.local/lib/python3.8/site-packages/airflow/example_dags/example_task_group.py
[2023-12-15T12:03:43.079+0000] {processor.py:829} INFO - Processing file /home/airflow/.local/lib/python3.8/site-packages/airflow/example_dags/example_task_group.py for tasks to queue
[2023-12-15T12:03:43.083+0000] {logging_mixin.py:154} INFO - [2023-12-15T12:03:43.083+0000] {dagbag.py:536} INFO - Filling up the DagBag from /home/airflow/.local/lib/python3.8/site-packages/airflow/example_dags/example_task_group.py
[2023-12-15T12:03:43.101+0000] {processor.py:839} INFO - DAG(s) dict_keys(['example_task_group']) retrieved from /home/airflow/.local/lib/python3.8/site-packages/airflow/example_dags/example_task_group.py
[2023-12-15T12:03:43.160+0000] {logging_mixin.py:154} INFO - [2023-12-15T12:03:43.160+0000] {dag.py:2941} INFO - Sync 1 DAGs
[2023-12-15T12:03:43.251+0000] {logging_mixin.py:154} INFO - [2023-12-15T12:03:43.251+0000] {dag.py:3722} INFO - Setting next_dagrun for example_task_group to 2023-12-14T12:03:43.246493+00:00, run_after=2023-12-15T12:03:43.246493+00:00
[2023-12-15T12:03:43.316+0000] {processor.py:179} INFO - Processing /home/airflow/.local/lib/python3.8/site-packages/airflow/example_dags/example_task_group.py took 0.281 seconds
[2023-12-15T12:04:13.683+0000] {processor.py:157} INFO - Started process (PID=2798) to work on /home/airflow/.local/lib/python3.8/site-packages/airflow/example_dags/example_task_group.py
[2023-12-15T12:04:13.686+0000] {processor.py:829} INFO - Processing file /home/airflow/.local/lib/python3.8/site-packages/airflow/example_dags/example_task_group.py for tasks to queue
[2023-12-15T12:04:13.689+0000] {logging_mixin.py:154} INFO - [2023-12-15T12:04:13.689+0000] {dagbag.py:536} INFO - Filling up the DagBag from /home/airflow/.local/lib/python3.8/site-packages/airflow/example_dags/example_task_group.py
[2023-12-15T12:04:13.699+0000] {processor.py:839} INFO - DAG(s) dict_keys(['example_task_group']) retrieved from /home/airflow/.local/lib/python3.8/site-packages/airflow/example_dags/example_task_group.py
[2023-12-15T12:04:13.749+0000] {logging_mixin.py:154} INFO - [2023-12-15T12:04:13.749+0000] {dag.py:2941} INFO - Sync 1 DAGs
[2023-12-15T12:04:13.801+0000] {logging_mixin.py:154} INFO - [2023-12-15T12:04:13.801+0000] {dag.py:3722} INFO - Setting next_dagrun for example_task_group to 2023-12-14T12:04:13.800690+00:00, run_after=2023-12-15T12:04:13.800690+00:00
[2023-12-15T12:04:13.841+0000] {processor.py:179} INFO - Processing /home/airflow/.local/lib/python3.8/site-packages/airflow/example_dags/example_task_group.py took 0.163 seconds
[2023-12-15T12:04:45.046+0000] {processor.py:157} INFO - Started process (PID=2852) to work on /home/airflow/.local/lib/python3.8/site-packages/airflow/example_dags/example_task_group.py
[2023-12-15T12:04:45.048+0000] {processor.py:829} INFO - Processing file /home/airflow/.local/lib/python3.8/site-packages/airflow/example_dags/example_task_group.py for tasks to queue
[2023-12-15T12:04:45.055+0000] {logging_mixin.py:154} INFO - [2023-12-15T12:04:45.054+0000] {dagbag.py:536} INFO - Filling up the DagBag from /home/airflow/.local/lib/python3.8/site-packages/airflow/example_dags/example_task_group.py
[2023-12-15T12:04:45.075+0000] {processor.py:839} INFO - DAG(s) dict_keys(['example_task_group']) retrieved from /home/airflow/.local/lib/python3.8/site-packages/airflow/example_dags/example_task_group.py
[2023-12-15T12:04:45.176+0000] {logging_mixin.py:154} INFO - [2023-12-15T12:04:45.175+0000] {dag.py:2941} INFO - Sync 1 DAGs
[2023-12-15T12:04:45.290+0000] {logging_mixin.py:154} INFO - [2023-12-15T12:04:45.289+0000] {dag.py:3722} INFO - Setting next_dagrun for example_task_group to 2023-12-14T12:04:45.289159+00:00, run_after=2023-12-15T12:04:45.289159+00:00
[2023-12-15T12:04:45.322+0000] {processor.py:179} INFO - Processing /home/airflow/.local/lib/python3.8/site-packages/airflow/example_dags/example_task_group.py took 0.282 seconds
[2023-12-15T12:05:16.367+0000] {processor.py:157} INFO - Started process (PID=2906) to work on /home/airflow/.local/lib/python3.8/site-packages/airflow/example_dags/example_task_group.py
[2023-12-15T12:05:16.379+0000] {processor.py:829} INFO - Processing file /home/airflow/.local/lib/python3.8/site-packages/airflow/example_dags/example_task_group.py for tasks to queue
[2023-12-15T12:05:16.389+0000] {logging_mixin.py:154} INFO - [2023-12-15T12:05:16.388+0000] {dagbag.py:536} INFO - Filling up the DagBag from /home/airflow/.local/lib/python3.8/site-packages/airflow/example_dags/example_task_group.py
[2023-12-15T12:05:16.455+0000] {processor.py:839} INFO - DAG(s) dict_keys(['example_task_group']) retrieved from /home/airflow/.local/lib/python3.8/site-packages/airflow/example_dags/example_task_group.py
[2023-12-15T12:05:16.891+0000] {logging_mixin.py:154} INFO - [2023-12-15T12:05:16.873+0000] {dag.py:2941} INFO - Sync 1 DAGs
[2023-12-15T12:05:17.050+0000] {logging_mixin.py:154} INFO - [2023-12-15T12:05:17.048+0000] {dag.py:3722} INFO - Setting next_dagrun for example_task_group to 2023-12-14T12:05:17.033384+00:00, run_after=2023-12-15T12:05:17.033384+00:00
[2023-12-15T12:05:17.198+0000] {processor.py:179} INFO - Processing /home/airflow/.local/lib/python3.8/site-packages/airflow/example_dags/example_task_group.py took 0.850 seconds
[2023-12-15T12:05:48.996+0000] {processor.py:157} INFO - Started process (PID=2959) to work on /home/airflow/.local/lib/python3.8/site-packages/airflow/example_dags/example_task_group.py
[2023-12-15T12:05:49.003+0000] {processor.py:829} INFO - Processing file /home/airflow/.local/lib/python3.8/site-packages/airflow/example_dags/example_task_group.py for tasks to queue
[2023-12-15T12:05:49.009+0000] {logging_mixin.py:154} INFO - [2023-12-15T12:05:49.008+0000] {dagbag.py:536} INFO - Filling up the DagBag from /home/airflow/.local/lib/python3.8/site-packages/airflow/example_dags/example_task_group.py
[2023-12-15T12:05:49.061+0000] {processor.py:839} INFO - DAG(s) dict_keys(['example_task_group']) retrieved from /home/airflow/.local/lib/python3.8/site-packages/airflow/example_dags/example_task_group.py
[2023-12-15T12:05:49.207+0000] {logging_mixin.py:154} INFO - [2023-12-15T12:05:49.206+0000] {dag.py:2941} INFO - Sync 1 DAGs
[2023-12-15T12:05:49.275+0000] {logging_mixin.py:154} INFO - [2023-12-15T12:05:49.275+0000] {dag.py:3722} INFO - Setting next_dagrun for example_task_group to 2023-12-14T12:05:49.274487+00:00, run_after=2023-12-15T12:05:49.274487+00:00
[2023-12-15T12:05:49.310+0000] {processor.py:179} INFO - Processing /home/airflow/.local/lib/python3.8/site-packages/airflow/example_dags/example_task_group.py took 0.328 seconds
[2023-12-15T12:06:19.545+0000] {processor.py:157} INFO - Started process (PID=3012) to work on /home/airflow/.local/lib/python3.8/site-packages/airflow/example_dags/example_task_group.py
[2023-12-15T12:06:19.550+0000] {processor.py:829} INFO - Processing file /home/airflow/.local/lib/python3.8/site-packages/airflow/example_dags/example_task_group.py for tasks to queue
[2023-12-15T12:06:19.556+0000] {logging_mixin.py:154} INFO - [2023-12-15T12:06:19.556+0000] {dagbag.py:536} INFO - Filling up the DagBag from /home/airflow/.local/lib/python3.8/site-packages/airflow/example_dags/example_task_group.py
[2023-12-15T12:06:19.568+0000] {processor.py:839} INFO - DAG(s) dict_keys(['example_task_group']) retrieved from /home/airflow/.local/lib/python3.8/site-packages/airflow/example_dags/example_task_group.py
[2023-12-15T12:06:19.610+0000] {logging_mixin.py:154} INFO - [2023-12-15T12:06:19.609+0000] {dag.py:2941} INFO - Sync 1 DAGs
[2023-12-15T12:06:19.655+0000] {logging_mixin.py:154} INFO - [2023-12-15T12:06:19.655+0000] {dag.py:3722} INFO - Setting next_dagrun for example_task_group to 2023-12-14T12:06:19.654730+00:00, run_after=2023-12-15T12:06:19.654730+00:00
[2023-12-15T12:06:19.704+0000] {processor.py:179} INFO - Processing /home/airflow/.local/lib/python3.8/site-packages/airflow/example_dags/example_task_group.py took 0.170 seconds
[2023-12-15T12:06:50.493+0000] {processor.py:157} INFO - Started process (PID=3064) to work on /home/airflow/.local/lib/python3.8/site-packages/airflow/example_dags/example_task_group.py
[2023-12-15T12:06:50.499+0000] {processor.py:829} INFO - Processing file /home/airflow/.local/lib/python3.8/site-packages/airflow/example_dags/example_task_group.py for tasks to queue
[2023-12-15T12:06:50.509+0000] {logging_mixin.py:154} INFO - [2023-12-15T12:06:50.508+0000] {dagbag.py:536} INFO - Filling up the DagBag from /home/airflow/.local/lib/python3.8/site-packages/airflow/example_dags/example_task_group.py
[2023-12-15T12:06:50.548+0000] {processor.py:839} INFO - DAG(s) dict_keys(['example_task_group']) retrieved from /home/airflow/.local/lib/python3.8/site-packages/airflow/example_dags/example_task_group.py
[2023-12-15T12:06:50.674+0000] {logging_mixin.py:154} INFO - [2023-12-15T12:06:50.673+0000] {dag.py:2941} INFO - Sync 1 DAGs
[2023-12-15T12:06:50.721+0000] {logging_mixin.py:154} INFO - [2023-12-15T12:06:50.721+0000] {dag.py:3722} INFO - Setting next_dagrun for example_task_group to 2023-12-14T12:06:50.720563+00:00, run_after=2023-12-15T12:06:50.720563+00:00
[2023-12-15T12:06:50.746+0000] {processor.py:179} INFO - Processing /home/airflow/.local/lib/python3.8/site-packages/airflow/example_dags/example_task_group.py took 0.272 seconds
[2023-12-15T12:07:21.400+0000] {processor.py:157} INFO - Started process (PID=3117) to work on /home/airflow/.local/lib/python3.8/site-packages/airflow/example_dags/example_task_group.py
[2023-12-15T12:07:21.404+0000] {processor.py:829} INFO - Processing file /home/airflow/.local/lib/python3.8/site-packages/airflow/example_dags/example_task_group.py for tasks to queue
[2023-12-15T12:07:21.419+0000] {logging_mixin.py:154} INFO - [2023-12-15T12:07:21.418+0000] {dagbag.py:536} INFO - Filling up the DagBag from /home/airflow/.local/lib/python3.8/site-packages/airflow/example_dags/example_task_group.py
[2023-12-15T12:07:21.442+0000] {processor.py:839} INFO - DAG(s) dict_keys(['example_task_group']) retrieved from /home/airflow/.local/lib/python3.8/site-packages/airflow/example_dags/example_task_group.py
[2023-12-15T12:07:21.514+0000] {logging_mixin.py:154} INFO - [2023-12-15T12:07:21.514+0000] {dag.py:2941} INFO - Sync 1 DAGs
[2023-12-15T12:07:21.560+0000] {logging_mixin.py:154} INFO - [2023-12-15T12:07:21.559+0000] {dag.py:3722} INFO - Setting next_dagrun for example_task_group to 2023-12-14T12:07:21.555994+00:00, run_after=2023-12-15T12:07:21.555994+00:00
[2023-12-15T12:07:21.587+0000] {processor.py:179} INFO - Processing /home/airflow/.local/lib/python3.8/site-packages/airflow/example_dags/example_task_group.py took 0.195 seconds
[2023-12-15T12:07:52.585+0000] {processor.py:157} INFO - Started process (PID=3171) to work on /home/airflow/.local/lib/python3.8/site-packages/airflow/example_dags/example_task_group.py
[2023-12-15T12:07:52.588+0000] {processor.py:829} INFO - Processing file /home/airflow/.local/lib/python3.8/site-packages/airflow/example_dags/example_task_group.py for tasks to queue
[2023-12-15T12:07:52.607+0000] {logging_mixin.py:154} INFO - [2023-12-15T12:07:52.602+0000] {dagbag.py:536} INFO - Filling up the DagBag from /home/airflow/.local/lib/python3.8/site-packages/airflow/example_dags/example_task_group.py
[2023-12-15T12:07:52.620+0000] {processor.py:839} INFO - DAG(s) dict_keys(['example_task_group']) retrieved from /home/airflow/.local/lib/python3.8/site-packages/airflow/example_dags/example_task_group.py
[2023-12-15T12:07:52.677+0000] {logging_mixin.py:154} INFO - [2023-12-15T12:07:52.677+0000] {dag.py:2941} INFO - Sync 1 DAGs
[2023-12-15T12:07:52.740+0000] {logging_mixin.py:154} INFO - [2023-12-15T12:07:52.739+0000] {dag.py:3722} INFO - Setting next_dagrun for example_task_group to 2023-12-14T12:07:52.735609+00:00, run_after=2023-12-15T12:07:52.735609+00:00
[2023-12-15T12:07:52.780+0000] {processor.py:179} INFO - Processing /home/airflow/.local/lib/python3.8/site-packages/airflow/example_dags/example_task_group.py took 0.264 seconds
[2023-12-15T12:08:23.441+0000] {processor.py:157} INFO - Started process (PID=3225) to work on /home/airflow/.local/lib/python3.8/site-packages/airflow/example_dags/example_task_group.py
[2023-12-15T12:08:23.451+0000] {processor.py:829} INFO - Processing file /home/airflow/.local/lib/python3.8/site-packages/airflow/example_dags/example_task_group.py for tasks to queue
[2023-12-15T12:08:23.471+0000] {logging_mixin.py:154} INFO - [2023-12-15T12:08:23.466+0000] {dagbag.py:536} INFO - Filling up the DagBag from /home/airflow/.local/lib/python3.8/site-packages/airflow/example_dags/example_task_group.py
[2023-12-15T12:08:23.580+0000] {processor.py:839} INFO - DAG(s) dict_keys(['example_task_group']) retrieved from /home/airflow/.local/lib/python3.8/site-packages/airflow/example_dags/example_task_group.py
[2023-12-15T12:08:23.745+0000] {logging_mixin.py:154} INFO - [2023-12-15T12:08:23.744+0000] {dag.py:2941} INFO - Sync 1 DAGs
[2023-12-15T12:08:23.789+0000] {logging_mixin.py:154} INFO - [2023-12-15T12:08:23.789+0000] {dag.py:3722} INFO - Setting next_dagrun for example_task_group to 2023-12-14T12:08:23.788515+00:00, run_after=2023-12-15T12:08:23.788515+00:00
[2023-12-15T12:08:23.824+0000] {processor.py:179} INFO - Processing /home/airflow/.local/lib/python3.8/site-packages/airflow/example_dags/example_task_group.py took 0.404 seconds
[2023-12-15T12:08:56.947+0000] {processor.py:157} INFO - Started process (PID=3279) to work on /home/airflow/.local/lib/python3.8/site-packages/airflow/example_dags/example_task_group.py
[2023-12-15T12:08:56.973+0000] {processor.py:829} INFO - Processing file /home/airflow/.local/lib/python3.8/site-packages/airflow/example_dags/example_task_group.py for tasks to queue
[2023-12-15T12:08:57.203+0000] {logging_mixin.py:154} INFO - [2023-12-15T12:08:57.202+0000] {dagbag.py:536} INFO - Filling up the DagBag from /home/airflow/.local/lib/python3.8/site-packages/airflow/example_dags/example_task_group.py
[2023-12-15T12:08:57.317+0000] {processor.py:839} INFO - DAG(s) dict_keys(['example_task_group']) retrieved from /home/airflow/.local/lib/python3.8/site-packages/airflow/example_dags/example_task_group.py
[2023-12-15T12:08:57.583+0000] {logging_mixin.py:154} INFO - [2023-12-15T12:08:57.583+0000] {dag.py:2941} INFO - Sync 1 DAGs
[2023-12-15T12:08:57.864+0000] {logging_mixin.py:154} INFO - [2023-12-15T12:08:57.863+0000] {dag.py:3722} INFO - Setting next_dagrun for example_task_group to 2023-12-14T12:08:57.860062+00:00, run_after=2023-12-15T12:08:57.860062+00:00
[2023-12-15T12:08:57.944+0000] {processor.py:179} INFO - Processing /home/airflow/.local/lib/python3.8/site-packages/airflow/example_dags/example_task_group.py took 1.192 seconds
[2023-12-15T12:09:28.172+0000] {processor.py:157} INFO - Started process (PID=3332) to work on /home/airflow/.local/lib/python3.8/site-packages/airflow/example_dags/example_task_group.py
[2023-12-15T12:09:28.174+0000] {processor.py:829} INFO - Processing file /home/airflow/.local/lib/python3.8/site-packages/airflow/example_dags/example_task_group.py for tasks to queue
[2023-12-15T12:09:28.182+0000] {logging_mixin.py:154} INFO - [2023-12-15T12:09:28.182+0000] {dagbag.py:536} INFO - Filling up the DagBag from /home/airflow/.local/lib/python3.8/site-packages/airflow/example_dags/example_task_group.py
[2023-12-15T12:09:28.197+0000] {processor.py:839} INFO - DAG(s) dict_keys(['example_task_group']) retrieved from /home/airflow/.local/lib/python3.8/site-packages/airflow/example_dags/example_task_group.py
[2023-12-15T12:09:28.280+0000] {logging_mixin.py:154} INFO - [2023-12-15T12:09:28.280+0000] {dag.py:2941} INFO - Sync 1 DAGs
[2023-12-15T12:09:28.311+0000] {logging_mixin.py:154} INFO - [2023-12-15T12:09:28.311+0000] {dag.py:3722} INFO - Setting next_dagrun for example_task_group to 2023-12-14T12:09:28.309548+00:00, run_after=2023-12-15T12:09:28.309548+00:00
[2023-12-15T12:09:28.333+0000] {processor.py:179} INFO - Processing /home/airflow/.local/lib/python3.8/site-packages/airflow/example_dags/example_task_group.py took 0.167 seconds
[2023-12-15T12:09:59.203+0000] {processor.py:157} INFO - Started process (PID=3386) to work on /home/airflow/.local/lib/python3.8/site-packages/airflow/example_dags/example_task_group.py
[2023-12-15T12:09:59.206+0000] {processor.py:829} INFO - Processing file /home/airflow/.local/lib/python3.8/site-packages/airflow/example_dags/example_task_group.py for tasks to queue
[2023-12-15T12:09:59.211+0000] {logging_mixin.py:154} INFO - [2023-12-15T12:09:59.210+0000] {dagbag.py:536} INFO - Filling up the DagBag from /home/airflow/.local/lib/python3.8/site-packages/airflow/example_dags/example_task_group.py
[2023-12-15T12:09:59.225+0000] {processor.py:839} INFO - DAG(s) dict_keys(['example_task_group']) retrieved from /home/airflow/.local/lib/python3.8/site-packages/airflow/example_dags/example_task_group.py
[2023-12-15T12:09:59.270+0000] {logging_mixin.py:154} INFO - [2023-12-15T12:09:59.270+0000] {dag.py:2941} INFO - Sync 1 DAGs
[2023-12-15T12:09:59.300+0000] {logging_mixin.py:154} INFO - [2023-12-15T12:09:59.300+0000] {dag.py:3722} INFO - Setting next_dagrun for example_task_group to 2023-12-14T12:09:59.299998+00:00, run_after=2023-12-15T12:09:59.299998+00:00
[2023-12-15T12:09:59.324+0000] {processor.py:179} INFO - Processing /home/airflow/.local/lib/python3.8/site-packages/airflow/example_dags/example_task_group.py took 0.124 seconds
