[2023-12-15T11:37:07.761+0000] {processor.py:157} INFO - Started process (PID=82) to work on /home/airflow/.local/lib/python3.8/site-packages/airflow/example_dags/example_latest_only_with_trigger.py
[2023-12-15T11:37:07.767+0000] {processor.py:829} INFO - Processing file /home/airflow/.local/lib/python3.8/site-packages/airflow/example_dags/example_latest_only_with_trigger.py for tasks to queue
[2023-12-15T11:37:07.775+0000] {logging_mixin.py:154} INFO - [2023-12-15T11:37:07.774+0000] {dagbag.py:536} INFO - Filling up the DagBag from /home/airflow/.local/lib/python3.8/site-packages/airflow/example_dags/example_latest_only_with_trigger.py
[2023-12-15T11:37:07.823+0000] {processor.py:839} INFO - DAG(s) dict_keys(['latest_only_with_trigger']) retrieved from /home/airflow/.local/lib/python3.8/site-packages/airflow/example_dags/example_latest_only_with_trigger.py
[2023-12-15T11:37:08.449+0000] {logging_mixin.py:154} INFO - [2023-12-15T11:37:08.446+0000] {dag.py:2941} INFO - Sync 1 DAGs
[2023-12-15T11:37:08.800+0000] {logging_mixin.py:154} INFO - [2023-12-15T11:37:08.796+0000] {dag.py:3722} INFO - Setting next_dagrun for latest_only_with_trigger to 2023-12-15T07:37:08.792559+00:00, run_after=2023-12-15T11:37:08.792559+00:00
[2023-12-15T11:37:09.052+0000] {processor.py:179} INFO - Processing /home/airflow/.local/lib/python3.8/site-packages/airflow/example_dags/example_latest_only_with_trigger.py took 1.303 seconds
[2023-12-15T11:37:39.585+0000] {processor.py:157} INFO - Started process (PID=136) to work on /home/airflow/.local/lib/python3.8/site-packages/airflow/example_dags/example_latest_only_with_trigger.py
[2023-12-15T11:37:39.596+0000] {processor.py:829} INFO - Processing file /home/airflow/.local/lib/python3.8/site-packages/airflow/example_dags/example_latest_only_with_trigger.py for tasks to queue
[2023-12-15T11:37:39.625+0000] {logging_mixin.py:154} INFO - [2023-12-15T11:37:39.612+0000] {dagbag.py:536} INFO - Filling up the DagBag from /home/airflow/.local/lib/python3.8/site-packages/airflow/example_dags/example_latest_only_with_trigger.py
[2023-12-15T11:37:39.695+0000] {processor.py:839} INFO - DAG(s) dict_keys(['latest_only_with_trigger']) retrieved from /home/airflow/.local/lib/python3.8/site-packages/airflow/example_dags/example_latest_only_with_trigger.py
[2023-12-15T11:37:40.026+0000] {logging_mixin.py:154} INFO - [2023-12-15T11:37:40.026+0000] {dag.py:2941} INFO - Sync 1 DAGs
[2023-12-15T11:37:40.215+0000] {logging_mixin.py:154} INFO - [2023-12-15T11:37:40.215+0000] {dag.py:3722} INFO - Setting next_dagrun for latest_only_with_trigger to 2023-12-15T07:37:40.214636+00:00, run_after=2023-12-15T11:37:40.214636+00:00
[2023-12-15T11:37:40.483+0000] {processor.py:179} INFO - Processing /home/airflow/.local/lib/python3.8/site-packages/airflow/example_dags/example_latest_only_with_trigger.py took 0.914 seconds
[2023-12-15T11:38:10.752+0000] {processor.py:157} INFO - Started process (PID=190) to work on /home/airflow/.local/lib/python3.8/site-packages/airflow/example_dags/example_latest_only_with_trigger.py
[2023-12-15T11:38:10.753+0000] {processor.py:829} INFO - Processing file /home/airflow/.local/lib/python3.8/site-packages/airflow/example_dags/example_latest_only_with_trigger.py for tasks to queue
[2023-12-15T11:38:10.756+0000] {logging_mixin.py:154} INFO - [2023-12-15T11:38:10.755+0000] {dagbag.py:536} INFO - Filling up the DagBag from /home/airflow/.local/lib/python3.8/site-packages/airflow/example_dags/example_latest_only_with_trigger.py
[2023-12-15T11:38:10.763+0000] {processor.py:839} INFO - DAG(s) dict_keys(['latest_only_with_trigger']) retrieved from /home/airflow/.local/lib/python3.8/site-packages/airflow/example_dags/example_latest_only_with_trigger.py
[2023-12-15T11:38:10.785+0000] {logging_mixin.py:154} INFO - [2023-12-15T11:38:10.785+0000] {dag.py:2941} INFO - Sync 1 DAGs
[2023-12-15T11:38:10.822+0000] {logging_mixin.py:154} INFO - [2023-12-15T11:38:10.822+0000] {dag.py:3722} INFO - Setting next_dagrun for latest_only_with_trigger to 2023-12-15T07:38:10.821376+00:00, run_after=2023-12-15T11:38:10.821376+00:00
[2023-12-15T11:38:10.838+0000] {processor.py:179} INFO - Processing /home/airflow/.local/lib/python3.8/site-packages/airflow/example_dags/example_latest_only_with_trigger.py took 0.090 seconds
[2023-12-15T11:38:41.061+0000] {processor.py:157} INFO - Started process (PID=244) to work on /home/airflow/.local/lib/python3.8/site-packages/airflow/example_dags/example_latest_only_with_trigger.py
[2023-12-15T11:38:41.065+0000] {processor.py:829} INFO - Processing file /home/airflow/.local/lib/python3.8/site-packages/airflow/example_dags/example_latest_only_with_trigger.py for tasks to queue
[2023-12-15T11:38:41.075+0000] {logging_mixin.py:154} INFO - [2023-12-15T11:38:41.074+0000] {dagbag.py:536} INFO - Filling up the DagBag from /home/airflow/.local/lib/python3.8/site-packages/airflow/example_dags/example_latest_only_with_trigger.py
[2023-12-15T11:38:41.104+0000] {processor.py:839} INFO - DAG(s) dict_keys(['latest_only_with_trigger']) retrieved from /home/airflow/.local/lib/python3.8/site-packages/airflow/example_dags/example_latest_only_with_trigger.py
[2023-12-15T11:38:41.211+0000] {logging_mixin.py:154} INFO - [2023-12-15T11:38:41.210+0000] {dag.py:2941} INFO - Sync 1 DAGs
[2023-12-15T11:38:41.280+0000] {logging_mixin.py:154} INFO - [2023-12-15T11:38:41.280+0000] {dag.py:3722} INFO - Setting next_dagrun for latest_only_with_trigger to 2023-12-15T07:38:41.278996+00:00, run_after=2023-12-15T11:38:41.278996+00:00
[2023-12-15T11:38:41.378+0000] {processor.py:179} INFO - Processing /home/airflow/.local/lib/python3.8/site-packages/airflow/example_dags/example_latest_only_with_trigger.py took 0.340 seconds
[2023-12-15T11:39:11.933+0000] {processor.py:157} INFO - Started process (PID=297) to work on /home/airflow/.local/lib/python3.8/site-packages/airflow/example_dags/example_latest_only_with_trigger.py
[2023-12-15T11:39:11.938+0000] {processor.py:829} INFO - Processing file /home/airflow/.local/lib/python3.8/site-packages/airflow/example_dags/example_latest_only_with_trigger.py for tasks to queue
[2023-12-15T11:39:11.963+0000] {logging_mixin.py:154} INFO - [2023-12-15T11:39:11.959+0000] {dagbag.py:536} INFO - Filling up the DagBag from /home/airflow/.local/lib/python3.8/site-packages/airflow/example_dags/example_latest_only_with_trigger.py
[2023-12-15T11:39:11.990+0000] {processor.py:839} INFO - DAG(s) dict_keys(['latest_only_with_trigger']) retrieved from /home/airflow/.local/lib/python3.8/site-packages/airflow/example_dags/example_latest_only_with_trigger.py
[2023-12-15T11:39:12.113+0000] {logging_mixin.py:154} INFO - [2023-12-15T11:39:12.113+0000] {dag.py:2941} INFO - Sync 1 DAGs
[2023-12-15T11:39:12.159+0000] {logging_mixin.py:154} INFO - [2023-12-15T11:39:12.158+0000] {dag.py:3722} INFO - Setting next_dagrun for latest_only_with_trigger to 2023-12-15T07:39:12.157154+00:00, run_after=2023-12-15T11:39:12.157154+00:00
[2023-12-15T11:39:12.194+0000] {processor.py:179} INFO - Processing /home/airflow/.local/lib/python3.8/site-packages/airflow/example_dags/example_latest_only_with_trigger.py took 0.275 seconds
[2023-12-15T11:39:46.018+0000] {processor.py:157} INFO - Started process (PID=351) to work on /home/airflow/.local/lib/python3.8/site-packages/airflow/example_dags/example_latest_only_with_trigger.py
[2023-12-15T11:39:46.020+0000] {processor.py:829} INFO - Processing file /home/airflow/.local/lib/python3.8/site-packages/airflow/example_dags/example_latest_only_with_trigger.py for tasks to queue
[2023-12-15T11:39:46.025+0000] {logging_mixin.py:154} INFO - [2023-12-15T11:39:46.024+0000] {dagbag.py:536} INFO - Filling up the DagBag from /home/airflow/.local/lib/python3.8/site-packages/airflow/example_dags/example_latest_only_with_trigger.py
[2023-12-15T11:39:46.038+0000] {processor.py:839} INFO - DAG(s) dict_keys(['latest_only_with_trigger']) retrieved from /home/airflow/.local/lib/python3.8/site-packages/airflow/example_dags/example_latest_only_with_trigger.py
[2023-12-15T11:39:46.082+0000] {logging_mixin.py:154} INFO - [2023-12-15T11:39:46.082+0000] {dag.py:2941} INFO - Sync 1 DAGs
[2023-12-15T11:39:46.137+0000] {logging_mixin.py:154} INFO - [2023-12-15T11:39:46.137+0000] {dag.py:3722} INFO - Setting next_dagrun for latest_only_with_trigger to 2023-12-15T07:39:46.135198+00:00, run_after=2023-12-15T11:39:46.135198+00:00
[2023-12-15T11:39:46.178+0000] {processor.py:179} INFO - Processing /home/airflow/.local/lib/python3.8/site-packages/airflow/example_dags/example_latest_only_with_trigger.py took 0.164 seconds
[2023-12-15T11:40:19.720+0000] {processor.py:157} INFO - Started process (PID=405) to work on /home/airflow/.local/lib/python3.8/site-packages/airflow/example_dags/example_latest_only_with_trigger.py
[2023-12-15T11:40:19.723+0000] {processor.py:829} INFO - Processing file /home/airflow/.local/lib/python3.8/site-packages/airflow/example_dags/example_latest_only_with_trigger.py for tasks to queue
[2023-12-15T11:40:19.726+0000] {logging_mixin.py:154} INFO - [2023-12-15T11:40:19.726+0000] {dagbag.py:536} INFO - Filling up the DagBag from /home/airflow/.local/lib/python3.8/site-packages/airflow/example_dags/example_latest_only_with_trigger.py
[2023-12-15T11:40:19.739+0000] {processor.py:839} INFO - DAG(s) dict_keys(['latest_only_with_trigger']) retrieved from /home/airflow/.local/lib/python3.8/site-packages/airflow/example_dags/example_latest_only_with_trigger.py
[2023-12-15T11:40:19.775+0000] {logging_mixin.py:154} INFO - [2023-12-15T11:40:19.775+0000] {dag.py:2941} INFO - Sync 1 DAGs
[2023-12-15T11:40:19.799+0000] {logging_mixin.py:154} INFO - [2023-12-15T11:40:19.799+0000] {dag.py:3722} INFO - Setting next_dagrun for latest_only_with_trigger to 2023-12-15T07:40:19.799081+00:00, run_after=2023-12-15T11:40:19.799081+00:00
[2023-12-15T11:40:19.841+0000] {processor.py:179} INFO - Processing /home/airflow/.local/lib/python3.8/site-packages/airflow/example_dags/example_latest_only_with_trigger.py took 0.127 seconds
[2023-12-15T11:40:53.071+0000] {processor.py:157} INFO - Started process (PID=457) to work on /home/airflow/.local/lib/python3.8/site-packages/airflow/example_dags/example_latest_only_with_trigger.py
[2023-12-15T11:40:53.089+0000] {processor.py:829} INFO - Processing file /home/airflow/.local/lib/python3.8/site-packages/airflow/example_dags/example_latest_only_with_trigger.py for tasks to queue
[2023-12-15T11:40:53.136+0000] {logging_mixin.py:154} INFO - [2023-12-15T11:40:53.131+0000] {dagbag.py:536} INFO - Filling up the DagBag from /home/airflow/.local/lib/python3.8/site-packages/airflow/example_dags/example_latest_only_with_trigger.py
[2023-12-15T11:40:53.209+0000] {processor.py:839} INFO - DAG(s) dict_keys(['latest_only_with_trigger']) retrieved from /home/airflow/.local/lib/python3.8/site-packages/airflow/example_dags/example_latest_only_with_trigger.py
[2023-12-15T11:40:53.411+0000] {logging_mixin.py:154} INFO - [2023-12-15T11:40:53.411+0000] {dag.py:2941} INFO - Sync 1 DAGs
[2023-12-15T11:40:53.862+0000] {logging_mixin.py:154} INFO - [2023-12-15T11:40:53.854+0000] {dag.py:3722} INFO - Setting next_dagrun for latest_only_with_trigger to 2023-12-15T07:40:53.849114+00:00, run_after=2023-12-15T11:40:53.849114+00:00
[2023-12-15T11:40:54.223+0000] {processor.py:179} INFO - Processing /home/airflow/.local/lib/python3.8/site-packages/airflow/example_dags/example_latest_only_with_trigger.py took 1.260 seconds
[2023-12-15T11:41:24.466+0000] {processor.py:157} INFO - Started process (PID=510) to work on /home/airflow/.local/lib/python3.8/site-packages/airflow/example_dags/example_latest_only_with_trigger.py
[2023-12-15T11:41:24.493+0000] {processor.py:829} INFO - Processing file /home/airflow/.local/lib/python3.8/site-packages/airflow/example_dags/example_latest_only_with_trigger.py for tasks to queue
[2023-12-15T11:41:24.501+0000] {logging_mixin.py:154} INFO - [2023-12-15T11:41:24.501+0000] {dagbag.py:536} INFO - Filling up the DagBag from /home/airflow/.local/lib/python3.8/site-packages/airflow/example_dags/example_latest_only_with_trigger.py
[2023-12-15T11:41:24.519+0000] {processor.py:839} INFO - DAG(s) dict_keys(['latest_only_with_trigger']) retrieved from /home/airflow/.local/lib/python3.8/site-packages/airflow/example_dags/example_latest_only_with_trigger.py
[2023-12-15T11:41:24.565+0000] {logging_mixin.py:154} INFO - [2023-12-15T11:41:24.565+0000] {dag.py:2941} INFO - Sync 1 DAGs
[2023-12-15T11:41:24.608+0000] {logging_mixin.py:154} INFO - [2023-12-15T11:41:24.607+0000] {dag.py:3722} INFO - Setting next_dagrun for latest_only_with_trigger to 2023-12-15T07:41:24.601627+00:00, run_after=2023-12-15T11:41:24.601627+00:00
[2023-12-15T11:41:24.641+0000] {processor.py:179} INFO - Processing /home/airflow/.local/lib/python3.8/site-packages/airflow/example_dags/example_latest_only_with_trigger.py took 0.187 seconds
[2023-12-15T11:41:54.733+0000] {processor.py:157} INFO - Started process (PID=564) to work on /home/airflow/.local/lib/python3.8/site-packages/airflow/example_dags/example_latest_only_with_trigger.py
[2023-12-15T11:41:54.760+0000] {processor.py:829} INFO - Processing file /home/airflow/.local/lib/python3.8/site-packages/airflow/example_dags/example_latest_only_with_trigger.py for tasks to queue
[2023-12-15T11:41:54.777+0000] {logging_mixin.py:154} INFO - [2023-12-15T11:41:54.777+0000] {dagbag.py:536} INFO - Filling up the DagBag from /home/airflow/.local/lib/python3.8/site-packages/airflow/example_dags/example_latest_only_with_trigger.py
[2023-12-15T11:41:54.797+0000] {processor.py:839} INFO - DAG(s) dict_keys(['latest_only_with_trigger']) retrieved from /home/airflow/.local/lib/python3.8/site-packages/airflow/example_dags/example_latest_only_with_trigger.py
[2023-12-15T11:41:54.862+0000] {logging_mixin.py:154} INFO - [2023-12-15T11:41:54.862+0000] {dag.py:2941} INFO - Sync 1 DAGs
[2023-12-15T11:41:54.911+0000] {logging_mixin.py:154} INFO - [2023-12-15T11:41:54.911+0000] {dag.py:3722} INFO - Setting next_dagrun for latest_only_with_trigger to 2023-12-15T07:41:54.906885+00:00, run_after=2023-12-15T11:41:54.906885+00:00
[2023-12-15T11:41:54.933+0000] {processor.py:179} INFO - Processing /home/airflow/.local/lib/python3.8/site-packages/airflow/example_dags/example_latest_only_with_trigger.py took 0.210 seconds
[2023-12-15T11:42:25.978+0000] {processor.py:157} INFO - Started process (PID=619) to work on /home/airflow/.local/lib/python3.8/site-packages/airflow/example_dags/example_latest_only_with_trigger.py
[2023-12-15T11:42:25.989+0000] {processor.py:829} INFO - Processing file /home/airflow/.local/lib/python3.8/site-packages/airflow/example_dags/example_latest_only_with_trigger.py for tasks to queue
[2023-12-15T11:42:25.998+0000] {logging_mixin.py:154} INFO - [2023-12-15T11:42:25.997+0000] {dagbag.py:536} INFO - Filling up the DagBag from /home/airflow/.local/lib/python3.8/site-packages/airflow/example_dags/example_latest_only_with_trigger.py
[2023-12-15T11:42:26.053+0000] {processor.py:839} INFO - DAG(s) dict_keys(['latest_only_with_trigger']) retrieved from /home/airflow/.local/lib/python3.8/site-packages/airflow/example_dags/example_latest_only_with_trigger.py
[2023-12-15T11:42:26.196+0000] {logging_mixin.py:154} INFO - [2023-12-15T11:42:26.195+0000] {dag.py:2941} INFO - Sync 1 DAGs
[2023-12-15T11:42:26.303+0000] {logging_mixin.py:154} INFO - [2023-12-15T11:42:26.302+0000] {dag.py:3722} INFO - Setting next_dagrun for latest_only_with_trigger to 2023-12-15T07:42:26.300074+00:00, run_after=2023-12-15T11:42:26.300074+00:00
[2023-12-15T11:42:26.359+0000] {processor.py:179} INFO - Processing /home/airflow/.local/lib/python3.8/site-packages/airflow/example_dags/example_latest_only_with_trigger.py took 0.401 seconds
[2023-12-15T11:43:05.218+0000] {processor.py:157} INFO - Started process (PID=674) to work on /home/airflow/.local/lib/python3.8/site-packages/airflow/example_dags/example_latest_only_with_trigger.py
[2023-12-15T11:43:05.224+0000] {processor.py:829} INFO - Processing file /home/airflow/.local/lib/python3.8/site-packages/airflow/example_dags/example_latest_only_with_trigger.py for tasks to queue
[2023-12-15T11:43:05.235+0000] {logging_mixin.py:154} INFO - [2023-12-15T11:43:05.234+0000] {dagbag.py:536} INFO - Filling up the DagBag from /home/airflow/.local/lib/python3.8/site-packages/airflow/example_dags/example_latest_only_with_trigger.py
[2023-12-15T11:43:05.266+0000] {processor.py:839} INFO - DAG(s) dict_keys(['latest_only_with_trigger']) retrieved from /home/airflow/.local/lib/python3.8/site-packages/airflow/example_dags/example_latest_only_with_trigger.py
[2023-12-15T11:43:05.700+0000] {logging_mixin.py:154} INFO - [2023-12-15T11:43:05.699+0000] {dag.py:2941} INFO - Sync 1 DAGs
[2023-12-15T11:43:05.820+0000] {logging_mixin.py:154} INFO - [2023-12-15T11:43:05.819+0000] {dag.py:3722} INFO - Setting next_dagrun for latest_only_with_trigger to 2023-12-15T07:43:05.807228+00:00, run_after=2023-12-15T11:43:05.807228+00:00
[2023-12-15T11:43:05.872+0000] {processor.py:179} INFO - Processing /home/airflow/.local/lib/python3.8/site-packages/airflow/example_dags/example_latest_only_with_trigger.py took 0.657 seconds
[2023-12-15T11:43:41.433+0000] {processor.py:157} INFO - Started process (PID=728) to work on /home/airflow/.local/lib/python3.8/site-packages/airflow/example_dags/example_latest_only_with_trigger.py
[2023-12-15T11:43:41.448+0000] {processor.py:829} INFO - Processing file /home/airflow/.local/lib/python3.8/site-packages/airflow/example_dags/example_latest_only_with_trigger.py for tasks to queue
[2023-12-15T11:43:41.458+0000] {logging_mixin.py:154} INFO - [2023-12-15T11:43:41.458+0000] {dagbag.py:536} INFO - Filling up the DagBag from /home/airflow/.local/lib/python3.8/site-packages/airflow/example_dags/example_latest_only_with_trigger.py
[2023-12-15T11:43:41.470+0000] {processor.py:839} INFO - DAG(s) dict_keys(['latest_only_with_trigger']) retrieved from /home/airflow/.local/lib/python3.8/site-packages/airflow/example_dags/example_latest_only_with_trigger.py
[2023-12-15T11:43:41.515+0000] {logging_mixin.py:154} INFO - [2023-12-15T11:43:41.515+0000] {dag.py:2941} INFO - Sync 1 DAGs
[2023-12-15T11:43:41.571+0000] {logging_mixin.py:154} INFO - [2023-12-15T11:43:41.571+0000] {dag.py:3722} INFO - Setting next_dagrun for latest_only_with_trigger to 2023-12-15T07:43:41.570303+00:00, run_after=2023-12-15T11:43:41.570303+00:00
[2023-12-15T11:43:41.610+0000] {processor.py:179} INFO - Processing /home/airflow/.local/lib/python3.8/site-packages/airflow/example_dags/example_latest_only_with_trigger.py took 0.185 seconds
[2023-12-15T11:44:17.306+0000] {processor.py:157} INFO - Started process (PID=789) to work on /home/airflow/.local/lib/python3.8/site-packages/airflow/example_dags/example_latest_only_with_trigger.py
[2023-12-15T11:44:17.324+0000] {processor.py:829} INFO - Processing file /home/airflow/.local/lib/python3.8/site-packages/airflow/example_dags/example_latest_only_with_trigger.py for tasks to queue
[2023-12-15T11:44:17.329+0000] {logging_mixin.py:154} INFO - [2023-12-15T11:44:17.329+0000] {dagbag.py:536} INFO - Filling up the DagBag from /home/airflow/.local/lib/python3.8/site-packages/airflow/example_dags/example_latest_only_with_trigger.py
[2023-12-15T11:44:17.343+0000] {processor.py:839} INFO - DAG(s) dict_keys(['latest_only_with_trigger']) retrieved from /home/airflow/.local/lib/python3.8/site-packages/airflow/example_dags/example_latest_only_with_trigger.py
[2023-12-15T11:44:17.418+0000] {logging_mixin.py:154} INFO - [2023-12-15T11:44:17.418+0000] {dag.py:2941} INFO - Sync 1 DAGs
[2023-12-15T11:44:17.606+0000] {logging_mixin.py:154} INFO - [2023-12-15T11:44:17.605+0000] {dag.py:3722} INFO - Setting next_dagrun for latest_only_with_trigger to 2023-12-15T07:44:17.604110+00:00, run_after=2023-12-15T11:44:17.604110+00:00
[2023-12-15T11:44:17.667+0000] {processor.py:179} INFO - Processing /home/airflow/.local/lib/python3.8/site-packages/airflow/example_dags/example_latest_only_with_trigger.py took 0.371 seconds
[2023-12-15T11:44:48.411+0000] {processor.py:157} INFO - Started process (PID=843) to work on /home/airflow/.local/lib/python3.8/site-packages/airflow/example_dags/example_latest_only_with_trigger.py
[2023-12-15T11:44:48.414+0000] {processor.py:829} INFO - Processing file /home/airflow/.local/lib/python3.8/site-packages/airflow/example_dags/example_latest_only_with_trigger.py for tasks to queue
[2023-12-15T11:44:48.420+0000] {logging_mixin.py:154} INFO - [2023-12-15T11:44:48.419+0000] {dagbag.py:536} INFO - Filling up the DagBag from /home/airflow/.local/lib/python3.8/site-packages/airflow/example_dags/example_latest_only_with_trigger.py
[2023-12-15T11:44:48.429+0000] {processor.py:839} INFO - DAG(s) dict_keys(['latest_only_with_trigger']) retrieved from /home/airflow/.local/lib/python3.8/site-packages/airflow/example_dags/example_latest_only_with_trigger.py
[2023-12-15T11:44:48.483+0000] {logging_mixin.py:154} INFO - [2023-12-15T11:44:48.483+0000] {dag.py:2941} INFO - Sync 1 DAGs
[2023-12-15T11:44:48.524+0000] {logging_mixin.py:154} INFO - [2023-12-15T11:44:48.524+0000] {dag.py:3722} INFO - Setting next_dagrun for latest_only_with_trigger to 2023-12-15T07:44:48.523290+00:00, run_after=2023-12-15T11:44:48.523290+00:00
[2023-12-15T11:44:48.559+0000] {processor.py:179} INFO - Processing /home/airflow/.local/lib/python3.8/site-packages/airflow/example_dags/example_latest_only_with_trigger.py took 0.152 seconds
[2023-12-15T11:45:19.868+0000] {processor.py:157} INFO - Started process (PID=897) to work on /home/airflow/.local/lib/python3.8/site-packages/airflow/example_dags/example_latest_only_with_trigger.py
[2023-12-15T11:45:19.870+0000] {processor.py:829} INFO - Processing file /home/airflow/.local/lib/python3.8/site-packages/airflow/example_dags/example_latest_only_with_trigger.py for tasks to queue
[2023-12-15T11:45:19.872+0000] {logging_mixin.py:154} INFO - [2023-12-15T11:45:19.872+0000] {dagbag.py:536} INFO - Filling up the DagBag from /home/airflow/.local/lib/python3.8/site-packages/airflow/example_dags/example_latest_only_with_trigger.py
[2023-12-15T11:45:19.878+0000] {processor.py:839} INFO - DAG(s) dict_keys(['latest_only_with_trigger']) retrieved from /home/airflow/.local/lib/python3.8/site-packages/airflow/example_dags/example_latest_only_with_trigger.py
[2023-12-15T11:45:19.910+0000] {logging_mixin.py:154} INFO - [2023-12-15T11:45:19.910+0000] {dag.py:2941} INFO - Sync 1 DAGs
[2023-12-15T11:45:19.939+0000] {logging_mixin.py:154} INFO - [2023-12-15T11:45:19.939+0000] {dag.py:3722} INFO - Setting next_dagrun for latest_only_with_trigger to 2023-12-15T07:45:19.938895+00:00, run_after=2023-12-15T11:45:19.938895+00:00
[2023-12-15T11:45:19.965+0000] {processor.py:179} INFO - Processing /home/airflow/.local/lib/python3.8/site-packages/airflow/example_dags/example_latest_only_with_trigger.py took 0.101 seconds
[2023-12-15T11:45:51.621+0000] {processor.py:157} INFO - Started process (PID=950) to work on /home/airflow/.local/lib/python3.8/site-packages/airflow/example_dags/example_latest_only_with_trigger.py
[2023-12-15T11:45:51.627+0000] {processor.py:829} INFO - Processing file /home/airflow/.local/lib/python3.8/site-packages/airflow/example_dags/example_latest_only_with_trigger.py for tasks to queue
[2023-12-15T11:45:51.637+0000] {logging_mixin.py:154} INFO - [2023-12-15T11:45:51.636+0000] {dagbag.py:536} INFO - Filling up the DagBag from /home/airflow/.local/lib/python3.8/site-packages/airflow/example_dags/example_latest_only_with_trigger.py
[2023-12-15T11:45:51.661+0000] {processor.py:839} INFO - DAG(s) dict_keys(['latest_only_with_trigger']) retrieved from /home/airflow/.local/lib/python3.8/site-packages/airflow/example_dags/example_latest_only_with_trigger.py
[2023-12-15T11:45:51.735+0000] {logging_mixin.py:154} INFO - [2023-12-15T11:45:51.735+0000] {dag.py:2941} INFO - Sync 1 DAGs
[2023-12-15T11:45:51.966+0000] {logging_mixin.py:154} INFO - [2023-12-15T11:45:51.965+0000] {dag.py:3722} INFO - Setting next_dagrun for latest_only_with_trigger to 2023-12-15T07:45:51.958208+00:00, run_after=2023-12-15T11:45:51.958208+00:00
[2023-12-15T11:45:52.048+0000] {processor.py:179} INFO - Processing /home/airflow/.local/lib/python3.8/site-packages/airflow/example_dags/example_latest_only_with_trigger.py took 0.430 seconds
[2023-12-15T11:46:23.269+0000] {processor.py:157} INFO - Started process (PID=1002) to work on /home/airflow/.local/lib/python3.8/site-packages/airflow/example_dags/example_latest_only_with_trigger.py
[2023-12-15T11:46:23.276+0000] {processor.py:829} INFO - Processing file /home/airflow/.local/lib/python3.8/site-packages/airflow/example_dags/example_latest_only_with_trigger.py for tasks to queue
[2023-12-15T11:46:23.293+0000] {logging_mixin.py:154} INFO - [2023-12-15T11:46:23.292+0000] {dagbag.py:536} INFO - Filling up the DagBag from /home/airflow/.local/lib/python3.8/site-packages/airflow/example_dags/example_latest_only_with_trigger.py
[2023-12-15T11:46:23.320+0000] {processor.py:839} INFO - DAG(s) dict_keys(['latest_only_with_trigger']) retrieved from /home/airflow/.local/lib/python3.8/site-packages/airflow/example_dags/example_latest_only_with_trigger.py
[2023-12-15T11:46:23.399+0000] {logging_mixin.py:154} INFO - [2023-12-15T11:46:23.399+0000] {dag.py:2941} INFO - Sync 1 DAGs
[2023-12-15T11:46:23.485+0000] {logging_mixin.py:154} INFO - [2023-12-15T11:46:23.485+0000] {dag.py:3722} INFO - Setting next_dagrun for latest_only_with_trigger to 2023-12-15T07:46:23.484659+00:00, run_after=2023-12-15T11:46:23.484659+00:00
[2023-12-15T11:46:23.505+0000] {processor.py:179} INFO - Processing /home/airflow/.local/lib/python3.8/site-packages/airflow/example_dags/example_latest_only_with_trigger.py took 0.244 seconds
[2023-12-15T11:47:04.371+0000] {processor.py:157} INFO - Started process (PID=1060) to work on /home/airflow/.local/lib/python3.8/site-packages/airflow/example_dags/example_latest_only_with_trigger.py
[2023-12-15T11:47:04.373+0000] {processor.py:829} INFO - Processing file /home/airflow/.local/lib/python3.8/site-packages/airflow/example_dags/example_latest_only_with_trigger.py for tasks to queue
[2023-12-15T11:47:04.376+0000] {logging_mixin.py:154} INFO - [2023-12-15T11:47:04.375+0000] {dagbag.py:536} INFO - Filling up the DagBag from /home/airflow/.local/lib/python3.8/site-packages/airflow/example_dags/example_latest_only_with_trigger.py
[2023-12-15T11:47:04.391+0000] {processor.py:839} INFO - DAG(s) dict_keys(['latest_only_with_trigger']) retrieved from /home/airflow/.local/lib/python3.8/site-packages/airflow/example_dags/example_latest_only_with_trigger.py
[2023-12-15T11:47:04.427+0000] {logging_mixin.py:154} INFO - [2023-12-15T11:47:04.426+0000] {dag.py:2941} INFO - Sync 1 DAGs
[2023-12-15T11:47:04.478+0000] {logging_mixin.py:154} INFO - [2023-12-15T11:47:04.478+0000] {dag.py:3722} INFO - Setting next_dagrun for latest_only_with_trigger to 2023-12-15T07:47:04.477141+00:00, run_after=2023-12-15T11:47:04.477141+00:00
[2023-12-15T11:47:04.540+0000] {processor.py:179} INFO - Processing /home/airflow/.local/lib/python3.8/site-packages/airflow/example_dags/example_latest_only_with_trigger.py took 0.175 seconds
[2023-12-15T11:47:38.675+0000] {processor.py:157} INFO - Started process (PID=1118) to work on /home/airflow/.local/lib/python3.8/site-packages/airflow/example_dags/example_latest_only_with_trigger.py
[2023-12-15T11:47:38.681+0000] {processor.py:829} INFO - Processing file /home/airflow/.local/lib/python3.8/site-packages/airflow/example_dags/example_latest_only_with_trigger.py for tasks to queue
[2023-12-15T11:47:38.685+0000] {logging_mixin.py:154} INFO - [2023-12-15T11:47:38.684+0000] {dagbag.py:536} INFO - Filling up the DagBag from /home/airflow/.local/lib/python3.8/site-packages/airflow/example_dags/example_latest_only_with_trigger.py
[2023-12-15T11:47:38.705+0000] {processor.py:839} INFO - DAG(s) dict_keys(['latest_only_with_trigger']) retrieved from /home/airflow/.local/lib/python3.8/site-packages/airflow/example_dags/example_latest_only_with_trigger.py
[2023-12-15T11:47:38.770+0000] {logging_mixin.py:154} INFO - [2023-12-15T11:47:38.770+0000] {dag.py:2941} INFO - Sync 1 DAGs
[2023-12-15T11:47:38.811+0000] {logging_mixin.py:154} INFO - [2023-12-15T11:47:38.811+0000] {dag.py:3722} INFO - Setting next_dagrun for latest_only_with_trigger to 2023-12-15T07:47:38.811063+00:00, run_after=2023-12-15T11:47:38.811063+00:00
[2023-12-15T11:47:39.266+0000] {processor.py:179} INFO - Processing /home/airflow/.local/lib/python3.8/site-packages/airflow/example_dags/example_latest_only_with_trigger.py took 0.599 seconds
[2023-12-15T11:48:09.660+0000] {processor.py:157} INFO - Started process (PID=1172) to work on /home/airflow/.local/lib/python3.8/site-packages/airflow/example_dags/example_latest_only_with_trigger.py
[2023-12-15T11:48:09.663+0000] {processor.py:829} INFO - Processing file /home/airflow/.local/lib/python3.8/site-packages/airflow/example_dags/example_latest_only_with_trigger.py for tasks to queue
[2023-12-15T11:48:09.667+0000] {logging_mixin.py:154} INFO - [2023-12-15T11:48:09.667+0000] {dagbag.py:536} INFO - Filling up the DagBag from /home/airflow/.local/lib/python3.8/site-packages/airflow/example_dags/example_latest_only_with_trigger.py
[2023-12-15T11:48:09.680+0000] {processor.py:839} INFO - DAG(s) dict_keys(['latest_only_with_trigger']) retrieved from /home/airflow/.local/lib/python3.8/site-packages/airflow/example_dags/example_latest_only_with_trigger.py
[2023-12-15T11:48:09.743+0000] {logging_mixin.py:154} INFO - [2023-12-15T11:48:09.743+0000] {dag.py:2941} INFO - Sync 1 DAGs
[2023-12-15T11:48:09.781+0000] {logging_mixin.py:154} INFO - [2023-12-15T11:48:09.780+0000] {dag.py:3722} INFO - Setting next_dagrun for latest_only_with_trigger to 2023-12-15T07:48:09.776608+00:00, run_after=2023-12-15T11:48:09.776608+00:00
[2023-12-15T11:48:09.829+0000] {processor.py:179} INFO - Processing /home/airflow/.local/lib/python3.8/site-packages/airflow/example_dags/example_latest_only_with_trigger.py took 0.174 seconds
[2023-12-15T11:48:46.997+0000] {processor.py:157} INFO - Started process (PID=1227) to work on /home/airflow/.local/lib/python3.8/site-packages/airflow/example_dags/example_latest_only_with_trigger.py
[2023-12-15T11:48:47.005+0000] {processor.py:829} INFO - Processing file /home/airflow/.local/lib/python3.8/site-packages/airflow/example_dags/example_latest_only_with_trigger.py for tasks to queue
[2023-12-15T11:48:47.010+0000] {logging_mixin.py:154} INFO - [2023-12-15T11:48:47.010+0000] {dagbag.py:536} INFO - Filling up the DagBag from /home/airflow/.local/lib/python3.8/site-packages/airflow/example_dags/example_latest_only_with_trigger.py
[2023-12-15T11:48:47.027+0000] {processor.py:839} INFO - DAG(s) dict_keys(['latest_only_with_trigger']) retrieved from /home/airflow/.local/lib/python3.8/site-packages/airflow/example_dags/example_latest_only_with_trigger.py
[2023-12-15T11:48:47.095+0000] {logging_mixin.py:154} INFO - [2023-12-15T11:48:47.094+0000] {dag.py:2941} INFO - Sync 1 DAGs
[2023-12-15T11:48:47.143+0000] {logging_mixin.py:154} INFO - [2023-12-15T11:48:47.143+0000] {dag.py:3722} INFO - Setting next_dagrun for latest_only_with_trigger to 2023-12-15T07:48:47.141133+00:00, run_after=2023-12-15T11:48:47.141133+00:00
[2023-12-15T11:48:47.188+0000] {processor.py:179} INFO - Processing /home/airflow/.local/lib/python3.8/site-packages/airflow/example_dags/example_latest_only_with_trigger.py took 0.197 seconds
[2023-12-15T11:49:20.780+0000] {processor.py:157} INFO - Started process (PID=1282) to work on /home/airflow/.local/lib/python3.8/site-packages/airflow/example_dags/example_latest_only_with_trigger.py
[2023-12-15T11:49:20.788+0000] {processor.py:829} INFO - Processing file /home/airflow/.local/lib/python3.8/site-packages/airflow/example_dags/example_latest_only_with_trigger.py for tasks to queue
[2023-12-15T11:49:20.797+0000] {logging_mixin.py:154} INFO - [2023-12-15T11:49:20.797+0000] {dagbag.py:536} INFO - Filling up the DagBag from /home/airflow/.local/lib/python3.8/site-packages/airflow/example_dags/example_latest_only_with_trigger.py
[2023-12-15T11:49:20.809+0000] {processor.py:839} INFO - DAG(s) dict_keys(['latest_only_with_trigger']) retrieved from /home/airflow/.local/lib/python3.8/site-packages/airflow/example_dags/example_latest_only_with_trigger.py
[2023-12-15T11:49:20.892+0000] {logging_mixin.py:154} INFO - [2023-12-15T11:49:20.892+0000] {dag.py:2941} INFO - Sync 1 DAGs
[2023-12-15T11:49:21.659+0000] {logging_mixin.py:154} INFO - [2023-12-15T11:49:21.659+0000] {dag.py:3722} INFO - Setting next_dagrun for latest_only_with_trigger to 2023-12-15T07:49:21.659038+00:00, run_after=2023-12-15T11:49:21.659038+00:00
[2023-12-15T11:49:21.702+0000] {processor.py:179} INFO - Processing /home/airflow/.local/lib/python3.8/site-packages/airflow/example_dags/example_latest_only_with_trigger.py took 0.936 seconds
[2023-12-15T11:49:52.839+0000] {processor.py:157} INFO - Started process (PID=1336) to work on /home/airflow/.local/lib/python3.8/site-packages/airflow/example_dags/example_latest_only_with_trigger.py
[2023-12-15T11:49:52.846+0000] {processor.py:829} INFO - Processing file /home/airflow/.local/lib/python3.8/site-packages/airflow/example_dags/example_latest_only_with_trigger.py for tasks to queue
[2023-12-15T11:49:52.862+0000] {logging_mixin.py:154} INFO - [2023-12-15T11:49:52.852+0000] {dagbag.py:536} INFO - Filling up the DagBag from /home/airflow/.local/lib/python3.8/site-packages/airflow/example_dags/example_latest_only_with_trigger.py
[2023-12-15T11:49:52.899+0000] {processor.py:839} INFO - DAG(s) dict_keys(['latest_only_with_trigger']) retrieved from /home/airflow/.local/lib/python3.8/site-packages/airflow/example_dags/example_latest_only_with_trigger.py
[2023-12-15T11:49:52.962+0000] {logging_mixin.py:154} INFO - [2023-12-15T11:49:52.962+0000] {dag.py:2941} INFO - Sync 1 DAGs
[2023-12-15T11:49:53.216+0000] {logging_mixin.py:154} INFO - [2023-12-15T11:49:53.216+0000] {dag.py:3722} INFO - Setting next_dagrun for latest_only_with_trigger to 2023-12-15T07:49:53.212203+00:00, run_after=2023-12-15T11:49:53.212203+00:00
[2023-12-15T11:49:55.912+0000] {processor.py:179} INFO - Processing /home/airflow/.local/lib/python3.8/site-packages/airflow/example_dags/example_latest_only_with_trigger.py took 3.097 seconds
[2023-12-15T11:50:32.116+0000] {processor.py:157} INFO - Started process (PID=1402) to work on /home/airflow/.local/lib/python3.8/site-packages/airflow/example_dags/example_latest_only_with_trigger.py
[2023-12-15T11:50:32.124+0000] {processor.py:829} INFO - Processing file /home/airflow/.local/lib/python3.8/site-packages/airflow/example_dags/example_latest_only_with_trigger.py for tasks to queue
[2023-12-15T11:50:32.131+0000] {logging_mixin.py:154} INFO - [2023-12-15T11:50:32.130+0000] {dagbag.py:536} INFO - Filling up the DagBag from /home/airflow/.local/lib/python3.8/site-packages/airflow/example_dags/example_latest_only_with_trigger.py
[2023-12-15T11:50:32.145+0000] {processor.py:839} INFO - DAG(s) dict_keys(['latest_only_with_trigger']) retrieved from /home/airflow/.local/lib/python3.8/site-packages/airflow/example_dags/example_latest_only_with_trigger.py
[2023-12-15T11:50:32.191+0000] {logging_mixin.py:154} INFO - [2023-12-15T11:50:32.190+0000] {dag.py:2941} INFO - Sync 1 DAGs
[2023-12-15T11:50:32.243+0000] {logging_mixin.py:154} INFO - [2023-12-15T11:50:32.242+0000] {dag.py:3722} INFO - Setting next_dagrun for latest_only_with_trigger to 2023-12-15T07:50:32.241748+00:00, run_after=2023-12-15T11:50:32.241748+00:00
[2023-12-15T11:50:32.277+0000] {processor.py:179} INFO - Processing /home/airflow/.local/lib/python3.8/site-packages/airflow/example_dags/example_latest_only_with_trigger.py took 0.181 seconds
[2023-12-15T11:51:14.176+0000] {processor.py:157} INFO - Started process (PID=1459) to work on /home/airflow/.local/lib/python3.8/site-packages/airflow/example_dags/example_latest_only_with_trigger.py
[2023-12-15T11:51:14.180+0000] {processor.py:829} INFO - Processing file /home/airflow/.local/lib/python3.8/site-packages/airflow/example_dags/example_latest_only_with_trigger.py for tasks to queue
[2023-12-15T11:51:14.182+0000] {logging_mixin.py:154} INFO - [2023-12-15T11:51:14.182+0000] {dagbag.py:536} INFO - Filling up the DagBag from /home/airflow/.local/lib/python3.8/site-packages/airflow/example_dags/example_latest_only_with_trigger.py
[2023-12-15T11:51:14.188+0000] {processor.py:839} INFO - DAG(s) dict_keys(['latest_only_with_trigger']) retrieved from /home/airflow/.local/lib/python3.8/site-packages/airflow/example_dags/example_latest_only_with_trigger.py
[2023-12-15T11:51:14.855+0000] {logging_mixin.py:154} INFO - [2023-12-15T11:51:14.855+0000] {dag.py:2941} INFO - Sync 1 DAGs
[2023-12-15T11:51:14.947+0000] {logging_mixin.py:154} INFO - [2023-12-15T11:51:14.947+0000] {dag.py:3722} INFO - Setting next_dagrun for latest_only_with_trigger to 2023-12-15T07:51:14.946999+00:00, run_after=2023-12-15T11:51:14.946999+00:00
[2023-12-15T11:51:14.970+0000] {processor.py:179} INFO - Processing /home/airflow/.local/lib/python3.8/site-packages/airflow/example_dags/example_latest_only_with_trigger.py took 0.799 seconds
[2023-12-15T11:51:48.170+0000] {processor.py:157} INFO - Started process (PID=1513) to work on /home/airflow/.local/lib/python3.8/site-packages/airflow/example_dags/example_latest_only_with_trigger.py
[2023-12-15T11:51:48.173+0000] {processor.py:829} INFO - Processing file /home/airflow/.local/lib/python3.8/site-packages/airflow/example_dags/example_latest_only_with_trigger.py for tasks to queue
[2023-12-15T11:51:48.191+0000] {logging_mixin.py:154} INFO - [2023-12-15T11:51:48.189+0000] {dagbag.py:536} INFO - Filling up the DagBag from /home/airflow/.local/lib/python3.8/site-packages/airflow/example_dags/example_latest_only_with_trigger.py
[2023-12-15T11:51:48.212+0000] {processor.py:839} INFO - DAG(s) dict_keys(['latest_only_with_trigger']) retrieved from /home/airflow/.local/lib/python3.8/site-packages/airflow/example_dags/example_latest_only_with_trigger.py
[2023-12-15T11:51:48.258+0000] {logging_mixin.py:154} INFO - [2023-12-15T11:51:48.258+0000] {dag.py:2941} INFO - Sync 1 DAGs
[2023-12-15T11:51:48.323+0000] {logging_mixin.py:154} INFO - [2023-12-15T11:51:48.323+0000] {dag.py:3722} INFO - Setting next_dagrun for latest_only_with_trigger to 2023-12-15T07:51:48.320939+00:00, run_after=2023-12-15T11:51:48.320939+00:00
[2023-12-15T11:51:48.854+0000] {processor.py:179} INFO - Processing /home/airflow/.local/lib/python3.8/site-packages/airflow/example_dags/example_latest_only_with_trigger.py took 0.704 seconds
[2023-12-15T11:52:25.480+0000] {processor.py:157} INFO - Started process (PID=1568) to work on /home/airflow/.local/lib/python3.8/site-packages/airflow/example_dags/example_latest_only_with_trigger.py
[2023-12-15T11:52:25.482+0000] {processor.py:829} INFO - Processing file /home/airflow/.local/lib/python3.8/site-packages/airflow/example_dags/example_latest_only_with_trigger.py for tasks to queue
[2023-12-15T11:52:25.489+0000] {logging_mixin.py:154} INFO - [2023-12-15T11:52:25.488+0000] {dagbag.py:536} INFO - Filling up the DagBag from /home/airflow/.local/lib/python3.8/site-packages/airflow/example_dags/example_latest_only_with_trigger.py
[2023-12-15T11:52:25.496+0000] {processor.py:839} INFO - DAG(s) dict_keys(['latest_only_with_trigger']) retrieved from /home/airflow/.local/lib/python3.8/site-packages/airflow/example_dags/example_latest_only_with_trigger.py
[2023-12-15T11:52:25.536+0000] {logging_mixin.py:154} INFO - [2023-12-15T11:52:25.535+0000] {dag.py:2941} INFO - Sync 1 DAGs
[2023-12-15T11:52:25.566+0000] {logging_mixin.py:154} INFO - [2023-12-15T11:52:25.566+0000] {dag.py:3722} INFO - Setting next_dagrun for latest_only_with_trigger to 2023-12-15T07:52:25.565405+00:00, run_after=2023-12-15T11:52:25.565405+00:00
[2023-12-15T11:52:25.601+0000] {processor.py:179} INFO - Processing /home/airflow/.local/lib/python3.8/site-packages/airflow/example_dags/example_latest_only_with_trigger.py took 0.124 seconds
[2023-12-15T11:53:00.229+0000] {processor.py:157} INFO - Started process (PID=1625) to work on /home/airflow/.local/lib/python3.8/site-packages/airflow/example_dags/example_latest_only_with_trigger.py
[2023-12-15T11:53:00.231+0000] {processor.py:829} INFO - Processing file /home/airflow/.local/lib/python3.8/site-packages/airflow/example_dags/example_latest_only_with_trigger.py for tasks to queue
[2023-12-15T11:53:00.235+0000] {logging_mixin.py:154} INFO - [2023-12-15T11:53:00.234+0000] {dagbag.py:536} INFO - Filling up the DagBag from /home/airflow/.local/lib/python3.8/site-packages/airflow/example_dags/example_latest_only_with_trigger.py
[2023-12-15T11:53:00.246+0000] {processor.py:839} INFO - DAG(s) dict_keys(['latest_only_with_trigger']) retrieved from /home/airflow/.local/lib/python3.8/site-packages/airflow/example_dags/example_latest_only_with_trigger.py
[2023-12-15T11:53:00.286+0000] {logging_mixin.py:154} INFO - [2023-12-15T11:53:00.286+0000] {dag.py:2941} INFO - Sync 1 DAGs
[2023-12-15T11:53:00.334+0000] {logging_mixin.py:154} INFO - [2023-12-15T11:53:00.334+0000] {dag.py:3722} INFO - Setting next_dagrun for latest_only_with_trigger to 2023-12-15T07:53:00.333998+00:00, run_after=2023-12-15T11:53:00.333998+00:00
[2023-12-15T11:53:00.374+0000] {processor.py:179} INFO - Processing /home/airflow/.local/lib/python3.8/site-packages/airflow/example_dags/example_latest_only_with_trigger.py took 0.150 seconds
[2023-12-15T11:53:30.567+0000] {processor.py:157} INFO - Started process (PID=1678) to work on /home/airflow/.local/lib/python3.8/site-packages/airflow/example_dags/example_latest_only_with_trigger.py
[2023-12-15T11:53:30.572+0000] {processor.py:829} INFO - Processing file /home/airflow/.local/lib/python3.8/site-packages/airflow/example_dags/example_latest_only_with_trigger.py for tasks to queue
[2023-12-15T11:53:30.575+0000] {logging_mixin.py:154} INFO - [2023-12-15T11:53:30.574+0000] {dagbag.py:536} INFO - Filling up the DagBag from /home/airflow/.local/lib/python3.8/site-packages/airflow/example_dags/example_latest_only_with_trigger.py
[2023-12-15T11:53:30.589+0000] {processor.py:839} INFO - DAG(s) dict_keys(['latest_only_with_trigger']) retrieved from /home/airflow/.local/lib/python3.8/site-packages/airflow/example_dags/example_latest_only_with_trigger.py
[2023-12-15T11:53:30.851+0000] {logging_mixin.py:154} INFO - [2023-12-15T11:53:30.850+0000] {dag.py:2941} INFO - Sync 1 DAGs
[2023-12-15T11:53:31.183+0000] {logging_mixin.py:154} INFO - [2023-12-15T11:53:31.182+0000] {dag.py:3722} INFO - Setting next_dagrun for latest_only_with_trigger to 2023-12-15T07:53:31.181147+00:00, run_after=2023-12-15T11:53:31.181147+00:00
[2023-12-15T11:53:31.239+0000] {processor.py:179} INFO - Processing /home/airflow/.local/lib/python3.8/site-packages/airflow/example_dags/example_latest_only_with_trigger.py took 0.683 seconds
[2023-12-15T11:54:01.597+0000] {processor.py:157} INFO - Started process (PID=1733) to work on /home/airflow/.local/lib/python3.8/site-packages/airflow/example_dags/example_latest_only_with_trigger.py
[2023-12-15T11:54:01.598+0000] {processor.py:829} INFO - Processing file /home/airflow/.local/lib/python3.8/site-packages/airflow/example_dags/example_latest_only_with_trigger.py for tasks to queue
[2023-12-15T11:54:01.603+0000] {logging_mixin.py:154} INFO - [2023-12-15T11:54:01.603+0000] {dagbag.py:536} INFO - Filling up the DagBag from /home/airflow/.local/lib/python3.8/site-packages/airflow/example_dags/example_latest_only_with_trigger.py
[2023-12-15T11:54:01.617+0000] {processor.py:839} INFO - DAG(s) dict_keys(['latest_only_with_trigger']) retrieved from /home/airflow/.local/lib/python3.8/site-packages/airflow/example_dags/example_latest_only_with_trigger.py
[2023-12-15T11:54:01.640+0000] {logging_mixin.py:154} INFO - [2023-12-15T11:54:01.640+0000] {dag.py:2941} INFO - Sync 1 DAGs
[2023-12-15T11:54:01.656+0000] {logging_mixin.py:154} INFO - [2023-12-15T11:54:01.656+0000] {dag.py:3722} INFO - Setting next_dagrun for latest_only_with_trigger to 2023-12-15T07:54:01.656137+00:00, run_after=2023-12-15T11:54:01.656137+00:00
[2023-12-15T11:54:01.665+0000] {processor.py:179} INFO - Processing /home/airflow/.local/lib/python3.8/site-packages/airflow/example_dags/example_latest_only_with_trigger.py took 0.072 seconds
[2023-12-15T11:54:32.001+0000] {processor.py:157} INFO - Started process (PID=1787) to work on /home/airflow/.local/lib/python3.8/site-packages/airflow/example_dags/example_latest_only_with_trigger.py
[2023-12-15T11:54:32.005+0000] {processor.py:829} INFO - Processing file /home/airflow/.local/lib/python3.8/site-packages/airflow/example_dags/example_latest_only_with_trigger.py for tasks to queue
[2023-12-15T11:54:32.007+0000] {logging_mixin.py:154} INFO - [2023-12-15T11:54:32.007+0000] {dagbag.py:536} INFO - Filling up the DagBag from /home/airflow/.local/lib/python3.8/site-packages/airflow/example_dags/example_latest_only_with_trigger.py
[2023-12-15T11:54:32.013+0000] {processor.py:839} INFO - DAG(s) dict_keys(['latest_only_with_trigger']) retrieved from /home/airflow/.local/lib/python3.8/site-packages/airflow/example_dags/example_latest_only_with_trigger.py
[2023-12-15T11:54:32.031+0000] {logging_mixin.py:154} INFO - [2023-12-15T11:54:32.031+0000] {dag.py:2941} INFO - Sync 1 DAGs
[2023-12-15T11:54:32.054+0000] {logging_mixin.py:154} INFO - [2023-12-15T11:54:32.054+0000] {dag.py:3722} INFO - Setting next_dagrun for latest_only_with_trigger to 2023-12-15T07:54:32.053941+00:00, run_after=2023-12-15T11:54:32.053941+00:00
[2023-12-15T11:54:32.080+0000] {processor.py:179} INFO - Processing /home/airflow/.local/lib/python3.8/site-packages/airflow/example_dags/example_latest_only_with_trigger.py took 0.081 seconds
[2023-12-15T11:55:02.351+0000] {processor.py:157} INFO - Started process (PID=1839) to work on /home/airflow/.local/lib/python3.8/site-packages/airflow/example_dags/example_latest_only_with_trigger.py
[2023-12-15T11:55:02.357+0000] {processor.py:829} INFO - Processing file /home/airflow/.local/lib/python3.8/site-packages/airflow/example_dags/example_latest_only_with_trigger.py for tasks to queue
[2023-12-15T11:55:02.368+0000] {logging_mixin.py:154} INFO - [2023-12-15T11:55:02.367+0000] {dagbag.py:536} INFO - Filling up the DagBag from /home/airflow/.local/lib/python3.8/site-packages/airflow/example_dags/example_latest_only_with_trigger.py
[2023-12-15T11:55:02.390+0000] {processor.py:839} INFO - DAG(s) dict_keys(['latest_only_with_trigger']) retrieved from /home/airflow/.local/lib/python3.8/site-packages/airflow/example_dags/example_latest_only_with_trigger.py
[2023-12-15T11:55:02.608+0000] {logging_mixin.py:154} INFO - [2023-12-15T11:55:02.608+0000] {dag.py:2941} INFO - Sync 1 DAGs
[2023-12-15T11:55:02.698+0000] {logging_mixin.py:154} INFO - [2023-12-15T11:55:02.696+0000] {dag.py:3722} INFO - Setting next_dagrun for latest_only_with_trigger to 2023-12-15T07:55:02.692983+00:00, run_after=2023-12-15T11:55:02.692983+00:00
[2023-12-15T11:55:02.739+0000] {processor.py:179} INFO - Processing /home/airflow/.local/lib/python3.8/site-packages/airflow/example_dags/example_latest_only_with_trigger.py took 0.394 seconds
[2023-12-15T11:55:33.341+0000] {processor.py:157} INFO - Started process (PID=1893) to work on /home/airflow/.local/lib/python3.8/site-packages/airflow/example_dags/example_latest_only_with_trigger.py
[2023-12-15T11:55:33.344+0000] {processor.py:829} INFO - Processing file /home/airflow/.local/lib/python3.8/site-packages/airflow/example_dags/example_latest_only_with_trigger.py for tasks to queue
[2023-12-15T11:55:33.349+0000] {logging_mixin.py:154} INFO - [2023-12-15T11:55:33.349+0000] {dagbag.py:536} INFO - Filling up the DagBag from /home/airflow/.local/lib/python3.8/site-packages/airflow/example_dags/example_latest_only_with_trigger.py
[2023-12-15T11:55:33.363+0000] {processor.py:839} INFO - DAG(s) dict_keys(['latest_only_with_trigger']) retrieved from /home/airflow/.local/lib/python3.8/site-packages/airflow/example_dags/example_latest_only_with_trigger.py
[2023-12-15T11:55:33.412+0000] {logging_mixin.py:154} INFO - [2023-12-15T11:55:33.411+0000] {dag.py:2941} INFO - Sync 1 DAGs
[2023-12-15T11:55:33.580+0000] {logging_mixin.py:154} INFO - [2023-12-15T11:55:33.580+0000] {dag.py:3722} INFO - Setting next_dagrun for latest_only_with_trigger to 2023-12-15T07:55:33.572674+00:00, run_after=2023-12-15T11:55:33.572674+00:00
[2023-12-15T11:55:33.694+0000] {processor.py:179} INFO - Processing /home/airflow/.local/lib/python3.8/site-packages/airflow/example_dags/example_latest_only_with_trigger.py took 0.358 seconds
[2023-12-15T11:56:04.902+0000] {processor.py:157} INFO - Started process (PID=1948) to work on /home/airflow/.local/lib/python3.8/site-packages/airflow/example_dags/example_latest_only_with_trigger.py
[2023-12-15T11:56:04.904+0000] {processor.py:829} INFO - Processing file /home/airflow/.local/lib/python3.8/site-packages/airflow/example_dags/example_latest_only_with_trigger.py for tasks to queue
[2023-12-15T11:56:04.910+0000] {logging_mixin.py:154} INFO - [2023-12-15T11:56:04.909+0000] {dagbag.py:536} INFO - Filling up the DagBag from /home/airflow/.local/lib/python3.8/site-packages/airflow/example_dags/example_latest_only_with_trigger.py
[2023-12-15T11:56:04.929+0000] {processor.py:839} INFO - DAG(s) dict_keys(['latest_only_with_trigger']) retrieved from /home/airflow/.local/lib/python3.8/site-packages/airflow/example_dags/example_latest_only_with_trigger.py
[2023-12-15T11:56:05.002+0000] {logging_mixin.py:154} INFO - [2023-12-15T11:56:05.002+0000] {dag.py:2941} INFO - Sync 1 DAGs
[2023-12-15T11:56:05.072+0000] {logging_mixin.py:154} INFO - [2023-12-15T11:56:05.071+0000] {dag.py:3722} INFO - Setting next_dagrun for latest_only_with_trigger to 2023-12-15T07:56:05.067270+00:00, run_after=2023-12-15T11:56:05.067270+00:00
[2023-12-15T11:56:05.121+0000] {processor.py:179} INFO - Processing /home/airflow/.local/lib/python3.8/site-packages/airflow/example_dags/example_latest_only_with_trigger.py took 0.223 seconds
[2023-12-15T11:56:35.461+0000] {processor.py:157} INFO - Started process (PID=2003) to work on /home/airflow/.local/lib/python3.8/site-packages/airflow/example_dags/example_latest_only_with_trigger.py
[2023-12-15T11:56:35.466+0000] {processor.py:829} INFO - Processing file /home/airflow/.local/lib/python3.8/site-packages/airflow/example_dags/example_latest_only_with_trigger.py for tasks to queue
[2023-12-15T11:56:35.483+0000] {logging_mixin.py:154} INFO - [2023-12-15T11:56:35.480+0000] {dagbag.py:536} INFO - Filling up the DagBag from /home/airflow/.local/lib/python3.8/site-packages/airflow/example_dags/example_latest_only_with_trigger.py
[2023-12-15T11:56:35.513+0000] {processor.py:839} INFO - DAG(s) dict_keys(['latest_only_with_trigger']) retrieved from /home/airflow/.local/lib/python3.8/site-packages/airflow/example_dags/example_latest_only_with_trigger.py
[2023-12-15T11:56:35.599+0000] {logging_mixin.py:154} INFO - [2023-12-15T11:56:35.599+0000] {dag.py:2941} INFO - Sync 1 DAGs
[2023-12-15T11:56:35.654+0000] {logging_mixin.py:154} INFO - [2023-12-15T11:56:35.654+0000] {dag.py:3722} INFO - Setting next_dagrun for latest_only_with_trigger to 2023-12-15T07:56:35.653133+00:00, run_after=2023-12-15T11:56:35.653133+00:00
[2023-12-15T11:56:35.696+0000] {processor.py:179} INFO - Processing /home/airflow/.local/lib/python3.8/site-packages/airflow/example_dags/example_latest_only_with_trigger.py took 0.247 seconds
[2023-12-15T11:57:06.002+0000] {processor.py:157} INFO - Started process (PID=2057) to work on /home/airflow/.local/lib/python3.8/site-packages/airflow/example_dags/example_latest_only_with_trigger.py
[2023-12-15T11:57:06.006+0000] {processor.py:829} INFO - Processing file /home/airflow/.local/lib/python3.8/site-packages/airflow/example_dags/example_latest_only_with_trigger.py for tasks to queue
[2023-12-15T11:57:06.015+0000] {logging_mixin.py:154} INFO - [2023-12-15T11:57:06.014+0000] {dagbag.py:536} INFO - Filling up the DagBag from /home/airflow/.local/lib/python3.8/site-packages/airflow/example_dags/example_latest_only_with_trigger.py
[2023-12-15T11:57:06.043+0000] {processor.py:839} INFO - DAG(s) dict_keys(['latest_only_with_trigger']) retrieved from /home/airflow/.local/lib/python3.8/site-packages/airflow/example_dags/example_latest_only_with_trigger.py
[2023-12-15T11:57:06.141+0000] {logging_mixin.py:154} INFO - [2023-12-15T11:57:06.141+0000] {dag.py:2941} INFO - Sync 1 DAGs
[2023-12-15T11:57:06.183+0000] {logging_mixin.py:154} INFO - [2023-12-15T11:57:06.183+0000] {dag.py:3722} INFO - Setting next_dagrun for latest_only_with_trigger to 2023-12-15T07:57:06.183148+00:00, run_after=2023-12-15T11:57:06.183148+00:00
[2023-12-15T11:57:06.226+0000] {processor.py:179} INFO - Processing /home/airflow/.local/lib/python3.8/site-packages/airflow/example_dags/example_latest_only_with_trigger.py took 0.244 seconds
[2023-12-15T11:57:36.641+0000] {processor.py:157} INFO - Started process (PID=2112) to work on /home/airflow/.local/lib/python3.8/site-packages/airflow/example_dags/example_latest_only_with_trigger.py
[2023-12-15T11:57:36.642+0000] {processor.py:829} INFO - Processing file /home/airflow/.local/lib/python3.8/site-packages/airflow/example_dags/example_latest_only_with_trigger.py for tasks to queue
[2023-12-15T11:57:36.648+0000] {logging_mixin.py:154} INFO - [2023-12-15T11:57:36.647+0000] {dagbag.py:536} INFO - Filling up the DagBag from /home/airflow/.local/lib/python3.8/site-packages/airflow/example_dags/example_latest_only_with_trigger.py
[2023-12-15T11:57:36.658+0000] {processor.py:839} INFO - DAG(s) dict_keys(['latest_only_with_trigger']) retrieved from /home/airflow/.local/lib/python3.8/site-packages/airflow/example_dags/example_latest_only_with_trigger.py
[2023-12-15T11:57:36.714+0000] {logging_mixin.py:154} INFO - [2023-12-15T11:57:36.713+0000] {dag.py:2941} INFO - Sync 1 DAGs
[2023-12-15T11:57:36.740+0000] {logging_mixin.py:154} INFO - [2023-12-15T11:57:36.740+0000] {dag.py:3722} INFO - Setting next_dagrun for latest_only_with_trigger to 2023-12-15T07:57:36.739695+00:00, run_after=2023-12-15T11:57:36.739695+00:00
[2023-12-15T11:57:36.774+0000] {processor.py:179} INFO - Processing /home/airflow/.local/lib/python3.8/site-packages/airflow/example_dags/example_latest_only_with_trigger.py took 0.141 seconds
[2023-12-15T11:58:07.486+0000] {processor.py:157} INFO - Started process (PID=2166) to work on /home/airflow/.local/lib/python3.8/site-packages/airflow/example_dags/example_latest_only_with_trigger.py
[2023-12-15T11:58:07.487+0000] {processor.py:829} INFO - Processing file /home/airflow/.local/lib/python3.8/site-packages/airflow/example_dags/example_latest_only_with_trigger.py for tasks to queue
[2023-12-15T11:58:07.489+0000] {logging_mixin.py:154} INFO - [2023-12-15T11:58:07.489+0000] {dagbag.py:536} INFO - Filling up the DagBag from /home/airflow/.local/lib/python3.8/site-packages/airflow/example_dags/example_latest_only_with_trigger.py
[2023-12-15T11:58:07.493+0000] {processor.py:839} INFO - DAG(s) dict_keys(['latest_only_with_trigger']) retrieved from /home/airflow/.local/lib/python3.8/site-packages/airflow/example_dags/example_latest_only_with_trigger.py
[2023-12-15T11:58:07.512+0000] {logging_mixin.py:154} INFO - [2023-12-15T11:58:07.512+0000] {dag.py:2941} INFO - Sync 1 DAGs
[2023-12-15T11:58:07.527+0000] {logging_mixin.py:154} INFO - [2023-12-15T11:58:07.527+0000] {dag.py:3722} INFO - Setting next_dagrun for latest_only_with_trigger to 2023-12-15T07:58:07.527374+00:00, run_after=2023-12-15T11:58:07.527374+00:00
[2023-12-15T11:58:07.542+0000] {processor.py:179} INFO - Processing /home/airflow/.local/lib/python3.8/site-packages/airflow/example_dags/example_latest_only_with_trigger.py took 0.060 seconds
[2023-12-15T11:58:37.849+0000] {processor.py:157} INFO - Started process (PID=2220) to work on /home/airflow/.local/lib/python3.8/site-packages/airflow/example_dags/example_latest_only_with_trigger.py
[2023-12-15T11:58:37.850+0000] {processor.py:829} INFO - Processing file /home/airflow/.local/lib/python3.8/site-packages/airflow/example_dags/example_latest_only_with_trigger.py for tasks to queue
[2023-12-15T11:58:37.853+0000] {logging_mixin.py:154} INFO - [2023-12-15T11:58:37.852+0000] {dagbag.py:536} INFO - Filling up the DagBag from /home/airflow/.local/lib/python3.8/site-packages/airflow/example_dags/example_latest_only_with_trigger.py
[2023-12-15T11:58:37.861+0000] {processor.py:839} INFO - DAG(s) dict_keys(['latest_only_with_trigger']) retrieved from /home/airflow/.local/lib/python3.8/site-packages/airflow/example_dags/example_latest_only_with_trigger.py
[2023-12-15T11:58:37.902+0000] {logging_mixin.py:154} INFO - [2023-12-15T11:58:37.901+0000] {dag.py:2941} INFO - Sync 1 DAGs
[2023-12-15T11:58:37.936+0000] {logging_mixin.py:154} INFO - [2023-12-15T11:58:37.936+0000] {dag.py:3722} INFO - Setting next_dagrun for latest_only_with_trigger to 2023-12-15T07:58:37.935809+00:00, run_after=2023-12-15T11:58:37.935809+00:00
[2023-12-15T11:58:37.961+0000] {processor.py:179} INFO - Processing /home/airflow/.local/lib/python3.8/site-packages/airflow/example_dags/example_latest_only_with_trigger.py took 0.116 seconds
[2023-12-15T11:59:08.706+0000] {processor.py:157} INFO - Started process (PID=2273) to work on /home/airflow/.local/lib/python3.8/site-packages/airflow/example_dags/example_latest_only_with_trigger.py
[2023-12-15T11:59:08.715+0000] {processor.py:829} INFO - Processing file /home/airflow/.local/lib/python3.8/site-packages/airflow/example_dags/example_latest_only_with_trigger.py for tasks to queue
[2023-12-15T11:59:08.733+0000] {logging_mixin.py:154} INFO - [2023-12-15T11:59:08.732+0000] {dagbag.py:536} INFO - Filling up the DagBag from /home/airflow/.local/lib/python3.8/site-packages/airflow/example_dags/example_latest_only_with_trigger.py
[2023-12-15T11:59:08.767+0000] {processor.py:839} INFO - DAG(s) dict_keys(['latest_only_with_trigger']) retrieved from /home/airflow/.local/lib/python3.8/site-packages/airflow/example_dags/example_latest_only_with_trigger.py
[2023-12-15T11:59:09.045+0000] {logging_mixin.py:154} INFO - [2023-12-15T11:59:09.044+0000] {dag.py:2941} INFO - Sync 1 DAGs
[2023-12-15T11:59:09.233+0000] {logging_mixin.py:154} INFO - [2023-12-15T11:59:09.232+0000] {dag.py:3722} INFO - Setting next_dagrun for latest_only_with_trigger to 2023-12-15T07:59:09.230991+00:00, run_after=2023-12-15T11:59:09.230991+00:00
[2023-12-15T11:59:09.279+0000] {processor.py:179} INFO - Processing /home/airflow/.local/lib/python3.8/site-packages/airflow/example_dags/example_latest_only_with_trigger.py took 0.580 seconds
[2023-12-15T11:59:40.277+0000] {processor.py:157} INFO - Started process (PID=2329) to work on /home/airflow/.local/lib/python3.8/site-packages/airflow/example_dags/example_latest_only_with_trigger.py
[2023-12-15T11:59:40.282+0000] {processor.py:829} INFO - Processing file /home/airflow/.local/lib/python3.8/site-packages/airflow/example_dags/example_latest_only_with_trigger.py for tasks to queue
[2023-12-15T11:59:40.288+0000] {logging_mixin.py:154} INFO - [2023-12-15T11:59:40.287+0000] {dagbag.py:536} INFO - Filling up the DagBag from /home/airflow/.local/lib/python3.8/site-packages/airflow/example_dags/example_latest_only_with_trigger.py
[2023-12-15T11:59:40.302+0000] {processor.py:839} INFO - DAG(s) dict_keys(['latest_only_with_trigger']) retrieved from /home/airflow/.local/lib/python3.8/site-packages/airflow/example_dags/example_latest_only_with_trigger.py
[2023-12-15T11:59:40.352+0000] {logging_mixin.py:154} INFO - [2023-12-15T11:59:40.352+0000] {dag.py:2941} INFO - Sync 1 DAGs
[2023-12-15T11:59:40.388+0000] {logging_mixin.py:154} INFO - [2023-12-15T11:59:40.387+0000] {dag.py:3722} INFO - Setting next_dagrun for latest_only_with_trigger to 2023-12-15T07:59:40.386540+00:00, run_after=2023-12-15T11:59:40.386540+00:00
[2023-12-15T11:59:40.435+0000] {processor.py:179} INFO - Processing /home/airflow/.local/lib/python3.8/site-packages/airflow/example_dags/example_latest_only_with_trigger.py took 0.162 seconds
[2023-12-15T12:00:13.455+0000] {processor.py:157} INFO - Started process (PID=2391) to work on /home/airflow/.local/lib/python3.8/site-packages/airflow/example_dags/example_latest_only_with_trigger.py
[2023-12-15T12:00:13.460+0000] {processor.py:829} INFO - Processing file /home/airflow/.local/lib/python3.8/site-packages/airflow/example_dags/example_latest_only_with_trigger.py for tasks to queue
[2023-12-15T12:00:13.470+0000] {logging_mixin.py:154} INFO - [2023-12-15T12:00:13.467+0000] {dagbag.py:536} INFO - Filling up the DagBag from /home/airflow/.local/lib/python3.8/site-packages/airflow/example_dags/example_latest_only_with_trigger.py
[2023-12-15T12:00:13.524+0000] {processor.py:839} INFO - DAG(s) dict_keys(['latest_only_with_trigger']) retrieved from /home/airflow/.local/lib/python3.8/site-packages/airflow/example_dags/example_latest_only_with_trigger.py
[2023-12-15T12:00:13.596+0000] {logging_mixin.py:154} INFO - [2023-12-15T12:00:13.596+0000] {dag.py:2941} INFO - Sync 1 DAGs
[2023-12-15T12:00:13.653+0000] {logging_mixin.py:154} INFO - [2023-12-15T12:00:13.653+0000] {dag.py:3722} INFO - Setting next_dagrun for latest_only_with_trigger to 2023-12-15T08:00:13.652710+00:00, run_after=2023-12-15T12:00:13.652710+00:00
[2023-12-15T12:00:13.700+0000] {processor.py:179} INFO - Processing /home/airflow/.local/lib/python3.8/site-packages/airflow/example_dags/example_latest_only_with_trigger.py took 0.254 seconds
[2023-12-15T12:00:45.254+0000] {processor.py:157} INFO - Started process (PID=2447) to work on /home/airflow/.local/lib/python3.8/site-packages/airflow/example_dags/example_latest_only_with_trigger.py
[2023-12-15T12:00:45.257+0000] {processor.py:829} INFO - Processing file /home/airflow/.local/lib/python3.8/site-packages/airflow/example_dags/example_latest_only_with_trigger.py for tasks to queue
[2023-12-15T12:00:45.265+0000] {logging_mixin.py:154} INFO - [2023-12-15T12:00:45.264+0000] {dagbag.py:536} INFO - Filling up the DagBag from /home/airflow/.local/lib/python3.8/site-packages/airflow/example_dags/example_latest_only_with_trigger.py
[2023-12-15T12:00:45.282+0000] {processor.py:839} INFO - DAG(s) dict_keys(['latest_only_with_trigger']) retrieved from /home/airflow/.local/lib/python3.8/site-packages/airflow/example_dags/example_latest_only_with_trigger.py
[2023-12-15T12:00:45.330+0000] {logging_mixin.py:154} INFO - [2023-12-15T12:00:45.330+0000] {dag.py:2941} INFO - Sync 1 DAGs
[2023-12-15T12:00:45.365+0000] {logging_mixin.py:154} INFO - [2023-12-15T12:00:45.365+0000] {dag.py:3722} INFO - Setting next_dagrun for latest_only_with_trigger to 2023-12-15T08:00:45.365010+00:00, run_after=2023-12-15T12:00:45.365010+00:00
[2023-12-15T12:00:45.411+0000] {processor.py:179} INFO - Processing /home/airflow/.local/lib/python3.8/site-packages/airflow/example_dags/example_latest_only_with_trigger.py took 0.163 seconds
[2023-12-15T12:01:15.972+0000] {processor.py:157} INFO - Started process (PID=2500) to work on /home/airflow/.local/lib/python3.8/site-packages/airflow/example_dags/example_latest_only_with_trigger.py
[2023-12-15T12:01:15.973+0000] {processor.py:829} INFO - Processing file /home/airflow/.local/lib/python3.8/site-packages/airflow/example_dags/example_latest_only_with_trigger.py for tasks to queue
[2023-12-15T12:01:15.978+0000] {logging_mixin.py:154} INFO - [2023-12-15T12:01:15.977+0000] {dagbag.py:536} INFO - Filling up the DagBag from /home/airflow/.local/lib/python3.8/site-packages/airflow/example_dags/example_latest_only_with_trigger.py
[2023-12-15T12:01:15.987+0000] {processor.py:839} INFO - DAG(s) dict_keys(['latest_only_with_trigger']) retrieved from /home/airflow/.local/lib/python3.8/site-packages/airflow/example_dags/example_latest_only_with_trigger.py
[2023-12-15T12:01:16.235+0000] {logging_mixin.py:154} INFO - [2023-12-15T12:01:16.230+0000] {dag.py:2941} INFO - Sync 1 DAGs
[2023-12-15T12:01:16.351+0000] {logging_mixin.py:154} INFO - [2023-12-15T12:01:16.351+0000] {dag.py:3722} INFO - Setting next_dagrun for latest_only_with_trigger to 2023-12-15T08:01:16.349844+00:00, run_after=2023-12-15T12:01:16.349844+00:00
[2023-12-15T12:01:16.422+0000] {processor.py:179} INFO - Processing /home/airflow/.local/lib/python3.8/site-packages/airflow/example_dags/example_latest_only_with_trigger.py took 0.456 seconds
[2023-12-15T12:01:47.475+0000] {processor.py:157} INFO - Started process (PID=2553) to work on /home/airflow/.local/lib/python3.8/site-packages/airflow/example_dags/example_latest_only_with_trigger.py
[2023-12-15T12:01:47.477+0000] {processor.py:829} INFO - Processing file /home/airflow/.local/lib/python3.8/site-packages/airflow/example_dags/example_latest_only_with_trigger.py for tasks to queue
[2023-12-15T12:01:47.480+0000] {logging_mixin.py:154} INFO - [2023-12-15T12:01:47.479+0000] {dagbag.py:536} INFO - Filling up the DagBag from /home/airflow/.local/lib/python3.8/site-packages/airflow/example_dags/example_latest_only_with_trigger.py
[2023-12-15T12:01:47.486+0000] {processor.py:839} INFO - DAG(s) dict_keys(['latest_only_with_trigger']) retrieved from /home/airflow/.local/lib/python3.8/site-packages/airflow/example_dags/example_latest_only_with_trigger.py
[2023-12-15T12:01:47.565+0000] {logging_mixin.py:154} INFO - [2023-12-15T12:01:47.564+0000] {dag.py:2941} INFO - Sync 1 DAGs
[2023-12-15T12:01:47.627+0000] {logging_mixin.py:154} INFO - [2023-12-15T12:01:47.627+0000] {dag.py:3722} INFO - Setting next_dagrun for latest_only_with_trigger to 2023-12-15T08:01:47.626521+00:00, run_after=2023-12-15T12:01:47.626521+00:00
[2023-12-15T12:01:47.666+0000] {processor.py:179} INFO - Processing /home/airflow/.local/lib/python3.8/site-packages/airflow/example_dags/example_latest_only_with_trigger.py took 0.196 seconds
[2023-12-15T12:02:18.198+0000] {processor.py:157} INFO - Started process (PID=2607) to work on /home/airflow/.local/lib/python3.8/site-packages/airflow/example_dags/example_latest_only_with_trigger.py
[2023-12-15T12:02:18.200+0000] {processor.py:829} INFO - Processing file /home/airflow/.local/lib/python3.8/site-packages/airflow/example_dags/example_latest_only_with_trigger.py for tasks to queue
[2023-12-15T12:02:18.209+0000] {logging_mixin.py:154} INFO - [2023-12-15T12:02:18.208+0000] {dagbag.py:536} INFO - Filling up the DagBag from /home/airflow/.local/lib/python3.8/site-packages/airflow/example_dags/example_latest_only_with_trigger.py
[2023-12-15T12:02:18.221+0000] {processor.py:839} INFO - DAG(s) dict_keys(['latest_only_with_trigger']) retrieved from /home/airflow/.local/lib/python3.8/site-packages/airflow/example_dags/example_latest_only_with_trigger.py
[2023-12-15T12:02:18.397+0000] {logging_mixin.py:154} INFO - [2023-12-15T12:02:18.396+0000] {dag.py:2941} INFO - Sync 1 DAGs
[2023-12-15T12:02:18.674+0000] {logging_mixin.py:154} INFO - [2023-12-15T12:02:18.673+0000] {dag.py:3722} INFO - Setting next_dagrun for latest_only_with_trigger to 2023-12-15T08:02:18.672848+00:00, run_after=2023-12-15T12:02:18.672848+00:00
[2023-12-15T12:02:18.712+0000] {processor.py:179} INFO - Processing /home/airflow/.local/lib/python3.8/site-packages/airflow/example_dags/example_latest_only_with_trigger.py took 0.521 seconds
[2023-12-15T12:02:48.914+0000] {processor.py:157} INFO - Started process (PID=2661) to work on /home/airflow/.local/lib/python3.8/site-packages/airflow/example_dags/example_latest_only_with_trigger.py
[2023-12-15T12:02:48.919+0000] {processor.py:829} INFO - Processing file /home/airflow/.local/lib/python3.8/site-packages/airflow/example_dags/example_latest_only_with_trigger.py for tasks to queue
[2023-12-15T12:02:48.921+0000] {logging_mixin.py:154} INFO - [2023-12-15T12:02:48.921+0000] {dagbag.py:536} INFO - Filling up the DagBag from /home/airflow/.local/lib/python3.8/site-packages/airflow/example_dags/example_latest_only_with_trigger.py
[2023-12-15T12:02:48.941+0000] {processor.py:839} INFO - DAG(s) dict_keys(['latest_only_with_trigger']) retrieved from /home/airflow/.local/lib/python3.8/site-packages/airflow/example_dags/example_latest_only_with_trigger.py
[2023-12-15T12:02:48.991+0000] {logging_mixin.py:154} INFO - [2023-12-15T12:02:48.991+0000] {dag.py:2941} INFO - Sync 1 DAGs
[2023-12-15T12:02:49.052+0000] {logging_mixin.py:154} INFO - [2023-12-15T12:02:49.051+0000] {dag.py:3722} INFO - Setting next_dagrun for latest_only_with_trigger to 2023-12-15T08:02:49.051596+00:00, run_after=2023-12-15T12:02:49.051596+00:00
[2023-12-15T12:02:49.093+0000] {processor.py:179} INFO - Processing /home/airflow/.local/lib/python3.8/site-packages/airflow/example_dags/example_latest_only_with_trigger.py took 0.187 seconds
[2023-12-15T12:03:20.324+0000] {processor.py:157} INFO - Started process (PID=2715) to work on /home/airflow/.local/lib/python3.8/site-packages/airflow/example_dags/example_latest_only_with_trigger.py
[2023-12-15T12:03:20.328+0000] {processor.py:829} INFO - Processing file /home/airflow/.local/lib/python3.8/site-packages/airflow/example_dags/example_latest_only_with_trigger.py for tasks to queue
[2023-12-15T12:03:20.332+0000] {logging_mixin.py:154} INFO - [2023-12-15T12:03:20.332+0000] {dagbag.py:536} INFO - Filling up the DagBag from /home/airflow/.local/lib/python3.8/site-packages/airflow/example_dags/example_latest_only_with_trigger.py
[2023-12-15T12:03:20.346+0000] {processor.py:839} INFO - DAG(s) dict_keys(['latest_only_with_trigger']) retrieved from /home/airflow/.local/lib/python3.8/site-packages/airflow/example_dags/example_latest_only_with_trigger.py
[2023-12-15T12:03:20.393+0000] {logging_mixin.py:154} INFO - [2023-12-15T12:03:20.392+0000] {dag.py:2941} INFO - Sync 1 DAGs
[2023-12-15T12:03:20.433+0000] {logging_mixin.py:154} INFO - [2023-12-15T12:03:20.432+0000] {dag.py:3722} INFO - Setting next_dagrun for latest_only_with_trigger to 2023-12-15T08:03:20.429910+00:00, run_after=2023-12-15T12:03:20.429910+00:00
[2023-12-15T12:03:20.488+0000] {processor.py:179} INFO - Processing /home/airflow/.local/lib/python3.8/site-packages/airflow/example_dags/example_latest_only_with_trigger.py took 0.170 seconds
[2023-12-15T12:03:50.572+0000] {processor.py:157} INFO - Started process (PID=2769) to work on /home/airflow/.local/lib/python3.8/site-packages/airflow/example_dags/example_latest_only_with_trigger.py
[2023-12-15T12:03:50.573+0000] {processor.py:829} INFO - Processing file /home/airflow/.local/lib/python3.8/site-packages/airflow/example_dags/example_latest_only_with_trigger.py for tasks to queue
[2023-12-15T12:03:50.577+0000] {logging_mixin.py:154} INFO - [2023-12-15T12:03:50.576+0000] {dagbag.py:536} INFO - Filling up the DagBag from /home/airflow/.local/lib/python3.8/site-packages/airflow/example_dags/example_latest_only_with_trigger.py
[2023-12-15T12:03:50.590+0000] {processor.py:839} INFO - DAG(s) dict_keys(['latest_only_with_trigger']) retrieved from /home/airflow/.local/lib/python3.8/site-packages/airflow/example_dags/example_latest_only_with_trigger.py
[2023-12-15T12:03:50.630+0000] {logging_mixin.py:154} INFO - [2023-12-15T12:03:50.630+0000] {dag.py:2941} INFO - Sync 1 DAGs
[2023-12-15T12:03:50.655+0000] {logging_mixin.py:154} INFO - [2023-12-15T12:03:50.655+0000] {dag.py:3722} INFO - Setting next_dagrun for latest_only_with_trigger to 2023-12-15T08:03:50.654893+00:00, run_after=2023-12-15T12:03:50.654893+00:00
[2023-12-15T12:03:50.671+0000] {processor.py:179} INFO - Processing /home/airflow/.local/lib/python3.8/site-packages/airflow/example_dags/example_latest_only_with_trigger.py took 0.104 seconds
[2023-12-15T12:04:24.216+0000] {processor.py:157} INFO - Started process (PID=2823) to work on /home/airflow/.local/lib/python3.8/site-packages/airflow/example_dags/example_latest_only_with_trigger.py
[2023-12-15T12:04:24.228+0000] {processor.py:829} INFO - Processing file /home/airflow/.local/lib/python3.8/site-packages/airflow/example_dags/example_latest_only_with_trigger.py for tasks to queue
[2023-12-15T12:04:24.236+0000] {logging_mixin.py:154} INFO - [2023-12-15T12:04:24.236+0000] {dagbag.py:536} INFO - Filling up the DagBag from /home/airflow/.local/lib/python3.8/site-packages/airflow/example_dags/example_latest_only_with_trigger.py
[2023-12-15T12:04:24.264+0000] {processor.py:839} INFO - DAG(s) dict_keys(['latest_only_with_trigger']) retrieved from /home/airflow/.local/lib/python3.8/site-packages/airflow/example_dags/example_latest_only_with_trigger.py
[2023-12-15T12:04:24.327+0000] {logging_mixin.py:154} INFO - [2023-12-15T12:04:24.327+0000] {dag.py:2941} INFO - Sync 1 DAGs
[2023-12-15T12:04:24.394+0000] {logging_mixin.py:154} INFO - [2023-12-15T12:04:24.394+0000] {dag.py:3722} INFO - Setting next_dagrun for latest_only_with_trigger to 2023-12-15T08:04:24.391579+00:00, run_after=2023-12-15T12:04:24.391579+00:00
[2023-12-15T12:04:24.427+0000] {processor.py:179} INFO - Processing /home/airflow/.local/lib/python3.8/site-packages/airflow/example_dags/example_latest_only_with_trigger.py took 0.223 seconds
[2023-12-15T12:04:55.651+0000] {processor.py:157} INFO - Started process (PID=2877) to work on /home/airflow/.local/lib/python3.8/site-packages/airflow/example_dags/example_latest_only_with_trigger.py
[2023-12-15T12:04:55.662+0000] {processor.py:829} INFO - Processing file /home/airflow/.local/lib/python3.8/site-packages/airflow/example_dags/example_latest_only_with_trigger.py for tasks to queue
[2023-12-15T12:04:55.673+0000] {logging_mixin.py:154} INFO - [2023-12-15T12:04:55.673+0000] {dagbag.py:536} INFO - Filling up the DagBag from /home/airflow/.local/lib/python3.8/site-packages/airflow/example_dags/example_latest_only_with_trigger.py
[2023-12-15T12:04:55.711+0000] {processor.py:839} INFO - DAG(s) dict_keys(['latest_only_with_trigger']) retrieved from /home/airflow/.local/lib/python3.8/site-packages/airflow/example_dags/example_latest_only_with_trigger.py
[2023-12-15T12:04:55.820+0000] {logging_mixin.py:154} INFO - [2023-12-15T12:04:55.820+0000] {dag.py:2941} INFO - Sync 1 DAGs
[2023-12-15T12:04:55.866+0000] {logging_mixin.py:154} INFO - [2023-12-15T12:04:55.866+0000] {dag.py:3722} INFO - Setting next_dagrun for latest_only_with_trigger to 2023-12-15T08:04:55.865844+00:00, run_after=2023-12-15T12:04:55.865844+00:00
[2023-12-15T12:04:55.888+0000] {processor.py:179} INFO - Processing /home/airflow/.local/lib/python3.8/site-packages/airflow/example_dags/example_latest_only_with_trigger.py took 0.249 seconds
[2023-12-15T12:05:26.171+0000] {processor.py:157} INFO - Started process (PID=2931) to work on /home/airflow/.local/lib/python3.8/site-packages/airflow/example_dags/example_latest_only_with_trigger.py
[2023-12-15T12:05:26.172+0000] {processor.py:829} INFO - Processing file /home/airflow/.local/lib/python3.8/site-packages/airflow/example_dags/example_latest_only_with_trigger.py for tasks to queue
[2023-12-15T12:05:26.174+0000] {logging_mixin.py:154} INFO - [2023-12-15T12:05:26.174+0000] {dagbag.py:536} INFO - Filling up the DagBag from /home/airflow/.local/lib/python3.8/site-packages/airflow/example_dags/example_latest_only_with_trigger.py
[2023-12-15T12:05:26.179+0000] {processor.py:839} INFO - DAG(s) dict_keys(['latest_only_with_trigger']) retrieved from /home/airflow/.local/lib/python3.8/site-packages/airflow/example_dags/example_latest_only_with_trigger.py
[2023-12-15T12:05:26.203+0000] {logging_mixin.py:154} INFO - [2023-12-15T12:05:26.203+0000] {dag.py:2941} INFO - Sync 1 DAGs
[2023-12-15T12:05:26.222+0000] {logging_mixin.py:154} INFO - [2023-12-15T12:05:26.222+0000] {dag.py:3722} INFO - Setting next_dagrun for latest_only_with_trigger to 2023-12-15T08:05:26.221590+00:00, run_after=2023-12-15T12:05:26.221590+00:00
[2023-12-15T12:05:26.234+0000] {processor.py:179} INFO - Processing /home/airflow/.local/lib/python3.8/site-packages/airflow/example_dags/example_latest_only_with_trigger.py took 0.067 seconds
[2023-12-15T12:05:57.320+0000] {processor.py:157} INFO - Started process (PID=2985) to work on /home/airflow/.local/lib/python3.8/site-packages/airflow/example_dags/example_latest_only_with_trigger.py
[2023-12-15T12:05:57.325+0000] {processor.py:829} INFO - Processing file /home/airflow/.local/lib/python3.8/site-packages/airflow/example_dags/example_latest_only_with_trigger.py for tasks to queue
[2023-12-15T12:05:57.333+0000] {logging_mixin.py:154} INFO - [2023-12-15T12:05:57.333+0000] {dagbag.py:536} INFO - Filling up the DagBag from /home/airflow/.local/lib/python3.8/site-packages/airflow/example_dags/example_latest_only_with_trigger.py
[2023-12-15T12:05:57.348+0000] {processor.py:839} INFO - DAG(s) dict_keys(['latest_only_with_trigger']) retrieved from /home/airflow/.local/lib/python3.8/site-packages/airflow/example_dags/example_latest_only_with_trigger.py
[2023-12-15T12:05:57.400+0000] {logging_mixin.py:154} INFO - [2023-12-15T12:05:57.400+0000] {dag.py:2941} INFO - Sync 1 DAGs
[2023-12-15T12:05:57.459+0000] {logging_mixin.py:154} INFO - [2023-12-15T12:05:57.458+0000] {dag.py:3722} INFO - Setting next_dagrun for latest_only_with_trigger to 2023-12-15T08:05:57.457416+00:00, run_after=2023-12-15T12:05:57.457416+00:00
[2023-12-15T12:05:57.507+0000] {processor.py:179} INFO - Processing /home/airflow/.local/lib/python3.8/site-packages/airflow/example_dags/example_latest_only_with_trigger.py took 0.192 seconds
[2023-12-15T12:06:27.805+0000] {processor.py:157} INFO - Started process (PID=3039) to work on /home/airflow/.local/lib/python3.8/site-packages/airflow/example_dags/example_latest_only_with_trigger.py
[2023-12-15T12:06:27.806+0000] {processor.py:829} INFO - Processing file /home/airflow/.local/lib/python3.8/site-packages/airflow/example_dags/example_latest_only_with_trigger.py for tasks to queue
[2023-12-15T12:06:27.809+0000] {logging_mixin.py:154} INFO - [2023-12-15T12:06:27.808+0000] {dagbag.py:536} INFO - Filling up the DagBag from /home/airflow/.local/lib/python3.8/site-packages/airflow/example_dags/example_latest_only_with_trigger.py
[2023-12-15T12:06:27.816+0000] {processor.py:839} INFO - DAG(s) dict_keys(['latest_only_with_trigger']) retrieved from /home/airflow/.local/lib/python3.8/site-packages/airflow/example_dags/example_latest_only_with_trigger.py
[2023-12-15T12:06:27.843+0000] {logging_mixin.py:154} INFO - [2023-12-15T12:06:27.843+0000] {dag.py:2941} INFO - Sync 1 DAGs
[2023-12-15T12:06:27.866+0000] {logging_mixin.py:154} INFO - [2023-12-15T12:06:27.866+0000] {dag.py:3722} INFO - Setting next_dagrun for latest_only_with_trigger to 2023-12-15T08:06:27.864788+00:00, run_after=2023-12-15T12:06:27.864788+00:00
[2023-12-15T12:06:27.887+0000] {processor.py:179} INFO - Processing /home/airflow/.local/lib/python3.8/site-packages/airflow/example_dags/example_latest_only_with_trigger.py took 0.086 seconds
[2023-12-15T12:06:59.321+0000] {processor.py:157} INFO - Started process (PID=3092) to work on /home/airflow/.local/lib/python3.8/site-packages/airflow/example_dags/example_latest_only_with_trigger.py
[2023-12-15T12:06:59.324+0000] {processor.py:829} INFO - Processing file /home/airflow/.local/lib/python3.8/site-packages/airflow/example_dags/example_latest_only_with_trigger.py for tasks to queue
[2023-12-15T12:06:59.329+0000] {logging_mixin.py:154} INFO - [2023-12-15T12:06:59.328+0000] {dagbag.py:536} INFO - Filling up the DagBag from /home/airflow/.local/lib/python3.8/site-packages/airflow/example_dags/example_latest_only_with_trigger.py
[2023-12-15T12:06:59.334+0000] {processor.py:839} INFO - DAG(s) dict_keys(['latest_only_with_trigger']) retrieved from /home/airflow/.local/lib/python3.8/site-packages/airflow/example_dags/example_latest_only_with_trigger.py
[2023-12-15T12:06:59.438+0000] {logging_mixin.py:154} INFO - [2023-12-15T12:06:59.437+0000] {dag.py:2941} INFO - Sync 1 DAGs
[2023-12-15T12:06:59.546+0000] {logging_mixin.py:154} INFO - [2023-12-15T12:06:59.546+0000] {dag.py:3722} INFO - Setting next_dagrun for latest_only_with_trigger to 2023-12-15T08:06:59.545388+00:00, run_after=2023-12-15T12:06:59.545388+00:00
[2023-12-15T12:06:59.577+0000] {processor.py:179} INFO - Processing /home/airflow/.local/lib/python3.8/site-packages/airflow/example_dags/example_latest_only_with_trigger.py took 0.260 seconds
[2023-12-15T12:07:30.400+0000] {processor.py:157} INFO - Started process (PID=3144) to work on /home/airflow/.local/lib/python3.8/site-packages/airflow/example_dags/example_latest_only_with_trigger.py
[2023-12-15T12:07:30.403+0000] {processor.py:829} INFO - Processing file /home/airflow/.local/lib/python3.8/site-packages/airflow/example_dags/example_latest_only_with_trigger.py for tasks to queue
[2023-12-15T12:07:30.406+0000] {logging_mixin.py:154} INFO - [2023-12-15T12:07:30.406+0000] {dagbag.py:536} INFO - Filling up the DagBag from /home/airflow/.local/lib/python3.8/site-packages/airflow/example_dags/example_latest_only_with_trigger.py
[2023-12-15T12:07:30.415+0000] {processor.py:839} INFO - DAG(s) dict_keys(['latest_only_with_trigger']) retrieved from /home/airflow/.local/lib/python3.8/site-packages/airflow/example_dags/example_latest_only_with_trigger.py
[2023-12-15T12:07:30.448+0000] {logging_mixin.py:154} INFO - [2023-12-15T12:07:30.447+0000] {dag.py:2941} INFO - Sync 1 DAGs
[2023-12-15T12:07:30.487+0000] {logging_mixin.py:154} INFO - [2023-12-15T12:07:30.486+0000] {dag.py:3722} INFO - Setting next_dagrun for latest_only_with_trigger to 2023-12-15T08:07:30.480965+00:00, run_after=2023-12-15T12:07:30.480965+00:00
[2023-12-15T12:07:30.501+0000] {processor.py:179} INFO - Processing /home/airflow/.local/lib/python3.8/site-packages/airflow/example_dags/example_latest_only_with_trigger.py took 0.106 seconds
[2023-12-15T12:08:01.915+0000] {processor.py:157} INFO - Started process (PID=3198) to work on /home/airflow/.local/lib/python3.8/site-packages/airflow/example_dags/example_latest_only_with_trigger.py
[2023-12-15T12:08:01.918+0000] {processor.py:829} INFO - Processing file /home/airflow/.local/lib/python3.8/site-packages/airflow/example_dags/example_latest_only_with_trigger.py for tasks to queue
[2023-12-15T12:08:01.922+0000] {logging_mixin.py:154} INFO - [2023-12-15T12:08:01.922+0000] {dagbag.py:536} INFO - Filling up the DagBag from /home/airflow/.local/lib/python3.8/site-packages/airflow/example_dags/example_latest_only_with_trigger.py
[2023-12-15T12:08:01.933+0000] {processor.py:839} INFO - DAG(s) dict_keys(['latest_only_with_trigger']) retrieved from /home/airflow/.local/lib/python3.8/site-packages/airflow/example_dags/example_latest_only_with_trigger.py
[2023-12-15T12:08:01.973+0000] {logging_mixin.py:154} INFO - [2023-12-15T12:08:01.972+0000] {dag.py:2941} INFO - Sync 1 DAGs
[2023-12-15T12:08:02.024+0000] {logging_mixin.py:154} INFO - [2023-12-15T12:08:02.024+0000] {dag.py:3722} INFO - Setting next_dagrun for latest_only_with_trigger to 2023-12-15T08:08:02.023453+00:00, run_after=2023-12-15T12:08:02.023453+00:00
[2023-12-15T12:08:02.056+0000] {processor.py:179} INFO - Processing /home/airflow/.local/lib/python3.8/site-packages/airflow/example_dags/example_latest_only_with_trigger.py took 0.151 seconds
[2023-12-15T12:08:32.637+0000] {processor.py:157} INFO - Started process (PID=3252) to work on /home/airflow/.local/lib/python3.8/site-packages/airflow/example_dags/example_latest_only_with_trigger.py
[2023-12-15T12:08:32.640+0000] {processor.py:829} INFO - Processing file /home/airflow/.local/lib/python3.8/site-packages/airflow/example_dags/example_latest_only_with_trigger.py for tasks to queue
[2023-12-15T12:08:32.643+0000] {logging_mixin.py:154} INFO - [2023-12-15T12:08:32.642+0000] {dagbag.py:536} INFO - Filling up the DagBag from /home/airflow/.local/lib/python3.8/site-packages/airflow/example_dags/example_latest_only_with_trigger.py
[2023-12-15T12:08:32.651+0000] {processor.py:839} INFO - DAG(s) dict_keys(['latest_only_with_trigger']) retrieved from /home/airflow/.local/lib/python3.8/site-packages/airflow/example_dags/example_latest_only_with_trigger.py
[2023-12-15T12:08:32.676+0000] {logging_mixin.py:154} INFO - [2023-12-15T12:08:32.676+0000] {dag.py:2941} INFO - Sync 1 DAGs
[2023-12-15T12:08:32.705+0000] {logging_mixin.py:154} INFO - [2023-12-15T12:08:32.705+0000] {dag.py:3722} INFO - Setting next_dagrun for latest_only_with_trigger to 2023-12-15T08:08:32.704850+00:00, run_after=2023-12-15T12:08:32.704850+00:00
[2023-12-15T12:08:32.730+0000] {processor.py:179} INFO - Processing /home/airflow/.local/lib/python3.8/site-packages/airflow/example_dags/example_latest_only_with_trigger.py took 0.096 seconds
[2023-12-15T12:09:03.560+0000] {processor.py:157} INFO - Started process (PID=3306) to work on /home/airflow/.local/lib/python3.8/site-packages/airflow/example_dags/example_latest_only_with_trigger.py
[2023-12-15T12:09:03.567+0000] {processor.py:829} INFO - Processing file /home/airflow/.local/lib/python3.8/site-packages/airflow/example_dags/example_latest_only_with_trigger.py for tasks to queue
[2023-12-15T12:09:03.573+0000] {logging_mixin.py:154} INFO - [2023-12-15T12:09:03.573+0000] {dagbag.py:536} INFO - Filling up the DagBag from /home/airflow/.local/lib/python3.8/site-packages/airflow/example_dags/example_latest_only_with_trigger.py
[2023-12-15T12:09:03.585+0000] {processor.py:839} INFO - DAG(s) dict_keys(['latest_only_with_trigger']) retrieved from /home/airflow/.local/lib/python3.8/site-packages/airflow/example_dags/example_latest_only_with_trigger.py
[2023-12-15T12:09:03.630+0000] {logging_mixin.py:154} INFO - [2023-12-15T12:09:03.630+0000] {dag.py:2941} INFO - Sync 1 DAGs
[2023-12-15T12:09:03.687+0000] {logging_mixin.py:154} INFO - [2023-12-15T12:09:03.687+0000] {dag.py:3722} INFO - Setting next_dagrun for latest_only_with_trigger to 2023-12-15T08:09:03.683625+00:00, run_after=2023-12-15T12:09:03.683625+00:00
[2023-12-15T12:09:03.754+0000] {processor.py:179} INFO - Processing /home/airflow/.local/lib/python3.8/site-packages/airflow/example_dags/example_latest_only_with_trigger.py took 0.200 seconds
[2023-12-15T12:09:35.261+0000] {processor.py:157} INFO - Started process (PID=3360) to work on /home/airflow/.local/lib/python3.8/site-packages/airflow/example_dags/example_latest_only_with_trigger.py
[2023-12-15T12:09:35.262+0000] {processor.py:829} INFO - Processing file /home/airflow/.local/lib/python3.8/site-packages/airflow/example_dags/example_latest_only_with_trigger.py for tasks to queue
[2023-12-15T12:09:35.270+0000] {logging_mixin.py:154} INFO - [2023-12-15T12:09:35.268+0000] {dagbag.py:536} INFO - Filling up the DagBag from /home/airflow/.local/lib/python3.8/site-packages/airflow/example_dags/example_latest_only_with_trigger.py
[2023-12-15T12:09:35.289+0000] {processor.py:839} INFO - DAG(s) dict_keys(['latest_only_with_trigger']) retrieved from /home/airflow/.local/lib/python3.8/site-packages/airflow/example_dags/example_latest_only_with_trigger.py
[2023-12-15T12:09:35.313+0000] {logging_mixin.py:154} INFO - [2023-12-15T12:09:35.313+0000] {dag.py:2941} INFO - Sync 1 DAGs
[2023-12-15T12:09:35.363+0000] {logging_mixin.py:154} INFO - [2023-12-15T12:09:35.363+0000] {dag.py:3722} INFO - Setting next_dagrun for latest_only_with_trigger to 2023-12-15T08:09:35.357921+00:00, run_after=2023-12-15T12:09:35.357921+00:00
[2023-12-15T12:09:35.415+0000] {processor.py:179} INFO - Processing /home/airflow/.local/lib/python3.8/site-packages/airflow/example_dags/example_latest_only_with_trigger.py took 0.162 seconds
[2023-12-15T12:10:05.971+0000] {processor.py:157} INFO - Started process (PID=3414) to work on /home/airflow/.local/lib/python3.8/site-packages/airflow/example_dags/example_latest_only_with_trigger.py
[2023-12-15T12:10:05.973+0000] {processor.py:829} INFO - Processing file /home/airflow/.local/lib/python3.8/site-packages/airflow/example_dags/example_latest_only_with_trigger.py for tasks to queue
[2023-12-15T12:10:05.975+0000] {logging_mixin.py:154} INFO - [2023-12-15T12:10:05.975+0000] {dagbag.py:536} INFO - Filling up the DagBag from /home/airflow/.local/lib/python3.8/site-packages/airflow/example_dags/example_latest_only_with_trigger.py
[2023-12-15T12:10:05.988+0000] {processor.py:839} INFO - DAG(s) dict_keys(['latest_only_with_trigger']) retrieved from /home/airflow/.local/lib/python3.8/site-packages/airflow/example_dags/example_latest_only_with_trigger.py
[2023-12-15T12:10:06.010+0000] {logging_mixin.py:154} INFO - [2023-12-15T12:10:06.010+0000] {dag.py:2941} INFO - Sync 1 DAGs
[2023-12-15T12:10:06.027+0000] {logging_mixin.py:154} INFO - [2023-12-15T12:10:06.027+0000] {dag.py:3722} INFO - Setting next_dagrun for latest_only_with_trigger to 2023-12-15T08:10:06.026618+00:00, run_after=2023-12-15T12:10:06.026618+00:00
[2023-12-15T12:10:06.037+0000] {processor.py:179} INFO - Processing /home/airflow/.local/lib/python3.8/site-packages/airflow/example_dags/example_latest_only_with_trigger.py took 0.071 seconds
