[2023-12-15T11:37:02.854+0000] {processor.py:157} INFO - Started process (PID=75) to work on /home/airflow/.local/lib/python3.8/site-packages/airflow/example_dags/example_params_ui_tutorial.py
[2023-12-15T11:37:02.862+0000] {processor.py:829} INFO - Processing file /home/airflow/.local/lib/python3.8/site-packages/airflow/example_dags/example_params_ui_tutorial.py for tasks to queue
[2023-12-15T11:37:02.900+0000] {logging_mixin.py:154} INFO - [2023-12-15T11:37:02.889+0000] {dagbag.py:536} INFO - Filling up the DagBag from /home/airflow/.local/lib/python3.8/site-packages/airflow/example_dags/example_params_ui_tutorial.py
[2023-12-15T11:37:03.282+0000] {processor.py:839} INFO - DAG(s) dict_keys(['example_params_ui_tutorial']) retrieved from /home/airflow/.local/lib/python3.8/site-packages/airflow/example_dags/example_params_ui_tutorial.py
[2023-12-15T11:37:03.714+0000] {logging_mixin.py:154} INFO - [2023-12-15T11:37:03.713+0000] {dag.py:2941} INFO - Sync 1 DAGs
[2023-12-15T11:37:04.179+0000] {logging_mixin.py:154} INFO - [2023-12-15T11:37:04.178+0000] {dag.py:3722} INFO - Setting next_dagrun for example_params_ui_tutorial to None, run_after=None
[2023-12-15T11:37:04.592+0000] {processor.py:179} INFO - Processing /home/airflow/.local/lib/python3.8/site-packages/airflow/example_dags/example_params_ui_tutorial.py took 1.817 seconds
[2023-12-15T11:37:35.260+0000] {processor.py:157} INFO - Started process (PID=129) to work on /home/airflow/.local/lib/python3.8/site-packages/airflow/example_dags/example_params_ui_tutorial.py
[2023-12-15T11:37:35.262+0000] {processor.py:829} INFO - Processing file /home/airflow/.local/lib/python3.8/site-packages/airflow/example_dags/example_params_ui_tutorial.py for tasks to queue
[2023-12-15T11:37:35.265+0000] {logging_mixin.py:154} INFO - [2023-12-15T11:37:35.265+0000] {dagbag.py:536} INFO - Filling up the DagBag from /home/airflow/.local/lib/python3.8/site-packages/airflow/example_dags/example_params_ui_tutorial.py
[2023-12-15T11:37:35.304+0000] {processor.py:839} INFO - DAG(s) dict_keys(['example_params_ui_tutorial']) retrieved from /home/airflow/.local/lib/python3.8/site-packages/airflow/example_dags/example_params_ui_tutorial.py
[2023-12-15T11:37:35.349+0000] {logging_mixin.py:154} INFO - [2023-12-15T11:37:35.349+0000] {dag.py:2941} INFO - Sync 1 DAGs
[2023-12-15T11:37:35.359+0000] {logging_mixin.py:154} INFO - [2023-12-15T11:37:35.359+0000] {dag.py:3722} INFO - Setting next_dagrun for example_params_ui_tutorial to None, run_after=None
[2023-12-15T11:37:35.372+0000] {processor.py:179} INFO - Processing /home/airflow/.local/lib/python3.8/site-packages/airflow/example_dags/example_params_ui_tutorial.py took 0.117 seconds
[2023-12-15T11:38:06.213+0000] {processor.py:157} INFO - Started process (PID=183) to work on /home/airflow/.local/lib/python3.8/site-packages/airflow/example_dags/example_params_ui_tutorial.py
[2023-12-15T11:38:06.215+0000] {processor.py:829} INFO - Processing file /home/airflow/.local/lib/python3.8/site-packages/airflow/example_dags/example_params_ui_tutorial.py for tasks to queue
[2023-12-15T11:38:06.232+0000] {logging_mixin.py:154} INFO - [2023-12-15T11:38:06.230+0000] {dagbag.py:536} INFO - Filling up the DagBag from /home/airflow/.local/lib/python3.8/site-packages/airflow/example_dags/example_params_ui_tutorial.py
[2023-12-15T11:38:06.287+0000] {processor.py:839} INFO - DAG(s) dict_keys(['example_params_ui_tutorial']) retrieved from /home/airflow/.local/lib/python3.8/site-packages/airflow/example_dags/example_params_ui_tutorial.py
[2023-12-15T11:38:06.324+0000] {logging_mixin.py:154} INFO - [2023-12-15T11:38:06.324+0000] {dag.py:2941} INFO - Sync 1 DAGs
[2023-12-15T11:38:06.334+0000] {logging_mixin.py:154} INFO - [2023-12-15T11:38:06.334+0000] {dag.py:3722} INFO - Setting next_dagrun for example_params_ui_tutorial to None, run_after=None
[2023-12-15T11:38:06.346+0000] {processor.py:179} INFO - Processing /home/airflow/.local/lib/python3.8/site-packages/airflow/example_dags/example_params_ui_tutorial.py took 0.139 seconds
[2023-12-15T11:38:36.817+0000] {processor.py:157} INFO - Started process (PID=237) to work on /home/airflow/.local/lib/python3.8/site-packages/airflow/example_dags/example_params_ui_tutorial.py
[2023-12-15T11:38:36.822+0000] {processor.py:829} INFO - Processing file /home/airflow/.local/lib/python3.8/site-packages/airflow/example_dags/example_params_ui_tutorial.py for tasks to queue
[2023-12-15T11:38:36.834+0000] {logging_mixin.py:154} INFO - [2023-12-15T11:38:36.832+0000] {dagbag.py:536} INFO - Filling up the DagBag from /home/airflow/.local/lib/python3.8/site-packages/airflow/example_dags/example_params_ui_tutorial.py
[2023-12-15T11:38:36.974+0000] {processor.py:839} INFO - DAG(s) dict_keys(['example_params_ui_tutorial']) retrieved from /home/airflow/.local/lib/python3.8/site-packages/airflow/example_dags/example_params_ui_tutorial.py
[2023-12-15T11:38:37.075+0000] {logging_mixin.py:154} INFO - [2023-12-15T11:38:37.074+0000] {dag.py:2941} INFO - Sync 1 DAGs
[2023-12-15T11:38:37.105+0000] {logging_mixin.py:154} INFO - [2023-12-15T11:38:37.105+0000] {dag.py:3722} INFO - Setting next_dagrun for example_params_ui_tutorial to None, run_after=None
[2023-12-15T11:38:37.154+0000] {processor.py:179} INFO - Processing /home/airflow/.local/lib/python3.8/site-packages/airflow/example_dags/example_params_ui_tutorial.py took 0.366 seconds
[2023-12-15T11:39:07.446+0000] {processor.py:157} INFO - Started process (PID=291) to work on /home/airflow/.local/lib/python3.8/site-packages/airflow/example_dags/example_params_ui_tutorial.py
[2023-12-15T11:39:07.449+0000] {processor.py:829} INFO - Processing file /home/airflow/.local/lib/python3.8/site-packages/airflow/example_dags/example_params_ui_tutorial.py for tasks to queue
[2023-12-15T11:39:07.453+0000] {logging_mixin.py:154} INFO - [2023-12-15T11:39:07.453+0000] {dagbag.py:536} INFO - Filling up the DagBag from /home/airflow/.local/lib/python3.8/site-packages/airflow/example_dags/example_params_ui_tutorial.py
[2023-12-15T11:39:07.514+0000] {processor.py:839} INFO - DAG(s) dict_keys(['example_params_ui_tutorial']) retrieved from /home/airflow/.local/lib/python3.8/site-packages/airflow/example_dags/example_params_ui_tutorial.py
[2023-12-15T11:39:07.608+0000] {logging_mixin.py:154} INFO - [2023-12-15T11:39:07.607+0000] {dag.py:2941} INFO - Sync 1 DAGs
[2023-12-15T11:39:07.731+0000] {logging_mixin.py:154} INFO - [2023-12-15T11:39:07.731+0000] {dag.py:3722} INFO - Setting next_dagrun for example_params_ui_tutorial to None, run_after=None
[2023-12-15T11:39:07.779+0000] {processor.py:179} INFO - Processing /home/airflow/.local/lib/python3.8/site-packages/airflow/example_dags/example_params_ui_tutorial.py took 0.340 seconds
[2023-12-15T11:39:44.217+0000] {processor.py:157} INFO - Started process (PID=344) to work on /home/airflow/.local/lib/python3.8/site-packages/airflow/example_dags/example_params_ui_tutorial.py
[2023-12-15T11:39:44.227+0000] {processor.py:829} INFO - Processing file /home/airflow/.local/lib/python3.8/site-packages/airflow/example_dags/example_params_ui_tutorial.py for tasks to queue
[2023-12-15T11:39:44.240+0000] {logging_mixin.py:154} INFO - [2023-12-15T11:39:44.239+0000] {dagbag.py:536} INFO - Filling up the DagBag from /home/airflow/.local/lib/python3.8/site-packages/airflow/example_dags/example_params_ui_tutorial.py
[2023-12-15T11:39:44.362+0000] {processor.py:839} INFO - DAG(s) dict_keys(['example_params_ui_tutorial']) retrieved from /home/airflow/.local/lib/python3.8/site-packages/airflow/example_dags/example_params_ui_tutorial.py
[2023-12-15T11:39:44.488+0000] {logging_mixin.py:154} INFO - [2023-12-15T11:39:44.487+0000] {dag.py:2941} INFO - Sync 1 DAGs
[2023-12-15T11:39:44.516+0000] {logging_mixin.py:154} INFO - [2023-12-15T11:39:44.516+0000] {dag.py:3722} INFO - Setting next_dagrun for example_params_ui_tutorial to None, run_after=None
[2023-12-15T11:39:44.546+0000] {processor.py:179} INFO - Processing /home/airflow/.local/lib/python3.8/site-packages/airflow/example_dags/example_params_ui_tutorial.py took 0.339 seconds
[2023-12-15T11:40:14.789+0000] {processor.py:157} INFO - Started process (PID=396) to work on /home/airflow/.local/lib/python3.8/site-packages/airflow/example_dags/example_params_ui_tutorial.py
[2023-12-15T11:40:14.792+0000] {processor.py:829} INFO - Processing file /home/airflow/.local/lib/python3.8/site-packages/airflow/example_dags/example_params_ui_tutorial.py for tasks to queue
[2023-12-15T11:40:14.803+0000] {logging_mixin.py:154} INFO - [2023-12-15T11:40:14.802+0000] {dagbag.py:536} INFO - Filling up the DagBag from /home/airflow/.local/lib/python3.8/site-packages/airflow/example_dags/example_params_ui_tutorial.py
[2023-12-15T11:40:15.130+0000] {processor.py:839} INFO - DAG(s) dict_keys(['example_params_ui_tutorial']) retrieved from /home/airflow/.local/lib/python3.8/site-packages/airflow/example_dags/example_params_ui_tutorial.py
[2023-12-15T11:40:15.415+0000] {logging_mixin.py:154} INFO - [2023-12-15T11:40:15.411+0000] {dag.py:2941} INFO - Sync 1 DAGs
[2023-12-15T11:40:15.499+0000] {logging_mixin.py:154} INFO - [2023-12-15T11:40:15.499+0000] {dag.py:3722} INFO - Setting next_dagrun for example_params_ui_tutorial to None, run_after=None
[2023-12-15T11:40:15.557+0000] {processor.py:179} INFO - Processing /home/airflow/.local/lib/python3.8/site-packages/airflow/example_dags/example_params_ui_tutorial.py took 0.775 seconds
[2023-12-15T11:40:45.793+0000] {processor.py:157} INFO - Started process (PID=449) to work on /home/airflow/.local/lib/python3.8/site-packages/airflow/example_dags/example_params_ui_tutorial.py
[2023-12-15T11:40:45.801+0000] {processor.py:829} INFO - Processing file /home/airflow/.local/lib/python3.8/site-packages/airflow/example_dags/example_params_ui_tutorial.py for tasks to queue
[2023-12-15T11:40:45.823+0000] {logging_mixin.py:154} INFO - [2023-12-15T11:40:45.823+0000] {dagbag.py:536} INFO - Filling up the DagBag from /home/airflow/.local/lib/python3.8/site-packages/airflow/example_dags/example_params_ui_tutorial.py
[2023-12-15T11:40:46.071+0000] {processor.py:839} INFO - DAG(s) dict_keys(['example_params_ui_tutorial']) retrieved from /home/airflow/.local/lib/python3.8/site-packages/airflow/example_dags/example_params_ui_tutorial.py
[2023-12-15T11:40:46.193+0000] {logging_mixin.py:154} INFO - [2023-12-15T11:40:46.193+0000] {dag.py:2941} INFO - Sync 1 DAGs
[2023-12-15T11:40:46.255+0000] {logging_mixin.py:154} INFO - [2023-12-15T11:40:46.254+0000] {dag.py:3722} INFO - Setting next_dagrun for example_params_ui_tutorial to None, run_after=None
[2023-12-15T11:40:46.323+0000] {processor.py:179} INFO - Processing /home/airflow/.local/lib/python3.8/site-packages/airflow/example_dags/example_params_ui_tutorial.py took 0.574 seconds
[2023-12-15T11:41:16.647+0000] {processor.py:157} INFO - Started process (PID=503) to work on /home/airflow/.local/lib/python3.8/site-packages/airflow/example_dags/example_params_ui_tutorial.py
[2023-12-15T11:41:16.652+0000] {processor.py:829} INFO - Processing file /home/airflow/.local/lib/python3.8/site-packages/airflow/example_dags/example_params_ui_tutorial.py for tasks to queue
[2023-12-15T11:41:16.670+0000] {logging_mixin.py:154} INFO - [2023-12-15T11:41:16.669+0000] {dagbag.py:536} INFO - Filling up the DagBag from /home/airflow/.local/lib/python3.8/site-packages/airflow/example_dags/example_params_ui_tutorial.py
[2023-12-15T11:41:16.824+0000] {processor.py:839} INFO - DAG(s) dict_keys(['example_params_ui_tutorial']) retrieved from /home/airflow/.local/lib/python3.8/site-packages/airflow/example_dags/example_params_ui_tutorial.py
[2023-12-15T11:41:16.931+0000] {logging_mixin.py:154} INFO - [2023-12-15T11:41:16.930+0000] {dag.py:2941} INFO - Sync 1 DAGs
[2023-12-15T11:41:17.007+0000] {logging_mixin.py:154} INFO - [2023-12-15T11:41:17.007+0000] {dag.py:3722} INFO - Setting next_dagrun for example_params_ui_tutorial to None, run_after=None
[2023-12-15T11:41:17.075+0000] {processor.py:179} INFO - Processing /home/airflow/.local/lib/python3.8/site-packages/airflow/example_dags/example_params_ui_tutorial.py took 0.458 seconds
[2023-12-15T11:41:49.641+0000] {processor.py:157} INFO - Started process (PID=557) to work on /home/airflow/.local/lib/python3.8/site-packages/airflow/example_dags/example_params_ui_tutorial.py
[2023-12-15T11:41:49.645+0000] {processor.py:829} INFO - Processing file /home/airflow/.local/lib/python3.8/site-packages/airflow/example_dags/example_params_ui_tutorial.py for tasks to queue
[2023-12-15T11:41:49.649+0000] {logging_mixin.py:154} INFO - [2023-12-15T11:41:49.649+0000] {dagbag.py:536} INFO - Filling up the DagBag from /home/airflow/.local/lib/python3.8/site-packages/airflow/example_dags/example_params_ui_tutorial.py
[2023-12-15T11:41:49.727+0000] {processor.py:839} INFO - DAG(s) dict_keys(['example_params_ui_tutorial']) retrieved from /home/airflow/.local/lib/python3.8/site-packages/airflow/example_dags/example_params_ui_tutorial.py
[2023-12-15T11:41:49.790+0000] {logging_mixin.py:154} INFO - [2023-12-15T11:41:49.790+0000] {dag.py:2941} INFO - Sync 1 DAGs
[2023-12-15T11:41:49.801+0000] {logging_mixin.py:154} INFO - [2023-12-15T11:41:49.801+0000] {dag.py:3722} INFO - Setting next_dagrun for example_params_ui_tutorial to None, run_after=None
[2023-12-15T11:41:49.847+0000] {processor.py:179} INFO - Processing /home/airflow/.local/lib/python3.8/site-packages/airflow/example_dags/example_params_ui_tutorial.py took 0.209 seconds
[2023-12-15T11:42:22.877+0000] {processor.py:157} INFO - Started process (PID=612) to work on /home/airflow/.local/lib/python3.8/site-packages/airflow/example_dags/example_params_ui_tutorial.py
[2023-12-15T11:42:22.879+0000] {processor.py:829} INFO - Processing file /home/airflow/.local/lib/python3.8/site-packages/airflow/example_dags/example_params_ui_tutorial.py for tasks to queue
[2023-12-15T11:42:22.883+0000] {logging_mixin.py:154} INFO - [2023-12-15T11:42:22.882+0000] {dagbag.py:536} INFO - Filling up the DagBag from /home/airflow/.local/lib/python3.8/site-packages/airflow/example_dags/example_params_ui_tutorial.py
[2023-12-15T11:42:22.990+0000] {processor.py:839} INFO - DAG(s) dict_keys(['example_params_ui_tutorial']) retrieved from /home/airflow/.local/lib/python3.8/site-packages/airflow/example_dags/example_params_ui_tutorial.py
[2023-12-15T11:42:23.120+0000] {logging_mixin.py:154} INFO - [2023-12-15T11:42:23.120+0000] {dag.py:2941} INFO - Sync 1 DAGs
[2023-12-15T11:42:23.174+0000] {logging_mixin.py:154} INFO - [2023-12-15T11:42:23.174+0000] {dag.py:3722} INFO - Setting next_dagrun for example_params_ui_tutorial to None, run_after=None
[2023-12-15T11:42:23.232+0000] {processor.py:179} INFO - Processing /home/airflow/.local/lib/python3.8/site-packages/airflow/example_dags/example_params_ui_tutorial.py took 0.360 seconds
[2023-12-15T11:43:04.536+0000] {processor.py:157} INFO - Started process (PID=667) to work on /home/airflow/.local/lib/python3.8/site-packages/airflow/example_dags/example_params_ui_tutorial.py
[2023-12-15T11:43:04.539+0000] {processor.py:829} INFO - Processing file /home/airflow/.local/lib/python3.8/site-packages/airflow/example_dags/example_params_ui_tutorial.py for tasks to queue
[2023-12-15T11:43:04.543+0000] {logging_mixin.py:154} INFO - [2023-12-15T11:43:04.543+0000] {dagbag.py:536} INFO - Filling up the DagBag from /home/airflow/.local/lib/python3.8/site-packages/airflow/example_dags/example_params_ui_tutorial.py
[2023-12-15T11:43:04.623+0000] {processor.py:839} INFO - DAG(s) dict_keys(['example_params_ui_tutorial']) retrieved from /home/airflow/.local/lib/python3.8/site-packages/airflow/example_dags/example_params_ui_tutorial.py
[2023-12-15T11:43:04.701+0000] {logging_mixin.py:154} INFO - [2023-12-15T11:43:04.701+0000] {dag.py:2941} INFO - Sync 1 DAGs
[2023-12-15T11:43:04.729+0000] {logging_mixin.py:154} INFO - [2023-12-15T11:43:04.728+0000] {dag.py:3722} INFO - Setting next_dagrun for example_params_ui_tutorial to None, run_after=None
[2023-12-15T11:43:04.772+0000] {processor.py:179} INFO - Processing /home/airflow/.local/lib/python3.8/site-packages/airflow/example_dags/example_params_ui_tutorial.py took 0.242 seconds
[2023-12-15T11:43:40.882+0000] {processor.py:157} INFO - Started process (PID=721) to work on /home/airflow/.local/lib/python3.8/site-packages/airflow/example_dags/example_params_ui_tutorial.py
[2023-12-15T11:43:40.883+0000] {processor.py:829} INFO - Processing file /home/airflow/.local/lib/python3.8/site-packages/airflow/example_dags/example_params_ui_tutorial.py for tasks to queue
[2023-12-15T11:43:40.887+0000] {logging_mixin.py:154} INFO - [2023-12-15T11:43:40.887+0000] {dagbag.py:536} INFO - Filling up the DagBag from /home/airflow/.local/lib/python3.8/site-packages/airflow/example_dags/example_params_ui_tutorial.py
[2023-12-15T11:43:40.983+0000] {processor.py:839} INFO - DAG(s) dict_keys(['example_params_ui_tutorial']) retrieved from /home/airflow/.local/lib/python3.8/site-packages/airflow/example_dags/example_params_ui_tutorial.py
[2023-12-15T11:43:41.085+0000] {logging_mixin.py:154} INFO - [2023-12-15T11:43:41.085+0000] {dag.py:2941} INFO - Sync 1 DAGs
[2023-12-15T11:43:41.096+0000] {logging_mixin.py:154} INFO - [2023-12-15T11:43:41.096+0000] {dag.py:3722} INFO - Setting next_dagrun for example_params_ui_tutorial to None, run_after=None
[2023-12-15T11:43:41.110+0000] {processor.py:179} INFO - Processing /home/airflow/.local/lib/python3.8/site-packages/airflow/example_dags/example_params_ui_tutorial.py took 0.232 seconds
[2023-12-15T11:44:15.218+0000] {processor.py:157} INFO - Started process (PID=782) to work on /home/airflow/.local/lib/python3.8/site-packages/airflow/example_dags/example_params_ui_tutorial.py
[2023-12-15T11:44:15.224+0000] {processor.py:829} INFO - Processing file /home/airflow/.local/lib/python3.8/site-packages/airflow/example_dags/example_params_ui_tutorial.py for tasks to queue
[2023-12-15T11:44:15.230+0000] {logging_mixin.py:154} INFO - [2023-12-15T11:44:15.230+0000] {dagbag.py:536} INFO - Filling up the DagBag from /home/airflow/.local/lib/python3.8/site-packages/airflow/example_dags/example_params_ui_tutorial.py
[2023-12-15T11:44:15.767+0000] {processor.py:839} INFO - DAG(s) dict_keys(['example_params_ui_tutorial']) retrieved from /home/airflow/.local/lib/python3.8/site-packages/airflow/example_dags/example_params_ui_tutorial.py
[2023-12-15T11:44:16.198+0000] {logging_mixin.py:154} INFO - [2023-12-15T11:44:16.196+0000] {dag.py:2941} INFO - Sync 1 DAGs
[2023-12-15T11:44:16.264+0000] {logging_mixin.py:154} INFO - [2023-12-15T11:44:16.264+0000] {dag.py:3722} INFO - Setting next_dagrun for example_params_ui_tutorial to None, run_after=None
[2023-12-15T11:44:16.475+0000] {processor.py:179} INFO - Processing /home/airflow/.local/lib/python3.8/site-packages/airflow/example_dags/example_params_ui_tutorial.py took 1.261 seconds
[2023-12-15T11:44:46.979+0000] {processor.py:157} INFO - Started process (PID=836) to work on /home/airflow/.local/lib/python3.8/site-packages/airflow/example_dags/example_params_ui_tutorial.py
[2023-12-15T11:44:46.983+0000] {processor.py:829} INFO - Processing file /home/airflow/.local/lib/python3.8/site-packages/airflow/example_dags/example_params_ui_tutorial.py for tasks to queue
[2023-12-15T11:44:46.990+0000] {logging_mixin.py:154} INFO - [2023-12-15T11:44:46.990+0000] {dagbag.py:536} INFO - Filling up the DagBag from /home/airflow/.local/lib/python3.8/site-packages/airflow/example_dags/example_params_ui_tutorial.py
[2023-12-15T11:44:47.101+0000] {processor.py:839} INFO - DAG(s) dict_keys(['example_params_ui_tutorial']) retrieved from /home/airflow/.local/lib/python3.8/site-packages/airflow/example_dags/example_params_ui_tutorial.py
[2023-12-15T11:44:47.293+0000] {logging_mixin.py:154} INFO - [2023-12-15T11:44:47.293+0000] {dag.py:2941} INFO - Sync 1 DAGs
[2023-12-15T11:44:47.404+0000] {logging_mixin.py:154} INFO - [2023-12-15T11:44:47.403+0000] {dag.py:3722} INFO - Setting next_dagrun for example_params_ui_tutorial to None, run_after=None
[2023-12-15T11:44:47.431+0000] {processor.py:179} INFO - Processing /home/airflow/.local/lib/python3.8/site-packages/airflow/example_dags/example_params_ui_tutorial.py took 0.459 seconds
[2023-12-15T11:45:18.406+0000] {processor.py:157} INFO - Started process (PID=888) to work on /home/airflow/.local/lib/python3.8/site-packages/airflow/example_dags/example_params_ui_tutorial.py
[2023-12-15T11:45:18.408+0000] {processor.py:829} INFO - Processing file /home/airflow/.local/lib/python3.8/site-packages/airflow/example_dags/example_params_ui_tutorial.py for tasks to queue
[2023-12-15T11:45:18.412+0000] {logging_mixin.py:154} INFO - [2023-12-15T11:45:18.412+0000] {dagbag.py:536} INFO - Filling up the DagBag from /home/airflow/.local/lib/python3.8/site-packages/airflow/example_dags/example_params_ui_tutorial.py
[2023-12-15T11:45:18.500+0000] {processor.py:839} INFO - DAG(s) dict_keys(['example_params_ui_tutorial']) retrieved from /home/airflow/.local/lib/python3.8/site-packages/airflow/example_dags/example_params_ui_tutorial.py
[2023-12-15T11:45:18.575+0000] {logging_mixin.py:154} INFO - [2023-12-15T11:45:18.575+0000] {dag.py:2941} INFO - Sync 1 DAGs
[2023-12-15T11:45:18.595+0000] {logging_mixin.py:154} INFO - [2023-12-15T11:45:18.594+0000] {dag.py:3722} INFO - Setting next_dagrun for example_params_ui_tutorial to None, run_after=None
[2023-12-15T11:45:18.627+0000] {processor.py:179} INFO - Processing /home/airflow/.local/lib/python3.8/site-packages/airflow/example_dags/example_params_ui_tutorial.py took 0.226 seconds
[2023-12-15T11:45:49.720+0000] {processor.py:157} INFO - Started process (PID=942) to work on /home/airflow/.local/lib/python3.8/site-packages/airflow/example_dags/example_params_ui_tutorial.py
[2023-12-15T11:45:49.722+0000] {processor.py:829} INFO - Processing file /home/airflow/.local/lib/python3.8/site-packages/airflow/example_dags/example_params_ui_tutorial.py for tasks to queue
[2023-12-15T11:45:49.725+0000] {logging_mixin.py:154} INFO - [2023-12-15T11:45:49.725+0000] {dagbag.py:536} INFO - Filling up the DagBag from /home/airflow/.local/lib/python3.8/site-packages/airflow/example_dags/example_params_ui_tutorial.py
[2023-12-15T11:45:49.979+0000] {processor.py:839} INFO - DAG(s) dict_keys(['example_params_ui_tutorial']) retrieved from /home/airflow/.local/lib/python3.8/site-packages/airflow/example_dags/example_params_ui_tutorial.py
[2023-12-15T11:45:50.066+0000] {logging_mixin.py:154} INFO - [2023-12-15T11:45:50.065+0000] {dag.py:2941} INFO - Sync 1 DAGs
[2023-12-15T11:45:50.091+0000] {logging_mixin.py:154} INFO - [2023-12-15T11:45:50.091+0000] {dag.py:3722} INFO - Setting next_dagrun for example_params_ui_tutorial to None, run_after=None
[2023-12-15T11:45:50.122+0000] {processor.py:179} INFO - Processing /home/airflow/.local/lib/python3.8/site-packages/airflow/example_dags/example_params_ui_tutorial.py took 0.410 seconds
[2023-12-15T11:46:20.803+0000] {processor.py:157} INFO - Started process (PID=994) to work on /home/airflow/.local/lib/python3.8/site-packages/airflow/example_dags/example_params_ui_tutorial.py
[2023-12-15T11:46:20.807+0000] {processor.py:829} INFO - Processing file /home/airflow/.local/lib/python3.8/site-packages/airflow/example_dags/example_params_ui_tutorial.py for tasks to queue
[2023-12-15T11:46:20.814+0000] {logging_mixin.py:154} INFO - [2023-12-15T11:46:20.813+0000] {dagbag.py:536} INFO - Filling up the DagBag from /home/airflow/.local/lib/python3.8/site-packages/airflow/example_dags/example_params_ui_tutorial.py
[2023-12-15T11:46:21.194+0000] {processor.py:839} INFO - DAG(s) dict_keys(['example_params_ui_tutorial']) retrieved from /home/airflow/.local/lib/python3.8/site-packages/airflow/example_dags/example_params_ui_tutorial.py
[2023-12-15T11:46:21.250+0000] {logging_mixin.py:154} INFO - [2023-12-15T11:46:21.249+0000] {dag.py:2941} INFO - Sync 1 DAGs
[2023-12-15T11:46:21.263+0000] {logging_mixin.py:154} INFO - [2023-12-15T11:46:21.263+0000] {dag.py:3722} INFO - Setting next_dagrun for example_params_ui_tutorial to None, run_after=None
[2023-12-15T11:46:21.328+0000] {processor.py:179} INFO - Processing /home/airflow/.local/lib/python3.8/site-packages/airflow/example_dags/example_params_ui_tutorial.py took 0.555 seconds
[2023-12-15T11:46:57.199+0000] {processor.py:157} INFO - Started process (PID=1049) to work on /home/airflow/.local/lib/python3.8/site-packages/airflow/example_dags/example_params_ui_tutorial.py
[2023-12-15T11:46:57.220+0000] {processor.py:829} INFO - Processing file /home/airflow/.local/lib/python3.8/site-packages/airflow/example_dags/example_params_ui_tutorial.py for tasks to queue
[2023-12-15T11:46:57.484+0000] {logging_mixin.py:154} INFO - [2023-12-15T11:46:57.482+0000] {dagbag.py:536} INFO - Filling up the DagBag from /home/airflow/.local/lib/python3.8/site-packages/airflow/example_dags/example_params_ui_tutorial.py
[2023-12-15T11:46:57.989+0000] {processor.py:839} INFO - DAG(s) dict_keys(['example_params_ui_tutorial']) retrieved from /home/airflow/.local/lib/python3.8/site-packages/airflow/example_dags/example_params_ui_tutorial.py
[2023-12-15T11:46:58.455+0000] {logging_mixin.py:154} INFO - [2023-12-15T11:46:58.447+0000] {dag.py:2941} INFO - Sync 1 DAGs
[2023-12-15T11:46:58.685+0000] {logging_mixin.py:154} INFO - [2023-12-15T11:46:58.684+0000] {dag.py:3722} INFO - Setting next_dagrun for example_params_ui_tutorial to None, run_after=None
[2023-12-15T11:46:58.833+0000] {processor.py:179} INFO - Processing /home/airflow/.local/lib/python3.8/site-packages/airflow/example_dags/example_params_ui_tutorial.py took 1.713 seconds
[2023-12-15T11:47:29.505+0000] {processor.py:157} INFO - Started process (PID=1103) to work on /home/airflow/.local/lib/python3.8/site-packages/airflow/example_dags/example_params_ui_tutorial.py
[2023-12-15T11:47:29.509+0000] {processor.py:829} INFO - Processing file /home/airflow/.local/lib/python3.8/site-packages/airflow/example_dags/example_params_ui_tutorial.py for tasks to queue
[2023-12-15T11:47:29.522+0000] {logging_mixin.py:154} INFO - [2023-12-15T11:47:29.516+0000] {dagbag.py:536} INFO - Filling up the DagBag from /home/airflow/.local/lib/python3.8/site-packages/airflow/example_dags/example_params_ui_tutorial.py
[2023-12-15T11:47:29.716+0000] {processor.py:839} INFO - DAG(s) dict_keys(['example_params_ui_tutorial']) retrieved from /home/airflow/.local/lib/python3.8/site-packages/airflow/example_dags/example_params_ui_tutorial.py
[2023-12-15T11:47:29.841+0000] {logging_mixin.py:154} INFO - [2023-12-15T11:47:29.840+0000] {dag.py:2941} INFO - Sync 1 DAGs
[2023-12-15T11:47:29.877+0000] {logging_mixin.py:154} INFO - [2023-12-15T11:47:29.877+0000] {dag.py:3722} INFO - Setting next_dagrun for example_params_ui_tutorial to None, run_after=None
[2023-12-15T11:47:29.962+0000] {processor.py:179} INFO - Processing /home/airflow/.local/lib/python3.8/site-packages/airflow/example_dags/example_params_ui_tutorial.py took 0.468 seconds
[2023-12-15T11:48:01.211+0000] {processor.py:157} INFO - Started process (PID=1157) to work on /home/airflow/.local/lib/python3.8/site-packages/airflow/example_dags/example_params_ui_tutorial.py
[2023-12-15T11:48:01.230+0000] {processor.py:829} INFO - Processing file /home/airflow/.local/lib/python3.8/site-packages/airflow/example_dags/example_params_ui_tutorial.py for tasks to queue
[2023-12-15T11:48:01.242+0000] {logging_mixin.py:154} INFO - [2023-12-15T11:48:01.241+0000] {dagbag.py:536} INFO - Filling up the DagBag from /home/airflow/.local/lib/python3.8/site-packages/airflow/example_dags/example_params_ui_tutorial.py
[2023-12-15T11:48:01.517+0000] {processor.py:839} INFO - DAG(s) dict_keys(['example_params_ui_tutorial']) retrieved from /home/airflow/.local/lib/python3.8/site-packages/airflow/example_dags/example_params_ui_tutorial.py
[2023-12-15T11:48:01.634+0000] {logging_mixin.py:154} INFO - [2023-12-15T11:48:01.634+0000] {dag.py:2941} INFO - Sync 1 DAGs
[2023-12-15T11:48:01.660+0000] {logging_mixin.py:154} INFO - [2023-12-15T11:48:01.660+0000] {dag.py:3722} INFO - Setting next_dagrun for example_params_ui_tutorial to None, run_after=None
[2023-12-15T11:48:01.686+0000] {processor.py:179} INFO - Processing /home/airflow/.local/lib/python3.8/site-packages/airflow/example_dags/example_params_ui_tutorial.py took 0.492 seconds
[2023-12-15T11:48:43.269+0000] {processor.py:157} INFO - Started process (PID=1211) to work on /home/airflow/.local/lib/python3.8/site-packages/airflow/example_dags/example_params_ui_tutorial.py
[2023-12-15T11:48:43.273+0000] {processor.py:829} INFO - Processing file /home/airflow/.local/lib/python3.8/site-packages/airflow/example_dags/example_params_ui_tutorial.py for tasks to queue
[2023-12-15T11:48:43.281+0000] {logging_mixin.py:154} INFO - [2023-12-15T11:48:43.279+0000] {dagbag.py:536} INFO - Filling up the DagBag from /home/airflow/.local/lib/python3.8/site-packages/airflow/example_dags/example_params_ui_tutorial.py
[2023-12-15T11:48:43.486+0000] {processor.py:839} INFO - DAG(s) dict_keys(['example_params_ui_tutorial']) retrieved from /home/airflow/.local/lib/python3.8/site-packages/airflow/example_dags/example_params_ui_tutorial.py
[2023-12-15T11:48:43.579+0000] {logging_mixin.py:154} INFO - [2023-12-15T11:48:43.578+0000] {dag.py:2941} INFO - Sync 1 DAGs
[2023-12-15T11:48:43.613+0000] {logging_mixin.py:154} INFO - [2023-12-15T11:48:43.612+0000] {dag.py:3722} INFO - Setting next_dagrun for example_params_ui_tutorial to None, run_after=None
[2023-12-15T11:48:43.652+0000] {processor.py:179} INFO - Processing /home/airflow/.local/lib/python3.8/site-packages/airflow/example_dags/example_params_ui_tutorial.py took 0.393 seconds
[2023-12-15T11:49:14.446+0000] {processor.py:157} INFO - Started process (PID=1264) to work on /home/airflow/.local/lib/python3.8/site-packages/airflow/example_dags/example_params_ui_tutorial.py
[2023-12-15T11:49:14.455+0000] {processor.py:829} INFO - Processing file /home/airflow/.local/lib/python3.8/site-packages/airflow/example_dags/example_params_ui_tutorial.py for tasks to queue
[2023-12-15T11:49:14.472+0000] {logging_mixin.py:154} INFO - [2023-12-15T11:49:14.470+0000] {dagbag.py:536} INFO - Filling up the DagBag from /home/airflow/.local/lib/python3.8/site-packages/airflow/example_dags/example_params_ui_tutorial.py
[2023-12-15T11:49:14.596+0000] {processor.py:839} INFO - DAG(s) dict_keys(['example_params_ui_tutorial']) retrieved from /home/airflow/.local/lib/python3.8/site-packages/airflow/example_dags/example_params_ui_tutorial.py
[2023-12-15T11:49:14.658+0000] {logging_mixin.py:154} INFO - [2023-12-15T11:49:14.658+0000] {dag.py:2941} INFO - Sync 1 DAGs
[2023-12-15T11:49:14.681+0000] {logging_mixin.py:154} INFO - [2023-12-15T11:49:14.681+0000] {dag.py:3722} INFO - Setting next_dagrun for example_params_ui_tutorial to None, run_after=None
[2023-12-15T11:49:14.709+0000] {processor.py:179} INFO - Processing /home/airflow/.local/lib/python3.8/site-packages/airflow/example_dags/example_params_ui_tutorial.py took 0.281 seconds
[2023-12-15T11:49:44.783+0000] {processor.py:157} INFO - Started process (PID=1318) to work on /home/airflow/.local/lib/python3.8/site-packages/airflow/example_dags/example_params_ui_tutorial.py
[2023-12-15T11:49:44.786+0000] {processor.py:829} INFO - Processing file /home/airflow/.local/lib/python3.8/site-packages/airflow/example_dags/example_params_ui_tutorial.py for tasks to queue
[2023-12-15T11:49:44.790+0000] {logging_mixin.py:154} INFO - [2023-12-15T11:49:44.790+0000] {dagbag.py:536} INFO - Filling up the DagBag from /home/airflow/.local/lib/python3.8/site-packages/airflow/example_dags/example_params_ui_tutorial.py
[2023-12-15T11:49:44.863+0000] {processor.py:839} INFO - DAG(s) dict_keys(['example_params_ui_tutorial']) retrieved from /home/airflow/.local/lib/python3.8/site-packages/airflow/example_dags/example_params_ui_tutorial.py
[2023-12-15T11:49:44.929+0000] {logging_mixin.py:154} INFO - [2023-12-15T11:49:44.929+0000] {dag.py:2941} INFO - Sync 1 DAGs
[2023-12-15T11:49:44.951+0000] {logging_mixin.py:154} INFO - [2023-12-15T11:49:44.950+0000] {dag.py:3722} INFO - Setting next_dagrun for example_params_ui_tutorial to None, run_after=None
[2023-12-15T11:49:44.993+0000] {processor.py:179} INFO - Processing /home/airflow/.local/lib/python3.8/site-packages/airflow/example_dags/example_params_ui_tutorial.py took 0.217 seconds
[2023-12-15T11:50:28.143+0000] {processor.py:157} INFO - Started process (PID=1387) to work on /home/airflow/.local/lib/python3.8/site-packages/airflow/example_dags/example_params_ui_tutorial.py
[2023-12-15T11:50:28.146+0000] {processor.py:829} INFO - Processing file /home/airflow/.local/lib/python3.8/site-packages/airflow/example_dags/example_params_ui_tutorial.py for tasks to queue
[2023-12-15T11:50:28.150+0000] {logging_mixin.py:154} INFO - [2023-12-15T11:50:28.149+0000] {dagbag.py:536} INFO - Filling up the DagBag from /home/airflow/.local/lib/python3.8/site-packages/airflow/example_dags/example_params_ui_tutorial.py
[2023-12-15T11:50:28.247+0000] {processor.py:839} INFO - DAG(s) dict_keys(['example_params_ui_tutorial']) retrieved from /home/airflow/.local/lib/python3.8/site-packages/airflow/example_dags/example_params_ui_tutorial.py
[2023-12-15T11:50:28.733+0000] {logging_mixin.py:154} INFO - [2023-12-15T11:50:28.724+0000] {dag.py:2941} INFO - Sync 1 DAGs
[2023-12-15T11:50:28.755+0000] {logging_mixin.py:154} INFO - [2023-12-15T11:50:28.754+0000] {dag.py:3722} INFO - Setting next_dagrun for example_params_ui_tutorial to None, run_after=None
[2023-12-15T11:50:28.817+0000] {processor.py:179} INFO - Processing /home/airflow/.local/lib/python3.8/site-packages/airflow/example_dags/example_params_ui_tutorial.py took 0.699 seconds
[2023-12-15T11:51:03.743+0000] {processor.py:157} INFO - Started process (PID=1441) to work on /home/airflow/.local/lib/python3.8/site-packages/airflow/example_dags/example_params_ui_tutorial.py
[2023-12-15T11:51:03.749+0000] {processor.py:829} INFO - Processing file /home/airflow/.local/lib/python3.8/site-packages/airflow/example_dags/example_params_ui_tutorial.py for tasks to queue
[2023-12-15T11:51:03.755+0000] {logging_mixin.py:154} INFO - [2023-12-15T11:51:03.755+0000] {dagbag.py:536} INFO - Filling up the DagBag from /home/airflow/.local/lib/python3.8/site-packages/airflow/example_dags/example_params_ui_tutorial.py
[2023-12-15T11:51:03.835+0000] {processor.py:839} INFO - DAG(s) dict_keys(['example_params_ui_tutorial']) retrieved from /home/airflow/.local/lib/python3.8/site-packages/airflow/example_dags/example_params_ui_tutorial.py
[2023-12-15T11:51:03.955+0000] {logging_mixin.py:154} INFO - [2023-12-15T11:51:03.954+0000] {dag.py:2941} INFO - Sync 1 DAGs
[2023-12-15T11:51:04.755+0000] {logging_mixin.py:154} INFO - [2023-12-15T11:51:04.754+0000] {dag.py:3722} INFO - Setting next_dagrun for example_params_ui_tutorial to None, run_after=None
[2023-12-15T11:51:04.809+0000] {processor.py:179} INFO - Processing /home/airflow/.local/lib/python3.8/site-packages/airflow/example_dags/example_params_ui_tutorial.py took 1.073 seconds
[2023-12-15T11:51:35.272+0000] {processor.py:157} INFO - Started process (PID=1496) to work on /home/airflow/.local/lib/python3.8/site-packages/airflow/example_dags/example_params_ui_tutorial.py
[2023-12-15T11:51:35.276+0000] {processor.py:829} INFO - Processing file /home/airflow/.local/lib/python3.8/site-packages/airflow/example_dags/example_params_ui_tutorial.py for tasks to queue
[2023-12-15T11:51:35.287+0000] {logging_mixin.py:154} INFO - [2023-12-15T11:51:35.286+0000] {dagbag.py:536} INFO - Filling up the DagBag from /home/airflow/.local/lib/python3.8/site-packages/airflow/example_dags/example_params_ui_tutorial.py
[2023-12-15T11:51:35.447+0000] {processor.py:839} INFO - DAG(s) dict_keys(['example_params_ui_tutorial']) retrieved from /home/airflow/.local/lib/python3.8/site-packages/airflow/example_dags/example_params_ui_tutorial.py
[2023-12-15T11:51:35.651+0000] {logging_mixin.py:154} INFO - [2023-12-15T11:51:35.650+0000] {dag.py:2941} INFO - Sync 1 DAGs
[2023-12-15T11:51:35.765+0000] {logging_mixin.py:154} INFO - [2023-12-15T11:51:35.765+0000] {dag.py:3722} INFO - Setting next_dagrun for example_params_ui_tutorial to None, run_after=None
[2023-12-15T11:51:35.963+0000] {processor.py:179} INFO - Processing /home/airflow/.local/lib/python3.8/site-packages/airflow/example_dags/example_params_ui_tutorial.py took 0.699 seconds
[2023-12-15T11:52:21.592+0000] {processor.py:157} INFO - Started process (PID=1555) to work on /home/airflow/.local/lib/python3.8/site-packages/airflow/example_dags/example_params_ui_tutorial.py
[2023-12-15T11:52:21.598+0000] {processor.py:829} INFO - Processing file /home/airflow/.local/lib/python3.8/site-packages/airflow/example_dags/example_params_ui_tutorial.py for tasks to queue
[2023-12-15T11:52:21.608+0000] {logging_mixin.py:154} INFO - [2023-12-15T11:52:21.607+0000] {dagbag.py:536} INFO - Filling up the DagBag from /home/airflow/.local/lib/python3.8/site-packages/airflow/example_dags/example_params_ui_tutorial.py
[2023-12-15T11:52:22.068+0000] {processor.py:839} INFO - DAG(s) dict_keys(['example_params_ui_tutorial']) retrieved from /home/airflow/.local/lib/python3.8/site-packages/airflow/example_dags/example_params_ui_tutorial.py
[2023-12-15T11:52:22.148+0000] {logging_mixin.py:154} INFO - [2023-12-15T11:52:22.148+0000] {dag.py:2941} INFO - Sync 1 DAGs
[2023-12-15T11:52:22.181+0000] {logging_mixin.py:154} INFO - [2023-12-15T11:52:22.181+0000] {dag.py:3722} INFO - Setting next_dagrun for example_params_ui_tutorial to None, run_after=None
[2023-12-15T11:52:22.215+0000] {processor.py:179} INFO - Processing /home/airflow/.local/lib/python3.8/site-packages/airflow/example_dags/example_params_ui_tutorial.py took 0.632 seconds
[2023-12-15T11:52:52.786+0000] {processor.py:157} INFO - Started process (PID=1609) to work on /home/airflow/.local/lib/python3.8/site-packages/airflow/example_dags/example_params_ui_tutorial.py
[2023-12-15T11:52:52.796+0000] {processor.py:829} INFO - Processing file /home/airflow/.local/lib/python3.8/site-packages/airflow/example_dags/example_params_ui_tutorial.py for tasks to queue
[2023-12-15T11:52:52.806+0000] {logging_mixin.py:154} INFO - [2023-12-15T11:52:52.805+0000] {dagbag.py:536} INFO - Filling up the DagBag from /home/airflow/.local/lib/python3.8/site-packages/airflow/example_dags/example_params_ui_tutorial.py
[2023-12-15T11:52:52.985+0000] {processor.py:839} INFO - DAG(s) dict_keys(['example_params_ui_tutorial']) retrieved from /home/airflow/.local/lib/python3.8/site-packages/airflow/example_dags/example_params_ui_tutorial.py
[2023-12-15T11:52:53.107+0000] {logging_mixin.py:154} INFO - [2023-12-15T11:52:53.106+0000] {dag.py:2941} INFO - Sync 1 DAGs
[2023-12-15T11:52:53.131+0000] {logging_mixin.py:154} INFO - [2023-12-15T11:52:53.131+0000] {dag.py:3722} INFO - Setting next_dagrun for example_params_ui_tutorial to None, run_after=None
[2023-12-15T11:52:53.184+0000] {processor.py:179} INFO - Processing /home/airflow/.local/lib/python3.8/site-packages/airflow/example_dags/example_params_ui_tutorial.py took 0.403 seconds
[2023-12-15T11:53:23.342+0000] {processor.py:157} INFO - Started process (PID=1663) to work on /home/airflow/.local/lib/python3.8/site-packages/airflow/example_dags/example_params_ui_tutorial.py
[2023-12-15T11:53:23.347+0000] {processor.py:829} INFO - Processing file /home/airflow/.local/lib/python3.8/site-packages/airflow/example_dags/example_params_ui_tutorial.py for tasks to queue
[2023-12-15T11:53:23.355+0000] {logging_mixin.py:154} INFO - [2023-12-15T11:53:23.354+0000] {dagbag.py:536} INFO - Filling up the DagBag from /home/airflow/.local/lib/python3.8/site-packages/airflow/example_dags/example_params_ui_tutorial.py
[2023-12-15T11:53:23.528+0000] {processor.py:839} INFO - DAG(s) dict_keys(['example_params_ui_tutorial']) retrieved from /home/airflow/.local/lib/python3.8/site-packages/airflow/example_dags/example_params_ui_tutorial.py
[2023-12-15T11:53:23.630+0000] {logging_mixin.py:154} INFO - [2023-12-15T11:53:23.630+0000] {dag.py:2941} INFO - Sync 1 DAGs
[2023-12-15T11:53:23.653+0000] {logging_mixin.py:154} INFO - [2023-12-15T11:53:23.653+0000] {dag.py:3722} INFO - Setting next_dagrun for example_params_ui_tutorial to None, run_after=None
[2023-12-15T11:53:23.673+0000] {processor.py:179} INFO - Processing /home/airflow/.local/lib/python3.8/site-packages/airflow/example_dags/example_params_ui_tutorial.py took 0.342 seconds
[2023-12-15T11:53:54.472+0000] {processor.py:157} INFO - Started process (PID=1717) to work on /home/airflow/.local/lib/python3.8/site-packages/airflow/example_dags/example_params_ui_tutorial.py
[2023-12-15T11:53:54.474+0000] {processor.py:829} INFO - Processing file /home/airflow/.local/lib/python3.8/site-packages/airflow/example_dags/example_params_ui_tutorial.py for tasks to queue
[2023-12-15T11:53:54.484+0000] {logging_mixin.py:154} INFO - [2023-12-15T11:53:54.482+0000] {dagbag.py:536} INFO - Filling up the DagBag from /home/airflow/.local/lib/python3.8/site-packages/airflow/example_dags/example_params_ui_tutorial.py
[2023-12-15T11:53:54.627+0000] {processor.py:839} INFO - DAG(s) dict_keys(['example_params_ui_tutorial']) retrieved from /home/airflow/.local/lib/python3.8/site-packages/airflow/example_dags/example_params_ui_tutorial.py
[2023-12-15T11:53:54.676+0000] {logging_mixin.py:154} INFO - [2023-12-15T11:53:54.676+0000] {dag.py:2941} INFO - Sync 1 DAGs
[2023-12-15T11:53:54.690+0000] {logging_mixin.py:154} INFO - [2023-12-15T11:53:54.689+0000] {dag.py:3722} INFO - Setting next_dagrun for example_params_ui_tutorial to None, run_after=None
[2023-12-15T11:53:54.701+0000] {processor.py:179} INFO - Processing /home/airflow/.local/lib/python3.8/site-packages/airflow/example_dags/example_params_ui_tutorial.py took 0.238 seconds
[2023-12-15T11:54:24.821+0000] {processor.py:157} INFO - Started process (PID=1772) to work on /home/airflow/.local/lib/python3.8/site-packages/airflow/example_dags/example_params_ui_tutorial.py
[2023-12-15T11:54:24.823+0000] {processor.py:829} INFO - Processing file /home/airflow/.local/lib/python3.8/site-packages/airflow/example_dags/example_params_ui_tutorial.py for tasks to queue
[2023-12-15T11:54:24.827+0000] {logging_mixin.py:154} INFO - [2023-12-15T11:54:24.827+0000] {dagbag.py:536} INFO - Filling up the DagBag from /home/airflow/.local/lib/python3.8/site-packages/airflow/example_dags/example_params_ui_tutorial.py
[2023-12-15T11:54:25.016+0000] {processor.py:839} INFO - DAG(s) dict_keys(['example_params_ui_tutorial']) retrieved from /home/airflow/.local/lib/python3.8/site-packages/airflow/example_dags/example_params_ui_tutorial.py
[2023-12-15T11:54:25.082+0000] {logging_mixin.py:154} INFO - [2023-12-15T11:54:25.081+0000] {dag.py:2941} INFO - Sync 1 DAGs
[2023-12-15T11:54:25.096+0000] {logging_mixin.py:154} INFO - [2023-12-15T11:54:25.096+0000] {dag.py:3722} INFO - Setting next_dagrun for example_params_ui_tutorial to None, run_after=None
[2023-12-15T11:54:25.124+0000] {processor.py:179} INFO - Processing /home/airflow/.local/lib/python3.8/site-packages/airflow/example_dags/example_params_ui_tutorial.py took 0.309 seconds
[2023-12-15T11:54:55.574+0000] {processor.py:157} INFO - Started process (PID=1824) to work on /home/airflow/.local/lib/python3.8/site-packages/airflow/example_dags/example_params_ui_tutorial.py
[2023-12-15T11:54:55.581+0000] {processor.py:829} INFO - Processing file /home/airflow/.local/lib/python3.8/site-packages/airflow/example_dags/example_params_ui_tutorial.py for tasks to queue
[2023-12-15T11:54:55.588+0000] {logging_mixin.py:154} INFO - [2023-12-15T11:54:55.588+0000] {dagbag.py:536} INFO - Filling up the DagBag from /home/airflow/.local/lib/python3.8/site-packages/airflow/example_dags/example_params_ui_tutorial.py
[2023-12-15T11:54:55.769+0000] {processor.py:839} INFO - DAG(s) dict_keys(['example_params_ui_tutorial']) retrieved from /home/airflow/.local/lib/python3.8/site-packages/airflow/example_dags/example_params_ui_tutorial.py
[2023-12-15T11:54:55.965+0000] {logging_mixin.py:154} INFO - [2023-12-15T11:54:55.939+0000] {dag.py:2941} INFO - Sync 1 DAGs
[2023-12-15T11:54:56.354+0000] {logging_mixin.py:154} INFO - [2023-12-15T11:54:56.353+0000] {dag.py:3722} INFO - Setting next_dagrun for example_params_ui_tutorial to None, run_after=None
[2023-12-15T11:54:56.498+0000] {processor.py:179} INFO - Processing /home/airflow/.local/lib/python3.8/site-packages/airflow/example_dags/example_params_ui_tutorial.py took 0.930 seconds
[2023-12-15T11:55:26.883+0000] {processor.py:157} INFO - Started process (PID=1878) to work on /home/airflow/.local/lib/python3.8/site-packages/airflow/example_dags/example_params_ui_tutorial.py
[2023-12-15T11:55:26.885+0000] {processor.py:829} INFO - Processing file /home/airflow/.local/lib/python3.8/site-packages/airflow/example_dags/example_params_ui_tutorial.py for tasks to queue
[2023-12-15T11:55:26.898+0000] {logging_mixin.py:154} INFO - [2023-12-15T11:55:26.897+0000] {dagbag.py:536} INFO - Filling up the DagBag from /home/airflow/.local/lib/python3.8/site-packages/airflow/example_dags/example_params_ui_tutorial.py
[2023-12-15T11:55:27.008+0000] {processor.py:839} INFO - DAG(s) dict_keys(['example_params_ui_tutorial']) retrieved from /home/airflow/.local/lib/python3.8/site-packages/airflow/example_dags/example_params_ui_tutorial.py
[2023-12-15T11:55:27.111+0000] {logging_mixin.py:154} INFO - [2023-12-15T11:55:27.111+0000] {dag.py:2941} INFO - Sync 1 DAGs
[2023-12-15T11:55:27.128+0000] {logging_mixin.py:154} INFO - [2023-12-15T11:55:27.128+0000] {dag.py:3722} INFO - Setting next_dagrun for example_params_ui_tutorial to None, run_after=None
[2023-12-15T11:55:27.162+0000] {processor.py:179} INFO - Processing /home/airflow/.local/lib/python3.8/site-packages/airflow/example_dags/example_params_ui_tutorial.py took 0.284 seconds
[2023-12-15T11:55:57.295+0000] {processor.py:157} INFO - Started process (PID=1933) to work on /home/airflow/.local/lib/python3.8/site-packages/airflow/example_dags/example_params_ui_tutorial.py
[2023-12-15T11:55:57.299+0000] {processor.py:829} INFO - Processing file /home/airflow/.local/lib/python3.8/site-packages/airflow/example_dags/example_params_ui_tutorial.py for tasks to queue
[2023-12-15T11:55:57.306+0000] {logging_mixin.py:154} INFO - [2023-12-15T11:55:57.305+0000] {dagbag.py:536} INFO - Filling up the DagBag from /home/airflow/.local/lib/python3.8/site-packages/airflow/example_dags/example_params_ui_tutorial.py
[2023-12-15T11:55:57.388+0000] {processor.py:839} INFO - DAG(s) dict_keys(['example_params_ui_tutorial']) retrieved from /home/airflow/.local/lib/python3.8/site-packages/airflow/example_dags/example_params_ui_tutorial.py
[2023-12-15T11:55:57.492+0000] {logging_mixin.py:154} INFO - [2023-12-15T11:55:57.491+0000] {dag.py:2941} INFO - Sync 1 DAGs
[2023-12-15T11:55:57.515+0000] {logging_mixin.py:154} INFO - [2023-12-15T11:55:57.515+0000] {dag.py:3722} INFO - Setting next_dagrun for example_params_ui_tutorial to None, run_after=None
[2023-12-15T11:55:57.546+0000] {processor.py:179} INFO - Processing /home/airflow/.local/lib/python3.8/site-packages/airflow/example_dags/example_params_ui_tutorial.py took 0.261 seconds
[2023-12-15T11:56:28.159+0000] {processor.py:157} INFO - Started process (PID=1988) to work on /home/airflow/.local/lib/python3.8/site-packages/airflow/example_dags/example_params_ui_tutorial.py
[2023-12-15T11:56:28.160+0000] {processor.py:829} INFO - Processing file /home/airflow/.local/lib/python3.8/site-packages/airflow/example_dags/example_params_ui_tutorial.py for tasks to queue
[2023-12-15T11:56:28.162+0000] {logging_mixin.py:154} INFO - [2023-12-15T11:56:28.162+0000] {dagbag.py:536} INFO - Filling up the DagBag from /home/airflow/.local/lib/python3.8/site-packages/airflow/example_dags/example_params_ui_tutorial.py
[2023-12-15T11:56:28.223+0000] {processor.py:839} INFO - DAG(s) dict_keys(['example_params_ui_tutorial']) retrieved from /home/airflow/.local/lib/python3.8/site-packages/airflow/example_dags/example_params_ui_tutorial.py
[2023-12-15T11:56:28.303+0000] {logging_mixin.py:154} INFO - [2023-12-15T11:56:28.302+0000] {dag.py:2941} INFO - Sync 1 DAGs
[2023-12-15T11:56:28.326+0000] {logging_mixin.py:154} INFO - [2023-12-15T11:56:28.326+0000] {dag.py:3722} INFO - Setting next_dagrun for example_params_ui_tutorial to None, run_after=None
[2023-12-15T11:56:28.345+0000] {processor.py:179} INFO - Processing /home/airflow/.local/lib/python3.8/site-packages/airflow/example_dags/example_params_ui_tutorial.py took 0.189 seconds
[2023-12-15T11:56:58.604+0000] {processor.py:157} INFO - Started process (PID=2042) to work on /home/airflow/.local/lib/python3.8/site-packages/airflow/example_dags/example_params_ui_tutorial.py
[2023-12-15T11:56:58.606+0000] {processor.py:829} INFO - Processing file /home/airflow/.local/lib/python3.8/site-packages/airflow/example_dags/example_params_ui_tutorial.py for tasks to queue
[2023-12-15T11:56:58.608+0000] {logging_mixin.py:154} INFO - [2023-12-15T11:56:58.607+0000] {dagbag.py:536} INFO - Filling up the DagBag from /home/airflow/.local/lib/python3.8/site-packages/airflow/example_dags/example_params_ui_tutorial.py
[2023-12-15T11:56:58.663+0000] {processor.py:839} INFO - DAG(s) dict_keys(['example_params_ui_tutorial']) retrieved from /home/airflow/.local/lib/python3.8/site-packages/airflow/example_dags/example_params_ui_tutorial.py
[2023-12-15T11:56:58.715+0000] {logging_mixin.py:154} INFO - [2023-12-15T11:56:58.715+0000] {dag.py:2941} INFO - Sync 1 DAGs
[2023-12-15T11:56:58.733+0000] {logging_mixin.py:154} INFO - [2023-12-15T11:56:58.733+0000] {dag.py:3722} INFO - Setting next_dagrun for example_params_ui_tutorial to None, run_after=None
[2023-12-15T11:56:58.755+0000] {processor.py:179} INFO - Processing /home/airflow/.local/lib/python3.8/site-packages/airflow/example_dags/example_params_ui_tutorial.py took 0.153 seconds
[2023-12-15T11:57:30.369+0000] {processor.py:157} INFO - Started process (PID=2095) to work on /home/airflow/.local/lib/python3.8/site-packages/airflow/example_dags/example_params_ui_tutorial.py
[2023-12-15T11:57:30.374+0000] {processor.py:829} INFO - Processing file /home/airflow/.local/lib/python3.8/site-packages/airflow/example_dags/example_params_ui_tutorial.py for tasks to queue
[2023-12-15T11:57:30.379+0000] {logging_mixin.py:154} INFO - [2023-12-15T11:57:30.379+0000] {dagbag.py:536} INFO - Filling up the DagBag from /home/airflow/.local/lib/python3.8/site-packages/airflow/example_dags/example_params_ui_tutorial.py
[2023-12-15T11:57:30.494+0000] {processor.py:839} INFO - DAG(s) dict_keys(['example_params_ui_tutorial']) retrieved from /home/airflow/.local/lib/python3.8/site-packages/airflow/example_dags/example_params_ui_tutorial.py
[2023-12-15T11:57:30.592+0000] {logging_mixin.py:154} INFO - [2023-12-15T11:57:30.591+0000] {dag.py:2941} INFO - Sync 1 DAGs
[2023-12-15T11:57:30.625+0000] {logging_mixin.py:154} INFO - [2023-12-15T11:57:30.625+0000] {dag.py:3722} INFO - Setting next_dagrun for example_params_ui_tutorial to None, run_after=None
[2023-12-15T11:57:30.664+0000] {processor.py:179} INFO - Processing /home/airflow/.local/lib/python3.8/site-packages/airflow/example_dags/example_params_ui_tutorial.py took 0.298 seconds
[2023-12-15T11:58:01.602+0000] {processor.py:157} INFO - Started process (PID=2149) to work on /home/airflow/.local/lib/python3.8/site-packages/airflow/example_dags/example_params_ui_tutorial.py
[2023-12-15T11:58:01.616+0000] {processor.py:829} INFO - Processing file /home/airflow/.local/lib/python3.8/site-packages/airflow/example_dags/example_params_ui_tutorial.py for tasks to queue
[2023-12-15T11:58:01.635+0000] {logging_mixin.py:154} INFO - [2023-12-15T11:58:01.633+0000] {dagbag.py:536} INFO - Filling up the DagBag from /home/airflow/.local/lib/python3.8/site-packages/airflow/example_dags/example_params_ui_tutorial.py
[2023-12-15T11:58:01.703+0000] {processor.py:839} INFO - DAG(s) dict_keys(['example_params_ui_tutorial']) retrieved from /home/airflow/.local/lib/python3.8/site-packages/airflow/example_dags/example_params_ui_tutorial.py
[2023-12-15T11:58:01.779+0000] {logging_mixin.py:154} INFO - [2023-12-15T11:58:01.779+0000] {dag.py:2941} INFO - Sync 1 DAGs
[2023-12-15T11:58:01.799+0000] {logging_mixin.py:154} INFO - [2023-12-15T11:58:01.799+0000] {dag.py:3722} INFO - Setting next_dagrun for example_params_ui_tutorial to None, run_after=None
[2023-12-15T11:58:01.840+0000] {processor.py:179} INFO - Processing /home/airflow/.local/lib/python3.8/site-packages/airflow/example_dags/example_params_ui_tutorial.py took 0.249 seconds
[2023-12-15T11:58:32.149+0000] {processor.py:157} INFO - Started process (PID=2203) to work on /home/airflow/.local/lib/python3.8/site-packages/airflow/example_dags/example_params_ui_tutorial.py
[2023-12-15T11:58:32.150+0000] {processor.py:829} INFO - Processing file /home/airflow/.local/lib/python3.8/site-packages/airflow/example_dags/example_params_ui_tutorial.py for tasks to queue
[2023-12-15T11:58:32.165+0000] {logging_mixin.py:154} INFO - [2023-12-15T11:58:32.164+0000] {dagbag.py:536} INFO - Filling up the DagBag from /home/airflow/.local/lib/python3.8/site-packages/airflow/example_dags/example_params_ui_tutorial.py
[2023-12-15T11:58:32.248+0000] {processor.py:839} INFO - DAG(s) dict_keys(['example_params_ui_tutorial']) retrieved from /home/airflow/.local/lib/python3.8/site-packages/airflow/example_dags/example_params_ui_tutorial.py
[2023-12-15T11:58:32.306+0000] {logging_mixin.py:154} INFO - [2023-12-15T11:58:32.306+0000] {dag.py:2941} INFO - Sync 1 DAGs
[2023-12-15T11:58:32.328+0000] {logging_mixin.py:154} INFO - [2023-12-15T11:58:32.327+0000] {dag.py:3722} INFO - Setting next_dagrun for example_params_ui_tutorial to None, run_after=None
[2023-12-15T11:58:32.360+0000] {processor.py:179} INFO - Processing /home/airflow/.local/lib/python3.8/site-packages/airflow/example_dags/example_params_ui_tutorial.py took 0.218 seconds
[2023-12-15T11:59:02.952+0000] {processor.py:157} INFO - Started process (PID=2256) to work on /home/airflow/.local/lib/python3.8/site-packages/airflow/example_dags/example_params_ui_tutorial.py
[2023-12-15T11:59:02.955+0000] {processor.py:829} INFO - Processing file /home/airflow/.local/lib/python3.8/site-packages/airflow/example_dags/example_params_ui_tutorial.py for tasks to queue
[2023-12-15T11:59:02.959+0000] {logging_mixin.py:154} INFO - [2023-12-15T11:59:02.959+0000] {dagbag.py:536} INFO - Filling up the DagBag from /home/airflow/.local/lib/python3.8/site-packages/airflow/example_dags/example_params_ui_tutorial.py
[2023-12-15T11:59:02.999+0000] {processor.py:839} INFO - DAG(s) dict_keys(['example_params_ui_tutorial']) retrieved from /home/airflow/.local/lib/python3.8/site-packages/airflow/example_dags/example_params_ui_tutorial.py
[2023-12-15T11:59:03.092+0000] {logging_mixin.py:154} INFO - [2023-12-15T11:59:03.092+0000] {dag.py:2941} INFO - Sync 1 DAGs
[2023-12-15T11:59:03.110+0000] {logging_mixin.py:154} INFO - [2023-12-15T11:59:03.109+0000] {dag.py:3722} INFO - Setting next_dagrun for example_params_ui_tutorial to None, run_after=None
[2023-12-15T11:59:03.129+0000] {processor.py:179} INFO - Processing /home/airflow/.local/lib/python3.8/site-packages/airflow/example_dags/example_params_ui_tutorial.py took 0.192 seconds
[2023-12-15T11:59:33.178+0000] {processor.py:157} INFO - Started process (PID=2310) to work on /home/airflow/.local/lib/python3.8/site-packages/airflow/example_dags/example_params_ui_tutorial.py
[2023-12-15T11:59:33.180+0000] {processor.py:829} INFO - Processing file /home/airflow/.local/lib/python3.8/site-packages/airflow/example_dags/example_params_ui_tutorial.py for tasks to queue
[2023-12-15T11:59:33.183+0000] {logging_mixin.py:154} INFO - [2023-12-15T11:59:33.183+0000] {dagbag.py:536} INFO - Filling up the DagBag from /home/airflow/.local/lib/python3.8/site-packages/airflow/example_dags/example_params_ui_tutorial.py
[2023-12-15T11:59:33.225+0000] {processor.py:839} INFO - DAG(s) dict_keys(['example_params_ui_tutorial']) retrieved from /home/airflow/.local/lib/python3.8/site-packages/airflow/example_dags/example_params_ui_tutorial.py
[2023-12-15T11:59:33.264+0000] {logging_mixin.py:154} INFO - [2023-12-15T11:59:33.264+0000] {dag.py:2941} INFO - Sync 1 DAGs
[2023-12-15T11:59:33.278+0000] {logging_mixin.py:154} INFO - [2023-12-15T11:59:33.278+0000] {dag.py:3722} INFO - Setting next_dagrun for example_params_ui_tutorial to None, run_after=None
[2023-12-15T11:59:33.293+0000] {processor.py:179} INFO - Processing /home/airflow/.local/lib/python3.8/site-packages/airflow/example_dags/example_params_ui_tutorial.py took 0.119 seconds
[2023-12-15T12:00:03.519+0000] {processor.py:157} INFO - Started process (PID=2363) to work on /home/airflow/.local/lib/python3.8/site-packages/airflow/example_dags/example_params_ui_tutorial.py
[2023-12-15T12:00:03.522+0000] {processor.py:829} INFO - Processing file /home/airflow/.local/lib/python3.8/site-packages/airflow/example_dags/example_params_ui_tutorial.py for tasks to queue
[2023-12-15T12:00:03.558+0000] {logging_mixin.py:154} INFO - [2023-12-15T12:00:03.557+0000] {dagbag.py:536} INFO - Filling up the DagBag from /home/airflow/.local/lib/python3.8/site-packages/airflow/example_dags/example_params_ui_tutorial.py
[2023-12-15T12:00:03.684+0000] {processor.py:839} INFO - DAG(s) dict_keys(['example_params_ui_tutorial']) retrieved from /home/airflow/.local/lib/python3.8/site-packages/airflow/example_dags/example_params_ui_tutorial.py
[2023-12-15T12:00:03.783+0000] {logging_mixin.py:154} INFO - [2023-12-15T12:00:03.782+0000] {dag.py:2941} INFO - Sync 1 DAGs
[2023-12-15T12:00:03.825+0000] {logging_mixin.py:154} INFO - [2023-12-15T12:00:03.824+0000] {dag.py:3722} INFO - Setting next_dagrun for example_params_ui_tutorial to None, run_after=None
[2023-12-15T12:00:03.897+0000] {processor.py:179} INFO - Processing /home/airflow/.local/lib/python3.8/site-packages/airflow/example_dags/example_params_ui_tutorial.py took 0.383 seconds
[2023-12-15T12:00:34.956+0000] {processor.py:157} INFO - Started process (PID=2417) to work on /home/airflow/.local/lib/python3.8/site-packages/airflow/example_dags/example_params_ui_tutorial.py
[2023-12-15T12:00:34.958+0000] {processor.py:829} INFO - Processing file /home/airflow/.local/lib/python3.8/site-packages/airflow/example_dags/example_params_ui_tutorial.py for tasks to queue
[2023-12-15T12:00:34.961+0000] {logging_mixin.py:154} INFO - [2023-12-15T12:00:34.960+0000] {dagbag.py:536} INFO - Filling up the DagBag from /home/airflow/.local/lib/python3.8/site-packages/airflow/example_dags/example_params_ui_tutorial.py
[2023-12-15T12:00:35.054+0000] {processor.py:839} INFO - DAG(s) dict_keys(['example_params_ui_tutorial']) retrieved from /home/airflow/.local/lib/python3.8/site-packages/airflow/example_dags/example_params_ui_tutorial.py
[2023-12-15T12:00:35.107+0000] {logging_mixin.py:154} INFO - [2023-12-15T12:00:35.107+0000] {dag.py:2941} INFO - Sync 1 DAGs
[2023-12-15T12:00:35.120+0000] {logging_mixin.py:154} INFO - [2023-12-15T12:00:35.120+0000] {dag.py:3722} INFO - Setting next_dagrun for example_params_ui_tutorial to None, run_after=None
[2023-12-15T12:00:35.140+0000] {processor.py:179} INFO - Processing /home/airflow/.local/lib/python3.8/site-packages/airflow/example_dags/example_params_ui_tutorial.py took 0.189 seconds
[2023-12-15T12:01:05.564+0000] {processor.py:157} INFO - Started process (PID=2471) to work on /home/airflow/.local/lib/python3.8/site-packages/airflow/example_dags/example_params_ui_tutorial.py
[2023-12-15T12:01:05.565+0000] {processor.py:829} INFO - Processing file /home/airflow/.local/lib/python3.8/site-packages/airflow/example_dags/example_params_ui_tutorial.py for tasks to queue
[2023-12-15T12:01:05.567+0000] {logging_mixin.py:154} INFO - [2023-12-15T12:01:05.567+0000] {dagbag.py:536} INFO - Filling up the DagBag from /home/airflow/.local/lib/python3.8/site-packages/airflow/example_dags/example_params_ui_tutorial.py
[2023-12-15T12:01:05.697+0000] {processor.py:839} INFO - DAG(s) dict_keys(['example_params_ui_tutorial']) retrieved from /home/airflow/.local/lib/python3.8/site-packages/airflow/example_dags/example_params_ui_tutorial.py
[2023-12-15T12:01:05.773+0000] {logging_mixin.py:154} INFO - [2023-12-15T12:01:05.772+0000] {dag.py:2941} INFO - Sync 1 DAGs
[2023-12-15T12:01:05.786+0000] {logging_mixin.py:154} INFO - [2023-12-15T12:01:05.786+0000] {dag.py:3722} INFO - Setting next_dagrun for example_params_ui_tutorial to None, run_after=None
[2023-12-15T12:01:05.820+0000] {processor.py:179} INFO - Processing /home/airflow/.local/lib/python3.8/site-packages/airflow/example_dags/example_params_ui_tutorial.py took 0.261 seconds
[2023-12-15T12:01:36.625+0000] {processor.py:157} INFO - Started process (PID=2525) to work on /home/airflow/.local/lib/python3.8/site-packages/airflow/example_dags/example_params_ui_tutorial.py
[2023-12-15T12:01:36.630+0000] {processor.py:829} INFO - Processing file /home/airflow/.local/lib/python3.8/site-packages/airflow/example_dags/example_params_ui_tutorial.py for tasks to queue
[2023-12-15T12:01:36.639+0000] {logging_mixin.py:154} INFO - [2023-12-15T12:01:36.638+0000] {dagbag.py:536} INFO - Filling up the DagBag from /home/airflow/.local/lib/python3.8/site-packages/airflow/example_dags/example_params_ui_tutorial.py
[2023-12-15T12:01:36.959+0000] {processor.py:839} INFO - DAG(s) dict_keys(['example_params_ui_tutorial']) retrieved from /home/airflow/.local/lib/python3.8/site-packages/airflow/example_dags/example_params_ui_tutorial.py
[2023-12-15T12:01:37.155+0000] {logging_mixin.py:154} INFO - [2023-12-15T12:01:37.154+0000] {dag.py:2941} INFO - Sync 1 DAGs
[2023-12-15T12:01:37.181+0000] {logging_mixin.py:154} INFO - [2023-12-15T12:01:37.180+0000] {dag.py:3722} INFO - Setting next_dagrun for example_params_ui_tutorial to None, run_after=None
[2023-12-15T12:01:37.219+0000] {processor.py:179} INFO - Processing /home/airflow/.local/lib/python3.8/site-packages/airflow/example_dags/example_params_ui_tutorial.py took 0.604 seconds
[2023-12-15T12:02:07.713+0000] {processor.py:157} INFO - Started process (PID=2579) to work on /home/airflow/.local/lib/python3.8/site-packages/airflow/example_dags/example_params_ui_tutorial.py
[2023-12-15T12:02:07.718+0000] {processor.py:829} INFO - Processing file /home/airflow/.local/lib/python3.8/site-packages/airflow/example_dags/example_params_ui_tutorial.py for tasks to queue
[2023-12-15T12:02:07.722+0000] {logging_mixin.py:154} INFO - [2023-12-15T12:02:07.722+0000] {dagbag.py:536} INFO - Filling up the DagBag from /home/airflow/.local/lib/python3.8/site-packages/airflow/example_dags/example_params_ui_tutorial.py
[2023-12-15T12:02:07.807+0000] {processor.py:839} INFO - DAG(s) dict_keys(['example_params_ui_tutorial']) retrieved from /home/airflow/.local/lib/python3.8/site-packages/airflow/example_dags/example_params_ui_tutorial.py
[2023-12-15T12:02:07.864+0000] {logging_mixin.py:154} INFO - [2023-12-15T12:02:07.864+0000] {dag.py:2941} INFO - Sync 1 DAGs
[2023-12-15T12:02:07.877+0000] {logging_mixin.py:154} INFO - [2023-12-15T12:02:07.877+0000] {dag.py:3722} INFO - Setting next_dagrun for example_params_ui_tutorial to None, run_after=None
[2023-12-15T12:02:07.897+0000] {processor.py:179} INFO - Processing /home/airflow/.local/lib/python3.8/site-packages/airflow/example_dags/example_params_ui_tutorial.py took 0.189 seconds
[2023-12-15T12:02:38.895+0000] {processor.py:157} INFO - Started process (PID=2633) to work on /home/airflow/.local/lib/python3.8/site-packages/airflow/example_dags/example_params_ui_tutorial.py
[2023-12-15T12:02:38.898+0000] {processor.py:829} INFO - Processing file /home/airflow/.local/lib/python3.8/site-packages/airflow/example_dags/example_params_ui_tutorial.py for tasks to queue
[2023-12-15T12:02:38.902+0000] {logging_mixin.py:154} INFO - [2023-12-15T12:02:38.902+0000] {dagbag.py:536} INFO - Filling up the DagBag from /home/airflow/.local/lib/python3.8/site-packages/airflow/example_dags/example_params_ui_tutorial.py
[2023-12-15T12:02:38.990+0000] {processor.py:839} INFO - DAG(s) dict_keys(['example_params_ui_tutorial']) retrieved from /home/airflow/.local/lib/python3.8/site-packages/airflow/example_dags/example_params_ui_tutorial.py
[2023-12-15T12:02:39.096+0000] {logging_mixin.py:154} INFO - [2023-12-15T12:02:39.095+0000] {dag.py:2941} INFO - Sync 1 DAGs
[2023-12-15T12:02:39.123+0000] {logging_mixin.py:154} INFO - [2023-12-15T12:02:39.123+0000] {dag.py:3722} INFO - Setting next_dagrun for example_params_ui_tutorial to None, run_after=None
[2023-12-15T12:02:39.146+0000] {processor.py:179} INFO - Processing /home/airflow/.local/lib/python3.8/site-packages/airflow/example_dags/example_params_ui_tutorial.py took 0.261 seconds
[2023-12-15T12:03:09.852+0000] {processor.py:157} INFO - Started process (PID=2687) to work on /home/airflow/.local/lib/python3.8/site-packages/airflow/example_dags/example_params_ui_tutorial.py
[2023-12-15T12:03:09.854+0000] {processor.py:829} INFO - Processing file /home/airflow/.local/lib/python3.8/site-packages/airflow/example_dags/example_params_ui_tutorial.py for tasks to queue
[2023-12-15T12:03:09.858+0000] {logging_mixin.py:154} INFO - [2023-12-15T12:03:09.857+0000] {dagbag.py:536} INFO - Filling up the DagBag from /home/airflow/.local/lib/python3.8/site-packages/airflow/example_dags/example_params_ui_tutorial.py
[2023-12-15T12:03:09.933+0000] {processor.py:839} INFO - DAG(s) dict_keys(['example_params_ui_tutorial']) retrieved from /home/airflow/.local/lib/python3.8/site-packages/airflow/example_dags/example_params_ui_tutorial.py
[2023-12-15T12:03:10.003+0000] {logging_mixin.py:154} INFO - [2023-12-15T12:03:10.003+0000] {dag.py:2941} INFO - Sync 1 DAGs
[2023-12-15T12:03:10.023+0000] {logging_mixin.py:154} INFO - [2023-12-15T12:03:10.022+0000] {dag.py:3722} INFO - Setting next_dagrun for example_params_ui_tutorial to None, run_after=None
[2023-12-15T12:03:10.038+0000] {processor.py:179} INFO - Processing /home/airflow/.local/lib/python3.8/site-packages/airflow/example_dags/example_params_ui_tutorial.py took 0.191 seconds
[2023-12-15T12:03:41.372+0000] {processor.py:157} INFO - Started process (PID=2741) to work on /home/airflow/.local/lib/python3.8/site-packages/airflow/example_dags/example_params_ui_tutorial.py
[2023-12-15T12:03:41.377+0000] {processor.py:829} INFO - Processing file /home/airflow/.local/lib/python3.8/site-packages/airflow/example_dags/example_params_ui_tutorial.py for tasks to queue
[2023-12-15T12:03:41.382+0000] {logging_mixin.py:154} INFO - [2023-12-15T12:03:41.381+0000] {dagbag.py:536} INFO - Filling up the DagBag from /home/airflow/.local/lib/python3.8/site-packages/airflow/example_dags/example_params_ui_tutorial.py
[2023-12-15T12:03:41.680+0000] {processor.py:839} INFO - DAG(s) dict_keys(['example_params_ui_tutorial']) retrieved from /home/airflow/.local/lib/python3.8/site-packages/airflow/example_dags/example_params_ui_tutorial.py
[2023-12-15T12:03:42.038+0000] {logging_mixin.py:154} INFO - [2023-12-15T12:03:42.037+0000] {dag.py:2941} INFO - Sync 1 DAGs
[2023-12-15T12:03:42.109+0000] {logging_mixin.py:154} INFO - [2023-12-15T12:03:42.108+0000] {dag.py:3722} INFO - Setting next_dagrun for example_params_ui_tutorial to None, run_after=None
[2023-12-15T12:03:42.155+0000] {processor.py:179} INFO - Processing /home/airflow/.local/lib/python3.8/site-packages/airflow/example_dags/example_params_ui_tutorial.py took 0.790 seconds
[2023-12-15T12:04:12.908+0000] {processor.py:157} INFO - Started process (PID=2795) to work on /home/airflow/.local/lib/python3.8/site-packages/airflow/example_dags/example_params_ui_tutorial.py
[2023-12-15T12:04:12.911+0000] {processor.py:829} INFO - Processing file /home/airflow/.local/lib/python3.8/site-packages/airflow/example_dags/example_params_ui_tutorial.py for tasks to queue
[2023-12-15T12:04:12.919+0000] {logging_mixin.py:154} INFO - [2023-12-15T12:04:12.918+0000] {dagbag.py:536} INFO - Filling up the DagBag from /home/airflow/.local/lib/python3.8/site-packages/airflow/example_dags/example_params_ui_tutorial.py
[2023-12-15T12:04:13.045+0000] {processor.py:839} INFO - DAG(s) dict_keys(['example_params_ui_tutorial']) retrieved from /home/airflow/.local/lib/python3.8/site-packages/airflow/example_dags/example_params_ui_tutorial.py
[2023-12-15T12:04:13.175+0000] {logging_mixin.py:154} INFO - [2023-12-15T12:04:13.174+0000] {dag.py:2941} INFO - Sync 1 DAGs
[2023-12-15T12:04:13.238+0000] {logging_mixin.py:154} INFO - [2023-12-15T12:04:13.238+0000] {dag.py:3722} INFO - Setting next_dagrun for example_params_ui_tutorial to None, run_after=None
[2023-12-15T12:04:13.280+0000] {processor.py:179} INFO - Processing /home/airflow/.local/lib/python3.8/site-packages/airflow/example_dags/example_params_ui_tutorial.py took 0.408 seconds
[2023-12-15T12:04:44.764+0000] {processor.py:157} INFO - Started process (PID=2851) to work on /home/airflow/.local/lib/python3.8/site-packages/airflow/example_dags/example_params_ui_tutorial.py
[2023-12-15T12:04:44.768+0000] {processor.py:829} INFO - Processing file /home/airflow/.local/lib/python3.8/site-packages/airflow/example_dags/example_params_ui_tutorial.py for tasks to queue
[2023-12-15T12:04:44.786+0000] {logging_mixin.py:154} INFO - [2023-12-15T12:04:44.785+0000] {dagbag.py:536} INFO - Filling up the DagBag from /home/airflow/.local/lib/python3.8/site-packages/airflow/example_dags/example_params_ui_tutorial.py
[2023-12-15T12:04:44.885+0000] {processor.py:839} INFO - DAG(s) dict_keys(['example_params_ui_tutorial']) retrieved from /home/airflow/.local/lib/python3.8/site-packages/airflow/example_dags/example_params_ui_tutorial.py
[2023-12-15T12:04:44.953+0000] {logging_mixin.py:154} INFO - [2023-12-15T12:04:44.952+0000] {dag.py:2941} INFO - Sync 1 DAGs
[2023-12-15T12:04:44.975+0000] {logging_mixin.py:154} INFO - [2023-12-15T12:04:44.975+0000] {dag.py:3722} INFO - Setting next_dagrun for example_params_ui_tutorial to None, run_after=None
[2023-12-15T12:04:45.002+0000] {processor.py:179} INFO - Processing /home/airflow/.local/lib/python3.8/site-packages/airflow/example_dags/example_params_ui_tutorial.py took 0.252 seconds
[2023-12-15T12:05:15.127+0000] {processor.py:157} INFO - Started process (PID=2905) to work on /home/airflow/.local/lib/python3.8/site-packages/airflow/example_dags/example_params_ui_tutorial.py
[2023-12-15T12:05:15.131+0000] {processor.py:829} INFO - Processing file /home/airflow/.local/lib/python3.8/site-packages/airflow/example_dags/example_params_ui_tutorial.py for tasks to queue
[2023-12-15T12:05:15.134+0000] {logging_mixin.py:154} INFO - [2023-12-15T12:05:15.133+0000] {dagbag.py:536} INFO - Filling up the DagBag from /home/airflow/.local/lib/python3.8/site-packages/airflow/example_dags/example_params_ui_tutorial.py
[2023-12-15T12:05:15.206+0000] {processor.py:839} INFO - DAG(s) dict_keys(['example_params_ui_tutorial']) retrieved from /home/airflow/.local/lib/python3.8/site-packages/airflow/example_dags/example_params_ui_tutorial.py
[2023-12-15T12:05:15.254+0000] {logging_mixin.py:154} INFO - [2023-12-15T12:05:15.254+0000] {dag.py:2941} INFO - Sync 1 DAGs
[2023-12-15T12:05:15.264+0000] {logging_mixin.py:154} INFO - [2023-12-15T12:05:15.263+0000] {dag.py:3722} INFO - Setting next_dagrun for example_params_ui_tutorial to None, run_after=None
[2023-12-15T12:05:15.279+0000] {processor.py:179} INFO - Processing /home/airflow/.local/lib/python3.8/site-packages/airflow/example_dags/example_params_ui_tutorial.py took 0.166 seconds
[2023-12-15T12:05:46.573+0000] {processor.py:157} INFO - Started process (PID=2957) to work on /home/airflow/.local/lib/python3.8/site-packages/airflow/example_dags/example_params_ui_tutorial.py
[2023-12-15T12:05:46.577+0000] {processor.py:829} INFO - Processing file /home/airflow/.local/lib/python3.8/site-packages/airflow/example_dags/example_params_ui_tutorial.py for tasks to queue
[2023-12-15T12:05:46.585+0000] {logging_mixin.py:154} INFO - [2023-12-15T12:05:46.584+0000] {dagbag.py:536} INFO - Filling up the DagBag from /home/airflow/.local/lib/python3.8/site-packages/airflow/example_dags/example_params_ui_tutorial.py
[2023-12-15T12:05:47.262+0000] {processor.py:839} INFO - DAG(s) dict_keys(['example_params_ui_tutorial']) retrieved from /home/airflow/.local/lib/python3.8/site-packages/airflow/example_dags/example_params_ui_tutorial.py
[2023-12-15T12:05:47.942+0000] {logging_mixin.py:154} INFO - [2023-12-15T12:05:47.940+0000] {dag.py:2941} INFO - Sync 1 DAGs
[2023-12-15T12:05:48.050+0000] {logging_mixin.py:154} INFO - [2023-12-15T12:05:48.050+0000] {dag.py:3722} INFO - Setting next_dagrun for example_params_ui_tutorial to None, run_after=None
[2023-12-15T12:05:48.144+0000] {processor.py:179} INFO - Processing /home/airflow/.local/lib/python3.8/site-packages/airflow/example_dags/example_params_ui_tutorial.py took 1.594 seconds
[2023-12-15T12:06:19.027+0000] {processor.py:157} INFO - Started process (PID=3011) to work on /home/airflow/.local/lib/python3.8/site-packages/airflow/example_dags/example_params_ui_tutorial.py
[2023-12-15T12:06:19.031+0000] {processor.py:829} INFO - Processing file /home/airflow/.local/lib/python3.8/site-packages/airflow/example_dags/example_params_ui_tutorial.py for tasks to queue
[2023-12-15T12:06:19.047+0000] {logging_mixin.py:154} INFO - [2023-12-15T12:06:19.044+0000] {dagbag.py:536} INFO - Filling up the DagBag from /home/airflow/.local/lib/python3.8/site-packages/airflow/example_dags/example_params_ui_tutorial.py
[2023-12-15T12:06:19.353+0000] {processor.py:839} INFO - DAG(s) dict_keys(['example_params_ui_tutorial']) retrieved from /home/airflow/.local/lib/python3.8/site-packages/airflow/example_dags/example_params_ui_tutorial.py
[2023-12-15T12:06:19.544+0000] {logging_mixin.py:154} INFO - [2023-12-15T12:06:19.544+0000] {dag.py:2941} INFO - Sync 1 DAGs
[2023-12-15T12:06:19.564+0000] {logging_mixin.py:154} INFO - [2023-12-15T12:06:19.563+0000] {dag.py:3722} INFO - Setting next_dagrun for example_params_ui_tutorial to None, run_after=None
[2023-12-15T12:06:19.586+0000] {processor.py:179} INFO - Processing /home/airflow/.local/lib/python3.8/site-packages/airflow/example_dags/example_params_ui_tutorial.py took 0.572 seconds
[2023-12-15T12:06:51.042+0000] {processor.py:157} INFO - Started process (PID=3069) to work on /home/airflow/.local/lib/python3.8/site-packages/airflow/example_dags/example_params_ui_tutorial.py
[2023-12-15T12:06:51.044+0000] {processor.py:829} INFO - Processing file /home/airflow/.local/lib/python3.8/site-packages/airflow/example_dags/example_params_ui_tutorial.py for tasks to queue
[2023-12-15T12:06:51.046+0000] {logging_mixin.py:154} INFO - [2023-12-15T12:06:51.046+0000] {dagbag.py:536} INFO - Filling up the DagBag from /home/airflow/.local/lib/python3.8/site-packages/airflow/example_dags/example_params_ui_tutorial.py
[2023-12-15T12:06:51.170+0000] {processor.py:839} INFO - DAG(s) dict_keys(['example_params_ui_tutorial']) retrieved from /home/airflow/.local/lib/python3.8/site-packages/airflow/example_dags/example_params_ui_tutorial.py
[2023-12-15T12:06:51.227+0000] {logging_mixin.py:154} INFO - [2023-12-15T12:06:51.227+0000] {dag.py:2941} INFO - Sync 1 DAGs
[2023-12-15T12:06:51.241+0000] {logging_mixin.py:154} INFO - [2023-12-15T12:06:51.241+0000] {dag.py:3722} INFO - Setting next_dagrun for example_params_ui_tutorial to None, run_after=None
[2023-12-15T12:06:51.258+0000] {processor.py:179} INFO - Processing /home/airflow/.local/lib/python3.8/site-packages/airflow/example_dags/example_params_ui_tutorial.py took 0.219 seconds
[2023-12-15T12:07:22.263+0000] {processor.py:157} INFO - Started process (PID=3122) to work on /home/airflow/.local/lib/python3.8/site-packages/airflow/example_dags/example_params_ui_tutorial.py
[2023-12-15T12:07:22.287+0000] {processor.py:829} INFO - Processing file /home/airflow/.local/lib/python3.8/site-packages/airflow/example_dags/example_params_ui_tutorial.py for tasks to queue
[2023-12-15T12:07:22.313+0000] {logging_mixin.py:154} INFO - [2023-12-15T12:07:22.312+0000] {dagbag.py:536} INFO - Filling up the DagBag from /home/airflow/.local/lib/python3.8/site-packages/airflow/example_dags/example_params_ui_tutorial.py
[2023-12-15T12:07:22.507+0000] {processor.py:839} INFO - DAG(s) dict_keys(['example_params_ui_tutorial']) retrieved from /home/airflow/.local/lib/python3.8/site-packages/airflow/example_dags/example_params_ui_tutorial.py
[2023-12-15T12:07:22.587+0000] {logging_mixin.py:154} INFO - [2023-12-15T12:07:22.586+0000] {dag.py:2941} INFO - Sync 1 DAGs
[2023-12-15T12:07:22.619+0000] {logging_mixin.py:154} INFO - [2023-12-15T12:07:22.618+0000] {dag.py:3722} INFO - Setting next_dagrun for example_params_ui_tutorial to None, run_after=None
[2023-12-15T12:07:22.638+0000] {processor.py:179} INFO - Processing /home/airflow/.local/lib/python3.8/site-packages/airflow/example_dags/example_params_ui_tutorial.py took 0.417 seconds
[2023-12-15T12:07:53.352+0000] {processor.py:157} INFO - Started process (PID=3177) to work on /home/airflow/.local/lib/python3.8/site-packages/airflow/example_dags/example_params_ui_tutorial.py
[2023-12-15T12:07:53.354+0000] {processor.py:829} INFO - Processing file /home/airflow/.local/lib/python3.8/site-packages/airflow/example_dags/example_params_ui_tutorial.py for tasks to queue
[2023-12-15T12:07:53.358+0000] {logging_mixin.py:154} INFO - [2023-12-15T12:07:53.358+0000] {dagbag.py:536} INFO - Filling up the DagBag from /home/airflow/.local/lib/python3.8/site-packages/airflow/example_dags/example_params_ui_tutorial.py
[2023-12-15T12:07:53.529+0000] {processor.py:839} INFO - DAG(s) dict_keys(['example_params_ui_tutorial']) retrieved from /home/airflow/.local/lib/python3.8/site-packages/airflow/example_dags/example_params_ui_tutorial.py
[2023-12-15T12:07:53.668+0000] {logging_mixin.py:154} INFO - [2023-12-15T12:07:53.668+0000] {dag.py:2941} INFO - Sync 1 DAGs
[2023-12-15T12:07:53.689+0000] {logging_mixin.py:154} INFO - [2023-12-15T12:07:53.689+0000] {dag.py:3722} INFO - Setting next_dagrun for example_params_ui_tutorial to None, run_after=None
[2023-12-15T12:07:53.745+0000] {processor.py:179} INFO - Processing /home/airflow/.local/lib/python3.8/site-packages/airflow/example_dags/example_params_ui_tutorial.py took 0.399 seconds
[2023-12-15T12:08:24.400+0000] {processor.py:157} INFO - Started process (PID=3231) to work on /home/airflow/.local/lib/python3.8/site-packages/airflow/example_dags/example_params_ui_tutorial.py
[2023-12-15T12:08:24.402+0000] {processor.py:829} INFO - Processing file /home/airflow/.local/lib/python3.8/site-packages/airflow/example_dags/example_params_ui_tutorial.py for tasks to queue
[2023-12-15T12:08:24.404+0000] {logging_mixin.py:154} INFO - [2023-12-15T12:08:24.404+0000] {dagbag.py:536} INFO - Filling up the DagBag from /home/airflow/.local/lib/python3.8/site-packages/airflow/example_dags/example_params_ui_tutorial.py
[2023-12-15T12:08:24.506+0000] {processor.py:839} INFO - DAG(s) dict_keys(['example_params_ui_tutorial']) retrieved from /home/airflow/.local/lib/python3.8/site-packages/airflow/example_dags/example_params_ui_tutorial.py
[2023-12-15T12:08:24.595+0000] {logging_mixin.py:154} INFO - [2023-12-15T12:08:24.594+0000] {dag.py:2941} INFO - Sync 1 DAGs
[2023-12-15T12:08:24.614+0000] {logging_mixin.py:154} INFO - [2023-12-15T12:08:24.614+0000] {dag.py:3722} INFO - Setting next_dagrun for example_params_ui_tutorial to None, run_after=None
[2023-12-15T12:08:24.644+0000] {processor.py:179} INFO - Processing /home/airflow/.local/lib/python3.8/site-packages/airflow/example_dags/example_params_ui_tutorial.py took 0.246 seconds
[2023-12-15T12:09:00.328+0000] {processor.py:157} INFO - Started process (PID=3296) to work on /home/airflow/.local/lib/python3.8/site-packages/airflow/example_dags/example_params_ui_tutorial.py
[2023-12-15T12:09:00.331+0000] {processor.py:829} INFO - Processing file /home/airflow/.local/lib/python3.8/site-packages/airflow/example_dags/example_params_ui_tutorial.py for tasks to queue
[2023-12-15T12:09:00.336+0000] {logging_mixin.py:154} INFO - [2023-12-15T12:09:00.336+0000] {dagbag.py:536} INFO - Filling up the DagBag from /home/airflow/.local/lib/python3.8/site-packages/airflow/example_dags/example_params_ui_tutorial.py
[2023-12-15T12:09:00.682+0000] {processor.py:839} INFO - DAG(s) dict_keys(['example_params_ui_tutorial']) retrieved from /home/airflow/.local/lib/python3.8/site-packages/airflow/example_dags/example_params_ui_tutorial.py
[2023-12-15T12:09:00.970+0000] {logging_mixin.py:154} INFO - [2023-12-15T12:09:00.970+0000] {dag.py:2941} INFO - Sync 1 DAGs
[2023-12-15T12:09:01.022+0000] {logging_mixin.py:154} INFO - [2023-12-15T12:09:01.022+0000] {dag.py:3722} INFO - Setting next_dagrun for example_params_ui_tutorial to None, run_after=None
[2023-12-15T12:09:01.084+0000] {processor.py:179} INFO - Processing /home/airflow/.local/lib/python3.8/site-packages/airflow/example_dags/example_params_ui_tutorial.py took 0.759 seconds
[2023-12-15T12:09:31.353+0000] {processor.py:157} INFO - Started process (PID=3345) to work on /home/airflow/.local/lib/python3.8/site-packages/airflow/example_dags/example_params_ui_tutorial.py
[2023-12-15T12:09:31.360+0000] {processor.py:829} INFO - Processing file /home/airflow/.local/lib/python3.8/site-packages/airflow/example_dags/example_params_ui_tutorial.py for tasks to queue
[2023-12-15T12:09:31.364+0000] {logging_mixin.py:154} INFO - [2023-12-15T12:09:31.363+0000] {dagbag.py:536} INFO - Filling up the DagBag from /home/airflow/.local/lib/python3.8/site-packages/airflow/example_dags/example_params_ui_tutorial.py
[2023-12-15T12:09:31.510+0000] {processor.py:839} INFO - DAG(s) dict_keys(['example_params_ui_tutorial']) retrieved from /home/airflow/.local/lib/python3.8/site-packages/airflow/example_dags/example_params_ui_tutorial.py
[2023-12-15T12:09:31.721+0000] {logging_mixin.py:154} INFO - [2023-12-15T12:09:31.720+0000] {dag.py:2941} INFO - Sync 1 DAGs
[2023-12-15T12:09:31.787+0000] {logging_mixin.py:154} INFO - [2023-12-15T12:09:31.786+0000] {dag.py:3722} INFO - Setting next_dagrun for example_params_ui_tutorial to None, run_after=None
[2023-12-15T12:09:32.040+0000] {processor.py:179} INFO - Processing /home/airflow/.local/lib/python3.8/site-packages/airflow/example_dags/example_params_ui_tutorial.py took 0.696 seconds
[2023-12-15T12:10:02.682+0000] {processor.py:157} INFO - Started process (PID=3399) to work on /home/airflow/.local/lib/python3.8/site-packages/airflow/example_dags/example_params_ui_tutorial.py
[2023-12-15T12:10:02.690+0000] {processor.py:829} INFO - Processing file /home/airflow/.local/lib/python3.8/site-packages/airflow/example_dags/example_params_ui_tutorial.py for tasks to queue
[2023-12-15T12:10:02.704+0000] {logging_mixin.py:154} INFO - [2023-12-15T12:10:02.704+0000] {dagbag.py:536} INFO - Filling up the DagBag from /home/airflow/.local/lib/python3.8/site-packages/airflow/example_dags/example_params_ui_tutorial.py
[2023-12-15T12:10:02.951+0000] {processor.py:839} INFO - DAG(s) dict_keys(['example_params_ui_tutorial']) retrieved from /home/airflow/.local/lib/python3.8/site-packages/airflow/example_dags/example_params_ui_tutorial.py
[2023-12-15T12:10:03.091+0000] {logging_mixin.py:154} INFO - [2023-12-15T12:10:03.091+0000] {dag.py:2941} INFO - Sync 1 DAGs
[2023-12-15T12:10:03.129+0000] {logging_mixin.py:154} INFO - [2023-12-15T12:10:03.129+0000] {dag.py:3722} INFO - Setting next_dagrun for example_params_ui_tutorial to None, run_after=None
[2023-12-15T12:10:03.159+0000] {processor.py:179} INFO - Processing /home/airflow/.local/lib/python3.8/site-packages/airflow/example_dags/example_params_ui_tutorial.py took 0.488 seconds
