[2023-12-15T11:36:54.612+0000] {processor.py:157} INFO - Started process (PID=51) to work on /home/airflow/.local/lib/python3.8/site-packages/airflow/example_dags/example_kubernetes_executor.py
[2023-12-15T11:36:54.622+0000] {processor.py:829} INFO - Processing file /home/airflow/.local/lib/python3.8/site-packages/airflow/example_dags/example_kubernetes_executor.py for tasks to queue
[2023-12-15T11:36:54.634+0000] {logging_mixin.py:154} INFO - [2023-12-15T11:36:54.633+0000] {dagbag.py:536} INFO - Filling up the DagBag from /home/airflow/.local/lib/python3.8/site-packages/airflow/example_dags/example_kubernetes_executor.py
[2023-12-15T11:36:54.741+0000] {processor.py:839} INFO - DAG(s) dict_keys(['example_kubernetes_executor']) retrieved from /home/airflow/.local/lib/python3.8/site-packages/airflow/example_dags/example_kubernetes_executor.py
[2023-12-15T11:36:55.028+0000] {logging_mixin.py:154} INFO - [2023-12-15T11:36:55.027+0000] {dag.py:2941} INFO - Sync 1 DAGs
[2023-12-15T11:36:55.139+0000] {logging_mixin.py:154} INFO - [2023-12-15T11:36:55.138+0000] {dag.py:3722} INFO - Setting next_dagrun for example_kubernetes_executor to None, run_after=None
[2023-12-15T11:36:55.195+0000] {processor.py:179} INFO - Processing /home/airflow/.local/lib/python3.8/site-packages/airflow/example_dags/example_kubernetes_executor.py took 0.619 seconds
[2023-12-15T11:37:25.948+0000] {processor.py:157} INFO - Started process (PID=105) to work on /home/airflow/.local/lib/python3.8/site-packages/airflow/example_dags/example_kubernetes_executor.py
[2023-12-15T11:37:25.949+0000] {processor.py:829} INFO - Processing file /home/airflow/.local/lib/python3.8/site-packages/airflow/example_dags/example_kubernetes_executor.py for tasks to queue
[2023-12-15T11:37:25.952+0000] {logging_mixin.py:154} INFO - [2023-12-15T11:37:25.951+0000] {dagbag.py:536} INFO - Filling up the DagBag from /home/airflow/.local/lib/python3.8/site-packages/airflow/example_dags/example_kubernetes_executor.py
[2023-12-15T11:37:25.969+0000] {processor.py:839} INFO - DAG(s) dict_keys(['example_kubernetes_executor']) retrieved from /home/airflow/.local/lib/python3.8/site-packages/airflow/example_dags/example_kubernetes_executor.py
[2023-12-15T11:37:26.069+0000] {logging_mixin.py:154} INFO - [2023-12-15T11:37:26.069+0000] {dag.py:2941} INFO - Sync 1 DAGs
[2023-12-15T11:37:26.081+0000] {logging_mixin.py:154} INFO - [2023-12-15T11:37:26.080+0000] {dag.py:3722} INFO - Setting next_dagrun for example_kubernetes_executor to None, run_after=None
[2023-12-15T11:37:26.123+0000] {processor.py:179} INFO - Processing /home/airflow/.local/lib/python3.8/site-packages/airflow/example_dags/example_kubernetes_executor.py took 0.178 seconds
[2023-12-15T11:37:57.027+0000] {processor.py:157} INFO - Started process (PID=159) to work on /home/airflow/.local/lib/python3.8/site-packages/airflow/example_dags/example_kubernetes_executor.py
[2023-12-15T11:37:57.036+0000] {processor.py:829} INFO - Processing file /home/airflow/.local/lib/python3.8/site-packages/airflow/example_dags/example_kubernetes_executor.py for tasks to queue
[2023-12-15T11:37:57.044+0000] {logging_mixin.py:154} INFO - [2023-12-15T11:37:57.044+0000] {dagbag.py:536} INFO - Filling up the DagBag from /home/airflow/.local/lib/python3.8/site-packages/airflow/example_dags/example_kubernetes_executor.py
[2023-12-15T11:37:57.095+0000] {processor.py:839} INFO - DAG(s) dict_keys(['example_kubernetes_executor']) retrieved from /home/airflow/.local/lib/python3.8/site-packages/airflow/example_dags/example_kubernetes_executor.py
[2023-12-15T11:37:57.126+0000] {logging_mixin.py:154} INFO - [2023-12-15T11:37:57.126+0000] {dag.py:2941} INFO - Sync 1 DAGs
[2023-12-15T11:37:57.132+0000] {logging_mixin.py:154} INFO - [2023-12-15T11:37:57.132+0000] {dag.py:3722} INFO - Setting next_dagrun for example_kubernetes_executor to None, run_after=None
[2023-12-15T11:37:57.140+0000] {processor.py:179} INFO - Processing /home/airflow/.local/lib/python3.8/site-packages/airflow/example_dags/example_kubernetes_executor.py took 0.116 seconds
[2023-12-15T11:38:28.733+0000] {processor.py:157} INFO - Started process (PID=213) to work on /home/airflow/.local/lib/python3.8/site-packages/airflow/example_dags/example_kubernetes_executor.py
[2023-12-15T11:38:28.734+0000] {processor.py:829} INFO - Processing file /home/airflow/.local/lib/python3.8/site-packages/airflow/example_dags/example_kubernetes_executor.py for tasks to queue
[2023-12-15T11:38:28.738+0000] {logging_mixin.py:154} INFO - [2023-12-15T11:38:28.738+0000] {dagbag.py:536} INFO - Filling up the DagBag from /home/airflow/.local/lib/python3.8/site-packages/airflow/example_dags/example_kubernetes_executor.py
[2023-12-15T11:38:28.777+0000] {processor.py:839} INFO - DAG(s) dict_keys(['example_kubernetes_executor']) retrieved from /home/airflow/.local/lib/python3.8/site-packages/airflow/example_dags/example_kubernetes_executor.py
[2023-12-15T11:38:28.905+0000] {logging_mixin.py:154} INFO - [2023-12-15T11:38:28.905+0000] {dag.py:2941} INFO - Sync 1 DAGs
[2023-12-15T11:38:28.941+0000] {logging_mixin.py:154} INFO - [2023-12-15T11:38:28.941+0000] {dag.py:3722} INFO - Setting next_dagrun for example_kubernetes_executor to None, run_after=None
[2023-12-15T11:38:28.974+0000] {processor.py:179} INFO - Processing /home/airflow/.local/lib/python3.8/site-packages/airflow/example_dags/example_kubernetes_executor.py took 0.245 seconds
[2023-12-15T11:39:03.270+0000] {processor.py:157} INFO - Started process (PID=273) to work on /home/airflow/.local/lib/python3.8/site-packages/airflow/example_dags/example_kubernetes_executor.py
[2023-12-15T11:39:03.275+0000] {processor.py:829} INFO - Processing file /home/airflow/.local/lib/python3.8/site-packages/airflow/example_dags/example_kubernetes_executor.py for tasks to queue
[2023-12-15T11:39:03.294+0000] {logging_mixin.py:154} INFO - [2023-12-15T11:39:03.293+0000] {dagbag.py:536} INFO - Filling up the DagBag from /home/airflow/.local/lib/python3.8/site-packages/airflow/example_dags/example_kubernetes_executor.py
[2023-12-15T11:39:03.381+0000] {processor.py:839} INFO - DAG(s) dict_keys(['example_kubernetes_executor']) retrieved from /home/airflow/.local/lib/python3.8/site-packages/airflow/example_dags/example_kubernetes_executor.py
[2023-12-15T11:39:03.520+0000] {logging_mixin.py:154} INFO - [2023-12-15T11:39:03.519+0000] {dag.py:2941} INFO - Sync 1 DAGs
[2023-12-15T11:39:03.543+0000] {logging_mixin.py:154} INFO - [2023-12-15T11:39:03.543+0000] {dag.py:3722} INFO - Setting next_dagrun for example_kubernetes_executor to None, run_after=None
[2023-12-15T11:39:03.595+0000] {processor.py:179} INFO - Processing /home/airflow/.local/lib/python3.8/site-packages/airflow/example_dags/example_kubernetes_executor.py took 0.347 seconds
[2023-12-15T11:39:37.028+0000] {processor.py:157} INFO - Started process (PID=325) to work on /home/airflow/.local/lib/python3.8/site-packages/airflow/example_dags/example_kubernetes_executor.py
[2023-12-15T11:39:37.039+0000] {processor.py:829} INFO - Processing file /home/airflow/.local/lib/python3.8/site-packages/airflow/example_dags/example_kubernetes_executor.py for tasks to queue
[2023-12-15T11:39:37.058+0000] {logging_mixin.py:154} INFO - [2023-12-15T11:39:37.056+0000] {dagbag.py:536} INFO - Filling up the DagBag from /home/airflow/.local/lib/python3.8/site-packages/airflow/example_dags/example_kubernetes_executor.py
[2023-12-15T11:39:37.372+0000] {processor.py:839} INFO - DAG(s) dict_keys(['example_kubernetes_executor']) retrieved from /home/airflow/.local/lib/python3.8/site-packages/airflow/example_dags/example_kubernetes_executor.py
[2023-12-15T11:39:37.647+0000] {logging_mixin.py:154} INFO - [2023-12-15T11:39:37.646+0000] {dag.py:2941} INFO - Sync 1 DAGs
[2023-12-15T11:39:37.681+0000] {logging_mixin.py:154} INFO - [2023-12-15T11:39:37.681+0000] {dag.py:3722} INFO - Setting next_dagrun for example_kubernetes_executor to None, run_after=None
[2023-12-15T11:39:37.718+0000] {processor.py:179} INFO - Processing /home/airflow/.local/lib/python3.8/site-packages/airflow/example_dags/example_kubernetes_executor.py took 0.698 seconds
[2023-12-15T11:40:08.861+0000] {processor.py:157} INFO - Started process (PID=379) to work on /home/airflow/.local/lib/python3.8/site-packages/airflow/example_dags/example_kubernetes_executor.py
[2023-12-15T11:40:08.866+0000] {processor.py:829} INFO - Processing file /home/airflow/.local/lib/python3.8/site-packages/airflow/example_dags/example_kubernetes_executor.py for tasks to queue
[2023-12-15T11:40:08.873+0000] {logging_mixin.py:154} INFO - [2023-12-15T11:40:08.872+0000] {dagbag.py:536} INFO - Filling up the DagBag from /home/airflow/.local/lib/python3.8/site-packages/airflow/example_dags/example_kubernetes_executor.py
[2023-12-15T11:40:09.090+0000] {processor.py:839} INFO - DAG(s) dict_keys(['example_kubernetes_executor']) retrieved from /home/airflow/.local/lib/python3.8/site-packages/airflow/example_dags/example_kubernetes_executor.py
[2023-12-15T11:40:09.353+0000] {logging_mixin.py:154} INFO - [2023-12-15T11:40:09.352+0000] {dag.py:2941} INFO - Sync 1 DAGs
[2023-12-15T11:40:09.454+0000] {logging_mixin.py:154} INFO - [2023-12-15T11:40:09.453+0000] {dag.py:3722} INFO - Setting next_dagrun for example_kubernetes_executor to None, run_after=None
[2023-12-15T11:40:09.522+0000] {processor.py:179} INFO - Processing /home/airflow/.local/lib/python3.8/site-packages/airflow/example_dags/example_kubernetes_executor.py took 0.669 seconds
[2023-12-15T11:40:39.712+0000] {processor.py:157} INFO - Started process (PID=433) to work on /home/airflow/.local/lib/python3.8/site-packages/airflow/example_dags/example_kubernetes_executor.py
[2023-12-15T11:40:39.719+0000] {processor.py:829} INFO - Processing file /home/airflow/.local/lib/python3.8/site-packages/airflow/example_dags/example_kubernetes_executor.py for tasks to queue
[2023-12-15T11:40:39.734+0000] {logging_mixin.py:154} INFO - [2023-12-15T11:40:39.734+0000] {dagbag.py:536} INFO - Filling up the DagBag from /home/airflow/.local/lib/python3.8/site-packages/airflow/example_dags/example_kubernetes_executor.py
[2023-12-15T11:40:39.865+0000] {processor.py:839} INFO - DAG(s) dict_keys(['example_kubernetes_executor']) retrieved from /home/airflow/.local/lib/python3.8/site-packages/airflow/example_dags/example_kubernetes_executor.py
[2023-12-15T11:40:40.184+0000] {logging_mixin.py:154} INFO - [2023-12-15T11:40:40.183+0000] {dag.py:2941} INFO - Sync 1 DAGs
[2023-12-15T11:40:40.258+0000] {logging_mixin.py:154} INFO - [2023-12-15T11:40:40.258+0000] {dag.py:3722} INFO - Setting next_dagrun for example_kubernetes_executor to None, run_after=None
[2023-12-15T11:40:40.566+0000] {processor.py:179} INFO - Processing /home/airflow/.local/lib/python3.8/site-packages/airflow/example_dags/example_kubernetes_executor.py took 0.859 seconds
[2023-12-15T11:41:11.124+0000] {processor.py:157} INFO - Started process (PID=487) to work on /home/airflow/.local/lib/python3.8/site-packages/airflow/example_dags/example_kubernetes_executor.py
[2023-12-15T11:41:11.126+0000] {processor.py:829} INFO - Processing file /home/airflow/.local/lib/python3.8/site-packages/airflow/example_dags/example_kubernetes_executor.py for tasks to queue
[2023-12-15T11:41:11.140+0000] {logging_mixin.py:154} INFO - [2023-12-15T11:41:11.140+0000] {dagbag.py:536} INFO - Filling up the DagBag from /home/airflow/.local/lib/python3.8/site-packages/airflow/example_dags/example_kubernetes_executor.py
[2023-12-15T11:41:11.252+0000] {processor.py:839} INFO - DAG(s) dict_keys(['example_kubernetes_executor']) retrieved from /home/airflow/.local/lib/python3.8/site-packages/airflow/example_dags/example_kubernetes_executor.py
[2023-12-15T11:41:11.458+0000] {logging_mixin.py:154} INFO - [2023-12-15T11:41:11.457+0000] {dag.py:2941} INFO - Sync 1 DAGs
[2023-12-15T11:41:11.487+0000] {logging_mixin.py:154} INFO - [2023-12-15T11:41:11.487+0000] {dag.py:3722} INFO - Setting next_dagrun for example_kubernetes_executor to None, run_after=None
[2023-12-15T11:41:11.516+0000] {processor.py:179} INFO - Processing /home/airflow/.local/lib/python3.8/site-packages/airflow/example_dags/example_kubernetes_executor.py took 0.397 seconds
[2023-12-15T11:41:48.286+0000] {processor.py:157} INFO - Started process (PID=541) to work on /home/airflow/.local/lib/python3.8/site-packages/airflow/example_dags/example_kubernetes_executor.py
[2023-12-15T11:41:48.288+0000] {processor.py:829} INFO - Processing file /home/airflow/.local/lib/python3.8/site-packages/airflow/example_dags/example_kubernetes_executor.py for tasks to queue
[2023-12-15T11:41:48.293+0000] {logging_mixin.py:154} INFO - [2023-12-15T11:41:48.293+0000] {dagbag.py:536} INFO - Filling up the DagBag from /home/airflow/.local/lib/python3.8/site-packages/airflow/example_dags/example_kubernetes_executor.py
[2023-12-15T11:41:48.369+0000] {processor.py:839} INFO - DAG(s) dict_keys(['example_kubernetes_executor']) retrieved from /home/airflow/.local/lib/python3.8/site-packages/airflow/example_dags/example_kubernetes_executor.py
[2023-12-15T11:41:48.483+0000] {logging_mixin.py:154} INFO - [2023-12-15T11:41:48.483+0000] {dag.py:2941} INFO - Sync 1 DAGs
[2023-12-15T11:41:48.500+0000] {logging_mixin.py:154} INFO - [2023-12-15T11:41:48.499+0000] {dag.py:3722} INFO - Setting next_dagrun for example_kubernetes_executor to None, run_after=None
[2023-12-15T11:41:48.517+0000] {processor.py:179} INFO - Processing /home/airflow/.local/lib/python3.8/site-packages/airflow/example_dags/example_kubernetes_executor.py took 0.235 seconds
[2023-12-15T11:42:20.896+0000] {processor.py:157} INFO - Started process (PID=596) to work on /home/airflow/.local/lib/python3.8/site-packages/airflow/example_dags/example_kubernetes_executor.py
[2023-12-15T11:42:20.898+0000] {processor.py:829} INFO - Processing file /home/airflow/.local/lib/python3.8/site-packages/airflow/example_dags/example_kubernetes_executor.py for tasks to queue
[2023-12-15T11:42:20.900+0000] {logging_mixin.py:154} INFO - [2023-12-15T11:42:20.900+0000] {dagbag.py:536} INFO - Filling up the DagBag from /home/airflow/.local/lib/python3.8/site-packages/airflow/example_dags/example_kubernetes_executor.py
[2023-12-15T11:42:20.954+0000] {processor.py:839} INFO - DAG(s) dict_keys(['example_kubernetes_executor']) retrieved from /home/airflow/.local/lib/python3.8/site-packages/airflow/example_dags/example_kubernetes_executor.py
[2023-12-15T11:42:21.096+0000] {logging_mixin.py:154} INFO - [2023-12-15T11:42:21.094+0000] {dag.py:2941} INFO - Sync 1 DAGs
[2023-12-15T11:42:21.127+0000] {logging_mixin.py:154} INFO - [2023-12-15T11:42:21.127+0000] {dag.py:3722} INFO - Setting next_dagrun for example_kubernetes_executor to None, run_after=None
[2023-12-15T11:42:21.179+0000] {processor.py:179} INFO - Processing /home/airflow/.local/lib/python3.8/site-packages/airflow/example_dags/example_kubernetes_executor.py took 0.287 seconds
[2023-12-15T11:43:02.534+0000] {processor.py:157} INFO - Started process (PID=651) to work on /home/airflow/.local/lib/python3.8/site-packages/airflow/example_dags/example_kubernetes_executor.py
[2023-12-15T11:43:02.538+0000] {processor.py:829} INFO - Processing file /home/airflow/.local/lib/python3.8/site-packages/airflow/example_dags/example_kubernetes_executor.py for tasks to queue
[2023-12-15T11:43:02.542+0000] {logging_mixin.py:154} INFO - [2023-12-15T11:43:02.542+0000] {dagbag.py:536} INFO - Filling up the DagBag from /home/airflow/.local/lib/python3.8/site-packages/airflow/example_dags/example_kubernetes_executor.py
[2023-12-15T11:43:02.651+0000] {processor.py:839} INFO - DAG(s) dict_keys(['example_kubernetes_executor']) retrieved from /home/airflow/.local/lib/python3.8/site-packages/airflow/example_dags/example_kubernetes_executor.py
[2023-12-15T11:43:02.853+0000] {logging_mixin.py:154} INFO - [2023-12-15T11:43:02.852+0000] {dag.py:2941} INFO - Sync 1 DAGs
[2023-12-15T11:43:02.885+0000] {logging_mixin.py:154} INFO - [2023-12-15T11:43:02.885+0000] {dag.py:3722} INFO - Setting next_dagrun for example_kubernetes_executor to None, run_after=None
[2023-12-15T11:43:02.906+0000] {processor.py:179} INFO - Processing /home/airflow/.local/lib/python3.8/site-packages/airflow/example_dags/example_kubernetes_executor.py took 0.378 seconds
[2023-12-15T11:43:34.523+0000] {processor.py:157} INFO - Started process (PID=705) to work on /home/airflow/.local/lib/python3.8/site-packages/airflow/example_dags/example_kubernetes_executor.py
[2023-12-15T11:43:34.541+0000] {processor.py:829} INFO - Processing file /home/airflow/.local/lib/python3.8/site-packages/airflow/example_dags/example_kubernetes_executor.py for tasks to queue
[2023-12-15T11:43:34.550+0000] {logging_mixin.py:154} INFO - [2023-12-15T11:43:34.549+0000] {dagbag.py:536} INFO - Filling up the DagBag from /home/airflow/.local/lib/python3.8/site-packages/airflow/example_dags/example_kubernetes_executor.py
[2023-12-15T11:43:34.692+0000] {processor.py:839} INFO - DAG(s) dict_keys(['example_kubernetes_executor']) retrieved from /home/airflow/.local/lib/python3.8/site-packages/airflow/example_dags/example_kubernetes_executor.py
[2023-12-15T11:43:34.895+0000] {logging_mixin.py:154} INFO - [2023-12-15T11:43:34.895+0000] {dag.py:2941} INFO - Sync 1 DAGs
[2023-12-15T11:43:34.940+0000] {logging_mixin.py:154} INFO - [2023-12-15T11:43:34.940+0000] {dag.py:3722} INFO - Setting next_dagrun for example_kubernetes_executor to None, run_after=None
[2023-12-15T11:43:34.997+0000] {processor.py:179} INFO - Processing /home/airflow/.local/lib/python3.8/site-packages/airflow/example_dags/example_kubernetes_executor.py took 0.530 seconds
[2023-12-15T11:44:06.124+0000] {processor.py:157} INFO - Started process (PID=757) to work on /home/airflow/.local/lib/python3.8/site-packages/airflow/example_dags/example_kubernetes_executor.py
[2023-12-15T11:44:06.128+0000] {processor.py:829} INFO - Processing file /home/airflow/.local/lib/python3.8/site-packages/airflow/example_dags/example_kubernetes_executor.py for tasks to queue
[2023-12-15T11:44:06.132+0000] {logging_mixin.py:154} INFO - [2023-12-15T11:44:06.132+0000] {dagbag.py:536} INFO - Filling up the DagBag from /home/airflow/.local/lib/python3.8/site-packages/airflow/example_dags/example_kubernetes_executor.py
[2023-12-15T11:44:06.232+0000] {processor.py:839} INFO - DAG(s) dict_keys(['example_kubernetes_executor']) retrieved from /home/airflow/.local/lib/python3.8/site-packages/airflow/example_dags/example_kubernetes_executor.py
[2023-12-15T11:44:06.538+0000] {logging_mixin.py:154} INFO - [2023-12-15T11:44:06.538+0000] {dag.py:2941} INFO - Sync 1 DAGs
[2023-12-15T11:44:06.586+0000] {logging_mixin.py:154} INFO - [2023-12-15T11:44:06.585+0000] {dag.py:3722} INFO - Setting next_dagrun for example_kubernetes_executor to None, run_after=None
[2023-12-15T11:44:06.621+0000] {processor.py:179} INFO - Processing /home/airflow/.local/lib/python3.8/site-packages/airflow/example_dags/example_kubernetes_executor.py took 0.504 seconds
[2023-12-15T11:44:37.124+0000] {processor.py:157} INFO - Started process (PID=810) to work on /home/airflow/.local/lib/python3.8/site-packages/airflow/example_dags/example_kubernetes_executor.py
[2023-12-15T11:44:37.127+0000] {processor.py:829} INFO - Processing file /home/airflow/.local/lib/python3.8/site-packages/airflow/example_dags/example_kubernetes_executor.py for tasks to queue
[2023-12-15T11:44:37.132+0000] {logging_mixin.py:154} INFO - [2023-12-15T11:44:37.131+0000] {dagbag.py:536} INFO - Filling up the DagBag from /home/airflow/.local/lib/python3.8/site-packages/airflow/example_dags/example_kubernetes_executor.py
[2023-12-15T11:44:37.268+0000] {processor.py:839} INFO - DAG(s) dict_keys(['example_kubernetes_executor']) retrieved from /home/airflow/.local/lib/python3.8/site-packages/airflow/example_dags/example_kubernetes_executor.py
[2023-12-15T11:44:37.475+0000] {logging_mixin.py:154} INFO - [2023-12-15T11:44:37.474+0000] {dag.py:2941} INFO - Sync 1 DAGs
[2023-12-15T11:44:37.521+0000] {logging_mixin.py:154} INFO - [2023-12-15T11:44:37.521+0000] {dag.py:3722} INFO - Setting next_dagrun for example_kubernetes_executor to None, run_after=None
[2023-12-15T11:44:37.544+0000] {processor.py:179} INFO - Processing /home/airflow/.local/lib/python3.8/site-packages/airflow/example_dags/example_kubernetes_executor.py took 0.435 seconds
[2023-12-15T11:45:07.642+0000] {processor.py:157} INFO - Started process (PID=864) to work on /home/airflow/.local/lib/python3.8/site-packages/airflow/example_dags/example_kubernetes_executor.py
[2023-12-15T11:45:07.646+0000] {processor.py:829} INFO - Processing file /home/airflow/.local/lib/python3.8/site-packages/airflow/example_dags/example_kubernetes_executor.py for tasks to queue
[2023-12-15T11:45:07.663+0000] {logging_mixin.py:154} INFO - [2023-12-15T11:45:07.661+0000] {dagbag.py:536} INFO - Filling up the DagBag from /home/airflow/.local/lib/python3.8/site-packages/airflow/example_dags/example_kubernetes_executor.py
[2023-12-15T11:45:07.755+0000] {processor.py:839} INFO - DAG(s) dict_keys(['example_kubernetes_executor']) retrieved from /home/airflow/.local/lib/python3.8/site-packages/airflow/example_dags/example_kubernetes_executor.py
[2023-12-15T11:45:07.852+0000] {logging_mixin.py:154} INFO - [2023-12-15T11:45:07.852+0000] {dag.py:2941} INFO - Sync 1 DAGs
[2023-12-15T11:45:07.865+0000] {logging_mixin.py:154} INFO - [2023-12-15T11:45:07.865+0000] {dag.py:3722} INFO - Setting next_dagrun for example_kubernetes_executor to None, run_after=None
[2023-12-15T11:45:07.887+0000] {processor.py:179} INFO - Processing /home/airflow/.local/lib/python3.8/site-packages/airflow/example_dags/example_kubernetes_executor.py took 0.256 seconds
[2023-12-15T11:45:38.364+0000] {processor.py:157} INFO - Started process (PID=918) to work on /home/airflow/.local/lib/python3.8/site-packages/airflow/example_dags/example_kubernetes_executor.py
[2023-12-15T11:45:38.368+0000] {processor.py:829} INFO - Processing file /home/airflow/.local/lib/python3.8/site-packages/airflow/example_dags/example_kubernetes_executor.py for tasks to queue
[2023-12-15T11:45:38.390+0000] {logging_mixin.py:154} INFO - [2023-12-15T11:45:38.386+0000] {dagbag.py:536} INFO - Filling up the DagBag from /home/airflow/.local/lib/python3.8/site-packages/airflow/example_dags/example_kubernetes_executor.py
[2023-12-15T11:45:38.506+0000] {processor.py:839} INFO - DAG(s) dict_keys(['example_kubernetes_executor']) retrieved from /home/airflow/.local/lib/python3.8/site-packages/airflow/example_dags/example_kubernetes_executor.py
[2023-12-15T11:45:38.706+0000] {logging_mixin.py:154} INFO - [2023-12-15T11:45:38.706+0000] {dag.py:2941} INFO - Sync 1 DAGs
[2023-12-15T11:45:38.731+0000] {logging_mixin.py:154} INFO - [2023-12-15T11:45:38.731+0000] {dag.py:3722} INFO - Setting next_dagrun for example_kubernetes_executor to None, run_after=None
[2023-12-15T11:45:38.762+0000] {processor.py:179} INFO - Processing /home/airflow/.local/lib/python3.8/site-packages/airflow/example_dags/example_kubernetes_executor.py took 0.410 seconds
[2023-12-15T11:46:09.491+0000] {processor.py:157} INFO - Started process (PID=972) to work on /home/airflow/.local/lib/python3.8/site-packages/airflow/example_dags/example_kubernetes_executor.py
[2023-12-15T11:46:09.494+0000] {processor.py:829} INFO - Processing file /home/airflow/.local/lib/python3.8/site-packages/airflow/example_dags/example_kubernetes_executor.py for tasks to queue
[2023-12-15T11:46:09.501+0000] {logging_mixin.py:154} INFO - [2023-12-15T11:46:09.500+0000] {dagbag.py:536} INFO - Filling up the DagBag from /home/airflow/.local/lib/python3.8/site-packages/airflow/example_dags/example_kubernetes_executor.py
[2023-12-15T11:46:09.591+0000] {processor.py:839} INFO - DAG(s) dict_keys(['example_kubernetes_executor']) retrieved from /home/airflow/.local/lib/python3.8/site-packages/airflow/example_dags/example_kubernetes_executor.py
[2023-12-15T11:46:09.777+0000] {logging_mixin.py:154} INFO - [2023-12-15T11:46:09.776+0000] {dag.py:2941} INFO - Sync 1 DAGs
[2023-12-15T11:46:09.823+0000] {logging_mixin.py:154} INFO - [2023-12-15T11:46:09.823+0000] {dag.py:3722} INFO - Setting next_dagrun for example_kubernetes_executor to None, run_after=None
[2023-12-15T11:46:09.847+0000] {processor.py:179} INFO - Processing /home/airflow/.local/lib/python3.8/site-packages/airflow/example_dags/example_kubernetes_executor.py took 0.364 seconds
[2023-12-15T11:46:40.430+0000] {processor.py:157} INFO - Started process (PID=1025) to work on /home/airflow/.local/lib/python3.8/site-packages/airflow/example_dags/example_kubernetes_executor.py
[2023-12-15T11:46:40.432+0000] {processor.py:829} INFO - Processing file /home/airflow/.local/lib/python3.8/site-packages/airflow/example_dags/example_kubernetes_executor.py for tasks to queue
[2023-12-15T11:46:40.436+0000] {logging_mixin.py:154} INFO - [2023-12-15T11:46:40.435+0000] {dagbag.py:536} INFO - Filling up the DagBag from /home/airflow/.local/lib/python3.8/site-packages/airflow/example_dags/example_kubernetes_executor.py
[2023-12-15T11:46:40.516+0000] {processor.py:839} INFO - DAG(s) dict_keys(['example_kubernetes_executor']) retrieved from /home/airflow/.local/lib/python3.8/site-packages/airflow/example_dags/example_kubernetes_executor.py
[2023-12-15T11:46:40.704+0000] {logging_mixin.py:154} INFO - [2023-12-15T11:46:40.703+0000] {dag.py:2941} INFO - Sync 1 DAGs
[2023-12-15T11:46:40.816+0000] {logging_mixin.py:154} INFO - [2023-12-15T11:46:40.816+0000] {dag.py:3722} INFO - Setting next_dagrun for example_kubernetes_executor to None, run_after=None
[2023-12-15T11:46:40.853+0000] {processor.py:179} INFO - Processing /home/airflow/.local/lib/python3.8/site-packages/airflow/example_dags/example_kubernetes_executor.py took 0.427 seconds
[2023-12-15T11:47:12.252+0000] {processor.py:157} INFO - Started process (PID=1080) to work on /home/airflow/.local/lib/python3.8/site-packages/airflow/example_dags/example_kubernetes_executor.py
[2023-12-15T11:47:12.256+0000] {processor.py:829} INFO - Processing file /home/airflow/.local/lib/python3.8/site-packages/airflow/example_dags/example_kubernetes_executor.py for tasks to queue
[2023-12-15T11:47:12.259+0000] {logging_mixin.py:154} INFO - [2023-12-15T11:47:12.258+0000] {dagbag.py:536} INFO - Filling up the DagBag from /home/airflow/.local/lib/python3.8/site-packages/airflow/example_dags/example_kubernetes_executor.py
[2023-12-15T11:47:12.300+0000] {processor.py:839} INFO - DAG(s) dict_keys(['example_kubernetes_executor']) retrieved from /home/airflow/.local/lib/python3.8/site-packages/airflow/example_dags/example_kubernetes_executor.py
[2023-12-15T11:47:12.406+0000] {logging_mixin.py:154} INFO - [2023-12-15T11:47:12.406+0000] {dag.py:2941} INFO - Sync 1 DAGs
[2023-12-15T11:47:12.434+0000] {logging_mixin.py:154} INFO - [2023-12-15T11:47:12.434+0000] {dag.py:3722} INFO - Setting next_dagrun for example_kubernetes_executor to None, run_after=None
[2023-12-15T11:47:12.472+0000] {processor.py:179} INFO - Processing /home/airflow/.local/lib/python3.8/site-packages/airflow/example_dags/example_kubernetes_executor.py took 0.224 seconds
[2023-12-15T11:47:43.506+0000] {processor.py:157} INFO - Started process (PID=1132) to work on /home/airflow/.local/lib/python3.8/site-packages/airflow/example_dags/example_kubernetes_executor.py
[2023-12-15T11:47:43.508+0000] {processor.py:829} INFO - Processing file /home/airflow/.local/lib/python3.8/site-packages/airflow/example_dags/example_kubernetes_executor.py for tasks to queue
[2023-12-15T11:47:43.512+0000] {logging_mixin.py:154} INFO - [2023-12-15T11:47:43.511+0000] {dagbag.py:536} INFO - Filling up the DagBag from /home/airflow/.local/lib/python3.8/site-packages/airflow/example_dags/example_kubernetes_executor.py
[2023-12-15T11:47:43.591+0000] {processor.py:839} INFO - DAG(s) dict_keys(['example_kubernetes_executor']) retrieved from /home/airflow/.local/lib/python3.8/site-packages/airflow/example_dags/example_kubernetes_executor.py
[2023-12-15T11:47:43.718+0000] {logging_mixin.py:154} INFO - [2023-12-15T11:47:43.718+0000] {dag.py:2941} INFO - Sync 1 DAGs
[2023-12-15T11:47:43.734+0000] {logging_mixin.py:154} INFO - [2023-12-15T11:47:43.734+0000] {dag.py:3722} INFO - Setting next_dagrun for example_kubernetes_executor to None, run_after=None
[2023-12-15T11:47:43.760+0000] {processor.py:179} INFO - Processing /home/airflow/.local/lib/python3.8/site-packages/airflow/example_dags/example_kubernetes_executor.py took 0.261 seconds
[2023-12-15T11:48:25.658+0000] {processor.py:157} INFO - Started process (PID=1193) to work on /home/airflow/.local/lib/python3.8/site-packages/airflow/example_dags/example_kubernetes_executor.py
[2023-12-15T11:48:25.666+0000] {processor.py:829} INFO - Processing file /home/airflow/.local/lib/python3.8/site-packages/airflow/example_dags/example_kubernetes_executor.py for tasks to queue
[2023-12-15T11:48:25.675+0000] {logging_mixin.py:154} INFO - [2023-12-15T11:48:25.675+0000] {dagbag.py:536} INFO - Filling up the DagBag from /home/airflow/.local/lib/python3.8/site-packages/airflow/example_dags/example_kubernetes_executor.py
[2023-12-15T11:48:25.775+0000] {processor.py:839} INFO - DAG(s) dict_keys(['example_kubernetes_executor']) retrieved from /home/airflow/.local/lib/python3.8/site-packages/airflow/example_dags/example_kubernetes_executor.py
[2023-12-15T11:48:26.022+0000] {logging_mixin.py:154} INFO - [2023-12-15T11:48:26.022+0000] {dag.py:2941} INFO - Sync 1 DAGs
[2023-12-15T11:48:27.720+0000] {logging_mixin.py:154} INFO - [2023-12-15T11:48:27.708+0000] {dag.py:3722} INFO - Setting next_dagrun for example_kubernetes_executor to None, run_after=None
[2023-12-15T11:48:27.826+0000] {processor.py:179} INFO - Processing /home/airflow/.local/lib/python3.8/site-packages/airflow/example_dags/example_kubernetes_executor.py took 2.181 seconds
[2023-12-15T11:48:58.801+0000] {processor.py:157} INFO - Started process (PID=1247) to work on /home/airflow/.local/lib/python3.8/site-packages/airflow/example_dags/example_kubernetes_executor.py
[2023-12-15T11:48:58.824+0000] {processor.py:829} INFO - Processing file /home/airflow/.local/lib/python3.8/site-packages/airflow/example_dags/example_kubernetes_executor.py for tasks to queue
[2023-12-15T11:48:58.839+0000] {logging_mixin.py:154} INFO - [2023-12-15T11:48:58.838+0000] {dagbag.py:536} INFO - Filling up the DagBag from /home/airflow/.local/lib/python3.8/site-packages/airflow/example_dags/example_kubernetes_executor.py
[2023-12-15T11:48:59.037+0000] {processor.py:839} INFO - DAG(s) dict_keys(['example_kubernetes_executor']) retrieved from /home/airflow/.local/lib/python3.8/site-packages/airflow/example_dags/example_kubernetes_executor.py
[2023-12-15T11:48:59.439+0000] {logging_mixin.py:154} INFO - [2023-12-15T11:48:59.438+0000] {dag.py:2941} INFO - Sync 1 DAGs
[2023-12-15T11:48:59.513+0000] {logging_mixin.py:154} INFO - [2023-12-15T11:48:59.512+0000] {dag.py:3722} INFO - Setting next_dagrun for example_kubernetes_executor to None, run_after=None
[2023-12-15T11:48:59.566+0000] {processor.py:179} INFO - Processing /home/airflow/.local/lib/python3.8/site-packages/airflow/example_dags/example_kubernetes_executor.py took 0.785 seconds
[2023-12-15T11:49:30.376+0000] {processor.py:157} INFO - Started process (PID=1301) to work on /home/airflow/.local/lib/python3.8/site-packages/airflow/example_dags/example_kubernetes_executor.py
[2023-12-15T11:49:30.391+0000] {processor.py:829} INFO - Processing file /home/airflow/.local/lib/python3.8/site-packages/airflow/example_dags/example_kubernetes_executor.py for tasks to queue
[2023-12-15T11:49:30.397+0000] {logging_mixin.py:154} INFO - [2023-12-15T11:49:30.396+0000] {dagbag.py:536} INFO - Filling up the DagBag from /home/airflow/.local/lib/python3.8/site-packages/airflow/example_dags/example_kubernetes_executor.py
[2023-12-15T11:49:30.436+0000] {processor.py:839} INFO - DAG(s) dict_keys(['example_kubernetes_executor']) retrieved from /home/airflow/.local/lib/python3.8/site-packages/airflow/example_dags/example_kubernetes_executor.py
[2023-12-15T11:49:30.656+0000] {logging_mixin.py:154} INFO - [2023-12-15T11:49:30.656+0000] {dag.py:2941} INFO - Sync 1 DAGs
[2023-12-15T11:49:30.693+0000] {logging_mixin.py:154} INFO - [2023-12-15T11:49:30.693+0000] {dag.py:3722} INFO - Setting next_dagrun for example_kubernetes_executor to None, run_after=None
[2023-12-15T11:49:30.760+0000] {processor.py:179} INFO - Processing /home/airflow/.local/lib/python3.8/site-packages/airflow/example_dags/example_kubernetes_executor.py took 0.395 seconds
[2023-12-15T11:50:01.543+0000] {processor.py:157} INFO - Started process (PID=1354) to work on /home/airflow/.local/lib/python3.8/site-packages/airflow/example_dags/example_kubernetes_executor.py
[2023-12-15T11:50:01.567+0000] {processor.py:829} INFO - Processing file /home/airflow/.local/lib/python3.8/site-packages/airflow/example_dags/example_kubernetes_executor.py for tasks to queue
[2023-12-15T11:50:01.596+0000] {logging_mixin.py:154} INFO - [2023-12-15T11:50:01.594+0000] {dagbag.py:536} INFO - Filling up the DagBag from /home/airflow/.local/lib/python3.8/site-packages/airflow/example_dags/example_kubernetes_executor.py
[2023-12-15T11:50:01.741+0000] {processor.py:839} INFO - DAG(s) dict_keys(['example_kubernetes_executor']) retrieved from /home/airflow/.local/lib/python3.8/site-packages/airflow/example_dags/example_kubernetes_executor.py
[2023-12-15T11:50:02.773+0000] {logging_mixin.py:154} INFO - [2023-12-15T11:50:02.771+0000] {dag.py:2941} INFO - Sync 1 DAGs
[2023-12-15T11:50:02.829+0000] {logging_mixin.py:154} INFO - [2023-12-15T11:50:02.828+0000] {dag.py:3722} INFO - Setting next_dagrun for example_kubernetes_executor to None, run_after=None
[2023-12-15T11:50:02.881+0000] {processor.py:179} INFO - Processing /home/airflow/.local/lib/python3.8/site-packages/airflow/example_dags/example_kubernetes_executor.py took 1.374 seconds
[2023-12-15T11:50:33.108+0000] {processor.py:157} INFO - Started process (PID=1407) to work on /home/airflow/.local/lib/python3.8/site-packages/airflow/example_dags/example_kubernetes_executor.py
[2023-12-15T11:50:33.109+0000] {processor.py:829} INFO - Processing file /home/airflow/.local/lib/python3.8/site-packages/airflow/example_dags/example_kubernetes_executor.py for tasks to queue
[2023-12-15T11:50:33.113+0000] {logging_mixin.py:154} INFO - [2023-12-15T11:50:33.112+0000] {dagbag.py:536} INFO - Filling up the DagBag from /home/airflow/.local/lib/python3.8/site-packages/airflow/example_dags/example_kubernetes_executor.py
[2023-12-15T11:50:33.137+0000] {processor.py:839} INFO - DAG(s) dict_keys(['example_kubernetes_executor']) retrieved from /home/airflow/.local/lib/python3.8/site-packages/airflow/example_dags/example_kubernetes_executor.py
[2023-12-15T11:50:33.224+0000] {logging_mixin.py:154} INFO - [2023-12-15T11:50:33.224+0000] {dag.py:2941} INFO - Sync 1 DAGs
[2023-12-15T11:50:33.242+0000] {logging_mixin.py:154} INFO - [2023-12-15T11:50:33.241+0000] {dag.py:3722} INFO - Setting next_dagrun for example_kubernetes_executor to None, run_after=None
[2023-12-15T11:50:33.280+0000] {processor.py:179} INFO - Processing /home/airflow/.local/lib/python3.8/site-packages/airflow/example_dags/example_kubernetes_executor.py took 0.177 seconds
[2023-12-15T11:51:09.543+0000] {processor.py:157} INFO - Started process (PID=1450) to work on /home/airflow/.local/lib/python3.8/site-packages/airflow/example_dags/example_kubernetes_executor.py
[2023-12-15T11:51:09.545+0000] {processor.py:829} INFO - Processing file /home/airflow/.local/lib/python3.8/site-packages/airflow/example_dags/example_kubernetes_executor.py for tasks to queue
[2023-12-15T11:51:09.549+0000] {logging_mixin.py:154} INFO - [2023-12-15T11:51:09.549+0000] {dagbag.py:536} INFO - Filling up the DagBag from /home/airflow/.local/lib/python3.8/site-packages/airflow/example_dags/example_kubernetes_executor.py
[2023-12-15T11:51:09.609+0000] {processor.py:839} INFO - DAG(s) dict_keys(['example_kubernetes_executor']) retrieved from /home/airflow/.local/lib/python3.8/site-packages/airflow/example_dags/example_kubernetes_executor.py
[2023-12-15T11:51:10.230+0000] {logging_mixin.py:154} INFO - [2023-12-15T11:51:10.230+0000] {dag.py:2941} INFO - Sync 1 DAGs
[2023-12-15T11:51:10.260+0000] {logging_mixin.py:154} INFO - [2023-12-15T11:51:10.260+0000] {dag.py:3722} INFO - Setting next_dagrun for example_kubernetes_executor to None, run_after=None
[2023-12-15T11:51:10.313+0000] {processor.py:179} INFO - Processing /home/airflow/.local/lib/python3.8/site-packages/airflow/example_dags/example_kubernetes_executor.py took 0.776 seconds
[2023-12-15T11:51:40.662+0000] {processor.py:157} INFO - Started process (PID=1504) to work on /home/airflow/.local/lib/python3.8/site-packages/airflow/example_dags/example_kubernetes_executor.py
[2023-12-15T11:51:40.665+0000] {processor.py:829} INFO - Processing file /home/airflow/.local/lib/python3.8/site-packages/airflow/example_dags/example_kubernetes_executor.py for tasks to queue
[2023-12-15T11:51:40.669+0000] {logging_mixin.py:154} INFO - [2023-12-15T11:51:40.668+0000] {dagbag.py:536} INFO - Filling up the DagBag from /home/airflow/.local/lib/python3.8/site-packages/airflow/example_dags/example_kubernetes_executor.py
[2023-12-15T11:51:40.794+0000] {processor.py:839} INFO - DAG(s) dict_keys(['example_kubernetes_executor']) retrieved from /home/airflow/.local/lib/python3.8/site-packages/airflow/example_dags/example_kubernetes_executor.py
[2023-12-15T11:51:41.096+0000] {logging_mixin.py:154} INFO - [2023-12-15T11:51:41.094+0000] {dag.py:2941} INFO - Sync 1 DAGs
[2023-12-15T11:51:41.140+0000] {logging_mixin.py:154} INFO - [2023-12-15T11:51:41.140+0000] {dag.py:3722} INFO - Setting next_dagrun for example_kubernetes_executor to None, run_after=None
[2023-12-15T11:51:44.905+0000] {processor.py:179} INFO - Processing /home/airflow/.local/lib/python3.8/site-packages/airflow/example_dags/example_kubernetes_executor.py took 4.247 seconds
[2023-12-15T11:52:22.565+0000] {processor.py:157} INFO - Started process (PID=1558) to work on /home/airflow/.local/lib/python3.8/site-packages/airflow/example_dags/example_kubernetes_executor.py
[2023-12-15T11:52:22.567+0000] {processor.py:829} INFO - Processing file /home/airflow/.local/lib/python3.8/site-packages/airflow/example_dags/example_kubernetes_executor.py for tasks to queue
[2023-12-15T11:52:22.570+0000] {logging_mixin.py:154} INFO - [2023-12-15T11:52:22.570+0000] {dagbag.py:536} INFO - Filling up the DagBag from /home/airflow/.local/lib/python3.8/site-packages/airflow/example_dags/example_kubernetes_executor.py
[2023-12-15T11:52:22.973+0000] {processor.py:839} INFO - DAG(s) dict_keys(['example_kubernetes_executor']) retrieved from /home/airflow/.local/lib/python3.8/site-packages/airflow/example_dags/example_kubernetes_executor.py
[2023-12-15T11:52:23.118+0000] {logging_mixin.py:154} INFO - [2023-12-15T11:52:23.118+0000] {dag.py:2941} INFO - Sync 1 DAGs
[2023-12-15T11:52:23.133+0000] {logging_mixin.py:154} INFO - [2023-12-15T11:52:23.133+0000] {dag.py:3722} INFO - Setting next_dagrun for example_kubernetes_executor to None, run_after=None
[2023-12-15T11:52:23.161+0000] {processor.py:179} INFO - Processing /home/airflow/.local/lib/python3.8/site-packages/airflow/example_dags/example_kubernetes_executor.py took 0.600 seconds
[2023-12-15T11:52:53.250+0000] {processor.py:157} INFO - Started process (PID=1612) to work on /home/airflow/.local/lib/python3.8/site-packages/airflow/example_dags/example_kubernetes_executor.py
[2023-12-15T11:52:53.260+0000] {processor.py:829} INFO - Processing file /home/airflow/.local/lib/python3.8/site-packages/airflow/example_dags/example_kubernetes_executor.py for tasks to queue
[2023-12-15T11:52:53.270+0000] {logging_mixin.py:154} INFO - [2023-12-15T11:52:53.269+0000] {dagbag.py:536} INFO - Filling up the DagBag from /home/airflow/.local/lib/python3.8/site-packages/airflow/example_dags/example_kubernetes_executor.py
[2023-12-15T11:52:53.438+0000] {processor.py:839} INFO - DAG(s) dict_keys(['example_kubernetes_executor']) retrieved from /home/airflow/.local/lib/python3.8/site-packages/airflow/example_dags/example_kubernetes_executor.py
[2023-12-15T11:52:53.837+0000] {logging_mixin.py:154} INFO - [2023-12-15T11:52:53.836+0000] {dag.py:2941} INFO - Sync 1 DAGs
[2023-12-15T11:52:53.935+0000] {logging_mixin.py:154} INFO - [2023-12-15T11:52:53.934+0000] {dag.py:3722} INFO - Setting next_dagrun for example_kubernetes_executor to None, run_after=None
[2023-12-15T11:52:53.993+0000] {processor.py:179} INFO - Processing /home/airflow/.local/lib/python3.8/site-packages/airflow/example_dags/example_kubernetes_executor.py took 0.747 seconds
[2023-12-15T11:53:24.896+0000] {processor.py:157} INFO - Started process (PID=1665) to work on /home/airflow/.local/lib/python3.8/site-packages/airflow/example_dags/example_kubernetes_executor.py
[2023-12-15T11:53:24.900+0000] {processor.py:829} INFO - Processing file /home/airflow/.local/lib/python3.8/site-packages/airflow/example_dags/example_kubernetes_executor.py for tasks to queue
[2023-12-15T11:53:24.917+0000] {logging_mixin.py:154} INFO - [2023-12-15T11:53:24.917+0000] {dagbag.py:536} INFO - Filling up the DagBag from /home/airflow/.local/lib/python3.8/site-packages/airflow/example_dags/example_kubernetes_executor.py
[2023-12-15T11:53:24.997+0000] {processor.py:839} INFO - DAG(s) dict_keys(['example_kubernetes_executor']) retrieved from /home/airflow/.local/lib/python3.8/site-packages/airflow/example_dags/example_kubernetes_executor.py
[2023-12-15T11:53:25.193+0000] {logging_mixin.py:154} INFO - [2023-12-15T11:53:25.193+0000] {dag.py:2941} INFO - Sync 1 DAGs
[2023-12-15T11:53:25.248+0000] {logging_mixin.py:154} INFO - [2023-12-15T11:53:25.248+0000] {dag.py:3722} INFO - Setting next_dagrun for example_kubernetes_executor to None, run_after=None
[2023-12-15T11:53:25.299+0000] {processor.py:179} INFO - Processing /home/airflow/.local/lib/python3.8/site-packages/airflow/example_dags/example_kubernetes_executor.py took 0.415 seconds
[2023-12-15T11:53:55.739+0000] {processor.py:157} INFO - Started process (PID=1719) to work on /home/airflow/.local/lib/python3.8/site-packages/airflow/example_dags/example_kubernetes_executor.py
[2023-12-15T11:53:55.748+0000] {processor.py:829} INFO - Processing file /home/airflow/.local/lib/python3.8/site-packages/airflow/example_dags/example_kubernetes_executor.py for tasks to queue
[2023-12-15T11:53:55.761+0000] {logging_mixin.py:154} INFO - [2023-12-15T11:53:55.760+0000] {dagbag.py:536} INFO - Filling up the DagBag from /home/airflow/.local/lib/python3.8/site-packages/airflow/example_dags/example_kubernetes_executor.py
[2023-12-15T11:53:55.817+0000] {processor.py:839} INFO - DAG(s) dict_keys(['example_kubernetes_executor']) retrieved from /home/airflow/.local/lib/python3.8/site-packages/airflow/example_dags/example_kubernetes_executor.py
[2023-12-15T11:53:56.098+0000] {logging_mixin.py:154} INFO - [2023-12-15T11:53:56.097+0000] {dag.py:2941} INFO - Sync 1 DAGs
[2023-12-15T11:53:56.174+0000] {logging_mixin.py:154} INFO - [2023-12-15T11:53:56.174+0000] {dag.py:3722} INFO - Setting next_dagrun for example_kubernetes_executor to None, run_after=None
[2023-12-15T11:53:56.215+0000] {processor.py:179} INFO - Processing /home/airflow/.local/lib/python3.8/site-packages/airflow/example_dags/example_kubernetes_executor.py took 0.490 seconds
[2023-12-15T11:54:26.934+0000] {processor.py:157} INFO - Started process (PID=1773) to work on /home/airflow/.local/lib/python3.8/site-packages/airflow/example_dags/example_kubernetes_executor.py
[2023-12-15T11:54:26.946+0000] {processor.py:829} INFO - Processing file /home/airflow/.local/lib/python3.8/site-packages/airflow/example_dags/example_kubernetes_executor.py for tasks to queue
[2023-12-15T11:54:26.988+0000] {logging_mixin.py:154} INFO - [2023-12-15T11:54:26.987+0000] {dagbag.py:536} INFO - Filling up the DagBag from /home/airflow/.local/lib/python3.8/site-packages/airflow/example_dags/example_kubernetes_executor.py
[2023-12-15T11:54:27.190+0000] {processor.py:839} INFO - DAG(s) dict_keys(['example_kubernetes_executor']) retrieved from /home/airflow/.local/lib/python3.8/site-packages/airflow/example_dags/example_kubernetes_executor.py
[2023-12-15T11:54:27.463+0000] {logging_mixin.py:154} INFO - [2023-12-15T11:54:27.463+0000] {dag.py:2941} INFO - Sync 1 DAGs
[2023-12-15T11:54:27.496+0000] {logging_mixin.py:154} INFO - [2023-12-15T11:54:27.496+0000] {dag.py:3722} INFO - Setting next_dagrun for example_kubernetes_executor to None, run_after=None
[2023-12-15T11:54:27.544+0000] {processor.py:179} INFO - Processing /home/airflow/.local/lib/python3.8/site-packages/airflow/example_dags/example_kubernetes_executor.py took 0.629 seconds
[2023-12-15T11:54:58.314+0000] {processor.py:157} INFO - Started process (PID=1827) to work on /home/airflow/.local/lib/python3.8/site-packages/airflow/example_dags/example_kubernetes_executor.py
[2023-12-15T11:54:58.328+0000] {processor.py:829} INFO - Processing file /home/airflow/.local/lib/python3.8/site-packages/airflow/example_dags/example_kubernetes_executor.py for tasks to queue
[2023-12-15T11:54:58.360+0000] {logging_mixin.py:154} INFO - [2023-12-15T11:54:58.353+0000] {dagbag.py:536} INFO - Filling up the DagBag from /home/airflow/.local/lib/python3.8/site-packages/airflow/example_dags/example_kubernetes_executor.py
[2023-12-15T11:54:58.471+0000] {processor.py:839} INFO - DAG(s) dict_keys(['example_kubernetes_executor']) retrieved from /home/airflow/.local/lib/python3.8/site-packages/airflow/example_dags/example_kubernetes_executor.py
[2023-12-15T11:54:58.683+0000] {logging_mixin.py:154} INFO - [2023-12-15T11:54:58.682+0000] {dag.py:2941} INFO - Sync 1 DAGs
[2023-12-15T11:54:58.712+0000] {logging_mixin.py:154} INFO - [2023-12-15T11:54:58.712+0000] {dag.py:3722} INFO - Setting next_dagrun for example_kubernetes_executor to None, run_after=None
[2023-12-15T11:54:58.731+0000] {processor.py:179} INFO - Processing /home/airflow/.local/lib/python3.8/site-packages/airflow/example_dags/example_kubernetes_executor.py took 0.429 seconds
[2023-12-15T11:55:29.110+0000] {processor.py:157} INFO - Started process (PID=1881) to work on /home/airflow/.local/lib/python3.8/site-packages/airflow/example_dags/example_kubernetes_executor.py
[2023-12-15T11:55:29.135+0000] {processor.py:829} INFO - Processing file /home/airflow/.local/lib/python3.8/site-packages/airflow/example_dags/example_kubernetes_executor.py for tasks to queue
[2023-12-15T11:55:29.141+0000] {logging_mixin.py:154} INFO - [2023-12-15T11:55:29.140+0000] {dagbag.py:536} INFO - Filling up the DagBag from /home/airflow/.local/lib/python3.8/site-packages/airflow/example_dags/example_kubernetes_executor.py
[2023-12-15T11:55:29.250+0000] {processor.py:839} INFO - DAG(s) dict_keys(['example_kubernetes_executor']) retrieved from /home/airflow/.local/lib/python3.8/site-packages/airflow/example_dags/example_kubernetes_executor.py
[2023-12-15T11:55:29.456+0000] {logging_mixin.py:154} INFO - [2023-12-15T11:55:29.456+0000] {dag.py:2941} INFO - Sync 1 DAGs
[2023-12-15T11:55:29.543+0000] {logging_mixin.py:154} INFO - [2023-12-15T11:55:29.542+0000] {dag.py:3722} INFO - Setting next_dagrun for example_kubernetes_executor to None, run_after=None
[2023-12-15T11:55:29.619+0000] {processor.py:179} INFO - Processing /home/airflow/.local/lib/python3.8/site-packages/airflow/example_dags/example_kubernetes_executor.py took 0.518 seconds
[2023-12-15T11:55:59.746+0000] {processor.py:157} INFO - Started process (PID=1936) to work on /home/airflow/.local/lib/python3.8/site-packages/airflow/example_dags/example_kubernetes_executor.py
[2023-12-15T11:55:59.749+0000] {processor.py:829} INFO - Processing file /home/airflow/.local/lib/python3.8/site-packages/airflow/example_dags/example_kubernetes_executor.py for tasks to queue
[2023-12-15T11:55:59.753+0000] {logging_mixin.py:154} INFO - [2023-12-15T11:55:59.753+0000] {dagbag.py:536} INFO - Filling up the DagBag from /home/airflow/.local/lib/python3.8/site-packages/airflow/example_dags/example_kubernetes_executor.py
[2023-12-15T11:55:59.818+0000] {processor.py:839} INFO - DAG(s) dict_keys(['example_kubernetes_executor']) retrieved from /home/airflow/.local/lib/python3.8/site-packages/airflow/example_dags/example_kubernetes_executor.py
[2023-12-15T11:56:00.023+0000] {logging_mixin.py:154} INFO - [2023-12-15T11:56:00.020+0000] {dag.py:2941} INFO - Sync 1 DAGs
[2023-12-15T11:56:00.074+0000] {logging_mixin.py:154} INFO - [2023-12-15T11:56:00.074+0000] {dag.py:3722} INFO - Setting next_dagrun for example_kubernetes_executor to None, run_after=None
[2023-12-15T11:56:00.155+0000] {processor.py:179} INFO - Processing /home/airflow/.local/lib/python3.8/site-packages/airflow/example_dags/example_kubernetes_executor.py took 0.414 seconds
[2023-12-15T11:56:30.464+0000] {processor.py:157} INFO - Started process (PID=1989) to work on /home/airflow/.local/lib/python3.8/site-packages/airflow/example_dags/example_kubernetes_executor.py
[2023-12-15T11:56:30.468+0000] {processor.py:829} INFO - Processing file /home/airflow/.local/lib/python3.8/site-packages/airflow/example_dags/example_kubernetes_executor.py for tasks to queue
[2023-12-15T11:56:30.481+0000] {logging_mixin.py:154} INFO - [2023-12-15T11:56:30.479+0000] {dagbag.py:536} INFO - Filling up the DagBag from /home/airflow/.local/lib/python3.8/site-packages/airflow/example_dags/example_kubernetes_executor.py
[2023-12-15T11:56:30.592+0000] {processor.py:839} INFO - DAG(s) dict_keys(['example_kubernetes_executor']) retrieved from /home/airflow/.local/lib/python3.8/site-packages/airflow/example_dags/example_kubernetes_executor.py
[2023-12-15T11:56:30.707+0000] {logging_mixin.py:154} INFO - [2023-12-15T11:56:30.707+0000] {dag.py:2941} INFO - Sync 1 DAGs
[2023-12-15T11:56:30.716+0000] {logging_mixin.py:154} INFO - [2023-12-15T11:56:30.716+0000] {dag.py:3722} INFO - Setting next_dagrun for example_kubernetes_executor to None, run_after=None
[2023-12-15T11:56:30.734+0000] {processor.py:179} INFO - Processing /home/airflow/.local/lib/python3.8/site-packages/airflow/example_dags/example_kubernetes_executor.py took 0.291 seconds
[2023-12-15T11:57:00.808+0000] {processor.py:157} INFO - Started process (PID=2043) to work on /home/airflow/.local/lib/python3.8/site-packages/airflow/example_dags/example_kubernetes_executor.py
[2023-12-15T11:57:00.816+0000] {processor.py:829} INFO - Processing file /home/airflow/.local/lib/python3.8/site-packages/airflow/example_dags/example_kubernetes_executor.py for tasks to queue
[2023-12-15T11:57:00.833+0000] {logging_mixin.py:154} INFO - [2023-12-15T11:57:00.832+0000] {dagbag.py:536} INFO - Filling up the DagBag from /home/airflow/.local/lib/python3.8/site-packages/airflow/example_dags/example_kubernetes_executor.py
[2023-12-15T11:57:00.912+0000] {processor.py:839} INFO - DAG(s) dict_keys(['example_kubernetes_executor']) retrieved from /home/airflow/.local/lib/python3.8/site-packages/airflow/example_dags/example_kubernetes_executor.py
[2023-12-15T11:57:00.987+0000] {logging_mixin.py:154} INFO - [2023-12-15T11:57:00.987+0000] {dag.py:2941} INFO - Sync 1 DAGs
[2023-12-15T11:57:01.010+0000] {logging_mixin.py:154} INFO - [2023-12-15T11:57:01.010+0000] {dag.py:3722} INFO - Setting next_dagrun for example_kubernetes_executor to None, run_after=None
[2023-12-15T11:57:01.031+0000] {processor.py:179} INFO - Processing /home/airflow/.local/lib/python3.8/site-packages/airflow/example_dags/example_kubernetes_executor.py took 0.232 seconds
[2023-12-15T11:57:31.775+0000] {processor.py:157} INFO - Started process (PID=2098) to work on /home/airflow/.local/lib/python3.8/site-packages/airflow/example_dags/example_kubernetes_executor.py
[2023-12-15T11:57:31.781+0000] {processor.py:829} INFO - Processing file /home/airflow/.local/lib/python3.8/site-packages/airflow/example_dags/example_kubernetes_executor.py for tasks to queue
[2023-12-15T11:57:31.788+0000] {logging_mixin.py:154} INFO - [2023-12-15T11:57:31.786+0000] {dagbag.py:536} INFO - Filling up the DagBag from /home/airflow/.local/lib/python3.8/site-packages/airflow/example_dags/example_kubernetes_executor.py
[2023-12-15T11:57:31.876+0000] {processor.py:839} INFO - DAG(s) dict_keys(['example_kubernetes_executor']) retrieved from /home/airflow/.local/lib/python3.8/site-packages/airflow/example_dags/example_kubernetes_executor.py
[2023-12-15T11:57:32.083+0000] {logging_mixin.py:154} INFO - [2023-12-15T11:57:32.082+0000] {dag.py:2941} INFO - Sync 1 DAGs
[2023-12-15T11:57:32.111+0000] {logging_mixin.py:154} INFO - [2023-12-15T11:57:32.111+0000] {dag.py:3722} INFO - Setting next_dagrun for example_kubernetes_executor to None, run_after=None
[2023-12-15T11:57:32.153+0000] {processor.py:179} INFO - Processing /home/airflow/.local/lib/python3.8/site-packages/airflow/example_dags/example_kubernetes_executor.py took 0.391 seconds
[2023-12-15T11:58:02.833+0000] {processor.py:157} INFO - Started process (PID=2150) to work on /home/airflow/.local/lib/python3.8/site-packages/airflow/example_dags/example_kubernetes_executor.py
[2023-12-15T11:58:02.836+0000] {processor.py:829} INFO - Processing file /home/airflow/.local/lib/python3.8/site-packages/airflow/example_dags/example_kubernetes_executor.py for tasks to queue
[2023-12-15T11:58:02.841+0000] {logging_mixin.py:154} INFO - [2023-12-15T11:58:02.841+0000] {dagbag.py:536} INFO - Filling up the DagBag from /home/airflow/.local/lib/python3.8/site-packages/airflow/example_dags/example_kubernetes_executor.py
[2023-12-15T11:58:02.866+0000] {processor.py:839} INFO - DAG(s) dict_keys(['example_kubernetes_executor']) retrieved from /home/airflow/.local/lib/python3.8/site-packages/airflow/example_dags/example_kubernetes_executor.py
[2023-12-15T11:58:02.976+0000] {logging_mixin.py:154} INFO - [2023-12-15T11:58:02.975+0000] {dag.py:2941} INFO - Sync 1 DAGs
[2023-12-15T11:58:03.008+0000] {logging_mixin.py:154} INFO - [2023-12-15T11:58:03.008+0000] {dag.py:3722} INFO - Setting next_dagrun for example_kubernetes_executor to None, run_after=None
[2023-12-15T11:58:03.052+0000] {processor.py:179} INFO - Processing /home/airflow/.local/lib/python3.8/site-packages/airflow/example_dags/example_kubernetes_executor.py took 0.235 seconds
[2023-12-15T11:58:33.387+0000] {processor.py:157} INFO - Started process (PID=2204) to work on /home/airflow/.local/lib/python3.8/site-packages/airflow/example_dags/example_kubernetes_executor.py
[2023-12-15T11:58:33.390+0000] {processor.py:829} INFO - Processing file /home/airflow/.local/lib/python3.8/site-packages/airflow/example_dags/example_kubernetes_executor.py for tasks to queue
[2023-12-15T11:58:33.393+0000] {logging_mixin.py:154} INFO - [2023-12-15T11:58:33.393+0000] {dagbag.py:536} INFO - Filling up the DagBag from /home/airflow/.local/lib/python3.8/site-packages/airflow/example_dags/example_kubernetes_executor.py
[2023-12-15T11:58:33.432+0000] {processor.py:839} INFO - DAG(s) dict_keys(['example_kubernetes_executor']) retrieved from /home/airflow/.local/lib/python3.8/site-packages/airflow/example_dags/example_kubernetes_executor.py
[2023-12-15T11:58:33.554+0000] {logging_mixin.py:154} INFO - [2023-12-15T11:58:33.554+0000] {dag.py:2941} INFO - Sync 1 DAGs
[2023-12-15T11:58:33.586+0000] {logging_mixin.py:154} INFO - [2023-12-15T11:58:33.586+0000] {dag.py:3722} INFO - Setting next_dagrun for example_kubernetes_executor to None, run_after=None
[2023-12-15T11:58:33.609+0000] {processor.py:179} INFO - Processing /home/airflow/.local/lib/python3.8/site-packages/airflow/example_dags/example_kubernetes_executor.py took 0.237 seconds
[2023-12-15T11:59:03.989+0000] {processor.py:157} INFO - Started process (PID=2257) to work on /home/airflow/.local/lib/python3.8/site-packages/airflow/example_dags/example_kubernetes_executor.py
[2023-12-15T11:59:03.991+0000] {processor.py:829} INFO - Processing file /home/airflow/.local/lib/python3.8/site-packages/airflow/example_dags/example_kubernetes_executor.py for tasks to queue
[2023-12-15T11:59:03.995+0000] {logging_mixin.py:154} INFO - [2023-12-15T11:59:03.994+0000] {dagbag.py:536} INFO - Filling up the DagBag from /home/airflow/.local/lib/python3.8/site-packages/airflow/example_dags/example_kubernetes_executor.py
[2023-12-15T11:59:04.027+0000] {processor.py:839} INFO - DAG(s) dict_keys(['example_kubernetes_executor']) retrieved from /home/airflow/.local/lib/python3.8/site-packages/airflow/example_dags/example_kubernetes_executor.py
[2023-12-15T11:59:04.086+0000] {logging_mixin.py:154} INFO - [2023-12-15T11:59:04.086+0000] {dag.py:2941} INFO - Sync 1 DAGs
[2023-12-15T11:59:04.097+0000] {logging_mixin.py:154} INFO - [2023-12-15T11:59:04.097+0000] {dag.py:3722} INFO - Setting next_dagrun for example_kubernetes_executor to None, run_after=None
[2023-12-15T11:59:04.116+0000] {processor.py:179} INFO - Processing /home/airflow/.local/lib/python3.8/site-packages/airflow/example_dags/example_kubernetes_executor.py took 0.132 seconds
[2023-12-15T11:59:34.301+0000] {processor.py:157} INFO - Started process (PID=2311) to work on /home/airflow/.local/lib/python3.8/site-packages/airflow/example_dags/example_kubernetes_executor.py
[2023-12-15T11:59:34.302+0000] {processor.py:829} INFO - Processing file /home/airflow/.local/lib/python3.8/site-packages/airflow/example_dags/example_kubernetes_executor.py for tasks to queue
[2023-12-15T11:59:34.305+0000] {logging_mixin.py:154} INFO - [2023-12-15T11:59:34.305+0000] {dagbag.py:536} INFO - Filling up the DagBag from /home/airflow/.local/lib/python3.8/site-packages/airflow/example_dags/example_kubernetes_executor.py
[2023-12-15T11:59:34.324+0000] {processor.py:839} INFO - DAG(s) dict_keys(['example_kubernetes_executor']) retrieved from /home/airflow/.local/lib/python3.8/site-packages/airflow/example_dags/example_kubernetes_executor.py
[2023-12-15T11:59:34.358+0000] {logging_mixin.py:154} INFO - [2023-12-15T11:59:34.357+0000] {dag.py:2941} INFO - Sync 1 DAGs
[2023-12-15T11:59:34.369+0000] {logging_mixin.py:154} INFO - [2023-12-15T11:59:34.369+0000] {dag.py:3722} INFO - Setting next_dagrun for example_kubernetes_executor to None, run_after=None
[2023-12-15T11:59:34.400+0000] {processor.py:179} INFO - Processing /home/airflow/.local/lib/python3.8/site-packages/airflow/example_dags/example_kubernetes_executor.py took 0.103 seconds
[2023-12-15T12:00:04.963+0000] {processor.py:157} INFO - Started process (PID=2364) to work on /home/airflow/.local/lib/python3.8/site-packages/airflow/example_dags/example_kubernetes_executor.py
[2023-12-15T12:00:04.966+0000] {processor.py:829} INFO - Processing file /home/airflow/.local/lib/python3.8/site-packages/airflow/example_dags/example_kubernetes_executor.py for tasks to queue
[2023-12-15T12:00:04.985+0000] {logging_mixin.py:154} INFO - [2023-12-15T12:00:04.984+0000] {dagbag.py:536} INFO - Filling up the DagBag from /home/airflow/.local/lib/python3.8/site-packages/airflow/example_dags/example_kubernetes_executor.py
[2023-12-15T12:00:05.052+0000] {processor.py:839} INFO - DAG(s) dict_keys(['example_kubernetes_executor']) retrieved from /home/airflow/.local/lib/python3.8/site-packages/airflow/example_dags/example_kubernetes_executor.py
[2023-12-15T12:00:05.228+0000] {logging_mixin.py:154} INFO - [2023-12-15T12:00:05.228+0000] {dag.py:2941} INFO - Sync 1 DAGs
[2023-12-15T12:00:05.264+0000] {logging_mixin.py:154} INFO - [2023-12-15T12:00:05.264+0000] {dag.py:3722} INFO - Setting next_dagrun for example_kubernetes_executor to None, run_after=None
[2023-12-15T12:00:05.291+0000] {processor.py:179} INFO - Processing /home/airflow/.local/lib/python3.8/site-packages/airflow/example_dags/example_kubernetes_executor.py took 0.341 seconds
[2023-12-15T12:00:36.139+0000] {processor.py:157} INFO - Started process (PID=2418) to work on /home/airflow/.local/lib/python3.8/site-packages/airflow/example_dags/example_kubernetes_executor.py
[2023-12-15T12:00:36.148+0000] {processor.py:829} INFO - Processing file /home/airflow/.local/lib/python3.8/site-packages/airflow/example_dags/example_kubernetes_executor.py for tasks to queue
[2023-12-15T12:00:36.169+0000] {logging_mixin.py:154} INFO - [2023-12-15T12:00:36.168+0000] {dagbag.py:536} INFO - Filling up the DagBag from /home/airflow/.local/lib/python3.8/site-packages/airflow/example_dags/example_kubernetes_executor.py
[2023-12-15T12:00:36.299+0000] {processor.py:839} INFO - DAG(s) dict_keys(['example_kubernetes_executor']) retrieved from /home/airflow/.local/lib/python3.8/site-packages/airflow/example_dags/example_kubernetes_executor.py
[2023-12-15T12:00:36.688+0000] {logging_mixin.py:154} INFO - [2023-12-15T12:00:36.688+0000] {dag.py:2941} INFO - Sync 1 DAGs
[2023-12-15T12:00:36.734+0000] {logging_mixin.py:154} INFO - [2023-12-15T12:00:36.733+0000] {dag.py:3722} INFO - Setting next_dagrun for example_kubernetes_executor to None, run_after=None
[2023-12-15T12:00:36.794+0000] {processor.py:179} INFO - Processing /home/airflow/.local/lib/python3.8/site-packages/airflow/example_dags/example_kubernetes_executor.py took 0.668 seconds
[2023-12-15T12:01:07.203+0000] {processor.py:157} INFO - Started process (PID=2472) to work on /home/airflow/.local/lib/python3.8/site-packages/airflow/example_dags/example_kubernetes_executor.py
[2023-12-15T12:01:07.218+0000] {processor.py:829} INFO - Processing file /home/airflow/.local/lib/python3.8/site-packages/airflow/example_dags/example_kubernetes_executor.py for tasks to queue
[2023-12-15T12:01:07.236+0000] {logging_mixin.py:154} INFO - [2023-12-15T12:01:07.235+0000] {dagbag.py:536} INFO - Filling up the DagBag from /home/airflow/.local/lib/python3.8/site-packages/airflow/example_dags/example_kubernetes_executor.py
[2023-12-15T12:01:07.401+0000] {processor.py:839} INFO - DAG(s) dict_keys(['example_kubernetes_executor']) retrieved from /home/airflow/.local/lib/python3.8/site-packages/airflow/example_dags/example_kubernetes_executor.py
[2023-12-15T12:01:07.850+0000] {logging_mixin.py:154} INFO - [2023-12-15T12:01:07.850+0000] {dag.py:2941} INFO - Sync 1 DAGs
[2023-12-15T12:01:07.872+0000] {logging_mixin.py:154} INFO - [2023-12-15T12:01:07.871+0000] {dag.py:3722} INFO - Setting next_dagrun for example_kubernetes_executor to None, run_after=None
[2023-12-15T12:01:07.981+0000] {processor.py:179} INFO - Processing /home/airflow/.local/lib/python3.8/site-packages/airflow/example_dags/example_kubernetes_executor.py took 0.794 seconds
[2023-12-15T12:01:38.287+0000] {processor.py:157} INFO - Started process (PID=2527) to work on /home/airflow/.local/lib/python3.8/site-packages/airflow/example_dags/example_kubernetes_executor.py
[2023-12-15T12:01:38.290+0000] {processor.py:829} INFO - Processing file /home/airflow/.local/lib/python3.8/site-packages/airflow/example_dags/example_kubernetes_executor.py for tasks to queue
[2023-12-15T12:01:38.293+0000] {logging_mixin.py:154} INFO - [2023-12-15T12:01:38.292+0000] {dagbag.py:536} INFO - Filling up the DagBag from /home/airflow/.local/lib/python3.8/site-packages/airflow/example_dags/example_kubernetes_executor.py
[2023-12-15T12:01:38.353+0000] {processor.py:839} INFO - DAG(s) dict_keys(['example_kubernetes_executor']) retrieved from /home/airflow/.local/lib/python3.8/site-packages/airflow/example_dags/example_kubernetes_executor.py
[2023-12-15T12:01:38.605+0000] {logging_mixin.py:154} INFO - [2023-12-15T12:01:38.605+0000] {dag.py:2941} INFO - Sync 1 DAGs
[2023-12-15T12:01:38.718+0000] {logging_mixin.py:154} INFO - [2023-12-15T12:01:38.718+0000] {dag.py:3722} INFO - Setting next_dagrun for example_kubernetes_executor to None, run_after=None
[2023-12-15T12:01:38.807+0000] {processor.py:179} INFO - Processing /home/airflow/.local/lib/python3.8/site-packages/airflow/example_dags/example_kubernetes_executor.py took 0.526 seconds
[2023-12-15T12:02:08.956+0000] {processor.py:157} INFO - Started process (PID=2580) to work on /home/airflow/.local/lib/python3.8/site-packages/airflow/example_dags/example_kubernetes_executor.py
[2023-12-15T12:02:08.961+0000] {processor.py:829} INFO - Processing file /home/airflow/.local/lib/python3.8/site-packages/airflow/example_dags/example_kubernetes_executor.py for tasks to queue
[2023-12-15T12:02:08.972+0000] {logging_mixin.py:154} INFO - [2023-12-15T12:02:08.971+0000] {dagbag.py:536} INFO - Filling up the DagBag from /home/airflow/.local/lib/python3.8/site-packages/airflow/example_dags/example_kubernetes_executor.py
[2023-12-15T12:02:09.047+0000] {processor.py:839} INFO - DAG(s) dict_keys(['example_kubernetes_executor']) retrieved from /home/airflow/.local/lib/python3.8/site-packages/airflow/example_dags/example_kubernetes_executor.py
[2023-12-15T12:02:09.255+0000] {logging_mixin.py:154} INFO - [2023-12-15T12:02:09.255+0000] {dag.py:2941} INFO - Sync 1 DAGs
[2023-12-15T12:02:09.376+0000] {logging_mixin.py:154} INFO - [2023-12-15T12:02:09.376+0000] {dag.py:3722} INFO - Setting next_dagrun for example_kubernetes_executor to None, run_after=None
[2023-12-15T12:02:09.481+0000] {processor.py:179} INFO - Processing /home/airflow/.local/lib/python3.8/site-packages/airflow/example_dags/example_kubernetes_executor.py took 0.549 seconds
[2023-12-15T12:02:40.008+0000] {processor.py:157} INFO - Started process (PID=2634) to work on /home/airflow/.local/lib/python3.8/site-packages/airflow/example_dags/example_kubernetes_executor.py
[2023-12-15T12:02:40.013+0000] {processor.py:829} INFO - Processing file /home/airflow/.local/lib/python3.8/site-packages/airflow/example_dags/example_kubernetes_executor.py for tasks to queue
[2023-12-15T12:02:40.027+0000] {logging_mixin.py:154} INFO - [2023-12-15T12:02:40.023+0000] {dagbag.py:536} INFO - Filling up the DagBag from /home/airflow/.local/lib/python3.8/site-packages/airflow/example_dags/example_kubernetes_executor.py
[2023-12-15T12:02:40.127+0000] {processor.py:839} INFO - DAG(s) dict_keys(['example_kubernetes_executor']) retrieved from /home/airflow/.local/lib/python3.8/site-packages/airflow/example_dags/example_kubernetes_executor.py
[2023-12-15T12:02:40.349+0000] {logging_mixin.py:154} INFO - [2023-12-15T12:02:40.349+0000] {dag.py:2941} INFO - Sync 1 DAGs
[2023-12-15T12:02:40.454+0000] {logging_mixin.py:154} INFO - [2023-12-15T12:02:40.454+0000] {dag.py:3722} INFO - Setting next_dagrun for example_kubernetes_executor to None, run_after=None
[2023-12-15T12:02:40.625+0000] {processor.py:179} INFO - Processing /home/airflow/.local/lib/python3.8/site-packages/airflow/example_dags/example_kubernetes_executor.py took 0.647 seconds
[2023-12-15T12:03:11.297+0000] {processor.py:157} INFO - Started process (PID=2688) to work on /home/airflow/.local/lib/python3.8/site-packages/airflow/example_dags/example_kubernetes_executor.py
[2023-12-15T12:03:11.301+0000] {processor.py:829} INFO - Processing file /home/airflow/.local/lib/python3.8/site-packages/airflow/example_dags/example_kubernetes_executor.py for tasks to queue
[2023-12-15T12:03:11.308+0000] {logging_mixin.py:154} INFO - [2023-12-15T12:03:11.306+0000] {dagbag.py:536} INFO - Filling up the DagBag from /home/airflow/.local/lib/python3.8/site-packages/airflow/example_dags/example_kubernetes_executor.py
[2023-12-15T12:03:11.431+0000] {processor.py:839} INFO - DAG(s) dict_keys(['example_kubernetes_executor']) retrieved from /home/airflow/.local/lib/python3.8/site-packages/airflow/example_dags/example_kubernetes_executor.py
[2023-12-15T12:03:11.598+0000] {logging_mixin.py:154} INFO - [2023-12-15T12:03:11.597+0000] {dag.py:2941} INFO - Sync 1 DAGs
[2023-12-15T12:03:11.621+0000] {logging_mixin.py:154} INFO - [2023-12-15T12:03:11.620+0000] {dag.py:3722} INFO - Setting next_dagrun for example_kubernetes_executor to None, run_after=None
[2023-12-15T12:03:11.651+0000] {processor.py:179} INFO - Processing /home/airflow/.local/lib/python3.8/site-packages/airflow/example_dags/example_kubernetes_executor.py took 0.375 seconds
[2023-12-15T12:03:42.334+0000] {processor.py:157} INFO - Started process (PID=2742) to work on /home/airflow/.local/lib/python3.8/site-packages/airflow/example_dags/example_kubernetes_executor.py
[2023-12-15T12:03:42.365+0000] {processor.py:829} INFO - Processing file /home/airflow/.local/lib/python3.8/site-packages/airflow/example_dags/example_kubernetes_executor.py for tasks to queue
[2023-12-15T12:03:42.377+0000] {logging_mixin.py:154} INFO - [2023-12-15T12:03:42.377+0000] {dagbag.py:536} INFO - Filling up the DagBag from /home/airflow/.local/lib/python3.8/site-packages/airflow/example_dags/example_kubernetes_executor.py
[2023-12-15T12:03:42.552+0000] {processor.py:839} INFO - DAG(s) dict_keys(['example_kubernetes_executor']) retrieved from /home/airflow/.local/lib/python3.8/site-packages/airflow/example_dags/example_kubernetes_executor.py
[2023-12-15T12:03:42.868+0000] {logging_mixin.py:154} INFO - [2023-12-15T12:03:42.867+0000] {dag.py:2941} INFO - Sync 1 DAGs
[2023-12-15T12:03:42.884+0000] {logging_mixin.py:154} INFO - [2023-12-15T12:03:42.884+0000] {dag.py:3722} INFO - Setting next_dagrun for example_kubernetes_executor to None, run_after=None
[2023-12-15T12:03:42.945+0000] {processor.py:179} INFO - Processing /home/airflow/.local/lib/python3.8/site-packages/airflow/example_dags/example_kubernetes_executor.py took 0.622 seconds
[2023-12-15T12:04:13.361+0000] {processor.py:157} INFO - Started process (PID=2796) to work on /home/airflow/.local/lib/python3.8/site-packages/airflow/example_dags/example_kubernetes_executor.py
[2023-12-15T12:04:13.369+0000] {processor.py:829} INFO - Processing file /home/airflow/.local/lib/python3.8/site-packages/airflow/example_dags/example_kubernetes_executor.py for tasks to queue
[2023-12-15T12:04:13.371+0000] {logging_mixin.py:154} INFO - [2023-12-15T12:04:13.371+0000] {dagbag.py:536} INFO - Filling up the DagBag from /home/airflow/.local/lib/python3.8/site-packages/airflow/example_dags/example_kubernetes_executor.py
[2023-12-15T12:04:13.448+0000] {processor.py:839} INFO - DAG(s) dict_keys(['example_kubernetes_executor']) retrieved from /home/airflow/.local/lib/python3.8/site-packages/airflow/example_dags/example_kubernetes_executor.py
[2023-12-15T12:04:13.586+0000] {logging_mixin.py:154} INFO - [2023-12-15T12:04:13.585+0000] {dag.py:2941} INFO - Sync 1 DAGs
[2023-12-15T12:04:13.613+0000] {logging_mixin.py:154} INFO - [2023-12-15T12:04:13.612+0000] {dag.py:3722} INFO - Setting next_dagrun for example_kubernetes_executor to None, run_after=None
[2023-12-15T12:04:13.638+0000] {processor.py:179} INFO - Processing /home/airflow/.local/lib/python3.8/site-packages/airflow/example_dags/example_kubernetes_executor.py took 0.284 seconds
[2023-12-15T12:04:44.003+0000] {processor.py:157} INFO - Started process (PID=2849) to work on /home/airflow/.local/lib/python3.8/site-packages/airflow/example_dags/example_kubernetes_executor.py
[2023-12-15T12:04:44.010+0000] {processor.py:829} INFO - Processing file /home/airflow/.local/lib/python3.8/site-packages/airflow/example_dags/example_kubernetes_executor.py for tasks to queue
[2023-12-15T12:04:44.018+0000] {logging_mixin.py:154} INFO - [2023-12-15T12:04:44.015+0000] {dagbag.py:536} INFO - Filling up the DagBag from /home/airflow/.local/lib/python3.8/site-packages/airflow/example_dags/example_kubernetes_executor.py
[2023-12-15T12:04:44.106+0000] {processor.py:839} INFO - DAG(s) dict_keys(['example_kubernetes_executor']) retrieved from /home/airflow/.local/lib/python3.8/site-packages/airflow/example_dags/example_kubernetes_executor.py
[2023-12-15T12:04:44.356+0000] {logging_mixin.py:154} INFO - [2023-12-15T12:04:44.356+0000] {dag.py:2941} INFO - Sync 1 DAGs
[2023-12-15T12:04:44.444+0000] {logging_mixin.py:154} INFO - [2023-12-15T12:04:44.443+0000] {dag.py:3722} INFO - Setting next_dagrun for example_kubernetes_executor to None, run_after=None
[2023-12-15T12:04:44.546+0000] {processor.py:179} INFO - Processing /home/airflow/.local/lib/python3.8/site-packages/airflow/example_dags/example_kubernetes_executor.py took 0.556 seconds
[2023-12-15T12:05:14.731+0000] {processor.py:157} INFO - Started process (PID=2903) to work on /home/airflow/.local/lib/python3.8/site-packages/airflow/example_dags/example_kubernetes_executor.py
[2023-12-15T12:05:14.734+0000] {processor.py:829} INFO - Processing file /home/airflow/.local/lib/python3.8/site-packages/airflow/example_dags/example_kubernetes_executor.py for tasks to queue
[2023-12-15T12:05:14.736+0000] {logging_mixin.py:154} INFO - [2023-12-15T12:05:14.736+0000] {dagbag.py:536} INFO - Filling up the DagBag from /home/airflow/.local/lib/python3.8/site-packages/airflow/example_dags/example_kubernetes_executor.py
[2023-12-15T12:05:14.881+0000] {processor.py:839} INFO - DAG(s) dict_keys(['example_kubernetes_executor']) retrieved from /home/airflow/.local/lib/python3.8/site-packages/airflow/example_dags/example_kubernetes_executor.py
[2023-12-15T12:05:15.020+0000] {logging_mixin.py:154} INFO - [2023-12-15T12:05:15.020+0000] {dag.py:2941} INFO - Sync 1 DAGs
[2023-12-15T12:05:15.063+0000] {logging_mixin.py:154} INFO - [2023-12-15T12:05:15.062+0000] {dag.py:3722} INFO - Setting next_dagrun for example_kubernetes_executor to None, run_after=None
[2023-12-15T12:05:15.097+0000] {processor.py:179} INFO - Processing /home/airflow/.local/lib/python3.8/site-packages/airflow/example_dags/example_kubernetes_executor.py took 0.372 seconds
[2023-12-15T12:05:45.447+0000] {processor.py:157} INFO - Started process (PID=2953) to work on /home/airflow/.local/lib/python3.8/site-packages/airflow/example_dags/example_kubernetes_executor.py
[2023-12-15T12:05:45.469+0000] {processor.py:829} INFO - Processing file /home/airflow/.local/lib/python3.8/site-packages/airflow/example_dags/example_kubernetes_executor.py for tasks to queue
[2023-12-15T12:05:45.480+0000] {logging_mixin.py:154} INFO - [2023-12-15T12:05:45.479+0000] {dagbag.py:536} INFO - Filling up the DagBag from /home/airflow/.local/lib/python3.8/site-packages/airflow/example_dags/example_kubernetes_executor.py
[2023-12-15T12:05:45.663+0000] {processor.py:839} INFO - DAG(s) dict_keys(['example_kubernetes_executor']) retrieved from /home/airflow/.local/lib/python3.8/site-packages/airflow/example_dags/example_kubernetes_executor.py
[2023-12-15T12:05:46.112+0000] {logging_mixin.py:154} INFO - [2023-12-15T12:05:46.109+0000] {dag.py:2941} INFO - Sync 1 DAGs
[2023-12-15T12:05:46.244+0000] {logging_mixin.py:154} INFO - [2023-12-15T12:05:46.244+0000] {dag.py:3722} INFO - Setting next_dagrun for example_kubernetes_executor to None, run_after=None
[2023-12-15T12:05:46.426+0000] {processor.py:179} INFO - Processing /home/airflow/.local/lib/python3.8/site-packages/airflow/example_dags/example_kubernetes_executor.py took 0.983 seconds
[2023-12-15T12:06:16.897+0000] {processor.py:157} INFO - Started process (PID=3008) to work on /home/airflow/.local/lib/python3.8/site-packages/airflow/example_dags/example_kubernetes_executor.py
[2023-12-15T12:06:16.903+0000] {processor.py:829} INFO - Processing file /home/airflow/.local/lib/python3.8/site-packages/airflow/example_dags/example_kubernetes_executor.py for tasks to queue
[2023-12-15T12:06:17.038+0000] {logging_mixin.py:154} INFO - [2023-12-15T12:06:17.037+0000] {dagbag.py:536} INFO - Filling up the DagBag from /home/airflow/.local/lib/python3.8/site-packages/airflow/example_dags/example_kubernetes_executor.py
[2023-12-15T12:06:17.322+0000] {processor.py:839} INFO - DAG(s) dict_keys(['example_kubernetes_executor']) retrieved from /home/airflow/.local/lib/python3.8/site-packages/airflow/example_dags/example_kubernetes_executor.py
[2023-12-15T12:06:17.690+0000] {logging_mixin.py:154} INFO - [2023-12-15T12:06:17.689+0000] {dag.py:2941} INFO - Sync 1 DAGs
[2023-12-15T12:06:17.777+0000] {logging_mixin.py:154} INFO - [2023-12-15T12:06:17.776+0000] {dag.py:3722} INFO - Setting next_dagrun for example_kubernetes_executor to None, run_after=None
[2023-12-15T12:06:17.821+0000] {processor.py:179} INFO - Processing /home/airflow/.local/lib/python3.8/site-packages/airflow/example_dags/example_kubernetes_executor.py took 0.927 seconds
[2023-12-15T12:06:48.709+0000] {processor.py:157} INFO - Started process (PID=3062) to work on /home/airflow/.local/lib/python3.8/site-packages/airflow/example_dags/example_kubernetes_executor.py
[2023-12-15T12:06:48.712+0000] {processor.py:829} INFO - Processing file /home/airflow/.local/lib/python3.8/site-packages/airflow/example_dags/example_kubernetes_executor.py for tasks to queue
[2023-12-15T12:06:48.718+0000] {logging_mixin.py:154} INFO - [2023-12-15T12:06:48.718+0000] {dagbag.py:536} INFO - Filling up the DagBag from /home/airflow/.local/lib/python3.8/site-packages/airflow/example_dags/example_kubernetes_executor.py
[2023-12-15T12:06:48.846+0000] {processor.py:839} INFO - DAG(s) dict_keys(['example_kubernetes_executor']) retrieved from /home/airflow/.local/lib/python3.8/site-packages/airflow/example_dags/example_kubernetes_executor.py
[2023-12-15T12:06:49.077+0000] {logging_mixin.py:154} INFO - [2023-12-15T12:06:49.077+0000] {dag.py:2941} INFO - Sync 1 DAGs
[2023-12-15T12:06:49.196+0000] {logging_mixin.py:154} INFO - [2023-12-15T12:06:49.195+0000] {dag.py:3722} INFO - Setting next_dagrun for example_kubernetes_executor to None, run_after=None
[2023-12-15T12:06:49.323+0000] {processor.py:179} INFO - Processing /home/airflow/.local/lib/python3.8/site-packages/airflow/example_dags/example_kubernetes_executor.py took 0.630 seconds
[2023-12-15T12:07:20.061+0000] {processor.py:157} INFO - Started process (PID=3115) to work on /home/airflow/.local/lib/python3.8/site-packages/airflow/example_dags/example_kubernetes_executor.py
[2023-12-15T12:07:20.065+0000] {processor.py:829} INFO - Processing file /home/airflow/.local/lib/python3.8/site-packages/airflow/example_dags/example_kubernetes_executor.py for tasks to queue
[2023-12-15T12:07:20.074+0000] {logging_mixin.py:154} INFO - [2023-12-15T12:07:20.073+0000] {dagbag.py:536} INFO - Filling up the DagBag from /home/airflow/.local/lib/python3.8/site-packages/airflow/example_dags/example_kubernetes_executor.py
[2023-12-15T12:07:20.133+0000] {processor.py:839} INFO - DAG(s) dict_keys(['example_kubernetes_executor']) retrieved from /home/airflow/.local/lib/python3.8/site-packages/airflow/example_dags/example_kubernetes_executor.py
[2023-12-15T12:07:20.276+0000] {logging_mixin.py:154} INFO - [2023-12-15T12:07:20.276+0000] {dag.py:2941} INFO - Sync 1 DAGs
[2023-12-15T12:07:20.295+0000] {logging_mixin.py:154} INFO - [2023-12-15T12:07:20.295+0000] {dag.py:3722} INFO - Setting next_dagrun for example_kubernetes_executor to None, run_after=None
[2023-12-15T12:07:20.316+0000] {processor.py:179} INFO - Processing /home/airflow/.local/lib/python3.8/site-packages/airflow/example_dags/example_kubernetes_executor.py took 0.277 seconds
[2023-12-15T12:07:51.048+0000] {processor.py:157} INFO - Started process (PID=3169) to work on /home/airflow/.local/lib/python3.8/site-packages/airflow/example_dags/example_kubernetes_executor.py
[2023-12-15T12:07:51.054+0000] {processor.py:829} INFO - Processing file /home/airflow/.local/lib/python3.8/site-packages/airflow/example_dags/example_kubernetes_executor.py for tasks to queue
[2023-12-15T12:07:51.079+0000] {logging_mixin.py:154} INFO - [2023-12-15T12:07:51.073+0000] {dagbag.py:536} INFO - Filling up the DagBag from /home/airflow/.local/lib/python3.8/site-packages/airflow/example_dags/example_kubernetes_executor.py
[2023-12-15T12:07:51.186+0000] {processor.py:839} INFO - DAG(s) dict_keys(['example_kubernetes_executor']) retrieved from /home/airflow/.local/lib/python3.8/site-packages/airflow/example_dags/example_kubernetes_executor.py
[2023-12-15T12:07:51.320+0000] {logging_mixin.py:154} INFO - [2023-12-15T12:07:51.320+0000] {dag.py:2941} INFO - Sync 1 DAGs
[2023-12-15T12:07:51.349+0000] {logging_mixin.py:154} INFO - [2023-12-15T12:07:51.349+0000] {dag.py:3722} INFO - Setting next_dagrun for example_kubernetes_executor to None, run_after=None
[2023-12-15T12:07:51.396+0000] {processor.py:179} INFO - Processing /home/airflow/.local/lib/python3.8/site-packages/airflow/example_dags/example_kubernetes_executor.py took 0.372 seconds
[2023-12-15T12:08:22.055+0000] {processor.py:157} INFO - Started process (PID=3223) to work on /home/airflow/.local/lib/python3.8/site-packages/airflow/example_dags/example_kubernetes_executor.py
[2023-12-15T12:08:22.063+0000] {processor.py:829} INFO - Processing file /home/airflow/.local/lib/python3.8/site-packages/airflow/example_dags/example_kubernetes_executor.py for tasks to queue
[2023-12-15T12:08:22.080+0000] {logging_mixin.py:154} INFO - [2023-12-15T12:08:22.076+0000] {dagbag.py:536} INFO - Filling up the DagBag from /home/airflow/.local/lib/python3.8/site-packages/airflow/example_dags/example_kubernetes_executor.py
[2023-12-15T12:08:22.162+0000] {processor.py:839} INFO - DAG(s) dict_keys(['example_kubernetes_executor']) retrieved from /home/airflow/.local/lib/python3.8/site-packages/airflow/example_dags/example_kubernetes_executor.py
[2023-12-15T12:08:22.455+0000] {logging_mixin.py:154} INFO - [2023-12-15T12:08:22.454+0000] {dag.py:2941} INFO - Sync 1 DAGs
[2023-12-15T12:08:22.517+0000] {logging_mixin.py:154} INFO - [2023-12-15T12:08:22.516+0000] {dag.py:3722} INFO - Setting next_dagrun for example_kubernetes_executor to None, run_after=None
[2023-12-15T12:08:22.575+0000] {processor.py:179} INFO - Processing /home/airflow/.local/lib/python3.8/site-packages/airflow/example_dags/example_kubernetes_executor.py took 0.545 seconds
[2023-12-15T12:08:54.353+0000] {processor.py:157} INFO - Started process (PID=3277) to work on /home/airflow/.local/lib/python3.8/site-packages/airflow/example_dags/example_kubernetes_executor.py
[2023-12-15T12:08:54.360+0000] {processor.py:829} INFO - Processing file /home/airflow/.local/lib/python3.8/site-packages/airflow/example_dags/example_kubernetes_executor.py for tasks to queue
[2023-12-15T12:08:54.385+0000] {logging_mixin.py:154} INFO - [2023-12-15T12:08:54.384+0000] {dagbag.py:536} INFO - Filling up the DagBag from /home/airflow/.local/lib/python3.8/site-packages/airflow/example_dags/example_kubernetes_executor.py
[2023-12-15T12:08:54.546+0000] {processor.py:839} INFO - DAG(s) dict_keys(['example_kubernetes_executor']) retrieved from /home/airflow/.local/lib/python3.8/site-packages/airflow/example_dags/example_kubernetes_executor.py
[2023-12-15T12:08:54.915+0000] {logging_mixin.py:154} INFO - [2023-12-15T12:08:54.914+0000] {dag.py:2941} INFO - Sync 1 DAGs
[2023-12-15T12:08:55.268+0000] {logging_mixin.py:154} INFO - [2023-12-15T12:08:55.266+0000] {dag.py:3722} INFO - Setting next_dagrun for example_kubernetes_executor to None, run_after=None
[2023-12-15T12:08:55.442+0000] {processor.py:179} INFO - Processing /home/airflow/.local/lib/python3.8/site-packages/airflow/example_dags/example_kubernetes_executor.py took 1.100 seconds
[2023-12-15T12:09:27.303+0000] {processor.py:157} INFO - Started process (PID=3331) to work on /home/airflow/.local/lib/python3.8/site-packages/airflow/example_dags/example_kubernetes_executor.py
[2023-12-15T12:09:27.310+0000] {processor.py:829} INFO - Processing file /home/airflow/.local/lib/python3.8/site-packages/airflow/example_dags/example_kubernetes_executor.py for tasks to queue
[2023-12-15T12:09:27.319+0000] {logging_mixin.py:154} INFO - [2023-12-15T12:09:27.319+0000] {dagbag.py:536} INFO - Filling up the DagBag from /home/airflow/.local/lib/python3.8/site-packages/airflow/example_dags/example_kubernetes_executor.py
[2023-12-15T12:09:27.544+0000] {processor.py:839} INFO - DAG(s) dict_keys(['example_kubernetes_executor']) retrieved from /home/airflow/.local/lib/python3.8/site-packages/airflow/example_dags/example_kubernetes_executor.py
[2023-12-15T12:09:28.041+0000] {logging_mixin.py:154} INFO - [2023-12-15T12:09:28.040+0000] {dag.py:2941} INFO - Sync 1 DAGs
[2023-12-15T12:09:28.072+0000] {logging_mixin.py:154} INFO - [2023-12-15T12:09:28.072+0000] {dag.py:3722} INFO - Setting next_dagrun for example_kubernetes_executor to None, run_after=None
[2023-12-15T12:09:28.123+0000] {processor.py:179} INFO - Processing /home/airflow/.local/lib/python3.8/site-packages/airflow/example_dags/example_kubernetes_executor.py took 0.825 seconds
[2023-12-15T12:09:58.722+0000] {processor.py:157} INFO - Started process (PID=3384) to work on /home/airflow/.local/lib/python3.8/site-packages/airflow/example_dags/example_kubernetes_executor.py
[2023-12-15T12:09:58.726+0000] {processor.py:829} INFO - Processing file /home/airflow/.local/lib/python3.8/site-packages/airflow/example_dags/example_kubernetes_executor.py for tasks to queue
[2023-12-15T12:09:58.738+0000] {logging_mixin.py:154} INFO - [2023-12-15T12:09:58.736+0000] {dagbag.py:536} INFO - Filling up the DagBag from /home/airflow/.local/lib/python3.8/site-packages/airflow/example_dags/example_kubernetes_executor.py
[2023-12-15T12:09:58.796+0000] {processor.py:839} INFO - DAG(s) dict_keys(['example_kubernetes_executor']) retrieved from /home/airflow/.local/lib/python3.8/site-packages/airflow/example_dags/example_kubernetes_executor.py
[2023-12-15T12:09:59.023+0000] {logging_mixin.py:154} INFO - [2023-12-15T12:09:59.023+0000] {dag.py:2941} INFO - Sync 1 DAGs
[2023-12-15T12:09:59.086+0000] {logging_mixin.py:154} INFO - [2023-12-15T12:09:59.086+0000] {dag.py:3722} INFO - Setting next_dagrun for example_kubernetes_executor to None, run_after=None
[2023-12-15T12:09:59.136+0000] {processor.py:179} INFO - Processing /home/airflow/.local/lib/python3.8/site-packages/airflow/example_dags/example_kubernetes_executor.py took 0.440 seconds
