[2023-12-15T11:36:54.512+0000] {processor.py:157} INFO - Started process (PID=50) to work on /home/airflow/.local/lib/python3.8/site-packages/airflow/example_dags/example_sla_dag.py
[2023-12-15T11:36:54.515+0000] {processor.py:829} INFO - Processing file /home/airflow/.local/lib/python3.8/site-packages/airflow/example_dags/example_sla_dag.py for tasks to queue
[2023-12-15T11:36:54.518+0000] {logging_mixin.py:154} INFO - [2023-12-15T11:36:54.518+0000] {dagbag.py:536} INFO - Filling up the DagBag from /home/airflow/.local/lib/python3.8/site-packages/airflow/example_dags/example_sla_dag.py
[2023-12-15T11:36:54.533+0000] {processor.py:839} INFO - DAG(s) dict_keys(['example_sla_dag']) retrieved from /home/airflow/.local/lib/python3.8/site-packages/airflow/example_dags/example_sla_dag.py
[2023-12-15T11:36:54.603+0000] {logging_mixin.py:154} INFO - [2023-12-15T11:36:54.602+0000] {dag.py:2941} INFO - Sync 1 DAGs
[2023-12-15T11:36:54.700+0000] {logging_mixin.py:154} INFO - [2023-12-15T11:36:54.700+0000] {dag.py:3722} INFO - Setting next_dagrun for example_sla_dag to 2023-12-15T11:34:00+00:00, run_after=2023-12-15T11:36:00+00:00
[2023-12-15T11:36:54.740+0000] {processor.py:179} INFO - Processing /home/airflow/.local/lib/python3.8/site-packages/airflow/example_dags/example_sla_dag.py took 0.234 seconds
[2023-12-15T11:37:25.903+0000] {processor.py:157} INFO - Started process (PID=104) to work on /home/airflow/.local/lib/python3.8/site-packages/airflow/example_dags/example_sla_dag.py
[2023-12-15T11:37:25.904+0000] {processor.py:829} INFO - Processing file /home/airflow/.local/lib/python3.8/site-packages/airflow/example_dags/example_sla_dag.py for tasks to queue
[2023-12-15T11:37:25.905+0000] {logging_mixin.py:154} INFO - [2023-12-15T11:37:25.905+0000] {dagbag.py:536} INFO - Filling up the DagBag from /home/airflow/.local/lib/python3.8/site-packages/airflow/example_dags/example_sla_dag.py
[2023-12-15T11:37:25.911+0000] {processor.py:839} INFO - DAG(s) dict_keys(['example_sla_dag']) retrieved from /home/airflow/.local/lib/python3.8/site-packages/airflow/example_dags/example_sla_dag.py
[2023-12-15T11:37:25.928+0000] {logging_mixin.py:154} INFO - [2023-12-15T11:37:25.928+0000] {dag.py:2941} INFO - Sync 1 DAGs
[2023-12-15T11:37:25.952+0000] {logging_mixin.py:154} INFO - [2023-12-15T11:37:25.951+0000] {dag.py:3722} INFO - Setting next_dagrun for example_sla_dag to 2023-12-15T11:34:00+00:00, run_after=2023-12-15T11:36:00+00:00
[2023-12-15T11:37:25.975+0000] {processor.py:179} INFO - Processing /home/airflow/.local/lib/python3.8/site-packages/airflow/example_dags/example_sla_dag.py took 0.076 seconds
[2023-12-15T11:37:57.000+0000] {processor.py:157} INFO - Started process (PID=158) to work on /home/airflow/.local/lib/python3.8/site-packages/airflow/example_dags/example_sla_dag.py
[2023-12-15T11:37:57.015+0000] {processor.py:829} INFO - Processing file /home/airflow/.local/lib/python3.8/site-packages/airflow/example_dags/example_sla_dag.py for tasks to queue
[2023-12-15T11:37:57.024+0000] {logging_mixin.py:154} INFO - [2023-12-15T11:37:57.023+0000] {dagbag.py:536} INFO - Filling up the DagBag from /home/airflow/.local/lib/python3.8/site-packages/airflow/example_dags/example_sla_dag.py
[2023-12-15T11:37:57.038+0000] {processor.py:839} INFO - DAG(s) dict_keys(['example_sla_dag']) retrieved from /home/airflow/.local/lib/python3.8/site-packages/airflow/example_dags/example_sla_dag.py
[2023-12-15T11:37:57.067+0000] {logging_mixin.py:154} INFO - [2023-12-15T11:37:57.067+0000] {dag.py:2941} INFO - Sync 1 DAGs
[2023-12-15T11:37:57.084+0000] {logging_mixin.py:154} INFO - [2023-12-15T11:37:57.084+0000] {dag.py:3722} INFO - Setting next_dagrun for example_sla_dag to 2023-12-15T11:34:00+00:00, run_after=2023-12-15T11:36:00+00:00
[2023-12-15T11:37:57.092+0000] {processor.py:179} INFO - Processing /home/airflow/.local/lib/python3.8/site-packages/airflow/example_dags/example_sla_dag.py took 0.101 seconds
[2023-12-15T11:38:28.554+0000] {processor.py:157} INFO - Started process (PID=212) to work on /home/airflow/.local/lib/python3.8/site-packages/airflow/example_dags/example_sla_dag.py
[2023-12-15T11:38:28.557+0000] {processor.py:829} INFO - Processing file /home/airflow/.local/lib/python3.8/site-packages/airflow/example_dags/example_sla_dag.py for tasks to queue
[2023-12-15T11:38:28.561+0000] {logging_mixin.py:154} INFO - [2023-12-15T11:38:28.561+0000] {dagbag.py:536} INFO - Filling up the DagBag from /home/airflow/.local/lib/python3.8/site-packages/airflow/example_dags/example_sla_dag.py
[2023-12-15T11:38:28.579+0000] {processor.py:839} INFO - DAG(s) dict_keys(['example_sla_dag']) retrieved from /home/airflow/.local/lib/python3.8/site-packages/airflow/example_dags/example_sla_dag.py
[2023-12-15T11:38:28.633+0000] {logging_mixin.py:154} INFO - [2023-12-15T11:38:28.632+0000] {dag.py:2941} INFO - Sync 1 DAGs
[2023-12-15T11:38:28.676+0000] {logging_mixin.py:154} INFO - [2023-12-15T11:38:28.676+0000] {dag.py:3722} INFO - Setting next_dagrun for example_sla_dag to 2023-12-15T11:36:00+00:00, run_after=2023-12-15T11:38:00+00:00
[2023-12-15T11:38:28.700+0000] {processor.py:179} INFO - Processing /home/airflow/.local/lib/python3.8/site-packages/airflow/example_dags/example_sla_dag.py took 0.154 seconds
[2023-12-15T11:39:03.159+0000] {processor.py:157} INFO - Started process (PID=272) to work on /home/airflow/.local/lib/python3.8/site-packages/airflow/example_dags/example_sla_dag.py
[2023-12-15T11:39:03.165+0000] {processor.py:829} INFO - Processing file /home/airflow/.local/lib/python3.8/site-packages/airflow/example_dags/example_sla_dag.py for tasks to queue
[2023-12-15T11:39:03.183+0000] {logging_mixin.py:154} INFO - [2023-12-15T11:39:03.181+0000] {dagbag.py:536} INFO - Filling up the DagBag from /home/airflow/.local/lib/python3.8/site-packages/airflow/example_dags/example_sla_dag.py
[2023-12-15T11:39:03.277+0000] {processor.py:839} INFO - DAG(s) dict_keys(['example_sla_dag']) retrieved from /home/airflow/.local/lib/python3.8/site-packages/airflow/example_dags/example_sla_dag.py
[2023-12-15T11:39:03.391+0000] {logging_mixin.py:154} INFO - [2023-12-15T11:39:03.391+0000] {dag.py:2941} INFO - Sync 1 DAGs
[2023-12-15T11:39:03.454+0000] {logging_mixin.py:154} INFO - [2023-12-15T11:39:03.454+0000] {dag.py:3722} INFO - Setting next_dagrun for example_sla_dag to 2023-12-15T11:36:00+00:00, run_after=2023-12-15T11:38:00+00:00
[2023-12-15T11:39:03.491+0000] {processor.py:179} INFO - Processing /home/airflow/.local/lib/python3.8/site-packages/airflow/example_dags/example_sla_dag.py took 0.358 seconds
[2023-12-15T11:39:36.970+0000] {processor.py:157} INFO - Started process (PID=324) to work on /home/airflow/.local/lib/python3.8/site-packages/airflow/example_dags/example_sla_dag.py
[2023-12-15T11:39:36.972+0000] {processor.py:829} INFO - Processing file /home/airflow/.local/lib/python3.8/site-packages/airflow/example_dags/example_sla_dag.py for tasks to queue
[2023-12-15T11:39:36.986+0000] {logging_mixin.py:154} INFO - [2023-12-15T11:39:36.986+0000] {dagbag.py:536} INFO - Filling up the DagBag from /home/airflow/.local/lib/python3.8/site-packages/airflow/example_dags/example_sla_dag.py
[2023-12-15T11:39:37.007+0000] {processor.py:839} INFO - DAG(s) dict_keys(['example_sla_dag']) retrieved from /home/airflow/.local/lib/python3.8/site-packages/airflow/example_dags/example_sla_dag.py
[2023-12-15T11:39:37.077+0000] {logging_mixin.py:154} INFO - [2023-12-15T11:39:37.076+0000] {dag.py:2941} INFO - Sync 1 DAGs
[2023-12-15T11:39:37.143+0000] {logging_mixin.py:154} INFO - [2023-12-15T11:39:37.143+0000] {dag.py:3722} INFO - Setting next_dagrun for example_sla_dag to 2023-12-15T11:36:00+00:00, run_after=2023-12-15T11:38:00+00:00
[2023-12-15T11:39:37.204+0000] {processor.py:179} INFO - Processing /home/airflow/.local/lib/python3.8/site-packages/airflow/example_dags/example_sla_dag.py took 0.239 seconds
[2023-12-15T11:40:08.687+0000] {processor.py:157} INFO - Started process (PID=378) to work on /home/airflow/.local/lib/python3.8/site-packages/airflow/example_dags/example_sla_dag.py
[2023-12-15T11:40:08.696+0000] {processor.py:829} INFO - Processing file /home/airflow/.local/lib/python3.8/site-packages/airflow/example_dags/example_sla_dag.py for tasks to queue
[2023-12-15T11:40:08.715+0000] {logging_mixin.py:154} INFO - [2023-12-15T11:40:08.714+0000] {dagbag.py:536} INFO - Filling up the DagBag from /home/airflow/.local/lib/python3.8/site-packages/airflow/example_dags/example_sla_dag.py
[2023-12-15T11:40:08.767+0000] {processor.py:839} INFO - DAG(s) dict_keys(['example_sla_dag']) retrieved from /home/airflow/.local/lib/python3.8/site-packages/airflow/example_dags/example_sla_dag.py
[2023-12-15T11:40:09.110+0000] {logging_mixin.py:154} INFO - [2023-12-15T11:40:09.108+0000] {dag.py:2941} INFO - Sync 1 DAGs
[2023-12-15T11:40:09.309+0000] {logging_mixin.py:154} INFO - [2023-12-15T11:40:09.309+0000] {dag.py:3722} INFO - Setting next_dagrun for example_sla_dag to 2023-12-15T11:38:00+00:00, run_after=2023-12-15T11:40:00+00:00
[2023-12-15T11:40:09.424+0000] {processor.py:179} INFO - Processing /home/airflow/.local/lib/python3.8/site-packages/airflow/example_dags/example_sla_dag.py took 0.743 seconds
[2023-12-15T11:40:39.686+0000] {processor.py:157} INFO - Started process (PID=432) to work on /home/airflow/.local/lib/python3.8/site-packages/airflow/example_dags/example_sla_dag.py
[2023-12-15T11:40:39.693+0000] {processor.py:829} INFO - Processing file /home/airflow/.local/lib/python3.8/site-packages/airflow/example_dags/example_sla_dag.py for tasks to queue
[2023-12-15T11:40:39.699+0000] {logging_mixin.py:154} INFO - [2023-12-15T11:40:39.698+0000] {dagbag.py:536} INFO - Filling up the DagBag from /home/airflow/.local/lib/python3.8/site-packages/airflow/example_dags/example_sla_dag.py
[2023-12-15T11:40:39.732+0000] {processor.py:839} INFO - DAG(s) dict_keys(['example_sla_dag']) retrieved from /home/airflow/.local/lib/python3.8/site-packages/airflow/example_dags/example_sla_dag.py
[2023-12-15T11:40:39.817+0000] {logging_mixin.py:154} INFO - [2023-12-15T11:40:39.817+0000] {dag.py:2941} INFO - Sync 1 DAGs
[2023-12-15T11:40:39.872+0000] {logging_mixin.py:154} INFO - [2023-12-15T11:40:39.872+0000] {dag.py:3722} INFO - Setting next_dagrun for example_sla_dag to 2023-12-15T11:38:00+00:00, run_after=2023-12-15T11:40:00+00:00
[2023-12-15T11:40:39.899+0000] {processor.py:179} INFO - Processing /home/airflow/.local/lib/python3.8/site-packages/airflow/example_dags/example_sla_dag.py took 0.218 seconds
[2023-12-15T11:41:10.125+0000] {processor.py:157} INFO - Started process (PID=486) to work on /home/airflow/.local/lib/python3.8/site-packages/airflow/example_dags/example_sla_dag.py
[2023-12-15T11:41:10.133+0000] {processor.py:829} INFO - Processing file /home/airflow/.local/lib/python3.8/site-packages/airflow/example_dags/example_sla_dag.py for tasks to queue
[2023-12-15T11:41:10.168+0000] {logging_mixin.py:154} INFO - [2023-12-15T11:41:10.167+0000] {dagbag.py:536} INFO - Filling up the DagBag from /home/airflow/.local/lib/python3.8/site-packages/airflow/example_dags/example_sla_dag.py
[2023-12-15T11:41:10.266+0000] {processor.py:839} INFO - DAG(s) dict_keys(['example_sla_dag']) retrieved from /home/airflow/.local/lib/python3.8/site-packages/airflow/example_dags/example_sla_dag.py
[2023-12-15T11:41:10.580+0000] {logging_mixin.py:154} INFO - [2023-12-15T11:41:10.579+0000] {dag.py:2941} INFO - Sync 1 DAGs
[2023-12-15T11:41:10.678+0000] {logging_mixin.py:154} INFO - [2023-12-15T11:41:10.678+0000] {dag.py:3722} INFO - Setting next_dagrun for example_sla_dag to 2023-12-15T11:38:00+00:00, run_after=2023-12-15T11:40:00+00:00
[2023-12-15T11:41:10.785+0000] {processor.py:179} INFO - Processing /home/airflow/.local/lib/python3.8/site-packages/airflow/example_dags/example_sla_dag.py took 0.667 seconds
[2023-12-15T11:41:48.247+0000] {processor.py:157} INFO - Started process (PID=540) to work on /home/airflow/.local/lib/python3.8/site-packages/airflow/example_dags/example_sla_dag.py
[2023-12-15T11:41:48.253+0000] {processor.py:829} INFO - Processing file /home/airflow/.local/lib/python3.8/site-packages/airflow/example_dags/example_sla_dag.py for tasks to queue
[2023-12-15T11:41:48.257+0000] {logging_mixin.py:154} INFO - [2023-12-15T11:41:48.257+0000] {dagbag.py:536} INFO - Filling up the DagBag from /home/airflow/.local/lib/python3.8/site-packages/airflow/example_dags/example_sla_dag.py
[2023-12-15T11:41:48.269+0000] {processor.py:839} INFO - DAG(s) dict_keys(['example_sla_dag']) retrieved from /home/airflow/.local/lib/python3.8/site-packages/airflow/example_dags/example_sla_dag.py
[2023-12-15T11:41:48.317+0000] {logging_mixin.py:154} INFO - [2023-12-15T11:41:48.317+0000] {dag.py:2941} INFO - Sync 1 DAGs
[2023-12-15T11:41:48.353+0000] {logging_mixin.py:154} INFO - [2023-12-15T11:41:48.352+0000] {dag.py:3722} INFO - Setting next_dagrun for example_sla_dag to 2023-12-15T11:38:00+00:00, run_after=2023-12-15T11:40:00+00:00
[2023-12-15T11:41:48.387+0000] {processor.py:179} INFO - Processing /home/airflow/.local/lib/python3.8/site-packages/airflow/example_dags/example_sla_dag.py took 0.143 seconds
[2023-12-15T11:42:20.842+0000] {processor.py:157} INFO - Started process (PID=595) to work on /home/airflow/.local/lib/python3.8/site-packages/airflow/example_dags/example_sla_dag.py
[2023-12-15T11:42:20.845+0000] {processor.py:829} INFO - Processing file /home/airflow/.local/lib/python3.8/site-packages/airflow/example_dags/example_sla_dag.py for tasks to queue
[2023-12-15T11:42:20.848+0000] {logging_mixin.py:154} INFO - [2023-12-15T11:42:20.848+0000] {dagbag.py:536} INFO - Filling up the DagBag from /home/airflow/.local/lib/python3.8/site-packages/airflow/example_dags/example_sla_dag.py
[2023-12-15T11:42:20.873+0000] {processor.py:839} INFO - DAG(s) dict_keys(['example_sla_dag']) retrieved from /home/airflow/.local/lib/python3.8/site-packages/airflow/example_dags/example_sla_dag.py
[2023-12-15T11:42:20.900+0000] {logging_mixin.py:154} INFO - [2023-12-15T11:42:20.900+0000] {dag.py:2941} INFO - Sync 1 DAGs
[2023-12-15T11:42:20.932+0000] {logging_mixin.py:154} INFO - [2023-12-15T11:42:20.932+0000] {dag.py:3722} INFO - Setting next_dagrun for example_sla_dag to 2023-12-15T11:40:00+00:00, run_after=2023-12-15T11:42:00+00:00
[2023-12-15T11:42:20.955+0000] {processor.py:179} INFO - Processing /home/airflow/.local/lib/python3.8/site-packages/airflow/example_dags/example_sla_dag.py took 0.117 seconds
[2023-12-15T11:43:02.273+0000] {processor.py:157} INFO - Started process (PID=650) to work on /home/airflow/.local/lib/python3.8/site-packages/airflow/example_dags/example_sla_dag.py
[2023-12-15T11:43:02.275+0000] {processor.py:829} INFO - Processing file /home/airflow/.local/lib/python3.8/site-packages/airflow/example_dags/example_sla_dag.py for tasks to queue
[2023-12-15T11:43:02.285+0000] {logging_mixin.py:154} INFO - [2023-12-15T11:43:02.284+0000] {dagbag.py:536} INFO - Filling up the DagBag from /home/airflow/.local/lib/python3.8/site-packages/airflow/example_dags/example_sla_dag.py
[2023-12-15T11:43:02.310+0000] {processor.py:839} INFO - DAG(s) dict_keys(['example_sla_dag']) retrieved from /home/airflow/.local/lib/python3.8/site-packages/airflow/example_dags/example_sla_dag.py
[2023-12-15T11:43:02.384+0000] {logging_mixin.py:154} INFO - [2023-12-15T11:43:02.383+0000] {dag.py:2941} INFO - Sync 1 DAGs
[2023-12-15T11:43:02.447+0000] {logging_mixin.py:154} INFO - [2023-12-15T11:43:02.446+0000] {dag.py:3722} INFO - Setting next_dagrun for example_sla_dag to 2023-12-15T11:40:00+00:00, run_after=2023-12-15T11:42:00+00:00
[2023-12-15T11:43:02.476+0000] {processor.py:179} INFO - Processing /home/airflow/.local/lib/python3.8/site-packages/airflow/example_dags/example_sla_dag.py took 0.208 seconds
[2023-12-15T11:43:32.730+0000] {processor.py:157} INFO - Started process (PID=702) to work on /home/airflow/.local/lib/python3.8/site-packages/airflow/example_dags/example_sla_dag.py
[2023-12-15T11:43:32.731+0000] {processor.py:829} INFO - Processing file /home/airflow/.local/lib/python3.8/site-packages/airflow/example_dags/example_sla_dag.py for tasks to queue
[2023-12-15T11:43:32.733+0000] {logging_mixin.py:154} INFO - [2023-12-15T11:43:32.732+0000] {dagbag.py:536} INFO - Filling up the DagBag from /home/airflow/.local/lib/python3.8/site-packages/airflow/example_dags/example_sla_dag.py
[2023-12-15T11:43:32.757+0000] {processor.py:839} INFO - DAG(s) dict_keys(['example_sla_dag']) retrieved from /home/airflow/.local/lib/python3.8/site-packages/airflow/example_dags/example_sla_dag.py
[2023-12-15T11:43:32.790+0000] {logging_mixin.py:154} INFO - [2023-12-15T11:43:32.790+0000] {dag.py:2941} INFO - Sync 1 DAGs
[2023-12-15T11:43:32.871+0000] {logging_mixin.py:154} INFO - [2023-12-15T11:43:32.871+0000] {dag.py:3722} INFO - Setting next_dagrun for example_sla_dag to 2023-12-15T11:40:00+00:00, run_after=2023-12-15T11:42:00+00:00
[2023-12-15T11:43:32.943+0000] {processor.py:179} INFO - Processing /home/airflow/.local/lib/python3.8/site-packages/airflow/example_dags/example_sla_dag.py took 0.216 seconds
[2023-12-15T11:44:05.003+0000] {processor.py:157} INFO - Started process (PID=755) to work on /home/airflow/.local/lib/python3.8/site-packages/airflow/example_dags/example_sla_dag.py
[2023-12-15T11:44:05.008+0000] {processor.py:829} INFO - Processing file /home/airflow/.local/lib/python3.8/site-packages/airflow/example_dags/example_sla_dag.py for tasks to queue
[2023-12-15T11:44:05.013+0000] {logging_mixin.py:154} INFO - [2023-12-15T11:44:05.012+0000] {dagbag.py:536} INFO - Filling up the DagBag from /home/airflow/.local/lib/python3.8/site-packages/airflow/example_dags/example_sla_dag.py
[2023-12-15T11:44:05.032+0000] {processor.py:839} INFO - DAG(s) dict_keys(['example_sla_dag']) retrieved from /home/airflow/.local/lib/python3.8/site-packages/airflow/example_dags/example_sla_dag.py
[2023-12-15T11:44:05.105+0000] {logging_mixin.py:154} INFO - [2023-12-15T11:44:05.104+0000] {dag.py:2941} INFO - Sync 1 DAGs
[2023-12-15T11:44:05.157+0000] {logging_mixin.py:154} INFO - [2023-12-15T11:44:05.157+0000] {dag.py:3722} INFO - Setting next_dagrun for example_sla_dag to 2023-12-15T11:42:00+00:00, run_after=2023-12-15T11:44:00+00:00
[2023-12-15T11:44:05.172+0000] {processor.py:179} INFO - Processing /home/airflow/.local/lib/python3.8/site-packages/airflow/example_dags/example_sla_dag.py took 0.180 seconds
[2023-12-15T11:44:35.899+0000] {processor.py:157} INFO - Started process (PID=809) to work on /home/airflow/.local/lib/python3.8/site-packages/airflow/example_dags/example_sla_dag.py
[2023-12-15T11:44:35.906+0000] {processor.py:829} INFO - Processing file /home/airflow/.local/lib/python3.8/site-packages/airflow/example_dags/example_sla_dag.py for tasks to queue
[2023-12-15T11:44:35.910+0000] {logging_mixin.py:154} INFO - [2023-12-15T11:44:35.909+0000] {dagbag.py:536} INFO - Filling up the DagBag from /home/airflow/.local/lib/python3.8/site-packages/airflow/example_dags/example_sla_dag.py
[2023-12-15T11:44:35.927+0000] {processor.py:839} INFO - DAG(s) dict_keys(['example_sla_dag']) retrieved from /home/airflow/.local/lib/python3.8/site-packages/airflow/example_dags/example_sla_dag.py
[2023-12-15T11:44:35.963+0000] {logging_mixin.py:154} INFO - [2023-12-15T11:44:35.963+0000] {dag.py:2941} INFO - Sync 1 DAGs
[2023-12-15T11:44:36.006+0000] {logging_mixin.py:154} INFO - [2023-12-15T11:44:36.006+0000] {dag.py:3722} INFO - Setting next_dagrun for example_sla_dag to 2023-12-15T11:42:00+00:00, run_after=2023-12-15T11:44:00+00:00
[2023-12-15T11:44:36.040+0000] {processor.py:179} INFO - Processing /home/airflow/.local/lib/python3.8/site-packages/airflow/example_dags/example_sla_dag.py took 0.152 seconds
[2023-12-15T11:45:06.550+0000] {processor.py:157} INFO - Started process (PID=863) to work on /home/airflow/.local/lib/python3.8/site-packages/airflow/example_dags/example_sla_dag.py
[2023-12-15T11:45:06.551+0000] {processor.py:829} INFO - Processing file /home/airflow/.local/lib/python3.8/site-packages/airflow/example_dags/example_sla_dag.py for tasks to queue
[2023-12-15T11:45:06.554+0000] {logging_mixin.py:154} INFO - [2023-12-15T11:45:06.554+0000] {dagbag.py:536} INFO - Filling up the DagBag from /home/airflow/.local/lib/python3.8/site-packages/airflow/example_dags/example_sla_dag.py
[2023-12-15T11:45:06.567+0000] {processor.py:839} INFO - DAG(s) dict_keys(['example_sla_dag']) retrieved from /home/airflow/.local/lib/python3.8/site-packages/airflow/example_dags/example_sla_dag.py
[2023-12-15T11:45:06.589+0000] {logging_mixin.py:154} INFO - [2023-12-15T11:45:06.589+0000] {dag.py:2941} INFO - Sync 1 DAGs
[2023-12-15T11:45:06.613+0000] {logging_mixin.py:154} INFO - [2023-12-15T11:45:06.613+0000] {dag.py:3722} INFO - Setting next_dagrun for example_sla_dag to 2023-12-15T11:42:00+00:00, run_after=2023-12-15T11:44:00+00:00
[2023-12-15T11:45:06.622+0000] {processor.py:179} INFO - Processing /home/airflow/.local/lib/python3.8/site-packages/airflow/example_dags/example_sla_dag.py took 0.076 seconds
[2023-12-15T11:45:37.170+0000] {processor.py:157} INFO - Started process (PID=917) to work on /home/airflow/.local/lib/python3.8/site-packages/airflow/example_dags/example_sla_dag.py
[2023-12-15T11:45:37.174+0000] {processor.py:829} INFO - Processing file /home/airflow/.local/lib/python3.8/site-packages/airflow/example_dags/example_sla_dag.py for tasks to queue
[2023-12-15T11:45:37.178+0000] {logging_mixin.py:154} INFO - [2023-12-15T11:45:37.177+0000] {dagbag.py:536} INFO - Filling up the DagBag from /home/airflow/.local/lib/python3.8/site-packages/airflow/example_dags/example_sla_dag.py
[2023-12-15T11:45:37.190+0000] {processor.py:839} INFO - DAG(s) dict_keys(['example_sla_dag']) retrieved from /home/airflow/.local/lib/python3.8/site-packages/airflow/example_dags/example_sla_dag.py
[2023-12-15T11:45:37.226+0000] {logging_mixin.py:154} INFO - [2023-12-15T11:45:37.226+0000] {dag.py:2941} INFO - Sync 1 DAGs
[2023-12-15T11:45:37.252+0000] {logging_mixin.py:154} INFO - [2023-12-15T11:45:37.252+0000] {dag.py:3722} INFO - Setting next_dagrun for example_sla_dag to 2023-12-15T11:42:00+00:00, run_after=2023-12-15T11:44:00+00:00
[2023-12-15T11:45:37.269+0000] {processor.py:179} INFO - Processing /home/airflow/.local/lib/python3.8/site-packages/airflow/example_dags/example_sla_dag.py took 0.106 seconds
[2023-12-15T11:46:09.252+0000] {processor.py:157} INFO - Started process (PID=971) to work on /home/airflow/.local/lib/python3.8/site-packages/airflow/example_dags/example_sla_dag.py
[2023-12-15T11:46:09.255+0000] {processor.py:829} INFO - Processing file /home/airflow/.local/lib/python3.8/site-packages/airflow/example_dags/example_sla_dag.py for tasks to queue
[2023-12-15T11:46:09.261+0000] {logging_mixin.py:154} INFO - [2023-12-15T11:46:09.260+0000] {dagbag.py:536} INFO - Filling up the DagBag from /home/airflow/.local/lib/python3.8/site-packages/airflow/example_dags/example_sla_dag.py
[2023-12-15T11:46:09.276+0000] {processor.py:839} INFO - DAG(s) dict_keys(['example_sla_dag']) retrieved from /home/airflow/.local/lib/python3.8/site-packages/airflow/example_dags/example_sla_dag.py
[2023-12-15T11:46:09.332+0000] {logging_mixin.py:154} INFO - [2023-12-15T11:46:09.332+0000] {dag.py:2941} INFO - Sync 1 DAGs
[2023-12-15T11:46:09.393+0000] {logging_mixin.py:154} INFO - [2023-12-15T11:46:09.392+0000] {dag.py:3722} INFO - Setting next_dagrun for example_sla_dag to 2023-12-15T11:44:00+00:00, run_after=2023-12-15T11:46:00+00:00
[2023-12-15T11:46:09.440+0000] {processor.py:179} INFO - Processing /home/airflow/.local/lib/python3.8/site-packages/airflow/example_dags/example_sla_dag.py took 0.205 seconds
[2023-12-15T11:46:40.241+0000] {processor.py:157} INFO - Started process (PID=1024) to work on /home/airflow/.local/lib/python3.8/site-packages/airflow/example_dags/example_sla_dag.py
[2023-12-15T11:46:40.244+0000] {processor.py:829} INFO - Processing file /home/airflow/.local/lib/python3.8/site-packages/airflow/example_dags/example_sla_dag.py for tasks to queue
[2023-12-15T11:46:40.246+0000] {logging_mixin.py:154} INFO - [2023-12-15T11:46:40.246+0000] {dagbag.py:536} INFO - Filling up the DagBag from /home/airflow/.local/lib/python3.8/site-packages/airflow/example_dags/example_sla_dag.py
[2023-12-15T11:46:40.260+0000] {processor.py:839} INFO - DAG(s) dict_keys(['example_sla_dag']) retrieved from /home/airflow/.local/lib/python3.8/site-packages/airflow/example_dags/example_sla_dag.py
[2023-12-15T11:46:40.297+0000] {logging_mixin.py:154} INFO - [2023-12-15T11:46:40.297+0000] {dag.py:2941} INFO - Sync 1 DAGs
[2023-12-15T11:46:40.335+0000] {logging_mixin.py:154} INFO - [2023-12-15T11:46:40.334+0000] {dag.py:3722} INFO - Setting next_dagrun for example_sla_dag to 2023-12-15T11:44:00+00:00, run_after=2023-12-15T11:46:00+00:00
[2023-12-15T11:46:40.353+0000] {processor.py:179} INFO - Processing /home/airflow/.local/lib/python3.8/site-packages/airflow/example_dags/example_sla_dag.py took 0.116 seconds
[2023-12-15T11:47:12.026+0000] {processor.py:157} INFO - Started process (PID=1079) to work on /home/airflow/.local/lib/python3.8/site-packages/airflow/example_dags/example_sla_dag.py
[2023-12-15T11:47:12.038+0000] {processor.py:829} INFO - Processing file /home/airflow/.local/lib/python3.8/site-packages/airflow/example_dags/example_sla_dag.py for tasks to queue
[2023-12-15T11:47:12.046+0000] {logging_mixin.py:154} INFO - [2023-12-15T11:47:12.044+0000] {dagbag.py:536} INFO - Filling up the DagBag from /home/airflow/.local/lib/python3.8/site-packages/airflow/example_dags/example_sla_dag.py
[2023-12-15T11:47:12.069+0000] {processor.py:839} INFO - DAG(s) dict_keys(['example_sla_dag']) retrieved from /home/airflow/.local/lib/python3.8/site-packages/airflow/example_dags/example_sla_dag.py
[2023-12-15T11:47:12.111+0000] {logging_mixin.py:154} INFO - [2023-12-15T11:47:12.111+0000] {dag.py:2941} INFO - Sync 1 DAGs
[2023-12-15T11:47:12.149+0000] {logging_mixin.py:154} INFO - [2023-12-15T11:47:12.148+0000] {dag.py:3722} INFO - Setting next_dagrun for example_sla_dag to 2023-12-15T11:44:00+00:00, run_after=2023-12-15T11:46:00+00:00
[2023-12-15T11:47:12.185+0000] {processor.py:179} INFO - Processing /home/airflow/.local/lib/python3.8/site-packages/airflow/example_dags/example_sla_dag.py took 0.165 seconds
[2023-12-15T11:47:43.310+0000] {processor.py:157} INFO - Started process (PID=1131) to work on /home/airflow/.local/lib/python3.8/site-packages/airflow/example_dags/example_sla_dag.py
[2023-12-15T11:47:43.315+0000] {processor.py:829} INFO - Processing file /home/airflow/.local/lib/python3.8/site-packages/airflow/example_dags/example_sla_dag.py for tasks to queue
[2023-12-15T11:47:43.319+0000] {logging_mixin.py:154} INFO - [2023-12-15T11:47:43.319+0000] {dagbag.py:536} INFO - Filling up the DagBag from /home/airflow/.local/lib/python3.8/site-packages/airflow/example_dags/example_sla_dag.py
[2023-12-15T11:47:43.338+0000] {processor.py:839} INFO - DAG(s) dict_keys(['example_sla_dag']) retrieved from /home/airflow/.local/lib/python3.8/site-packages/airflow/example_dags/example_sla_dag.py
[2023-12-15T11:47:43.394+0000] {logging_mixin.py:154} INFO - [2023-12-15T11:47:43.393+0000] {dag.py:2941} INFO - Sync 1 DAGs
[2023-12-15T11:47:43.430+0000] {logging_mixin.py:154} INFO - [2023-12-15T11:47:43.429+0000] {dag.py:3722} INFO - Setting next_dagrun for example_sla_dag to 2023-12-15T11:44:00+00:00, run_after=2023-12-15T11:46:00+00:00
[2023-12-15T11:47:43.454+0000] {processor.py:179} INFO - Processing /home/airflow/.local/lib/python3.8/site-packages/airflow/example_dags/example_sla_dag.py took 0.150 seconds
[2023-12-15T11:48:25.604+0000] {processor.py:157} INFO - Started process (PID=1192) to work on /home/airflow/.local/lib/python3.8/site-packages/airflow/example_dags/example_sla_dag.py
[2023-12-15T11:48:25.619+0000] {processor.py:829} INFO - Processing file /home/airflow/.local/lib/python3.8/site-packages/airflow/example_dags/example_sla_dag.py for tasks to queue
[2023-12-15T11:48:25.642+0000] {logging_mixin.py:154} INFO - [2023-12-15T11:48:25.640+0000] {dagbag.py:536} INFO - Filling up the DagBag from /home/airflow/.local/lib/python3.8/site-packages/airflow/example_dags/example_sla_dag.py
[2023-12-15T11:48:25.718+0000] {processor.py:839} INFO - DAG(s) dict_keys(['example_sla_dag']) retrieved from /home/airflow/.local/lib/python3.8/site-packages/airflow/example_dags/example_sla_dag.py
[2023-12-15T11:48:25.922+0000] {logging_mixin.py:154} INFO - [2023-12-15T11:48:25.921+0000] {dag.py:2941} INFO - Sync 1 DAGs
[2023-12-15T11:48:26.090+0000] {logging_mixin.py:154} INFO - [2023-12-15T11:48:26.090+0000] {dag.py:3722} INFO - Setting next_dagrun for example_sla_dag to 2023-12-15T11:46:00+00:00, run_after=2023-12-15T11:48:00+00:00
[2023-12-15T11:48:27.736+0000] {processor.py:179} INFO - Processing /home/airflow/.local/lib/python3.8/site-packages/airflow/example_dags/example_sla_dag.py took 2.147 seconds
[2023-12-15T11:48:58.760+0000] {processor.py:157} INFO - Started process (PID=1246) to work on /home/airflow/.local/lib/python3.8/site-packages/airflow/example_dags/example_sla_dag.py
[2023-12-15T11:48:58.776+0000] {processor.py:829} INFO - Processing file /home/airflow/.local/lib/python3.8/site-packages/airflow/example_dags/example_sla_dag.py for tasks to queue
[2023-12-15T11:48:58.833+0000] {logging_mixin.py:154} INFO - [2023-12-15T11:48:58.827+0000] {dagbag.py:536} INFO - Filling up the DagBag from /home/airflow/.local/lib/python3.8/site-packages/airflow/example_dags/example_sla_dag.py
[2023-12-15T11:48:58.943+0000] {processor.py:839} INFO - DAG(s) dict_keys(['example_sla_dag']) retrieved from /home/airflow/.local/lib/python3.8/site-packages/airflow/example_dags/example_sla_dag.py
[2023-12-15T11:48:59.251+0000] {logging_mixin.py:154} INFO - [2023-12-15T11:48:59.251+0000] {dag.py:2941} INFO - Sync 1 DAGs
[2023-12-15T11:48:59.451+0000] {logging_mixin.py:154} INFO - [2023-12-15T11:48:59.450+0000] {dag.py:3722} INFO - Setting next_dagrun for example_sla_dag to 2023-12-15T11:46:00+00:00, run_after=2023-12-15T11:48:00+00:00
[2023-12-15T11:48:59.554+0000] {processor.py:179} INFO - Processing /home/airflow/.local/lib/python3.8/site-packages/airflow/example_dags/example_sla_dag.py took 0.844 seconds
[2023-12-15T11:49:30.347+0000] {processor.py:157} INFO - Started process (PID=1300) to work on /home/airflow/.local/lib/python3.8/site-packages/airflow/example_dags/example_sla_dag.py
[2023-12-15T11:49:30.361+0000] {processor.py:829} INFO - Processing file /home/airflow/.local/lib/python3.8/site-packages/airflow/example_dags/example_sla_dag.py for tasks to queue
[2023-12-15T11:49:30.367+0000] {logging_mixin.py:154} INFO - [2023-12-15T11:49:30.366+0000] {dagbag.py:536} INFO - Filling up the DagBag from /home/airflow/.local/lib/python3.8/site-packages/airflow/example_dags/example_sla_dag.py
[2023-12-15T11:49:30.414+0000] {processor.py:839} INFO - DAG(s) dict_keys(['example_sla_dag']) retrieved from /home/airflow/.local/lib/python3.8/site-packages/airflow/example_dags/example_sla_dag.py
[2023-12-15T11:49:30.533+0000] {logging_mixin.py:154} INFO - [2023-12-15T11:49:30.533+0000] {dag.py:2941} INFO - Sync 1 DAGs
[2023-12-15T11:49:31.809+0000] {logging_mixin.py:154} INFO - [2023-12-15T11:49:31.808+0000] {dag.py:3722} INFO - Setting next_dagrun for example_sla_dag to 2023-12-15T11:46:00+00:00, run_after=2023-12-15T11:48:00+00:00
[2023-12-15T11:49:31.901+0000] {processor.py:179} INFO - Processing /home/airflow/.local/lib/python3.8/site-packages/airflow/example_dags/example_sla_dag.py took 1.568 seconds
[2023-12-15T11:50:02.972+0000] {processor.py:157} INFO - Started process (PID=1356) to work on /home/airflow/.local/lib/python3.8/site-packages/airflow/example_dags/example_sla_dag.py
[2023-12-15T11:50:02.977+0000] {processor.py:829} INFO - Processing file /home/airflow/.local/lib/python3.8/site-packages/airflow/example_dags/example_sla_dag.py for tasks to queue
[2023-12-15T11:50:02.985+0000] {logging_mixin.py:154} INFO - [2023-12-15T11:50:02.985+0000] {dagbag.py:536} INFO - Filling up the DagBag from /home/airflow/.local/lib/python3.8/site-packages/airflow/example_dags/example_sla_dag.py
[2023-12-15T11:50:03.007+0000] {processor.py:839} INFO - DAG(s) dict_keys(['example_sla_dag']) retrieved from /home/airflow/.local/lib/python3.8/site-packages/airflow/example_dags/example_sla_dag.py
[2023-12-15T11:50:03.091+0000] {logging_mixin.py:154} INFO - [2023-12-15T11:50:03.091+0000] {dag.py:2941} INFO - Sync 1 DAGs
[2023-12-15T11:50:03.891+0000] {logging_mixin.py:154} INFO - [2023-12-15T11:50:03.890+0000] {dag.py:3722} INFO - Setting next_dagrun for example_sla_dag to 2023-12-15T11:48:00+00:00, run_after=2023-12-15T11:50:00+00:00
[2023-12-15T11:50:03.925+0000] {processor.py:179} INFO - Processing /home/airflow/.local/lib/python3.8/site-packages/airflow/example_dags/example_sla_dag.py took 0.967 seconds
[2023-12-15T11:50:34.377+0000] {processor.py:157} INFO - Started process (PID=1409) to work on /home/airflow/.local/lib/python3.8/site-packages/airflow/example_dags/example_sla_dag.py
[2023-12-15T11:50:34.381+0000] {processor.py:829} INFO - Processing file /home/airflow/.local/lib/python3.8/site-packages/airflow/example_dags/example_sla_dag.py for tasks to queue
[2023-12-15T11:50:34.390+0000] {logging_mixin.py:154} INFO - [2023-12-15T11:50:34.389+0000] {dagbag.py:536} INFO - Filling up the DagBag from /home/airflow/.local/lib/python3.8/site-packages/airflow/example_dags/example_sla_dag.py
[2023-12-15T11:50:34.427+0000] {processor.py:839} INFO - DAG(s) dict_keys(['example_sla_dag']) retrieved from /home/airflow/.local/lib/python3.8/site-packages/airflow/example_dags/example_sla_dag.py
[2023-12-15T11:50:34.485+0000] {logging_mixin.py:154} INFO - [2023-12-15T11:50:34.484+0000] {dag.py:2941} INFO - Sync 1 DAGs
[2023-12-15T11:50:34.534+0000] {logging_mixin.py:154} INFO - [2023-12-15T11:50:34.534+0000] {dag.py:3722} INFO - Setting next_dagrun for example_sla_dag to 2023-12-15T11:48:00+00:00, run_after=2023-12-15T11:50:00+00:00
[2023-12-15T11:50:34.558+0000] {processor.py:179} INFO - Processing /home/airflow/.local/lib/python3.8/site-packages/airflow/example_dags/example_sla_dag.py took 0.204 seconds
[2023-12-15T11:51:08.586+0000] {processor.py:157} INFO - Started process (PID=1449) to work on /home/airflow/.local/lib/python3.8/site-packages/airflow/example_dags/example_sla_dag.py
[2023-12-15T11:51:08.591+0000] {processor.py:829} INFO - Processing file /home/airflow/.local/lib/python3.8/site-packages/airflow/example_dags/example_sla_dag.py for tasks to queue
[2023-12-15T11:51:08.595+0000] {logging_mixin.py:154} INFO - [2023-12-15T11:51:08.595+0000] {dagbag.py:536} INFO - Filling up the DagBag from /home/airflow/.local/lib/python3.8/site-packages/airflow/example_dags/example_sla_dag.py
[2023-12-15T11:51:08.622+0000] {processor.py:839} INFO - DAG(s) dict_keys(['example_sla_dag']) retrieved from /home/airflow/.local/lib/python3.8/site-packages/airflow/example_dags/example_sla_dag.py
[2023-12-15T11:51:08.713+0000] {logging_mixin.py:154} INFO - [2023-12-15T11:51:08.713+0000] {dag.py:2941} INFO - Sync 1 DAGs
[2023-12-15T11:51:09.312+0000] {logging_mixin.py:154} INFO - [2023-12-15T11:51:09.311+0000] {dag.py:3722} INFO - Setting next_dagrun for example_sla_dag to 2023-12-15T11:48:00+00:00, run_after=2023-12-15T11:50:00+00:00
[2023-12-15T11:51:09.371+0000] {processor.py:179} INFO - Processing /home/airflow/.local/lib/python3.8/site-packages/airflow/example_dags/example_sla_dag.py took 0.795 seconds
[2023-12-15T11:51:40.162+0000] {processor.py:157} INFO - Started process (PID=1503) to work on /home/airflow/.local/lib/python3.8/site-packages/airflow/example_dags/example_sla_dag.py
[2023-12-15T11:51:40.172+0000] {processor.py:829} INFO - Processing file /home/airflow/.local/lib/python3.8/site-packages/airflow/example_dags/example_sla_dag.py for tasks to queue
[2023-12-15T11:51:40.204+0000] {logging_mixin.py:154} INFO - [2023-12-15T11:51:40.203+0000] {dagbag.py:536} INFO - Filling up the DagBag from /home/airflow/.local/lib/python3.8/site-packages/airflow/example_dags/example_sla_dag.py
[2023-12-15T11:51:40.286+0000] {processor.py:839} INFO - DAG(s) dict_keys(['example_sla_dag']) retrieved from /home/airflow/.local/lib/python3.8/site-packages/airflow/example_dags/example_sla_dag.py
[2023-12-15T11:51:40.422+0000] {logging_mixin.py:154} INFO - [2023-12-15T11:51:40.422+0000] {dag.py:2941} INFO - Sync 1 DAGs
[2023-12-15T11:51:40.459+0000] {logging_mixin.py:154} INFO - [2023-12-15T11:51:40.458+0000] {dag.py:3722} INFO - Setting next_dagrun for example_sla_dag to 2023-12-15T11:48:00+00:00, run_after=2023-12-15T11:50:00+00:00
[2023-12-15T11:51:40.503+0000] {processor.py:179} INFO - Processing /home/airflow/.local/lib/python3.8/site-packages/airflow/example_dags/example_sla_dag.py took 0.395 seconds
[2023-12-15T11:52:20.473+0000] {processor.py:157} INFO - Started process (PID=1552) to work on /home/airflow/.local/lib/python3.8/site-packages/airflow/example_dags/example_sla_dag.py
[2023-12-15T11:52:20.476+0000] {processor.py:829} INFO - Processing file /home/airflow/.local/lib/python3.8/site-packages/airflow/example_dags/example_sla_dag.py for tasks to queue
[2023-12-15T11:52:20.480+0000] {logging_mixin.py:154} INFO - [2023-12-15T11:52:20.480+0000] {dagbag.py:536} INFO - Filling up the DagBag from /home/airflow/.local/lib/python3.8/site-packages/airflow/example_dags/example_sla_dag.py
[2023-12-15T11:52:20.513+0000] {processor.py:839} INFO - DAG(s) dict_keys(['example_sla_dag']) retrieved from /home/airflow/.local/lib/python3.8/site-packages/airflow/example_dags/example_sla_dag.py
[2023-12-15T11:52:21.014+0000] {logging_mixin.py:154} INFO - [2023-12-15T11:52:21.014+0000] {dag.py:2941} INFO - Sync 1 DAGs
[2023-12-15T11:52:21.097+0000] {logging_mixin.py:154} INFO - [2023-12-15T11:52:21.096+0000] {dag.py:3722} INFO - Setting next_dagrun for example_sla_dag to 2023-12-15T11:50:00+00:00, run_after=2023-12-15T11:52:00+00:00
[2023-12-15T11:52:21.123+0000] {processor.py:179} INFO - Processing /home/airflow/.local/lib/python3.8/site-packages/airflow/example_dags/example_sla_dag.py took 0.668 seconds
[2023-12-15T11:52:52.175+0000] {processor.py:157} INFO - Started process (PID=1606) to work on /home/airflow/.local/lib/python3.8/site-packages/airflow/example_dags/example_sla_dag.py
[2023-12-15T11:52:52.182+0000] {processor.py:829} INFO - Processing file /home/airflow/.local/lib/python3.8/site-packages/airflow/example_dags/example_sla_dag.py for tasks to queue
[2023-12-15T11:52:52.186+0000] {logging_mixin.py:154} INFO - [2023-12-15T11:52:52.186+0000] {dagbag.py:536} INFO - Filling up the DagBag from /home/airflow/.local/lib/python3.8/site-packages/airflow/example_dags/example_sla_dag.py
[2023-12-15T11:52:52.235+0000] {processor.py:839} INFO - DAG(s) dict_keys(['example_sla_dag']) retrieved from /home/airflow/.local/lib/python3.8/site-packages/airflow/example_dags/example_sla_dag.py
[2023-12-15T11:52:52.332+0000] {logging_mixin.py:154} INFO - [2023-12-15T11:52:52.331+0000] {dag.py:2941} INFO - Sync 1 DAGs
[2023-12-15T11:52:52.422+0000] {logging_mixin.py:154} INFO - [2023-12-15T11:52:52.422+0000] {dag.py:3722} INFO - Setting next_dagrun for example_sla_dag to 2023-12-15T11:50:00+00:00, run_after=2023-12-15T11:52:00+00:00
[2023-12-15T11:52:52.514+0000] {processor.py:179} INFO - Processing /home/airflow/.local/lib/python3.8/site-packages/airflow/example_dags/example_sla_dag.py took 0.353 seconds
[2023-12-15T11:53:22.707+0000] {processor.py:157} INFO - Started process (PID=1659) to work on /home/airflow/.local/lib/python3.8/site-packages/airflow/example_dags/example_sla_dag.py
[2023-12-15T11:53:22.714+0000] {processor.py:829} INFO - Processing file /home/airflow/.local/lib/python3.8/site-packages/airflow/example_dags/example_sla_dag.py for tasks to queue
[2023-12-15T11:53:22.723+0000] {logging_mixin.py:154} INFO - [2023-12-15T11:53:22.723+0000] {dagbag.py:536} INFO - Filling up the DagBag from /home/airflow/.local/lib/python3.8/site-packages/airflow/example_dags/example_sla_dag.py
[2023-12-15T11:53:22.751+0000] {processor.py:839} INFO - DAG(s) dict_keys(['example_sla_dag']) retrieved from /home/airflow/.local/lib/python3.8/site-packages/airflow/example_dags/example_sla_dag.py
[2023-12-15T11:53:22.844+0000] {logging_mixin.py:154} INFO - [2023-12-15T11:53:22.844+0000] {dag.py:2941} INFO - Sync 1 DAGs
[2023-12-15T11:53:22.886+0000] {logging_mixin.py:154} INFO - [2023-12-15T11:53:22.886+0000] {dag.py:3722} INFO - Setting next_dagrun for example_sla_dag to 2023-12-15T11:50:00+00:00, run_after=2023-12-15T11:52:00+00:00
[2023-12-15T11:53:22.915+0000] {processor.py:179} INFO - Processing /home/airflow/.local/lib/python3.8/site-packages/airflow/example_dags/example_sla_dag.py took 0.216 seconds
[2023-12-15T11:53:53.118+0000] {processor.py:157} INFO - Started process (PID=1713) to work on /home/airflow/.local/lib/python3.8/site-packages/airflow/example_dags/example_sla_dag.py
[2023-12-15T11:53:53.131+0000] {processor.py:829} INFO - Processing file /home/airflow/.local/lib/python3.8/site-packages/airflow/example_dags/example_sla_dag.py for tasks to queue
[2023-12-15T11:53:53.138+0000] {logging_mixin.py:154} INFO - [2023-12-15T11:53:53.138+0000] {dagbag.py:536} INFO - Filling up the DagBag from /home/airflow/.local/lib/python3.8/site-packages/airflow/example_dags/example_sla_dag.py
[2023-12-15T11:53:53.147+0000] {processor.py:839} INFO - DAG(s) dict_keys(['example_sla_dag']) retrieved from /home/airflow/.local/lib/python3.8/site-packages/airflow/example_dags/example_sla_dag.py
[2023-12-15T11:53:53.185+0000] {logging_mixin.py:154} INFO - [2023-12-15T11:53:53.185+0000] {dag.py:2941} INFO - Sync 1 DAGs
[2023-12-15T11:53:53.201+0000] {logging_mixin.py:154} INFO - [2023-12-15T11:53:53.201+0000] {dag.py:3722} INFO - Setting next_dagrun for example_sla_dag to 2023-12-15T11:50:00+00:00, run_after=2023-12-15T11:52:00+00:00
[2023-12-15T11:53:53.218+0000] {processor.py:179} INFO - Processing /home/airflow/.local/lib/python3.8/site-packages/airflow/example_dags/example_sla_dag.py took 0.105 seconds
[2023-12-15T11:54:23.930+0000] {processor.py:157} INFO - Started process (PID=1767) to work on /home/airflow/.local/lib/python3.8/site-packages/airflow/example_dags/example_sla_dag.py
[2023-12-15T11:54:23.934+0000] {processor.py:829} INFO - Processing file /home/airflow/.local/lib/python3.8/site-packages/airflow/example_dags/example_sla_dag.py for tasks to queue
[2023-12-15T11:54:23.947+0000] {logging_mixin.py:154} INFO - [2023-12-15T11:54:23.945+0000] {dagbag.py:536} INFO - Filling up the DagBag from /home/airflow/.local/lib/python3.8/site-packages/airflow/example_dags/example_sla_dag.py
[2023-12-15T11:54:23.967+0000] {processor.py:839} INFO - DAG(s) dict_keys(['example_sla_dag']) retrieved from /home/airflow/.local/lib/python3.8/site-packages/airflow/example_dags/example_sla_dag.py
[2023-12-15T11:54:24.026+0000] {logging_mixin.py:154} INFO - [2023-12-15T11:54:24.026+0000] {dag.py:2941} INFO - Sync 1 DAGs
[2023-12-15T11:54:24.122+0000] {logging_mixin.py:154} INFO - [2023-12-15T11:54:24.121+0000] {dag.py:3722} INFO - Setting next_dagrun for example_sla_dag to 2023-12-15T11:52:00+00:00, run_after=2023-12-15T11:54:00+00:00
[2023-12-15T11:54:24.158+0000] {processor.py:179} INFO - Processing /home/airflow/.local/lib/python3.8/site-packages/airflow/example_dags/example_sla_dag.py took 0.232 seconds
[2023-12-15T11:54:55.229+0000] {processor.py:157} INFO - Started process (PID=1822) to work on /home/airflow/.local/lib/python3.8/site-packages/airflow/example_dags/example_sla_dag.py
[2023-12-15T11:54:55.232+0000] {processor.py:829} INFO - Processing file /home/airflow/.local/lib/python3.8/site-packages/airflow/example_dags/example_sla_dag.py for tasks to queue
[2023-12-15T11:54:55.242+0000] {logging_mixin.py:154} INFO - [2023-12-15T11:54:55.241+0000] {dagbag.py:536} INFO - Filling up the DagBag from /home/airflow/.local/lib/python3.8/site-packages/airflow/example_dags/example_sla_dag.py
[2023-12-15T11:54:55.258+0000] {processor.py:839} INFO - DAG(s) dict_keys(['example_sla_dag']) retrieved from /home/airflow/.local/lib/python3.8/site-packages/airflow/example_dags/example_sla_dag.py
[2023-12-15T11:54:55.369+0000] {logging_mixin.py:154} INFO - [2023-12-15T11:54:55.369+0000] {dag.py:2941} INFO - Sync 1 DAGs
[2023-12-15T11:54:55.475+0000] {logging_mixin.py:154} INFO - [2023-12-15T11:54:55.475+0000] {dag.py:3722} INFO - Setting next_dagrun for example_sla_dag to 2023-12-15T11:52:00+00:00, run_after=2023-12-15T11:54:00+00:00
[2023-12-15T11:54:55.503+0000] {processor.py:179} INFO - Processing /home/airflow/.local/lib/python3.8/site-packages/airflow/example_dags/example_sla_dag.py took 0.292 seconds
[2023-12-15T11:55:26.562+0000] {processor.py:157} INFO - Started process (PID=1875) to work on /home/airflow/.local/lib/python3.8/site-packages/airflow/example_dags/example_sla_dag.py
[2023-12-15T11:55:26.565+0000] {processor.py:829} INFO - Processing file /home/airflow/.local/lib/python3.8/site-packages/airflow/example_dags/example_sla_dag.py for tasks to queue
[2023-12-15T11:55:26.574+0000] {logging_mixin.py:154} INFO - [2023-12-15T11:55:26.574+0000] {dagbag.py:536} INFO - Filling up the DagBag from /home/airflow/.local/lib/python3.8/site-packages/airflow/example_dags/example_sla_dag.py
[2023-12-15T11:55:26.610+0000] {processor.py:839} INFO - DAG(s) dict_keys(['example_sla_dag']) retrieved from /home/airflow/.local/lib/python3.8/site-packages/airflow/example_dags/example_sla_dag.py
[2023-12-15T11:55:26.671+0000] {logging_mixin.py:154} INFO - [2023-12-15T11:55:26.670+0000] {dag.py:2941} INFO - Sync 1 DAGs
[2023-12-15T11:55:26.789+0000] {logging_mixin.py:154} INFO - [2023-12-15T11:55:26.788+0000] {dag.py:3722} INFO - Setting next_dagrun for example_sla_dag to 2023-12-15T11:52:00+00:00, run_after=2023-12-15T11:54:00+00:00
[2023-12-15T11:55:26.823+0000] {processor.py:179} INFO - Processing /home/airflow/.local/lib/python3.8/site-packages/airflow/example_dags/example_sla_dag.py took 0.268 seconds
[2023-12-15T11:55:56.955+0000] {processor.py:157} INFO - Started process (PID=1930) to work on /home/airflow/.local/lib/python3.8/site-packages/airflow/example_dags/example_sla_dag.py
[2023-12-15T11:55:56.967+0000] {processor.py:829} INFO - Processing file /home/airflow/.local/lib/python3.8/site-packages/airflow/example_dags/example_sla_dag.py for tasks to queue
[2023-12-15T11:55:56.973+0000] {logging_mixin.py:154} INFO - [2023-12-15T11:55:56.972+0000] {dagbag.py:536} INFO - Filling up the DagBag from /home/airflow/.local/lib/python3.8/site-packages/airflow/example_dags/example_sla_dag.py
[2023-12-15T11:55:56.993+0000] {processor.py:839} INFO - DAG(s) dict_keys(['example_sla_dag']) retrieved from /home/airflow/.local/lib/python3.8/site-packages/airflow/example_dags/example_sla_dag.py
[2023-12-15T11:55:57.032+0000] {logging_mixin.py:154} INFO - [2023-12-15T11:55:57.032+0000] {dag.py:2941} INFO - Sync 1 DAGs
[2023-12-15T11:55:57.083+0000] {logging_mixin.py:154} INFO - [2023-12-15T11:55:57.083+0000] {dag.py:3722} INFO - Setting next_dagrun for example_sla_dag to 2023-12-15T11:52:00+00:00, run_after=2023-12-15T11:54:00+00:00
[2023-12-15T11:55:57.112+0000] {processor.py:179} INFO - Processing /home/airflow/.local/lib/python3.8/site-packages/airflow/example_dags/example_sla_dag.py took 0.165 seconds
[2023-12-15T11:56:27.839+0000] {processor.py:157} INFO - Started process (PID=1985) to work on /home/airflow/.local/lib/python3.8/site-packages/airflow/example_dags/example_sla_dag.py
[2023-12-15T11:56:27.845+0000] {processor.py:829} INFO - Processing file /home/airflow/.local/lib/python3.8/site-packages/airflow/example_dags/example_sla_dag.py for tasks to queue
[2023-12-15T11:56:27.855+0000] {logging_mixin.py:154} INFO - [2023-12-15T11:56:27.855+0000] {dagbag.py:536} INFO - Filling up the DagBag from /home/airflow/.local/lib/python3.8/site-packages/airflow/example_dags/example_sla_dag.py
[2023-12-15T11:56:27.868+0000] {processor.py:839} INFO - DAG(s) dict_keys(['example_sla_dag']) retrieved from /home/airflow/.local/lib/python3.8/site-packages/airflow/example_dags/example_sla_dag.py
[2023-12-15T11:56:27.919+0000] {logging_mixin.py:154} INFO - [2023-12-15T11:56:27.919+0000] {dag.py:2941} INFO - Sync 1 DAGs
[2023-12-15T11:56:27.948+0000] {logging_mixin.py:154} INFO - [2023-12-15T11:56:27.948+0000] {dag.py:3722} INFO - Setting next_dagrun for example_sla_dag to 2023-12-15T11:54:00+00:00, run_after=2023-12-15T11:56:00+00:00
[2023-12-15T11:56:27.977+0000] {processor.py:179} INFO - Processing /home/airflow/.local/lib/python3.8/site-packages/airflow/example_dags/example_sla_dag.py took 0.146 seconds
[2023-12-15T11:56:58.178+0000] {processor.py:157} INFO - Started process (PID=2038) to work on /home/airflow/.local/lib/python3.8/site-packages/airflow/example_dags/example_sla_dag.py
[2023-12-15T11:56:58.188+0000] {processor.py:829} INFO - Processing file /home/airflow/.local/lib/python3.8/site-packages/airflow/example_dags/example_sla_dag.py for tasks to queue
[2023-12-15T11:56:58.195+0000] {logging_mixin.py:154} INFO - [2023-12-15T11:56:58.194+0000] {dagbag.py:536} INFO - Filling up the DagBag from /home/airflow/.local/lib/python3.8/site-packages/airflow/example_dags/example_sla_dag.py
[2023-12-15T11:56:58.211+0000] {processor.py:839} INFO - DAG(s) dict_keys(['example_sla_dag']) retrieved from /home/airflow/.local/lib/python3.8/site-packages/airflow/example_dags/example_sla_dag.py
[2023-12-15T11:56:58.252+0000] {logging_mixin.py:154} INFO - [2023-12-15T11:56:58.252+0000] {dag.py:2941} INFO - Sync 1 DAGs
[2023-12-15T11:56:58.272+0000] {logging_mixin.py:154} INFO - [2023-12-15T11:56:58.272+0000] {dag.py:3722} INFO - Setting next_dagrun for example_sla_dag to 2023-12-15T11:54:00+00:00, run_after=2023-12-15T11:56:00+00:00
[2023-12-15T11:56:58.286+0000] {processor.py:179} INFO - Processing /home/airflow/.local/lib/python3.8/site-packages/airflow/example_dags/example_sla_dag.py took 0.111 seconds
[2023-12-15T11:57:30.010+0000] {processor.py:157} INFO - Started process (PID=2092) to work on /home/airflow/.local/lib/python3.8/site-packages/airflow/example_dags/example_sla_dag.py
[2023-12-15T11:57:30.014+0000] {processor.py:829} INFO - Processing file /home/airflow/.local/lib/python3.8/site-packages/airflow/example_dags/example_sla_dag.py for tasks to queue
[2023-12-15T11:57:30.020+0000] {logging_mixin.py:154} INFO - [2023-12-15T11:57:30.020+0000] {dagbag.py:536} INFO - Filling up the DagBag from /home/airflow/.local/lib/python3.8/site-packages/airflow/example_dags/example_sla_dag.py
[2023-12-15T11:57:30.077+0000] {processor.py:839} INFO - DAG(s) dict_keys(['example_sla_dag']) retrieved from /home/airflow/.local/lib/python3.8/site-packages/airflow/example_dags/example_sla_dag.py
[2023-12-15T11:57:30.184+0000] {logging_mixin.py:154} INFO - [2023-12-15T11:57:30.183+0000] {dag.py:2941} INFO - Sync 1 DAGs
[2023-12-15T11:57:30.250+0000] {logging_mixin.py:154} INFO - [2023-12-15T11:57:30.250+0000] {dag.py:3722} INFO - Setting next_dagrun for example_sla_dag to 2023-12-15T11:54:00+00:00, run_after=2023-12-15T11:56:00+00:00
[2023-12-15T11:57:30.286+0000] {processor.py:179} INFO - Processing /home/airflow/.local/lib/python3.8/site-packages/airflow/example_dags/example_sla_dag.py took 0.287 seconds
[2023-12-15T11:58:00.445+0000] {processor.py:157} INFO - Started process (PID=2146) to work on /home/airflow/.local/lib/python3.8/site-packages/airflow/example_dags/example_sla_dag.py
[2023-12-15T11:58:00.447+0000] {processor.py:829} INFO - Processing file /home/airflow/.local/lib/python3.8/site-packages/airflow/example_dags/example_sla_dag.py for tasks to queue
[2023-12-15T11:58:00.449+0000] {logging_mixin.py:154} INFO - [2023-12-15T11:58:00.449+0000] {dagbag.py:536} INFO - Filling up the DagBag from /home/airflow/.local/lib/python3.8/site-packages/airflow/example_dags/example_sla_dag.py
[2023-12-15T11:58:00.458+0000] {processor.py:839} INFO - DAG(s) dict_keys(['example_sla_dag']) retrieved from /home/airflow/.local/lib/python3.8/site-packages/airflow/example_dags/example_sla_dag.py
[2023-12-15T11:58:00.488+0000] {logging_mixin.py:154} INFO - [2023-12-15T11:58:00.488+0000] {dag.py:2941} INFO - Sync 1 DAGs
[2023-12-15T11:58:00.514+0000] {logging_mixin.py:154} INFO - [2023-12-15T11:58:00.513+0000] {dag.py:3722} INFO - Setting next_dagrun for example_sla_dag to 2023-12-15T11:56:00+00:00, run_after=2023-12-15T11:58:00+00:00
[2023-12-15T11:58:00.535+0000] {processor.py:179} INFO - Processing /home/airflow/.local/lib/python3.8/site-packages/airflow/example_dags/example_sla_dag.py took 0.093 seconds
[2023-12-15T11:58:30.957+0000] {processor.py:157} INFO - Started process (PID=2200) to work on /home/airflow/.local/lib/python3.8/site-packages/airflow/example_dags/example_sla_dag.py
[2023-12-15T11:58:30.959+0000] {processor.py:829} INFO - Processing file /home/airflow/.local/lib/python3.8/site-packages/airflow/example_dags/example_sla_dag.py for tasks to queue
[2023-12-15T11:58:30.961+0000] {logging_mixin.py:154} INFO - [2023-12-15T11:58:30.961+0000] {dagbag.py:536} INFO - Filling up the DagBag from /home/airflow/.local/lib/python3.8/site-packages/airflow/example_dags/example_sla_dag.py
[2023-12-15T11:58:30.969+0000] {processor.py:839} INFO - DAG(s) dict_keys(['example_sla_dag']) retrieved from /home/airflow/.local/lib/python3.8/site-packages/airflow/example_dags/example_sla_dag.py
[2023-12-15T11:58:30.992+0000] {logging_mixin.py:154} INFO - [2023-12-15T11:58:30.991+0000] {dag.py:2941} INFO - Sync 1 DAGs
[2023-12-15T11:58:31.020+0000] {logging_mixin.py:154} INFO - [2023-12-15T11:58:31.020+0000] {dag.py:3722} INFO - Setting next_dagrun for example_sla_dag to 2023-12-15T11:56:00+00:00, run_after=2023-12-15T11:58:00+00:00
[2023-12-15T11:58:31.049+0000] {processor.py:179} INFO - Processing /home/airflow/.local/lib/python3.8/site-packages/airflow/example_dags/example_sla_dag.py took 0.095 seconds
[2023-12-15T11:59:01.723+0000] {processor.py:157} INFO - Started process (PID=2253) to work on /home/airflow/.local/lib/python3.8/site-packages/airflow/example_dags/example_sla_dag.py
[2023-12-15T11:59:01.724+0000] {processor.py:829} INFO - Processing file /home/airflow/.local/lib/python3.8/site-packages/airflow/example_dags/example_sla_dag.py for tasks to queue
[2023-12-15T11:59:01.725+0000] {logging_mixin.py:154} INFO - [2023-12-15T11:59:01.725+0000] {dagbag.py:536} INFO - Filling up the DagBag from /home/airflow/.local/lib/python3.8/site-packages/airflow/example_dags/example_sla_dag.py
[2023-12-15T11:59:01.732+0000] {processor.py:839} INFO - DAG(s) dict_keys(['example_sla_dag']) retrieved from /home/airflow/.local/lib/python3.8/site-packages/airflow/example_dags/example_sla_dag.py
[2023-12-15T11:59:01.748+0000] {logging_mixin.py:154} INFO - [2023-12-15T11:59:01.748+0000] {dag.py:2941} INFO - Sync 1 DAGs
[2023-12-15T11:59:01.766+0000] {logging_mixin.py:154} INFO - [2023-12-15T11:59:01.766+0000] {dag.py:3722} INFO - Setting next_dagrun for example_sla_dag to 2023-12-15T11:56:00+00:00, run_after=2023-12-15T11:58:00+00:00
[2023-12-15T11:59:01.777+0000] {processor.py:179} INFO - Processing /home/airflow/.local/lib/python3.8/site-packages/airflow/example_dags/example_sla_dag.py took 0.058 seconds
[2023-12-15T11:59:32.040+0000] {processor.py:157} INFO - Started process (PID=2307) to work on /home/airflow/.local/lib/python3.8/site-packages/airflow/example_dags/example_sla_dag.py
[2023-12-15T11:59:32.041+0000] {processor.py:829} INFO - Processing file /home/airflow/.local/lib/python3.8/site-packages/airflow/example_dags/example_sla_dag.py for tasks to queue
[2023-12-15T11:59:32.043+0000] {logging_mixin.py:154} INFO - [2023-12-15T11:59:32.043+0000] {dagbag.py:536} INFO - Filling up the DagBag from /home/airflow/.local/lib/python3.8/site-packages/airflow/example_dags/example_sla_dag.py
[2023-12-15T11:59:32.054+0000] {processor.py:839} INFO - DAG(s) dict_keys(['example_sla_dag']) retrieved from /home/airflow/.local/lib/python3.8/site-packages/airflow/example_dags/example_sla_dag.py
[2023-12-15T11:59:32.072+0000] {logging_mixin.py:154} INFO - [2023-12-15T11:59:32.072+0000] {dag.py:2941} INFO - Sync 1 DAGs
[2023-12-15T11:59:32.095+0000] {logging_mixin.py:154} INFO - [2023-12-15T11:59:32.095+0000] {dag.py:3722} INFO - Setting next_dagrun for example_sla_dag to 2023-12-15T11:56:00+00:00, run_after=2023-12-15T11:58:00+00:00
[2023-12-15T11:59:32.107+0000] {processor.py:179} INFO - Processing /home/airflow/.local/lib/python3.8/site-packages/airflow/example_dags/example_sla_dag.py took 0.070 seconds
[2023-12-15T12:00:03.246+0000] {processor.py:157} INFO - Started process (PID=2360) to work on /home/airflow/.local/lib/python3.8/site-packages/airflow/example_dags/example_sla_dag.py
[2023-12-15T12:00:03.250+0000] {processor.py:829} INFO - Processing file /home/airflow/.local/lib/python3.8/site-packages/airflow/example_dags/example_sla_dag.py for tasks to queue
[2023-12-15T12:00:03.254+0000] {logging_mixin.py:154} INFO - [2023-12-15T12:00:03.254+0000] {dagbag.py:536} INFO - Filling up the DagBag from /home/airflow/.local/lib/python3.8/site-packages/airflow/example_dags/example_sla_dag.py
[2023-12-15T12:00:03.268+0000] {processor.py:839} INFO - DAG(s) dict_keys(['example_sla_dag']) retrieved from /home/airflow/.local/lib/python3.8/site-packages/airflow/example_dags/example_sla_dag.py
[2023-12-15T12:00:03.334+0000] {logging_mixin.py:154} INFO - [2023-12-15T12:00:03.333+0000] {dag.py:2941} INFO - Sync 1 DAGs
[2023-12-15T12:00:03.391+0000] {logging_mixin.py:154} INFO - [2023-12-15T12:00:03.391+0000] {dag.py:3722} INFO - Setting next_dagrun for example_sla_dag to 2023-12-15T11:58:00+00:00, run_after=2023-12-15T12:00:00+00:00
[2023-12-15T12:00:03.438+0000] {processor.py:179} INFO - Processing /home/airflow/.local/lib/python3.8/site-packages/airflow/example_dags/example_sla_dag.py took 0.197 seconds
[2023-12-15T12:00:34.533+0000] {processor.py:157} INFO - Started process (PID=2414) to work on /home/airflow/.local/lib/python3.8/site-packages/airflow/example_dags/example_sla_dag.py
[2023-12-15T12:00:34.539+0000] {processor.py:829} INFO - Processing file /home/airflow/.local/lib/python3.8/site-packages/airflow/example_dags/example_sla_dag.py for tasks to queue
[2023-12-15T12:00:34.544+0000] {logging_mixin.py:154} INFO - [2023-12-15T12:00:34.544+0000] {dagbag.py:536} INFO - Filling up the DagBag from /home/airflow/.local/lib/python3.8/site-packages/airflow/example_dags/example_sla_dag.py
[2023-12-15T12:00:34.572+0000] {processor.py:839} INFO - DAG(s) dict_keys(['example_sla_dag']) retrieved from /home/airflow/.local/lib/python3.8/site-packages/airflow/example_dags/example_sla_dag.py
[2023-12-15T12:00:34.653+0000] {logging_mixin.py:154} INFO - [2023-12-15T12:00:34.653+0000] {dag.py:2941} INFO - Sync 1 DAGs
[2023-12-15T12:00:34.709+0000] {logging_mixin.py:154} INFO - [2023-12-15T12:00:34.708+0000] {dag.py:3722} INFO - Setting next_dagrun for example_sla_dag to 2023-12-15T11:58:00+00:00, run_after=2023-12-15T12:00:00+00:00
[2023-12-15T12:00:34.735+0000] {processor.py:179} INFO - Processing /home/airflow/.local/lib/python3.8/site-packages/airflow/example_dags/example_sla_dag.py took 0.213 seconds
[2023-12-15T12:01:04.964+0000] {processor.py:157} INFO - Started process (PID=2468) to work on /home/airflow/.local/lib/python3.8/site-packages/airflow/example_dags/example_sla_dag.py
[2023-12-15T12:01:04.971+0000] {processor.py:829} INFO - Processing file /home/airflow/.local/lib/python3.8/site-packages/airflow/example_dags/example_sla_dag.py for tasks to queue
[2023-12-15T12:01:04.975+0000] {logging_mixin.py:154} INFO - [2023-12-15T12:01:04.975+0000] {dagbag.py:536} INFO - Filling up the DagBag from /home/airflow/.local/lib/python3.8/site-packages/airflow/example_dags/example_sla_dag.py
[2023-12-15T12:01:04.993+0000] {processor.py:839} INFO - DAG(s) dict_keys(['example_sla_dag']) retrieved from /home/airflow/.local/lib/python3.8/site-packages/airflow/example_dags/example_sla_dag.py
[2023-12-15T12:01:05.091+0000] {logging_mixin.py:154} INFO - [2023-12-15T12:01:05.091+0000] {dag.py:2941} INFO - Sync 1 DAGs
[2023-12-15T12:01:05.164+0000] {logging_mixin.py:154} INFO - [2023-12-15T12:01:05.164+0000] {dag.py:3722} INFO - Setting next_dagrun for example_sla_dag to 2023-12-15T11:58:00+00:00, run_after=2023-12-15T12:00:00+00:00
[2023-12-15T12:01:05.223+0000] {processor.py:179} INFO - Processing /home/airflow/.local/lib/python3.8/site-packages/airflow/example_dags/example_sla_dag.py took 0.262 seconds
[2023-12-15T12:01:35.859+0000] {processor.py:157} INFO - Started process (PID=2522) to work on /home/airflow/.local/lib/python3.8/site-packages/airflow/example_dags/example_sla_dag.py
[2023-12-15T12:01:35.860+0000] {processor.py:829} INFO - Processing file /home/airflow/.local/lib/python3.8/site-packages/airflow/example_dags/example_sla_dag.py for tasks to queue
[2023-12-15T12:01:35.864+0000] {logging_mixin.py:154} INFO - [2023-12-15T12:01:35.863+0000] {dagbag.py:536} INFO - Filling up the DagBag from /home/airflow/.local/lib/python3.8/site-packages/airflow/example_dags/example_sla_dag.py
[2023-12-15T12:01:35.887+0000] {processor.py:839} INFO - DAG(s) dict_keys(['example_sla_dag']) retrieved from /home/airflow/.local/lib/python3.8/site-packages/airflow/example_dags/example_sla_dag.py
[2023-12-15T12:01:35.914+0000] {logging_mixin.py:154} INFO - [2023-12-15T12:01:35.914+0000] {dag.py:2941} INFO - Sync 1 DAGs
[2023-12-15T12:01:35.940+0000] {logging_mixin.py:154} INFO - [2023-12-15T12:01:35.940+0000] {dag.py:3722} INFO - Setting next_dagrun for example_sla_dag to 2023-12-15T11:58:00+00:00, run_after=2023-12-15T12:00:00+00:00
[2023-12-15T12:01:35.950+0000] {processor.py:179} INFO - Processing /home/airflow/.local/lib/python3.8/site-packages/airflow/example_dags/example_sla_dag.py took 0.098 seconds
[2023-12-15T12:02:07.359+0000] {processor.py:157} INFO - Started process (PID=2576) to work on /home/airflow/.local/lib/python3.8/site-packages/airflow/example_dags/example_sla_dag.py
[2023-12-15T12:02:07.365+0000] {processor.py:829} INFO - Processing file /home/airflow/.local/lib/python3.8/site-packages/airflow/example_dags/example_sla_dag.py for tasks to queue
[2023-12-15T12:02:07.371+0000] {logging_mixin.py:154} INFO - [2023-12-15T12:02:07.369+0000] {dagbag.py:536} INFO - Filling up the DagBag from /home/airflow/.local/lib/python3.8/site-packages/airflow/example_dags/example_sla_dag.py
[2023-12-15T12:02:07.416+0000] {processor.py:839} INFO - DAG(s) dict_keys(['example_sla_dag']) retrieved from /home/airflow/.local/lib/python3.8/site-packages/airflow/example_dags/example_sla_dag.py
[2023-12-15T12:02:07.534+0000] {logging_mixin.py:154} INFO - [2023-12-15T12:02:07.534+0000] {dag.py:2941} INFO - Sync 1 DAGs
[2023-12-15T12:02:07.591+0000] {logging_mixin.py:154} INFO - [2023-12-15T12:02:07.590+0000] {dag.py:3722} INFO - Setting next_dagrun for example_sla_dag to 2023-12-15T12:00:00+00:00, run_after=2023-12-15T12:02:00+00:00
[2023-12-15T12:02:07.614+0000] {processor.py:179} INFO - Processing /home/airflow/.local/lib/python3.8/site-packages/airflow/example_dags/example_sla_dag.py took 0.264 seconds
[2023-12-15T12:02:38.459+0000] {processor.py:157} INFO - Started process (PID=2630) to work on /home/airflow/.local/lib/python3.8/site-packages/airflow/example_dags/example_sla_dag.py
[2023-12-15T12:02:38.460+0000] {processor.py:829} INFO - Processing file /home/airflow/.local/lib/python3.8/site-packages/airflow/example_dags/example_sla_dag.py for tasks to queue
[2023-12-15T12:02:38.464+0000] {logging_mixin.py:154} INFO - [2023-12-15T12:02:38.464+0000] {dagbag.py:536} INFO - Filling up the DagBag from /home/airflow/.local/lib/python3.8/site-packages/airflow/example_dags/example_sla_dag.py
[2023-12-15T12:02:38.478+0000] {processor.py:839} INFO - DAG(s) dict_keys(['example_sla_dag']) retrieved from /home/airflow/.local/lib/python3.8/site-packages/airflow/example_dags/example_sla_dag.py
[2023-12-15T12:02:38.523+0000] {logging_mixin.py:154} INFO - [2023-12-15T12:02:38.523+0000] {dag.py:2941} INFO - Sync 1 DAGs
[2023-12-15T12:02:38.553+0000] {logging_mixin.py:154} INFO - [2023-12-15T12:02:38.553+0000] {dag.py:3722} INFO - Setting next_dagrun for example_sla_dag to 2023-12-15T12:00:00+00:00, run_after=2023-12-15T12:02:00+00:00
[2023-12-15T12:02:38.579+0000] {processor.py:179} INFO - Processing /home/airflow/.local/lib/python3.8/site-packages/airflow/example_dags/example_sla_dag.py took 0.129 seconds
[2023-12-15T12:03:09.528+0000] {processor.py:157} INFO - Started process (PID=2684) to work on /home/airflow/.local/lib/python3.8/site-packages/airflow/example_dags/example_sla_dag.py
[2023-12-15T12:03:09.534+0000] {processor.py:829} INFO - Processing file /home/airflow/.local/lib/python3.8/site-packages/airflow/example_dags/example_sla_dag.py for tasks to queue
[2023-12-15T12:03:09.564+0000] {logging_mixin.py:154} INFO - [2023-12-15T12:03:09.563+0000] {dagbag.py:536} INFO - Filling up the DagBag from /home/airflow/.local/lib/python3.8/site-packages/airflow/example_dags/example_sla_dag.py
[2023-12-15T12:03:09.583+0000] {processor.py:839} INFO - DAG(s) dict_keys(['example_sla_dag']) retrieved from /home/airflow/.local/lib/python3.8/site-packages/airflow/example_dags/example_sla_dag.py
[2023-12-15T12:03:09.680+0000] {logging_mixin.py:154} INFO - [2023-12-15T12:03:09.679+0000] {dag.py:2941} INFO - Sync 1 DAGs
[2023-12-15T12:03:09.734+0000] {logging_mixin.py:154} INFO - [2023-12-15T12:03:09.733+0000] {dag.py:3722} INFO - Setting next_dagrun for example_sla_dag to 2023-12-15T12:00:00+00:00, run_after=2023-12-15T12:02:00+00:00
[2023-12-15T12:03:09.757+0000] {processor.py:179} INFO - Processing /home/airflow/.local/lib/python3.8/site-packages/airflow/example_dags/example_sla_dag.py took 0.234 seconds
[2023-12-15T12:03:40.578+0000] {processor.py:157} INFO - Started process (PID=2738) to work on /home/airflow/.local/lib/python3.8/site-packages/airflow/example_dags/example_sla_dag.py
[2023-12-15T12:03:40.597+0000] {processor.py:829} INFO - Processing file /home/airflow/.local/lib/python3.8/site-packages/airflow/example_dags/example_sla_dag.py for tasks to queue
[2023-12-15T12:03:40.605+0000] {logging_mixin.py:154} INFO - [2023-12-15T12:03:40.605+0000] {dagbag.py:536} INFO - Filling up the DagBag from /home/airflow/.local/lib/python3.8/site-packages/airflow/example_dags/example_sla_dag.py
[2023-12-15T12:03:40.647+0000] {processor.py:839} INFO - DAG(s) dict_keys(['example_sla_dag']) retrieved from /home/airflow/.local/lib/python3.8/site-packages/airflow/example_dags/example_sla_dag.py
[2023-12-15T12:03:40.739+0000] {logging_mixin.py:154} INFO - [2023-12-15T12:03:40.738+0000] {dag.py:2941} INFO - Sync 1 DAGs
[2023-12-15T12:03:40.820+0000] {logging_mixin.py:154} INFO - [2023-12-15T12:03:40.819+0000] {dag.py:3722} INFO - Setting next_dagrun for example_sla_dag to 2023-12-15T12:00:00+00:00, run_after=2023-12-15T12:02:00+00:00
[2023-12-15T12:03:40.859+0000] {processor.py:179} INFO - Processing /home/airflow/.local/lib/python3.8/site-packages/airflow/example_dags/example_sla_dag.py took 0.288 seconds
[2023-12-15T12:04:11.336+0000] {processor.py:157} INFO - Started process (PID=2792) to work on /home/airflow/.local/lib/python3.8/site-packages/airflow/example_dags/example_sla_dag.py
[2023-12-15T12:04:11.340+0000] {processor.py:829} INFO - Processing file /home/airflow/.local/lib/python3.8/site-packages/airflow/example_dags/example_sla_dag.py for tasks to queue
[2023-12-15T12:04:11.348+0000] {logging_mixin.py:154} INFO - [2023-12-15T12:04:11.348+0000] {dagbag.py:536} INFO - Filling up the DagBag from /home/airflow/.local/lib/python3.8/site-packages/airflow/example_dags/example_sla_dag.py
[2023-12-15T12:04:11.368+0000] {processor.py:839} INFO - DAG(s) dict_keys(['example_sla_dag']) retrieved from /home/airflow/.local/lib/python3.8/site-packages/airflow/example_dags/example_sla_dag.py
[2023-12-15T12:04:11.457+0000] {logging_mixin.py:154} INFO - [2023-12-15T12:04:11.456+0000] {dag.py:2941} INFO - Sync 1 DAGs
[2023-12-15T12:04:11.490+0000] {logging_mixin.py:154} INFO - [2023-12-15T12:04:11.489+0000] {dag.py:3722} INFO - Setting next_dagrun for example_sla_dag to 2023-12-15T12:02:00+00:00, run_after=2023-12-15T12:04:00+00:00
[2023-12-15T12:04:11.535+0000] {processor.py:179} INFO - Processing /home/airflow/.local/lib/python3.8/site-packages/airflow/example_dags/example_sla_dag.py took 0.209 seconds
[2023-12-15T12:04:42.608+0000] {processor.py:157} INFO - Started process (PID=2846) to work on /home/airflow/.local/lib/python3.8/site-packages/airflow/example_dags/example_sla_dag.py
[2023-12-15T12:04:42.614+0000] {processor.py:829} INFO - Processing file /home/airflow/.local/lib/python3.8/site-packages/airflow/example_dags/example_sla_dag.py for tasks to queue
[2023-12-15T12:04:42.617+0000] {logging_mixin.py:154} INFO - [2023-12-15T12:04:42.617+0000] {dagbag.py:536} INFO - Filling up the DagBag from /home/airflow/.local/lib/python3.8/site-packages/airflow/example_dags/example_sla_dag.py
[2023-12-15T12:04:42.629+0000] {processor.py:839} INFO - DAG(s) dict_keys(['example_sla_dag']) retrieved from /home/airflow/.local/lib/python3.8/site-packages/airflow/example_dags/example_sla_dag.py
[2023-12-15T12:04:42.662+0000] {logging_mixin.py:154} INFO - [2023-12-15T12:04:42.662+0000] {dag.py:2941} INFO - Sync 1 DAGs
[2023-12-15T12:04:42.684+0000] {logging_mixin.py:154} INFO - [2023-12-15T12:04:42.683+0000] {dag.py:3722} INFO - Setting next_dagrun for example_sla_dag to 2023-12-15T12:02:00+00:00, run_after=2023-12-15T12:04:00+00:00
[2023-12-15T12:04:42.700+0000] {processor.py:179} INFO - Processing /home/airflow/.local/lib/python3.8/site-packages/airflow/example_dags/example_sla_dag.py took 0.101 seconds
[2023-12-15T12:05:14.240+0000] {processor.py:157} INFO - Started process (PID=2900) to work on /home/airflow/.local/lib/python3.8/site-packages/airflow/example_dags/example_sla_dag.py
[2023-12-15T12:05:14.242+0000] {processor.py:829} INFO - Processing file /home/airflow/.local/lib/python3.8/site-packages/airflow/example_dags/example_sla_dag.py for tasks to queue
[2023-12-15T12:05:14.247+0000] {logging_mixin.py:154} INFO - [2023-12-15T12:05:14.247+0000] {dagbag.py:536} INFO - Filling up the DagBag from /home/airflow/.local/lib/python3.8/site-packages/airflow/example_dags/example_sla_dag.py
[2023-12-15T12:05:14.284+0000] {processor.py:839} INFO - DAG(s) dict_keys(['example_sla_dag']) retrieved from /home/airflow/.local/lib/python3.8/site-packages/airflow/example_dags/example_sla_dag.py
[2023-12-15T12:05:14.388+0000] {logging_mixin.py:154} INFO - [2023-12-15T12:05:14.388+0000] {dag.py:2941} INFO - Sync 1 DAGs
[2023-12-15T12:05:14.449+0000] {logging_mixin.py:154} INFO - [2023-12-15T12:05:14.449+0000] {dag.py:3722} INFO - Setting next_dagrun for example_sla_dag to 2023-12-15T12:02:00+00:00, run_after=2023-12-15T12:04:00+00:00
[2023-12-15T12:05:14.488+0000] {processor.py:179} INFO - Processing /home/airflow/.local/lib/python3.8/site-packages/airflow/example_dags/example_sla_dag.py took 0.257 seconds
[2023-12-15T12:05:45.046+0000] {processor.py:157} INFO - Started process (PID=2952) to work on /home/airflow/.local/lib/python3.8/site-packages/airflow/example_dags/example_sla_dag.py
[2023-12-15T12:05:45.051+0000] {processor.py:829} INFO - Processing file /home/airflow/.local/lib/python3.8/site-packages/airflow/example_dags/example_sla_dag.py for tasks to queue
[2023-12-15T12:05:45.119+0000] {logging_mixin.py:154} INFO - [2023-12-15T12:05:45.118+0000] {dagbag.py:536} INFO - Filling up the DagBag from /home/airflow/.local/lib/python3.8/site-packages/airflow/example_dags/example_sla_dag.py
[2023-12-15T12:05:45.161+0000] {processor.py:839} INFO - DAG(s) dict_keys(['example_sla_dag']) retrieved from /home/airflow/.local/lib/python3.8/site-packages/airflow/example_dags/example_sla_dag.py
[2023-12-15T12:05:45.227+0000] {logging_mixin.py:154} INFO - [2023-12-15T12:05:45.227+0000] {dag.py:2941} INFO - Sync 1 DAGs
[2023-12-15T12:05:45.275+0000] {logging_mixin.py:154} INFO - [2023-12-15T12:05:45.275+0000] {dag.py:3722} INFO - Setting next_dagrun for example_sla_dag to 2023-12-15T12:02:00+00:00, run_after=2023-12-15T12:04:00+00:00
[2023-12-15T12:05:45.313+0000] {processor.py:179} INFO - Processing /home/airflow/.local/lib/python3.8/site-packages/airflow/example_dags/example_sla_dag.py took 0.319 seconds
[2023-12-15T12:06:15.438+0000] {processor.py:157} INFO - Started process (PID=3006) to work on /home/airflow/.local/lib/python3.8/site-packages/airflow/example_dags/example_sla_dag.py
[2023-12-15T12:06:15.464+0000] {processor.py:829} INFO - Processing file /home/airflow/.local/lib/python3.8/site-packages/airflow/example_dags/example_sla_dag.py for tasks to queue
[2023-12-15T12:06:15.476+0000] {logging_mixin.py:154} INFO - [2023-12-15T12:06:15.475+0000] {dagbag.py:536} INFO - Filling up the DagBag from /home/airflow/.local/lib/python3.8/site-packages/airflow/example_dags/example_sla_dag.py
[2023-12-15T12:06:15.523+0000] {processor.py:839} INFO - DAG(s) dict_keys(['example_sla_dag']) retrieved from /home/airflow/.local/lib/python3.8/site-packages/airflow/example_dags/example_sla_dag.py
[2023-12-15T12:06:15.603+0000] {logging_mixin.py:154} INFO - [2023-12-15T12:06:15.603+0000] {dag.py:2941} INFO - Sync 1 DAGs
[2023-12-15T12:06:15.655+0000] {logging_mixin.py:154} INFO - [2023-12-15T12:06:15.655+0000] {dag.py:3722} INFO - Setting next_dagrun for example_sla_dag to 2023-12-15T12:04:00+00:00, run_after=2023-12-15T12:06:00+00:00
[2023-12-15T12:06:15.675+0000] {processor.py:179} INFO - Processing /home/airflow/.local/lib/python3.8/site-packages/airflow/example_dags/example_sla_dag.py took 0.248 seconds
[2023-12-15T12:06:46.216+0000] {processor.py:157} INFO - Started process (PID=3060) to work on /home/airflow/.local/lib/python3.8/site-packages/airflow/example_dags/example_sla_dag.py
[2023-12-15T12:06:46.219+0000] {processor.py:829} INFO - Processing file /home/airflow/.local/lib/python3.8/site-packages/airflow/example_dags/example_sla_dag.py for tasks to queue
[2023-12-15T12:06:46.223+0000] {logging_mixin.py:154} INFO - [2023-12-15T12:06:46.223+0000] {dagbag.py:536} INFO - Filling up the DagBag from /home/airflow/.local/lib/python3.8/site-packages/airflow/example_dags/example_sla_dag.py
[2023-12-15T12:06:46.236+0000] {processor.py:839} INFO - DAG(s) dict_keys(['example_sla_dag']) retrieved from /home/airflow/.local/lib/python3.8/site-packages/airflow/example_dags/example_sla_dag.py
[2023-12-15T12:06:46.268+0000] {logging_mixin.py:154} INFO - [2023-12-15T12:06:46.268+0000] {dag.py:2941} INFO - Sync 1 DAGs
[2023-12-15T12:06:46.305+0000] {logging_mixin.py:154} INFO - [2023-12-15T12:06:46.305+0000] {dag.py:3722} INFO - Setting next_dagrun for example_sla_dag to 2023-12-15T12:04:00+00:00, run_after=2023-12-15T12:06:00+00:00
[2023-12-15T12:06:46.327+0000] {processor.py:179} INFO - Processing /home/airflow/.local/lib/python3.8/site-packages/airflow/example_dags/example_sla_dag.py took 0.114 seconds
[2023-12-15T12:07:17.683+0000] {processor.py:157} INFO - Started process (PID=3113) to work on /home/airflow/.local/lib/python3.8/site-packages/airflow/example_dags/example_sla_dag.py
[2023-12-15T12:07:17.686+0000] {processor.py:829} INFO - Processing file /home/airflow/.local/lib/python3.8/site-packages/airflow/example_dags/example_sla_dag.py for tasks to queue
[2023-12-15T12:07:17.693+0000] {logging_mixin.py:154} INFO - [2023-12-15T12:07:17.693+0000] {dagbag.py:536} INFO - Filling up the DagBag from /home/airflow/.local/lib/python3.8/site-packages/airflow/example_dags/example_sla_dag.py
[2023-12-15T12:07:17.708+0000] {processor.py:839} INFO - DAG(s) dict_keys(['example_sla_dag']) retrieved from /home/airflow/.local/lib/python3.8/site-packages/airflow/example_dags/example_sla_dag.py
[2023-12-15T12:07:17.756+0000] {logging_mixin.py:154} INFO - [2023-12-15T12:07:17.756+0000] {dag.py:2941} INFO - Sync 1 DAGs
[2023-12-15T12:07:17.792+0000] {logging_mixin.py:154} INFO - [2023-12-15T12:07:17.792+0000] {dag.py:3722} INFO - Setting next_dagrun for example_sla_dag to 2023-12-15T12:04:00+00:00, run_after=2023-12-15T12:06:00+00:00
[2023-12-15T12:07:17.803+0000] {processor.py:179} INFO - Processing /home/airflow/.local/lib/python3.8/site-packages/airflow/example_dags/example_sla_dag.py took 0.125 seconds
[2023-12-15T12:07:48.463+0000] {processor.py:157} INFO - Started process (PID=3167) to work on /home/airflow/.local/lib/python3.8/site-packages/airflow/example_dags/example_sla_dag.py
[2023-12-15T12:07:48.466+0000] {processor.py:829} INFO - Processing file /home/airflow/.local/lib/python3.8/site-packages/airflow/example_dags/example_sla_dag.py for tasks to queue
[2023-12-15T12:07:48.474+0000] {logging_mixin.py:154} INFO - [2023-12-15T12:07:48.473+0000] {dagbag.py:536} INFO - Filling up the DagBag from /home/airflow/.local/lib/python3.8/site-packages/airflow/example_dags/example_sla_dag.py
[2023-12-15T12:07:48.494+0000] {processor.py:839} INFO - DAG(s) dict_keys(['example_sla_dag']) retrieved from /home/airflow/.local/lib/python3.8/site-packages/airflow/example_dags/example_sla_dag.py
[2023-12-15T12:07:48.539+0000] {logging_mixin.py:154} INFO - [2023-12-15T12:07:48.539+0000] {dag.py:2941} INFO - Sync 1 DAGs
[2023-12-15T12:07:48.582+0000] {logging_mixin.py:154} INFO - [2023-12-15T12:07:48.582+0000] {dag.py:3722} INFO - Setting next_dagrun for example_sla_dag to 2023-12-15T12:04:00+00:00, run_after=2023-12-15T12:06:00+00:00
[2023-12-15T12:07:48.627+0000] {processor.py:179} INFO - Processing /home/airflow/.local/lib/python3.8/site-packages/airflow/example_dags/example_sla_dag.py took 0.169 seconds
[2023-12-15T12:08:20.004+0000] {processor.py:157} INFO - Started process (PID=3220) to work on /home/airflow/.local/lib/python3.8/site-packages/airflow/example_dags/example_sla_dag.py
[2023-12-15T12:08:20.010+0000] {processor.py:829} INFO - Processing file /home/airflow/.local/lib/python3.8/site-packages/airflow/example_dags/example_sla_dag.py for tasks to queue
[2023-12-15T12:08:20.033+0000] {logging_mixin.py:154} INFO - [2023-12-15T12:08:20.025+0000] {dagbag.py:536} INFO - Filling up the DagBag from /home/airflow/.local/lib/python3.8/site-packages/airflow/example_dags/example_sla_dag.py
[2023-12-15T12:08:20.062+0000] {processor.py:839} INFO - DAG(s) dict_keys(['example_sla_dag']) retrieved from /home/airflow/.local/lib/python3.8/site-packages/airflow/example_dags/example_sla_dag.py
[2023-12-15T12:08:20.118+0000] {logging_mixin.py:154} INFO - [2023-12-15T12:08:20.117+0000] {dag.py:2941} INFO - Sync 1 DAGs
[2023-12-15T12:08:20.170+0000] {logging_mixin.py:154} INFO - [2023-12-15T12:08:20.170+0000] {dag.py:3722} INFO - Setting next_dagrun for example_sla_dag to 2023-12-15T12:06:00+00:00, run_after=2023-12-15T12:08:00+00:00
[2023-12-15T12:08:20.193+0000] {processor.py:179} INFO - Processing /home/airflow/.local/lib/python3.8/site-packages/airflow/example_dags/example_sla_dag.py took 0.198 seconds
[2023-12-15T12:08:51.811+0000] {processor.py:157} INFO - Started process (PID=3274) to work on /home/airflow/.local/lib/python3.8/site-packages/airflow/example_dags/example_sla_dag.py
[2023-12-15T12:08:51.821+0000] {processor.py:829} INFO - Processing file /home/airflow/.local/lib/python3.8/site-packages/airflow/example_dags/example_sla_dag.py for tasks to queue
[2023-12-15T12:08:51.832+0000] {logging_mixin.py:154} INFO - [2023-12-15T12:08:51.832+0000] {dagbag.py:536} INFO - Filling up the DagBag from /home/airflow/.local/lib/python3.8/site-packages/airflow/example_dags/example_sla_dag.py
[2023-12-15T12:08:51.862+0000] {processor.py:839} INFO - DAG(s) dict_keys(['example_sla_dag']) retrieved from /home/airflow/.local/lib/python3.8/site-packages/airflow/example_dags/example_sla_dag.py
[2023-12-15T12:08:52.078+0000] {logging_mixin.py:154} INFO - [2023-12-15T12:08:52.071+0000] {dag.py:2941} INFO - Sync 1 DAGs
[2023-12-15T12:08:52.352+0000] {logging_mixin.py:154} INFO - [2023-12-15T12:08:52.352+0000] {dag.py:3722} INFO - Setting next_dagrun for example_sla_dag to 2023-12-15T12:06:00+00:00, run_after=2023-12-15T12:08:00+00:00
[2023-12-15T12:08:52.482+0000] {processor.py:179} INFO - Processing /home/airflow/.local/lib/python3.8/site-packages/airflow/example_dags/example_sla_dag.py took 0.684 seconds
[2023-12-15T12:09:23.972+0000] {processor.py:157} INFO - Started process (PID=3328) to work on /home/airflow/.local/lib/python3.8/site-packages/airflow/example_dags/example_sla_dag.py
[2023-12-15T12:09:23.976+0000] {processor.py:829} INFO - Processing file /home/airflow/.local/lib/python3.8/site-packages/airflow/example_dags/example_sla_dag.py for tasks to queue
[2023-12-15T12:09:23.993+0000] {logging_mixin.py:154} INFO - [2023-12-15T12:09:23.993+0000] {dagbag.py:536} INFO - Filling up the DagBag from /home/airflow/.local/lib/python3.8/site-packages/airflow/example_dags/example_sla_dag.py
[2023-12-15T12:09:24.028+0000] {processor.py:839} INFO - DAG(s) dict_keys(['example_sla_dag']) retrieved from /home/airflow/.local/lib/python3.8/site-packages/airflow/example_dags/example_sla_dag.py
[2023-12-15T12:09:24.087+0000] {logging_mixin.py:154} INFO - [2023-12-15T12:09:24.086+0000] {dag.py:2941} INFO - Sync 1 DAGs
[2023-12-15T12:09:24.143+0000] {logging_mixin.py:154} INFO - [2023-12-15T12:09:24.142+0000] {dag.py:3722} INFO - Setting next_dagrun for example_sla_dag to 2023-12-15T12:06:00+00:00, run_after=2023-12-15T12:08:00+00:00
[2023-12-15T12:09:24.168+0000] {processor.py:179} INFO - Processing /home/airflow/.local/lib/python3.8/site-packages/airflow/example_dags/example_sla_dag.py took 0.243 seconds
[2023-12-15T12:09:55.212+0000] {processor.py:157} INFO - Started process (PID=3382) to work on /home/airflow/.local/lib/python3.8/site-packages/airflow/example_dags/example_sla_dag.py
[2023-12-15T12:09:55.216+0000] {processor.py:829} INFO - Processing file /home/airflow/.local/lib/python3.8/site-packages/airflow/example_dags/example_sla_dag.py for tasks to queue
[2023-12-15T12:09:55.245+0000] {logging_mixin.py:154} INFO - [2023-12-15T12:09:55.245+0000] {dagbag.py:536} INFO - Filling up the DagBag from /home/airflow/.local/lib/python3.8/site-packages/airflow/example_dags/example_sla_dag.py
[2023-12-15T12:09:55.270+0000] {processor.py:839} INFO - DAG(s) dict_keys(['example_sla_dag']) retrieved from /home/airflow/.local/lib/python3.8/site-packages/airflow/example_dags/example_sla_dag.py
[2023-12-15T12:09:55.336+0000] {logging_mixin.py:154} INFO - [2023-12-15T12:09:55.336+0000] {dag.py:2941} INFO - Sync 1 DAGs
[2023-12-15T12:09:55.395+0000] {logging_mixin.py:154} INFO - [2023-12-15T12:09:55.394+0000] {dag.py:3722} INFO - Setting next_dagrun for example_sla_dag to 2023-12-15T12:06:00+00:00, run_after=2023-12-15T12:08:00+00:00
[2023-12-15T12:09:55.449+0000] {processor.py:179} INFO - Processing /home/airflow/.local/lib/python3.8/site-packages/airflow/example_dags/example_sla_dag.py took 0.256 seconds
[2023-12-15T12:10:26.329+0000] {processor.py:157} INFO - Started process (PID=3436) to work on /home/airflow/.local/lib/python3.8/site-packages/airflow/example_dags/example_sla_dag.py
[2023-12-15T12:10:26.331+0000] {processor.py:829} INFO - Processing file /home/airflow/.local/lib/python3.8/site-packages/airflow/example_dags/example_sla_dag.py for tasks to queue
[2023-12-15T12:10:26.341+0000] {logging_mixin.py:154} INFO - [2023-12-15T12:10:26.340+0000] {dagbag.py:536} INFO - Filling up the DagBag from /home/airflow/.local/lib/python3.8/site-packages/airflow/example_dags/example_sla_dag.py
[2023-12-15T12:10:26.484+0000] {processor.py:839} INFO - DAG(s) dict_keys(['example_sla_dag']) retrieved from /home/airflow/.local/lib/python3.8/site-packages/airflow/example_dags/example_sla_dag.py
[2023-12-15T12:10:26.657+0000] {logging_mixin.py:154} INFO - [2023-12-15T12:10:26.657+0000] {dag.py:2941} INFO - Sync 1 DAGs
[2023-12-15T12:10:26.803+0000] {logging_mixin.py:154} INFO - [2023-12-15T12:10:26.803+0000] {dag.py:3722} INFO - Setting next_dagrun for example_sla_dag to 2023-12-15T12:08:00+00:00, run_after=2023-12-15T12:10:00+00:00
[2023-12-15T12:10:26.909+0000] {processor.py:179} INFO - Processing /home/airflow/.local/lib/python3.8/site-packages/airflow/example_dags/example_sla_dag.py took 0.612 seconds
