[2023-12-15T11:36:56.555+0000] {processor.py:157} INFO - Started process (PID=58) to work on /home/airflow/.local/lib/python3.8/site-packages/airflow/example_dags/example_setup_teardown_taskflow.py
[2023-12-15T11:36:56.563+0000] {processor.py:829} INFO - Processing file /home/airflow/.local/lib/python3.8/site-packages/airflow/example_dags/example_setup_teardown_taskflow.py for tasks to queue
[2023-12-15T11:36:56.580+0000] {logging_mixin.py:154} INFO - [2023-12-15T11:36:56.579+0000] {dagbag.py:536} INFO - Filling up the DagBag from /home/airflow/.local/lib/python3.8/site-packages/airflow/example_dags/example_setup_teardown_taskflow.py
[2023-12-15T11:36:56.614+0000] {processor.py:839} INFO - DAG(s) dict_keys(['example_setup_teardown_taskflow']) retrieved from /home/airflow/.local/lib/python3.8/site-packages/airflow/example_dags/example_setup_teardown_taskflow.py
[2023-12-15T11:36:56.660+0000] {logging_mixin.py:154} INFO - [2023-12-15T11:36:56.659+0000] {dag.py:2941} INFO - Sync 1 DAGs
[2023-12-15T11:36:56.723+0000] {logging_mixin.py:154} INFO - [2023-12-15T11:36:56.717+0000] {dag.py:3722} INFO - Setting next_dagrun for example_setup_teardown_taskflow to 2023-12-14T11:36:56.716404+00:00, run_after=2023-12-15T11:36:56.716404+00:00
[2023-12-15T11:36:56.806+0000] {processor.py:179} INFO - Processing /home/airflow/.local/lib/python3.8/site-packages/airflow/example_dags/example_setup_teardown_taskflow.py took 0.264 seconds
[2023-12-15T11:37:27.368+0000] {processor.py:157} INFO - Started process (PID=111) to work on /home/airflow/.local/lib/python3.8/site-packages/airflow/example_dags/example_setup_teardown_taskflow.py
[2023-12-15T11:37:27.373+0000] {processor.py:829} INFO - Processing file /home/airflow/.local/lib/python3.8/site-packages/airflow/example_dags/example_setup_teardown_taskflow.py for tasks to queue
[2023-12-15T11:37:27.376+0000] {logging_mixin.py:154} INFO - [2023-12-15T11:37:27.376+0000] {dagbag.py:536} INFO - Filling up the DagBag from /home/airflow/.local/lib/python3.8/site-packages/airflow/example_dags/example_setup_teardown_taskflow.py
[2023-12-15T11:37:27.403+0000] {processor.py:839} INFO - DAG(s) dict_keys(['example_setup_teardown_taskflow']) retrieved from /home/airflow/.local/lib/python3.8/site-packages/airflow/example_dags/example_setup_teardown_taskflow.py
[2023-12-15T11:37:27.451+0000] {logging_mixin.py:154} INFO - [2023-12-15T11:37:27.451+0000] {dag.py:2941} INFO - Sync 1 DAGs
[2023-12-15T11:37:27.508+0000] {logging_mixin.py:154} INFO - [2023-12-15T11:37:27.508+0000] {dag.py:3722} INFO - Setting next_dagrun for example_setup_teardown_taskflow to 2023-12-14T11:37:27.502984+00:00, run_after=2023-12-15T11:37:27.502984+00:00
[2023-12-15T11:37:27.579+0000] {processor.py:179} INFO - Processing /home/airflow/.local/lib/python3.8/site-packages/airflow/example_dags/example_setup_teardown_taskflow.py took 0.216 seconds
[2023-12-15T11:37:58.330+0000] {processor.py:157} INFO - Started process (PID=165) to work on /home/airflow/.local/lib/python3.8/site-packages/airflow/example_dags/example_setup_teardown_taskflow.py
[2023-12-15T11:37:58.331+0000] {processor.py:829} INFO - Processing file /home/airflow/.local/lib/python3.8/site-packages/airflow/example_dags/example_setup_teardown_taskflow.py for tasks to queue
[2023-12-15T11:37:58.334+0000] {logging_mixin.py:154} INFO - [2023-12-15T11:37:58.333+0000] {dagbag.py:536} INFO - Filling up the DagBag from /home/airflow/.local/lib/python3.8/site-packages/airflow/example_dags/example_setup_teardown_taskflow.py
[2023-12-15T11:37:58.350+0000] {processor.py:839} INFO - DAG(s) dict_keys(['example_setup_teardown_taskflow']) retrieved from /home/airflow/.local/lib/python3.8/site-packages/airflow/example_dags/example_setup_teardown_taskflow.py
[2023-12-15T11:37:58.377+0000] {logging_mixin.py:154} INFO - [2023-12-15T11:37:58.377+0000] {dag.py:2941} INFO - Sync 1 DAGs
[2023-12-15T11:37:58.401+0000] {logging_mixin.py:154} INFO - [2023-12-15T11:37:58.401+0000] {dag.py:3722} INFO - Setting next_dagrun for example_setup_teardown_taskflow to 2023-12-14T11:37:58.401166+00:00, run_after=2023-12-15T11:37:58.401166+00:00
[2023-12-15T11:37:58.415+0000] {processor.py:179} INFO - Processing /home/airflow/.local/lib/python3.8/site-packages/airflow/example_dags/example_setup_teardown_taskflow.py took 0.088 seconds
[2023-12-15T11:38:29.657+0000] {processor.py:157} INFO - Started process (PID=219) to work on /home/airflow/.local/lib/python3.8/site-packages/airflow/example_dags/example_setup_teardown_taskflow.py
[2023-12-15T11:38:29.661+0000] {processor.py:829} INFO - Processing file /home/airflow/.local/lib/python3.8/site-packages/airflow/example_dags/example_setup_teardown_taskflow.py for tasks to queue
[2023-12-15T11:38:29.676+0000] {logging_mixin.py:154} INFO - [2023-12-15T11:38:29.674+0000] {dagbag.py:536} INFO - Filling up the DagBag from /home/airflow/.local/lib/python3.8/site-packages/airflow/example_dags/example_setup_teardown_taskflow.py
[2023-12-15T11:38:29.714+0000] {processor.py:839} INFO - DAG(s) dict_keys(['example_setup_teardown_taskflow']) retrieved from /home/airflow/.local/lib/python3.8/site-packages/airflow/example_dags/example_setup_teardown_taskflow.py
[2023-12-15T11:38:29.766+0000] {logging_mixin.py:154} INFO - [2023-12-15T11:38:29.765+0000] {dag.py:2941} INFO - Sync 1 DAGs
[2023-12-15T11:38:29.832+0000] {logging_mixin.py:154} INFO - [2023-12-15T11:38:29.831+0000] {dag.py:3722} INFO - Setting next_dagrun for example_setup_teardown_taskflow to 2023-12-14T11:38:29.831153+00:00, run_after=2023-12-15T11:38:29.831153+00:00
[2023-12-15T11:38:30.278+0000] {processor.py:179} INFO - Processing /home/airflow/.local/lib/python3.8/site-packages/airflow/example_dags/example_setup_teardown_taskflow.py took 0.632 seconds
[2023-12-15T11:39:04.053+0000] {processor.py:157} INFO - Started process (PID=279) to work on /home/airflow/.local/lib/python3.8/site-packages/airflow/example_dags/example_setup_teardown_taskflow.py
[2023-12-15T11:39:04.055+0000] {processor.py:829} INFO - Processing file /home/airflow/.local/lib/python3.8/site-packages/airflow/example_dags/example_setup_teardown_taskflow.py for tasks to queue
[2023-12-15T11:39:04.057+0000] {logging_mixin.py:154} INFO - [2023-12-15T11:39:04.057+0000] {dagbag.py:536} INFO - Filling up the DagBag from /home/airflow/.local/lib/python3.8/site-packages/airflow/example_dags/example_setup_teardown_taskflow.py
[2023-12-15T11:39:04.078+0000] {processor.py:839} INFO - DAG(s) dict_keys(['example_setup_teardown_taskflow']) retrieved from /home/airflow/.local/lib/python3.8/site-packages/airflow/example_dags/example_setup_teardown_taskflow.py
[2023-12-15T11:39:04.116+0000] {logging_mixin.py:154} INFO - [2023-12-15T11:39:04.113+0000] {dag.py:2941} INFO - Sync 1 DAGs
[2023-12-15T11:39:04.187+0000] {logging_mixin.py:154} INFO - [2023-12-15T11:39:04.186+0000] {dag.py:3722} INFO - Setting next_dagrun for example_setup_teardown_taskflow to 2023-12-14T11:39:04.186386+00:00, run_after=2023-12-15T11:39:04.186386+00:00
[2023-12-15T11:39:04.213+0000] {processor.py:179} INFO - Processing /home/airflow/.local/lib/python3.8/site-packages/airflow/example_dags/example_setup_teardown_taskflow.py took 0.166 seconds
[2023-12-15T11:39:38.240+0000] {processor.py:157} INFO - Started process (PID=331) to work on /home/airflow/.local/lib/python3.8/site-packages/airflow/example_dags/example_setup_teardown_taskflow.py
[2023-12-15T11:39:38.244+0000] {processor.py:829} INFO - Processing file /home/airflow/.local/lib/python3.8/site-packages/airflow/example_dags/example_setup_teardown_taskflow.py for tasks to queue
[2023-12-15T11:39:38.252+0000] {logging_mixin.py:154} INFO - [2023-12-15T11:39:38.250+0000] {dagbag.py:536} INFO - Filling up the DagBag from /home/airflow/.local/lib/python3.8/site-packages/airflow/example_dags/example_setup_teardown_taskflow.py
[2023-12-15T11:39:38.274+0000] {processor.py:839} INFO - DAG(s) dict_keys(['example_setup_teardown_taskflow']) retrieved from /home/airflow/.local/lib/python3.8/site-packages/airflow/example_dags/example_setup_teardown_taskflow.py
[2023-12-15T11:39:38.347+0000] {logging_mixin.py:154} INFO - [2023-12-15T11:39:38.346+0000] {dag.py:2941} INFO - Sync 1 DAGs
[2023-12-15T11:39:38.383+0000] {logging_mixin.py:154} INFO - [2023-12-15T11:39:38.383+0000] {dag.py:3722} INFO - Setting next_dagrun for example_setup_teardown_taskflow to 2023-12-14T11:39:38.371335+00:00, run_after=2023-12-15T11:39:38.371335+00:00
[2023-12-15T11:39:38.425+0000] {processor.py:179} INFO - Processing /home/airflow/.local/lib/python3.8/site-packages/airflow/example_dags/example_setup_teardown_taskflow.py took 0.195 seconds
[2023-12-15T11:40:10.978+0000] {processor.py:157} INFO - Started process (PID=385) to work on /home/airflow/.local/lib/python3.8/site-packages/airflow/example_dags/example_setup_teardown_taskflow.py
[2023-12-15T11:40:10.982+0000] {processor.py:829} INFO - Processing file /home/airflow/.local/lib/python3.8/site-packages/airflow/example_dags/example_setup_teardown_taskflow.py for tasks to queue
[2023-12-15T11:40:10.989+0000] {logging_mixin.py:154} INFO - [2023-12-15T11:40:10.989+0000] {dagbag.py:536} INFO - Filling up the DagBag from /home/airflow/.local/lib/python3.8/site-packages/airflow/example_dags/example_setup_teardown_taskflow.py
[2023-12-15T11:40:11.021+0000] {processor.py:839} INFO - DAG(s) dict_keys(['example_setup_teardown_taskflow']) retrieved from /home/airflow/.local/lib/python3.8/site-packages/airflow/example_dags/example_setup_teardown_taskflow.py
[2023-12-15T11:40:11.152+0000] {logging_mixin.py:154} INFO - [2023-12-15T11:40:11.152+0000] {dag.py:2941} INFO - Sync 1 DAGs
[2023-12-15T11:40:11.220+0000] {logging_mixin.py:154} INFO - [2023-12-15T11:40:11.220+0000] {dag.py:3722} INFO - Setting next_dagrun for example_setup_teardown_taskflow to 2023-12-14T11:40:11.215592+00:00, run_after=2023-12-15T11:40:11.215592+00:00
[2023-12-15T11:40:11.257+0000] {processor.py:179} INFO - Processing /home/airflow/.local/lib/python3.8/site-packages/airflow/example_dags/example_setup_teardown_taskflow.py took 0.283 seconds
[2023-12-15T11:40:41.554+0000] {processor.py:157} INFO - Started process (PID=439) to work on /home/airflow/.local/lib/python3.8/site-packages/airflow/example_dags/example_setup_teardown_taskflow.py
[2023-12-15T11:40:41.555+0000] {processor.py:829} INFO - Processing file /home/airflow/.local/lib/python3.8/site-packages/airflow/example_dags/example_setup_teardown_taskflow.py for tasks to queue
[2023-12-15T11:40:41.559+0000] {logging_mixin.py:154} INFO - [2023-12-15T11:40:41.558+0000] {dagbag.py:536} INFO - Filling up the DagBag from /home/airflow/.local/lib/python3.8/site-packages/airflow/example_dags/example_setup_teardown_taskflow.py
[2023-12-15T11:40:41.582+0000] {processor.py:839} INFO - DAG(s) dict_keys(['example_setup_teardown_taskflow']) retrieved from /home/airflow/.local/lib/python3.8/site-packages/airflow/example_dags/example_setup_teardown_taskflow.py
[2023-12-15T11:40:41.633+0000] {logging_mixin.py:154} INFO - [2023-12-15T11:40:41.633+0000] {dag.py:2941} INFO - Sync 1 DAGs
[2023-12-15T11:40:41.681+0000] {logging_mixin.py:154} INFO - [2023-12-15T11:40:41.681+0000] {dag.py:3722} INFO - Setting next_dagrun for example_setup_teardown_taskflow to 2023-12-14T11:40:41.680714+00:00, run_after=2023-12-15T11:40:41.680714+00:00
[2023-12-15T11:40:41.716+0000] {processor.py:179} INFO - Processing /home/airflow/.local/lib/python3.8/site-packages/airflow/example_dags/example_setup_teardown_taskflow.py took 0.168 seconds
[2023-12-15T11:41:11.964+0000] {processor.py:157} INFO - Started process (PID=493) to work on /home/airflow/.local/lib/python3.8/site-packages/airflow/example_dags/example_setup_teardown_taskflow.py
[2023-12-15T11:41:11.967+0000] {processor.py:829} INFO - Processing file /home/airflow/.local/lib/python3.8/site-packages/airflow/example_dags/example_setup_teardown_taskflow.py for tasks to queue
[2023-12-15T11:41:11.969+0000] {logging_mixin.py:154} INFO - [2023-12-15T11:41:11.969+0000] {dagbag.py:536} INFO - Filling up the DagBag from /home/airflow/.local/lib/python3.8/site-packages/airflow/example_dags/example_setup_teardown_taskflow.py
[2023-12-15T11:41:11.985+0000] {processor.py:839} INFO - DAG(s) dict_keys(['example_setup_teardown_taskflow']) retrieved from /home/airflow/.local/lib/python3.8/site-packages/airflow/example_dags/example_setup_teardown_taskflow.py
[2023-12-15T11:41:12.031+0000] {logging_mixin.py:154} INFO - [2023-12-15T11:41:12.031+0000] {dag.py:2941} INFO - Sync 1 DAGs
[2023-12-15T11:41:12.053+0000] {logging_mixin.py:154} INFO - [2023-12-15T11:41:12.052+0000] {dag.py:3722} INFO - Setting next_dagrun for example_setup_teardown_taskflow to 2023-12-14T11:41:12.052206+00:00, run_after=2023-12-15T11:41:12.052206+00:00
[2023-12-15T11:41:12.088+0000] {processor.py:179} INFO - Processing /home/airflow/.local/lib/python3.8/site-packages/airflow/example_dags/example_setup_teardown_taskflow.py took 0.127 seconds
[2023-12-15T11:41:48.765+0000] {processor.py:157} INFO - Started process (PID=547) to work on /home/airflow/.local/lib/python3.8/site-packages/airflow/example_dags/example_setup_teardown_taskflow.py
[2023-12-15T11:41:48.766+0000] {processor.py:829} INFO - Processing file /home/airflow/.local/lib/python3.8/site-packages/airflow/example_dags/example_setup_teardown_taskflow.py for tasks to queue
[2023-12-15T11:41:48.767+0000] {logging_mixin.py:154} INFO - [2023-12-15T11:41:48.767+0000] {dagbag.py:536} INFO - Filling up the DagBag from /home/airflow/.local/lib/python3.8/site-packages/airflow/example_dags/example_setup_teardown_taskflow.py
[2023-12-15T11:41:48.781+0000] {processor.py:839} INFO - DAG(s) dict_keys(['example_setup_teardown_taskflow']) retrieved from /home/airflow/.local/lib/python3.8/site-packages/airflow/example_dags/example_setup_teardown_taskflow.py
[2023-12-15T11:41:48.798+0000] {logging_mixin.py:154} INFO - [2023-12-15T11:41:48.798+0000] {dag.py:2941} INFO - Sync 1 DAGs
[2023-12-15T11:41:48.817+0000] {logging_mixin.py:154} INFO - [2023-12-15T11:41:48.817+0000] {dag.py:3722} INFO - Setting next_dagrun for example_setup_teardown_taskflow to 2023-12-14T11:41:48.816855+00:00, run_after=2023-12-15T11:41:48.816855+00:00
[2023-12-15T11:41:48.837+0000] {processor.py:179} INFO - Processing /home/airflow/.local/lib/python3.8/site-packages/airflow/example_dags/example_setup_teardown_taskflow.py took 0.075 seconds
[2023-12-15T11:42:21.506+0000] {processor.py:157} INFO - Started process (PID=602) to work on /home/airflow/.local/lib/python3.8/site-packages/airflow/example_dags/example_setup_teardown_taskflow.py
[2023-12-15T11:42:21.509+0000] {processor.py:829} INFO - Processing file /home/airflow/.local/lib/python3.8/site-packages/airflow/example_dags/example_setup_teardown_taskflow.py for tasks to queue
[2023-12-15T11:42:21.511+0000] {logging_mixin.py:154} INFO - [2023-12-15T11:42:21.511+0000] {dagbag.py:536} INFO - Filling up the DagBag from /home/airflow/.local/lib/python3.8/site-packages/airflow/example_dags/example_setup_teardown_taskflow.py
[2023-12-15T11:42:21.531+0000] {processor.py:839} INFO - DAG(s) dict_keys(['example_setup_teardown_taskflow']) retrieved from /home/airflow/.local/lib/python3.8/site-packages/airflow/example_dags/example_setup_teardown_taskflow.py
[2023-12-15T11:42:21.630+0000] {logging_mixin.py:154} INFO - [2023-12-15T11:42:21.627+0000] {dag.py:2941} INFO - Sync 1 DAGs
[2023-12-15T11:42:21.760+0000] {logging_mixin.py:154} INFO - [2023-12-15T11:42:21.759+0000] {dag.py:3722} INFO - Setting next_dagrun for example_setup_teardown_taskflow to 2023-12-14T11:42:21.759353+00:00, run_after=2023-12-15T11:42:21.759353+00:00
[2023-12-15T11:42:22.119+0000] {processor.py:179} INFO - Processing /home/airflow/.local/lib/python3.8/site-packages/airflow/example_dags/example_setup_teardown_taskflow.py took 0.615 seconds
[2023-12-15T11:43:03.523+0000] {processor.py:157} INFO - Started process (PID=657) to work on /home/airflow/.local/lib/python3.8/site-packages/airflow/example_dags/example_setup_teardown_taskflow.py
[2023-12-15T11:43:03.530+0000] {processor.py:829} INFO - Processing file /home/airflow/.local/lib/python3.8/site-packages/airflow/example_dags/example_setup_teardown_taskflow.py for tasks to queue
[2023-12-15T11:43:03.535+0000] {logging_mixin.py:154} INFO - [2023-12-15T11:43:03.535+0000] {dagbag.py:536} INFO - Filling up the DagBag from /home/airflow/.local/lib/python3.8/site-packages/airflow/example_dags/example_setup_teardown_taskflow.py
[2023-12-15T11:43:03.549+0000] {processor.py:839} INFO - DAG(s) dict_keys(['example_setup_teardown_taskflow']) retrieved from /home/airflow/.local/lib/python3.8/site-packages/airflow/example_dags/example_setup_teardown_taskflow.py
[2023-12-15T11:43:03.604+0000] {logging_mixin.py:154} INFO - [2023-12-15T11:43:03.604+0000] {dag.py:2941} INFO - Sync 1 DAGs
[2023-12-15T11:43:03.646+0000] {logging_mixin.py:154} INFO - [2023-12-15T11:43:03.646+0000] {dag.py:3722} INFO - Setting next_dagrun for example_setup_teardown_taskflow to 2023-12-14T11:43:03.644948+00:00, run_after=2023-12-15T11:43:03.644948+00:00
[2023-12-15T11:43:03.679+0000] {processor.py:179} INFO - Processing /home/airflow/.local/lib/python3.8/site-packages/airflow/example_dags/example_setup_teardown_taskflow.py took 0.161 seconds
[2023-12-15T11:43:39.022+0000] {processor.py:157} INFO - Started process (PID=711) to work on /home/airflow/.local/lib/python3.8/site-packages/airflow/example_dags/example_setup_teardown_taskflow.py
[2023-12-15T11:43:39.030+0000] {processor.py:829} INFO - Processing file /home/airflow/.local/lib/python3.8/site-packages/airflow/example_dags/example_setup_teardown_taskflow.py for tasks to queue
[2023-12-15T11:43:39.045+0000] {logging_mixin.py:154} INFO - [2023-12-15T11:43:39.045+0000] {dagbag.py:536} INFO - Filling up the DagBag from /home/airflow/.local/lib/python3.8/site-packages/airflow/example_dags/example_setup_teardown_taskflow.py
[2023-12-15T11:43:39.103+0000] {processor.py:839} INFO - DAG(s) dict_keys(['example_setup_teardown_taskflow']) retrieved from /home/airflow/.local/lib/python3.8/site-packages/airflow/example_dags/example_setup_teardown_taskflow.py
[2023-12-15T11:43:39.319+0000] {logging_mixin.py:154} INFO - [2023-12-15T11:43:39.318+0000] {dag.py:2941} INFO - Sync 1 DAGs
[2023-12-15T11:43:39.391+0000] {logging_mixin.py:154} INFO - [2023-12-15T11:43:39.391+0000] {dag.py:3722} INFO - Setting next_dagrun for example_setup_teardown_taskflow to 2023-12-14T11:43:39.390358+00:00, run_after=2023-12-15T11:43:39.390358+00:00
[2023-12-15T11:43:39.423+0000] {processor.py:179} INFO - Processing /home/airflow/.local/lib/python3.8/site-packages/airflow/example_dags/example_setup_teardown_taskflow.py took 0.463 seconds
[2023-12-15T11:44:11.944+0000] {processor.py:157} INFO - Started process (PID=765) to work on /home/airflow/.local/lib/python3.8/site-packages/airflow/example_dags/example_setup_teardown_taskflow.py
[2023-12-15T11:44:11.951+0000] {processor.py:829} INFO - Processing file /home/airflow/.local/lib/python3.8/site-packages/airflow/example_dags/example_setup_teardown_taskflow.py for tasks to queue
[2023-12-15T11:44:11.964+0000] {logging_mixin.py:154} INFO - [2023-12-15T11:44:11.963+0000] {dagbag.py:536} INFO - Filling up the DagBag from /home/airflow/.local/lib/python3.8/site-packages/airflow/example_dags/example_setup_teardown_taskflow.py
[2023-12-15T11:44:12.003+0000] {processor.py:839} INFO - DAG(s) dict_keys(['example_setup_teardown_taskflow']) retrieved from /home/airflow/.local/lib/python3.8/site-packages/airflow/example_dags/example_setup_teardown_taskflow.py
[2023-12-15T11:44:12.252+0000] {logging_mixin.py:154} INFO - [2023-12-15T11:44:12.251+0000] {dag.py:2941} INFO - Sync 1 DAGs
[2023-12-15T11:44:12.337+0000] {logging_mixin.py:154} INFO - [2023-12-15T11:44:12.336+0000] {dag.py:3722} INFO - Setting next_dagrun for example_setup_teardown_taskflow to 2023-12-14T11:44:12.335720+00:00, run_after=2023-12-15T11:44:12.335720+00:00
[2023-12-15T11:44:12.417+0000] {processor.py:179} INFO - Processing /home/airflow/.local/lib/python3.8/site-packages/airflow/example_dags/example_setup_teardown_taskflow.py took 0.492 seconds
[2023-12-15T11:44:42.927+0000] {processor.py:157} INFO - Started process (PID=817) to work on /home/airflow/.local/lib/python3.8/site-packages/airflow/example_dags/example_setup_teardown_taskflow.py
[2023-12-15T11:44:42.932+0000] {processor.py:829} INFO - Processing file /home/airflow/.local/lib/python3.8/site-packages/airflow/example_dags/example_setup_teardown_taskflow.py for tasks to queue
[2023-12-15T11:44:42.941+0000] {logging_mixin.py:154} INFO - [2023-12-15T11:44:42.940+0000] {dagbag.py:536} INFO - Filling up the DagBag from /home/airflow/.local/lib/python3.8/site-packages/airflow/example_dags/example_setup_teardown_taskflow.py
[2023-12-15T11:44:42.962+0000] {processor.py:839} INFO - DAG(s) dict_keys(['example_setup_teardown_taskflow']) retrieved from /home/airflow/.local/lib/python3.8/site-packages/airflow/example_dags/example_setup_teardown_taskflow.py
[2023-12-15T11:44:43.112+0000] {logging_mixin.py:154} INFO - [2023-12-15T11:44:43.112+0000] {dag.py:2941} INFO - Sync 1 DAGs
[2023-12-15T11:44:43.189+0000] {logging_mixin.py:154} INFO - [2023-12-15T11:44:43.189+0000] {dag.py:3722} INFO - Setting next_dagrun for example_setup_teardown_taskflow to 2023-12-14T11:44:43.186859+00:00, run_after=2023-12-15T11:44:43.186859+00:00
[2023-12-15T11:44:43.226+0000] {processor.py:179} INFO - Processing /home/airflow/.local/lib/python3.8/site-packages/airflow/example_dags/example_setup_teardown_taskflow.py took 0.311 seconds
[2023-12-15T11:45:13.476+0000] {processor.py:157} INFO - Started process (PID=870) to work on /home/airflow/.local/lib/python3.8/site-packages/airflow/example_dags/example_setup_teardown_taskflow.py
[2023-12-15T11:45:13.489+0000] {processor.py:829} INFO - Processing file /home/airflow/.local/lib/python3.8/site-packages/airflow/example_dags/example_setup_teardown_taskflow.py for tasks to queue
[2023-12-15T11:45:13.507+0000] {logging_mixin.py:154} INFO - [2023-12-15T11:45:13.506+0000] {dagbag.py:536} INFO - Filling up the DagBag from /home/airflow/.local/lib/python3.8/site-packages/airflow/example_dags/example_setup_teardown_taskflow.py
[2023-12-15T11:45:13.569+0000] {processor.py:839} INFO - DAG(s) dict_keys(['example_setup_teardown_taskflow']) retrieved from /home/airflow/.local/lib/python3.8/site-packages/airflow/example_dags/example_setup_teardown_taskflow.py
[2023-12-15T11:45:13.666+0000] {logging_mixin.py:154} INFO - [2023-12-15T11:45:13.665+0000] {dag.py:2941} INFO - Sync 1 DAGs
[2023-12-15T11:45:13.712+0000] {logging_mixin.py:154} INFO - [2023-12-15T11:45:13.711+0000] {dag.py:3722} INFO - Setting next_dagrun for example_setup_teardown_taskflow to 2023-12-14T11:45:13.711260+00:00, run_after=2023-12-15T11:45:13.711260+00:00
[2023-12-15T11:45:13.737+0000] {processor.py:179} INFO - Processing /home/airflow/.local/lib/python3.8/site-packages/airflow/example_dags/example_setup_teardown_taskflow.py took 0.277 seconds
[2023-12-15T11:45:44.508+0000] {processor.py:157} INFO - Started process (PID=930) to work on /home/airflow/.local/lib/python3.8/site-packages/airflow/example_dags/example_setup_teardown_taskflow.py
[2023-12-15T11:45:44.510+0000] {processor.py:829} INFO - Processing file /home/airflow/.local/lib/python3.8/site-packages/airflow/example_dags/example_setup_teardown_taskflow.py for tasks to queue
[2023-12-15T11:45:44.517+0000] {logging_mixin.py:154} INFO - [2023-12-15T11:45:44.517+0000] {dagbag.py:536} INFO - Filling up the DagBag from /home/airflow/.local/lib/python3.8/site-packages/airflow/example_dags/example_setup_teardown_taskflow.py
[2023-12-15T11:45:44.598+0000] {processor.py:839} INFO - DAG(s) dict_keys(['example_setup_teardown_taskflow']) retrieved from /home/airflow/.local/lib/python3.8/site-packages/airflow/example_dags/example_setup_teardown_taskflow.py
[2023-12-15T11:45:44.673+0000] {logging_mixin.py:154} INFO - [2023-12-15T11:45:44.673+0000] {dag.py:2941} INFO - Sync 1 DAGs
[2023-12-15T11:45:44.713+0000] {logging_mixin.py:154} INFO - [2023-12-15T11:45:44.712+0000] {dag.py:3722} INFO - Setting next_dagrun for example_setup_teardown_taskflow to 2023-12-14T11:45:44.711321+00:00, run_after=2023-12-15T11:45:44.711321+00:00
[2023-12-15T11:45:44.788+0000] {processor.py:179} INFO - Processing /home/airflow/.local/lib/python3.8/site-packages/airflow/example_dags/example_setup_teardown_taskflow.py took 0.290 seconds
[2023-12-15T11:46:16.396+0000] {processor.py:157} INFO - Started process (PID=984) to work on /home/airflow/.local/lib/python3.8/site-packages/airflow/example_dags/example_setup_teardown_taskflow.py
[2023-12-15T11:46:16.435+0000] {processor.py:829} INFO - Processing file /home/airflow/.local/lib/python3.8/site-packages/airflow/example_dags/example_setup_teardown_taskflow.py for tasks to queue
[2023-12-15T11:46:16.621+0000] {logging_mixin.py:154} INFO - [2023-12-15T11:46:16.614+0000] {dagbag.py:536} INFO - Filling up the DagBag from /home/airflow/.local/lib/python3.8/site-packages/airflow/example_dags/example_setup_teardown_taskflow.py
[2023-12-15T11:46:16.871+0000] {processor.py:839} INFO - DAG(s) dict_keys(['example_setup_teardown_taskflow']) retrieved from /home/airflow/.local/lib/python3.8/site-packages/airflow/example_dags/example_setup_teardown_taskflow.py
[2023-12-15T11:46:16.999+0000] {logging_mixin.py:154} INFO - [2023-12-15T11:46:16.998+0000] {dag.py:2941} INFO - Sync 1 DAGs
[2023-12-15T11:46:17.206+0000] {logging_mixin.py:154} INFO - [2023-12-15T11:46:17.206+0000] {dag.py:3722} INFO - Setting next_dagrun for example_setup_teardown_taskflow to 2023-12-14T11:46:17.197378+00:00, run_after=2023-12-15T11:46:17.197378+00:00
[2023-12-15T11:46:17.339+0000] {processor.py:179} INFO - Processing /home/airflow/.local/lib/python3.8/site-packages/airflow/example_dags/example_setup_teardown_taskflow.py took 1.032 seconds
[2023-12-15T11:46:48.014+0000] {processor.py:157} INFO - Started process (PID=1039) to work on /home/airflow/.local/lib/python3.8/site-packages/airflow/example_dags/example_setup_teardown_taskflow.py
[2023-12-15T11:46:48.019+0000] {processor.py:829} INFO - Processing file /home/airflow/.local/lib/python3.8/site-packages/airflow/example_dags/example_setup_teardown_taskflow.py for tasks to queue
[2023-12-15T11:46:48.048+0000] {logging_mixin.py:154} INFO - [2023-12-15T11:46:48.045+0000] {dagbag.py:536} INFO - Filling up the DagBag from /home/airflow/.local/lib/python3.8/site-packages/airflow/example_dags/example_setup_teardown_taskflow.py
[2023-12-15T11:46:48.181+0000] {processor.py:839} INFO - DAG(s) dict_keys(['example_setup_teardown_taskflow']) retrieved from /home/airflow/.local/lib/python3.8/site-packages/airflow/example_dags/example_setup_teardown_taskflow.py
[2023-12-15T11:46:48.385+0000] {logging_mixin.py:154} INFO - [2023-12-15T11:46:48.384+0000] {dag.py:2941} INFO - Sync 1 DAGs
[2023-12-15T11:46:48.825+0000] {logging_mixin.py:154} INFO - [2023-12-15T11:46:48.824+0000] {dag.py:3722} INFO - Setting next_dagrun for example_setup_teardown_taskflow to 2023-12-14T11:46:48.823432+00:00, run_after=2023-12-15T11:46:48.823432+00:00
[2023-12-15T11:46:50.389+0000] {processor.py:179} INFO - Processing /home/airflow/.local/lib/python3.8/site-packages/airflow/example_dags/example_setup_teardown_taskflow.py took 2.398 seconds
[2023-12-15T11:47:20.734+0000] {processor.py:157} INFO - Started process (PID=1093) to work on /home/airflow/.local/lib/python3.8/site-packages/airflow/example_dags/example_setup_teardown_taskflow.py
[2023-12-15T11:47:20.745+0000] {processor.py:829} INFO - Processing file /home/airflow/.local/lib/python3.8/site-packages/airflow/example_dags/example_setup_teardown_taskflow.py for tasks to queue
[2023-12-15T11:47:20.752+0000] {logging_mixin.py:154} INFO - [2023-12-15T11:47:20.751+0000] {dagbag.py:536} INFO - Filling up the DagBag from /home/airflow/.local/lib/python3.8/site-packages/airflow/example_dags/example_setup_teardown_taskflow.py
[2023-12-15T11:47:20.834+0000] {processor.py:839} INFO - DAG(s) dict_keys(['example_setup_teardown_taskflow']) retrieved from /home/airflow/.local/lib/python3.8/site-packages/airflow/example_dags/example_setup_teardown_taskflow.py
[2023-12-15T11:47:20.999+0000] {logging_mixin.py:154} INFO - [2023-12-15T11:47:20.998+0000] {dag.py:2941} INFO - Sync 1 DAGs
[2023-12-15T11:47:21.104+0000] {logging_mixin.py:154} INFO - [2023-12-15T11:47:21.103+0000] {dag.py:3722} INFO - Setting next_dagrun for example_setup_teardown_taskflow to 2023-12-14T11:47:21.098925+00:00, run_after=2023-12-15T11:47:21.098925+00:00
[2023-12-15T11:47:21.235+0000] {processor.py:179} INFO - Processing /home/airflow/.local/lib/python3.8/site-packages/airflow/example_dags/example_setup_teardown_taskflow.py took 0.530 seconds
[2023-12-15T11:47:51.634+0000] {processor.py:157} INFO - Started process (PID=1147) to work on /home/airflow/.local/lib/python3.8/site-packages/airflow/example_dags/example_setup_teardown_taskflow.py
[2023-12-15T11:47:51.637+0000] {processor.py:829} INFO - Processing file /home/airflow/.local/lib/python3.8/site-packages/airflow/example_dags/example_setup_teardown_taskflow.py for tasks to queue
[2023-12-15T11:47:51.646+0000] {logging_mixin.py:154} INFO - [2023-12-15T11:47:51.644+0000] {dagbag.py:536} INFO - Filling up the DagBag from /home/airflow/.local/lib/python3.8/site-packages/airflow/example_dags/example_setup_teardown_taskflow.py
[2023-12-15T11:47:51.716+0000] {processor.py:839} INFO - DAG(s) dict_keys(['example_setup_teardown_taskflow']) retrieved from /home/airflow/.local/lib/python3.8/site-packages/airflow/example_dags/example_setup_teardown_taskflow.py
[2023-12-15T11:47:51.945+0000] {logging_mixin.py:154} INFO - [2023-12-15T11:47:51.945+0000] {dag.py:2941} INFO - Sync 1 DAGs
[2023-12-15T11:47:52.028+0000] {logging_mixin.py:154} INFO - [2023-12-15T11:47:52.028+0000] {dag.py:3722} INFO - Setting next_dagrun for example_setup_teardown_taskflow to 2023-12-14T11:47:52.027840+00:00, run_after=2023-12-15T11:47:52.027840+00:00
[2023-12-15T11:47:52.057+0000] {processor.py:179} INFO - Processing /home/airflow/.local/lib/python3.8/site-packages/airflow/example_dags/example_setup_teardown_taskflow.py took 0.444 seconds
[2023-12-15T11:48:32.293+0000] {processor.py:157} INFO - Started process (PID=1200) to work on /home/airflow/.local/lib/python3.8/site-packages/airflow/example_dags/example_setup_teardown_taskflow.py
[2023-12-15T11:48:32.304+0000] {processor.py:829} INFO - Processing file /home/airflow/.local/lib/python3.8/site-packages/airflow/example_dags/example_setup_teardown_taskflow.py for tasks to queue
[2023-12-15T11:48:32.310+0000] {logging_mixin.py:154} INFO - [2023-12-15T11:48:32.310+0000] {dagbag.py:536} INFO - Filling up the DagBag from /home/airflow/.local/lib/python3.8/site-packages/airflow/example_dags/example_setup_teardown_taskflow.py
[2023-12-15T11:48:32.335+0000] {processor.py:839} INFO - DAG(s) dict_keys(['example_setup_teardown_taskflow']) retrieved from /home/airflow/.local/lib/python3.8/site-packages/airflow/example_dags/example_setup_teardown_taskflow.py
[2023-12-15T11:48:32.442+0000] {logging_mixin.py:154} INFO - [2023-12-15T11:48:32.441+0000] {dag.py:2941} INFO - Sync 1 DAGs
[2023-12-15T11:48:33.473+0000] {logging_mixin.py:154} INFO - [2023-12-15T11:48:33.472+0000] {dag.py:3722} INFO - Setting next_dagrun for example_setup_teardown_taskflow to 2023-12-14T11:48:33.471654+00:00, run_after=2023-12-15T11:48:33.471654+00:00
[2023-12-15T11:48:33.526+0000] {processor.py:179} INFO - Processing /home/airflow/.local/lib/python3.8/site-packages/airflow/example_dags/example_setup_teardown_taskflow.py took 1.242 seconds
[2023-12-15T11:49:03.756+0000] {processor.py:157} INFO - Started process (PID=1253) to work on /home/airflow/.local/lib/python3.8/site-packages/airflow/example_dags/example_setup_teardown_taskflow.py
[2023-12-15T11:49:03.758+0000] {processor.py:829} INFO - Processing file /home/airflow/.local/lib/python3.8/site-packages/airflow/example_dags/example_setup_teardown_taskflow.py for tasks to queue
[2023-12-15T11:49:03.764+0000] {logging_mixin.py:154} INFO - [2023-12-15T11:49:03.763+0000] {dagbag.py:536} INFO - Filling up the DagBag from /home/airflow/.local/lib/python3.8/site-packages/airflow/example_dags/example_setup_teardown_taskflow.py
[2023-12-15T11:49:03.800+0000] {processor.py:839} INFO - DAG(s) dict_keys(['example_setup_teardown_taskflow']) retrieved from /home/airflow/.local/lib/python3.8/site-packages/airflow/example_dags/example_setup_teardown_taskflow.py
[2023-12-15T11:49:03.867+0000] {logging_mixin.py:154} INFO - [2023-12-15T11:49:03.867+0000] {dag.py:2941} INFO - Sync 1 DAGs
[2023-12-15T11:49:03.902+0000] {logging_mixin.py:154} INFO - [2023-12-15T11:49:03.902+0000] {dag.py:3722} INFO - Setting next_dagrun for example_setup_teardown_taskflow to 2023-12-14T11:49:03.901517+00:00, run_after=2023-12-15T11:49:03.901517+00:00
[2023-12-15T11:49:03.924+0000] {processor.py:179} INFO - Processing /home/airflow/.local/lib/python3.8/site-packages/airflow/example_dags/example_setup_teardown_taskflow.py took 0.179 seconds
[2023-12-15T11:49:34.432+0000] {processor.py:157} INFO - Started process (PID=1307) to work on /home/airflow/.local/lib/python3.8/site-packages/airflow/example_dags/example_setup_teardown_taskflow.py
[2023-12-15T11:49:34.434+0000] {processor.py:829} INFO - Processing file /home/airflow/.local/lib/python3.8/site-packages/airflow/example_dags/example_setup_teardown_taskflow.py for tasks to queue
[2023-12-15T11:49:34.438+0000] {logging_mixin.py:154} INFO - [2023-12-15T11:49:34.437+0000] {dagbag.py:536} INFO - Filling up the DagBag from /home/airflow/.local/lib/python3.8/site-packages/airflow/example_dags/example_setup_teardown_taskflow.py
[2023-12-15T11:49:34.471+0000] {processor.py:839} INFO - DAG(s) dict_keys(['example_setup_teardown_taskflow']) retrieved from /home/airflow/.local/lib/python3.8/site-packages/airflow/example_dags/example_setup_teardown_taskflow.py
[2023-12-15T11:49:34.640+0000] {logging_mixin.py:154} INFO - [2023-12-15T11:49:34.640+0000] {dag.py:2941} INFO - Sync 1 DAGs
[2023-12-15T11:49:34.734+0000] {logging_mixin.py:154} INFO - [2023-12-15T11:49:34.734+0000] {dag.py:3722} INFO - Setting next_dagrun for example_setup_teardown_taskflow to 2023-12-14T11:49:34.732750+00:00, run_after=2023-12-15T11:49:34.732750+00:00
[2023-12-15T11:49:34.817+0000] {processor.py:179} INFO - Processing /home/airflow/.local/lib/python3.8/site-packages/airflow/example_dags/example_setup_teardown_taskflow.py took 0.396 seconds
[2023-12-15T11:50:06.456+0000] {processor.py:157} INFO - Started process (PID=1361) to work on /home/airflow/.local/lib/python3.8/site-packages/airflow/example_dags/example_setup_teardown_taskflow.py
[2023-12-15T11:50:06.477+0000] {processor.py:829} INFO - Processing file /home/airflow/.local/lib/python3.8/site-packages/airflow/example_dags/example_setup_teardown_taskflow.py for tasks to queue
[2023-12-15T11:50:06.540+0000] {logging_mixin.py:154} INFO - [2023-12-15T11:50:06.540+0000] {dagbag.py:536} INFO - Filling up the DagBag from /home/airflow/.local/lib/python3.8/site-packages/airflow/example_dags/example_setup_teardown_taskflow.py
[2023-12-15T11:50:06.607+0000] {processor.py:839} INFO - DAG(s) dict_keys(['example_setup_teardown_taskflow']) retrieved from /home/airflow/.local/lib/python3.8/site-packages/airflow/example_dags/example_setup_teardown_taskflow.py
[2023-12-15T11:50:07.021+0000] {logging_mixin.py:154} INFO - [2023-12-15T11:50:07.021+0000] {dag.py:2941} INFO - Sync 1 DAGs
[2023-12-15T11:50:08.716+0000] {logging_mixin.py:154} INFO - [2023-12-15T11:50:08.713+0000] {dag.py:3722} INFO - Setting next_dagrun for example_setup_teardown_taskflow to 2023-12-14T11:50:08.703600+00:00, run_after=2023-12-15T11:50:08.703600+00:00
[2023-12-15T11:50:08.862+0000] {processor.py:179} INFO - Processing /home/airflow/.local/lib/python3.8/site-packages/airflow/example_dags/example_setup_teardown_taskflow.py took 2.418 seconds
[2023-12-15T11:50:39.139+0000] {processor.py:157} INFO - Started process (PID=1414) to work on /home/airflow/.local/lib/python3.8/site-packages/airflow/example_dags/example_setup_teardown_taskflow.py
[2023-12-15T11:50:39.143+0000] {processor.py:829} INFO - Processing file /home/airflow/.local/lib/python3.8/site-packages/airflow/example_dags/example_setup_teardown_taskflow.py for tasks to queue
[2023-12-15T11:50:39.148+0000] {logging_mixin.py:154} INFO - [2023-12-15T11:50:39.147+0000] {dagbag.py:536} INFO - Filling up the DagBag from /home/airflow/.local/lib/python3.8/site-packages/airflow/example_dags/example_setup_teardown_taskflow.py
[2023-12-15T11:50:39.166+0000] {processor.py:839} INFO - DAG(s) dict_keys(['example_setup_teardown_taskflow']) retrieved from /home/airflow/.local/lib/python3.8/site-packages/airflow/example_dags/example_setup_teardown_taskflow.py
[2023-12-15T11:50:39.224+0000] {logging_mixin.py:154} INFO - [2023-12-15T11:50:39.224+0000] {dag.py:2941} INFO - Sync 1 DAGs
[2023-12-15T11:50:39.245+0000] {logging_mixin.py:154} INFO - [2023-12-15T11:50:39.244+0000] {dag.py:3722} INFO - Setting next_dagrun for example_setup_teardown_taskflow to 2023-12-14T11:50:39.244542+00:00, run_after=2023-12-15T11:50:39.244542+00:00
[2023-12-15T11:50:39.280+0000] {processor.py:179} INFO - Processing /home/airflow/.local/lib/python3.8/site-packages/airflow/example_dags/example_setup_teardown_taskflow.py took 0.162 seconds
[2023-12-15T11:51:19.729+0000] {processor.py:157} INFO - Started process (PID=1468) to work on /home/airflow/.local/lib/python3.8/site-packages/airflow/example_dags/example_setup_teardown_taskflow.py
[2023-12-15T11:51:19.738+0000] {processor.py:829} INFO - Processing file /home/airflow/.local/lib/python3.8/site-packages/airflow/example_dags/example_setup_teardown_taskflow.py for tasks to queue
[2023-12-15T11:51:19.747+0000] {logging_mixin.py:154} INFO - [2023-12-15T11:51:19.746+0000] {dagbag.py:536} INFO - Filling up the DagBag from /home/airflow/.local/lib/python3.8/site-packages/airflow/example_dags/example_setup_teardown_taskflow.py
[2023-12-15T11:51:20.272+0000] {processor.py:839} INFO - DAG(s) dict_keys(['example_setup_teardown_taskflow']) retrieved from /home/airflow/.local/lib/python3.8/site-packages/airflow/example_dags/example_setup_teardown_taskflow.py
[2023-12-15T11:51:20.350+0000] {logging_mixin.py:154} INFO - [2023-12-15T11:51:20.350+0000] {dag.py:2941} INFO - Sync 1 DAGs
[2023-12-15T11:51:20.392+0000] {logging_mixin.py:154} INFO - [2023-12-15T11:51:20.392+0000] {dag.py:3722} INFO - Setting next_dagrun for example_setup_teardown_taskflow to 2023-12-14T11:51:20.392052+00:00, run_after=2023-12-15T11:51:20.392052+00:00
[2023-12-15T11:51:20.423+0000] {processor.py:179} INFO - Processing /home/airflow/.local/lib/python3.8/site-packages/airflow/example_dags/example_setup_teardown_taskflow.py took 0.707 seconds
[2023-12-15T11:51:51.535+0000] {processor.py:157} INFO - Started process (PID=1521) to work on /home/airflow/.local/lib/python3.8/site-packages/airflow/example_dags/example_setup_teardown_taskflow.py
[2023-12-15T11:51:51.540+0000] {processor.py:829} INFO - Processing file /home/airflow/.local/lib/python3.8/site-packages/airflow/example_dags/example_setup_teardown_taskflow.py for tasks to queue
[2023-12-15T11:51:51.546+0000] {logging_mixin.py:154} INFO - [2023-12-15T11:51:51.545+0000] {dagbag.py:536} INFO - Filling up the DagBag from /home/airflow/.local/lib/python3.8/site-packages/airflow/example_dags/example_setup_teardown_taskflow.py
[2023-12-15T11:51:51.625+0000] {processor.py:839} INFO - DAG(s) dict_keys(['example_setup_teardown_taskflow']) retrieved from /home/airflow/.local/lib/python3.8/site-packages/airflow/example_dags/example_setup_teardown_taskflow.py
[2023-12-15T11:51:52.025+0000] {logging_mixin.py:154} INFO - [2023-12-15T11:51:52.025+0000] {dag.py:2941} INFO - Sync 1 DAGs
[2023-12-15T11:51:53.317+0000] {logging_mixin.py:154} INFO - [2023-12-15T11:51:53.317+0000] {dag.py:3722} INFO - Setting next_dagrun for example_setup_teardown_taskflow to 2023-12-14T11:51:53.316444+00:00, run_after=2023-12-15T11:51:53.316444+00:00
[2023-12-15T11:51:53.359+0000] {processor.py:179} INFO - Processing /home/airflow/.local/lib/python3.8/site-packages/airflow/example_dags/example_setup_teardown_taskflow.py took 1.831 seconds
[2023-12-15T11:52:25.713+0000] {processor.py:157} INFO - Started process (PID=1573) to work on /home/airflow/.local/lib/python3.8/site-packages/airflow/example_dags/example_setup_teardown_taskflow.py
[2023-12-15T11:52:25.715+0000] {processor.py:829} INFO - Processing file /home/airflow/.local/lib/python3.8/site-packages/airflow/example_dags/example_setup_teardown_taskflow.py for tasks to queue
[2023-12-15T11:52:25.717+0000] {logging_mixin.py:154} INFO - [2023-12-15T11:52:25.717+0000] {dagbag.py:536} INFO - Filling up the DagBag from /home/airflow/.local/lib/python3.8/site-packages/airflow/example_dags/example_setup_teardown_taskflow.py
[2023-12-15T11:52:25.730+0000] {processor.py:839} INFO - DAG(s) dict_keys(['example_setup_teardown_taskflow']) retrieved from /home/airflow/.local/lib/python3.8/site-packages/airflow/example_dags/example_setup_teardown_taskflow.py
[2023-12-15T11:52:25.758+0000] {logging_mixin.py:154} INFO - [2023-12-15T11:52:25.758+0000] {dag.py:2941} INFO - Sync 1 DAGs
[2023-12-15T11:52:25.777+0000] {logging_mixin.py:154} INFO - [2023-12-15T11:52:25.777+0000] {dag.py:3722} INFO - Setting next_dagrun for example_setup_teardown_taskflow to 2023-12-14T11:52:25.777286+00:00, run_after=2023-12-15T11:52:25.777286+00:00
[2023-12-15T11:52:25.813+0000] {processor.py:179} INFO - Processing /home/airflow/.local/lib/python3.8/site-packages/airflow/example_dags/example_setup_teardown_taskflow.py took 0.103 seconds
[2023-12-15T11:52:57.691+0000] {processor.py:157} INFO - Started process (PID=1618) to work on /home/airflow/.local/lib/python3.8/site-packages/airflow/example_dags/example_setup_teardown_taskflow.py
[2023-12-15T11:52:57.722+0000] {processor.py:829} INFO - Processing file /home/airflow/.local/lib/python3.8/site-packages/airflow/example_dags/example_setup_teardown_taskflow.py for tasks to queue
[2023-12-15T11:52:57.762+0000] {logging_mixin.py:154} INFO - [2023-12-15T11:52:57.759+0000] {dagbag.py:536} INFO - Filling up the DagBag from /home/airflow/.local/lib/python3.8/site-packages/airflow/example_dags/example_setup_teardown_taskflow.py
[2023-12-15T11:52:57.898+0000] {processor.py:839} INFO - DAG(s) dict_keys(['example_setup_teardown_taskflow']) retrieved from /home/airflow/.local/lib/python3.8/site-packages/airflow/example_dags/example_setup_teardown_taskflow.py
[2023-12-15T11:52:58.216+0000] {logging_mixin.py:154} INFO - [2023-12-15T11:52:58.216+0000] {dag.py:2941} INFO - Sync 1 DAGs
[2023-12-15T11:52:58.841+0000] {logging_mixin.py:154} INFO - [2023-12-15T11:52:58.838+0000] {dag.py:3722} INFO - Setting next_dagrun for example_setup_teardown_taskflow to 2023-12-14T11:52:58.837144+00:00, run_after=2023-12-15T11:52:58.837144+00:00
[2023-12-15T11:52:58.898+0000] {processor.py:179} INFO - Processing /home/airflow/.local/lib/python3.8/site-packages/airflow/example_dags/example_setup_teardown_taskflow.py took 1.229 seconds
[2023-12-15T11:53:29.367+0000] {processor.py:157} INFO - Started process (PID=1671) to work on /home/airflow/.local/lib/python3.8/site-packages/airflow/example_dags/example_setup_teardown_taskflow.py
[2023-12-15T11:53:29.371+0000] {processor.py:829} INFO - Processing file /home/airflow/.local/lib/python3.8/site-packages/airflow/example_dags/example_setup_teardown_taskflow.py for tasks to queue
[2023-12-15T11:53:29.379+0000] {logging_mixin.py:154} INFO - [2023-12-15T11:53:29.378+0000] {dagbag.py:536} INFO - Filling up the DagBag from /home/airflow/.local/lib/python3.8/site-packages/airflow/example_dags/example_setup_teardown_taskflow.py
[2023-12-15T11:53:29.415+0000] {processor.py:839} INFO - DAG(s) dict_keys(['example_setup_teardown_taskflow']) retrieved from /home/airflow/.local/lib/python3.8/site-packages/airflow/example_dags/example_setup_teardown_taskflow.py
[2023-12-15T11:53:29.479+0000] {logging_mixin.py:154} INFO - [2023-12-15T11:53:29.478+0000] {dag.py:2941} INFO - Sync 1 DAGs
[2023-12-15T11:53:29.553+0000] {logging_mixin.py:154} INFO - [2023-12-15T11:53:29.553+0000] {dag.py:3722} INFO - Setting next_dagrun for example_setup_teardown_taskflow to 2023-12-14T11:53:29.551530+00:00, run_after=2023-12-15T11:53:29.551530+00:00
[2023-12-15T11:53:29.720+0000] {processor.py:179} INFO - Processing /home/airflow/.local/lib/python3.8/site-packages/airflow/example_dags/example_setup_teardown_taskflow.py took 0.371 seconds
[2023-12-15T11:54:00.475+0000] {processor.py:157} INFO - Started process (PID=1725) to work on /home/airflow/.local/lib/python3.8/site-packages/airflow/example_dags/example_setup_teardown_taskflow.py
[2023-12-15T11:54:00.490+0000] {processor.py:829} INFO - Processing file /home/airflow/.local/lib/python3.8/site-packages/airflow/example_dags/example_setup_teardown_taskflow.py for tasks to queue
[2023-12-15T11:54:00.505+0000] {logging_mixin.py:154} INFO - [2023-12-15T11:54:00.503+0000] {dagbag.py:536} INFO - Filling up the DagBag from /home/airflow/.local/lib/python3.8/site-packages/airflow/example_dags/example_setup_teardown_taskflow.py
[2023-12-15T11:54:00.567+0000] {processor.py:839} INFO - DAG(s) dict_keys(['example_setup_teardown_taskflow']) retrieved from /home/airflow/.local/lib/python3.8/site-packages/airflow/example_dags/example_setup_teardown_taskflow.py
[2023-12-15T11:54:00.655+0000] {logging_mixin.py:154} INFO - [2023-12-15T11:54:00.655+0000] {dag.py:2941} INFO - Sync 1 DAGs
[2023-12-15T11:54:00.698+0000] {logging_mixin.py:154} INFO - [2023-12-15T11:54:00.698+0000] {dag.py:3722} INFO - Setting next_dagrun for example_setup_teardown_taskflow to 2023-12-14T11:54:00.698032+00:00, run_after=2023-12-15T11:54:00.698032+00:00
[2023-12-15T11:54:00.735+0000] {processor.py:179} INFO - Processing /home/airflow/.local/lib/python3.8/site-packages/airflow/example_dags/example_setup_teardown_taskflow.py took 0.272 seconds
[2023-12-15T11:54:30.859+0000] {processor.py:157} INFO - Started process (PID=1778) to work on /home/airflow/.local/lib/python3.8/site-packages/airflow/example_dags/example_setup_teardown_taskflow.py
[2023-12-15T11:54:30.865+0000] {processor.py:829} INFO - Processing file /home/airflow/.local/lib/python3.8/site-packages/airflow/example_dags/example_setup_teardown_taskflow.py for tasks to queue
[2023-12-15T11:54:30.872+0000] {logging_mixin.py:154} INFO - [2023-12-15T11:54:30.871+0000] {dagbag.py:536} INFO - Filling up the DagBag from /home/airflow/.local/lib/python3.8/site-packages/airflow/example_dags/example_setup_teardown_taskflow.py
[2023-12-15T11:54:30.910+0000] {processor.py:839} INFO - DAG(s) dict_keys(['example_setup_teardown_taskflow']) retrieved from /home/airflow/.local/lib/python3.8/site-packages/airflow/example_dags/example_setup_teardown_taskflow.py
[2023-12-15T11:54:30.958+0000] {logging_mixin.py:154} INFO - [2023-12-15T11:54:30.958+0000] {dag.py:2941} INFO - Sync 1 DAGs
[2023-12-15T11:54:30.998+0000] {logging_mixin.py:154} INFO - [2023-12-15T11:54:30.998+0000] {dag.py:3722} INFO - Setting next_dagrun for example_setup_teardown_taskflow to 2023-12-14T11:54:30.997775+00:00, run_after=2023-12-15T11:54:30.997775+00:00
[2023-12-15T11:54:31.027+0000] {processor.py:179} INFO - Processing /home/airflow/.local/lib/python3.8/site-packages/airflow/example_dags/example_setup_teardown_taskflow.py took 0.188 seconds
[2023-12-15T11:55:01.326+0000] {processor.py:157} INFO - Started process (PID=1832) to work on /home/airflow/.local/lib/python3.8/site-packages/airflow/example_dags/example_setup_teardown_taskflow.py
[2023-12-15T11:55:01.349+0000] {processor.py:829} INFO - Processing file /home/airflow/.local/lib/python3.8/site-packages/airflow/example_dags/example_setup_teardown_taskflow.py for tasks to queue
[2023-12-15T11:55:01.403+0000] {logging_mixin.py:154} INFO - [2023-12-15T11:55:01.401+0000] {dagbag.py:536} INFO - Filling up the DagBag from /home/airflow/.local/lib/python3.8/site-packages/airflow/example_dags/example_setup_teardown_taskflow.py
[2023-12-15T11:55:01.502+0000] {processor.py:839} INFO - DAG(s) dict_keys(['example_setup_teardown_taskflow']) retrieved from /home/airflow/.local/lib/python3.8/site-packages/airflow/example_dags/example_setup_teardown_taskflow.py
[2023-12-15T11:55:01.619+0000] {logging_mixin.py:154} INFO - [2023-12-15T11:55:01.619+0000] {dag.py:2941} INFO - Sync 1 DAGs
[2023-12-15T11:55:01.676+0000] {logging_mixin.py:154} INFO - [2023-12-15T11:55:01.676+0000] {dag.py:3722} INFO - Setting next_dagrun for example_setup_teardown_taskflow to 2023-12-14T11:55:01.674436+00:00, run_after=2023-12-15T11:55:01.674436+00:00
[2023-12-15T11:55:01.699+0000] {processor.py:179} INFO - Processing /home/airflow/.local/lib/python3.8/site-packages/airflow/example_dags/example_setup_teardown_taskflow.py took 0.423 seconds
[2023-12-15T11:55:31.846+0000] {processor.py:157} INFO - Started process (PID=1886) to work on /home/airflow/.local/lib/python3.8/site-packages/airflow/example_dags/example_setup_teardown_taskflow.py
[2023-12-15T11:55:31.849+0000] {processor.py:829} INFO - Processing file /home/airflow/.local/lib/python3.8/site-packages/airflow/example_dags/example_setup_teardown_taskflow.py for tasks to queue
[2023-12-15T11:55:31.871+0000] {logging_mixin.py:154} INFO - [2023-12-15T11:55:31.866+0000] {dagbag.py:536} INFO - Filling up the DagBag from /home/airflow/.local/lib/python3.8/site-packages/airflow/example_dags/example_setup_teardown_taskflow.py
[2023-12-15T11:55:31.966+0000] {processor.py:839} INFO - DAG(s) dict_keys(['example_setup_teardown_taskflow']) retrieved from /home/airflow/.local/lib/python3.8/site-packages/airflow/example_dags/example_setup_teardown_taskflow.py
[2023-12-15T11:55:32.076+0000] {logging_mixin.py:154} INFO - [2023-12-15T11:55:32.075+0000] {dag.py:2941} INFO - Sync 1 DAGs
[2023-12-15T11:55:32.165+0000] {logging_mixin.py:154} INFO - [2023-12-15T11:55:32.165+0000] {dag.py:3722} INFO - Setting next_dagrun for example_setup_teardown_taskflow to 2023-12-14T11:55:32.161459+00:00, run_after=2023-12-15T11:55:32.161459+00:00
[2023-12-15T11:55:32.205+0000] {processor.py:179} INFO - Processing /home/airflow/.local/lib/python3.8/site-packages/airflow/example_dags/example_setup_teardown_taskflow.py took 0.382 seconds
[2023-12-15T11:56:03.044+0000] {processor.py:157} INFO - Started process (PID=1941) to work on /home/airflow/.local/lib/python3.8/site-packages/airflow/example_dags/example_setup_teardown_taskflow.py
[2023-12-15T11:56:03.060+0000] {processor.py:829} INFO - Processing file /home/airflow/.local/lib/python3.8/site-packages/airflow/example_dags/example_setup_teardown_taskflow.py for tasks to queue
[2023-12-15T11:56:03.096+0000] {logging_mixin.py:154} INFO - [2023-12-15T11:56:03.092+0000] {dagbag.py:536} INFO - Filling up the DagBag from /home/airflow/.local/lib/python3.8/site-packages/airflow/example_dags/example_setup_teardown_taskflow.py
[2023-12-15T11:56:03.141+0000] {processor.py:839} INFO - DAG(s) dict_keys(['example_setup_teardown_taskflow']) retrieved from /home/airflow/.local/lib/python3.8/site-packages/airflow/example_dags/example_setup_teardown_taskflow.py
[2023-12-15T11:56:03.251+0000] {logging_mixin.py:154} INFO - [2023-12-15T11:56:03.251+0000] {dag.py:2941} INFO - Sync 1 DAGs
[2023-12-15T11:56:03.316+0000] {logging_mixin.py:154} INFO - [2023-12-15T11:56:03.316+0000] {dag.py:3722} INFO - Setting next_dagrun for example_setup_teardown_taskflow to 2023-12-14T11:56:03.313503+00:00, run_after=2023-12-15T11:56:03.313503+00:00
[2023-12-15T11:56:03.372+0000] {processor.py:179} INFO - Processing /home/airflow/.local/lib/python3.8/site-packages/airflow/example_dags/example_setup_teardown_taskflow.py took 0.374 seconds
[2023-12-15T11:56:33.593+0000] {processor.py:157} INFO - Started process (PID=1996) to work on /home/airflow/.local/lib/python3.8/site-packages/airflow/example_dags/example_setup_teardown_taskflow.py
[2023-12-15T11:56:33.602+0000] {processor.py:829} INFO - Processing file /home/airflow/.local/lib/python3.8/site-packages/airflow/example_dags/example_setup_teardown_taskflow.py for tasks to queue
[2023-12-15T11:56:33.624+0000] {logging_mixin.py:154} INFO - [2023-12-15T11:56:33.622+0000] {dagbag.py:536} INFO - Filling up the DagBag from /home/airflow/.local/lib/python3.8/site-packages/airflow/example_dags/example_setup_teardown_taskflow.py
[2023-12-15T11:56:33.676+0000] {processor.py:839} INFO - DAG(s) dict_keys(['example_setup_teardown_taskflow']) retrieved from /home/airflow/.local/lib/python3.8/site-packages/airflow/example_dags/example_setup_teardown_taskflow.py
[2023-12-15T11:56:33.794+0000] {logging_mixin.py:154} INFO - [2023-12-15T11:56:33.794+0000] {dag.py:2941} INFO - Sync 1 DAGs
[2023-12-15T11:56:33.833+0000] {logging_mixin.py:154} INFO - [2023-12-15T11:56:33.833+0000] {dag.py:3722} INFO - Setting next_dagrun for example_setup_teardown_taskflow to 2023-12-14T11:56:33.832261+00:00, run_after=2023-12-15T11:56:33.832261+00:00
[2023-12-15T11:56:33.865+0000] {processor.py:179} INFO - Processing /home/airflow/.local/lib/python3.8/site-packages/airflow/example_dags/example_setup_teardown_taskflow.py took 0.289 seconds
[2023-12-15T11:57:04.521+0000] {processor.py:157} INFO - Started process (PID=2050) to work on /home/airflow/.local/lib/python3.8/site-packages/airflow/example_dags/example_setup_teardown_taskflow.py
[2023-12-15T11:57:04.533+0000] {processor.py:829} INFO - Processing file /home/airflow/.local/lib/python3.8/site-packages/airflow/example_dags/example_setup_teardown_taskflow.py for tasks to queue
[2023-12-15T11:57:04.542+0000] {logging_mixin.py:154} INFO - [2023-12-15T11:57:04.541+0000] {dagbag.py:536} INFO - Filling up the DagBag from /home/airflow/.local/lib/python3.8/site-packages/airflow/example_dags/example_setup_teardown_taskflow.py
[2023-12-15T11:57:04.566+0000] {processor.py:839} INFO - DAG(s) dict_keys(['example_setup_teardown_taskflow']) retrieved from /home/airflow/.local/lib/python3.8/site-packages/airflow/example_dags/example_setup_teardown_taskflow.py
[2023-12-15T11:57:04.607+0000] {logging_mixin.py:154} INFO - [2023-12-15T11:57:04.606+0000] {dag.py:2941} INFO - Sync 1 DAGs
[2023-12-15T11:57:04.645+0000] {logging_mixin.py:154} INFO - [2023-12-15T11:57:04.644+0000] {dag.py:3722} INFO - Setting next_dagrun for example_setup_teardown_taskflow to 2023-12-14T11:57:04.644589+00:00, run_after=2023-12-15T11:57:04.644589+00:00
[2023-12-15T11:57:04.657+0000] {processor.py:179} INFO - Processing /home/airflow/.local/lib/python3.8/site-packages/airflow/example_dags/example_setup_teardown_taskflow.py took 0.149 seconds
[2023-12-15T11:57:35.130+0000] {processor.py:157} INFO - Started process (PID=2105) to work on /home/airflow/.local/lib/python3.8/site-packages/airflow/example_dags/example_setup_teardown_taskflow.py
[2023-12-15T11:57:35.133+0000] {processor.py:829} INFO - Processing file /home/airflow/.local/lib/python3.8/site-packages/airflow/example_dags/example_setup_teardown_taskflow.py for tasks to queue
[2023-12-15T11:57:35.148+0000] {logging_mixin.py:154} INFO - [2023-12-15T11:57:35.147+0000] {dagbag.py:536} INFO - Filling up the DagBag from /home/airflow/.local/lib/python3.8/site-packages/airflow/example_dags/example_setup_teardown_taskflow.py
[2023-12-15T11:57:35.168+0000] {processor.py:839} INFO - DAG(s) dict_keys(['example_setup_teardown_taskflow']) retrieved from /home/airflow/.local/lib/python3.8/site-packages/airflow/example_dags/example_setup_teardown_taskflow.py
[2023-12-15T11:57:35.230+0000] {logging_mixin.py:154} INFO - [2023-12-15T11:57:35.230+0000] {dag.py:2941} INFO - Sync 1 DAGs
[2023-12-15T11:57:35.289+0000] {logging_mixin.py:154} INFO - [2023-12-15T11:57:35.288+0000] {dag.py:3722} INFO - Setting next_dagrun for example_setup_teardown_taskflow to 2023-12-14T11:57:35.288373+00:00, run_after=2023-12-15T11:57:35.288373+00:00
[2023-12-15T11:57:35.328+0000] {processor.py:179} INFO - Processing /home/airflow/.local/lib/python3.8/site-packages/airflow/example_dags/example_setup_teardown_taskflow.py took 0.223 seconds
[2023-12-15T11:58:05.848+0000] {processor.py:157} INFO - Started process (PID=2159) to work on /home/airflow/.local/lib/python3.8/site-packages/airflow/example_dags/example_setup_teardown_taskflow.py
[2023-12-15T11:58:05.850+0000] {processor.py:829} INFO - Processing file /home/airflow/.local/lib/python3.8/site-packages/airflow/example_dags/example_setup_teardown_taskflow.py for tasks to queue
[2023-12-15T11:58:05.855+0000] {logging_mixin.py:154} INFO - [2023-12-15T11:58:05.855+0000] {dagbag.py:536} INFO - Filling up the DagBag from /home/airflow/.local/lib/python3.8/site-packages/airflow/example_dags/example_setup_teardown_taskflow.py
[2023-12-15T11:58:05.867+0000] {processor.py:839} INFO - DAG(s) dict_keys(['example_setup_teardown_taskflow']) retrieved from /home/airflow/.local/lib/python3.8/site-packages/airflow/example_dags/example_setup_teardown_taskflow.py
[2023-12-15T11:58:05.894+0000] {logging_mixin.py:154} INFO - [2023-12-15T11:58:05.894+0000] {dag.py:2941} INFO - Sync 1 DAGs
[2023-12-15T11:58:05.917+0000] {logging_mixin.py:154} INFO - [2023-12-15T11:58:05.917+0000] {dag.py:3722} INFO - Setting next_dagrun for example_setup_teardown_taskflow to 2023-12-14T11:58:05.916903+00:00, run_after=2023-12-15T11:58:05.916903+00:00
[2023-12-15T11:58:05.968+0000] {processor.py:179} INFO - Processing /home/airflow/.local/lib/python3.8/site-packages/airflow/example_dags/example_setup_teardown_taskflow.py took 0.126 seconds
[2023-12-15T11:58:36.876+0000] {processor.py:157} INFO - Started process (PID=2213) to work on /home/airflow/.local/lib/python3.8/site-packages/airflow/example_dags/example_setup_teardown_taskflow.py
[2023-12-15T11:58:36.885+0000] {processor.py:829} INFO - Processing file /home/airflow/.local/lib/python3.8/site-packages/airflow/example_dags/example_setup_teardown_taskflow.py for tasks to queue
[2023-12-15T11:58:36.901+0000] {logging_mixin.py:154} INFO - [2023-12-15T11:58:36.901+0000] {dagbag.py:536} INFO - Filling up the DagBag from /home/airflow/.local/lib/python3.8/site-packages/airflow/example_dags/example_setup_teardown_taskflow.py
[2023-12-15T11:58:36.927+0000] {processor.py:839} INFO - DAG(s) dict_keys(['example_setup_teardown_taskflow']) retrieved from /home/airflow/.local/lib/python3.8/site-packages/airflow/example_dags/example_setup_teardown_taskflow.py
[2023-12-15T11:58:37.041+0000] {logging_mixin.py:154} INFO - [2023-12-15T11:58:37.041+0000] {dag.py:2941} INFO - Sync 1 DAGs
[2023-12-15T11:58:37.158+0000] {logging_mixin.py:154} INFO - [2023-12-15T11:58:37.157+0000] {dag.py:3722} INFO - Setting next_dagrun for example_setup_teardown_taskflow to 2023-12-14T11:58:37.157311+00:00, run_after=2023-12-15T11:58:37.157311+00:00
[2023-12-15T11:58:37.262+0000] {processor.py:179} INFO - Processing /home/airflow/.local/lib/python3.8/site-packages/airflow/example_dags/example_setup_teardown_taskflow.py took 0.533 seconds
[2023-12-15T11:59:07.863+0000] {processor.py:157} INFO - Started process (PID=2266) to work on /home/airflow/.local/lib/python3.8/site-packages/airflow/example_dags/example_setup_teardown_taskflow.py
[2023-12-15T11:59:07.866+0000] {processor.py:829} INFO - Processing file /home/airflow/.local/lib/python3.8/site-packages/airflow/example_dags/example_setup_teardown_taskflow.py for tasks to queue
[2023-12-15T11:59:07.872+0000] {logging_mixin.py:154} INFO - [2023-12-15T11:59:07.871+0000] {dagbag.py:536} INFO - Filling up the DagBag from /home/airflow/.local/lib/python3.8/site-packages/airflow/example_dags/example_setup_teardown_taskflow.py
[2023-12-15T11:59:07.905+0000] {processor.py:839} INFO - DAG(s) dict_keys(['example_setup_teardown_taskflow']) retrieved from /home/airflow/.local/lib/python3.8/site-packages/airflow/example_dags/example_setup_teardown_taskflow.py
[2023-12-15T11:59:07.958+0000] {logging_mixin.py:154} INFO - [2023-12-15T11:59:07.957+0000] {dag.py:2941} INFO - Sync 1 DAGs
[2023-12-15T11:59:08.005+0000] {logging_mixin.py:154} INFO - [2023-12-15T11:59:08.005+0000] {dag.py:3722} INFO - Setting next_dagrun for example_setup_teardown_taskflow to 2023-12-14T11:59:08.004269+00:00, run_after=2023-12-15T11:59:08.004269+00:00
[2023-12-15T11:59:08.053+0000] {processor.py:179} INFO - Processing /home/airflow/.local/lib/python3.8/site-packages/airflow/example_dags/example_setup_teardown_taskflow.py took 0.203 seconds
[2023-12-15T11:59:38.863+0000] {processor.py:157} INFO - Started process (PID=2320) to work on /home/airflow/.local/lib/python3.8/site-packages/airflow/example_dags/example_setup_teardown_taskflow.py
[2023-12-15T11:59:38.871+0000] {processor.py:829} INFO - Processing file /home/airflow/.local/lib/python3.8/site-packages/airflow/example_dags/example_setup_teardown_taskflow.py for tasks to queue
[2023-12-15T11:59:38.889+0000] {logging_mixin.py:154} INFO - [2023-12-15T11:59:38.888+0000] {dagbag.py:536} INFO - Filling up the DagBag from /home/airflow/.local/lib/python3.8/site-packages/airflow/example_dags/example_setup_teardown_taskflow.py
[2023-12-15T11:59:38.910+0000] {processor.py:839} INFO - DAG(s) dict_keys(['example_setup_teardown_taskflow']) retrieved from /home/airflow/.local/lib/python3.8/site-packages/airflow/example_dags/example_setup_teardown_taskflow.py
[2023-12-15T11:59:38.969+0000] {logging_mixin.py:154} INFO - [2023-12-15T11:59:38.969+0000] {dag.py:2941} INFO - Sync 1 DAGs
[2023-12-15T11:59:39.021+0000] {logging_mixin.py:154} INFO - [2023-12-15T11:59:39.020+0000] {dag.py:3722} INFO - Setting next_dagrun for example_setup_teardown_taskflow to 2023-12-14T11:59:39.020293+00:00, run_after=2023-12-15T11:59:39.020293+00:00
[2023-12-15T11:59:39.044+0000] {processor.py:179} INFO - Processing /home/airflow/.local/lib/python3.8/site-packages/airflow/example_dags/example_setup_teardown_taskflow.py took 0.191 seconds
[2023-12-15T12:00:09.391+0000] {processor.py:157} INFO - Started process (PID=2372) to work on /home/airflow/.local/lib/python3.8/site-packages/airflow/example_dags/example_setup_teardown_taskflow.py
[2023-12-15T12:00:09.400+0000] {processor.py:829} INFO - Processing file /home/airflow/.local/lib/python3.8/site-packages/airflow/example_dags/example_setup_teardown_taskflow.py for tasks to queue
[2023-12-15T12:00:09.421+0000] {logging_mixin.py:154} INFO - [2023-12-15T12:00:09.419+0000] {dagbag.py:536} INFO - Filling up the DagBag from /home/airflow/.local/lib/python3.8/site-packages/airflow/example_dags/example_setup_teardown_taskflow.py
[2023-12-15T12:00:09.471+0000] {processor.py:839} INFO - DAG(s) dict_keys(['example_setup_teardown_taskflow']) retrieved from /home/airflow/.local/lib/python3.8/site-packages/airflow/example_dags/example_setup_teardown_taskflow.py
[2023-12-15T12:00:09.622+0000] {logging_mixin.py:154} INFO - [2023-12-15T12:00:09.622+0000] {dag.py:2941} INFO - Sync 1 DAGs
[2023-12-15T12:00:09.781+0000] {logging_mixin.py:154} INFO - [2023-12-15T12:00:09.780+0000] {dag.py:3722} INFO - Setting next_dagrun for example_setup_teardown_taskflow to 2023-12-14T12:00:09.779547+00:00, run_after=2023-12-15T12:00:09.779547+00:00
[2023-12-15T12:00:09.880+0000] {processor.py:179} INFO - Processing /home/airflow/.local/lib/python3.8/site-packages/airflow/example_dags/example_setup_teardown_taskflow.py took 0.508 seconds
[2023-12-15T12:00:40.618+0000] {processor.py:157} INFO - Started process (PID=2425) to work on /home/airflow/.local/lib/python3.8/site-packages/airflow/example_dags/example_setup_teardown_taskflow.py
[2023-12-15T12:00:40.635+0000] {processor.py:829} INFO - Processing file /home/airflow/.local/lib/python3.8/site-packages/airflow/example_dags/example_setup_teardown_taskflow.py for tasks to queue
[2023-12-15T12:00:40.659+0000] {logging_mixin.py:154} INFO - [2023-12-15T12:00:40.658+0000] {dagbag.py:536} INFO - Filling up the DagBag from /home/airflow/.local/lib/python3.8/site-packages/airflow/example_dags/example_setup_teardown_taskflow.py
[2023-12-15T12:00:40.708+0000] {processor.py:839} INFO - DAG(s) dict_keys(['example_setup_teardown_taskflow']) retrieved from /home/airflow/.local/lib/python3.8/site-packages/airflow/example_dags/example_setup_teardown_taskflow.py
[2023-12-15T12:00:40.850+0000] {logging_mixin.py:154} INFO - [2023-12-15T12:00:40.850+0000] {dag.py:2941} INFO - Sync 1 DAGs
[2023-12-15T12:00:40.890+0000] {logging_mixin.py:154} INFO - [2023-12-15T12:00:40.890+0000] {dag.py:3722} INFO - Setting next_dagrun for example_setup_teardown_taskflow to 2023-12-14T12:00:40.888083+00:00, run_after=2023-12-15T12:00:40.888083+00:00
[2023-12-15T12:00:40.906+0000] {processor.py:179} INFO - Processing /home/airflow/.local/lib/python3.8/site-packages/airflow/example_dags/example_setup_teardown_taskflow.py took 0.307 seconds
[2023-12-15T12:01:11.151+0000] {processor.py:157} INFO - Started process (PID=2479) to work on /home/airflow/.local/lib/python3.8/site-packages/airflow/example_dags/example_setup_teardown_taskflow.py
[2023-12-15T12:01:11.167+0000] {processor.py:829} INFO - Processing file /home/airflow/.local/lib/python3.8/site-packages/airflow/example_dags/example_setup_teardown_taskflow.py for tasks to queue
[2023-12-15T12:01:11.184+0000] {logging_mixin.py:154} INFO - [2023-12-15T12:01:11.183+0000] {dagbag.py:536} INFO - Filling up the DagBag from /home/airflow/.local/lib/python3.8/site-packages/airflow/example_dags/example_setup_teardown_taskflow.py
[2023-12-15T12:01:11.245+0000] {processor.py:839} INFO - DAG(s) dict_keys(['example_setup_teardown_taskflow']) retrieved from /home/airflow/.local/lib/python3.8/site-packages/airflow/example_dags/example_setup_teardown_taskflow.py
[2023-12-15T12:01:11.342+0000] {logging_mixin.py:154} INFO - [2023-12-15T12:01:11.342+0000] {dag.py:2941} INFO - Sync 1 DAGs
[2023-12-15T12:01:11.378+0000] {logging_mixin.py:154} INFO - [2023-12-15T12:01:11.378+0000] {dag.py:3722} INFO - Setting next_dagrun for example_setup_teardown_taskflow to 2023-12-14T12:01:11.377468+00:00, run_after=2023-12-15T12:01:11.377468+00:00
[2023-12-15T12:01:11.397+0000] {processor.py:179} INFO - Processing /home/airflow/.local/lib/python3.8/site-packages/airflow/example_dags/example_setup_teardown_taskflow.py took 0.300 seconds
[2023-12-15T12:01:41.562+0000] {processor.py:157} INFO - Started process (PID=2533) to work on /home/airflow/.local/lib/python3.8/site-packages/airflow/example_dags/example_setup_teardown_taskflow.py
[2023-12-15T12:01:41.566+0000] {processor.py:829} INFO - Processing file /home/airflow/.local/lib/python3.8/site-packages/airflow/example_dags/example_setup_teardown_taskflow.py for tasks to queue
[2023-12-15T12:01:41.579+0000] {logging_mixin.py:154} INFO - [2023-12-15T12:01:41.578+0000] {dagbag.py:536} INFO - Filling up the DagBag from /home/airflow/.local/lib/python3.8/site-packages/airflow/example_dags/example_setup_teardown_taskflow.py
[2023-12-15T12:01:41.698+0000] {processor.py:839} INFO - DAG(s) dict_keys(['example_setup_teardown_taskflow']) retrieved from /home/airflow/.local/lib/python3.8/site-packages/airflow/example_dags/example_setup_teardown_taskflow.py
[2023-12-15T12:01:41.878+0000] {logging_mixin.py:154} INFO - [2023-12-15T12:01:41.877+0000] {dag.py:2941} INFO - Sync 1 DAGs
[2023-12-15T12:01:42.009+0000] {logging_mixin.py:154} INFO - [2023-12-15T12:01:42.009+0000] {dag.py:3722} INFO - Setting next_dagrun for example_setup_teardown_taskflow to 2023-12-14T12:01:42.007154+00:00, run_after=2023-12-15T12:01:42.007154+00:00
[2023-12-15T12:01:42.084+0000] {processor.py:179} INFO - Processing /home/airflow/.local/lib/python3.8/site-packages/airflow/example_dags/example_setup_teardown_taskflow.py took 0.559 seconds
[2023-12-15T12:02:12.224+0000] {processor.py:157} INFO - Started process (PID=2587) to work on /home/airflow/.local/lib/python3.8/site-packages/airflow/example_dags/example_setup_teardown_taskflow.py
[2023-12-15T12:02:12.227+0000] {processor.py:829} INFO - Processing file /home/airflow/.local/lib/python3.8/site-packages/airflow/example_dags/example_setup_teardown_taskflow.py for tasks to queue
[2023-12-15T12:02:12.234+0000] {logging_mixin.py:154} INFO - [2023-12-15T12:02:12.233+0000] {dagbag.py:536} INFO - Filling up the DagBag from /home/airflow/.local/lib/python3.8/site-packages/airflow/example_dags/example_setup_teardown_taskflow.py
[2023-12-15T12:02:12.279+0000] {processor.py:839} INFO - DAG(s) dict_keys(['example_setup_teardown_taskflow']) retrieved from /home/airflow/.local/lib/python3.8/site-packages/airflow/example_dags/example_setup_teardown_taskflow.py
[2023-12-15T12:02:12.332+0000] {logging_mixin.py:154} INFO - [2023-12-15T12:02:12.331+0000] {dag.py:2941} INFO - Sync 1 DAGs
[2023-12-15T12:02:12.373+0000] {logging_mixin.py:154} INFO - [2023-12-15T12:02:12.373+0000] {dag.py:3722} INFO - Setting next_dagrun for example_setup_teardown_taskflow to 2023-12-14T12:02:12.373098+00:00, run_after=2023-12-15T12:02:12.373098+00:00
[2023-12-15T12:02:12.408+0000] {processor.py:179} INFO - Processing /home/airflow/.local/lib/python3.8/site-packages/airflow/example_dags/example_setup_teardown_taskflow.py took 0.198 seconds
[2023-12-15T12:02:42.732+0000] {processor.py:157} INFO - Started process (PID=2641) to work on /home/airflow/.local/lib/python3.8/site-packages/airflow/example_dags/example_setup_teardown_taskflow.py
[2023-12-15T12:02:42.736+0000] {processor.py:829} INFO - Processing file /home/airflow/.local/lib/python3.8/site-packages/airflow/example_dags/example_setup_teardown_taskflow.py for tasks to queue
[2023-12-15T12:02:42.751+0000] {logging_mixin.py:154} INFO - [2023-12-15T12:02:42.746+0000] {dagbag.py:536} INFO - Filling up the DagBag from /home/airflow/.local/lib/python3.8/site-packages/airflow/example_dags/example_setup_teardown_taskflow.py
[2023-12-15T12:02:42.792+0000] {processor.py:839} INFO - DAG(s) dict_keys(['example_setup_teardown_taskflow']) retrieved from /home/airflow/.local/lib/python3.8/site-packages/airflow/example_dags/example_setup_teardown_taskflow.py
[2023-12-15T12:02:42.857+0000] {logging_mixin.py:154} INFO - [2023-12-15T12:02:42.857+0000] {dag.py:2941} INFO - Sync 1 DAGs
[2023-12-15T12:02:42.894+0000] {logging_mixin.py:154} INFO - [2023-12-15T12:02:42.894+0000] {dag.py:3722} INFO - Setting next_dagrun for example_setup_teardown_taskflow to 2023-12-14T12:02:42.893692+00:00, run_after=2023-12-15T12:02:42.893692+00:00
[2023-12-15T12:02:42.925+0000] {processor.py:179} INFO - Processing /home/airflow/.local/lib/python3.8/site-packages/airflow/example_dags/example_setup_teardown_taskflow.py took 0.218 seconds
[2023-12-15T12:03:13.444+0000] {processor.py:157} INFO - Started process (PID=2695) to work on /home/airflow/.local/lib/python3.8/site-packages/airflow/example_dags/example_setup_teardown_taskflow.py
[2023-12-15T12:03:13.449+0000] {processor.py:829} INFO - Processing file /home/airflow/.local/lib/python3.8/site-packages/airflow/example_dags/example_setup_teardown_taskflow.py for tasks to queue
[2023-12-15T12:03:13.458+0000] {logging_mixin.py:154} INFO - [2023-12-15T12:03:13.457+0000] {dagbag.py:536} INFO - Filling up the DagBag from /home/airflow/.local/lib/python3.8/site-packages/airflow/example_dags/example_setup_teardown_taskflow.py
[2023-12-15T12:03:13.489+0000] {processor.py:839} INFO - DAG(s) dict_keys(['example_setup_teardown_taskflow']) retrieved from /home/airflow/.local/lib/python3.8/site-packages/airflow/example_dags/example_setup_teardown_taskflow.py
[2023-12-15T12:03:13.568+0000] {logging_mixin.py:154} INFO - [2023-12-15T12:03:13.568+0000] {dag.py:2941} INFO - Sync 1 DAGs
[2023-12-15T12:03:13.619+0000] {logging_mixin.py:154} INFO - [2023-12-15T12:03:13.619+0000] {dag.py:3722} INFO - Setting next_dagrun for example_setup_teardown_taskflow to 2023-12-14T12:03:13.617029+00:00, run_after=2023-12-15T12:03:13.617029+00:00
[2023-12-15T12:03:13.647+0000] {processor.py:179} INFO - Processing /home/airflow/.local/lib/python3.8/site-packages/airflow/example_dags/example_setup_teardown_taskflow.py took 0.213 seconds
[2023-12-15T12:03:43.834+0000] {processor.py:157} INFO - Started process (PID=2748) to work on /home/airflow/.local/lib/python3.8/site-packages/airflow/example_dags/example_setup_teardown_taskflow.py
[2023-12-15T12:03:43.836+0000] {processor.py:829} INFO - Processing file /home/airflow/.local/lib/python3.8/site-packages/airflow/example_dags/example_setup_teardown_taskflow.py for tasks to queue
[2023-12-15T12:03:43.839+0000] {logging_mixin.py:154} INFO - [2023-12-15T12:03:43.839+0000] {dagbag.py:536} INFO - Filling up the DagBag from /home/airflow/.local/lib/python3.8/site-packages/airflow/example_dags/example_setup_teardown_taskflow.py
[2023-12-15T12:03:43.851+0000] {processor.py:839} INFO - DAG(s) dict_keys(['example_setup_teardown_taskflow']) retrieved from /home/airflow/.local/lib/python3.8/site-packages/airflow/example_dags/example_setup_teardown_taskflow.py
[2023-12-15T12:03:43.996+0000] {logging_mixin.py:154} INFO - [2023-12-15T12:03:43.996+0000] {dag.py:2941} INFO - Sync 1 DAGs
[2023-12-15T12:03:44.021+0000] {logging_mixin.py:154} INFO - [2023-12-15T12:03:44.021+0000] {dag.py:3722} INFO - Setting next_dagrun for example_setup_teardown_taskflow to 2023-12-14T12:03:44.020811+00:00, run_after=2023-12-15T12:03:44.020811+00:00
[2023-12-15T12:03:44.034+0000] {processor.py:179} INFO - Processing /home/airflow/.local/lib/python3.8/site-packages/airflow/example_dags/example_setup_teardown_taskflow.py took 0.235 seconds
[2023-12-15T12:04:14.347+0000] {processor.py:157} INFO - Started process (PID=2801) to work on /home/airflow/.local/lib/python3.8/site-packages/airflow/example_dags/example_setup_teardown_taskflow.py
[2023-12-15T12:04:14.355+0000] {processor.py:829} INFO - Processing file /home/airflow/.local/lib/python3.8/site-packages/airflow/example_dags/example_setup_teardown_taskflow.py for tasks to queue
[2023-12-15T12:04:14.376+0000] {logging_mixin.py:154} INFO - [2023-12-15T12:04:14.376+0000] {dagbag.py:536} INFO - Filling up the DagBag from /home/airflow/.local/lib/python3.8/site-packages/airflow/example_dags/example_setup_teardown_taskflow.py
[2023-12-15T12:04:14.424+0000] {processor.py:839} INFO - DAG(s) dict_keys(['example_setup_teardown_taskflow']) retrieved from /home/airflow/.local/lib/python3.8/site-packages/airflow/example_dags/example_setup_teardown_taskflow.py
[2023-12-15T12:04:14.580+0000] {logging_mixin.py:154} INFO - [2023-12-15T12:04:14.580+0000] {dag.py:2941} INFO - Sync 1 DAGs
[2023-12-15T12:04:14.690+0000] {logging_mixin.py:154} INFO - [2023-12-15T12:04:14.690+0000] {dag.py:3722} INFO - Setting next_dagrun for example_setup_teardown_taskflow to 2023-12-14T12:04:14.685245+00:00, run_after=2023-12-15T12:04:14.685245+00:00
[2023-12-15T12:04:14.773+0000] {processor.py:179} INFO - Processing /home/airflow/.local/lib/python3.8/site-packages/airflow/example_dags/example_setup_teardown_taskflow.py took 0.439 seconds
[2023-12-15T12:04:45.650+0000] {processor.py:157} INFO - Started process (PID=2855) to work on /home/airflow/.local/lib/python3.8/site-packages/airflow/example_dags/example_setup_teardown_taskflow.py
[2023-12-15T12:04:45.653+0000] {processor.py:829} INFO - Processing file /home/airflow/.local/lib/python3.8/site-packages/airflow/example_dags/example_setup_teardown_taskflow.py for tasks to queue
[2023-12-15T12:04:45.658+0000] {logging_mixin.py:154} INFO - [2023-12-15T12:04:45.657+0000] {dagbag.py:536} INFO - Filling up the DagBag from /home/airflow/.local/lib/python3.8/site-packages/airflow/example_dags/example_setup_teardown_taskflow.py
[2023-12-15T12:04:45.673+0000] {processor.py:839} INFO - DAG(s) dict_keys(['example_setup_teardown_taskflow']) retrieved from /home/airflow/.local/lib/python3.8/site-packages/airflow/example_dags/example_setup_teardown_taskflow.py
[2023-12-15T12:04:45.710+0000] {logging_mixin.py:154} INFO - [2023-12-15T12:04:45.709+0000] {dag.py:2941} INFO - Sync 1 DAGs
[2023-12-15T12:04:45.742+0000] {logging_mixin.py:154} INFO - [2023-12-15T12:04:45.742+0000] {dag.py:3722} INFO - Setting next_dagrun for example_setup_teardown_taskflow to 2023-12-14T12:04:45.742170+00:00, run_after=2023-12-15T12:04:45.742170+00:00
[2023-12-15T12:04:45.756+0000] {processor.py:179} INFO - Processing /home/airflow/.local/lib/python3.8/site-packages/airflow/example_dags/example_setup_teardown_taskflow.py took 0.111 seconds
[2023-12-15T12:05:17.544+0000] {processor.py:157} INFO - Started process (PID=2909) to work on /home/airflow/.local/lib/python3.8/site-packages/airflow/example_dags/example_setup_teardown_taskflow.py
[2023-12-15T12:05:17.549+0000] {processor.py:829} INFO - Processing file /home/airflow/.local/lib/python3.8/site-packages/airflow/example_dags/example_setup_teardown_taskflow.py for tasks to queue
[2023-12-15T12:05:17.551+0000] {logging_mixin.py:154} INFO - [2023-12-15T12:05:17.551+0000] {dagbag.py:536} INFO - Filling up the DagBag from /home/airflow/.local/lib/python3.8/site-packages/airflow/example_dags/example_setup_teardown_taskflow.py
[2023-12-15T12:05:17.583+0000] {processor.py:839} INFO - DAG(s) dict_keys(['example_setup_teardown_taskflow']) retrieved from /home/airflow/.local/lib/python3.8/site-packages/airflow/example_dags/example_setup_teardown_taskflow.py
[2023-12-15T12:05:17.691+0000] {logging_mixin.py:154} INFO - [2023-12-15T12:05:17.691+0000] {dag.py:2941} INFO - Sync 1 DAGs
[2023-12-15T12:05:17.758+0000] {logging_mixin.py:154} INFO - [2023-12-15T12:05:17.758+0000] {dag.py:3722} INFO - Setting next_dagrun for example_setup_teardown_taskflow to 2023-12-14T12:05:17.757776+00:00, run_after=2023-12-15T12:05:17.757776+00:00
[2023-12-15T12:05:17.777+0000] {processor.py:179} INFO - Processing /home/airflow/.local/lib/python3.8/site-packages/airflow/example_dags/example_setup_teardown_taskflow.py took 0.268 seconds
[2023-12-15T12:05:49.795+0000] {processor.py:157} INFO - Started process (PID=2962) to work on /home/airflow/.local/lib/python3.8/site-packages/airflow/example_dags/example_setup_teardown_taskflow.py
[2023-12-15T12:05:49.796+0000] {processor.py:829} INFO - Processing file /home/airflow/.local/lib/python3.8/site-packages/airflow/example_dags/example_setup_teardown_taskflow.py for tasks to queue
[2023-12-15T12:05:49.798+0000] {logging_mixin.py:154} INFO - [2023-12-15T12:05:49.798+0000] {dagbag.py:536} INFO - Filling up the DagBag from /home/airflow/.local/lib/python3.8/site-packages/airflow/example_dags/example_setup_teardown_taskflow.py
[2023-12-15T12:05:49.834+0000] {processor.py:839} INFO - DAG(s) dict_keys(['example_setup_teardown_taskflow']) retrieved from /home/airflow/.local/lib/python3.8/site-packages/airflow/example_dags/example_setup_teardown_taskflow.py
[2023-12-15T12:05:49.889+0000] {logging_mixin.py:154} INFO - [2023-12-15T12:05:49.888+0000] {dag.py:2941} INFO - Sync 1 DAGs
[2023-12-15T12:05:49.931+0000] {logging_mixin.py:154} INFO - [2023-12-15T12:05:49.931+0000] {dag.py:3722} INFO - Setting next_dagrun for example_setup_teardown_taskflow to 2023-12-14T12:05:49.930559+00:00, run_after=2023-12-15T12:05:49.930559+00:00
[2023-12-15T12:05:49.971+0000] {processor.py:179} INFO - Processing /home/airflow/.local/lib/python3.8/site-packages/airflow/example_dags/example_setup_teardown_taskflow.py took 0.181 seconds
[2023-12-15T12:06:20.114+0000] {processor.py:157} INFO - Started process (PID=3015) to work on /home/airflow/.local/lib/python3.8/site-packages/airflow/example_dags/example_setup_teardown_taskflow.py
[2023-12-15T12:06:20.120+0000] {processor.py:829} INFO - Processing file /home/airflow/.local/lib/python3.8/site-packages/airflow/example_dags/example_setup_teardown_taskflow.py for tasks to queue
[2023-12-15T12:06:20.125+0000] {logging_mixin.py:154} INFO - [2023-12-15T12:06:20.125+0000] {dagbag.py:536} INFO - Filling up the DagBag from /home/airflow/.local/lib/python3.8/site-packages/airflow/example_dags/example_setup_teardown_taskflow.py
[2023-12-15T12:06:20.148+0000] {processor.py:839} INFO - DAG(s) dict_keys(['example_setup_teardown_taskflow']) retrieved from /home/airflow/.local/lib/python3.8/site-packages/airflow/example_dags/example_setup_teardown_taskflow.py
[2023-12-15T12:06:20.190+0000] {logging_mixin.py:154} INFO - [2023-12-15T12:06:20.189+0000] {dag.py:2941} INFO - Sync 1 DAGs
[2023-12-15T12:06:20.214+0000] {logging_mixin.py:154} INFO - [2023-12-15T12:06:20.214+0000] {dag.py:3722} INFO - Setting next_dagrun for example_setup_teardown_taskflow to 2023-12-14T12:06:20.214100+00:00, run_after=2023-12-15T12:06:20.214100+00:00
[2023-12-15T12:06:20.228+0000] {processor.py:179} INFO - Processing /home/airflow/.local/lib/python3.8/site-packages/airflow/example_dags/example_setup_teardown_taskflow.py took 0.131 seconds
[2023-12-15T12:06:50.910+0000] {processor.py:157} INFO - Started process (PID=3067) to work on /home/airflow/.local/lib/python3.8/site-packages/airflow/example_dags/example_setup_teardown_taskflow.py
[2023-12-15T12:06:50.913+0000] {processor.py:829} INFO - Processing file /home/airflow/.local/lib/python3.8/site-packages/airflow/example_dags/example_setup_teardown_taskflow.py for tasks to queue
[2023-12-15T12:06:50.914+0000] {logging_mixin.py:154} INFO - [2023-12-15T12:06:50.914+0000] {dagbag.py:536} INFO - Filling up the DagBag from /home/airflow/.local/lib/python3.8/site-packages/airflow/example_dags/example_setup_teardown_taskflow.py
[2023-12-15T12:06:50.924+0000] {processor.py:839} INFO - DAG(s) dict_keys(['example_setup_teardown_taskflow']) retrieved from /home/airflow/.local/lib/python3.8/site-packages/airflow/example_dags/example_setup_teardown_taskflow.py
[2023-12-15T12:06:50.953+0000] {logging_mixin.py:154} INFO - [2023-12-15T12:06:50.952+0000] {dag.py:2941} INFO - Sync 1 DAGs
[2023-12-15T12:06:50.986+0000] {logging_mixin.py:154} INFO - [2023-12-15T12:06:50.985+0000] {dag.py:3722} INFO - Setting next_dagrun for example_setup_teardown_taskflow to 2023-12-14T12:06:50.984929+00:00, run_after=2023-12-15T12:06:50.984929+00:00
[2023-12-15T12:06:51.005+0000] {processor.py:179} INFO - Processing /home/airflow/.local/lib/python3.8/site-packages/airflow/example_dags/example_setup_teardown_taskflow.py took 0.099 seconds
[2023-12-15T12:07:21.807+0000] {processor.py:157} INFO - Started process (PID=3120) to work on /home/airflow/.local/lib/python3.8/site-packages/airflow/example_dags/example_setup_teardown_taskflow.py
[2023-12-15T12:07:21.808+0000] {processor.py:829} INFO - Processing file /home/airflow/.local/lib/python3.8/site-packages/airflow/example_dags/example_setup_teardown_taskflow.py for tasks to queue
[2023-12-15T12:07:21.814+0000] {logging_mixin.py:154} INFO - [2023-12-15T12:07:21.813+0000] {dagbag.py:536} INFO - Filling up the DagBag from /home/airflow/.local/lib/python3.8/site-packages/airflow/example_dags/example_setup_teardown_taskflow.py
[2023-12-15T12:07:21.849+0000] {processor.py:839} INFO - DAG(s) dict_keys(['example_setup_teardown_taskflow']) retrieved from /home/airflow/.local/lib/python3.8/site-packages/airflow/example_dags/example_setup_teardown_taskflow.py
[2023-12-15T12:07:21.961+0000] {logging_mixin.py:154} INFO - [2023-12-15T12:07:21.959+0000] {dag.py:2941} INFO - Sync 1 DAGs
[2023-12-15T12:07:22.008+0000] {logging_mixin.py:154} INFO - [2023-12-15T12:07:22.008+0000] {dag.py:3722} INFO - Setting next_dagrun for example_setup_teardown_taskflow to 2023-12-14T12:07:22.005734+00:00, run_after=2023-12-15T12:07:22.005734+00:00
[2023-12-15T12:07:22.070+0000] {processor.py:179} INFO - Processing /home/airflow/.local/lib/python3.8/site-packages/airflow/example_dags/example_setup_teardown_taskflow.py took 0.268 seconds
[2023-12-15T12:07:52.955+0000] {processor.py:157} INFO - Started process (PID=3174) to work on /home/airflow/.local/lib/python3.8/site-packages/airflow/example_dags/example_setup_teardown_taskflow.py
[2023-12-15T12:07:52.958+0000] {processor.py:829} INFO - Processing file /home/airflow/.local/lib/python3.8/site-packages/airflow/example_dags/example_setup_teardown_taskflow.py for tasks to queue
[2023-12-15T12:07:52.965+0000] {logging_mixin.py:154} INFO - [2023-12-15T12:07:52.965+0000] {dagbag.py:536} INFO - Filling up the DagBag from /home/airflow/.local/lib/python3.8/site-packages/airflow/example_dags/example_setup_teardown_taskflow.py
[2023-12-15T12:07:52.983+0000] {processor.py:839} INFO - DAG(s) dict_keys(['example_setup_teardown_taskflow']) retrieved from /home/airflow/.local/lib/python3.8/site-packages/airflow/example_dags/example_setup_teardown_taskflow.py
[2023-12-15T12:07:53.029+0000] {logging_mixin.py:154} INFO - [2023-12-15T12:07:53.029+0000] {dag.py:2941} INFO - Sync 1 DAGs
[2023-12-15T12:07:53.050+0000] {logging_mixin.py:154} INFO - [2023-12-15T12:07:53.050+0000] {dag.py:3722} INFO - Setting next_dagrun for example_setup_teardown_taskflow to 2023-12-14T12:07:53.049933+00:00, run_after=2023-12-15T12:07:53.049933+00:00
[2023-12-15T12:07:53.069+0000] {processor.py:179} INFO - Processing /home/airflow/.local/lib/python3.8/site-packages/airflow/example_dags/example_setup_teardown_taskflow.py took 0.120 seconds
[2023-12-15T12:08:23.884+0000] {processor.py:157} INFO - Started process (PID=3228) to work on /home/airflow/.local/lib/python3.8/site-packages/airflow/example_dags/example_setup_teardown_taskflow.py
[2023-12-15T12:08:23.886+0000] {processor.py:829} INFO - Processing file /home/airflow/.local/lib/python3.8/site-packages/airflow/example_dags/example_setup_teardown_taskflow.py for tasks to queue
[2023-12-15T12:08:23.890+0000] {logging_mixin.py:154} INFO - [2023-12-15T12:08:23.890+0000] {dagbag.py:536} INFO - Filling up the DagBag from /home/airflow/.local/lib/python3.8/site-packages/airflow/example_dags/example_setup_teardown_taskflow.py
[2023-12-15T12:08:23.910+0000] {processor.py:839} INFO - DAG(s) dict_keys(['example_setup_teardown_taskflow']) retrieved from /home/airflow/.local/lib/python3.8/site-packages/airflow/example_dags/example_setup_teardown_taskflow.py
[2023-12-15T12:08:23.935+0000] {logging_mixin.py:154} INFO - [2023-12-15T12:08:23.935+0000] {dag.py:2941} INFO - Sync 1 DAGs
[2023-12-15T12:08:23.956+0000] {logging_mixin.py:154} INFO - [2023-12-15T12:08:23.956+0000] {dag.py:3722} INFO - Setting next_dagrun for example_setup_teardown_taskflow to 2023-12-14T12:08:23.955837+00:00, run_after=2023-12-15T12:08:23.955837+00:00
[2023-12-15T12:08:23.981+0000] {processor.py:179} INFO - Processing /home/airflow/.local/lib/python3.8/site-packages/airflow/example_dags/example_setup_teardown_taskflow.py took 0.103 seconds
[2023-12-15T12:08:58.604+0000] {processor.py:157} INFO - Started process (PID=3282) to work on /home/airflow/.local/lib/python3.8/site-packages/airflow/example_dags/example_setup_teardown_taskflow.py
[2023-12-15T12:08:58.611+0000] {processor.py:829} INFO - Processing file /home/airflow/.local/lib/python3.8/site-packages/airflow/example_dags/example_setup_teardown_taskflow.py for tasks to queue
[2023-12-15T12:08:58.614+0000] {logging_mixin.py:154} INFO - [2023-12-15T12:08:58.614+0000] {dagbag.py:536} INFO - Filling up the DagBag from /home/airflow/.local/lib/python3.8/site-packages/airflow/example_dags/example_setup_teardown_taskflow.py
[2023-12-15T12:08:58.656+0000] {processor.py:839} INFO - DAG(s) dict_keys(['example_setup_teardown_taskflow']) retrieved from /home/airflow/.local/lib/python3.8/site-packages/airflow/example_dags/example_setup_teardown_taskflow.py
[2023-12-15T12:08:58.814+0000] {logging_mixin.py:154} INFO - [2023-12-15T12:08:58.813+0000] {dag.py:2941} INFO - Sync 1 DAGs
[2023-12-15T12:08:58.867+0000] {logging_mixin.py:154} INFO - [2023-12-15T12:08:58.866+0000] {dag.py:3722} INFO - Setting next_dagrun for example_setup_teardown_taskflow to 2023-12-14T12:08:58.863864+00:00, run_after=2023-12-15T12:08:58.863864+00:00
[2023-12-15T12:08:58.905+0000] {processor.py:179} INFO - Processing /home/airflow/.local/lib/python3.8/site-packages/airflow/example_dags/example_setup_teardown_taskflow.py took 0.320 seconds
[2023-12-15T12:09:30.073+0000] {processor.py:157} INFO - Started process (PID=3338) to work on /home/airflow/.local/lib/python3.8/site-packages/airflow/example_dags/example_setup_teardown_taskflow.py
[2023-12-15T12:09:30.076+0000] {processor.py:829} INFO - Processing file /home/airflow/.local/lib/python3.8/site-packages/airflow/example_dags/example_setup_teardown_taskflow.py for tasks to queue
[2023-12-15T12:09:30.080+0000] {logging_mixin.py:154} INFO - [2023-12-15T12:09:30.079+0000] {dagbag.py:536} INFO - Filling up the DagBag from /home/airflow/.local/lib/python3.8/site-packages/airflow/example_dags/example_setup_teardown_taskflow.py
[2023-12-15T12:09:30.096+0000] {processor.py:839} INFO - DAG(s) dict_keys(['example_setup_teardown_taskflow']) retrieved from /home/airflow/.local/lib/python3.8/site-packages/airflow/example_dags/example_setup_teardown_taskflow.py
[2023-12-15T12:09:30.117+0000] {logging_mixin.py:154} INFO - [2023-12-15T12:09:30.117+0000] {dag.py:2941} INFO - Sync 1 DAGs
[2023-12-15T12:09:30.148+0000] {logging_mixin.py:154} INFO - [2023-12-15T12:09:30.148+0000] {dag.py:3722} INFO - Setting next_dagrun for example_setup_teardown_taskflow to 2023-12-14T12:09:30.148118+00:00, run_after=2023-12-15T12:09:30.148118+00:00
[2023-12-15T12:09:30.171+0000] {processor.py:179} INFO - Processing /home/airflow/.local/lib/python3.8/site-packages/airflow/example_dags/example_setup_teardown_taskflow.py took 0.103 seconds
[2023-12-15T12:10:00.815+0000] {processor.py:157} INFO - Started process (PID=3392) to work on /home/airflow/.local/lib/python3.8/site-packages/airflow/example_dags/example_setup_teardown_taskflow.py
[2023-12-15T12:10:00.817+0000] {processor.py:829} INFO - Processing file /home/airflow/.local/lib/python3.8/site-packages/airflow/example_dags/example_setup_teardown_taskflow.py for tasks to queue
[2023-12-15T12:10:00.820+0000] {logging_mixin.py:154} INFO - [2023-12-15T12:10:00.820+0000] {dagbag.py:536} INFO - Filling up the DagBag from /home/airflow/.local/lib/python3.8/site-packages/airflow/example_dags/example_setup_teardown_taskflow.py
[2023-12-15T12:10:00.833+0000] {processor.py:839} INFO - DAG(s) dict_keys(['example_setup_teardown_taskflow']) retrieved from /home/airflow/.local/lib/python3.8/site-packages/airflow/example_dags/example_setup_teardown_taskflow.py
[2023-12-15T12:10:00.880+0000] {logging_mixin.py:154} INFO - [2023-12-15T12:10:00.879+0000] {dag.py:2941} INFO - Sync 1 DAGs
[2023-12-15T12:10:00.928+0000] {logging_mixin.py:154} INFO - [2023-12-15T12:10:00.928+0000] {dag.py:3722} INFO - Setting next_dagrun for example_setup_teardown_taskflow to 2023-12-14T12:10:00.927677+00:00, run_after=2023-12-15T12:10:00.927677+00:00
[2023-12-15T12:10:00.955+0000] {processor.py:179} INFO - Processing /home/airflow/.local/lib/python3.8/site-packages/airflow/example_dags/example_setup_teardown_taskflow.py took 0.145 seconds
