[2023-12-15T11:36:55.956+0000] {processor.py:157} INFO - Started process (PID=56) to work on /home/airflow/.local/lib/python3.8/site-packages/airflow/example_dags/example_dag_decorator.py
[2023-12-15T11:36:55.963+0000] {processor.py:829} INFO - Processing file /home/airflow/.local/lib/python3.8/site-packages/airflow/example_dags/example_dag_decorator.py for tasks to queue
[2023-12-15T11:36:55.970+0000] {logging_mixin.py:154} INFO - [2023-12-15T11:36:55.970+0000] {dagbag.py:536} INFO - Filling up the DagBag from /home/airflow/.local/lib/python3.8/site-packages/airflow/example_dags/example_dag_decorator.py
[2023-12-15T11:36:56.406+0000] {processor.py:839} INFO - DAG(s) dict_keys(['example_dag_decorator']) retrieved from /home/airflow/.local/lib/python3.8/site-packages/airflow/example_dags/example_dag_decorator.py
[2023-12-15T11:36:56.839+0000] {logging_mixin.py:154} INFO - [2023-12-15T11:36:56.838+0000] {dag.py:2941} INFO - Sync 1 DAGs
[2023-12-15T11:36:58.505+0000] {logging_mixin.py:154} INFO - [2023-12-15T11:36:58.505+0000] {dag.py:3722} INFO - Setting next_dagrun for example_dag_decorator to None, run_after=None
[2023-12-15T11:36:58.538+0000] {processor.py:179} INFO - Processing /home/airflow/.local/lib/python3.8/site-packages/airflow/example_dags/example_dag_decorator.py took 2.586 seconds
[2023-12-15T11:37:28.797+0000] {processor.py:157} INFO - Started process (PID=113) to work on /home/airflow/.local/lib/python3.8/site-packages/airflow/example_dags/example_dag_decorator.py
[2023-12-15T11:37:28.800+0000] {processor.py:829} INFO - Processing file /home/airflow/.local/lib/python3.8/site-packages/airflow/example_dags/example_dag_decorator.py for tasks to queue
[2023-12-15T11:37:28.802+0000] {logging_mixin.py:154} INFO - [2023-12-15T11:37:28.802+0000] {dagbag.py:536} INFO - Filling up the DagBag from /home/airflow/.local/lib/python3.8/site-packages/airflow/example_dags/example_dag_decorator.py
[2023-12-15T11:37:29.076+0000] {processor.py:839} INFO - DAG(s) dict_keys(['example_dag_decorator']) retrieved from /home/airflow/.local/lib/python3.8/site-packages/airflow/example_dags/example_dag_decorator.py
[2023-12-15T11:37:29.394+0000] {logging_mixin.py:154} INFO - [2023-12-15T11:37:29.393+0000] {dag.py:2941} INFO - Sync 1 DAGs
[2023-12-15T11:37:30.927+0000] {logging_mixin.py:154} INFO - [2023-12-15T11:37:30.926+0000] {dag.py:3722} INFO - Setting next_dagrun for example_dag_decorator to None, run_after=None
[2023-12-15T11:37:30.966+0000] {processor.py:179} INFO - Processing /home/airflow/.local/lib/python3.8/site-packages/airflow/example_dags/example_dag_decorator.py took 2.173 seconds
[2023-12-15T11:38:01.789+0000] {processor.py:157} INFO - Started process (PID=177) to work on /home/airflow/.local/lib/python3.8/site-packages/airflow/example_dags/example_dag_decorator.py
[2023-12-15T11:38:01.791+0000] {processor.py:829} INFO - Processing file /home/airflow/.local/lib/python3.8/site-packages/airflow/example_dags/example_dag_decorator.py for tasks to queue
[2023-12-15T11:38:01.796+0000] {logging_mixin.py:154} INFO - [2023-12-15T11:38:01.796+0000] {dagbag.py:536} INFO - Filling up the DagBag from /home/airflow/.local/lib/python3.8/site-packages/airflow/example_dags/example_dag_decorator.py
[2023-12-15T11:38:01.888+0000] {processor.py:839} INFO - DAG(s) dict_keys(['example_dag_decorator']) retrieved from /home/airflow/.local/lib/python3.8/site-packages/airflow/example_dags/example_dag_decorator.py
[2023-12-15T11:38:01.987+0000] {logging_mixin.py:154} INFO - [2023-12-15T11:38:01.987+0000] {dag.py:2941} INFO - Sync 1 DAGs
[2023-12-15T11:38:01.999+0000] {logging_mixin.py:154} INFO - [2023-12-15T11:38:01.999+0000] {dag.py:3722} INFO - Setting next_dagrun for example_dag_decorator to None, run_after=None
[2023-12-15T11:38:02.011+0000] {processor.py:179} INFO - Processing /home/airflow/.local/lib/python3.8/site-packages/airflow/example_dags/example_dag_decorator.py took 0.236 seconds
[2023-12-15T11:38:32.958+0000] {processor.py:157} INFO - Started process (PID=231) to work on /home/airflow/.local/lib/python3.8/site-packages/airflow/example_dags/example_dag_decorator.py
[2023-12-15T11:38:32.965+0000] {processor.py:829} INFO - Processing file /home/airflow/.local/lib/python3.8/site-packages/airflow/example_dags/example_dag_decorator.py for tasks to queue
[2023-12-15T11:38:32.987+0000] {logging_mixin.py:154} INFO - [2023-12-15T11:38:32.984+0000] {dagbag.py:536} INFO - Filling up the DagBag from /home/airflow/.local/lib/python3.8/site-packages/airflow/example_dags/example_dag_decorator.py
[2023-12-15T11:38:33.358+0000] {processor.py:839} INFO - DAG(s) dict_keys(['example_dag_decorator']) retrieved from /home/airflow/.local/lib/python3.8/site-packages/airflow/example_dags/example_dag_decorator.py
[2023-12-15T11:38:35.157+0000] {logging_mixin.py:154} INFO - [2023-12-15T11:38:35.156+0000] {dag.py:2941} INFO - Sync 1 DAGs
[2023-12-15T11:38:35.186+0000] {logging_mixin.py:154} INFO - [2023-12-15T11:38:35.185+0000] {dag.py:3722} INFO - Setting next_dagrun for example_dag_decorator to None, run_after=None
[2023-12-15T11:38:35.323+0000] {processor.py:179} INFO - Processing /home/airflow/.local/lib/python3.8/site-packages/airflow/example_dags/example_dag_decorator.py took 2.394 seconds
[2023-12-15T11:39:05.565+0000] {processor.py:157} INFO - Started process (PID=287) to work on /home/airflow/.local/lib/python3.8/site-packages/airflow/example_dags/example_dag_decorator.py
[2023-12-15T11:39:05.568+0000] {processor.py:829} INFO - Processing file /home/airflow/.local/lib/python3.8/site-packages/airflow/example_dags/example_dag_decorator.py for tasks to queue
[2023-12-15T11:39:05.574+0000] {logging_mixin.py:154} INFO - [2023-12-15T11:39:05.574+0000] {dagbag.py:536} INFO - Filling up the DagBag from /home/airflow/.local/lib/python3.8/site-packages/airflow/example_dags/example_dag_decorator.py
[2023-12-15T11:39:05.806+0000] {processor.py:839} INFO - DAG(s) dict_keys(['example_dag_decorator']) retrieved from /home/airflow/.local/lib/python3.8/site-packages/airflow/example_dags/example_dag_decorator.py
[2023-12-15T11:39:06.124+0000] {logging_mixin.py:154} INFO - [2023-12-15T11:39:06.124+0000] {dag.py:2941} INFO - Sync 1 DAGs
[2023-12-15T11:39:06.941+0000] {logging_mixin.py:154} INFO - [2023-12-15T11:39:06.940+0000] {dag.py:3722} INFO - Setting next_dagrun for example_dag_decorator to None, run_after=None
[2023-12-15T11:39:07.005+0000] {processor.py:179} INFO - Processing /home/airflow/.local/lib/python3.8/site-packages/airflow/example_dags/example_dag_decorator.py took 1.452 seconds
[2023-12-15T11:39:39.534+0000] {processor.py:157} INFO - Started process (PID=342) to work on /home/airflow/.local/lib/python3.8/site-packages/airflow/example_dags/example_dag_decorator.py
[2023-12-15T11:39:39.534+0000] {processor.py:829} INFO - Processing file /home/airflow/.local/lib/python3.8/site-packages/airflow/example_dags/example_dag_decorator.py for tasks to queue
[2023-12-15T11:39:39.536+0000] {logging_mixin.py:154} INFO - [2023-12-15T11:39:39.536+0000] {dagbag.py:536} INFO - Filling up the DagBag from /home/airflow/.local/lib/python3.8/site-packages/airflow/example_dags/example_dag_decorator.py
[2023-12-15T11:39:39.867+0000] {processor.py:839} INFO - DAG(s) dict_keys(['example_dag_decorator']) retrieved from /home/airflow/.local/lib/python3.8/site-packages/airflow/example_dags/example_dag_decorator.py
[2023-12-15T11:39:43.933+0000] {logging_mixin.py:154} INFO - [2023-12-15T11:39:43.928+0000] {dag.py:2941} INFO - Sync 1 DAGs
[2023-12-15T11:39:43.961+0000] {logging_mixin.py:154} INFO - [2023-12-15T11:39:43.961+0000] {dag.py:3722} INFO - Setting next_dagrun for example_dag_decorator to None, run_after=None
[2023-12-15T11:39:44.004+0000] {processor.py:179} INFO - Processing /home/airflow/.local/lib/python3.8/site-packages/airflow/example_dags/example_dag_decorator.py took 4.473 seconds
[2023-12-15T11:40:14.779+0000] {processor.py:157} INFO - Started process (PID=395) to work on /home/airflow/.local/lib/python3.8/site-packages/airflow/example_dags/example_dag_decorator.py
[2023-12-15T11:40:14.781+0000] {processor.py:829} INFO - Processing file /home/airflow/.local/lib/python3.8/site-packages/airflow/example_dags/example_dag_decorator.py for tasks to queue
[2023-12-15T11:40:14.787+0000] {logging_mixin.py:154} INFO - [2023-12-15T11:40:14.786+0000] {dagbag.py:536} INFO - Filling up the DagBag from /home/airflow/.local/lib/python3.8/site-packages/airflow/example_dags/example_dag_decorator.py
[2023-12-15T11:40:15.379+0000] {processor.py:839} INFO - DAG(s) dict_keys(['example_dag_decorator']) retrieved from /home/airflow/.local/lib/python3.8/site-packages/airflow/example_dags/example_dag_decorator.py
[2023-12-15T11:40:18.279+0000] {logging_mixin.py:154} INFO - [2023-12-15T11:40:18.276+0000] {dag.py:2941} INFO - Sync 1 DAGs
[2023-12-15T11:40:18.362+0000] {logging_mixin.py:154} INFO - [2023-12-15T11:40:18.362+0000] {dag.py:3722} INFO - Setting next_dagrun for example_dag_decorator to None, run_after=None
[2023-12-15T11:40:18.450+0000] {processor.py:179} INFO - Processing /home/airflow/.local/lib/python3.8/site-packages/airflow/example_dags/example_dag_decorator.py took 3.709 seconds
[2023-12-15T11:40:49.401+0000] {processor.py:157} INFO - Started process (PID=452) to work on /home/airflow/.local/lib/python3.8/site-packages/airflow/example_dags/example_dag_decorator.py
[2023-12-15T11:40:49.424+0000] {processor.py:829} INFO - Processing file /home/airflow/.local/lib/python3.8/site-packages/airflow/example_dags/example_dag_decorator.py for tasks to queue
[2023-12-15T11:40:49.460+0000] {logging_mixin.py:154} INFO - [2023-12-15T11:40:49.457+0000] {dagbag.py:536} INFO - Filling up the DagBag from /home/airflow/.local/lib/python3.8/site-packages/airflow/example_dags/example_dag_decorator.py
[2023-12-15T11:40:50.608+0000] {processor.py:839} INFO - DAG(s) dict_keys(['example_dag_decorator']) retrieved from /home/airflow/.local/lib/python3.8/site-packages/airflow/example_dags/example_dag_decorator.py
[2023-12-15T11:40:57.973+0000] {logging_mixin.py:154} INFO - [2023-12-15T11:40:57.972+0000] {dag.py:2941} INFO - Sync 1 DAGs
[2023-12-15T11:40:58.101+0000] {logging_mixin.py:154} INFO - [2023-12-15T11:40:58.100+0000] {dag.py:3722} INFO - Setting next_dagrun for example_dag_decorator to None, run_after=None
[2023-12-15T11:40:58.165+0000] {processor.py:179} INFO - Processing /home/airflow/.local/lib/python3.8/site-packages/airflow/example_dags/example_dag_decorator.py took 8.807 seconds
[2023-12-15T11:41:28.597+0000] {processor.py:157} INFO - Started process (PID=513) to work on /home/airflow/.local/lib/python3.8/site-packages/airflow/example_dags/example_dag_decorator.py
[2023-12-15T11:41:28.607+0000] {processor.py:829} INFO - Processing file /home/airflow/.local/lib/python3.8/site-packages/airflow/example_dags/example_dag_decorator.py for tasks to queue
[2023-12-15T11:41:28.616+0000] {logging_mixin.py:154} INFO - [2023-12-15T11:41:28.615+0000] {dagbag.py:536} INFO - Filling up the DagBag from /home/airflow/.local/lib/python3.8/site-packages/airflow/example_dags/example_dag_decorator.py
[2023-12-15T11:41:29.341+0000] {processor.py:839} INFO - DAG(s) dict_keys(['example_dag_decorator']) retrieved from /home/airflow/.local/lib/python3.8/site-packages/airflow/example_dags/example_dag_decorator.py
[2023-12-15T11:41:37.102+0000] {logging_mixin.py:154} INFO - [2023-12-15T11:41:37.085+0000] {dag.py:2941} INFO - Sync 1 DAGs
[2023-12-15T11:41:37.220+0000] {logging_mixin.py:154} INFO - [2023-12-15T11:41:37.220+0000] {dag.py:3722} INFO - Setting next_dagrun for example_dag_decorator to None, run_after=None
[2023-12-15T11:41:37.424+0000] {processor.py:179} INFO - Processing /home/airflow/.local/lib/python3.8/site-packages/airflow/example_dags/example_dag_decorator.py took 8.860 seconds
[2023-12-15T11:42:08.375+0000] {processor.py:157} INFO - Started process (PID=569) to work on /home/airflow/.local/lib/python3.8/site-packages/airflow/example_dags/example_dag_decorator.py
[2023-12-15T11:42:08.394+0000] {processor.py:829} INFO - Processing file /home/airflow/.local/lib/python3.8/site-packages/airflow/example_dags/example_dag_decorator.py for tasks to queue
[2023-12-15T11:42:08.461+0000] {logging_mixin.py:154} INFO - [2023-12-15T11:42:08.459+0000] {dagbag.py:536} INFO - Filling up the DagBag from /home/airflow/.local/lib/python3.8/site-packages/airflow/example_dags/example_dag_decorator.py
[2023-12-15T11:42:09.145+0000] {processor.py:839} INFO - DAG(s) dict_keys(['example_dag_decorator']) retrieved from /home/airflow/.local/lib/python3.8/site-packages/airflow/example_dags/example_dag_decorator.py
[2023-12-15T11:42:17.120+0000] {logging_mixin.py:154} INFO - [2023-12-15T11:42:17.114+0000] {dag.py:2941} INFO - Sync 1 DAGs
[2023-12-15T11:42:17.194+0000] {logging_mixin.py:154} INFO - [2023-12-15T11:42:17.193+0000] {dag.py:3722} INFO - Setting next_dagrun for example_dag_decorator to None, run_after=None
[2023-12-15T11:42:17.384+0000] {processor.py:179} INFO - Processing /home/airflow/.local/lib/python3.8/site-packages/airflow/example_dags/example_dag_decorator.py took 9.068 seconds
[2023-12-15T11:42:47.894+0000] {processor.py:157} INFO - Started process (PID=633) to work on /home/airflow/.local/lib/python3.8/site-packages/airflow/example_dags/example_dag_decorator.py
[2023-12-15T11:42:47.916+0000] {processor.py:829} INFO - Processing file /home/airflow/.local/lib/python3.8/site-packages/airflow/example_dags/example_dag_decorator.py for tasks to queue
[2023-12-15T11:42:47.950+0000] {logging_mixin.py:154} INFO - [2023-12-15T11:42:47.949+0000] {dagbag.py:536} INFO - Filling up the DagBag from /home/airflow/.local/lib/python3.8/site-packages/airflow/example_dags/example_dag_decorator.py
[2023-12-15T11:42:49.398+0000] {processor.py:839} INFO - DAG(s) dict_keys(['example_dag_decorator']) retrieved from /home/airflow/.local/lib/python3.8/site-packages/airflow/example_dags/example_dag_decorator.py
[2023-12-15T11:42:50.288+0000] {logging_mixin.py:154} INFO - [2023-12-15T11:42:50.281+0000] {dag.py:2941} INFO - Sync 1 DAGs
[2023-12-15T11:42:59.059+0000] {logging_mixin.py:154} INFO - [2023-12-15T11:42:59.055+0000] {dag.py:3722} INFO - Setting next_dagrun for example_dag_decorator to None, run_after=None
[2023-12-15T11:42:59.125+0000] {processor.py:179} INFO - Processing /home/airflow/.local/lib/python3.8/site-packages/airflow/example_dags/example_dag_decorator.py took 11.295 seconds
[2023-12-15T11:43:29.565+0000] {processor.py:157} INFO - Started process (PID=695) to work on /home/airflow/.local/lib/python3.8/site-packages/airflow/example_dags/example_dag_decorator.py
[2023-12-15T11:43:29.623+0000] {processor.py:829} INFO - Processing file /home/airflow/.local/lib/python3.8/site-packages/airflow/example_dags/example_dag_decorator.py for tasks to queue
[2023-12-15T11:43:29.631+0000] {logging_mixin.py:154} INFO - [2023-12-15T11:43:29.630+0000] {dagbag.py:536} INFO - Filling up the DagBag from /home/airflow/.local/lib/python3.8/site-packages/airflow/example_dags/example_dag_decorator.py
[2023-12-15T11:43:30.662+0000] {processor.py:839} INFO - DAG(s) dict_keys(['example_dag_decorator']) retrieved from /home/airflow/.local/lib/python3.8/site-packages/airflow/example_dags/example_dag_decorator.py
[2023-12-15T11:43:34.293+0000] {logging_mixin.py:154} INFO - [2023-12-15T11:43:34.290+0000] {dag.py:2941} INFO - Sync 1 DAGs
[2023-12-15T11:43:34.318+0000] {logging_mixin.py:154} INFO - [2023-12-15T11:43:34.317+0000] {dag.py:3722} INFO - Setting next_dagrun for example_dag_decorator to None, run_after=None
[2023-12-15T11:43:34.357+0000] {processor.py:179} INFO - Processing /home/airflow/.local/lib/python3.8/site-packages/airflow/example_dags/example_dag_decorator.py took 4.815 seconds
[2023-12-15T11:44:05.228+0000] {processor.py:157} INFO - Started process (PID=756) to work on /home/airflow/.local/lib/python3.8/site-packages/airflow/example_dags/example_dag_decorator.py
[2023-12-15T11:44:05.230+0000] {processor.py:829} INFO - Processing file /home/airflow/.local/lib/python3.8/site-packages/airflow/example_dags/example_dag_decorator.py for tasks to queue
[2023-12-15T11:44:05.233+0000] {logging_mixin.py:154} INFO - [2023-12-15T11:44:05.233+0000] {dagbag.py:536} INFO - Filling up the DagBag from /home/airflow/.local/lib/python3.8/site-packages/airflow/example_dags/example_dag_decorator.py
[2023-12-15T11:44:06.140+0000] {processor.py:839} INFO - DAG(s) dict_keys(['example_dag_decorator']) retrieved from /home/airflow/.local/lib/python3.8/site-packages/airflow/example_dags/example_dag_decorator.py
[2023-12-15T11:44:11.703+0000] {logging_mixin.py:154} INFO - [2023-12-15T11:44:11.698+0000] {dag.py:2941} INFO - Sync 1 DAGs
[2023-12-15T11:44:11.735+0000] {logging_mixin.py:154} INFO - [2023-12-15T11:44:11.733+0000] {dag.py:3722} INFO - Setting next_dagrun for example_dag_decorator to None, run_after=None
[2023-12-15T11:44:11.792+0000] {processor.py:179} INFO - Processing /home/airflow/.local/lib/python3.8/site-packages/airflow/example_dags/example_dag_decorator.py took 6.567 seconds
[2023-12-15T11:44:42.045+0000] {processor.py:157} INFO - Started process (PID=816) to work on /home/airflow/.local/lib/python3.8/site-packages/airflow/example_dags/example_dag_decorator.py
[2023-12-15T11:44:42.053+0000] {processor.py:829} INFO - Processing file /home/airflow/.local/lib/python3.8/site-packages/airflow/example_dags/example_dag_decorator.py for tasks to queue
[2023-12-15T11:44:42.062+0000] {logging_mixin.py:154} INFO - [2023-12-15T11:44:42.061+0000] {dagbag.py:536} INFO - Filling up the DagBag from /home/airflow/.local/lib/python3.8/site-packages/airflow/example_dags/example_dag_decorator.py
[2023-12-15T11:44:42.436+0000] {processor.py:839} INFO - DAG(s) dict_keys(['example_dag_decorator']) retrieved from /home/airflow/.local/lib/python3.8/site-packages/airflow/example_dags/example_dag_decorator.py
[2023-12-15T11:44:44.818+0000] {logging_mixin.py:154} INFO - [2023-12-15T11:44:44.817+0000] {dag.py:2941} INFO - Sync 1 DAGs
[2023-12-15T11:44:44.844+0000] {logging_mixin.py:154} INFO - [2023-12-15T11:44:44.843+0000] {dag.py:3722} INFO - Setting next_dagrun for example_dag_decorator to None, run_after=None
[2023-12-15T11:44:44.892+0000] {processor.py:179} INFO - Processing /home/airflow/.local/lib/python3.8/site-packages/airflow/example_dags/example_dag_decorator.py took 2.861 seconds
[2023-12-15T11:45:15.573+0000] {processor.py:157} INFO - Started process (PID=881) to work on /home/airflow/.local/lib/python3.8/site-packages/airflow/example_dags/example_dag_decorator.py
[2023-12-15T11:45:15.579+0000] {processor.py:829} INFO - Processing file /home/airflow/.local/lib/python3.8/site-packages/airflow/example_dags/example_dag_decorator.py for tasks to queue
[2023-12-15T11:45:15.611+0000] {logging_mixin.py:154} INFO - [2023-12-15T11:45:15.611+0000] {dagbag.py:536} INFO - Filling up the DagBag from /home/airflow/.local/lib/python3.8/site-packages/airflow/example_dags/example_dag_decorator.py
[2023-12-15T11:45:16.152+0000] {processor.py:839} INFO - DAG(s) dict_keys(['example_dag_decorator']) retrieved from /home/airflow/.local/lib/python3.8/site-packages/airflow/example_dags/example_dag_decorator.py
[2023-12-15T11:45:19.054+0000] {logging_mixin.py:154} INFO - [2023-12-15T11:45:19.052+0000] {dag.py:2941} INFO - Sync 1 DAGs
[2023-12-15T11:45:19.077+0000] {logging_mixin.py:154} INFO - [2023-12-15T11:45:19.077+0000] {dag.py:3722} INFO - Setting next_dagrun for example_dag_decorator to None, run_after=None
[2023-12-15T11:45:19.115+0000] {processor.py:179} INFO - Processing /home/airflow/.local/lib/python3.8/site-packages/airflow/example_dags/example_dag_decorator.py took 3.583 seconds
[2023-12-15T11:45:49.520+0000] {processor.py:157} INFO - Started process (PID=941) to work on /home/airflow/.local/lib/python3.8/site-packages/airflow/example_dags/example_dag_decorator.py
[2023-12-15T11:45:49.703+0000] {processor.py:829} INFO - Processing file /home/airflow/.local/lib/python3.8/site-packages/airflow/example_dags/example_dag_decorator.py for tasks to queue
[2023-12-15T11:45:49.712+0000] {logging_mixin.py:154} INFO - [2023-12-15T11:45:49.711+0000] {dagbag.py:536} INFO - Filling up the DagBag from /home/airflow/.local/lib/python3.8/site-packages/airflow/example_dags/example_dag_decorator.py
[2023-12-15T11:45:50.522+0000] {processor.py:839} INFO - DAG(s) dict_keys(['example_dag_decorator']) retrieved from /home/airflow/.local/lib/python3.8/site-packages/airflow/example_dags/example_dag_decorator.py
[2023-12-15T11:45:56.814+0000] {logging_mixin.py:154} INFO - [2023-12-15T11:45:56.814+0000] {dag.py:2941} INFO - Sync 1 DAGs
[2023-12-15T11:45:56.840+0000] {logging_mixin.py:154} INFO - [2023-12-15T11:45:56.839+0000] {dag.py:3722} INFO - Setting next_dagrun for example_dag_decorator to None, run_after=None
[2023-12-15T11:45:56.878+0000] {processor.py:179} INFO - Processing /home/airflow/.local/lib/python3.8/site-packages/airflow/example_dags/example_dag_decorator.py took 7.351 seconds
[2023-12-15T11:46:27.214+0000] {processor.py:157} INFO - Started process (PID=1008) to work on /home/airflow/.local/lib/python3.8/site-packages/airflow/example_dags/example_dag_decorator.py
[2023-12-15T11:46:27.218+0000] {processor.py:829} INFO - Processing file /home/airflow/.local/lib/python3.8/site-packages/airflow/example_dags/example_dag_decorator.py for tasks to queue
[2023-12-15T11:46:27.226+0000] {logging_mixin.py:154} INFO - [2023-12-15T11:46:27.225+0000] {dagbag.py:536} INFO - Filling up the DagBag from /home/airflow/.local/lib/python3.8/site-packages/airflow/example_dags/example_dag_decorator.py
[2023-12-15T11:46:27.741+0000] {processor.py:839} INFO - DAG(s) dict_keys(['example_dag_decorator']) retrieved from /home/airflow/.local/lib/python3.8/site-packages/airflow/example_dags/example_dag_decorator.py
[2023-12-15T11:46:31.259+0000] {logging_mixin.py:154} INFO - [2023-12-15T11:46:31.258+0000] {dag.py:2941} INFO - Sync 1 DAGs
[2023-12-15T11:46:31.279+0000] {logging_mixin.py:154} INFO - [2023-12-15T11:46:31.279+0000] {dag.py:3722} INFO - Setting next_dagrun for example_dag_decorator to None, run_after=None
[2023-12-15T11:46:31.320+0000] {processor.py:179} INFO - Processing /home/airflow/.local/lib/python3.8/site-packages/airflow/example_dags/example_dag_decorator.py took 4.111 seconds
[2023-12-15T11:47:05.505+0000] {processor.py:157} INFO - Started process (PID=1070) to work on /home/airflow/.local/lib/python3.8/site-packages/airflow/example_dags/example_dag_decorator.py
[2023-12-15T11:47:05.506+0000] {processor.py:829} INFO - Processing file /home/airflow/.local/lib/python3.8/site-packages/airflow/example_dags/example_dag_decorator.py for tasks to queue
[2023-12-15T11:47:05.510+0000] {logging_mixin.py:154} INFO - [2023-12-15T11:47:05.509+0000] {dagbag.py:536} INFO - Filling up the DagBag from /home/airflow/.local/lib/python3.8/site-packages/airflow/example_dags/example_dag_decorator.py
[2023-12-15T11:47:05.743+0000] {processor.py:839} INFO - DAG(s) dict_keys(['example_dag_decorator']) retrieved from /home/airflow/.local/lib/python3.8/site-packages/airflow/example_dags/example_dag_decorator.py
[2023-12-15T11:47:07.658+0000] {logging_mixin.py:154} INFO - [2023-12-15T11:47:07.657+0000] {dag.py:2941} INFO - Sync 1 DAGs
[2023-12-15T11:47:07.684+0000] {logging_mixin.py:154} INFO - [2023-12-15T11:47:07.684+0000] {dag.py:3722} INFO - Setting next_dagrun for example_dag_decorator to None, run_after=None
[2023-12-15T11:47:07.708+0000] {processor.py:179} INFO - Processing /home/airflow/.local/lib/python3.8/site-packages/airflow/example_dags/example_dag_decorator.py took 2.207 seconds
[2023-12-15T11:47:39.952+0000] {processor.py:157} INFO - Started process (PID=1124) to work on /home/airflow/.local/lib/python3.8/site-packages/airflow/example_dags/example_dag_decorator.py
[2023-12-15T11:47:39.956+0000] {processor.py:829} INFO - Processing file /home/airflow/.local/lib/python3.8/site-packages/airflow/example_dags/example_dag_decorator.py for tasks to queue
[2023-12-15T11:47:39.964+0000] {logging_mixin.py:154} INFO - [2023-12-15T11:47:39.962+0000] {dagbag.py:536} INFO - Filling up the DagBag from /home/airflow/.local/lib/python3.8/site-packages/airflow/example_dags/example_dag_decorator.py
[2023-12-15T11:47:40.187+0000] {processor.py:839} INFO - DAG(s) dict_keys(['example_dag_decorator']) retrieved from /home/airflow/.local/lib/python3.8/site-packages/airflow/example_dags/example_dag_decorator.py
[2023-12-15T11:47:41.639+0000] {logging_mixin.py:154} INFO - [2023-12-15T11:47:41.636+0000] {dag.py:2941} INFO - Sync 1 DAGs
[2023-12-15T11:47:41.662+0000] {logging_mixin.py:154} INFO - [2023-12-15T11:47:41.662+0000] {dag.py:3722} INFO - Setting next_dagrun for example_dag_decorator to None, run_after=None
[2023-12-15T11:47:41.708+0000] {processor.py:179} INFO - Processing /home/airflow/.local/lib/python3.8/site-packages/airflow/example_dags/example_dag_decorator.py took 1.765 seconds
[2023-12-15T11:48:11.881+0000] {processor.py:157} INFO - Started process (PID=1178) to work on /home/airflow/.local/lib/python3.8/site-packages/airflow/example_dags/example_dag_decorator.py
[2023-12-15T11:48:11.884+0000] {processor.py:829} INFO - Processing file /home/airflow/.local/lib/python3.8/site-packages/airflow/example_dags/example_dag_decorator.py for tasks to queue
[2023-12-15T11:48:11.888+0000] {logging_mixin.py:154} INFO - [2023-12-15T11:48:11.888+0000] {dagbag.py:536} INFO - Filling up the DagBag from /home/airflow/.local/lib/python3.8/site-packages/airflow/example_dags/example_dag_decorator.py
[2023-12-15T11:48:16.265+0000] {processor.py:839} INFO - DAG(s) dict_keys(['example_dag_decorator']) retrieved from /home/airflow/.local/lib/python3.8/site-packages/airflow/example_dags/example_dag_decorator.py
[2023-12-15T11:48:17.514+0000] {logging_mixin.py:154} INFO - [2023-12-15T11:48:17.512+0000] {dag.py:2941} INFO - Sync 1 DAGs
[2023-12-15T11:48:17.550+0000] {logging_mixin.py:154} INFO - [2023-12-15T11:48:17.550+0000] {dag.py:3722} INFO - Setting next_dagrun for example_dag_decorator to None, run_after=None
[2023-12-15T11:48:17.621+0000] {processor.py:179} INFO - Processing /home/airflow/.local/lib/python3.8/site-packages/airflow/example_dags/example_dag_decorator.py took 5.763 seconds
[2023-12-15T11:48:47.861+0000] {processor.py:157} INFO - Started process (PID=1233) to work on /home/airflow/.local/lib/python3.8/site-packages/airflow/example_dags/example_dag_decorator.py
[2023-12-15T11:48:47.866+0000] {processor.py:829} INFO - Processing file /home/airflow/.local/lib/python3.8/site-packages/airflow/example_dags/example_dag_decorator.py for tasks to queue
[2023-12-15T11:48:47.872+0000] {logging_mixin.py:154} INFO - [2023-12-15T11:48:47.872+0000] {dagbag.py:536} INFO - Filling up the DagBag from /home/airflow/.local/lib/python3.8/site-packages/airflow/example_dags/example_dag_decorator.py
[2023-12-15T11:48:48.291+0000] {processor.py:839} INFO - DAG(s) dict_keys(['example_dag_decorator']) retrieved from /home/airflow/.local/lib/python3.8/site-packages/airflow/example_dags/example_dag_decorator.py
[2023-12-15T11:48:51.756+0000] {logging_mixin.py:154} INFO - [2023-12-15T11:48:51.749+0000] {dag.py:2941} INFO - Sync 1 DAGs
[2023-12-15T11:48:52.018+0000] {logging_mixin.py:154} INFO - [2023-12-15T11:48:52.017+0000] {dag.py:3722} INFO - Setting next_dagrun for example_dag_decorator to None, run_after=None
[2023-12-15T11:48:52.094+0000] {processor.py:179} INFO - Processing /home/airflow/.local/lib/python3.8/site-packages/airflow/example_dags/example_dag_decorator.py took 4.204 seconds
[2023-12-15T11:49:23.131+0000] {processor.py:157} INFO - Started process (PID=1289) to work on /home/airflow/.local/lib/python3.8/site-packages/airflow/example_dags/example_dag_decorator.py
[2023-12-15T11:49:23.133+0000] {processor.py:829} INFO - Processing file /home/airflow/.local/lib/python3.8/site-packages/airflow/example_dags/example_dag_decorator.py for tasks to queue
[2023-12-15T11:49:23.139+0000] {logging_mixin.py:154} INFO - [2023-12-15T11:49:23.138+0000] {dagbag.py:536} INFO - Filling up the DagBag from /home/airflow/.local/lib/python3.8/site-packages/airflow/example_dags/example_dag_decorator.py
[2023-12-15T11:49:23.799+0000] {processor.py:839} INFO - DAG(s) dict_keys(['example_dag_decorator']) retrieved from /home/airflow/.local/lib/python3.8/site-packages/airflow/example_dags/example_dag_decorator.py
[2023-12-15T11:49:24.218+0000] {logging_mixin.py:154} INFO - [2023-12-15T11:49:24.217+0000] {dag.py:2941} INFO - Sync 1 DAGs
[2023-12-15T11:49:24.249+0000] {logging_mixin.py:154} INFO - [2023-12-15T11:49:24.249+0000] {dag.py:3722} INFO - Setting next_dagrun for example_dag_decorator to None, run_after=None
[2023-12-15T11:49:24.272+0000] {processor.py:179} INFO - Processing /home/airflow/.local/lib/python3.8/site-packages/airflow/example_dags/example_dag_decorator.py took 1.146 seconds
[2023-12-15T11:49:57.826+0000] {processor.py:157} INFO - Started process (PID=1351) to work on /home/airflow/.local/lib/python3.8/site-packages/airflow/example_dags/example_dag_decorator.py
[2023-12-15T11:49:57.836+0000] {processor.py:829} INFO - Processing file /home/airflow/.local/lib/python3.8/site-packages/airflow/example_dags/example_dag_decorator.py for tasks to queue
[2023-12-15T11:49:57.855+0000] {logging_mixin.py:154} INFO - [2023-12-15T11:49:57.854+0000] {dagbag.py:536} INFO - Filling up the DagBag from /home/airflow/.local/lib/python3.8/site-packages/airflow/example_dags/example_dag_decorator.py
[2023-12-15T11:49:59.159+0000] {processor.py:839} INFO - DAG(s) dict_keys(['example_dag_decorator']) retrieved from /home/airflow/.local/lib/python3.8/site-packages/airflow/example_dags/example_dag_decorator.py
[2023-12-15T11:49:59.494+0000] {logging_mixin.py:154} INFO - [2023-12-15T11:49:59.493+0000] {dag.py:2941} INFO - Sync 1 DAGs
[2023-12-15T11:49:59.520+0000] {logging_mixin.py:154} INFO - [2023-12-15T11:49:59.520+0000] {dag.py:3722} INFO - Setting next_dagrun for example_dag_decorator to None, run_after=None
[2023-12-15T11:49:59.555+0000] {processor.py:179} INFO - Processing /home/airflow/.local/lib/python3.8/site-packages/airflow/example_dags/example_dag_decorator.py took 1.756 seconds
[2023-12-15T11:50:31.844+0000] {processor.py:157} INFO - Started process (PID=1401) to work on /home/airflow/.local/lib/python3.8/site-packages/airflow/example_dags/example_dag_decorator.py
[2023-12-15T11:50:31.845+0000] {processor.py:829} INFO - Processing file /home/airflow/.local/lib/python3.8/site-packages/airflow/example_dags/example_dag_decorator.py for tasks to queue
[2023-12-15T11:50:31.850+0000] {logging_mixin.py:154} INFO - [2023-12-15T11:50:31.849+0000] {dagbag.py:536} INFO - Filling up the DagBag from /home/airflow/.local/lib/python3.8/site-packages/airflow/example_dags/example_dag_decorator.py
[2023-12-15T11:50:32.018+0000] {processor.py:839} INFO - DAG(s) dict_keys(['example_dag_decorator']) retrieved from /home/airflow/.local/lib/python3.8/site-packages/airflow/example_dags/example_dag_decorator.py
[2023-12-15T11:50:33.024+0000] {logging_mixin.py:154} INFO - [2023-12-15T11:50:33.024+0000] {dag.py:2941} INFO - Sync 1 DAGs
[2023-12-15T11:50:33.033+0000] {logging_mixin.py:154} INFO - [2023-12-15T11:50:33.032+0000] {dag.py:3722} INFO - Setting next_dagrun for example_dag_decorator to None, run_after=None
[2023-12-15T11:50:33.045+0000] {processor.py:179} INFO - Processing /home/airflow/.local/lib/python3.8/site-packages/airflow/example_dags/example_dag_decorator.py took 1.206 seconds
[2023-12-15T11:51:11.412+0000] {processor.py:157} INFO - Started process (PID=1454) to work on /home/airflow/.local/lib/python3.8/site-packages/airflow/example_dags/example_dag_decorator.py
[2023-12-15T11:51:11.415+0000] {processor.py:829} INFO - Processing file /home/airflow/.local/lib/python3.8/site-packages/airflow/example_dags/example_dag_decorator.py for tasks to queue
[2023-12-15T11:51:11.426+0000] {logging_mixin.py:154} INFO - [2023-12-15T11:51:11.424+0000] {dagbag.py:536} INFO - Filling up the DagBag from /home/airflow/.local/lib/python3.8/site-packages/airflow/example_dags/example_dag_decorator.py
[2023-12-15T11:51:12.749+0000] {processor.py:839} INFO - DAG(s) dict_keys(['example_dag_decorator']) retrieved from /home/airflow/.local/lib/python3.8/site-packages/airflow/example_dags/example_dag_decorator.py
[2023-12-15T11:51:13.108+0000] {logging_mixin.py:154} INFO - [2023-12-15T11:51:13.108+0000] {dag.py:2941} INFO - Sync 1 DAGs
[2023-12-15T11:51:13.128+0000] {logging_mixin.py:154} INFO - [2023-12-15T11:51:13.128+0000] {dag.py:3722} INFO - Setting next_dagrun for example_dag_decorator to None, run_after=None
[2023-12-15T11:51:13.175+0000] {processor.py:179} INFO - Processing /home/airflow/.local/lib/python3.8/site-packages/airflow/example_dags/example_dag_decorator.py took 1.794 seconds
[2023-12-15T11:51:45.535+0000] {processor.py:157} INFO - Started process (PID=1508) to work on /home/airflow/.local/lib/python3.8/site-packages/airflow/example_dags/example_dag_decorator.py
[2023-12-15T11:51:45.537+0000] {processor.py:829} INFO - Processing file /home/airflow/.local/lib/python3.8/site-packages/airflow/example_dags/example_dag_decorator.py for tasks to queue
[2023-12-15T11:51:45.539+0000] {logging_mixin.py:154} INFO - [2023-12-15T11:51:45.539+0000] {dagbag.py:536} INFO - Filling up the DagBag from /home/airflow/.local/lib/python3.8/site-packages/airflow/example_dags/example_dag_decorator.py
[2023-12-15T11:51:48.024+0000] {processor.py:839} INFO - DAG(s) dict_keys(['example_dag_decorator']) retrieved from /home/airflow/.local/lib/python3.8/site-packages/airflow/example_dags/example_dag_decorator.py
[2023-12-15T11:51:48.519+0000] {logging_mixin.py:154} INFO - [2023-12-15T11:51:48.516+0000] {dag.py:2941} INFO - Sync 1 DAGs
[2023-12-15T11:51:48.559+0000] {logging_mixin.py:154} INFO - [2023-12-15T11:51:48.558+0000] {dag.py:3722} INFO - Setting next_dagrun for example_dag_decorator to None, run_after=None
[2023-12-15T11:51:48.598+0000] {processor.py:179} INFO - Processing /home/airflow/.local/lib/python3.8/site-packages/airflow/example_dags/example_dag_decorator.py took 3.068 seconds
[2023-12-15T11:52:23.822+0000] {processor.py:157} INFO - Started process (PID=1562) to work on /home/airflow/.local/lib/python3.8/site-packages/airflow/example_dags/example_dag_decorator.py
[2023-12-15T11:52:23.825+0000] {processor.py:829} INFO - Processing file /home/airflow/.local/lib/python3.8/site-packages/airflow/example_dags/example_dag_decorator.py for tasks to queue
[2023-12-15T11:52:23.828+0000] {logging_mixin.py:154} INFO - [2023-12-15T11:52:23.828+0000] {dagbag.py:536} INFO - Filling up the DagBag from /home/airflow/.local/lib/python3.8/site-packages/airflow/example_dags/example_dag_decorator.py
[2023-12-15T11:52:24.615+0000] {processor.py:839} INFO - DAG(s) dict_keys(['example_dag_decorator']) retrieved from /home/airflow/.local/lib/python3.8/site-packages/airflow/example_dags/example_dag_decorator.py
[2023-12-15T11:52:24.886+0000] {logging_mixin.py:154} INFO - [2023-12-15T11:52:24.885+0000] {dag.py:2941} INFO - Sync 1 DAGs
[2023-12-15T11:52:24.907+0000] {logging_mixin.py:154} INFO - [2023-12-15T11:52:24.907+0000] {dag.py:3722} INFO - Setting next_dagrun for example_dag_decorator to None, run_after=None
[2023-12-15T11:52:24.934+0000] {processor.py:179} INFO - Processing /home/airflow/.local/lib/python3.8/site-packages/airflow/example_dags/example_dag_decorator.py took 1.119 seconds
[2023-12-15T11:52:55.246+0000] {processor.py:157} INFO - Started process (PID=1616) to work on /home/airflow/.local/lib/python3.8/site-packages/airflow/example_dags/example_dag_decorator.py
[2023-12-15T11:52:55.250+0000] {processor.py:829} INFO - Processing file /home/airflow/.local/lib/python3.8/site-packages/airflow/example_dags/example_dag_decorator.py for tasks to queue
[2023-12-15T11:52:55.295+0000] {logging_mixin.py:154} INFO - [2023-12-15T11:52:55.294+0000] {dagbag.py:536} INFO - Filling up the DagBag from /home/airflow/.local/lib/python3.8/site-packages/airflow/example_dags/example_dag_decorator.py
[2023-12-15T11:52:56.400+0000] {processor.py:839} INFO - DAG(s) dict_keys(['example_dag_decorator']) retrieved from /home/airflow/.local/lib/python3.8/site-packages/airflow/example_dags/example_dag_decorator.py
[2023-12-15T11:52:57.602+0000] {logging_mixin.py:154} INFO - [2023-12-15T11:52:57.587+0000] {dag.py:2941} INFO - Sync 1 DAGs
[2023-12-15T11:52:57.660+0000] {logging_mixin.py:154} INFO - [2023-12-15T11:52:57.659+0000] {dag.py:3722} INFO - Setting next_dagrun for example_dag_decorator to None, run_after=None
[2023-12-15T11:52:57.723+0000] {processor.py:179} INFO - Processing /home/airflow/.local/lib/python3.8/site-packages/airflow/example_dags/example_dag_decorator.py took 2.484 seconds
[2023-12-15T11:53:27.895+0000] {processor.py:157} INFO - Started process (PID=1670) to work on /home/airflow/.local/lib/python3.8/site-packages/airflow/example_dags/example_dag_decorator.py
[2023-12-15T11:53:27.899+0000] {processor.py:829} INFO - Processing file /home/airflow/.local/lib/python3.8/site-packages/airflow/example_dags/example_dag_decorator.py for tasks to queue
[2023-12-15T11:53:27.902+0000] {logging_mixin.py:154} INFO - [2023-12-15T11:53:27.901+0000] {dagbag.py:536} INFO - Filling up the DagBag from /home/airflow/.local/lib/python3.8/site-packages/airflow/example_dags/example_dag_decorator.py
[2023-12-15T11:53:28.438+0000] {processor.py:839} INFO - DAG(s) dict_keys(['example_dag_decorator']) retrieved from /home/airflow/.local/lib/python3.8/site-packages/airflow/example_dags/example_dag_decorator.py
[2023-12-15T11:53:29.094+0000] {logging_mixin.py:154} INFO - [2023-12-15T11:53:29.092+0000] {dag.py:2941} INFO - Sync 1 DAGs
[2023-12-15T11:53:29.139+0000] {logging_mixin.py:154} INFO - [2023-12-15T11:53:29.139+0000] {dag.py:3722} INFO - Setting next_dagrun for example_dag_decorator to None, run_after=None
[2023-12-15T11:53:29.227+0000] {processor.py:179} INFO - Processing /home/airflow/.local/lib/python3.8/site-packages/airflow/example_dags/example_dag_decorator.py took 1.338 seconds
[2023-12-15T11:54:00.467+0000] {processor.py:157} INFO - Started process (PID=1724) to work on /home/airflow/.local/lib/python3.8/site-packages/airflow/example_dags/example_dag_decorator.py
[2023-12-15T11:54:00.490+0000] {processor.py:829} INFO - Processing file /home/airflow/.local/lib/python3.8/site-packages/airflow/example_dags/example_dag_decorator.py for tasks to queue
[2023-12-15T11:54:00.505+0000] {logging_mixin.py:154} INFO - [2023-12-15T11:54:00.503+0000] {dagbag.py:536} INFO - Filling up the DagBag from /home/airflow/.local/lib/python3.8/site-packages/airflow/example_dags/example_dag_decorator.py
[2023-12-15T11:54:01.320+0000] {processor.py:839} INFO - DAG(s) dict_keys(['example_dag_decorator']) retrieved from /home/airflow/.local/lib/python3.8/site-packages/airflow/example_dags/example_dag_decorator.py
[2023-12-15T11:54:01.361+0000] {logging_mixin.py:154} INFO - [2023-12-15T11:54:01.361+0000] {dag.py:2941} INFO - Sync 1 DAGs
[2023-12-15T11:54:01.377+0000] {logging_mixin.py:154} INFO - [2023-12-15T11:54:01.377+0000] {dag.py:3722} INFO - Setting next_dagrun for example_dag_decorator to None, run_after=None
[2023-12-15T11:54:01.412+0000] {processor.py:179} INFO - Processing /home/airflow/.local/lib/python3.8/site-packages/airflow/example_dags/example_dag_decorator.py took 0.980 seconds
[2023-12-15T11:54:31.653+0000] {processor.py:157} INFO - Started process (PID=1783) to work on /home/airflow/.local/lib/python3.8/site-packages/airflow/example_dags/example_dag_decorator.py
[2023-12-15T11:54:31.656+0000] {processor.py:829} INFO - Processing file /home/airflow/.local/lib/python3.8/site-packages/airflow/example_dags/example_dag_decorator.py for tasks to queue
[2023-12-15T11:54:31.663+0000] {logging_mixin.py:154} INFO - [2023-12-15T11:54:31.663+0000] {dagbag.py:536} INFO - Filling up the DagBag from /home/airflow/.local/lib/python3.8/site-packages/airflow/example_dags/example_dag_decorator.py
[2023-12-15T11:54:32.145+0000] {processor.py:839} INFO - DAG(s) dict_keys(['example_dag_decorator']) retrieved from /home/airflow/.local/lib/python3.8/site-packages/airflow/example_dags/example_dag_decorator.py
[2023-12-15T11:54:32.196+0000] {logging_mixin.py:154} INFO - [2023-12-15T11:54:32.195+0000] {dag.py:2941} INFO - Sync 1 DAGs
[2023-12-15T11:54:32.214+0000] {logging_mixin.py:154} INFO - [2023-12-15T11:54:32.214+0000] {dag.py:3722} INFO - Setting next_dagrun for example_dag_decorator to None, run_after=None
[2023-12-15T11:54:32.256+0000] {processor.py:179} INFO - Processing /home/airflow/.local/lib/python3.8/site-packages/airflow/example_dags/example_dag_decorator.py took 0.610 seconds
[2023-12-15T11:55:02.577+0000] {processor.py:157} INFO - Started process (PID=1841) to work on /home/airflow/.local/lib/python3.8/site-packages/airflow/example_dags/example_dag_decorator.py
[2023-12-15T11:55:02.588+0000] {processor.py:829} INFO - Processing file /home/airflow/.local/lib/python3.8/site-packages/airflow/example_dags/example_dag_decorator.py for tasks to queue
[2023-12-15T11:55:02.595+0000] {logging_mixin.py:154} INFO - [2023-12-15T11:55:02.594+0000] {dagbag.py:536} INFO - Filling up the DagBag from /home/airflow/.local/lib/python3.8/site-packages/airflow/example_dags/example_dag_decorator.py
[2023-12-15T11:55:03.082+0000] {processor.py:839} INFO - DAG(s) dict_keys(['example_dag_decorator']) retrieved from /home/airflow/.local/lib/python3.8/site-packages/airflow/example_dags/example_dag_decorator.py
[2023-12-15T11:55:03.555+0000] {logging_mixin.py:154} INFO - [2023-12-15T11:55:03.554+0000] {dag.py:2941} INFO - Sync 1 DAGs
[2023-12-15T11:55:03.581+0000] {logging_mixin.py:154} INFO - [2023-12-15T11:55:03.580+0000] {dag.py:3722} INFO - Setting next_dagrun for example_dag_decorator to None, run_after=None
[2023-12-15T11:55:03.608+0000] {processor.py:179} INFO - Processing /home/airflow/.local/lib/python3.8/site-packages/airflow/example_dags/example_dag_decorator.py took 1.036 seconds
[2023-12-15T11:55:34.676+0000] {processor.py:157} INFO - Started process (PID=1897) to work on /home/airflow/.local/lib/python3.8/site-packages/airflow/example_dags/example_dag_decorator.py
[2023-12-15T11:55:34.678+0000] {processor.py:829} INFO - Processing file /home/airflow/.local/lib/python3.8/site-packages/airflow/example_dags/example_dag_decorator.py for tasks to queue
[2023-12-15T11:55:34.682+0000] {logging_mixin.py:154} INFO - [2023-12-15T11:55:34.681+0000] {dagbag.py:536} INFO - Filling up the DagBag from /home/airflow/.local/lib/python3.8/site-packages/airflow/example_dags/example_dag_decorator.py
[2023-12-15T11:55:34.964+0000] {processor.py:839} INFO - DAG(s) dict_keys(['example_dag_decorator']) retrieved from /home/airflow/.local/lib/python3.8/site-packages/airflow/example_dags/example_dag_decorator.py
[2023-12-15T11:55:35.032+0000] {logging_mixin.py:154} INFO - [2023-12-15T11:55:35.032+0000] {dag.py:2941} INFO - Sync 1 DAGs
[2023-12-15T11:55:35.099+0000] {logging_mixin.py:154} INFO - [2023-12-15T11:55:35.099+0000] {dag.py:3722} INFO - Setting next_dagrun for example_dag_decorator to None, run_after=None
[2023-12-15T11:55:35.133+0000] {processor.py:179} INFO - Processing /home/airflow/.local/lib/python3.8/site-packages/airflow/example_dags/example_dag_decorator.py took 0.463 seconds
[2023-12-15T11:56:05.480+0000] {processor.py:157} INFO - Started process (PID=1952) to work on /home/airflow/.local/lib/python3.8/site-packages/airflow/example_dags/example_dag_decorator.py
[2023-12-15T11:56:05.494+0000] {processor.py:829} INFO - Processing file /home/airflow/.local/lib/python3.8/site-packages/airflow/example_dags/example_dag_decorator.py for tasks to queue
[2023-12-15T11:56:05.510+0000] {logging_mixin.py:154} INFO - [2023-12-15T11:56:05.509+0000] {dagbag.py:536} INFO - Filling up the DagBag from /home/airflow/.local/lib/python3.8/site-packages/airflow/example_dags/example_dag_decorator.py
[2023-12-15T11:56:06.343+0000] {processor.py:839} INFO - DAG(s) dict_keys(['example_dag_decorator']) retrieved from /home/airflow/.local/lib/python3.8/site-packages/airflow/example_dags/example_dag_decorator.py
[2023-12-15T11:56:07.400+0000] {logging_mixin.py:154} INFO - [2023-12-15T11:56:07.399+0000] {dag.py:2941} INFO - Sync 1 DAGs
[2023-12-15T11:56:07.430+0000] {logging_mixin.py:154} INFO - [2023-12-15T11:56:07.430+0000] {dag.py:3722} INFO - Setting next_dagrun for example_dag_decorator to None, run_after=None
[2023-12-15T11:56:07.508+0000] {processor.py:179} INFO - Processing /home/airflow/.local/lib/python3.8/site-packages/airflow/example_dags/example_dag_decorator.py took 2.034 seconds
[2023-12-15T11:56:38.005+0000] {processor.py:157} INFO - Started process (PID=2011) to work on /home/airflow/.local/lib/python3.8/site-packages/airflow/example_dags/example_dag_decorator.py
[2023-12-15T11:56:38.008+0000] {processor.py:829} INFO - Processing file /home/airflow/.local/lib/python3.8/site-packages/airflow/example_dags/example_dag_decorator.py for tasks to queue
[2023-12-15T11:56:38.011+0000] {logging_mixin.py:154} INFO - [2023-12-15T11:56:38.011+0000] {dagbag.py:536} INFO - Filling up the DagBag from /home/airflow/.local/lib/python3.8/site-packages/airflow/example_dags/example_dag_decorator.py
[2023-12-15T11:56:38.500+0000] {processor.py:839} INFO - DAG(s) dict_keys(['example_dag_decorator']) retrieved from /home/airflow/.local/lib/python3.8/site-packages/airflow/example_dags/example_dag_decorator.py
[2023-12-15T11:56:39.255+0000] {logging_mixin.py:154} INFO - [2023-12-15T11:56:39.253+0000] {dag.py:2941} INFO - Sync 1 DAGs
[2023-12-15T11:56:39.306+0000] {logging_mixin.py:154} INFO - [2023-12-15T11:56:39.306+0000] {dag.py:3722} INFO - Setting next_dagrun for example_dag_decorator to None, run_after=None
[2023-12-15T11:56:39.339+0000] {processor.py:179} INFO - Processing /home/airflow/.local/lib/python3.8/site-packages/airflow/example_dags/example_dag_decorator.py took 1.339 seconds
[2023-12-15T11:57:09.783+0000] {processor.py:157} INFO - Started process (PID=2066) to work on /home/airflow/.local/lib/python3.8/site-packages/airflow/example_dags/example_dag_decorator.py
[2023-12-15T11:57:09.786+0000] {processor.py:829} INFO - Processing file /home/airflow/.local/lib/python3.8/site-packages/airflow/example_dags/example_dag_decorator.py for tasks to queue
[2023-12-15T11:57:09.794+0000] {logging_mixin.py:154} INFO - [2023-12-15T11:57:09.793+0000] {dagbag.py:536} INFO - Filling up the DagBag from /home/airflow/.local/lib/python3.8/site-packages/airflow/example_dags/example_dag_decorator.py
[2023-12-15T11:57:10.085+0000] {processor.py:839} INFO - DAG(s) dict_keys(['example_dag_decorator']) retrieved from /home/airflow/.local/lib/python3.8/site-packages/airflow/example_dags/example_dag_decorator.py
[2023-12-15T11:57:10.384+0000] {logging_mixin.py:154} INFO - [2023-12-15T11:57:10.383+0000] {dag.py:2941} INFO - Sync 1 DAGs
[2023-12-15T11:57:10.412+0000] {logging_mixin.py:154} INFO - [2023-12-15T11:57:10.412+0000] {dag.py:3722} INFO - Setting next_dagrun for example_dag_decorator to None, run_after=None
[2023-12-15T11:57:10.426+0000] {processor.py:179} INFO - Processing /home/airflow/.local/lib/python3.8/site-packages/airflow/example_dags/example_dag_decorator.py took 0.647 seconds
[2023-12-15T11:57:41.258+0000] {processor.py:157} INFO - Started process (PID=2130) to work on /home/airflow/.local/lib/python3.8/site-packages/airflow/example_dags/example_dag_decorator.py
[2023-12-15T11:57:41.260+0000] {processor.py:829} INFO - Processing file /home/airflow/.local/lib/python3.8/site-packages/airflow/example_dags/example_dag_decorator.py for tasks to queue
[2023-12-15T11:57:41.269+0000] {logging_mixin.py:154} INFO - [2023-12-15T11:57:41.268+0000] {dagbag.py:536} INFO - Filling up the DagBag from /home/airflow/.local/lib/python3.8/site-packages/airflow/example_dags/example_dag_decorator.py
[2023-12-15T11:57:41.389+0000] {processor.py:839} INFO - DAG(s) dict_keys(['example_dag_decorator']) retrieved from /home/airflow/.local/lib/python3.8/site-packages/airflow/example_dags/example_dag_decorator.py
[2023-12-15T11:57:41.532+0000] {logging_mixin.py:154} INFO - [2023-12-15T11:57:41.531+0000] {dag.py:2941} INFO - Sync 1 DAGs
[2023-12-15T11:57:41.548+0000] {logging_mixin.py:154} INFO - [2023-12-15T11:57:41.548+0000] {dag.py:3722} INFO - Setting next_dagrun for example_dag_decorator to None, run_after=None
[2023-12-15T11:57:41.565+0000] {processor.py:179} INFO - Processing /home/airflow/.local/lib/python3.8/site-packages/airflow/example_dags/example_dag_decorator.py took 0.323 seconds
[2023-12-15T11:58:11.974+0000] {processor.py:157} INFO - Started process (PID=2184) to work on /home/airflow/.local/lib/python3.8/site-packages/airflow/example_dags/example_dag_decorator.py
[2023-12-15T11:58:11.976+0000] {processor.py:829} INFO - Processing file /home/airflow/.local/lib/python3.8/site-packages/airflow/example_dags/example_dag_decorator.py for tasks to queue
[2023-12-15T11:58:11.980+0000] {logging_mixin.py:154} INFO - [2023-12-15T11:58:11.979+0000] {dagbag.py:536} INFO - Filling up the DagBag from /home/airflow/.local/lib/python3.8/site-packages/airflow/example_dags/example_dag_decorator.py
[2023-12-15T11:58:12.050+0000] {processor.py:839} INFO - DAG(s) dict_keys(['example_dag_decorator']) retrieved from /home/airflow/.local/lib/python3.8/site-packages/airflow/example_dags/example_dag_decorator.py
[2023-12-15T11:58:12.167+0000] {logging_mixin.py:154} INFO - [2023-12-15T11:58:12.167+0000] {dag.py:2941} INFO - Sync 1 DAGs
[2023-12-15T11:58:12.181+0000] {logging_mixin.py:154} INFO - [2023-12-15T11:58:12.181+0000] {dag.py:3722} INFO - Setting next_dagrun for example_dag_decorator to None, run_after=None
[2023-12-15T11:58:12.198+0000] {processor.py:179} INFO - Processing /home/airflow/.local/lib/python3.8/site-packages/airflow/example_dags/example_dag_decorator.py took 0.237 seconds
[2023-12-15T11:58:42.612+0000] {processor.py:157} INFO - Started process (PID=2237) to work on /home/airflow/.local/lib/python3.8/site-packages/airflow/example_dags/example_dag_decorator.py
[2023-12-15T11:58:42.614+0000] {processor.py:829} INFO - Processing file /home/airflow/.local/lib/python3.8/site-packages/airflow/example_dags/example_dag_decorator.py for tasks to queue
[2023-12-15T11:58:42.618+0000] {logging_mixin.py:154} INFO - [2023-12-15T11:58:42.618+0000] {dagbag.py:536} INFO - Filling up the DagBag from /home/airflow/.local/lib/python3.8/site-packages/airflow/example_dags/example_dag_decorator.py
[2023-12-15T11:58:42.705+0000] {processor.py:839} INFO - DAG(s) dict_keys(['example_dag_decorator']) retrieved from /home/airflow/.local/lib/python3.8/site-packages/airflow/example_dags/example_dag_decorator.py
[2023-12-15T11:58:42.801+0000] {logging_mixin.py:154} INFO - [2023-12-15T11:58:42.801+0000] {dag.py:2941} INFO - Sync 1 DAGs
[2023-12-15T11:58:42.810+0000] {logging_mixin.py:154} INFO - [2023-12-15T11:58:42.809+0000] {dag.py:3722} INFO - Setting next_dagrun for example_dag_decorator to None, run_after=None
[2023-12-15T11:58:42.828+0000] {processor.py:179} INFO - Processing /home/airflow/.local/lib/python3.8/site-packages/airflow/example_dags/example_dag_decorator.py took 0.221 seconds
[2023-12-15T11:59:13.506+0000] {processor.py:157} INFO - Started process (PID=2291) to work on /home/airflow/.local/lib/python3.8/site-packages/airflow/example_dags/example_dag_decorator.py
[2023-12-15T11:59:13.510+0000] {processor.py:829} INFO - Processing file /home/airflow/.local/lib/python3.8/site-packages/airflow/example_dags/example_dag_decorator.py for tasks to queue
[2023-12-15T11:59:13.518+0000] {logging_mixin.py:154} INFO - [2023-12-15T11:59:13.517+0000] {dagbag.py:536} INFO - Filling up the DagBag from /home/airflow/.local/lib/python3.8/site-packages/airflow/example_dags/example_dag_decorator.py
[2023-12-15T11:59:13.621+0000] {processor.py:839} INFO - DAG(s) dict_keys(['example_dag_decorator']) retrieved from /home/airflow/.local/lib/python3.8/site-packages/airflow/example_dags/example_dag_decorator.py
[2023-12-15T11:59:13.721+0000] {logging_mixin.py:154} INFO - [2023-12-15T11:59:13.721+0000] {dag.py:2941} INFO - Sync 1 DAGs
[2023-12-15T11:59:13.729+0000] {logging_mixin.py:154} INFO - [2023-12-15T11:59:13.729+0000] {dag.py:3722} INFO - Setting next_dagrun for example_dag_decorator to None, run_after=None
[2023-12-15T11:59:13.745+0000] {processor.py:179} INFO - Processing /home/airflow/.local/lib/python3.8/site-packages/airflow/example_dags/example_dag_decorator.py took 0.245 seconds
[2023-12-15T11:59:43.859+0000] {processor.py:157} INFO - Started process (PID=2344) to work on /home/airflow/.local/lib/python3.8/site-packages/airflow/example_dags/example_dag_decorator.py
[2023-12-15T11:59:43.864+0000] {processor.py:829} INFO - Processing file /home/airflow/.local/lib/python3.8/site-packages/airflow/example_dags/example_dag_decorator.py for tasks to queue
[2023-12-15T11:59:43.882+0000] {logging_mixin.py:154} INFO - [2023-12-15T11:59:43.881+0000] {dagbag.py:536} INFO - Filling up the DagBag from /home/airflow/.local/lib/python3.8/site-packages/airflow/example_dags/example_dag_decorator.py
[2023-12-15T11:59:44.133+0000] {processor.py:839} INFO - DAG(s) dict_keys(['example_dag_decorator']) retrieved from /home/airflow/.local/lib/python3.8/site-packages/airflow/example_dags/example_dag_decorator.py
[2023-12-15T11:59:44.744+0000] {logging_mixin.py:154} INFO - [2023-12-15T11:59:44.742+0000] {dag.py:2941} INFO - Sync 1 DAGs
[2023-12-15T11:59:44.767+0000] {logging_mixin.py:154} INFO - [2023-12-15T11:59:44.767+0000] {dag.py:3722} INFO - Setting next_dagrun for example_dag_decorator to None, run_after=None
[2023-12-15T11:59:44.869+0000] {processor.py:179} INFO - Processing /home/airflow/.local/lib/python3.8/site-packages/airflow/example_dags/example_dag_decorator.py took 1.033 seconds
[2023-12-15T12:00:15.284+0000] {processor.py:157} INFO - Started process (PID=2398) to work on /home/airflow/.local/lib/python3.8/site-packages/airflow/example_dags/example_dag_decorator.py
[2023-12-15T12:00:15.287+0000] {processor.py:829} INFO - Processing file /home/airflow/.local/lib/python3.8/site-packages/airflow/example_dags/example_dag_decorator.py for tasks to queue
[2023-12-15T12:00:15.295+0000] {logging_mixin.py:154} INFO - [2023-12-15T12:00:15.294+0000] {dagbag.py:536} INFO - Filling up the DagBag from /home/airflow/.local/lib/python3.8/site-packages/airflow/example_dags/example_dag_decorator.py
[2023-12-15T12:00:15.582+0000] {processor.py:839} INFO - DAG(s) dict_keys(['example_dag_decorator']) retrieved from /home/airflow/.local/lib/python3.8/site-packages/airflow/example_dags/example_dag_decorator.py
[2023-12-15T12:00:16.042+0000] {logging_mixin.py:154} INFO - [2023-12-15T12:00:16.034+0000] {dag.py:2941} INFO - Sync 1 DAGs
[2023-12-15T12:00:16.125+0000] {logging_mixin.py:154} INFO - [2023-12-15T12:00:16.124+0000] {dag.py:3722} INFO - Setting next_dagrun for example_dag_decorator to None, run_after=None
[2023-12-15T12:00:16.204+0000] {processor.py:179} INFO - Processing /home/airflow/.local/lib/python3.8/site-packages/airflow/example_dags/example_dag_decorator.py took 0.951 seconds
[2023-12-15T12:00:46.901+0000] {processor.py:157} INFO - Started process (PID=2452) to work on /home/airflow/.local/lib/python3.8/site-packages/airflow/example_dags/example_dag_decorator.py
[2023-12-15T12:00:46.907+0000] {processor.py:829} INFO - Processing file /home/airflow/.local/lib/python3.8/site-packages/airflow/example_dags/example_dag_decorator.py for tasks to queue
[2023-12-15T12:00:46.923+0000] {logging_mixin.py:154} INFO - [2023-12-15T12:00:46.922+0000] {dagbag.py:536} INFO - Filling up the DagBag from /home/airflow/.local/lib/python3.8/site-packages/airflow/example_dags/example_dag_decorator.py
[2023-12-15T12:00:47.307+0000] {processor.py:839} INFO - DAG(s) dict_keys(['example_dag_decorator']) retrieved from /home/airflow/.local/lib/python3.8/site-packages/airflow/example_dags/example_dag_decorator.py
[2023-12-15T12:00:48.224+0000] {logging_mixin.py:154} INFO - [2023-12-15T12:00:48.223+0000] {dag.py:2941} INFO - Sync 1 DAGs
[2023-12-15T12:00:48.512+0000] {logging_mixin.py:154} INFO - [2023-12-15T12:00:48.511+0000] {dag.py:3722} INFO - Setting next_dagrun for example_dag_decorator to None, run_after=None
[2023-12-15T12:00:48.612+0000] {processor.py:179} INFO - Processing /home/airflow/.local/lib/python3.8/site-packages/airflow/example_dags/example_dag_decorator.py took 1.730 seconds
[2023-12-15T12:01:18.871+0000] {processor.py:157} INFO - Started process (PID=2506) to work on /home/airflow/.local/lib/python3.8/site-packages/airflow/example_dags/example_dag_decorator.py
[2023-12-15T12:01:18.897+0000] {processor.py:829} INFO - Processing file /home/airflow/.local/lib/python3.8/site-packages/airflow/example_dags/example_dag_decorator.py for tasks to queue
[2023-12-15T12:01:18.932+0000] {logging_mixin.py:154} INFO - [2023-12-15T12:01:18.927+0000] {dagbag.py:536} INFO - Filling up the DagBag from /home/airflow/.local/lib/python3.8/site-packages/airflow/example_dags/example_dag_decorator.py
[2023-12-15T12:01:19.714+0000] {processor.py:839} INFO - DAG(s) dict_keys(['example_dag_decorator']) retrieved from /home/airflow/.local/lib/python3.8/site-packages/airflow/example_dags/example_dag_decorator.py
[2023-12-15T12:01:20.334+0000] {logging_mixin.py:154} INFO - [2023-12-15T12:01:20.332+0000] {dag.py:2941} INFO - Sync 1 DAGs
[2023-12-15T12:01:20.368+0000] {logging_mixin.py:154} INFO - [2023-12-15T12:01:20.368+0000] {dag.py:3722} INFO - Setting next_dagrun for example_dag_decorator to None, run_after=None
[2023-12-15T12:01:20.399+0000] {processor.py:179} INFO - Processing /home/airflow/.local/lib/python3.8/site-packages/airflow/example_dags/example_dag_decorator.py took 1.564 seconds
[2023-12-15T12:01:51.289+0000] {processor.py:157} INFO - Started process (PID=2560) to work on /home/airflow/.local/lib/python3.8/site-packages/airflow/example_dags/example_dag_decorator.py
[2023-12-15T12:01:51.293+0000] {processor.py:829} INFO - Processing file /home/airflow/.local/lib/python3.8/site-packages/airflow/example_dags/example_dag_decorator.py for tasks to queue
[2023-12-15T12:01:51.305+0000] {logging_mixin.py:154} INFO - [2023-12-15T12:01:51.303+0000] {dagbag.py:536} INFO - Filling up the DagBag from /home/airflow/.local/lib/python3.8/site-packages/airflow/example_dags/example_dag_decorator.py
[2023-12-15T12:01:51.578+0000] {processor.py:839} INFO - DAG(s) dict_keys(['example_dag_decorator']) retrieved from /home/airflow/.local/lib/python3.8/site-packages/airflow/example_dags/example_dag_decorator.py
[2023-12-15T12:01:52.009+0000] {logging_mixin.py:154} INFO - [2023-12-15T12:01:52.008+0000] {dag.py:2941} INFO - Sync 1 DAGs
[2023-12-15T12:01:52.041+0000] {logging_mixin.py:154} INFO - [2023-12-15T12:01:52.040+0000] {dag.py:3722} INFO - Setting next_dagrun for example_dag_decorator to None, run_after=None
[2023-12-15T12:01:52.084+0000] {processor.py:179} INFO - Processing /home/airflow/.local/lib/python3.8/site-packages/airflow/example_dags/example_dag_decorator.py took 0.802 seconds
[2023-12-15T12:02:23.176+0000] {processor.py:157} INFO - Started process (PID=2614) to work on /home/airflow/.local/lib/python3.8/site-packages/airflow/example_dags/example_dag_decorator.py
[2023-12-15T12:02:23.182+0000] {processor.py:829} INFO - Processing file /home/airflow/.local/lib/python3.8/site-packages/airflow/example_dags/example_dag_decorator.py for tasks to queue
[2023-12-15T12:02:23.202+0000] {logging_mixin.py:154} INFO - [2023-12-15T12:02:23.200+0000] {dagbag.py:536} INFO - Filling up the DagBag from /home/airflow/.local/lib/python3.8/site-packages/airflow/example_dags/example_dag_decorator.py
[2023-12-15T12:02:23.672+0000] {processor.py:839} INFO - DAG(s) dict_keys(['example_dag_decorator']) retrieved from /home/airflow/.local/lib/python3.8/site-packages/airflow/example_dags/example_dag_decorator.py
[2023-12-15T12:02:24.580+0000] {logging_mixin.py:154} INFO - [2023-12-15T12:02:24.579+0000] {dag.py:2941} INFO - Sync 1 DAGs
[2023-12-15T12:02:24.629+0000] {logging_mixin.py:154} INFO - [2023-12-15T12:02:24.629+0000] {dag.py:3722} INFO - Setting next_dagrun for example_dag_decorator to None, run_after=None
[2023-12-15T12:02:24.750+0000] {processor.py:179} INFO - Processing /home/airflow/.local/lib/python3.8/site-packages/airflow/example_dags/example_dag_decorator.py took 1.601 seconds
[2023-12-15T12:02:55.999+0000] {processor.py:157} INFO - Started process (PID=2666) to work on /home/airflow/.local/lib/python3.8/site-packages/airflow/example_dags/example_dag_decorator.py
[2023-12-15T12:02:56.008+0000] {processor.py:829} INFO - Processing file /home/airflow/.local/lib/python3.8/site-packages/airflow/example_dags/example_dag_decorator.py for tasks to queue
[2023-12-15T12:02:56.072+0000] {logging_mixin.py:154} INFO - [2023-12-15T12:02:56.067+0000] {dagbag.py:536} INFO - Filling up the DagBag from /home/airflow/.local/lib/python3.8/site-packages/airflow/example_dags/example_dag_decorator.py
[2023-12-15T12:02:57.215+0000] {processor.py:839} INFO - DAG(s) dict_keys(['example_dag_decorator']) retrieved from /home/airflow/.local/lib/python3.8/site-packages/airflow/example_dags/example_dag_decorator.py
[2023-12-15T12:02:58.017+0000] {logging_mixin.py:154} INFO - [2023-12-15T12:02:58.008+0000] {dag.py:2941} INFO - Sync 1 DAGs
[2023-12-15T12:02:58.097+0000] {logging_mixin.py:154} INFO - [2023-12-15T12:02:58.096+0000] {dag.py:3722} INFO - Setting next_dagrun for example_dag_decorator to None, run_after=None
[2023-12-15T12:02:58.250+0000] {processor.py:179} INFO - Processing /home/airflow/.local/lib/python3.8/site-packages/airflow/example_dags/example_dag_decorator.py took 2.331 seconds
[2023-12-15T12:03:29.255+0000] {processor.py:157} INFO - Started process (PID=2720) to work on /home/airflow/.local/lib/python3.8/site-packages/airflow/example_dags/example_dag_decorator.py
[2023-12-15T12:03:29.257+0000] {processor.py:829} INFO - Processing file /home/airflow/.local/lib/python3.8/site-packages/airflow/example_dags/example_dag_decorator.py for tasks to queue
[2023-12-15T12:03:29.271+0000] {logging_mixin.py:154} INFO - [2023-12-15T12:03:29.270+0000] {dagbag.py:536} INFO - Filling up the DagBag from /home/airflow/.local/lib/python3.8/site-packages/airflow/example_dags/example_dag_decorator.py
[2023-12-15T12:03:29.621+0000] {processor.py:839} INFO - DAG(s) dict_keys(['example_dag_decorator']) retrieved from /home/airflow/.local/lib/python3.8/site-packages/airflow/example_dags/example_dag_decorator.py
[2023-12-15T12:03:30.335+0000] {logging_mixin.py:154} INFO - [2023-12-15T12:03:30.333+0000] {dag.py:2941} INFO - Sync 1 DAGs
[2023-12-15T12:03:30.373+0000] {logging_mixin.py:154} INFO - [2023-12-15T12:03:30.373+0000] {dag.py:3722} INFO - Setting next_dagrun for example_dag_decorator to None, run_after=None
[2023-12-15T12:03:30.429+0000] {processor.py:179} INFO - Processing /home/airflow/.local/lib/python3.8/site-packages/airflow/example_dags/example_dag_decorator.py took 1.185 seconds
[2023-12-15T12:04:00.922+0000] {processor.py:157} INFO - Started process (PID=2774) to work on /home/airflow/.local/lib/python3.8/site-packages/airflow/example_dags/example_dag_decorator.py
[2023-12-15T12:04:00.933+0000] {processor.py:829} INFO - Processing file /home/airflow/.local/lib/python3.8/site-packages/airflow/example_dags/example_dag_decorator.py for tasks to queue
[2023-12-15T12:04:00.978+0000] {logging_mixin.py:154} INFO - [2023-12-15T12:04:00.976+0000] {dagbag.py:536} INFO - Filling up the DagBag from /home/airflow/.local/lib/python3.8/site-packages/airflow/example_dags/example_dag_decorator.py
[2023-12-15T12:04:02.151+0000] {processor.py:839} INFO - DAG(s) dict_keys(['example_dag_decorator']) retrieved from /home/airflow/.local/lib/python3.8/site-packages/airflow/example_dags/example_dag_decorator.py
[2023-12-15T12:04:03.126+0000] {logging_mixin.py:154} INFO - [2023-12-15T12:04:03.115+0000] {dag.py:2941} INFO - Sync 1 DAGs
[2023-12-15T12:04:03.168+0000] {logging_mixin.py:154} INFO - [2023-12-15T12:04:03.168+0000] {dag.py:3722} INFO - Setting next_dagrun for example_dag_decorator to None, run_after=None
[2023-12-15T12:04:03.217+0000] {processor.py:179} INFO - Processing /home/airflow/.local/lib/python3.8/site-packages/airflow/example_dags/example_dag_decorator.py took 2.370 seconds
[2023-12-15T12:04:33.843+0000] {processor.py:157} INFO - Started process (PID=2828) to work on /home/airflow/.local/lib/python3.8/site-packages/airflow/example_dags/example_dag_decorator.py
[2023-12-15T12:04:33.885+0000] {processor.py:829} INFO - Processing file /home/airflow/.local/lib/python3.8/site-packages/airflow/example_dags/example_dag_decorator.py for tasks to queue
[2023-12-15T12:04:33.947+0000] {logging_mixin.py:154} INFO - [2023-12-15T12:04:33.944+0000] {dagbag.py:536} INFO - Filling up the DagBag from /home/airflow/.local/lib/python3.8/site-packages/airflow/example_dags/example_dag_decorator.py
[2023-12-15T12:04:34.872+0000] {processor.py:839} INFO - DAG(s) dict_keys(['example_dag_decorator']) retrieved from /home/airflow/.local/lib/python3.8/site-packages/airflow/example_dags/example_dag_decorator.py
[2023-12-15T12:04:35.803+0000] {logging_mixin.py:154} INFO - [2023-12-15T12:04:35.798+0000] {dag.py:2941} INFO - Sync 1 DAGs
[2023-12-15T12:04:35.820+0000] {logging_mixin.py:154} INFO - [2023-12-15T12:04:35.820+0000] {dag.py:3722} INFO - Setting next_dagrun for example_dag_decorator to None, run_after=None
[2023-12-15T12:04:35.857+0000] {processor.py:179} INFO - Processing /home/airflow/.local/lib/python3.8/site-packages/airflow/example_dags/example_dag_decorator.py took 2.086 seconds
[2023-12-15T12:05:06.205+0000] {processor.py:157} INFO - Started process (PID=2884) to work on /home/airflow/.local/lib/python3.8/site-packages/airflow/example_dags/example_dag_decorator.py
[2023-12-15T12:05:06.208+0000] {processor.py:829} INFO - Processing file /home/airflow/.local/lib/python3.8/site-packages/airflow/example_dags/example_dag_decorator.py for tasks to queue
[2023-12-15T12:05:06.211+0000] {logging_mixin.py:154} INFO - [2023-12-15T12:05:06.211+0000] {dagbag.py:536} INFO - Filling up the DagBag from /home/airflow/.local/lib/python3.8/site-packages/airflow/example_dags/example_dag_decorator.py
[2023-12-15T12:05:07.025+0000] {processor.py:839} INFO - DAG(s) dict_keys(['example_dag_decorator']) retrieved from /home/airflow/.local/lib/python3.8/site-packages/airflow/example_dags/example_dag_decorator.py
[2023-12-15T12:05:07.605+0000] {logging_mixin.py:154} INFO - [2023-12-15T12:05:07.604+0000] {dag.py:2941} INFO - Sync 1 DAGs
[2023-12-15T12:05:07.622+0000] {logging_mixin.py:154} INFO - [2023-12-15T12:05:07.622+0000] {dag.py:3722} INFO - Setting next_dagrun for example_dag_decorator to None, run_after=None
[2023-12-15T12:05:07.654+0000] {processor.py:179} INFO - Processing /home/airflow/.local/lib/python3.8/site-packages/airflow/example_dags/example_dag_decorator.py took 1.460 seconds
[2023-12-15T12:05:39.241+0000] {processor.py:157} INFO - Started process (PID=2939) to work on /home/airflow/.local/lib/python3.8/site-packages/airflow/example_dags/example_dag_decorator.py
[2023-12-15T12:05:39.243+0000] {processor.py:829} INFO - Processing file /home/airflow/.local/lib/python3.8/site-packages/airflow/example_dags/example_dag_decorator.py for tasks to queue
[2023-12-15T12:05:39.247+0000] {logging_mixin.py:154} INFO - [2023-12-15T12:05:39.246+0000] {dagbag.py:536} INFO - Filling up the DagBag from /home/airflow/.local/lib/python3.8/site-packages/airflow/example_dags/example_dag_decorator.py
[2023-12-15T12:05:40.273+0000] {processor.py:839} INFO - DAG(s) dict_keys(['example_dag_decorator']) retrieved from /home/airflow/.local/lib/python3.8/site-packages/airflow/example_dags/example_dag_decorator.py
[2023-12-15T12:05:41.705+0000] {logging_mixin.py:154} INFO - [2023-12-15T12:05:41.697+0000] {dag.py:2941} INFO - Sync 1 DAGs
[2023-12-15T12:05:41.829+0000] {logging_mixin.py:154} INFO - [2023-12-15T12:05:41.828+0000] {dag.py:3722} INFO - Setting next_dagrun for example_dag_decorator to None, run_after=None
[2023-12-15T12:05:41.986+0000] {processor.py:179} INFO - Processing /home/airflow/.local/lib/python3.8/site-packages/airflow/example_dags/example_dag_decorator.py took 2.750 seconds
[2023-12-15T12:06:12.272+0000] {processor.py:157} INFO - Started process (PID=2994) to work on /home/airflow/.local/lib/python3.8/site-packages/airflow/example_dags/example_dag_decorator.py
[2023-12-15T12:06:12.275+0000] {processor.py:829} INFO - Processing file /home/airflow/.local/lib/python3.8/site-packages/airflow/example_dags/example_dag_decorator.py for tasks to queue
[2023-12-15T12:06:12.278+0000] {logging_mixin.py:154} INFO - [2023-12-15T12:06:12.278+0000] {dagbag.py:536} INFO - Filling up the DagBag from /home/airflow/.local/lib/python3.8/site-packages/airflow/example_dags/example_dag_decorator.py
[2023-12-15T12:06:12.833+0000] {processor.py:839} INFO - DAG(s) dict_keys(['example_dag_decorator']) retrieved from /home/airflow/.local/lib/python3.8/site-packages/airflow/example_dags/example_dag_decorator.py
[2023-12-15T12:06:13.676+0000] {logging_mixin.py:154} INFO - [2023-12-15T12:06:13.675+0000] {dag.py:2941} INFO - Sync 1 DAGs
[2023-12-15T12:06:13.709+0000] {logging_mixin.py:154} INFO - [2023-12-15T12:06:13.708+0000] {dag.py:3722} INFO - Setting next_dagrun for example_dag_decorator to None, run_after=None
[2023-12-15T12:06:13.797+0000] {processor.py:179} INFO - Processing /home/airflow/.local/lib/python3.8/site-packages/airflow/example_dags/example_dag_decorator.py took 1.531 seconds
[2023-12-15T12:06:44.053+0000] {processor.py:157} INFO - Started process (PID=3050) to work on /home/airflow/.local/lib/python3.8/site-packages/airflow/example_dags/example_dag_decorator.py
[2023-12-15T12:06:44.055+0000] {processor.py:829} INFO - Processing file /home/airflow/.local/lib/python3.8/site-packages/airflow/example_dags/example_dag_decorator.py for tasks to queue
[2023-12-15T12:06:44.056+0000] {logging_mixin.py:154} INFO - [2023-12-15T12:06:44.056+0000] {dagbag.py:536} INFO - Filling up the DagBag from /home/airflow/.local/lib/python3.8/site-packages/airflow/example_dags/example_dag_decorator.py
[2023-12-15T12:06:44.567+0000] {processor.py:839} INFO - DAG(s) dict_keys(['example_dag_decorator']) retrieved from /home/airflow/.local/lib/python3.8/site-packages/airflow/example_dags/example_dag_decorator.py
[2023-12-15T12:06:45.143+0000] {logging_mixin.py:154} INFO - [2023-12-15T12:06:45.142+0000] {dag.py:2941} INFO - Sync 1 DAGs
[2023-12-15T12:06:45.244+0000] {logging_mixin.py:154} INFO - [2023-12-15T12:06:45.244+0000] {dag.py:3722} INFO - Setting next_dagrun for example_dag_decorator to None, run_after=None
[2023-12-15T12:06:45.331+0000] {processor.py:179} INFO - Processing /home/airflow/.local/lib/python3.8/site-packages/airflow/example_dags/example_dag_decorator.py took 1.280 seconds
[2023-12-15T12:07:15.496+0000] {processor.py:157} INFO - Started process (PID=3104) to work on /home/airflow/.local/lib/python3.8/site-packages/airflow/example_dags/example_dag_decorator.py
[2023-12-15T12:07:15.499+0000] {processor.py:829} INFO - Processing file /home/airflow/.local/lib/python3.8/site-packages/airflow/example_dags/example_dag_decorator.py for tasks to queue
[2023-12-15T12:07:15.518+0000] {logging_mixin.py:154} INFO - [2023-12-15T12:07:15.517+0000] {dagbag.py:536} INFO - Filling up the DagBag from /home/airflow/.local/lib/python3.8/site-packages/airflow/example_dags/example_dag_decorator.py
[2023-12-15T12:07:15.919+0000] {processor.py:839} INFO - DAG(s) dict_keys(['example_dag_decorator']) retrieved from /home/airflow/.local/lib/python3.8/site-packages/airflow/example_dags/example_dag_decorator.py
[2023-12-15T12:07:16.410+0000] {logging_mixin.py:154} INFO - [2023-12-15T12:07:16.406+0000] {dag.py:2941} INFO - Sync 1 DAGs
[2023-12-15T12:07:16.459+0000] {logging_mixin.py:154} INFO - [2023-12-15T12:07:16.459+0000] {dag.py:3722} INFO - Setting next_dagrun for example_dag_decorator to None, run_after=None
[2023-12-15T12:07:16.509+0000] {processor.py:179} INFO - Processing /home/airflow/.local/lib/python3.8/site-packages/airflow/example_dags/example_dag_decorator.py took 1.039 seconds
[2023-12-15T12:07:47.559+0000] {processor.py:157} INFO - Started process (PID=3160) to work on /home/airflow/.local/lib/python3.8/site-packages/airflow/example_dags/example_dag_decorator.py
[2023-12-15T12:07:47.561+0000] {processor.py:829} INFO - Processing file /home/airflow/.local/lib/python3.8/site-packages/airflow/example_dags/example_dag_decorator.py for tasks to queue
[2023-12-15T12:07:47.565+0000] {logging_mixin.py:154} INFO - [2023-12-15T12:07:47.565+0000] {dagbag.py:536} INFO - Filling up the DagBag from /home/airflow/.local/lib/python3.8/site-packages/airflow/example_dags/example_dag_decorator.py
[2023-12-15T12:07:47.862+0000] {processor.py:839} INFO - DAG(s) dict_keys(['example_dag_decorator']) retrieved from /home/airflow/.local/lib/python3.8/site-packages/airflow/example_dags/example_dag_decorator.py
[2023-12-15T12:07:48.261+0000] {logging_mixin.py:154} INFO - [2023-12-15T12:07:48.260+0000] {dag.py:2941} INFO - Sync 1 DAGs
[2023-12-15T12:07:48.279+0000] {logging_mixin.py:154} INFO - [2023-12-15T12:07:48.279+0000] {dag.py:3722} INFO - Setting next_dagrun for example_dag_decorator to None, run_after=None
[2023-12-15T12:07:48.308+0000] {processor.py:179} INFO - Processing /home/airflow/.local/lib/python3.8/site-packages/airflow/example_dags/example_dag_decorator.py took 0.752 seconds
[2023-12-15T12:08:20.224+0000] {processor.py:157} INFO - Started process (PID=3222) to work on /home/airflow/.local/lib/python3.8/site-packages/airflow/example_dags/example_dag_decorator.py
[2023-12-15T12:08:20.227+0000] {processor.py:829} INFO - Processing file /home/airflow/.local/lib/python3.8/site-packages/airflow/example_dags/example_dag_decorator.py for tasks to queue
[2023-12-15T12:08:20.233+0000] {logging_mixin.py:154} INFO - [2023-12-15T12:08:20.233+0000] {dagbag.py:536} INFO - Filling up the DagBag from /home/airflow/.local/lib/python3.8/site-packages/airflow/example_dags/example_dag_decorator.py
[2023-12-15T12:08:20.526+0000] {processor.py:839} INFO - DAG(s) dict_keys(['example_dag_decorator']) retrieved from /home/airflow/.local/lib/python3.8/site-packages/airflow/example_dags/example_dag_decorator.py
[2023-12-15T12:08:20.790+0000] {logging_mixin.py:154} INFO - [2023-12-15T12:08:20.790+0000] {dag.py:2941} INFO - Sync 1 DAGs
[2023-12-15T12:08:20.813+0000] {logging_mixin.py:154} INFO - [2023-12-15T12:08:20.813+0000] {dag.py:3722} INFO - Setting next_dagrun for example_dag_decorator to None, run_after=None
[2023-12-15T12:08:20.834+0000] {processor.py:179} INFO - Processing /home/airflow/.local/lib/python3.8/site-packages/airflow/example_dags/example_dag_decorator.py took 0.615 seconds
[2023-12-15T12:08:53.145+0000] {processor.py:157} INFO - Started process (PID=3276) to work on /home/airflow/.local/lib/python3.8/site-packages/airflow/example_dags/example_dag_decorator.py
[2023-12-15T12:08:53.155+0000] {processor.py:829} INFO - Processing file /home/airflow/.local/lib/python3.8/site-packages/airflow/example_dags/example_dag_decorator.py for tasks to queue
[2023-12-15T12:08:53.188+0000] {logging_mixin.py:154} INFO - [2023-12-15T12:08:53.182+0000] {dagbag.py:536} INFO - Filling up the DagBag from /home/airflow/.local/lib/python3.8/site-packages/airflow/example_dags/example_dag_decorator.py
[2023-12-15T12:08:54.049+0000] {processor.py:839} INFO - DAG(s) dict_keys(['example_dag_decorator']) retrieved from /home/airflow/.local/lib/python3.8/site-packages/airflow/example_dags/example_dag_decorator.py
[2023-12-15T12:08:55.012+0000] {logging_mixin.py:154} INFO - [2023-12-15T12:08:55.011+0000] {dag.py:2941} INFO - Sync 1 DAGs
[2023-12-15T12:08:55.253+0000] {logging_mixin.py:154} INFO - [2023-12-15T12:08:55.252+0000] {dag.py:3722} INFO - Setting next_dagrun for example_dag_decorator to None, run_after=None
[2023-12-15T12:08:55.382+0000] {processor.py:179} INFO - Processing /home/airflow/.local/lib/python3.8/site-packages/airflow/example_dags/example_dag_decorator.py took 2.279 seconds
[2023-12-15T12:09:26.216+0000] {processor.py:157} INFO - Started process (PID=3330) to work on /home/airflow/.local/lib/python3.8/site-packages/airflow/example_dags/example_dag_decorator.py
[2023-12-15T12:09:26.219+0000] {processor.py:829} INFO - Processing file /home/airflow/.local/lib/python3.8/site-packages/airflow/example_dags/example_dag_decorator.py for tasks to queue
[2023-12-15T12:09:26.223+0000] {logging_mixin.py:154} INFO - [2023-12-15T12:09:26.223+0000] {dagbag.py:536} INFO - Filling up the DagBag from /home/airflow/.local/lib/python3.8/site-packages/airflow/example_dags/example_dag_decorator.py
[2023-12-15T12:09:26.741+0000] {processor.py:839} INFO - DAG(s) dict_keys(['example_dag_decorator']) retrieved from /home/airflow/.local/lib/python3.8/site-packages/airflow/example_dags/example_dag_decorator.py
[2023-12-15T12:09:27.603+0000] {logging_mixin.py:154} INFO - [2023-12-15T12:09:27.595+0000] {dag.py:2941} INFO - Sync 1 DAGs
[2023-12-15T12:09:27.681+0000] {logging_mixin.py:154} INFO - [2023-12-15T12:09:27.681+0000] {dag.py:3722} INFO - Setting next_dagrun for example_dag_decorator to None, run_after=None
[2023-12-15T12:09:27.797+0000] {processor.py:179} INFO - Processing /home/airflow/.local/lib/python3.8/site-packages/airflow/example_dags/example_dag_decorator.py took 1.588 seconds
[2023-12-15T12:09:59.369+0000] {processor.py:157} INFO - Started process (PID=3387) to work on /home/airflow/.local/lib/python3.8/site-packages/airflow/example_dags/example_dag_decorator.py
[2023-12-15T12:09:59.371+0000] {processor.py:829} INFO - Processing file /home/airflow/.local/lib/python3.8/site-packages/airflow/example_dags/example_dag_decorator.py for tasks to queue
[2023-12-15T12:09:59.376+0000] {logging_mixin.py:154} INFO - [2023-12-15T12:09:59.375+0000] {dagbag.py:536} INFO - Filling up the DagBag from /home/airflow/.local/lib/python3.8/site-packages/airflow/example_dags/example_dag_decorator.py
[2023-12-15T12:09:59.637+0000] {processor.py:839} INFO - DAG(s) dict_keys(['example_dag_decorator']) retrieved from /home/airflow/.local/lib/python3.8/site-packages/airflow/example_dags/example_dag_decorator.py
[2023-12-15T12:09:59.963+0000] {logging_mixin.py:154} INFO - [2023-12-15T12:09:59.962+0000] {dag.py:2941} INFO - Sync 1 DAGs
[2023-12-15T12:09:59.979+0000] {logging_mixin.py:154} INFO - [2023-12-15T12:09:59.979+0000] {dag.py:3722} INFO - Setting next_dagrun for example_dag_decorator to None, run_after=None
[2023-12-15T12:10:00.005+0000] {processor.py:179} INFO - Processing /home/airflow/.local/lib/python3.8/site-packages/airflow/example_dags/example_dag_decorator.py took 0.642 seconds
