[2023-12-15T11:37:07.623+0000] {processor.py:157} INFO - Started process (PID=81) to work on /home/airflow/.local/lib/python3.8/site-packages/airflow/example_dags/example_python_operator.py
[2023-12-15T11:37:07.641+0000] {processor.py:829} INFO - Processing file /home/airflow/.local/lib/python3.8/site-packages/airflow/example_dags/example_python_operator.py for tasks to queue
[2023-12-15T11:37:07.664+0000] {logging_mixin.py:154} INFO - [2023-12-15T11:37:07.663+0000] {dagbag.py:536} INFO - Filling up the DagBag from /home/airflow/.local/lib/python3.8/site-packages/airflow/example_dags/example_python_operator.py
[2023-12-15T11:37:07.701+0000] {processor.py:839} INFO - DAG(s) dict_keys(['example_python_operator']) retrieved from /home/airflow/.local/lib/python3.8/site-packages/airflow/example_dags/example_python_operator.py
[2023-12-15T11:37:09.160+0000] {logging_mixin.py:154} INFO - [2023-12-15T11:37:09.156+0000] {dag.py:2941} INFO - Sync 1 DAGs
[2023-12-15T11:37:09.239+0000] {logging_mixin.py:154} INFO - [2023-12-15T11:37:09.239+0000] {dag.py:3722} INFO - Setting next_dagrun for example_python_operator to None, run_after=None
[2023-12-15T11:37:09.336+0000] {processor.py:179} INFO - Processing /home/airflow/.local/lib/python3.8/site-packages/airflow/example_dags/example_python_operator.py took 1.726 seconds
[2023-12-15T11:37:39.584+0000] {processor.py:157} INFO - Started process (PID=135) to work on /home/airflow/.local/lib/python3.8/site-packages/airflow/example_dags/example_python_operator.py
[2023-12-15T11:37:39.596+0000] {processor.py:829} INFO - Processing file /home/airflow/.local/lib/python3.8/site-packages/airflow/example_dags/example_python_operator.py for tasks to queue
[2023-12-15T11:37:39.624+0000] {logging_mixin.py:154} INFO - [2023-12-15T11:37:39.610+0000] {dagbag.py:536} INFO - Filling up the DagBag from /home/airflow/.local/lib/python3.8/site-packages/airflow/example_dags/example_python_operator.py
[2023-12-15T11:37:39.720+0000] {processor.py:839} INFO - DAG(s) dict_keys(['example_python_operator']) retrieved from /home/airflow/.local/lib/python3.8/site-packages/airflow/example_dags/example_python_operator.py
[2023-12-15T11:37:39.991+0000] {logging_mixin.py:154} INFO - [2023-12-15T11:37:39.990+0000] {dag.py:2941} INFO - Sync 1 DAGs
[2023-12-15T11:37:40.199+0000] {logging_mixin.py:154} INFO - [2023-12-15T11:37:40.198+0000] {dag.py:3722} INFO - Setting next_dagrun for example_python_operator to None, run_after=None
[2023-12-15T11:37:40.483+0000] {processor.py:179} INFO - Processing /home/airflow/.local/lib/python3.8/site-packages/airflow/example_dags/example_python_operator.py took 0.919 seconds
[2023-12-15T11:38:10.644+0000] {processor.py:157} INFO - Started process (PID=189) to work on /home/airflow/.local/lib/python3.8/site-packages/airflow/example_dags/example_python_operator.py
[2023-12-15T11:38:10.646+0000] {processor.py:829} INFO - Processing file /home/airflow/.local/lib/python3.8/site-packages/airflow/example_dags/example_python_operator.py for tasks to queue
[2023-12-15T11:38:10.651+0000] {logging_mixin.py:154} INFO - [2023-12-15T11:38:10.650+0000] {dagbag.py:536} INFO - Filling up the DagBag from /home/airflow/.local/lib/python3.8/site-packages/airflow/example_dags/example_python_operator.py
[2023-12-15T11:38:10.667+0000] {processor.py:839} INFO - DAG(s) dict_keys(['example_python_operator']) retrieved from /home/airflow/.local/lib/python3.8/site-packages/airflow/example_dags/example_python_operator.py
[2023-12-15T11:38:10.706+0000] {logging_mixin.py:154} INFO - [2023-12-15T11:38:10.706+0000] {dag.py:2941} INFO - Sync 1 DAGs
[2023-12-15T11:38:10.719+0000] {logging_mixin.py:154} INFO - [2023-12-15T11:38:10.719+0000] {dag.py:3722} INFO - Setting next_dagrun for example_python_operator to None, run_after=None
[2023-12-15T11:38:10.733+0000] {processor.py:179} INFO - Processing /home/airflow/.local/lib/python3.8/site-packages/airflow/example_dags/example_python_operator.py took 0.096 seconds
[2023-12-15T11:38:41.016+0000] {processor.py:157} INFO - Started process (PID=243) to work on /home/airflow/.local/lib/python3.8/site-packages/airflow/example_dags/example_python_operator.py
[2023-12-15T11:38:41.028+0000] {processor.py:829} INFO - Processing file /home/airflow/.local/lib/python3.8/site-packages/airflow/example_dags/example_python_operator.py for tasks to queue
[2023-12-15T11:38:41.055+0000] {logging_mixin.py:154} INFO - [2023-12-15T11:38:41.051+0000] {dagbag.py:536} INFO - Filling up the DagBag from /home/airflow/.local/lib/python3.8/site-packages/airflow/example_dags/example_python_operator.py
[2023-12-15T11:38:41.113+0000] {processor.py:839} INFO - DAG(s) dict_keys(['example_python_operator']) retrieved from /home/airflow/.local/lib/python3.8/site-packages/airflow/example_dags/example_python_operator.py
[2023-12-15T11:38:41.211+0000] {logging_mixin.py:154} INFO - [2023-12-15T11:38:41.210+0000] {dag.py:2941} INFO - Sync 1 DAGs
[2023-12-15T11:38:41.246+0000] {logging_mixin.py:154} INFO - [2023-12-15T11:38:41.246+0000] {dag.py:3722} INFO - Setting next_dagrun for example_python_operator to None, run_after=None
[2023-12-15T11:38:41.317+0000] {processor.py:179} INFO - Processing /home/airflow/.local/lib/python3.8/site-packages/airflow/example_dags/example_python_operator.py took 0.323 seconds
[2023-12-15T11:39:11.917+0000] {processor.py:157} INFO - Started process (PID=296) to work on /home/airflow/.local/lib/python3.8/site-packages/airflow/example_dags/example_python_operator.py
[2023-12-15T11:39:11.921+0000] {processor.py:829} INFO - Processing file /home/airflow/.local/lib/python3.8/site-packages/airflow/example_dags/example_python_operator.py for tasks to queue
[2023-12-15T11:39:11.934+0000] {logging_mixin.py:154} INFO - [2023-12-15T11:39:11.932+0000] {dagbag.py:536} INFO - Filling up the DagBag from /home/airflow/.local/lib/python3.8/site-packages/airflow/example_dags/example_python_operator.py
[2023-12-15T11:39:11.986+0000] {processor.py:839} INFO - DAG(s) dict_keys(['example_python_operator']) retrieved from /home/airflow/.local/lib/python3.8/site-packages/airflow/example_dags/example_python_operator.py
[2023-12-15T11:39:12.113+0000] {logging_mixin.py:154} INFO - [2023-12-15T11:39:12.113+0000] {dag.py:2941} INFO - Sync 1 DAGs
[2023-12-15T11:39:12.144+0000] {logging_mixin.py:154} INFO - [2023-12-15T11:39:12.144+0000] {dag.py:3722} INFO - Setting next_dagrun for example_python_operator to None, run_after=None
[2023-12-15T11:39:12.178+0000] {processor.py:179} INFO - Processing /home/airflow/.local/lib/python3.8/site-packages/airflow/example_dags/example_python_operator.py took 0.295 seconds
[2023-12-15T11:39:45.925+0000] {processor.py:157} INFO - Started process (PID=350) to work on /home/airflow/.local/lib/python3.8/site-packages/airflow/example_dags/example_python_operator.py
[2023-12-15T11:39:45.929+0000] {processor.py:829} INFO - Processing file /home/airflow/.local/lib/python3.8/site-packages/airflow/example_dags/example_python_operator.py for tasks to queue
[2023-12-15T11:39:45.931+0000] {logging_mixin.py:154} INFO - [2023-12-15T11:39:45.931+0000] {dagbag.py:536} INFO - Filling up the DagBag from /home/airflow/.local/lib/python3.8/site-packages/airflow/example_dags/example_python_operator.py
[2023-12-15T11:39:45.942+0000] {processor.py:839} INFO - DAG(s) dict_keys(['example_python_operator']) retrieved from /home/airflow/.local/lib/python3.8/site-packages/airflow/example_dags/example_python_operator.py
[2023-12-15T11:39:45.964+0000] {logging_mixin.py:154} INFO - [2023-12-15T11:39:45.964+0000] {dag.py:2941} INFO - Sync 1 DAGs
[2023-12-15T11:39:45.971+0000] {logging_mixin.py:154} INFO - [2023-12-15T11:39:45.971+0000] {dag.py:3722} INFO - Setting next_dagrun for example_python_operator to None, run_after=None
[2023-12-15T11:39:45.982+0000] {processor.py:179} INFO - Processing /home/airflow/.local/lib/python3.8/site-packages/airflow/example_dags/example_python_operator.py took 0.063 seconds
[2023-12-15T11:40:19.569+0000] {processor.py:157} INFO - Started process (PID=404) to work on /home/airflow/.local/lib/python3.8/site-packages/airflow/example_dags/example_python_operator.py
[2023-12-15T11:40:19.573+0000] {processor.py:829} INFO - Processing file /home/airflow/.local/lib/python3.8/site-packages/airflow/example_dags/example_python_operator.py for tasks to queue
[2023-12-15T11:40:19.576+0000] {logging_mixin.py:154} INFO - [2023-12-15T11:40:19.575+0000] {dagbag.py:536} INFO - Filling up the DagBag from /home/airflow/.local/lib/python3.8/site-packages/airflow/example_dags/example_python_operator.py
[2023-12-15T11:40:19.600+0000] {processor.py:839} INFO - DAG(s) dict_keys(['example_python_operator']) retrieved from /home/airflow/.local/lib/python3.8/site-packages/airflow/example_dags/example_python_operator.py
[2023-12-15T11:40:19.677+0000] {logging_mixin.py:154} INFO - [2023-12-15T11:40:19.677+0000] {dag.py:2941} INFO - Sync 1 DAGs
[2023-12-15T11:40:19.703+0000] {logging_mixin.py:154} INFO - [2023-12-15T11:40:19.702+0000] {dag.py:3722} INFO - Setting next_dagrun for example_python_operator to None, run_after=None
[2023-12-15T11:40:19.730+0000] {processor.py:179} INFO - Processing /home/airflow/.local/lib/python3.8/site-packages/airflow/example_dags/example_python_operator.py took 0.165 seconds
[2023-12-15T11:40:52.069+0000] {processor.py:157} INFO - Started process (PID=456) to work on /home/airflow/.local/lib/python3.8/site-packages/airflow/example_dags/example_python_operator.py
[2023-12-15T11:40:52.094+0000] {processor.py:829} INFO - Processing file /home/airflow/.local/lib/python3.8/site-packages/airflow/example_dags/example_python_operator.py for tasks to queue
[2023-12-15T11:40:52.178+0000] {logging_mixin.py:154} INFO - [2023-12-15T11:40:52.175+0000] {dagbag.py:536} INFO - Filling up the DagBag from /home/airflow/.local/lib/python3.8/site-packages/airflow/example_dags/example_python_operator.py
[2023-12-15T11:40:52.255+0000] {processor.py:839} INFO - DAG(s) dict_keys(['example_python_operator']) retrieved from /home/airflow/.local/lib/python3.8/site-packages/airflow/example_dags/example_python_operator.py
[2023-12-15T11:40:52.524+0000] {logging_mixin.py:154} INFO - [2023-12-15T11:40:52.516+0000] {dag.py:2941} INFO - Sync 1 DAGs
[2023-12-15T11:40:52.707+0000] {logging_mixin.py:154} INFO - [2023-12-15T11:40:52.706+0000] {dag.py:3722} INFO - Setting next_dagrun for example_python_operator to None, run_after=None
[2023-12-15T11:40:52.793+0000] {processor.py:179} INFO - Processing /home/airflow/.local/lib/python3.8/site-packages/airflow/example_dags/example_python_operator.py took 0.741 seconds
[2023-12-15T11:41:23.926+0000] {processor.py:157} INFO - Started process (PID=509) to work on /home/airflow/.local/lib/python3.8/site-packages/airflow/example_dags/example_python_operator.py
[2023-12-15T11:41:23.930+0000] {processor.py:829} INFO - Processing file /home/airflow/.local/lib/python3.8/site-packages/airflow/example_dags/example_python_operator.py for tasks to queue
[2023-12-15T11:41:23.958+0000] {logging_mixin.py:154} INFO - [2023-12-15T11:41:23.957+0000] {dagbag.py:536} INFO - Filling up the DagBag from /home/airflow/.local/lib/python3.8/site-packages/airflow/example_dags/example_python_operator.py
[2023-12-15T11:41:24.046+0000] {processor.py:839} INFO - DAG(s) dict_keys(['example_python_operator']) retrieved from /home/airflow/.local/lib/python3.8/site-packages/airflow/example_dags/example_python_operator.py
[2023-12-15T11:41:24.233+0000] {logging_mixin.py:154} INFO - [2023-12-15T11:41:24.233+0000] {dag.py:2941} INFO - Sync 1 DAGs
[2023-12-15T11:41:24.325+0000] {logging_mixin.py:154} INFO - [2023-12-15T11:41:24.325+0000] {dag.py:3722} INFO - Setting next_dagrun for example_python_operator to None, run_after=None
[2023-12-15T11:41:24.384+0000] {processor.py:179} INFO - Processing /home/airflow/.local/lib/python3.8/site-packages/airflow/example_dags/example_python_operator.py took 0.483 seconds
[2023-12-15T11:41:54.698+0000] {processor.py:157} INFO - Started process (PID=563) to work on /home/airflow/.local/lib/python3.8/site-packages/airflow/example_dags/example_python_operator.py
[2023-12-15T11:41:54.700+0000] {processor.py:829} INFO - Processing file /home/airflow/.local/lib/python3.8/site-packages/airflow/example_dags/example_python_operator.py for tasks to queue
[2023-12-15T11:41:54.708+0000] {logging_mixin.py:154} INFO - [2023-12-15T11:41:54.707+0000] {dagbag.py:536} INFO - Filling up the DagBag from /home/airflow/.local/lib/python3.8/site-packages/airflow/example_dags/example_python_operator.py
[2023-12-15T11:41:54.792+0000] {processor.py:839} INFO - DAG(s) dict_keys(['example_python_operator']) retrieved from /home/airflow/.local/lib/python3.8/site-packages/airflow/example_dags/example_python_operator.py
[2023-12-15T11:41:54.862+0000] {logging_mixin.py:154} INFO - [2023-12-15T11:41:54.862+0000] {dag.py:2941} INFO - Sync 1 DAGs
[2023-12-15T11:41:54.891+0000] {logging_mixin.py:154} INFO - [2023-12-15T11:41:54.891+0000] {dag.py:3722} INFO - Setting next_dagrun for example_python_operator to None, run_after=None
[2023-12-15T11:41:54.921+0000] {processor.py:179} INFO - Processing /home/airflow/.local/lib/python3.8/site-packages/airflow/example_dags/example_python_operator.py took 0.229 seconds
[2023-12-15T11:42:25.969+0000] {processor.py:157} INFO - Started process (PID=618) to work on /home/airflow/.local/lib/python3.8/site-packages/airflow/example_dags/example_python_operator.py
[2023-12-15T11:42:25.981+0000] {processor.py:829} INFO - Processing file /home/airflow/.local/lib/python3.8/site-packages/airflow/example_dags/example_python_operator.py for tasks to queue
[2023-12-15T11:42:25.993+0000] {logging_mixin.py:154} INFO - [2023-12-15T11:42:25.987+0000] {dagbag.py:536} INFO - Filling up the DagBag from /home/airflow/.local/lib/python3.8/site-packages/airflow/example_dags/example_python_operator.py
[2023-12-15T11:42:26.076+0000] {processor.py:839} INFO - DAG(s) dict_keys(['example_python_operator']) retrieved from /home/airflow/.local/lib/python3.8/site-packages/airflow/example_dags/example_python_operator.py
[2023-12-15T11:42:26.196+0000] {logging_mixin.py:154} INFO - [2023-12-15T11:42:26.195+0000] {dag.py:2941} INFO - Sync 1 DAGs
[2023-12-15T11:42:26.242+0000] {logging_mixin.py:154} INFO - [2023-12-15T11:42:26.241+0000] {dag.py:3722} INFO - Setting next_dagrun for example_python_operator to None, run_after=None
[2023-12-15T11:42:26.354+0000] {processor.py:179} INFO - Processing /home/airflow/.local/lib/python3.8/site-packages/airflow/example_dags/example_python_operator.py took 0.424 seconds
[2023-12-15T11:43:05.152+0000] {processor.py:157} INFO - Started process (PID=673) to work on /home/airflow/.local/lib/python3.8/site-packages/airflow/example_dags/example_python_operator.py
[2023-12-15T11:43:05.154+0000] {processor.py:829} INFO - Processing file /home/airflow/.local/lib/python3.8/site-packages/airflow/example_dags/example_python_operator.py for tasks to queue
[2023-12-15T11:43:05.156+0000] {logging_mixin.py:154} INFO - [2023-12-15T11:43:05.156+0000] {dagbag.py:536} INFO - Filling up the DagBag from /home/airflow/.local/lib/python3.8/site-packages/airflow/example_dags/example_python_operator.py
[2023-12-15T11:43:05.177+0000] {processor.py:839} INFO - DAG(s) dict_keys(['example_python_operator']) retrieved from /home/airflow/.local/lib/python3.8/site-packages/airflow/example_dags/example_python_operator.py
[2023-12-15T11:43:05.217+0000] {logging_mixin.py:154} INFO - [2023-12-15T11:43:05.216+0000] {dag.py:2941} INFO - Sync 1 DAGs
[2023-12-15T11:43:05.234+0000] {logging_mixin.py:154} INFO - [2023-12-15T11:43:05.234+0000] {dag.py:3722} INFO - Setting next_dagrun for example_python_operator to None, run_after=None
[2023-12-15T11:43:05.382+0000] {processor.py:179} INFO - Processing /home/airflow/.local/lib/python3.8/site-packages/airflow/example_dags/example_python_operator.py took 0.233 seconds
[2023-12-15T11:43:41.398+0000] {processor.py:157} INFO - Started process (PID=727) to work on /home/airflow/.local/lib/python3.8/site-packages/airflow/example_dags/example_python_operator.py
[2023-12-15T11:43:41.399+0000] {processor.py:829} INFO - Processing file /home/airflow/.local/lib/python3.8/site-packages/airflow/example_dags/example_python_operator.py for tasks to queue
[2023-12-15T11:43:41.401+0000] {logging_mixin.py:154} INFO - [2023-12-15T11:43:41.401+0000] {dagbag.py:536} INFO - Filling up the DagBag from /home/airflow/.local/lib/python3.8/site-packages/airflow/example_dags/example_python_operator.py
[2023-12-15T11:43:41.410+0000] {processor.py:839} INFO - DAG(s) dict_keys(['example_python_operator']) retrieved from /home/airflow/.local/lib/python3.8/site-packages/airflow/example_dags/example_python_operator.py
[2023-12-15T11:43:41.448+0000] {logging_mixin.py:154} INFO - [2023-12-15T11:43:41.447+0000] {dag.py:2941} INFO - Sync 1 DAGs
[2023-12-15T11:43:41.465+0000] {logging_mixin.py:154} INFO - [2023-12-15T11:43:41.464+0000] {dag.py:3722} INFO - Setting next_dagrun for example_python_operator to None, run_after=None
[2023-12-15T11:43:41.487+0000] {processor.py:179} INFO - Processing /home/airflow/.local/lib/python3.8/site-packages/airflow/example_dags/example_python_operator.py took 0.092 seconds
[2023-12-15T11:44:17.062+0000] {processor.py:157} INFO - Started process (PID=788) to work on /home/airflow/.local/lib/python3.8/site-packages/airflow/example_dags/example_python_operator.py
[2023-12-15T11:44:17.066+0000] {processor.py:829} INFO - Processing file /home/airflow/.local/lib/python3.8/site-packages/airflow/example_dags/example_python_operator.py for tasks to queue
[2023-12-15T11:44:17.069+0000] {logging_mixin.py:154} INFO - [2023-12-15T11:44:17.069+0000] {dagbag.py:536} INFO - Filling up the DagBag from /home/airflow/.local/lib/python3.8/site-packages/airflow/example_dags/example_python_operator.py
[2023-12-15T11:44:17.092+0000] {processor.py:839} INFO - DAG(s) dict_keys(['example_python_operator']) retrieved from /home/airflow/.local/lib/python3.8/site-packages/airflow/example_dags/example_python_operator.py
[2023-12-15T11:44:17.158+0000] {logging_mixin.py:154} INFO - [2023-12-15T11:44:17.158+0000] {dag.py:2941} INFO - Sync 1 DAGs
[2023-12-15T11:44:17.187+0000] {logging_mixin.py:154} INFO - [2023-12-15T11:44:17.187+0000] {dag.py:3722} INFO - Setting next_dagrun for example_python_operator to None, run_after=None
[2023-12-15T11:44:17.220+0000] {processor.py:179} INFO - Processing /home/airflow/.local/lib/python3.8/site-packages/airflow/example_dags/example_python_operator.py took 0.183 seconds
[2023-12-15T11:44:48.405+0000] {processor.py:157} INFO - Started process (PID=842) to work on /home/airflow/.local/lib/python3.8/site-packages/airflow/example_dags/example_python_operator.py
[2023-12-15T11:44:48.407+0000] {processor.py:829} INFO - Processing file /home/airflow/.local/lib/python3.8/site-packages/airflow/example_dags/example_python_operator.py for tasks to queue
[2023-12-15T11:44:48.410+0000] {logging_mixin.py:154} INFO - [2023-12-15T11:44:48.410+0000] {dagbag.py:536} INFO - Filling up the DagBag from /home/airflow/.local/lib/python3.8/site-packages/airflow/example_dags/example_python_operator.py
[2023-12-15T11:44:48.428+0000] {processor.py:839} INFO - DAG(s) dict_keys(['example_python_operator']) retrieved from /home/airflow/.local/lib/python3.8/site-packages/airflow/example_dags/example_python_operator.py
[2023-12-15T11:44:48.472+0000] {logging_mixin.py:154} INFO - [2023-12-15T11:44:48.472+0000] {dag.py:2941} INFO - Sync 1 DAGs
[2023-12-15T11:44:48.502+0000] {logging_mixin.py:154} INFO - [2023-12-15T11:44:48.502+0000] {dag.py:3722} INFO - Setting next_dagrun for example_python_operator to None, run_after=None
[2023-12-15T11:44:48.536+0000] {processor.py:179} INFO - Processing /home/airflow/.local/lib/python3.8/site-packages/airflow/example_dags/example_python_operator.py took 0.135 seconds
[2023-12-15T11:45:19.698+0000] {processor.py:157} INFO - Started process (PID=896) to work on /home/airflow/.local/lib/python3.8/site-packages/airflow/example_dags/example_python_operator.py
[2023-12-15T11:45:19.700+0000] {processor.py:829} INFO - Processing file /home/airflow/.local/lib/python3.8/site-packages/airflow/example_dags/example_python_operator.py for tasks to queue
[2023-12-15T11:45:19.703+0000] {logging_mixin.py:154} INFO - [2023-12-15T11:45:19.703+0000] {dagbag.py:536} INFO - Filling up the DagBag from /home/airflow/.local/lib/python3.8/site-packages/airflow/example_dags/example_python_operator.py
[2023-12-15T11:45:19.721+0000] {processor.py:839} INFO - DAG(s) dict_keys(['example_python_operator']) retrieved from /home/airflow/.local/lib/python3.8/site-packages/airflow/example_dags/example_python_operator.py
[2023-12-15T11:45:19.769+0000] {logging_mixin.py:154} INFO - [2023-12-15T11:45:19.768+0000] {dag.py:2941} INFO - Sync 1 DAGs
[2023-12-15T11:45:19.792+0000] {logging_mixin.py:154} INFO - [2023-12-15T11:45:19.791+0000] {dag.py:3722} INFO - Setting next_dagrun for example_python_operator to None, run_after=None
[2023-12-15T11:45:19.822+0000] {processor.py:179} INFO - Processing /home/airflow/.local/lib/python3.8/site-packages/airflow/example_dags/example_python_operator.py took 0.130 seconds
[2023-12-15T11:45:51.400+0000] {processor.py:157} INFO - Started process (PID=949) to work on /home/airflow/.local/lib/python3.8/site-packages/airflow/example_dags/example_python_operator.py
[2023-12-15T11:45:51.405+0000] {processor.py:829} INFO - Processing file /home/airflow/.local/lib/python3.8/site-packages/airflow/example_dags/example_python_operator.py for tasks to queue
[2023-12-15T11:45:51.408+0000] {logging_mixin.py:154} INFO - [2023-12-15T11:45:51.407+0000] {dagbag.py:536} INFO - Filling up the DagBag from /home/airflow/.local/lib/python3.8/site-packages/airflow/example_dags/example_python_operator.py
[2023-12-15T11:45:51.433+0000] {processor.py:839} INFO - DAG(s) dict_keys(['example_python_operator']) retrieved from /home/airflow/.local/lib/python3.8/site-packages/airflow/example_dags/example_python_operator.py
[2023-12-15T11:45:51.499+0000] {logging_mixin.py:154} INFO - [2023-12-15T11:45:51.498+0000] {dag.py:2941} INFO - Sync 1 DAGs
[2023-12-15T11:45:51.528+0000] {logging_mixin.py:154} INFO - [2023-12-15T11:45:51.528+0000] {dag.py:3722} INFO - Setting next_dagrun for example_python_operator to None, run_after=None
[2023-12-15T11:45:51.575+0000] {processor.py:179} INFO - Processing /home/airflow/.local/lib/python3.8/site-packages/airflow/example_dags/example_python_operator.py took 0.180 seconds
[2023-12-15T11:46:21.922+0000] {processor.py:157} INFO - Started process (PID=1001) to work on /home/airflow/.local/lib/python3.8/site-packages/airflow/example_dags/example_python_operator.py
[2023-12-15T11:46:21.924+0000] {processor.py:829} INFO - Processing file /home/airflow/.local/lib/python3.8/site-packages/airflow/example_dags/example_python_operator.py for tasks to queue
[2023-12-15T11:46:21.927+0000] {logging_mixin.py:154} INFO - [2023-12-15T11:46:21.927+0000] {dagbag.py:536} INFO - Filling up the DagBag from /home/airflow/.local/lib/python3.8/site-packages/airflow/example_dags/example_python_operator.py
[2023-12-15T11:46:21.937+0000] {processor.py:839} INFO - DAG(s) dict_keys(['example_python_operator']) retrieved from /home/airflow/.local/lib/python3.8/site-packages/airflow/example_dags/example_python_operator.py
[2023-12-15T11:46:21.956+0000] {logging_mixin.py:154} INFO - [2023-12-15T11:46:21.956+0000] {dag.py:2941} INFO - Sync 1 DAGs
[2023-12-15T11:46:21.969+0000] {logging_mixin.py:154} INFO - [2023-12-15T11:46:21.969+0000] {dag.py:3722} INFO - Setting next_dagrun for example_python_operator to None, run_after=None
[2023-12-15T11:46:22.007+0000] {processor.py:179} INFO - Processing /home/airflow/.local/lib/python3.8/site-packages/airflow/example_dags/example_python_operator.py took 0.088 seconds
[2023-12-15T11:47:04.135+0000] {processor.py:157} INFO - Started process (PID=1059) to work on /home/airflow/.local/lib/python3.8/site-packages/airflow/example_dags/example_python_operator.py
[2023-12-15T11:47:04.141+0000] {processor.py:829} INFO - Processing file /home/airflow/.local/lib/python3.8/site-packages/airflow/example_dags/example_python_operator.py for tasks to queue
[2023-12-15T11:47:04.149+0000] {logging_mixin.py:154} INFO - [2023-12-15T11:47:04.148+0000] {dagbag.py:536} INFO - Filling up the DagBag from /home/airflow/.local/lib/python3.8/site-packages/airflow/example_dags/example_python_operator.py
[2023-12-15T11:47:04.168+0000] {processor.py:839} INFO - DAG(s) dict_keys(['example_python_operator']) retrieved from /home/airflow/.local/lib/python3.8/site-packages/airflow/example_dags/example_python_operator.py
[2023-12-15T11:47:04.227+0000] {logging_mixin.py:154} INFO - [2023-12-15T11:47:04.226+0000] {dag.py:2941} INFO - Sync 1 DAGs
[2023-12-15T11:47:04.286+0000] {logging_mixin.py:154} INFO - [2023-12-15T11:47:04.286+0000] {dag.py:3722} INFO - Setting next_dagrun for example_python_operator to None, run_after=None
[2023-12-15T11:47:04.321+0000] {processor.py:179} INFO - Processing /home/airflow/.local/lib/python3.8/site-packages/airflow/example_dags/example_python_operator.py took 0.200 seconds
[2023-12-15T11:47:36.877+0000] {processor.py:157} INFO - Started process (PID=1117) to work on /home/airflow/.local/lib/python3.8/site-packages/airflow/example_dags/example_python_operator.py
[2023-12-15T11:47:36.882+0000] {processor.py:829} INFO - Processing file /home/airflow/.local/lib/python3.8/site-packages/airflow/example_dags/example_python_operator.py for tasks to queue
[2023-12-15T11:47:36.889+0000] {logging_mixin.py:154} INFO - [2023-12-15T11:47:36.888+0000] {dagbag.py:536} INFO - Filling up the DagBag from /home/airflow/.local/lib/python3.8/site-packages/airflow/example_dags/example_python_operator.py
[2023-12-15T11:47:36.941+0000] {processor.py:839} INFO - DAG(s) dict_keys(['example_python_operator']) retrieved from /home/airflow/.local/lib/python3.8/site-packages/airflow/example_dags/example_python_operator.py
[2023-12-15T11:47:37.020+0000] {logging_mixin.py:154} INFO - [2023-12-15T11:47:37.019+0000] {dag.py:2941} INFO - Sync 1 DAGs
[2023-12-15T11:47:37.052+0000] {logging_mixin.py:154} INFO - [2023-12-15T11:47:37.052+0000] {dag.py:3722} INFO - Setting next_dagrun for example_python_operator to None, run_after=None
[2023-12-15T11:47:38.561+0000] {processor.py:179} INFO - Processing /home/airflow/.local/lib/python3.8/site-packages/airflow/example_dags/example_python_operator.py took 1.693 seconds
[2023-12-15T11:48:08.967+0000] {processor.py:157} INFO - Started process (PID=1171) to work on /home/airflow/.local/lib/python3.8/site-packages/airflow/example_dags/example_python_operator.py
[2023-12-15T11:48:08.982+0000] {processor.py:829} INFO - Processing file /home/airflow/.local/lib/python3.8/site-packages/airflow/example_dags/example_python_operator.py for tasks to queue
[2023-12-15T11:48:09.020+0000] {logging_mixin.py:154} INFO - [2023-12-15T11:48:09.018+0000] {dagbag.py:536} INFO - Filling up the DagBag from /home/airflow/.local/lib/python3.8/site-packages/airflow/example_dags/example_python_operator.py
[2023-12-15T11:48:09.149+0000] {processor.py:839} INFO - DAG(s) dict_keys(['example_python_operator']) retrieved from /home/airflow/.local/lib/python3.8/site-packages/airflow/example_dags/example_python_operator.py
[2023-12-15T11:48:09.351+0000] {logging_mixin.py:154} INFO - [2023-12-15T11:48:09.351+0000] {dag.py:2941} INFO - Sync 1 DAGs
[2023-12-15T11:48:09.488+0000] {logging_mixin.py:154} INFO - [2023-12-15T11:48:09.488+0000] {dag.py:3722} INFO - Setting next_dagrun for example_python_operator to None, run_after=None
[2023-12-15T11:48:09.583+0000] {processor.py:179} INFO - Processing /home/airflow/.local/lib/python3.8/site-packages/airflow/example_dags/example_python_operator.py took 0.668 seconds
[2023-12-15T11:48:46.851+0000] {processor.py:157} INFO - Started process (PID=1226) to work on /home/airflow/.local/lib/python3.8/site-packages/airflow/example_dags/example_python_operator.py
[2023-12-15T11:48:46.852+0000] {processor.py:829} INFO - Processing file /home/airflow/.local/lib/python3.8/site-packages/airflow/example_dags/example_python_operator.py for tasks to queue
[2023-12-15T11:48:46.858+0000] {logging_mixin.py:154} INFO - [2023-12-15T11:48:46.857+0000] {dagbag.py:536} INFO - Filling up the DagBag from /home/airflow/.local/lib/python3.8/site-packages/airflow/example_dags/example_python_operator.py
[2023-12-15T11:48:46.873+0000] {processor.py:839} INFO - DAG(s) dict_keys(['example_python_operator']) retrieved from /home/airflow/.local/lib/python3.8/site-packages/airflow/example_dags/example_python_operator.py
[2023-12-15T11:48:46.912+0000] {logging_mixin.py:154} INFO - [2023-12-15T11:48:46.912+0000] {dag.py:2941} INFO - Sync 1 DAGs
[2023-12-15T11:48:46.933+0000] {logging_mixin.py:154} INFO - [2023-12-15T11:48:46.932+0000] {dag.py:3722} INFO - Setting next_dagrun for example_python_operator to None, run_after=None
[2023-12-15T11:48:46.962+0000] {processor.py:179} INFO - Processing /home/airflow/.local/lib/python3.8/site-packages/airflow/example_dags/example_python_operator.py took 0.116 seconds
[2023-12-15T11:49:20.471+0000] {processor.py:157} INFO - Started process (PID=1281) to work on /home/airflow/.local/lib/python3.8/site-packages/airflow/example_dags/example_python_operator.py
[2023-12-15T11:49:20.473+0000] {processor.py:829} INFO - Processing file /home/airflow/.local/lib/python3.8/site-packages/airflow/example_dags/example_python_operator.py for tasks to queue
[2023-12-15T11:49:20.476+0000] {logging_mixin.py:154} INFO - [2023-12-15T11:49:20.476+0000] {dagbag.py:536} INFO - Filling up the DagBag from /home/airflow/.local/lib/python3.8/site-packages/airflow/example_dags/example_python_operator.py
[2023-12-15T11:49:20.499+0000] {processor.py:839} INFO - DAG(s) dict_keys(['example_python_operator']) retrieved from /home/airflow/.local/lib/python3.8/site-packages/airflow/example_dags/example_python_operator.py
[2023-12-15T11:49:20.567+0000] {logging_mixin.py:154} INFO - [2023-12-15T11:49:20.566+0000] {dag.py:2941} INFO - Sync 1 DAGs
[2023-12-15T11:49:20.954+0000] {logging_mixin.py:154} INFO - [2023-12-15T11:49:20.953+0000] {dag.py:3722} INFO - Setting next_dagrun for example_python_operator to None, run_after=None
[2023-12-15T11:49:21.007+0000] {processor.py:179} INFO - Processing /home/airflow/.local/lib/python3.8/site-packages/airflow/example_dags/example_python_operator.py took 0.540 seconds
[2023-12-15T11:49:51.643+0000] {processor.py:157} INFO - Started process (PID=1335) to work on /home/airflow/.local/lib/python3.8/site-packages/airflow/example_dags/example_python_operator.py
[2023-12-15T11:49:51.646+0000] {processor.py:829} INFO - Processing file /home/airflow/.local/lib/python3.8/site-packages/airflow/example_dags/example_python_operator.py for tasks to queue
[2023-12-15T11:49:51.648+0000] {logging_mixin.py:154} INFO - [2023-12-15T11:49:51.648+0000] {dagbag.py:536} INFO - Filling up the DagBag from /home/airflow/.local/lib/python3.8/site-packages/airflow/example_dags/example_python_operator.py
[2023-12-15T11:49:51.655+0000] {processor.py:839} INFO - DAG(s) dict_keys(['example_python_operator']) retrieved from /home/airflow/.local/lib/python3.8/site-packages/airflow/example_dags/example_python_operator.py
[2023-12-15T11:49:51.690+0000] {logging_mixin.py:154} INFO - [2023-12-15T11:49:51.690+0000] {dag.py:2941} INFO - Sync 1 DAGs
[2023-12-15T11:49:51.697+0000] {logging_mixin.py:154} INFO - [2023-12-15T11:49:51.697+0000] {dag.py:3722} INFO - Setting next_dagrun for example_python_operator to None, run_after=None
[2023-12-15T11:49:51.707+0000] {processor.py:179} INFO - Processing /home/airflow/.local/lib/python3.8/site-packages/airflow/example_dags/example_python_operator.py took 0.068 seconds
[2023-12-15T11:50:29.373+0000] {processor.py:157} INFO - Started process (PID=1393) to work on /home/airflow/.local/lib/python3.8/site-packages/airflow/example_dags/example_python_operator.py
[2023-12-15T11:50:29.380+0000] {processor.py:829} INFO - Processing file /home/airflow/.local/lib/python3.8/site-packages/airflow/example_dags/example_python_operator.py for tasks to queue
[2023-12-15T11:50:29.384+0000] {logging_mixin.py:154} INFO - [2023-12-15T11:50:29.384+0000] {dagbag.py:536} INFO - Filling up the DagBag from /home/airflow/.local/lib/python3.8/site-packages/airflow/example_dags/example_python_operator.py
[2023-12-15T11:50:29.399+0000] {processor.py:839} INFO - DAG(s) dict_keys(['example_python_operator']) retrieved from /home/airflow/.local/lib/python3.8/site-packages/airflow/example_dags/example_python_operator.py
[2023-12-15T11:50:29.434+0000] {logging_mixin.py:154} INFO - [2023-12-15T11:50:29.434+0000] {dag.py:2941} INFO - Sync 1 DAGs
[2023-12-15T11:50:29.450+0000] {logging_mixin.py:154} INFO - [2023-12-15T11:50:29.450+0000] {dag.py:3722} INFO - Setting next_dagrun for example_python_operator to None, run_after=None
[2023-12-15T11:50:29.488+0000] {processor.py:179} INFO - Processing /home/airflow/.local/lib/python3.8/site-packages/airflow/example_dags/example_python_operator.py took 0.118 seconds
[2023-12-15T11:51:14.108+0000] {processor.py:157} INFO - Started process (PID=1458) to work on /home/airflow/.local/lib/python3.8/site-packages/airflow/example_dags/example_python_operator.py
[2023-12-15T11:51:14.113+0000] {processor.py:829} INFO - Processing file /home/airflow/.local/lib/python3.8/site-packages/airflow/example_dags/example_python_operator.py for tasks to queue
[2023-12-15T11:51:14.128+0000] {logging_mixin.py:154} INFO - [2023-12-15T11:51:14.127+0000] {dagbag.py:536} INFO - Filling up the DagBag from /home/airflow/.local/lib/python3.8/site-packages/airflow/example_dags/example_python_operator.py
[2023-12-15T11:51:14.183+0000] {processor.py:839} INFO - DAG(s) dict_keys(['example_python_operator']) retrieved from /home/airflow/.local/lib/python3.8/site-packages/airflow/example_dags/example_python_operator.py
[2023-12-15T11:51:14.862+0000] {logging_mixin.py:154} INFO - [2023-12-15T11:51:14.862+0000] {dag.py:2941} INFO - Sync 1 DAGs
[2023-12-15T11:51:14.921+0000] {logging_mixin.py:154} INFO - [2023-12-15T11:51:14.921+0000] {dag.py:3722} INFO - Setting next_dagrun for example_python_operator to None, run_after=None
[2023-12-15T11:51:14.970+0000] {processor.py:179} INFO - Processing /home/airflow/.local/lib/python3.8/site-packages/airflow/example_dags/example_python_operator.py took 0.898 seconds
[2023-12-15T11:51:46.277+0000] {processor.py:157} INFO - Started process (PID=1512) to work on /home/airflow/.local/lib/python3.8/site-packages/airflow/example_dags/example_python_operator.py
[2023-12-15T11:51:46.281+0000] {processor.py:829} INFO - Processing file /home/airflow/.local/lib/python3.8/site-packages/airflow/example_dags/example_python_operator.py for tasks to queue
[2023-12-15T11:51:46.398+0000] {logging_mixin.py:154} INFO - [2023-12-15T11:51:46.311+0000] {dagbag.py:536} INFO - Filling up the DagBag from /home/airflow/.local/lib/python3.8/site-packages/airflow/example_dags/example_python_operator.py
[2023-12-15T11:51:46.474+0000] {processor.py:839} INFO - DAG(s) dict_keys(['example_python_operator']) retrieved from /home/airflow/.local/lib/python3.8/site-packages/airflow/example_dags/example_python_operator.py
[2023-12-15T11:51:46.685+0000] {logging_mixin.py:154} INFO - [2023-12-15T11:51:46.682+0000] {dag.py:2941} INFO - Sync 1 DAGs
[2023-12-15T11:51:46.796+0000] {logging_mixin.py:154} INFO - [2023-12-15T11:51:46.796+0000] {dag.py:3722} INFO - Setting next_dagrun for example_python_operator to None, run_after=None
[2023-12-15T11:51:47.981+0000] {processor.py:179} INFO - Processing /home/airflow/.local/lib/python3.8/site-packages/airflow/example_dags/example_python_operator.py took 1.716 seconds
[2023-12-15T11:52:25.420+0000] {processor.py:157} INFO - Started process (PID=1567) to work on /home/airflow/.local/lib/python3.8/site-packages/airflow/example_dags/example_python_operator.py
[2023-12-15T11:52:25.422+0000] {processor.py:829} INFO - Processing file /home/airflow/.local/lib/python3.8/site-packages/airflow/example_dags/example_python_operator.py for tasks to queue
[2023-12-15T11:52:25.425+0000] {logging_mixin.py:154} INFO - [2023-12-15T11:52:25.425+0000] {dagbag.py:536} INFO - Filling up the DagBag from /home/airflow/.local/lib/python3.8/site-packages/airflow/example_dags/example_python_operator.py
[2023-12-15T11:52:25.437+0000] {processor.py:839} INFO - DAG(s) dict_keys(['example_python_operator']) retrieved from /home/airflow/.local/lib/python3.8/site-packages/airflow/example_dags/example_python_operator.py
[2023-12-15T11:52:25.465+0000] {logging_mixin.py:154} INFO - [2023-12-15T11:52:25.465+0000] {dag.py:2941} INFO - Sync 1 DAGs
[2023-12-15T11:52:25.472+0000] {logging_mixin.py:154} INFO - [2023-12-15T11:52:25.472+0000] {dag.py:3722} INFO - Setting next_dagrun for example_python_operator to None, run_after=None
[2023-12-15T11:52:25.482+0000] {processor.py:179} INFO - Processing /home/airflow/.local/lib/python3.8/site-packages/airflow/example_dags/example_python_operator.py took 0.066 seconds
[2023-12-15T11:52:59.954+0000] {processor.py:157} INFO - Started process (PID=1624) to work on /home/airflow/.local/lib/python3.8/site-packages/airflow/example_dags/example_python_operator.py
[2023-12-15T11:52:59.965+0000] {processor.py:829} INFO - Processing file /home/airflow/.local/lib/python3.8/site-packages/airflow/example_dags/example_python_operator.py for tasks to queue
[2023-12-15T11:52:59.972+0000] {logging_mixin.py:154} INFO - [2023-12-15T11:52:59.971+0000] {dagbag.py:536} INFO - Filling up the DagBag from /home/airflow/.local/lib/python3.8/site-packages/airflow/example_dags/example_python_operator.py
[2023-12-15T11:52:59.994+0000] {processor.py:839} INFO - DAG(s) dict_keys(['example_python_operator']) retrieved from /home/airflow/.local/lib/python3.8/site-packages/airflow/example_dags/example_python_operator.py
[2023-12-15T11:53:00.073+0000] {logging_mixin.py:154} INFO - [2023-12-15T11:53:00.073+0000] {dag.py:2941} INFO - Sync 1 DAGs
[2023-12-15T11:53:00.116+0000] {logging_mixin.py:154} INFO - [2023-12-15T11:53:00.116+0000] {dag.py:3722} INFO - Setting next_dagrun for example_python_operator to None, run_after=None
[2023-12-15T11:53:00.170+0000] {processor.py:179} INFO - Processing /home/airflow/.local/lib/python3.8/site-packages/airflow/example_dags/example_python_operator.py took 0.236 seconds
[2023-12-15T11:53:30.243+0000] {processor.py:157} INFO - Started process (PID=1676) to work on /home/airflow/.local/lib/python3.8/site-packages/airflow/example_dags/example_python_operator.py
[2023-12-15T11:53:30.245+0000] {processor.py:829} INFO - Processing file /home/airflow/.local/lib/python3.8/site-packages/airflow/example_dags/example_python_operator.py for tasks to queue
[2023-12-15T11:53:30.249+0000] {logging_mixin.py:154} INFO - [2023-12-15T11:53:30.248+0000] {dagbag.py:536} INFO - Filling up the DagBag from /home/airflow/.local/lib/python3.8/site-packages/airflow/example_dags/example_python_operator.py
[2023-12-15T11:53:30.262+0000] {processor.py:839} INFO - DAG(s) dict_keys(['example_python_operator']) retrieved from /home/airflow/.local/lib/python3.8/site-packages/airflow/example_dags/example_python_operator.py
[2023-12-15T11:53:30.285+0000] {logging_mixin.py:154} INFO - [2023-12-15T11:53:30.285+0000] {dag.py:2941} INFO - Sync 1 DAGs
[2023-12-15T11:53:30.305+0000] {logging_mixin.py:154} INFO - [2023-12-15T11:53:30.305+0000] {dag.py:3722} INFO - Setting next_dagrun for example_python_operator to None, run_after=None
[2023-12-15T11:53:30.361+0000] {processor.py:179} INFO - Processing /home/airflow/.local/lib/python3.8/site-packages/airflow/example_dags/example_python_operator.py took 0.122 seconds
[2023-12-15T11:54:01.461+0000] {processor.py:157} INFO - Started process (PID=1731) to work on /home/airflow/.local/lib/python3.8/site-packages/airflow/example_dags/example_python_operator.py
[2023-12-15T11:54:01.462+0000] {processor.py:829} INFO - Processing file /home/airflow/.local/lib/python3.8/site-packages/airflow/example_dags/example_python_operator.py for tasks to queue
[2023-12-15T11:54:01.465+0000] {logging_mixin.py:154} INFO - [2023-12-15T11:54:01.465+0000] {dagbag.py:536} INFO - Filling up the DagBag from /home/airflow/.local/lib/python3.8/site-packages/airflow/example_dags/example_python_operator.py
[2023-12-15T11:54:01.474+0000] {processor.py:839} INFO - DAG(s) dict_keys(['example_python_operator']) retrieved from /home/airflow/.local/lib/python3.8/site-packages/airflow/example_dags/example_python_operator.py
[2023-12-15T11:54:01.522+0000] {logging_mixin.py:154} INFO - [2023-12-15T11:54:01.522+0000] {dag.py:2941} INFO - Sync 1 DAGs
[2023-12-15T11:54:01.541+0000] {logging_mixin.py:154} INFO - [2023-12-15T11:54:01.540+0000] {dag.py:3722} INFO - Setting next_dagrun for example_python_operator to None, run_after=None
[2023-12-15T11:54:01.571+0000] {processor.py:179} INFO - Processing /home/airflow/.local/lib/python3.8/site-packages/airflow/example_dags/example_python_operator.py took 0.113 seconds
[2023-12-15T11:54:31.836+0000] {processor.py:157} INFO - Started process (PID=1785) to work on /home/airflow/.local/lib/python3.8/site-packages/airflow/example_dags/example_python_operator.py
[2023-12-15T11:54:31.837+0000] {processor.py:829} INFO - Processing file /home/airflow/.local/lib/python3.8/site-packages/airflow/example_dags/example_python_operator.py for tasks to queue
[2023-12-15T11:54:31.838+0000] {logging_mixin.py:154} INFO - [2023-12-15T11:54:31.838+0000] {dagbag.py:536} INFO - Filling up the DagBag from /home/airflow/.local/lib/python3.8/site-packages/airflow/example_dags/example_python_operator.py
[2023-12-15T11:54:31.845+0000] {processor.py:839} INFO - DAG(s) dict_keys(['example_python_operator']) retrieved from /home/airflow/.local/lib/python3.8/site-packages/airflow/example_dags/example_python_operator.py
[2023-12-15T11:54:31.869+0000] {logging_mixin.py:154} INFO - [2023-12-15T11:54:31.869+0000] {dag.py:2941} INFO - Sync 1 DAGs
[2023-12-15T11:54:31.880+0000] {logging_mixin.py:154} INFO - [2023-12-15T11:54:31.880+0000] {dag.py:3722} INFO - Setting next_dagrun for example_python_operator to None, run_after=None
[2023-12-15T11:54:31.903+0000] {processor.py:179} INFO - Processing /home/airflow/.local/lib/python3.8/site-packages/airflow/example_dags/example_python_operator.py took 0.069 seconds
[2023-12-15T11:55:02.176+0000] {processor.py:157} INFO - Started process (PID=1838) to work on /home/airflow/.local/lib/python3.8/site-packages/airflow/example_dags/example_python_operator.py
[2023-12-15T11:55:02.178+0000] {processor.py:829} INFO - Processing file /home/airflow/.local/lib/python3.8/site-packages/airflow/example_dags/example_python_operator.py for tasks to queue
[2023-12-15T11:55:02.182+0000] {logging_mixin.py:154} INFO - [2023-12-15T11:55:02.181+0000] {dagbag.py:536} INFO - Filling up the DagBag from /home/airflow/.local/lib/python3.8/site-packages/airflow/example_dags/example_python_operator.py
[2023-12-15T11:55:02.209+0000] {processor.py:839} INFO - DAG(s) dict_keys(['example_python_operator']) retrieved from /home/airflow/.local/lib/python3.8/site-packages/airflow/example_dags/example_python_operator.py
[2023-12-15T11:55:02.248+0000] {logging_mixin.py:154} INFO - [2023-12-15T11:55:02.247+0000] {dag.py:2941} INFO - Sync 1 DAGs
[2023-12-15T11:55:02.290+0000] {logging_mixin.py:154} INFO - [2023-12-15T11:55:02.290+0000] {dag.py:3722} INFO - Setting next_dagrun for example_python_operator to None, run_after=None
[2023-12-15T11:55:02.377+0000] {processor.py:179} INFO - Processing /home/airflow/.local/lib/python3.8/site-packages/airflow/example_dags/example_python_operator.py took 0.206 seconds
[2023-12-15T11:55:33.330+0000] {processor.py:157} INFO - Started process (PID=1892) to work on /home/airflow/.local/lib/python3.8/site-packages/airflow/example_dags/example_python_operator.py
[2023-12-15T11:55:33.336+0000] {processor.py:829} INFO - Processing file /home/airflow/.local/lib/python3.8/site-packages/airflow/example_dags/example_python_operator.py for tasks to queue
[2023-12-15T11:55:33.339+0000] {logging_mixin.py:154} INFO - [2023-12-15T11:55:33.339+0000] {dagbag.py:536} INFO - Filling up the DagBag from /home/airflow/.local/lib/python3.8/site-packages/airflow/example_dags/example_python_operator.py
[2023-12-15T11:55:33.357+0000] {processor.py:839} INFO - DAG(s) dict_keys(['example_python_operator']) retrieved from /home/airflow/.local/lib/python3.8/site-packages/airflow/example_dags/example_python_operator.py
[2023-12-15T11:55:33.412+0000] {logging_mixin.py:154} INFO - [2023-12-15T11:55:33.411+0000] {dag.py:2941} INFO - Sync 1 DAGs
[2023-12-15T11:55:33.481+0000] {logging_mixin.py:154} INFO - [2023-12-15T11:55:33.481+0000] {dag.py:3722} INFO - Setting next_dagrun for example_python_operator to None, run_after=None
[2023-12-15T11:55:33.678+0000] {processor.py:179} INFO - Processing /home/airflow/.local/lib/python3.8/site-packages/airflow/example_dags/example_python_operator.py took 0.356 seconds
[2023-12-15T11:56:04.897+0000] {processor.py:157} INFO - Started process (PID=1947) to work on /home/airflow/.local/lib/python3.8/site-packages/airflow/example_dags/example_python_operator.py
[2023-12-15T11:56:04.899+0000] {processor.py:829} INFO - Processing file /home/airflow/.local/lib/python3.8/site-packages/airflow/example_dags/example_python_operator.py for tasks to queue
[2023-12-15T11:56:04.910+0000] {logging_mixin.py:154} INFO - [2023-12-15T11:56:04.907+0000] {dagbag.py:536} INFO - Filling up the DagBag from /home/airflow/.local/lib/python3.8/site-packages/airflow/example_dags/example_python_operator.py
[2023-12-15T11:56:04.932+0000] {processor.py:839} INFO - DAG(s) dict_keys(['example_python_operator']) retrieved from /home/airflow/.local/lib/python3.8/site-packages/airflow/example_dags/example_python_operator.py
[2023-12-15T11:56:05.002+0000] {logging_mixin.py:154} INFO - [2023-12-15T11:56:05.002+0000] {dag.py:2941} INFO - Sync 1 DAGs
[2023-12-15T11:56:05.042+0000] {logging_mixin.py:154} INFO - [2023-12-15T11:56:05.042+0000] {dag.py:3722} INFO - Setting next_dagrun for example_python_operator to None, run_after=None
[2023-12-15T11:56:05.104+0000] {processor.py:179} INFO - Processing /home/airflow/.local/lib/python3.8/site-packages/airflow/example_dags/example_python_operator.py took 0.220 seconds
[2023-12-15T11:56:35.461+0000] {processor.py:157} INFO - Started process (PID=2002) to work on /home/airflow/.local/lib/python3.8/site-packages/airflow/example_dags/example_python_operator.py
[2023-12-15T11:56:35.466+0000] {processor.py:829} INFO - Processing file /home/airflow/.local/lib/python3.8/site-packages/airflow/example_dags/example_python_operator.py for tasks to queue
[2023-12-15T11:56:35.483+0000] {logging_mixin.py:154} INFO - [2023-12-15T11:56:35.480+0000] {dagbag.py:536} INFO - Filling up the DagBag from /home/airflow/.local/lib/python3.8/site-packages/airflow/example_dags/example_python_operator.py
[2023-12-15T11:56:35.517+0000] {processor.py:839} INFO - DAG(s) dict_keys(['example_python_operator']) retrieved from /home/airflow/.local/lib/python3.8/site-packages/airflow/example_dags/example_python_operator.py
[2023-12-15T11:56:35.598+0000] {logging_mixin.py:154} INFO - [2023-12-15T11:56:35.598+0000] {dag.py:2941} INFO - Sync 1 DAGs
[2023-12-15T11:56:35.622+0000] {logging_mixin.py:154} INFO - [2023-12-15T11:56:35.622+0000] {dag.py:3722} INFO - Setting next_dagrun for example_python_operator to None, run_after=None
[2023-12-15T11:56:35.670+0000] {processor.py:179} INFO - Processing /home/airflow/.local/lib/python3.8/site-packages/airflow/example_dags/example_python_operator.py took 0.225 seconds
[2023-12-15T11:57:06.000+0000] {processor.py:157} INFO - Started process (PID=2056) to work on /home/airflow/.local/lib/python3.8/site-packages/airflow/example_dags/example_python_operator.py
[2023-12-15T11:57:06.004+0000] {processor.py:829} INFO - Processing file /home/airflow/.local/lib/python3.8/site-packages/airflow/example_dags/example_python_operator.py for tasks to queue
[2023-12-15T11:57:06.015+0000] {logging_mixin.py:154} INFO - [2023-12-15T11:57:06.013+0000] {dagbag.py:536} INFO - Filling up the DagBag from /home/airflow/.local/lib/python3.8/site-packages/airflow/example_dags/example_python_operator.py
[2023-12-15T11:57:06.058+0000] {processor.py:839} INFO - DAG(s) dict_keys(['example_python_operator']) retrieved from /home/airflow/.local/lib/python3.8/site-packages/airflow/example_dags/example_python_operator.py
[2023-12-15T11:57:06.135+0000] {logging_mixin.py:154} INFO - [2023-12-15T11:57:06.135+0000] {dag.py:2941} INFO - Sync 1 DAGs
[2023-12-15T11:57:06.160+0000] {logging_mixin.py:154} INFO - [2023-12-15T11:57:06.160+0000] {dag.py:3722} INFO - Setting next_dagrun for example_python_operator to None, run_after=None
[2023-12-15T11:57:06.197+0000] {processor.py:179} INFO - Processing /home/airflow/.local/lib/python3.8/site-packages/airflow/example_dags/example_python_operator.py took 0.228 seconds
[2023-12-15T11:57:36.634+0000] {processor.py:157} INFO - Started process (PID=2111) to work on /home/airflow/.local/lib/python3.8/site-packages/airflow/example_dags/example_python_operator.py
[2023-12-15T11:57:36.637+0000] {processor.py:829} INFO - Processing file /home/airflow/.local/lib/python3.8/site-packages/airflow/example_dags/example_python_operator.py for tasks to queue
[2023-12-15T11:57:36.643+0000] {logging_mixin.py:154} INFO - [2023-12-15T11:57:36.642+0000] {dagbag.py:536} INFO - Filling up the DagBag from /home/airflow/.local/lib/python3.8/site-packages/airflow/example_dags/example_python_operator.py
[2023-12-15T11:57:36.666+0000] {processor.py:839} INFO - DAG(s) dict_keys(['example_python_operator']) retrieved from /home/airflow/.local/lib/python3.8/site-packages/airflow/example_dags/example_python_operator.py
[2023-12-15T11:57:36.714+0000] {logging_mixin.py:154} INFO - [2023-12-15T11:57:36.713+0000] {dag.py:2941} INFO - Sync 1 DAGs
[2023-12-15T11:57:36.729+0000] {logging_mixin.py:154} INFO - [2023-12-15T11:57:36.729+0000] {dag.py:3722} INFO - Setting next_dagrun for example_python_operator to None, run_after=None
[2023-12-15T11:57:36.750+0000] {processor.py:179} INFO - Processing /home/airflow/.local/lib/python3.8/site-packages/airflow/example_dags/example_python_operator.py took 0.132 seconds
[2023-12-15T11:58:07.479+0000] {processor.py:157} INFO - Started process (PID=2165) to work on /home/airflow/.local/lib/python3.8/site-packages/airflow/example_dags/example_python_operator.py
[2023-12-15T11:58:07.481+0000] {processor.py:829} INFO - Processing file /home/airflow/.local/lib/python3.8/site-packages/airflow/example_dags/example_python_operator.py for tasks to queue
[2023-12-15T11:58:07.484+0000] {logging_mixin.py:154} INFO - [2023-12-15T11:58:07.483+0000] {dagbag.py:536} INFO - Filling up the DagBag from /home/airflow/.local/lib/python3.8/site-packages/airflow/example_dags/example_python_operator.py
[2023-12-15T11:58:07.495+0000] {processor.py:839} INFO - DAG(s) dict_keys(['example_python_operator']) retrieved from /home/airflow/.local/lib/python3.8/site-packages/airflow/example_dags/example_python_operator.py
[2023-12-15T11:58:07.512+0000] {logging_mixin.py:154} INFO - [2023-12-15T11:58:07.512+0000] {dag.py:2941} INFO - Sync 1 DAGs
[2023-12-15T11:58:07.522+0000] {logging_mixin.py:154} INFO - [2023-12-15T11:58:07.522+0000] {dag.py:3722} INFO - Setting next_dagrun for example_python_operator to None, run_after=None
[2023-12-15T11:58:07.537+0000] {processor.py:179} INFO - Processing /home/airflow/.local/lib/python3.8/site-packages/airflow/example_dags/example_python_operator.py took 0.063 seconds
[2023-12-15T11:58:37.788+0000] {processor.py:157} INFO - Started process (PID=2219) to work on /home/airflow/.local/lib/python3.8/site-packages/airflow/example_dags/example_python_operator.py
[2023-12-15T11:58:37.788+0000] {processor.py:829} INFO - Processing file /home/airflow/.local/lib/python3.8/site-packages/airflow/example_dags/example_python_operator.py for tasks to queue
[2023-12-15T11:58:37.791+0000] {logging_mixin.py:154} INFO - [2023-12-15T11:58:37.790+0000] {dagbag.py:536} INFO - Filling up the DagBag from /home/airflow/.local/lib/python3.8/site-packages/airflow/example_dags/example_python_operator.py
[2023-12-15T11:58:37.798+0000] {processor.py:839} INFO - DAG(s) dict_keys(['example_python_operator']) retrieved from /home/airflow/.local/lib/python3.8/site-packages/airflow/example_dags/example_python_operator.py
[2023-12-15T11:58:37.813+0000] {logging_mixin.py:154} INFO - [2023-12-15T11:58:37.812+0000] {dag.py:2941} INFO - Sync 1 DAGs
[2023-12-15T11:58:37.819+0000] {logging_mixin.py:154} INFO - [2023-12-15T11:58:37.819+0000] {dag.py:3722} INFO - Setting next_dagrun for example_python_operator to None, run_after=None
[2023-12-15T11:58:37.830+0000] {processor.py:179} INFO - Processing /home/airflow/.local/lib/python3.8/site-packages/airflow/example_dags/example_python_operator.py took 0.044 seconds
[2023-12-15T11:59:08.466+0000] {processor.py:157} INFO - Started process (PID=2272) to work on /home/airflow/.local/lib/python3.8/site-packages/airflow/example_dags/example_python_operator.py
[2023-12-15T11:59:08.470+0000] {processor.py:829} INFO - Processing file /home/airflow/.local/lib/python3.8/site-packages/airflow/example_dags/example_python_operator.py for tasks to queue
[2023-12-15T11:59:08.479+0000] {logging_mixin.py:154} INFO - [2023-12-15T11:59:08.477+0000] {dagbag.py:536} INFO - Filling up the DagBag from /home/airflow/.local/lib/python3.8/site-packages/airflow/example_dags/example_python_operator.py
[2023-12-15T11:59:08.498+0000] {processor.py:839} INFO - DAG(s) dict_keys(['example_python_operator']) retrieved from /home/airflow/.local/lib/python3.8/site-packages/airflow/example_dags/example_python_operator.py
[2023-12-15T11:59:08.611+0000] {logging_mixin.py:154} INFO - [2023-12-15T11:59:08.610+0000] {dag.py:2941} INFO - Sync 1 DAGs
[2023-12-15T11:59:08.673+0000] {logging_mixin.py:154} INFO - [2023-12-15T11:59:08.672+0000] {dag.py:3722} INFO - Setting next_dagrun for example_python_operator to None, run_after=None
[2023-12-15T11:59:08.814+0000] {processor.py:179} INFO - Processing /home/airflow/.local/lib/python3.8/site-packages/airflow/example_dags/example_python_operator.py took 0.353 seconds
[2023-12-15T11:59:40.270+0000] {processor.py:157} INFO - Started process (PID=2328) to work on /home/airflow/.local/lib/python3.8/site-packages/airflow/example_dags/example_python_operator.py
[2023-12-15T11:59:40.271+0000] {processor.py:829} INFO - Processing file /home/airflow/.local/lib/python3.8/site-packages/airflow/example_dags/example_python_operator.py for tasks to queue
[2023-12-15T11:59:40.274+0000] {logging_mixin.py:154} INFO - [2023-12-15T11:59:40.274+0000] {dagbag.py:536} INFO - Filling up the DagBag from /home/airflow/.local/lib/python3.8/site-packages/airflow/example_dags/example_python_operator.py
[2023-12-15T11:59:40.296+0000] {processor.py:839} INFO - DAG(s) dict_keys(['example_python_operator']) retrieved from /home/airflow/.local/lib/python3.8/site-packages/airflow/example_dags/example_python_operator.py
[2023-12-15T11:59:40.350+0000] {logging_mixin.py:154} INFO - [2023-12-15T11:59:40.349+0000] {dag.py:2941} INFO - Sync 1 DAGs
[2023-12-15T11:59:40.371+0000] {logging_mixin.py:154} INFO - [2023-12-15T11:59:40.370+0000] {dag.py:3722} INFO - Setting next_dagrun for example_python_operator to None, run_after=None
[2023-12-15T11:59:40.413+0000] {processor.py:179} INFO - Processing /home/airflow/.local/lib/python3.8/site-packages/airflow/example_dags/example_python_operator.py took 0.148 seconds
[2023-12-15T12:00:12.941+0000] {processor.py:157} INFO - Started process (PID=2390) to work on /home/airflow/.local/lib/python3.8/site-packages/airflow/example_dags/example_python_operator.py
[2023-12-15T12:00:12.944+0000] {processor.py:829} INFO - Processing file /home/airflow/.local/lib/python3.8/site-packages/airflow/example_dags/example_python_operator.py for tasks to queue
[2023-12-15T12:00:12.953+0000] {logging_mixin.py:154} INFO - [2023-12-15T12:00:12.952+0000] {dagbag.py:536} INFO - Filling up the DagBag from /home/airflow/.local/lib/python3.8/site-packages/airflow/example_dags/example_python_operator.py
[2023-12-15T12:00:13.096+0000] {processor.py:839} INFO - DAG(s) dict_keys(['example_python_operator']) retrieved from /home/airflow/.local/lib/python3.8/site-packages/airflow/example_dags/example_python_operator.py
[2023-12-15T12:00:13.217+0000] {logging_mixin.py:154} INFO - [2023-12-15T12:00:13.216+0000] {dag.py:2941} INFO - Sync 1 DAGs
[2023-12-15T12:00:13.277+0000] {logging_mixin.py:154} INFO - [2023-12-15T12:00:13.277+0000] {dag.py:3722} INFO - Setting next_dagrun for example_python_operator to None, run_after=None
[2023-12-15T12:00:13.346+0000] {processor.py:179} INFO - Processing /home/airflow/.local/lib/python3.8/site-packages/airflow/example_dags/example_python_operator.py took 0.409 seconds
[2023-12-15T12:00:45.033+0000] {processor.py:157} INFO - Started process (PID=2446) to work on /home/airflow/.local/lib/python3.8/site-packages/airflow/example_dags/example_python_operator.py
[2023-12-15T12:00:45.039+0000] {processor.py:829} INFO - Processing file /home/airflow/.local/lib/python3.8/site-packages/airflow/example_dags/example_python_operator.py for tasks to queue
[2023-12-15T12:00:45.047+0000] {logging_mixin.py:154} INFO - [2023-12-15T12:00:45.045+0000] {dagbag.py:536} INFO - Filling up the DagBag from /home/airflow/.local/lib/python3.8/site-packages/airflow/example_dags/example_python_operator.py
[2023-12-15T12:00:45.074+0000] {processor.py:839} INFO - DAG(s) dict_keys(['example_python_operator']) retrieved from /home/airflow/.local/lib/python3.8/site-packages/airflow/example_dags/example_python_operator.py
[2023-12-15T12:00:45.129+0000] {logging_mixin.py:154} INFO - [2023-12-15T12:00:45.129+0000] {dag.py:2941} INFO - Sync 1 DAGs
[2023-12-15T12:00:45.149+0000] {logging_mixin.py:154} INFO - [2023-12-15T12:00:45.149+0000] {dag.py:3722} INFO - Setting next_dagrun for example_python_operator to None, run_after=None
[2023-12-15T12:00:45.189+0000] {processor.py:179} INFO - Processing /home/airflow/.local/lib/python3.8/site-packages/airflow/example_dags/example_python_operator.py took 0.167 seconds
[2023-12-15T12:01:15.842+0000] {processor.py:157} INFO - Started process (PID=2499) to work on /home/airflow/.local/lib/python3.8/site-packages/airflow/example_dags/example_python_operator.py
[2023-12-15T12:01:15.845+0000] {processor.py:829} INFO - Processing file /home/airflow/.local/lib/python3.8/site-packages/airflow/example_dags/example_python_operator.py for tasks to queue
[2023-12-15T12:01:15.847+0000] {logging_mixin.py:154} INFO - [2023-12-15T12:01:15.847+0000] {dagbag.py:536} INFO - Filling up the DagBag from /home/airflow/.local/lib/python3.8/site-packages/airflow/example_dags/example_python_operator.py
[2023-12-15T12:01:15.855+0000] {processor.py:839} INFO - DAG(s) dict_keys(['example_python_operator']) retrieved from /home/airflow/.local/lib/python3.8/site-packages/airflow/example_dags/example_python_operator.py
[2023-12-15T12:01:15.896+0000] {logging_mixin.py:154} INFO - [2023-12-15T12:01:15.896+0000] {dag.py:2941} INFO - Sync 1 DAGs
[2023-12-15T12:01:15.909+0000] {logging_mixin.py:154} INFO - [2023-12-15T12:01:15.908+0000] {dag.py:3722} INFO - Setting next_dagrun for example_python_operator to None, run_after=None
[2023-12-15T12:01:15.928+0000] {processor.py:179} INFO - Processing /home/airflow/.local/lib/python3.8/site-packages/airflow/example_dags/example_python_operator.py took 0.090 seconds
[2023-12-15T12:01:47.162+0000] {processor.py:157} INFO - Started process (PID=2552) to work on /home/airflow/.local/lib/python3.8/site-packages/airflow/example_dags/example_python_operator.py
[2023-12-15T12:01:47.170+0000] {processor.py:829} INFO - Processing file /home/airflow/.local/lib/python3.8/site-packages/airflow/example_dags/example_python_operator.py for tasks to queue
[2023-12-15T12:01:47.175+0000] {logging_mixin.py:154} INFO - [2023-12-15T12:01:47.174+0000] {dagbag.py:536} INFO - Filling up the DagBag from /home/airflow/.local/lib/python3.8/site-packages/airflow/example_dags/example_python_operator.py
[2023-12-15T12:01:47.197+0000] {processor.py:839} INFO - DAG(s) dict_keys(['example_python_operator']) retrieved from /home/airflow/.local/lib/python3.8/site-packages/airflow/example_dags/example_python_operator.py
[2023-12-15T12:01:47.266+0000] {logging_mixin.py:154} INFO - [2023-12-15T12:01:47.266+0000] {dag.py:2941} INFO - Sync 1 DAGs
[2023-12-15T12:01:47.318+0000] {logging_mixin.py:154} INFO - [2023-12-15T12:01:47.317+0000] {dag.py:3722} INFO - Setting next_dagrun for example_python_operator to None, run_after=None
[2023-12-15T12:01:47.387+0000] {processor.py:179} INFO - Processing /home/airflow/.local/lib/python3.8/site-packages/airflow/example_dags/example_python_operator.py took 0.236 seconds
[2023-12-15T12:02:18.021+0000] {processor.py:157} INFO - Started process (PID=2606) to work on /home/airflow/.local/lib/python3.8/site-packages/airflow/example_dags/example_python_operator.py
[2023-12-15T12:02:18.026+0000] {processor.py:829} INFO - Processing file /home/airflow/.local/lib/python3.8/site-packages/airflow/example_dags/example_python_operator.py for tasks to queue
[2023-12-15T12:02:18.028+0000] {logging_mixin.py:154} INFO - [2023-12-15T12:02:18.028+0000] {dagbag.py:536} INFO - Filling up the DagBag from /home/airflow/.local/lib/python3.8/site-packages/airflow/example_dags/example_python_operator.py
[2023-12-15T12:02:18.046+0000] {processor.py:839} INFO - DAG(s) dict_keys(['example_python_operator']) retrieved from /home/airflow/.local/lib/python3.8/site-packages/airflow/example_dags/example_python_operator.py
[2023-12-15T12:02:18.107+0000] {logging_mixin.py:154} INFO - [2023-12-15T12:02:18.107+0000] {dag.py:2941} INFO - Sync 1 DAGs
[2023-12-15T12:02:18.116+0000] {logging_mixin.py:154} INFO - [2023-12-15T12:02:18.116+0000] {dag.py:3722} INFO - Setting next_dagrun for example_python_operator to None, run_after=None
[2023-12-15T12:02:18.148+0000] {processor.py:179} INFO - Processing /home/airflow/.local/lib/python3.8/site-packages/airflow/example_dags/example_python_operator.py took 0.135 seconds
[2023-12-15T12:02:48.610+0000] {processor.py:157} INFO - Started process (PID=2660) to work on /home/airflow/.local/lib/python3.8/site-packages/airflow/example_dags/example_python_operator.py
[2023-12-15T12:02:48.612+0000] {processor.py:829} INFO - Processing file /home/airflow/.local/lib/python3.8/site-packages/airflow/example_dags/example_python_operator.py for tasks to queue
[2023-12-15T12:02:48.614+0000] {logging_mixin.py:154} INFO - [2023-12-15T12:02:48.614+0000] {dagbag.py:536} INFO - Filling up the DagBag from /home/airflow/.local/lib/python3.8/site-packages/airflow/example_dags/example_python_operator.py
[2023-12-15T12:02:48.632+0000] {processor.py:839} INFO - DAG(s) dict_keys(['example_python_operator']) retrieved from /home/airflow/.local/lib/python3.8/site-packages/airflow/example_dags/example_python_operator.py
[2023-12-15T12:02:48.677+0000] {logging_mixin.py:154} INFO - [2023-12-15T12:02:48.676+0000] {dag.py:2941} INFO - Sync 1 DAGs
[2023-12-15T12:02:48.702+0000] {logging_mixin.py:154} INFO - [2023-12-15T12:02:48.702+0000] {dag.py:3722} INFO - Setting next_dagrun for example_python_operator to None, run_after=None
[2023-12-15T12:02:48.771+0000] {processor.py:179} INFO - Processing /home/airflow/.local/lib/python3.8/site-packages/airflow/example_dags/example_python_operator.py took 0.165 seconds
[2023-12-15T12:03:20.084+0000] {processor.py:157} INFO - Started process (PID=2714) to work on /home/airflow/.local/lib/python3.8/site-packages/airflow/example_dags/example_python_operator.py
[2023-12-15T12:03:20.087+0000] {processor.py:829} INFO - Processing file /home/airflow/.local/lib/python3.8/site-packages/airflow/example_dags/example_python_operator.py for tasks to queue
[2023-12-15T12:03:20.091+0000] {logging_mixin.py:154} INFO - [2023-12-15T12:03:20.090+0000] {dagbag.py:536} INFO - Filling up the DagBag from /home/airflow/.local/lib/python3.8/site-packages/airflow/example_dags/example_python_operator.py
[2023-12-15T12:03:20.116+0000] {processor.py:839} INFO - DAG(s) dict_keys(['example_python_operator']) retrieved from /home/airflow/.local/lib/python3.8/site-packages/airflow/example_dags/example_python_operator.py
[2023-12-15T12:03:20.212+0000] {logging_mixin.py:154} INFO - [2023-12-15T12:03:20.212+0000] {dag.py:2941} INFO - Sync 1 DAGs
[2023-12-15T12:03:20.235+0000] {logging_mixin.py:154} INFO - [2023-12-15T12:03:20.235+0000] {dag.py:3722} INFO - Setting next_dagrun for example_python_operator to None, run_after=None
[2023-12-15T12:03:20.265+0000] {processor.py:179} INFO - Processing /home/airflow/.local/lib/python3.8/site-packages/airflow/example_dags/example_python_operator.py took 0.189 seconds
[2023-12-15T12:03:50.441+0000] {processor.py:157} INFO - Started process (PID=2768) to work on /home/airflow/.local/lib/python3.8/site-packages/airflow/example_dags/example_python_operator.py
[2023-12-15T12:03:50.443+0000] {processor.py:829} INFO - Processing file /home/airflow/.local/lib/python3.8/site-packages/airflow/example_dags/example_python_operator.py for tasks to queue
[2023-12-15T12:03:50.446+0000] {logging_mixin.py:154} INFO - [2023-12-15T12:03:50.446+0000] {dagbag.py:536} INFO - Filling up the DagBag from /home/airflow/.local/lib/python3.8/site-packages/airflow/example_dags/example_python_operator.py
[2023-12-15T12:03:50.461+0000] {processor.py:839} INFO - DAG(s) dict_keys(['example_python_operator']) retrieved from /home/airflow/.local/lib/python3.8/site-packages/airflow/example_dags/example_python_operator.py
[2023-12-15T12:03:50.492+0000] {logging_mixin.py:154} INFO - [2023-12-15T12:03:50.492+0000] {dag.py:2941} INFO - Sync 1 DAGs
[2023-12-15T12:03:50.519+0000] {logging_mixin.py:154} INFO - [2023-12-15T12:03:50.519+0000] {dag.py:3722} INFO - Setting next_dagrun for example_python_operator to None, run_after=None
[2023-12-15T12:03:50.535+0000] {processor.py:179} INFO - Processing /home/airflow/.local/lib/python3.8/site-packages/airflow/example_dags/example_python_operator.py took 0.100 seconds
[2023-12-15T12:04:23.843+0000] {processor.py:157} INFO - Started process (PID=2822) to work on /home/airflow/.local/lib/python3.8/site-packages/airflow/example_dags/example_python_operator.py
[2023-12-15T12:04:23.859+0000] {processor.py:829} INFO - Processing file /home/airflow/.local/lib/python3.8/site-packages/airflow/example_dags/example_python_operator.py for tasks to queue
[2023-12-15T12:04:23.872+0000] {logging_mixin.py:154} INFO - [2023-12-15T12:04:23.869+0000] {dagbag.py:536} INFO - Filling up the DagBag from /home/airflow/.local/lib/python3.8/site-packages/airflow/example_dags/example_python_operator.py
[2023-12-15T12:04:23.907+0000] {processor.py:839} INFO - DAG(s) dict_keys(['example_python_operator']) retrieved from /home/airflow/.local/lib/python3.8/site-packages/airflow/example_dags/example_python_operator.py
[2023-12-15T12:04:23.959+0000] {logging_mixin.py:154} INFO - [2023-12-15T12:04:23.959+0000] {dag.py:2941} INFO - Sync 1 DAGs
[2023-12-15T12:04:23.991+0000] {logging_mixin.py:154} INFO - [2023-12-15T12:04:23.991+0000] {dag.py:3722} INFO - Setting next_dagrun for example_python_operator to None, run_after=None
[2023-12-15T12:04:24.060+0000] {processor.py:179} INFO - Processing /home/airflow/.local/lib/python3.8/site-packages/airflow/example_dags/example_python_operator.py took 0.239 seconds
[2023-12-15T12:04:54.963+0000] {processor.py:157} INFO - Started process (PID=2876) to work on /home/airflow/.local/lib/python3.8/site-packages/airflow/example_dags/example_python_operator.py
[2023-12-15T12:04:54.971+0000] {processor.py:829} INFO - Processing file /home/airflow/.local/lib/python3.8/site-packages/airflow/example_dags/example_python_operator.py for tasks to queue
[2023-12-15T12:04:55.010+0000] {logging_mixin.py:154} INFO - [2023-12-15T12:04:55.009+0000] {dagbag.py:536} INFO - Filling up the DagBag from /home/airflow/.local/lib/python3.8/site-packages/airflow/example_dags/example_python_operator.py
[2023-12-15T12:04:55.065+0000] {processor.py:839} INFO - DAG(s) dict_keys(['example_python_operator']) retrieved from /home/airflow/.local/lib/python3.8/site-packages/airflow/example_dags/example_python_operator.py
[2023-12-15T12:04:55.262+0000] {logging_mixin.py:154} INFO - [2023-12-15T12:04:55.262+0000] {dag.py:2941} INFO - Sync 1 DAGs
[2023-12-15T12:04:55.362+0000] {logging_mixin.py:154} INFO - [2023-12-15T12:04:55.361+0000] {dag.py:3722} INFO - Setting next_dagrun for example_python_operator to None, run_after=None
[2023-12-15T12:04:55.541+0000] {processor.py:179} INFO - Processing /home/airflow/.local/lib/python3.8/site-packages/airflow/example_dags/example_python_operator.py took 0.593 seconds
[2023-12-15T12:05:25.896+0000] {processor.py:157} INFO - Started process (PID=2930) to work on /home/airflow/.local/lib/python3.8/site-packages/airflow/example_dags/example_python_operator.py
[2023-12-15T12:05:25.902+0000] {processor.py:829} INFO - Processing file /home/airflow/.local/lib/python3.8/site-packages/airflow/example_dags/example_python_operator.py for tasks to queue
[2023-12-15T12:05:25.909+0000] {logging_mixin.py:154} INFO - [2023-12-15T12:05:25.907+0000] {dagbag.py:536} INFO - Filling up the DagBag from /home/airflow/.local/lib/python3.8/site-packages/airflow/example_dags/example_python_operator.py
[2023-12-15T12:05:25.968+0000] {processor.py:839} INFO - DAG(s) dict_keys(['example_python_operator']) retrieved from /home/airflow/.local/lib/python3.8/site-packages/airflow/example_dags/example_python_operator.py
[2023-12-15T12:05:26.067+0000] {logging_mixin.py:154} INFO - [2023-12-15T12:05:26.067+0000] {dag.py:2941} INFO - Sync 1 DAGs
[2023-12-15T12:05:26.130+0000] {logging_mixin.py:154} INFO - [2023-12-15T12:05:26.130+0000] {dag.py:3722} INFO - Setting next_dagrun for example_python_operator to None, run_after=None
[2023-12-15T12:05:26.151+0000] {processor.py:179} INFO - Processing /home/airflow/.local/lib/python3.8/site-packages/airflow/example_dags/example_python_operator.py took 0.261 seconds
[2023-12-15T12:05:57.052+0000] {processor.py:157} INFO - Started process (PID=2984) to work on /home/airflow/.local/lib/python3.8/site-packages/airflow/example_dags/example_python_operator.py
[2023-12-15T12:05:57.053+0000] {processor.py:829} INFO - Processing file /home/airflow/.local/lib/python3.8/site-packages/airflow/example_dags/example_python_operator.py for tasks to queue
[2023-12-15T12:05:57.059+0000] {logging_mixin.py:154} INFO - [2023-12-15T12:05:57.058+0000] {dagbag.py:536} INFO - Filling up the DagBag from /home/airflow/.local/lib/python3.8/site-packages/airflow/example_dags/example_python_operator.py
[2023-12-15T12:05:57.085+0000] {processor.py:839} INFO - DAG(s) dict_keys(['example_python_operator']) retrieved from /home/airflow/.local/lib/python3.8/site-packages/airflow/example_dags/example_python_operator.py
[2023-12-15T12:05:57.172+0000] {logging_mixin.py:154} INFO - [2023-12-15T12:05:57.172+0000] {dag.py:2941} INFO - Sync 1 DAGs
[2023-12-15T12:05:57.209+0000] {logging_mixin.py:154} INFO - [2023-12-15T12:05:57.208+0000] {dag.py:3722} INFO - Setting next_dagrun for example_python_operator to None, run_after=None
[2023-12-15T12:05:57.267+0000] {processor.py:179} INFO - Processing /home/airflow/.local/lib/python3.8/site-packages/airflow/example_dags/example_python_operator.py took 0.220 seconds
[2023-12-15T12:06:27.590+0000] {processor.py:157} INFO - Started process (PID=3038) to work on /home/airflow/.local/lib/python3.8/site-packages/airflow/example_dags/example_python_operator.py
[2023-12-15T12:06:27.598+0000] {processor.py:829} INFO - Processing file /home/airflow/.local/lib/python3.8/site-packages/airflow/example_dags/example_python_operator.py for tasks to queue
[2023-12-15T12:06:27.625+0000] {logging_mixin.py:154} INFO - [2023-12-15T12:06:27.623+0000] {dagbag.py:536} INFO - Filling up the DagBag from /home/airflow/.local/lib/python3.8/site-packages/airflow/example_dags/example_python_operator.py
[2023-12-15T12:06:27.647+0000] {processor.py:839} INFO - DAG(s) dict_keys(['example_python_operator']) retrieved from /home/airflow/.local/lib/python3.8/site-packages/airflow/example_dags/example_python_operator.py
[2023-12-15T12:06:27.721+0000] {logging_mixin.py:154} INFO - [2023-12-15T12:06:27.721+0000] {dag.py:2941} INFO - Sync 1 DAGs
[2023-12-15T12:06:27.743+0000] {logging_mixin.py:154} INFO - [2023-12-15T12:06:27.742+0000] {dag.py:3722} INFO - Setting next_dagrun for example_python_operator to None, run_after=None
[2023-12-15T12:06:27.773+0000] {processor.py:179} INFO - Processing /home/airflow/.local/lib/python3.8/site-packages/airflow/example_dags/example_python_operator.py took 0.193 seconds
[2023-12-15T12:06:59.141+0000] {processor.py:157} INFO - Started process (PID=3091) to work on /home/airflow/.local/lib/python3.8/site-packages/airflow/example_dags/example_python_operator.py
[2023-12-15T12:06:59.143+0000] {processor.py:829} INFO - Processing file /home/airflow/.local/lib/python3.8/site-packages/airflow/example_dags/example_python_operator.py for tasks to queue
[2023-12-15T12:06:59.147+0000] {logging_mixin.py:154} INFO - [2023-12-15T12:06:59.146+0000] {dagbag.py:536} INFO - Filling up the DagBag from /home/airflow/.local/lib/python3.8/site-packages/airflow/example_dags/example_python_operator.py
[2023-12-15T12:06:59.172+0000] {processor.py:839} INFO - DAG(s) dict_keys(['example_python_operator']) retrieved from /home/airflow/.local/lib/python3.8/site-packages/airflow/example_dags/example_python_operator.py
[2023-12-15T12:06:59.203+0000] {logging_mixin.py:154} INFO - [2023-12-15T12:06:59.203+0000] {dag.py:2941} INFO - Sync 1 DAGs
[2023-12-15T12:06:59.223+0000] {logging_mixin.py:154} INFO - [2023-12-15T12:06:59.223+0000] {dag.py:3722} INFO - Setting next_dagrun for example_python_operator to None, run_after=None
[2023-12-15T12:06:59.272+0000] {processor.py:179} INFO - Processing /home/airflow/.local/lib/python3.8/site-packages/airflow/example_dags/example_python_operator.py took 0.137 seconds
[2023-12-15T12:07:30.232+0000] {processor.py:157} INFO - Started process (PID=3143) to work on /home/airflow/.local/lib/python3.8/site-packages/airflow/example_dags/example_python_operator.py
[2023-12-15T12:07:30.235+0000] {processor.py:829} INFO - Processing file /home/airflow/.local/lib/python3.8/site-packages/airflow/example_dags/example_python_operator.py for tasks to queue
[2023-12-15T12:07:30.238+0000] {logging_mixin.py:154} INFO - [2023-12-15T12:07:30.238+0000] {dagbag.py:536} INFO - Filling up the DagBag from /home/airflow/.local/lib/python3.8/site-packages/airflow/example_dags/example_python_operator.py
[2023-12-15T12:07:30.256+0000] {processor.py:839} INFO - DAG(s) dict_keys(['example_python_operator']) retrieved from /home/airflow/.local/lib/python3.8/site-packages/airflow/example_dags/example_python_operator.py
[2023-12-15T12:07:30.327+0000] {logging_mixin.py:154} INFO - [2023-12-15T12:07:30.327+0000] {dag.py:2941} INFO - Sync 1 DAGs
[2023-12-15T12:07:30.345+0000] {logging_mixin.py:154} INFO - [2023-12-15T12:07:30.344+0000] {dag.py:3722} INFO - Setting next_dagrun for example_python_operator to None, run_after=None
[2023-12-15T12:07:30.368+0000] {processor.py:179} INFO - Processing /home/airflow/.local/lib/python3.8/site-packages/airflow/example_dags/example_python_operator.py took 0.139 seconds
[2023-12-15T12:08:01.686+0000] {processor.py:157} INFO - Started process (PID=3197) to work on /home/airflow/.local/lib/python3.8/site-packages/airflow/example_dags/example_python_operator.py
[2023-12-15T12:08:01.695+0000] {processor.py:829} INFO - Processing file /home/airflow/.local/lib/python3.8/site-packages/airflow/example_dags/example_python_operator.py for tasks to queue
[2023-12-15T12:08:01.701+0000] {logging_mixin.py:154} INFO - [2023-12-15T12:08:01.700+0000] {dagbag.py:536} INFO - Filling up the DagBag from /home/airflow/.local/lib/python3.8/site-packages/airflow/example_dags/example_python_operator.py
[2023-12-15T12:08:01.727+0000] {processor.py:839} INFO - DAG(s) dict_keys(['example_python_operator']) retrieved from /home/airflow/.local/lib/python3.8/site-packages/airflow/example_dags/example_python_operator.py
[2023-12-15T12:08:01.803+0000] {logging_mixin.py:154} INFO - [2023-12-15T12:08:01.802+0000] {dag.py:2941} INFO - Sync 1 DAGs
[2023-12-15T12:08:01.848+0000] {logging_mixin.py:154} INFO - [2023-12-15T12:08:01.847+0000] {dag.py:3722} INFO - Setting next_dagrun for example_python_operator to None, run_after=None
[2023-12-15T12:08:01.872+0000] {processor.py:179} INFO - Processing /home/airflow/.local/lib/python3.8/site-packages/airflow/example_dags/example_python_operator.py took 0.192 seconds
[2023-12-15T12:08:32.390+0000] {processor.py:157} INFO - Started process (PID=3251) to work on /home/airflow/.local/lib/python3.8/site-packages/airflow/example_dags/example_python_operator.py
[2023-12-15T12:08:32.391+0000] {processor.py:829} INFO - Processing file /home/airflow/.local/lib/python3.8/site-packages/airflow/example_dags/example_python_operator.py for tasks to queue
[2023-12-15T12:08:32.401+0000] {logging_mixin.py:154} INFO - [2023-12-15T12:08:32.400+0000] {dagbag.py:536} INFO - Filling up the DagBag from /home/airflow/.local/lib/python3.8/site-packages/airflow/example_dags/example_python_operator.py
[2023-12-15T12:08:32.438+0000] {processor.py:839} INFO - DAG(s) dict_keys(['example_python_operator']) retrieved from /home/airflow/.local/lib/python3.8/site-packages/airflow/example_dags/example_python_operator.py
[2023-12-15T12:08:32.515+0000] {logging_mixin.py:154} INFO - [2023-12-15T12:08:32.515+0000] {dag.py:2941} INFO - Sync 1 DAGs
[2023-12-15T12:08:32.549+0000] {logging_mixin.py:154} INFO - [2023-12-15T12:08:32.548+0000] {dag.py:3722} INFO - Setting next_dagrun for example_python_operator to None, run_after=None
[2023-12-15T12:08:32.570+0000] {processor.py:179} INFO - Processing /home/airflow/.local/lib/python3.8/site-packages/airflow/example_dags/example_python_operator.py took 0.186 seconds
[2023-12-15T12:09:02.956+0000] {processor.py:157} INFO - Started process (PID=3305) to work on /home/airflow/.local/lib/python3.8/site-packages/airflow/example_dags/example_python_operator.py
[2023-12-15T12:09:02.965+0000] {processor.py:829} INFO - Processing file /home/airflow/.local/lib/python3.8/site-packages/airflow/example_dags/example_python_operator.py for tasks to queue
[2023-12-15T12:09:02.969+0000] {logging_mixin.py:154} INFO - [2023-12-15T12:09:02.969+0000] {dagbag.py:536} INFO - Filling up the DagBag from /home/airflow/.local/lib/python3.8/site-packages/airflow/example_dags/example_python_operator.py
[2023-12-15T12:09:03.065+0000] {processor.py:839} INFO - DAG(s) dict_keys(['example_python_operator']) retrieved from /home/airflow/.local/lib/python3.8/site-packages/airflow/example_dags/example_python_operator.py
[2023-12-15T12:09:03.340+0000] {logging_mixin.py:154} INFO - [2023-12-15T12:09:03.340+0000] {dag.py:2941} INFO - Sync 1 DAGs
[2023-12-15T12:09:03.420+0000] {logging_mixin.py:154} INFO - [2023-12-15T12:09:03.420+0000] {dag.py:3722} INFO - Setting next_dagrun for example_python_operator to None, run_after=None
[2023-12-15T12:09:03.473+0000] {processor.py:179} INFO - Processing /home/airflow/.local/lib/python3.8/site-packages/airflow/example_dags/example_python_operator.py took 0.531 seconds
[2023-12-15T12:09:34.386+0000] {processor.py:157} INFO - Started process (PID=3359) to work on /home/airflow/.local/lib/python3.8/site-packages/airflow/example_dags/example_python_operator.py
[2023-12-15T12:09:34.398+0000] {processor.py:829} INFO - Processing file /home/airflow/.local/lib/python3.8/site-packages/airflow/example_dags/example_python_operator.py for tasks to queue
[2023-12-15T12:09:34.441+0000] {logging_mixin.py:154} INFO - [2023-12-15T12:09:34.438+0000] {dagbag.py:536} INFO - Filling up the DagBag from /home/airflow/.local/lib/python3.8/site-packages/airflow/example_dags/example_python_operator.py
[2023-12-15T12:09:34.548+0000] {processor.py:839} INFO - DAG(s) dict_keys(['example_python_operator']) retrieved from /home/airflow/.local/lib/python3.8/site-packages/airflow/example_dags/example_python_operator.py
[2023-12-15T12:09:34.943+0000] {logging_mixin.py:154} INFO - [2023-12-15T12:09:34.943+0000] {dag.py:2941} INFO - Sync 1 DAGs
[2023-12-15T12:09:35.030+0000] {logging_mixin.py:154} INFO - [2023-12-15T12:09:35.029+0000] {dag.py:3722} INFO - Setting next_dagrun for example_python_operator to None, run_after=None
[2023-12-15T12:09:35.163+0000] {processor.py:179} INFO - Processing /home/airflow/.local/lib/python3.8/site-packages/airflow/example_dags/example_python_operator.py took 0.793 seconds
[2023-12-15T12:10:05.739+0000] {processor.py:157} INFO - Started process (PID=3413) to work on /home/airflow/.local/lib/python3.8/site-packages/airflow/example_dags/example_python_operator.py
[2023-12-15T12:10:05.741+0000] {processor.py:829} INFO - Processing file /home/airflow/.local/lib/python3.8/site-packages/airflow/example_dags/example_python_operator.py for tasks to queue
[2023-12-15T12:10:05.746+0000] {logging_mixin.py:154} INFO - [2023-12-15T12:10:05.745+0000] {dagbag.py:536} INFO - Filling up the DagBag from /home/airflow/.local/lib/python3.8/site-packages/airflow/example_dags/example_python_operator.py
[2023-12-15T12:10:05.772+0000] {processor.py:839} INFO - DAG(s) dict_keys(['example_python_operator']) retrieved from /home/airflow/.local/lib/python3.8/site-packages/airflow/example_dags/example_python_operator.py
[2023-12-15T12:10:05.865+0000] {logging_mixin.py:154} INFO - [2023-12-15T12:10:05.865+0000] {dag.py:2941} INFO - Sync 1 DAGs
[2023-12-15T12:10:05.886+0000] {logging_mixin.py:154} INFO - [2023-12-15T12:10:05.885+0000] {dag.py:3722} INFO - Setting next_dagrun for example_python_operator to None, run_after=None
[2023-12-15T12:10:05.941+0000] {processor.py:179} INFO - Processing /home/airflow/.local/lib/python3.8/site-packages/airflow/example_dags/example_python_operator.py took 0.209 seconds
