[2023-12-15T11:36:55.270+0000] {processor.py:157} INFO - Started process (PID=53) to work on /home/airflow/.local/lib/python3.8/site-packages/airflow/example_dags/example_local_kubernetes_executor.py
[2023-12-15T11:36:55.271+0000] {processor.py:829} INFO - Processing file /home/airflow/.local/lib/python3.8/site-packages/airflow/example_dags/example_local_kubernetes_executor.py for tasks to queue
[2023-12-15T11:36:55.274+0000] {logging_mixin.py:154} INFO - [2023-12-15T11:36:55.274+0000] {dagbag.py:536} INFO - Filling up the DagBag from /home/airflow/.local/lib/python3.8/site-packages/airflow/example_dags/example_local_kubernetes_executor.py
[2023-12-15T11:36:55.293+0000] {processor.py:839} INFO - DAG(s) dict_keys(['example_local_kubernetes_executor']) retrieved from /home/airflow/.local/lib/python3.8/site-packages/airflow/example_dags/example_local_kubernetes_executor.py
[2023-12-15T11:36:55.594+0000] {logging_mixin.py:154} INFO - [2023-12-15T11:36:55.593+0000] {dag.py:2941} INFO - Sync 1 DAGs
[2023-12-15T11:36:55.661+0000] {logging_mixin.py:154} INFO - [2023-12-15T11:36:55.660+0000] {dag.py:3722} INFO - Setting next_dagrun for example_local_kubernetes_executor to None, run_after=None
[2023-12-15T11:36:55.710+0000] {processor.py:179} INFO - Processing /home/airflow/.local/lib/python3.8/site-packages/airflow/example_dags/example_local_kubernetes_executor.py took 0.447 seconds
[2023-12-15T11:37:26.153+0000] {processor.py:157} INFO - Started process (PID=107) to work on /home/airflow/.local/lib/python3.8/site-packages/airflow/example_dags/example_local_kubernetes_executor.py
[2023-12-15T11:37:26.155+0000] {processor.py:829} INFO - Processing file /home/airflow/.local/lib/python3.8/site-packages/airflow/example_dags/example_local_kubernetes_executor.py for tasks to queue
[2023-12-15T11:37:26.158+0000] {logging_mixin.py:154} INFO - [2023-12-15T11:37:26.157+0000] {dagbag.py:536} INFO - Filling up the DagBag from /home/airflow/.local/lib/python3.8/site-packages/airflow/example_dags/example_local_kubernetes_executor.py
[2023-12-15T11:37:26.164+0000] {processor.py:839} INFO - DAG(s) dict_keys(['example_local_kubernetes_executor']) retrieved from /home/airflow/.local/lib/python3.8/site-packages/airflow/example_dags/example_local_kubernetes_executor.py
[2023-12-15T11:37:26.208+0000] {logging_mixin.py:154} INFO - [2023-12-15T11:37:26.208+0000] {dag.py:2941} INFO - Sync 1 DAGs
[2023-12-15T11:37:26.224+0000] {logging_mixin.py:154} INFO - [2023-12-15T11:37:26.224+0000] {dag.py:3722} INFO - Setting next_dagrun for example_local_kubernetes_executor to None, run_after=None
[2023-12-15T11:37:26.236+0000] {processor.py:179} INFO - Processing /home/airflow/.local/lib/python3.8/site-packages/airflow/example_dags/example_local_kubernetes_executor.py took 0.087 seconds
[2023-12-15T11:37:57.153+0000] {processor.py:157} INFO - Started process (PID=161) to work on /home/airflow/.local/lib/python3.8/site-packages/airflow/example_dags/example_local_kubernetes_executor.py
[2023-12-15T11:37:57.154+0000] {processor.py:829} INFO - Processing file /home/airflow/.local/lib/python3.8/site-packages/airflow/example_dags/example_local_kubernetes_executor.py for tasks to queue
[2023-12-15T11:37:57.155+0000] {logging_mixin.py:154} INFO - [2023-12-15T11:37:57.155+0000] {dagbag.py:536} INFO - Filling up the DagBag from /home/airflow/.local/lib/python3.8/site-packages/airflow/example_dags/example_local_kubernetes_executor.py
[2023-12-15T11:37:57.160+0000] {processor.py:839} INFO - DAG(s) dict_keys(['example_local_kubernetes_executor']) retrieved from /home/airflow/.local/lib/python3.8/site-packages/airflow/example_dags/example_local_kubernetes_executor.py
[2023-12-15T11:37:57.182+0000] {logging_mixin.py:154} INFO - [2023-12-15T11:37:57.182+0000] {dag.py:2941} INFO - Sync 1 DAGs
[2023-12-15T11:37:57.210+0000] {logging_mixin.py:154} INFO - [2023-12-15T11:37:57.210+0000] {dag.py:3722} INFO - Setting next_dagrun for example_local_kubernetes_executor to None, run_after=None
[2023-12-15T11:37:57.272+0000] {processor.py:179} INFO - Processing /home/airflow/.local/lib/python3.8/site-packages/airflow/example_dags/example_local_kubernetes_executor.py took 0.120 seconds
[2023-12-15T11:38:28.976+0000] {processor.py:157} INFO - Started process (PID=215) to work on /home/airflow/.local/lib/python3.8/site-packages/airflow/example_dags/example_local_kubernetes_executor.py
[2023-12-15T11:38:28.979+0000] {processor.py:829} INFO - Processing file /home/airflow/.local/lib/python3.8/site-packages/airflow/example_dags/example_local_kubernetes_executor.py for tasks to queue
[2023-12-15T11:38:28.983+0000] {logging_mixin.py:154} INFO - [2023-12-15T11:38:28.982+0000] {dagbag.py:536} INFO - Filling up the DagBag from /home/airflow/.local/lib/python3.8/site-packages/airflow/example_dags/example_local_kubernetes_executor.py
[2023-12-15T11:38:29.002+0000] {processor.py:839} INFO - DAG(s) dict_keys(['example_local_kubernetes_executor']) retrieved from /home/airflow/.local/lib/python3.8/site-packages/airflow/example_dags/example_local_kubernetes_executor.py
[2023-12-15T11:38:29.088+0000] {logging_mixin.py:154} INFO - [2023-12-15T11:38:29.087+0000] {dag.py:2941} INFO - Sync 1 DAGs
[2023-12-15T11:38:29.118+0000] {logging_mixin.py:154} INFO - [2023-12-15T11:38:29.117+0000] {dag.py:3722} INFO - Setting next_dagrun for example_local_kubernetes_executor to None, run_after=None
[2023-12-15T11:38:29.161+0000] {processor.py:179} INFO - Processing /home/airflow/.local/lib/python3.8/site-packages/airflow/example_dags/example_local_kubernetes_executor.py took 0.196 seconds
[2023-12-15T11:39:03.651+0000] {processor.py:157} INFO - Started process (PID=275) to work on /home/airflow/.local/lib/python3.8/site-packages/airflow/example_dags/example_local_kubernetes_executor.py
[2023-12-15T11:39:03.655+0000] {processor.py:829} INFO - Processing file /home/airflow/.local/lib/python3.8/site-packages/airflow/example_dags/example_local_kubernetes_executor.py for tasks to queue
[2023-12-15T11:39:03.661+0000] {logging_mixin.py:154} INFO - [2023-12-15T11:39:03.661+0000] {dagbag.py:536} INFO - Filling up the DagBag from /home/airflow/.local/lib/python3.8/site-packages/airflow/example_dags/example_local_kubernetes_executor.py
[2023-12-15T11:39:03.670+0000] {processor.py:839} INFO - DAG(s) dict_keys(['example_local_kubernetes_executor']) retrieved from /home/airflow/.local/lib/python3.8/site-packages/airflow/example_dags/example_local_kubernetes_executor.py
[2023-12-15T11:39:03.734+0000] {logging_mixin.py:154} INFO - [2023-12-15T11:39:03.734+0000] {dag.py:2941} INFO - Sync 1 DAGs
[2023-12-15T11:39:03.775+0000] {logging_mixin.py:154} INFO - [2023-12-15T11:39:03.775+0000] {dag.py:3722} INFO - Setting next_dagrun for example_local_kubernetes_executor to None, run_after=None
[2023-12-15T11:39:03.809+0000] {processor.py:179} INFO - Processing /home/airflow/.local/lib/python3.8/site-packages/airflow/example_dags/example_local_kubernetes_executor.py took 0.167 seconds
[2023-12-15T11:39:37.699+0000] {processor.py:157} INFO - Started process (PID=327) to work on /home/airflow/.local/lib/python3.8/site-packages/airflow/example_dags/example_local_kubernetes_executor.py
[2023-12-15T11:39:37.701+0000] {processor.py:829} INFO - Processing file /home/airflow/.local/lib/python3.8/site-packages/airflow/example_dags/example_local_kubernetes_executor.py for tasks to queue
[2023-12-15T11:39:37.705+0000] {logging_mixin.py:154} INFO - [2023-12-15T11:39:37.704+0000] {dagbag.py:536} INFO - Filling up the DagBag from /home/airflow/.local/lib/python3.8/site-packages/airflow/example_dags/example_local_kubernetes_executor.py
[2023-12-15T11:39:37.719+0000] {processor.py:839} INFO - DAG(s) dict_keys(['example_local_kubernetes_executor']) retrieved from /home/airflow/.local/lib/python3.8/site-packages/airflow/example_dags/example_local_kubernetes_executor.py
[2023-12-15T11:39:37.794+0000] {logging_mixin.py:154} INFO - [2023-12-15T11:39:37.793+0000] {dag.py:2941} INFO - Sync 1 DAGs
[2023-12-15T11:39:37.809+0000] {logging_mixin.py:154} INFO - [2023-12-15T11:39:37.809+0000] {dag.py:3722} INFO - Setting next_dagrun for example_local_kubernetes_executor to None, run_after=None
[2023-12-15T11:39:37.849+0000] {processor.py:179} INFO - Processing /home/airflow/.local/lib/python3.8/site-packages/airflow/example_dags/example_local_kubernetes_executor.py took 0.156 seconds
[2023-12-15T11:40:09.573+0000] {processor.py:157} INFO - Started process (PID=381) to work on /home/airflow/.local/lib/python3.8/site-packages/airflow/example_dags/example_local_kubernetes_executor.py
[2023-12-15T11:40:09.582+0000] {processor.py:829} INFO - Processing file /home/airflow/.local/lib/python3.8/site-packages/airflow/example_dags/example_local_kubernetes_executor.py for tasks to queue
[2023-12-15T11:40:09.596+0000] {logging_mixin.py:154} INFO - [2023-12-15T11:40:09.595+0000] {dagbag.py:536} INFO - Filling up the DagBag from /home/airflow/.local/lib/python3.8/site-packages/airflow/example_dags/example_local_kubernetes_executor.py
[2023-12-15T11:40:09.629+0000] {processor.py:839} INFO - DAG(s) dict_keys(['example_local_kubernetes_executor']) retrieved from /home/airflow/.local/lib/python3.8/site-packages/airflow/example_dags/example_local_kubernetes_executor.py
[2023-12-15T11:40:09.705+0000] {logging_mixin.py:154} INFO - [2023-12-15T11:40:09.705+0000] {dag.py:2941} INFO - Sync 1 DAGs
[2023-12-15T11:40:09.750+0000] {logging_mixin.py:154} INFO - [2023-12-15T11:40:09.750+0000] {dag.py:3722} INFO - Setting next_dagrun for example_local_kubernetes_executor to None, run_after=None
[2023-12-15T11:40:09.829+0000] {processor.py:179} INFO - Processing /home/airflow/.local/lib/python3.8/site-packages/airflow/example_dags/example_local_kubernetes_executor.py took 0.262 seconds
[2023-12-15T11:40:40.914+0000] {processor.py:157} INFO - Started process (PID=435) to work on /home/airflow/.local/lib/python3.8/site-packages/airflow/example_dags/example_local_kubernetes_executor.py
[2023-12-15T11:40:40.931+0000] {processor.py:829} INFO - Processing file /home/airflow/.local/lib/python3.8/site-packages/airflow/example_dags/example_local_kubernetes_executor.py for tasks to queue
[2023-12-15T11:40:40.954+0000] {logging_mixin.py:154} INFO - [2023-12-15T11:40:40.953+0000] {dagbag.py:536} INFO - Filling up the DagBag from /home/airflow/.local/lib/python3.8/site-packages/airflow/example_dags/example_local_kubernetes_executor.py
[2023-12-15T11:40:40.983+0000] {processor.py:839} INFO - DAG(s) dict_keys(['example_local_kubernetes_executor']) retrieved from /home/airflow/.local/lib/python3.8/site-packages/airflow/example_dags/example_local_kubernetes_executor.py
[2023-12-15T11:40:41.125+0000] {logging_mixin.py:154} INFO - [2023-12-15T11:40:41.125+0000] {dag.py:2941} INFO - Sync 1 DAGs
[2023-12-15T11:40:41.154+0000] {logging_mixin.py:154} INFO - [2023-12-15T11:40:41.154+0000] {dag.py:3722} INFO - Setting next_dagrun for example_local_kubernetes_executor to None, run_after=None
[2023-12-15T11:40:41.230+0000] {processor.py:179} INFO - Processing /home/airflow/.local/lib/python3.8/site-packages/airflow/example_dags/example_local_kubernetes_executor.py took 0.449 seconds
[2023-12-15T11:41:11.507+0000] {processor.py:157} INFO - Started process (PID=489) to work on /home/airflow/.local/lib/python3.8/site-packages/airflow/example_dags/example_local_kubernetes_executor.py
[2023-12-15T11:41:11.510+0000] {processor.py:829} INFO - Processing file /home/airflow/.local/lib/python3.8/site-packages/airflow/example_dags/example_local_kubernetes_executor.py for tasks to queue
[2023-12-15T11:41:11.514+0000] {logging_mixin.py:154} INFO - [2023-12-15T11:41:11.513+0000] {dagbag.py:536} INFO - Filling up the DagBag from /home/airflow/.local/lib/python3.8/site-packages/airflow/example_dags/example_local_kubernetes_executor.py
[2023-12-15T11:41:11.534+0000] {processor.py:839} INFO - DAG(s) dict_keys(['example_local_kubernetes_executor']) retrieved from /home/airflow/.local/lib/python3.8/site-packages/airflow/example_dags/example_local_kubernetes_executor.py
[2023-12-15T11:41:11.606+0000] {logging_mixin.py:154} INFO - [2023-12-15T11:41:11.606+0000] {dag.py:2941} INFO - Sync 1 DAGs
[2023-12-15T11:41:11.626+0000] {logging_mixin.py:154} INFO - [2023-12-15T11:41:11.625+0000] {dag.py:3722} INFO - Setting next_dagrun for example_local_kubernetes_executor to None, run_after=None
[2023-12-15T11:41:11.673+0000] {processor.py:179} INFO - Processing /home/airflow/.local/lib/python3.8/site-packages/airflow/example_dags/example_local_kubernetes_executor.py took 0.171 seconds
[2023-12-15T11:41:48.534+0000] {processor.py:157} INFO - Started process (PID=543) to work on /home/airflow/.local/lib/python3.8/site-packages/airflow/example_dags/example_local_kubernetes_executor.py
[2023-12-15T11:41:48.536+0000] {processor.py:829} INFO - Processing file /home/airflow/.local/lib/python3.8/site-packages/airflow/example_dags/example_local_kubernetes_executor.py for tasks to queue
[2023-12-15T11:41:48.538+0000] {logging_mixin.py:154} INFO - [2023-12-15T11:41:48.538+0000] {dagbag.py:536} INFO - Filling up the DagBag from /home/airflow/.local/lib/python3.8/site-packages/airflow/example_dags/example_local_kubernetes_executor.py
[2023-12-15T11:41:48.543+0000] {processor.py:839} INFO - DAG(s) dict_keys(['example_local_kubernetes_executor']) retrieved from /home/airflow/.local/lib/python3.8/site-packages/airflow/example_dags/example_local_kubernetes_executor.py
[2023-12-15T11:41:48.587+0000] {logging_mixin.py:154} INFO - [2023-12-15T11:41:48.587+0000] {dag.py:2941} INFO - Sync 1 DAGs
[2023-12-15T11:41:48.601+0000] {logging_mixin.py:154} INFO - [2023-12-15T11:41:48.600+0000] {dag.py:3722} INFO - Setting next_dagrun for example_local_kubernetes_executor to None, run_after=None
[2023-12-15T11:41:48.616+0000] {processor.py:179} INFO - Processing /home/airflow/.local/lib/python3.8/site-packages/airflow/example_dags/example_local_kubernetes_executor.py took 0.085 seconds
[2023-12-15T11:42:21.223+0000] {processor.py:157} INFO - Started process (PID=598) to work on /home/airflow/.local/lib/python3.8/site-packages/airflow/example_dags/example_local_kubernetes_executor.py
[2023-12-15T11:42:21.225+0000] {processor.py:829} INFO - Processing file /home/airflow/.local/lib/python3.8/site-packages/airflow/example_dags/example_local_kubernetes_executor.py for tasks to queue
[2023-12-15T11:42:21.226+0000] {logging_mixin.py:154} INFO - [2023-12-15T11:42:21.226+0000] {dagbag.py:536} INFO - Filling up the DagBag from /home/airflow/.local/lib/python3.8/site-packages/airflow/example_dags/example_local_kubernetes_executor.py
[2023-12-15T11:42:21.234+0000] {processor.py:839} INFO - DAG(s) dict_keys(['example_local_kubernetes_executor']) retrieved from /home/airflow/.local/lib/python3.8/site-packages/airflow/example_dags/example_local_kubernetes_executor.py
[2023-12-15T11:42:21.266+0000] {logging_mixin.py:154} INFO - [2023-12-15T11:42:21.265+0000] {dag.py:2941} INFO - Sync 1 DAGs
[2023-12-15T11:42:21.277+0000] {logging_mixin.py:154} INFO - [2023-12-15T11:42:21.277+0000] {dag.py:3722} INFO - Setting next_dagrun for example_local_kubernetes_executor to None, run_after=None
[2023-12-15T11:42:21.297+0000] {processor.py:179} INFO - Processing /home/airflow/.local/lib/python3.8/site-packages/airflow/example_dags/example_local_kubernetes_executor.py took 0.076 seconds
[2023-12-15T11:43:02.953+0000] {processor.py:157} INFO - Started process (PID=653) to work on /home/airflow/.local/lib/python3.8/site-packages/airflow/example_dags/example_local_kubernetes_executor.py
[2023-12-15T11:43:02.960+0000] {processor.py:829} INFO - Processing file /home/airflow/.local/lib/python3.8/site-packages/airflow/example_dags/example_local_kubernetes_executor.py for tasks to queue
[2023-12-15T11:43:02.962+0000] {logging_mixin.py:154} INFO - [2023-12-15T11:43:02.962+0000] {dagbag.py:536} INFO - Filling up the DagBag from /home/airflow/.local/lib/python3.8/site-packages/airflow/example_dags/example_local_kubernetes_executor.py
[2023-12-15T11:43:02.975+0000] {processor.py:839} INFO - DAG(s) dict_keys(['example_local_kubernetes_executor']) retrieved from /home/airflow/.local/lib/python3.8/site-packages/airflow/example_dags/example_local_kubernetes_executor.py
[2023-12-15T11:43:03.040+0000] {logging_mixin.py:154} INFO - [2023-12-15T11:43:03.039+0000] {dag.py:2941} INFO - Sync 1 DAGs
[2023-12-15T11:43:03.075+0000] {logging_mixin.py:154} INFO - [2023-12-15T11:43:03.075+0000] {dag.py:3722} INFO - Setting next_dagrun for example_local_kubernetes_executor to None, run_after=None
[2023-12-15T11:43:03.108+0000] {processor.py:179} INFO - Processing /home/airflow/.local/lib/python3.8/site-packages/airflow/example_dags/example_local_kubernetes_executor.py took 0.160 seconds
[2023-12-15T11:43:36.031+0000] {processor.py:157} INFO - Started process (PID=707) to work on /home/airflow/.local/lib/python3.8/site-packages/airflow/example_dags/example_local_kubernetes_executor.py
[2023-12-15T11:43:36.043+0000] {processor.py:829} INFO - Processing file /home/airflow/.local/lib/python3.8/site-packages/airflow/example_dags/example_local_kubernetes_executor.py for tasks to queue
[2023-12-15T11:43:36.134+0000] {logging_mixin.py:154} INFO - [2023-12-15T11:43:36.130+0000] {dagbag.py:536} INFO - Filling up the DagBag from /home/airflow/.local/lib/python3.8/site-packages/airflow/example_dags/example_local_kubernetes_executor.py
[2023-12-15T11:43:36.245+0000] {processor.py:839} INFO - DAG(s) dict_keys(['example_local_kubernetes_executor']) retrieved from /home/airflow/.local/lib/python3.8/site-packages/airflow/example_dags/example_local_kubernetes_executor.py
[2023-12-15T11:43:36.402+0000] {logging_mixin.py:154} INFO - [2023-12-15T11:43:36.402+0000] {dag.py:2941} INFO - Sync 1 DAGs
[2023-12-15T11:43:36.466+0000] {logging_mixin.py:154} INFO - [2023-12-15T11:43:36.466+0000] {dag.py:3722} INFO - Setting next_dagrun for example_local_kubernetes_executor to None, run_after=None
[2023-12-15T11:43:36.546+0000] {processor.py:179} INFO - Processing /home/airflow/.local/lib/python3.8/site-packages/airflow/example_dags/example_local_kubernetes_executor.py took 0.568 seconds
[2023-12-15T11:44:06.797+0000] {processor.py:157} INFO - Started process (PID=759) to work on /home/airflow/.local/lib/python3.8/site-packages/airflow/example_dags/example_local_kubernetes_executor.py
[2023-12-15T11:44:06.801+0000] {processor.py:829} INFO - Processing file /home/airflow/.local/lib/python3.8/site-packages/airflow/example_dags/example_local_kubernetes_executor.py for tasks to queue
[2023-12-15T11:44:06.804+0000] {logging_mixin.py:154} INFO - [2023-12-15T11:44:06.803+0000] {dagbag.py:536} INFO - Filling up the DagBag from /home/airflow/.local/lib/python3.8/site-packages/airflow/example_dags/example_local_kubernetes_executor.py
[2023-12-15T11:44:06.817+0000] {processor.py:839} INFO - DAG(s) dict_keys(['example_local_kubernetes_executor']) retrieved from /home/airflow/.local/lib/python3.8/site-packages/airflow/example_dags/example_local_kubernetes_executor.py
[2023-12-15T11:44:06.866+0000] {logging_mixin.py:154} INFO - [2023-12-15T11:44:06.866+0000] {dag.py:2941} INFO - Sync 1 DAGs
[2023-12-15T11:44:06.976+0000] {logging_mixin.py:154} INFO - [2023-12-15T11:44:06.976+0000] {dag.py:3722} INFO - Setting next_dagrun for example_local_kubernetes_executor to None, run_after=None
[2023-12-15T11:44:07.064+0000] {processor.py:179} INFO - Processing /home/airflow/.local/lib/python3.8/site-packages/airflow/example_dags/example_local_kubernetes_executor.py took 0.271 seconds
[2023-12-15T11:44:37.425+0000] {processor.py:157} INFO - Started process (PID=812) to work on /home/airflow/.local/lib/python3.8/site-packages/airflow/example_dags/example_local_kubernetes_executor.py
[2023-12-15T11:44:37.426+0000] {processor.py:829} INFO - Processing file /home/airflow/.local/lib/python3.8/site-packages/airflow/example_dags/example_local_kubernetes_executor.py for tasks to queue
[2023-12-15T11:44:37.428+0000] {logging_mixin.py:154} INFO - [2023-12-15T11:44:37.428+0000] {dagbag.py:536} INFO - Filling up the DagBag from /home/airflow/.local/lib/python3.8/site-packages/airflow/example_dags/example_local_kubernetes_executor.py
[2023-12-15T11:44:37.443+0000] {processor.py:839} INFO - DAG(s) dict_keys(['example_local_kubernetes_executor']) retrieved from /home/airflow/.local/lib/python3.8/site-packages/airflow/example_dags/example_local_kubernetes_executor.py
[2023-12-15T11:44:37.556+0000] {logging_mixin.py:154} INFO - [2023-12-15T11:44:37.555+0000] {dag.py:2941} INFO - Sync 1 DAGs
[2023-12-15T11:44:37.570+0000] {logging_mixin.py:154} INFO - [2023-12-15T11:44:37.570+0000] {dag.py:3722} INFO - Setting next_dagrun for example_local_kubernetes_executor to None, run_after=None
[2023-12-15T11:44:37.590+0000] {processor.py:179} INFO - Processing /home/airflow/.local/lib/python3.8/site-packages/airflow/example_dags/example_local_kubernetes_executor.py took 0.168 seconds
[2023-12-15T11:45:07.853+0000] {processor.py:157} INFO - Started process (PID=866) to work on /home/airflow/.local/lib/python3.8/site-packages/airflow/example_dags/example_local_kubernetes_executor.py
[2023-12-15T11:45:07.861+0000] {processor.py:829} INFO - Processing file /home/airflow/.local/lib/python3.8/site-packages/airflow/example_dags/example_local_kubernetes_executor.py for tasks to queue
[2023-12-15T11:45:07.864+0000] {logging_mixin.py:154} INFO - [2023-12-15T11:45:07.864+0000] {dagbag.py:536} INFO - Filling up the DagBag from /home/airflow/.local/lib/python3.8/site-packages/airflow/example_dags/example_local_kubernetes_executor.py
[2023-12-15T11:45:07.874+0000] {processor.py:839} INFO - DAG(s) dict_keys(['example_local_kubernetes_executor']) retrieved from /home/airflow/.local/lib/python3.8/site-packages/airflow/example_dags/example_local_kubernetes_executor.py
[2023-12-15T11:45:07.929+0000] {logging_mixin.py:154} INFO - [2023-12-15T11:45:07.928+0000] {dag.py:2941} INFO - Sync 1 DAGs
[2023-12-15T11:45:07.945+0000] {logging_mixin.py:154} INFO - [2023-12-15T11:45:07.945+0000] {dag.py:3722} INFO - Setting next_dagrun for example_local_kubernetes_executor to None, run_after=None
[2023-12-15T11:45:07.979+0000] {processor.py:179} INFO - Processing /home/airflow/.local/lib/python3.8/site-packages/airflow/example_dags/example_local_kubernetes_executor.py took 0.131 seconds
[2023-12-15T11:45:38.670+0000] {processor.py:157} INFO - Started process (PID=920) to work on /home/airflow/.local/lib/python3.8/site-packages/airflow/example_dags/example_local_kubernetes_executor.py
[2023-12-15T11:45:38.673+0000] {processor.py:829} INFO - Processing file /home/airflow/.local/lib/python3.8/site-packages/airflow/example_dags/example_local_kubernetes_executor.py for tasks to queue
[2023-12-15T11:45:38.674+0000] {logging_mixin.py:154} INFO - [2023-12-15T11:45:38.674+0000] {dagbag.py:536} INFO - Filling up the DagBag from /home/airflow/.local/lib/python3.8/site-packages/airflow/example_dags/example_local_kubernetes_executor.py
[2023-12-15T11:45:38.681+0000] {processor.py:839} INFO - DAG(s) dict_keys(['example_local_kubernetes_executor']) retrieved from /home/airflow/.local/lib/python3.8/site-packages/airflow/example_dags/example_local_kubernetes_executor.py
[2023-12-15T11:45:38.773+0000] {logging_mixin.py:154} INFO - [2023-12-15T11:45:38.773+0000] {dag.py:2941} INFO - Sync 1 DAGs
[2023-12-15T11:45:38.792+0000] {logging_mixin.py:154} INFO - [2023-12-15T11:45:38.792+0000] {dag.py:3722} INFO - Setting next_dagrun for example_local_kubernetes_executor to None, run_after=None
[2023-12-15T11:45:38.821+0000] {processor.py:179} INFO - Processing /home/airflow/.local/lib/python3.8/site-packages/airflow/example_dags/example_local_kubernetes_executor.py took 0.153 seconds
[2023-12-15T11:46:09.800+0000] {processor.py:157} INFO - Started process (PID=974) to work on /home/airflow/.local/lib/python3.8/site-packages/airflow/example_dags/example_local_kubernetes_executor.py
[2023-12-15T11:46:09.807+0000] {processor.py:829} INFO - Processing file /home/airflow/.local/lib/python3.8/site-packages/airflow/example_dags/example_local_kubernetes_executor.py for tasks to queue
[2023-12-15T11:46:09.812+0000] {logging_mixin.py:154} INFO - [2023-12-15T11:46:09.810+0000] {dagbag.py:536} INFO - Filling up the DagBag from /home/airflow/.local/lib/python3.8/site-packages/airflow/example_dags/example_local_kubernetes_executor.py
[2023-12-15T11:46:09.831+0000] {processor.py:839} INFO - DAG(s) dict_keys(['example_local_kubernetes_executor']) retrieved from /home/airflow/.local/lib/python3.8/site-packages/airflow/example_dags/example_local_kubernetes_executor.py
[2023-12-15T11:46:09.883+0000] {logging_mixin.py:154} INFO - [2023-12-15T11:46:09.882+0000] {dag.py:2941} INFO - Sync 1 DAGs
[2023-12-15T11:46:09.904+0000] {logging_mixin.py:154} INFO - [2023-12-15T11:46:09.903+0000] {dag.py:3722} INFO - Setting next_dagrun for example_local_kubernetes_executor to None, run_after=None
[2023-12-15T11:46:09.947+0000] {processor.py:179} INFO - Processing /home/airflow/.local/lib/python3.8/site-packages/airflow/example_dags/example_local_kubernetes_executor.py took 0.152 seconds
[2023-12-15T11:46:40.957+0000] {processor.py:157} INFO - Started process (PID=1027) to work on /home/airflow/.local/lib/python3.8/site-packages/airflow/example_dags/example_local_kubernetes_executor.py
[2023-12-15T11:46:40.959+0000] {processor.py:829} INFO - Processing file /home/airflow/.local/lib/python3.8/site-packages/airflow/example_dags/example_local_kubernetes_executor.py for tasks to queue
[2023-12-15T11:46:41.004+0000] {logging_mixin.py:154} INFO - [2023-12-15T11:46:40.994+0000] {dagbag.py:536} INFO - Filling up the DagBag from /home/airflow/.local/lib/python3.8/site-packages/airflow/example_dags/example_local_kubernetes_executor.py
[2023-12-15T11:46:41.255+0000] {processor.py:839} INFO - DAG(s) dict_keys(['example_local_kubernetes_executor']) retrieved from /home/airflow/.local/lib/python3.8/site-packages/airflow/example_dags/example_local_kubernetes_executor.py
[2023-12-15T11:46:41.573+0000] {logging_mixin.py:154} INFO - [2023-12-15T11:46:41.572+0000] {dag.py:2941} INFO - Sync 1 DAGs
[2023-12-15T11:46:41.609+0000] {logging_mixin.py:154} INFO - [2023-12-15T11:46:41.609+0000] {dag.py:3722} INFO - Setting next_dagrun for example_local_kubernetes_executor to None, run_after=None
[2023-12-15T11:46:41.646+0000] {processor.py:179} INFO - Processing /home/airflow/.local/lib/python3.8/site-packages/airflow/example_dags/example_local_kubernetes_executor.py took 0.695 seconds
[2023-12-15T11:47:12.523+0000] {processor.py:157} INFO - Started process (PID=1081) to work on /home/airflow/.local/lib/python3.8/site-packages/airflow/example_dags/example_local_kubernetes_executor.py
[2023-12-15T11:47:12.527+0000] {processor.py:829} INFO - Processing file /home/airflow/.local/lib/python3.8/site-packages/airflow/example_dags/example_local_kubernetes_executor.py for tasks to queue
[2023-12-15T11:47:12.530+0000] {logging_mixin.py:154} INFO - [2023-12-15T11:47:12.529+0000] {dagbag.py:536} INFO - Filling up the DagBag from /home/airflow/.local/lib/python3.8/site-packages/airflow/example_dags/example_local_kubernetes_executor.py
[2023-12-15T11:47:12.539+0000] {processor.py:839} INFO - DAG(s) dict_keys(['example_local_kubernetes_executor']) retrieved from /home/airflow/.local/lib/python3.8/site-packages/airflow/example_dags/example_local_kubernetes_executor.py
[2023-12-15T11:47:12.586+0000] {logging_mixin.py:154} INFO - [2023-12-15T11:47:12.586+0000] {dag.py:2941} INFO - Sync 1 DAGs
[2023-12-15T11:47:12.657+0000] {logging_mixin.py:154} INFO - [2023-12-15T11:47:12.657+0000] {dag.py:3722} INFO - Setting next_dagrun for example_local_kubernetes_executor to None, run_after=None
[2023-12-15T11:47:12.683+0000] {processor.py:179} INFO - Processing /home/airflow/.local/lib/python3.8/site-packages/airflow/example_dags/example_local_kubernetes_executor.py took 0.170 seconds
[2023-12-15T11:47:43.649+0000] {processor.py:157} INFO - Started process (PID=1134) to work on /home/airflow/.local/lib/python3.8/site-packages/airflow/example_dags/example_local_kubernetes_executor.py
[2023-12-15T11:47:43.650+0000] {processor.py:829} INFO - Processing file /home/airflow/.local/lib/python3.8/site-packages/airflow/example_dags/example_local_kubernetes_executor.py for tasks to queue
[2023-12-15T11:47:43.654+0000] {logging_mixin.py:154} INFO - [2023-12-15T11:47:43.654+0000] {dagbag.py:536} INFO - Filling up the DagBag from /home/airflow/.local/lib/python3.8/site-packages/airflow/example_dags/example_local_kubernetes_executor.py
[2023-12-15T11:47:43.673+0000] {processor.py:839} INFO - DAG(s) dict_keys(['example_local_kubernetes_executor']) retrieved from /home/airflow/.local/lib/python3.8/site-packages/airflow/example_dags/example_local_kubernetes_executor.py
[2023-12-15T11:47:43.746+0000] {logging_mixin.py:154} INFO - [2023-12-15T11:47:43.746+0000] {dag.py:2941} INFO - Sync 1 DAGs
[2023-12-15T11:47:43.764+0000] {logging_mixin.py:154} INFO - [2023-12-15T11:47:43.764+0000] {dag.py:3722} INFO - Setting next_dagrun for example_local_kubernetes_executor to None, run_after=None
[2023-12-15T11:47:43.778+0000] {processor.py:179} INFO - Processing /home/airflow/.local/lib/python3.8/site-packages/airflow/example_dags/example_local_kubernetes_executor.py took 0.135 seconds
[2023-12-15T11:48:28.097+0000] {processor.py:157} INFO - Started process (PID=1195) to work on /home/airflow/.local/lib/python3.8/site-packages/airflow/example_dags/example_local_kubernetes_executor.py
[2023-12-15T11:48:28.106+0000] {processor.py:829} INFO - Processing file /home/airflow/.local/lib/python3.8/site-packages/airflow/example_dags/example_local_kubernetes_executor.py for tasks to queue
[2023-12-15T11:48:28.116+0000] {logging_mixin.py:154} INFO - [2023-12-15T11:48:28.113+0000] {dagbag.py:536} INFO - Filling up the DagBag from /home/airflow/.local/lib/python3.8/site-packages/airflow/example_dags/example_local_kubernetes_executor.py
[2023-12-15T11:48:28.173+0000] {processor.py:839} INFO - DAG(s) dict_keys(['example_local_kubernetes_executor']) retrieved from /home/airflow/.local/lib/python3.8/site-packages/airflow/example_dags/example_local_kubernetes_executor.py
[2023-12-15T11:48:28.327+0000] {logging_mixin.py:154} INFO - [2023-12-15T11:48:28.326+0000] {dag.py:2941} INFO - Sync 1 DAGs
[2023-12-15T11:48:28.356+0000] {logging_mixin.py:154} INFO - [2023-12-15T11:48:28.355+0000] {dag.py:3722} INFO - Setting next_dagrun for example_local_kubernetes_executor to None, run_after=None
[2023-12-15T11:48:28.441+0000] {processor.py:179} INFO - Processing /home/airflow/.local/lib/python3.8/site-packages/airflow/example_dags/example_local_kubernetes_executor.py took 0.364 seconds
[2023-12-15T11:48:59.711+0000] {processor.py:157} INFO - Started process (PID=1248) to work on /home/airflow/.local/lib/python3.8/site-packages/airflow/example_dags/example_local_kubernetes_executor.py
[2023-12-15T11:48:59.713+0000] {processor.py:829} INFO - Processing file /home/airflow/.local/lib/python3.8/site-packages/airflow/example_dags/example_local_kubernetes_executor.py for tasks to queue
[2023-12-15T11:48:59.719+0000] {logging_mixin.py:154} INFO - [2023-12-15T11:48:59.718+0000] {dagbag.py:536} INFO - Filling up the DagBag from /home/airflow/.local/lib/python3.8/site-packages/airflow/example_dags/example_local_kubernetes_executor.py
[2023-12-15T11:48:59.748+0000] {processor.py:839} INFO - DAG(s) dict_keys(['example_local_kubernetes_executor']) retrieved from /home/airflow/.local/lib/python3.8/site-packages/airflow/example_dags/example_local_kubernetes_executor.py
[2023-12-15T11:48:59.905+0000] {logging_mixin.py:154} INFO - [2023-12-15T11:48:59.905+0000] {dag.py:2941} INFO - Sync 1 DAGs
[2023-12-15T11:48:59.940+0000] {logging_mixin.py:154} INFO - [2023-12-15T11:48:59.939+0000] {dag.py:3722} INFO - Setting next_dagrun for example_local_kubernetes_executor to None, run_after=None
[2023-12-15T11:48:59.984+0000] {processor.py:179} INFO - Processing /home/airflow/.local/lib/python3.8/site-packages/airflow/example_dags/example_local_kubernetes_executor.py took 0.296 seconds
[2023-12-15T11:49:31.233+0000] {processor.py:157} INFO - Started process (PID=1303) to work on /home/airflow/.local/lib/python3.8/site-packages/airflow/example_dags/example_local_kubernetes_executor.py
[2023-12-15T11:49:31.246+0000] {processor.py:829} INFO - Processing file /home/airflow/.local/lib/python3.8/site-packages/airflow/example_dags/example_local_kubernetes_executor.py for tasks to queue
[2023-12-15T11:49:31.258+0000] {logging_mixin.py:154} INFO - [2023-12-15T11:49:31.257+0000] {dagbag.py:536} INFO - Filling up the DagBag from /home/airflow/.local/lib/python3.8/site-packages/airflow/example_dags/example_local_kubernetes_executor.py
[2023-12-15T11:49:31.320+0000] {processor.py:839} INFO - DAG(s) dict_keys(['example_local_kubernetes_executor']) retrieved from /home/airflow/.local/lib/python3.8/site-packages/airflow/example_dags/example_local_kubernetes_executor.py
[2023-12-15T11:49:31.507+0000] {logging_mixin.py:154} INFO - [2023-12-15T11:49:31.506+0000] {dag.py:2941} INFO - Sync 1 DAGs
[2023-12-15T11:49:31.567+0000] {logging_mixin.py:154} INFO - [2023-12-15T11:49:31.567+0000] {dag.py:3722} INFO - Setting next_dagrun for example_local_kubernetes_executor to None, run_after=None
[2023-12-15T11:49:31.648+0000] {processor.py:179} INFO - Processing /home/airflow/.local/lib/python3.8/site-packages/airflow/example_dags/example_local_kubernetes_executor.py took 0.422 seconds
[2023-12-15T11:50:03.839+0000] {processor.py:157} INFO - Started process (PID=1357) to work on /home/airflow/.local/lib/python3.8/site-packages/airflow/example_dags/example_local_kubernetes_executor.py
[2023-12-15T11:50:03.841+0000] {processor.py:829} INFO - Processing file /home/airflow/.local/lib/python3.8/site-packages/airflow/example_dags/example_local_kubernetes_executor.py for tasks to queue
[2023-12-15T11:50:03.848+0000] {logging_mixin.py:154} INFO - [2023-12-15T11:50:03.847+0000] {dagbag.py:536} INFO - Filling up the DagBag from /home/airflow/.local/lib/python3.8/site-packages/airflow/example_dags/example_local_kubernetes_executor.py
[2023-12-15T11:50:03.888+0000] {processor.py:839} INFO - DAG(s) dict_keys(['example_local_kubernetes_executor']) retrieved from /home/airflow/.local/lib/python3.8/site-packages/airflow/example_dags/example_local_kubernetes_executor.py
[2023-12-15T11:50:04.032+0000] {logging_mixin.py:154} INFO - [2023-12-15T11:50:04.032+0000] {dag.py:2941} INFO - Sync 1 DAGs
[2023-12-15T11:50:04.752+0000] {logging_mixin.py:154} INFO - [2023-12-15T11:50:04.751+0000] {dag.py:3722} INFO - Setting next_dagrun for example_local_kubernetes_executor to None, run_after=None
[2023-12-15T11:50:04.783+0000] {processor.py:179} INFO - Processing /home/airflow/.local/lib/python3.8/site-packages/airflow/example_dags/example_local_kubernetes_executor.py took 0.953 seconds
[2023-12-15T11:50:35.495+0000] {processor.py:157} INFO - Started process (PID=1410) to work on /home/airflow/.local/lib/python3.8/site-packages/airflow/example_dags/example_local_kubernetes_executor.py
[2023-12-15T11:50:35.500+0000] {processor.py:829} INFO - Processing file /home/airflow/.local/lib/python3.8/site-packages/airflow/example_dags/example_local_kubernetes_executor.py for tasks to queue
[2023-12-15T11:50:35.511+0000] {logging_mixin.py:154} INFO - [2023-12-15T11:50:35.508+0000] {dagbag.py:536} INFO - Filling up the DagBag from /home/airflow/.local/lib/python3.8/site-packages/airflow/example_dags/example_local_kubernetes_executor.py
[2023-12-15T11:50:35.549+0000] {processor.py:839} INFO - DAG(s) dict_keys(['example_local_kubernetes_executor']) retrieved from /home/airflow/.local/lib/python3.8/site-packages/airflow/example_dags/example_local_kubernetes_executor.py
[2023-12-15T11:50:35.676+0000] {logging_mixin.py:154} INFO - [2023-12-15T11:50:35.675+0000] {dag.py:2941} INFO - Sync 1 DAGs
[2023-12-15T11:50:35.690+0000] {logging_mixin.py:154} INFO - [2023-12-15T11:50:35.690+0000] {dag.py:3722} INFO - Setting next_dagrun for example_local_kubernetes_executor to None, run_after=None
[2023-12-15T11:50:35.708+0000] {processor.py:179} INFO - Processing /home/airflow/.local/lib/python3.8/site-packages/airflow/example_dags/example_local_kubernetes_executor.py took 0.234 seconds
[2023-12-15T11:51:10.416+0000] {processor.py:157} INFO - Started process (PID=1452) to work on /home/airflow/.local/lib/python3.8/site-packages/airflow/example_dags/example_local_kubernetes_executor.py
[2023-12-15T11:51:10.417+0000] {processor.py:829} INFO - Processing file /home/airflow/.local/lib/python3.8/site-packages/airflow/example_dags/example_local_kubernetes_executor.py for tasks to queue
[2023-12-15T11:51:10.420+0000] {logging_mixin.py:154} INFO - [2023-12-15T11:51:10.420+0000] {dagbag.py:536} INFO - Filling up the DagBag from /home/airflow/.local/lib/python3.8/site-packages/airflow/example_dags/example_local_kubernetes_executor.py
[2023-12-15T11:51:10.435+0000] {processor.py:839} INFO - DAG(s) dict_keys(['example_local_kubernetes_executor']) retrieved from /home/airflow/.local/lib/python3.8/site-packages/airflow/example_dags/example_local_kubernetes_executor.py
[2023-12-15T11:51:11.052+0000] {logging_mixin.py:154} INFO - [2023-12-15T11:51:11.049+0000] {dag.py:2941} INFO - Sync 1 DAGs
[2023-12-15T11:51:11.104+0000] {logging_mixin.py:154} INFO - [2023-12-15T11:51:11.103+0000] {dag.py:3722} INFO - Setting next_dagrun for example_local_kubernetes_executor to None, run_after=None
[2023-12-15T11:51:11.153+0000] {processor.py:179} INFO - Processing /home/airflow/.local/lib/python3.8/site-packages/airflow/example_dags/example_local_kubernetes_executor.py took 0.743 seconds
[2023-12-15T11:51:41.669+0000] {processor.py:157} INFO - Started process (PID=1506) to work on /home/airflow/.local/lib/python3.8/site-packages/airflow/example_dags/example_local_kubernetes_executor.py
[2023-12-15T11:51:41.671+0000] {processor.py:829} INFO - Processing file /home/airflow/.local/lib/python3.8/site-packages/airflow/example_dags/example_local_kubernetes_executor.py for tasks to queue
[2023-12-15T11:51:41.673+0000] {logging_mixin.py:154} INFO - [2023-12-15T11:51:41.673+0000] {dagbag.py:536} INFO - Filling up the DagBag from /home/airflow/.local/lib/python3.8/site-packages/airflow/example_dags/example_local_kubernetes_executor.py
[2023-12-15T11:51:41.777+0000] {processor.py:839} INFO - DAG(s) dict_keys(['example_local_kubernetes_executor']) retrieved from /home/airflow/.local/lib/python3.8/site-packages/airflow/example_dags/example_local_kubernetes_executor.py
[2023-12-15T11:51:41.909+0000] {logging_mixin.py:154} INFO - [2023-12-15T11:51:41.909+0000] {dag.py:2941} INFO - Sync 1 DAGs
[2023-12-15T11:51:41.932+0000] {logging_mixin.py:154} INFO - [2023-12-15T11:51:41.932+0000] {dag.py:3722} INFO - Setting next_dagrun for example_local_kubernetes_executor to None, run_after=None
[2023-12-15T11:51:44.867+0000] {processor.py:179} INFO - Processing /home/airflow/.local/lib/python3.8/site-packages/airflow/example_dags/example_local_kubernetes_executor.py took 3.202 seconds
[2023-12-15T11:52:22.725+0000] {processor.py:157} INFO - Started process (PID=1559) to work on /home/airflow/.local/lib/python3.8/site-packages/airflow/example_dags/example_local_kubernetes_executor.py
[2023-12-15T11:52:22.734+0000] {processor.py:829} INFO - Processing file /home/airflow/.local/lib/python3.8/site-packages/airflow/example_dags/example_local_kubernetes_executor.py for tasks to queue
[2023-12-15T11:52:22.737+0000] {logging_mixin.py:154} INFO - [2023-12-15T11:52:22.737+0000] {dagbag.py:536} INFO - Filling up the DagBag from /home/airflow/.local/lib/python3.8/site-packages/airflow/example_dags/example_local_kubernetes_executor.py
[2023-12-15T11:52:22.981+0000] {processor.py:839} INFO - DAG(s) dict_keys(['example_local_kubernetes_executor']) retrieved from /home/airflow/.local/lib/python3.8/site-packages/airflow/example_dags/example_local_kubernetes_executor.py
[2023-12-15T11:52:23.103+0000] {logging_mixin.py:154} INFO - [2023-12-15T11:52:23.103+0000] {dag.py:2941} INFO - Sync 1 DAGs
[2023-12-15T11:52:23.123+0000] {logging_mixin.py:154} INFO - [2023-12-15T11:52:23.123+0000] {dag.py:3722} INFO - Setting next_dagrun for example_local_kubernetes_executor to None, run_after=None
[2023-12-15T11:52:23.144+0000] {processor.py:179} INFO - Processing /home/airflow/.local/lib/python3.8/site-packages/airflow/example_dags/example_local_kubernetes_executor.py took 0.424 seconds
[2023-12-15T11:52:53.361+0000] {processor.py:157} INFO - Started process (PID=1613) to work on /home/airflow/.local/lib/python3.8/site-packages/airflow/example_dags/example_local_kubernetes_executor.py
[2023-12-15T11:52:53.365+0000] {processor.py:829} INFO - Processing file /home/airflow/.local/lib/python3.8/site-packages/airflow/example_dags/example_local_kubernetes_executor.py for tasks to queue
[2023-12-15T11:52:53.375+0000] {logging_mixin.py:154} INFO - [2023-12-15T11:52:53.374+0000] {dagbag.py:536} INFO - Filling up the DagBag from /home/airflow/.local/lib/python3.8/site-packages/airflow/example_dags/example_local_kubernetes_executor.py
[2023-12-15T11:52:53.406+0000] {processor.py:839} INFO - DAG(s) dict_keys(['example_local_kubernetes_executor']) retrieved from /home/airflow/.local/lib/python3.8/site-packages/airflow/example_dags/example_local_kubernetes_executor.py
[2023-12-15T11:52:53.837+0000] {logging_mixin.py:154} INFO - [2023-12-15T11:52:53.836+0000] {dag.py:2941} INFO - Sync 1 DAGs
[2023-12-15T11:52:53.937+0000] {logging_mixin.py:154} INFO - [2023-12-15T11:52:53.937+0000] {dag.py:3722} INFO - Setting next_dagrun for example_local_kubernetes_executor to None, run_after=None
[2023-12-15T11:52:53.993+0000] {processor.py:179} INFO - Processing /home/airflow/.local/lib/python3.8/site-packages/airflow/example_dags/example_local_kubernetes_executor.py took 0.647 seconds
[2023-12-15T11:53:24.915+0000] {processor.py:157} INFO - Started process (PID=1666) to work on /home/airflow/.local/lib/python3.8/site-packages/airflow/example_dags/example_local_kubernetes_executor.py
[2023-12-15T11:53:24.924+0000] {processor.py:829} INFO - Processing file /home/airflow/.local/lib/python3.8/site-packages/airflow/example_dags/example_local_kubernetes_executor.py for tasks to queue
[2023-12-15T11:53:24.928+0000] {logging_mixin.py:154} INFO - [2023-12-15T11:53:24.928+0000] {dagbag.py:536} INFO - Filling up the DagBag from /home/airflow/.local/lib/python3.8/site-packages/airflow/example_dags/example_local_kubernetes_executor.py
[2023-12-15T11:53:24.964+0000] {processor.py:839} INFO - DAG(s) dict_keys(['example_local_kubernetes_executor']) retrieved from /home/airflow/.local/lib/python3.8/site-packages/airflow/example_dags/example_local_kubernetes_executor.py
[2023-12-15T11:53:25.188+0000] {logging_mixin.py:154} INFO - [2023-12-15T11:53:25.188+0000] {dag.py:2941} INFO - Sync 1 DAGs
[2023-12-15T11:53:25.257+0000] {logging_mixin.py:154} INFO - [2023-12-15T11:53:25.256+0000] {dag.py:3722} INFO - Setting next_dagrun for example_local_kubernetes_executor to None, run_after=None
[2023-12-15T11:53:25.299+0000] {processor.py:179} INFO - Processing /home/airflow/.local/lib/python3.8/site-packages/airflow/example_dags/example_local_kubernetes_executor.py took 0.398 seconds
[2023-12-15T11:53:55.756+0000] {processor.py:157} INFO - Started process (PID=1720) to work on /home/airflow/.local/lib/python3.8/site-packages/airflow/example_dags/example_local_kubernetes_executor.py
[2023-12-15T11:53:55.760+0000] {processor.py:829} INFO - Processing file /home/airflow/.local/lib/python3.8/site-packages/airflow/example_dags/example_local_kubernetes_executor.py for tasks to queue
[2023-12-15T11:53:55.762+0000] {logging_mixin.py:154} INFO - [2023-12-15T11:53:55.762+0000] {dagbag.py:536} INFO - Filling up the DagBag from /home/airflow/.local/lib/python3.8/site-packages/airflow/example_dags/example_local_kubernetes_executor.py
[2023-12-15T11:53:55.796+0000] {processor.py:839} INFO - DAG(s) dict_keys(['example_local_kubernetes_executor']) retrieved from /home/airflow/.local/lib/python3.8/site-packages/airflow/example_dags/example_local_kubernetes_executor.py
[2023-12-15T11:53:56.088+0000] {logging_mixin.py:154} INFO - [2023-12-15T11:53:56.088+0000] {dag.py:2941} INFO - Sync 1 DAGs
[2023-12-15T11:53:56.158+0000] {logging_mixin.py:154} INFO - [2023-12-15T11:53:56.158+0000] {dag.py:3722} INFO - Setting next_dagrun for example_local_kubernetes_executor to None, run_after=None
[2023-12-15T11:53:56.219+0000] {processor.py:179} INFO - Processing /home/airflow/.local/lib/python3.8/site-packages/airflow/example_dags/example_local_kubernetes_executor.py took 0.480 seconds
[2023-12-15T11:54:26.960+0000] {processor.py:157} INFO - Started process (PID=1774) to work on /home/airflow/.local/lib/python3.8/site-packages/airflow/example_dags/example_local_kubernetes_executor.py
[2023-12-15T11:54:26.977+0000] {processor.py:829} INFO - Processing file /home/airflow/.local/lib/python3.8/site-packages/airflow/example_dags/example_local_kubernetes_executor.py for tasks to queue
[2023-12-15T11:54:26.996+0000] {logging_mixin.py:154} INFO - [2023-12-15T11:54:26.996+0000] {dagbag.py:536} INFO - Filling up the DagBag from /home/airflow/.local/lib/python3.8/site-packages/airflow/example_dags/example_local_kubernetes_executor.py
[2023-12-15T11:54:27.126+0000] {processor.py:839} INFO - DAG(s) dict_keys(['example_local_kubernetes_executor']) retrieved from /home/airflow/.local/lib/python3.8/site-packages/airflow/example_dags/example_local_kubernetes_executor.py
[2023-12-15T11:54:27.413+0000] {logging_mixin.py:154} INFO - [2023-12-15T11:54:27.412+0000] {dag.py:2941} INFO - Sync 1 DAGs
[2023-12-15T11:54:27.486+0000] {logging_mixin.py:154} INFO - [2023-12-15T11:54:27.486+0000] {dag.py:3722} INFO - Setting next_dagrun for example_local_kubernetes_executor to None, run_after=None
[2023-12-15T11:54:27.516+0000] {processor.py:179} INFO - Processing /home/airflow/.local/lib/python3.8/site-packages/airflow/example_dags/example_local_kubernetes_executor.py took 0.579 seconds
[2023-12-15T11:54:58.349+0000] {processor.py:157} INFO - Started process (PID=1828) to work on /home/airflow/.local/lib/python3.8/site-packages/airflow/example_dags/example_local_kubernetes_executor.py
[2023-12-15T11:54:58.358+0000] {processor.py:829} INFO - Processing file /home/airflow/.local/lib/python3.8/site-packages/airflow/example_dags/example_local_kubernetes_executor.py for tasks to queue
[2023-12-15T11:54:58.364+0000] {logging_mixin.py:154} INFO - [2023-12-15T11:54:58.363+0000] {dagbag.py:536} INFO - Filling up the DagBag from /home/airflow/.local/lib/python3.8/site-packages/airflow/example_dags/example_local_kubernetes_executor.py
[2023-12-15T11:54:58.439+0000] {processor.py:839} INFO - DAG(s) dict_keys(['example_local_kubernetes_executor']) retrieved from /home/airflow/.local/lib/python3.8/site-packages/airflow/example_dags/example_local_kubernetes_executor.py
[2023-12-15T11:54:58.683+0000] {logging_mixin.py:154} INFO - [2023-12-15T11:54:58.682+0000] {dag.py:2941} INFO - Sync 1 DAGs
[2023-12-15T11:54:58.712+0000] {logging_mixin.py:154} INFO - [2023-12-15T11:54:58.712+0000] {dag.py:3722} INFO - Setting next_dagrun for example_local_kubernetes_executor to None, run_after=None
[2023-12-15T11:54:58.731+0000] {processor.py:179} INFO - Processing /home/airflow/.local/lib/python3.8/site-packages/airflow/example_dags/example_local_kubernetes_executor.py took 0.399 seconds
[2023-12-15T11:55:29.311+0000] {processor.py:157} INFO - Started process (PID=1882) to work on /home/airflow/.local/lib/python3.8/site-packages/airflow/example_dags/example_local_kubernetes_executor.py
[2023-12-15T11:55:29.313+0000] {processor.py:829} INFO - Processing file /home/airflow/.local/lib/python3.8/site-packages/airflow/example_dags/example_local_kubernetes_executor.py for tasks to queue
[2023-12-15T11:55:29.316+0000] {logging_mixin.py:154} INFO - [2023-12-15T11:55:29.316+0000] {dagbag.py:536} INFO - Filling up the DagBag from /home/airflow/.local/lib/python3.8/site-packages/airflow/example_dags/example_local_kubernetes_executor.py
[2023-12-15T11:55:29.331+0000] {processor.py:839} INFO - DAG(s) dict_keys(['example_local_kubernetes_executor']) retrieved from /home/airflow/.local/lib/python3.8/site-packages/airflow/example_dags/example_local_kubernetes_executor.py
[2023-12-15T11:55:29.611+0000] {logging_mixin.py:154} INFO - [2023-12-15T11:55:29.611+0000] {dag.py:2941} INFO - Sync 1 DAGs
[2023-12-15T11:55:29.682+0000] {logging_mixin.py:154} INFO - [2023-12-15T11:55:29.682+0000] {dag.py:3722} INFO - Setting next_dagrun for example_local_kubernetes_executor to None, run_after=None
[2023-12-15T11:55:29.730+0000] {processor.py:179} INFO - Processing /home/airflow/.local/lib/python3.8/site-packages/airflow/example_dags/example_local_kubernetes_executor.py took 0.426 seconds
[2023-12-15T11:56:00.330+0000] {processor.py:157} INFO - Started process (PID=1937) to work on /home/airflow/.local/lib/python3.8/site-packages/airflow/example_dags/example_local_kubernetes_executor.py
[2023-12-15T11:56:00.336+0000] {processor.py:829} INFO - Processing file /home/airflow/.local/lib/python3.8/site-packages/airflow/example_dags/example_local_kubernetes_executor.py for tasks to queue
[2023-12-15T11:56:00.346+0000] {logging_mixin.py:154} INFO - [2023-12-15T11:56:00.346+0000] {dagbag.py:536} INFO - Filling up the DagBag from /home/airflow/.local/lib/python3.8/site-packages/airflow/example_dags/example_local_kubernetes_executor.py
[2023-12-15T11:56:00.360+0000] {processor.py:839} INFO - DAG(s) dict_keys(['example_local_kubernetes_executor']) retrieved from /home/airflow/.local/lib/python3.8/site-packages/airflow/example_dags/example_local_kubernetes_executor.py
[2023-12-15T11:56:00.438+0000] {logging_mixin.py:154} INFO - [2023-12-15T11:56:00.437+0000] {dag.py:2941} INFO - Sync 1 DAGs
[2023-12-15T11:56:00.459+0000] {logging_mixin.py:154} INFO - [2023-12-15T11:56:00.459+0000] {dag.py:3722} INFO - Setting next_dagrun for example_local_kubernetes_executor to None, run_after=None
[2023-12-15T11:56:00.479+0000] {processor.py:179} INFO - Processing /home/airflow/.local/lib/python3.8/site-packages/airflow/example_dags/example_local_kubernetes_executor.py took 0.162 seconds
[2023-12-15T11:56:30.771+0000] {processor.py:157} INFO - Started process (PID=1992) to work on /home/airflow/.local/lib/python3.8/site-packages/airflow/example_dags/example_local_kubernetes_executor.py
[2023-12-15T11:56:30.773+0000] {processor.py:829} INFO - Processing file /home/airflow/.local/lib/python3.8/site-packages/airflow/example_dags/example_local_kubernetes_executor.py for tasks to queue
[2023-12-15T11:56:30.776+0000] {logging_mixin.py:154} INFO - [2023-12-15T11:56:30.775+0000] {dagbag.py:536} INFO - Filling up the DagBag from /home/airflow/.local/lib/python3.8/site-packages/airflow/example_dags/example_local_kubernetes_executor.py
[2023-12-15T11:56:30.784+0000] {processor.py:839} INFO - DAG(s) dict_keys(['example_local_kubernetes_executor']) retrieved from /home/airflow/.local/lib/python3.8/site-packages/airflow/example_dags/example_local_kubernetes_executor.py
[2023-12-15T11:56:30.827+0000] {logging_mixin.py:154} INFO - [2023-12-15T11:56:30.826+0000] {dag.py:2941} INFO - Sync 1 DAGs
[2023-12-15T11:56:30.846+0000] {logging_mixin.py:154} INFO - [2023-12-15T11:56:30.846+0000] {dag.py:3722} INFO - Setting next_dagrun for example_local_kubernetes_executor to None, run_after=None
[2023-12-15T11:56:30.874+0000] {processor.py:179} INFO - Processing /home/airflow/.local/lib/python3.8/site-packages/airflow/example_dags/example_local_kubernetes_executor.py took 0.108 seconds
[2023-12-15T11:57:00.967+0000] {processor.py:157} INFO - Started process (PID=2045) to work on /home/airflow/.local/lib/python3.8/site-packages/airflow/example_dags/example_local_kubernetes_executor.py
[2023-12-15T11:57:00.969+0000] {processor.py:829} INFO - Processing file /home/airflow/.local/lib/python3.8/site-packages/airflow/example_dags/example_local_kubernetes_executor.py for tasks to queue
[2023-12-15T11:57:00.970+0000] {logging_mixin.py:154} INFO - [2023-12-15T11:57:00.970+0000] {dagbag.py:536} INFO - Filling up the DagBag from /home/airflow/.local/lib/python3.8/site-packages/airflow/example_dags/example_local_kubernetes_executor.py
[2023-12-15T11:57:00.976+0000] {processor.py:839} INFO - DAG(s) dict_keys(['example_local_kubernetes_executor']) retrieved from /home/airflow/.local/lib/python3.8/site-packages/airflow/example_dags/example_local_kubernetes_executor.py
[2023-12-15T11:57:01.054+0000] {logging_mixin.py:154} INFO - [2023-12-15T11:57:01.054+0000] {dag.py:2941} INFO - Sync 1 DAGs
[2023-12-15T11:57:01.073+0000] {logging_mixin.py:154} INFO - [2023-12-15T11:57:01.073+0000] {dag.py:3722} INFO - Setting next_dagrun for example_local_kubernetes_executor to None, run_after=None
[2023-12-15T11:57:01.102+0000] {processor.py:179} INFO - Processing /home/airflow/.local/lib/python3.8/site-packages/airflow/example_dags/example_local_kubernetes_executor.py took 0.137 seconds
[2023-12-15T11:57:32.098+0000] {processor.py:157} INFO - Started process (PID=2099) to work on /home/airflow/.local/lib/python3.8/site-packages/airflow/example_dags/example_local_kubernetes_executor.py
[2023-12-15T11:57:32.103+0000] {processor.py:829} INFO - Processing file /home/airflow/.local/lib/python3.8/site-packages/airflow/example_dags/example_local_kubernetes_executor.py for tasks to queue
[2023-12-15T11:57:32.115+0000] {logging_mixin.py:154} INFO - [2023-12-15T11:57:32.113+0000] {dagbag.py:536} INFO - Filling up the DagBag from /home/airflow/.local/lib/python3.8/site-packages/airflow/example_dags/example_local_kubernetes_executor.py
[2023-12-15T11:57:32.140+0000] {processor.py:839} INFO - DAG(s) dict_keys(['example_local_kubernetes_executor']) retrieved from /home/airflow/.local/lib/python3.8/site-packages/airflow/example_dags/example_local_kubernetes_executor.py
[2023-12-15T11:57:32.238+0000] {logging_mixin.py:154} INFO - [2023-12-15T11:57:32.237+0000] {dag.py:2941} INFO - Sync 1 DAGs
[2023-12-15T11:57:32.264+0000] {logging_mixin.py:154} INFO - [2023-12-15T11:57:32.264+0000] {dag.py:3722} INFO - Setting next_dagrun for example_local_kubernetes_executor to None, run_after=None
[2023-12-15T11:57:32.295+0000] {processor.py:179} INFO - Processing /home/airflow/.local/lib/python3.8/site-packages/airflow/example_dags/example_local_kubernetes_executor.py took 0.205 seconds
[2023-12-15T11:58:02.833+0000] {processor.py:157} INFO - Started process (PID=2151) to work on /home/airflow/.local/lib/python3.8/site-packages/airflow/example_dags/example_local_kubernetes_executor.py
[2023-12-15T11:58:02.836+0000] {processor.py:829} INFO - Processing file /home/airflow/.local/lib/python3.8/site-packages/airflow/example_dags/example_local_kubernetes_executor.py for tasks to queue
[2023-12-15T11:58:02.840+0000] {logging_mixin.py:154} INFO - [2023-12-15T11:58:02.839+0000] {dagbag.py:536} INFO - Filling up the DagBag from /home/airflow/.local/lib/python3.8/site-packages/airflow/example_dags/example_local_kubernetes_executor.py
[2023-12-15T11:58:02.857+0000] {processor.py:839} INFO - DAG(s) dict_keys(['example_local_kubernetes_executor']) retrieved from /home/airflow/.local/lib/python3.8/site-packages/airflow/example_dags/example_local_kubernetes_executor.py
[2023-12-15T11:58:02.970+0000] {logging_mixin.py:154} INFO - [2023-12-15T11:58:02.969+0000] {dag.py:2941} INFO - Sync 1 DAGs
[2023-12-15T11:58:03.006+0000] {logging_mixin.py:154} INFO - [2023-12-15T11:58:03.005+0000] {dag.py:3722} INFO - Setting next_dagrun for example_local_kubernetes_executor to None, run_after=None
[2023-12-15T11:58:03.055+0000] {processor.py:179} INFO - Processing /home/airflow/.local/lib/python3.8/site-packages/airflow/example_dags/example_local_kubernetes_executor.py took 0.232 seconds
[2023-12-15T11:58:33.386+0000] {processor.py:157} INFO - Started process (PID=2205) to work on /home/airflow/.local/lib/python3.8/site-packages/airflow/example_dags/example_local_kubernetes_executor.py
[2023-12-15T11:58:33.389+0000] {processor.py:829} INFO - Processing file /home/airflow/.local/lib/python3.8/site-packages/airflow/example_dags/example_local_kubernetes_executor.py for tasks to queue
[2023-12-15T11:58:33.394+0000] {logging_mixin.py:154} INFO - [2023-12-15T11:58:33.393+0000] {dagbag.py:536} INFO - Filling up the DagBag from /home/airflow/.local/lib/python3.8/site-packages/airflow/example_dags/example_local_kubernetes_executor.py
[2023-12-15T11:58:33.425+0000] {processor.py:839} INFO - DAG(s) dict_keys(['example_local_kubernetes_executor']) retrieved from /home/airflow/.local/lib/python3.8/site-packages/airflow/example_dags/example_local_kubernetes_executor.py
[2023-12-15T11:58:33.542+0000] {logging_mixin.py:154} INFO - [2023-12-15T11:58:33.541+0000] {dag.py:2941} INFO - Sync 1 DAGs
[2023-12-15T11:58:33.586+0000] {logging_mixin.py:154} INFO - [2023-12-15T11:58:33.586+0000] {dag.py:3722} INFO - Setting next_dagrun for example_local_kubernetes_executor to None, run_after=None
[2023-12-15T11:58:33.610+0000] {processor.py:179} INFO - Processing /home/airflow/.local/lib/python3.8/site-packages/airflow/example_dags/example_local_kubernetes_executor.py took 0.229 seconds
[2023-12-15T11:59:04.000+0000] {processor.py:157} INFO - Started process (PID=2258) to work on /home/airflow/.local/lib/python3.8/site-packages/airflow/example_dags/example_local_kubernetes_executor.py
[2023-12-15T11:59:04.002+0000] {processor.py:829} INFO - Processing file /home/airflow/.local/lib/python3.8/site-packages/airflow/example_dags/example_local_kubernetes_executor.py for tasks to queue
[2023-12-15T11:59:04.003+0000] {logging_mixin.py:154} INFO - [2023-12-15T11:59:04.003+0000] {dagbag.py:536} INFO - Filling up the DagBag from /home/airflow/.local/lib/python3.8/site-packages/airflow/example_dags/example_local_kubernetes_executor.py
[2023-12-15T11:59:04.012+0000] {processor.py:839} INFO - DAG(s) dict_keys(['example_local_kubernetes_executor']) retrieved from /home/airflow/.local/lib/python3.8/site-packages/airflow/example_dags/example_local_kubernetes_executor.py
[2023-12-15T11:59:04.079+0000] {logging_mixin.py:154} INFO - [2023-12-15T11:59:04.078+0000] {dag.py:2941} INFO - Sync 1 DAGs
[2023-12-15T11:59:04.094+0000] {logging_mixin.py:154} INFO - [2023-12-15T11:59:04.094+0000] {dag.py:3722} INFO - Setting next_dagrun for example_local_kubernetes_executor to None, run_after=None
[2023-12-15T11:59:04.111+0000] {processor.py:179} INFO - Processing /home/airflow/.local/lib/python3.8/site-packages/airflow/example_dags/example_local_kubernetes_executor.py took 0.115 seconds
[2023-12-15T11:59:34.307+0000] {processor.py:157} INFO - Started process (PID=2312) to work on /home/airflow/.local/lib/python3.8/site-packages/airflow/example_dags/example_local_kubernetes_executor.py
[2023-12-15T11:59:34.308+0000] {processor.py:829} INFO - Processing file /home/airflow/.local/lib/python3.8/site-packages/airflow/example_dags/example_local_kubernetes_executor.py for tasks to queue
[2023-12-15T11:59:34.310+0000] {logging_mixin.py:154} INFO - [2023-12-15T11:59:34.310+0000] {dagbag.py:536} INFO - Filling up the DagBag from /home/airflow/.local/lib/python3.8/site-packages/airflow/example_dags/example_local_kubernetes_executor.py
[2023-12-15T11:59:34.318+0000] {processor.py:839} INFO - DAG(s) dict_keys(['example_local_kubernetes_executor']) retrieved from /home/airflow/.local/lib/python3.8/site-packages/airflow/example_dags/example_local_kubernetes_executor.py
[2023-12-15T11:59:34.357+0000] {logging_mixin.py:154} INFO - [2023-12-15T11:59:34.357+0000] {dag.py:2941} INFO - Sync 1 DAGs
[2023-12-15T11:59:34.369+0000] {logging_mixin.py:154} INFO - [2023-12-15T11:59:34.369+0000] {dag.py:3722} INFO - Setting next_dagrun for example_local_kubernetes_executor to None, run_after=None
[2023-12-15T11:59:34.399+0000] {processor.py:179} INFO - Processing /home/airflow/.local/lib/python3.8/site-packages/airflow/example_dags/example_local_kubernetes_executor.py took 0.095 seconds
[2023-12-15T12:00:04.979+0000] {processor.py:157} INFO - Started process (PID=2365) to work on /home/airflow/.local/lib/python3.8/site-packages/airflow/example_dags/example_local_kubernetes_executor.py
[2023-12-15T12:00:04.982+0000] {processor.py:829} INFO - Processing file /home/airflow/.local/lib/python3.8/site-packages/airflow/example_dags/example_local_kubernetes_executor.py for tasks to queue
[2023-12-15T12:00:04.986+0000] {logging_mixin.py:154} INFO - [2023-12-15T12:00:04.986+0000] {dagbag.py:536} INFO - Filling up the DagBag from /home/airflow/.local/lib/python3.8/site-packages/airflow/example_dags/example_local_kubernetes_executor.py
[2023-12-15T12:00:05.028+0000] {processor.py:839} INFO - DAG(s) dict_keys(['example_local_kubernetes_executor']) retrieved from /home/airflow/.local/lib/python3.8/site-packages/airflow/example_dags/example_local_kubernetes_executor.py
[2023-12-15T12:00:05.223+0000] {logging_mixin.py:154} INFO - [2023-12-15T12:00:05.222+0000] {dag.py:2941} INFO - Sync 1 DAGs
[2023-12-15T12:00:05.263+0000] {logging_mixin.py:154} INFO - [2023-12-15T12:00:05.263+0000] {dag.py:3722} INFO - Setting next_dagrun for example_local_kubernetes_executor to None, run_after=None
[2023-12-15T12:00:05.290+0000] {processor.py:179} INFO - Processing /home/airflow/.local/lib/python3.8/site-packages/airflow/example_dags/example_local_kubernetes_executor.py took 0.324 seconds
[2023-12-15T12:00:36.166+0000] {processor.py:157} INFO - Started process (PID=2419) to work on /home/airflow/.local/lib/python3.8/site-packages/airflow/example_dags/example_local_kubernetes_executor.py
[2023-12-15T12:00:36.170+0000] {processor.py:829} INFO - Processing file /home/airflow/.local/lib/python3.8/site-packages/airflow/example_dags/example_local_kubernetes_executor.py for tasks to queue
[2023-12-15T12:00:36.178+0000] {logging_mixin.py:154} INFO - [2023-12-15T12:00:36.177+0000] {dagbag.py:536} INFO - Filling up the DagBag from /home/airflow/.local/lib/python3.8/site-packages/airflow/example_dags/example_local_kubernetes_executor.py
[2023-12-15T12:00:36.225+0000] {processor.py:839} INFO - DAG(s) dict_keys(['example_local_kubernetes_executor']) retrieved from /home/airflow/.local/lib/python3.8/site-packages/airflow/example_dags/example_local_kubernetes_executor.py
[2023-12-15T12:00:36.671+0000] {logging_mixin.py:154} INFO - [2023-12-15T12:00:36.670+0000] {dag.py:2941} INFO - Sync 1 DAGs
[2023-12-15T12:00:36.734+0000] {logging_mixin.py:154} INFO - [2023-12-15T12:00:36.733+0000] {dag.py:3722} INFO - Setting next_dagrun for example_local_kubernetes_executor to None, run_after=None
[2023-12-15T12:00:36.794+0000] {processor.py:179} INFO - Processing /home/airflow/.local/lib/python3.8/site-packages/airflow/example_dags/example_local_kubernetes_executor.py took 0.655 seconds
[2023-12-15T12:01:07.227+0000] {processor.py:157} INFO - Started process (PID=2473) to work on /home/airflow/.local/lib/python3.8/site-packages/airflow/example_dags/example_local_kubernetes_executor.py
[2023-12-15T12:01:07.232+0000] {processor.py:829} INFO - Processing file /home/airflow/.local/lib/python3.8/site-packages/airflow/example_dags/example_local_kubernetes_executor.py for tasks to queue
[2023-12-15T12:01:07.240+0000] {logging_mixin.py:154} INFO - [2023-12-15T12:01:07.239+0000] {dagbag.py:536} INFO - Filling up the DagBag from /home/airflow/.local/lib/python3.8/site-packages/airflow/example_dags/example_local_kubernetes_executor.py
[2023-12-15T12:01:07.366+0000] {processor.py:839} INFO - DAG(s) dict_keys(['example_local_kubernetes_executor']) retrieved from /home/airflow/.local/lib/python3.8/site-packages/airflow/example_dags/example_local_kubernetes_executor.py
[2023-12-15T12:01:07.841+0000] {logging_mixin.py:154} INFO - [2023-12-15T12:01:07.840+0000] {dag.py:2941} INFO - Sync 1 DAGs
[2023-12-15T12:01:07.870+0000] {logging_mixin.py:154} INFO - [2023-12-15T12:01:07.870+0000] {dag.py:3722} INFO - Setting next_dagrun for example_local_kubernetes_executor to None, run_after=None
[2023-12-15T12:01:07.995+0000] {processor.py:179} INFO - Processing /home/airflow/.local/lib/python3.8/site-packages/airflow/example_dags/example_local_kubernetes_executor.py took 0.779 seconds
[2023-12-15T12:01:38.175+0000] {processor.py:157} INFO - Started process (PID=2526) to work on /home/airflow/.local/lib/python3.8/site-packages/airflow/example_dags/example_local_kubernetes_executor.py
[2023-12-15T12:01:38.178+0000] {processor.py:829} INFO - Processing file /home/airflow/.local/lib/python3.8/site-packages/airflow/example_dags/example_local_kubernetes_executor.py for tasks to queue
[2023-12-15T12:01:38.187+0000] {logging_mixin.py:154} INFO - [2023-12-15T12:01:38.185+0000] {dagbag.py:536} INFO - Filling up the DagBag from /home/airflow/.local/lib/python3.8/site-packages/airflow/example_dags/example_local_kubernetes_executor.py
[2023-12-15T12:01:38.303+0000] {processor.py:839} INFO - DAG(s) dict_keys(['example_local_kubernetes_executor']) retrieved from /home/airflow/.local/lib/python3.8/site-packages/airflow/example_dags/example_local_kubernetes_executor.py
[2023-12-15T12:01:38.565+0000] {logging_mixin.py:154} INFO - [2023-12-15T12:01:38.565+0000] {dag.py:2941} INFO - Sync 1 DAGs
[2023-12-15T12:01:38.715+0000] {logging_mixin.py:154} INFO - [2023-12-15T12:01:38.714+0000] {dag.py:3722} INFO - Setting next_dagrun for example_local_kubernetes_executor to None, run_after=None
[2023-12-15T12:01:38.785+0000] {processor.py:179} INFO - Processing /home/airflow/.local/lib/python3.8/site-packages/airflow/example_dags/example_local_kubernetes_executor.py took 0.618 seconds
[2023-12-15T12:02:08.968+0000] {processor.py:157} INFO - Started process (PID=2581) to work on /home/airflow/.local/lib/python3.8/site-packages/airflow/example_dags/example_local_kubernetes_executor.py
[2023-12-15T12:02:08.970+0000] {processor.py:829} INFO - Processing file /home/airflow/.local/lib/python3.8/site-packages/airflow/example_dags/example_local_kubernetes_executor.py for tasks to queue
[2023-12-15T12:02:08.973+0000] {logging_mixin.py:154} INFO - [2023-12-15T12:02:08.972+0000] {dagbag.py:536} INFO - Filling up the DagBag from /home/airflow/.local/lib/python3.8/site-packages/airflow/example_dags/example_local_kubernetes_executor.py
[2023-12-15T12:02:09.020+0000] {processor.py:839} INFO - DAG(s) dict_keys(['example_local_kubernetes_executor']) retrieved from /home/airflow/.local/lib/python3.8/site-packages/airflow/example_dags/example_local_kubernetes_executor.py
[2023-12-15T12:02:09.252+0000] {logging_mixin.py:154} INFO - [2023-12-15T12:02:09.250+0000] {dag.py:2941} INFO - Sync 1 DAGs
[2023-12-15T12:02:09.375+0000] {logging_mixin.py:154} INFO - [2023-12-15T12:02:09.375+0000] {dag.py:3722} INFO - Setting next_dagrun for example_local_kubernetes_executor to None, run_after=None
[2023-12-15T12:02:09.477+0000] {processor.py:179} INFO - Processing /home/airflow/.local/lib/python3.8/site-packages/airflow/example_dags/example_local_kubernetes_executor.py took 0.515 seconds
[2023-12-15T12:02:40.016+0000] {processor.py:157} INFO - Started process (PID=2635) to work on /home/airflow/.local/lib/python3.8/site-packages/airflow/example_dags/example_local_kubernetes_executor.py
[2023-12-15T12:02:40.018+0000] {processor.py:829} INFO - Processing file /home/airflow/.local/lib/python3.8/site-packages/airflow/example_dags/example_local_kubernetes_executor.py for tasks to queue
[2023-12-15T12:02:40.031+0000] {logging_mixin.py:154} INFO - [2023-12-15T12:02:40.030+0000] {dagbag.py:536} INFO - Filling up the DagBag from /home/airflow/.local/lib/python3.8/site-packages/airflow/example_dags/example_local_kubernetes_executor.py
[2023-12-15T12:02:40.081+0000] {processor.py:839} INFO - DAG(s) dict_keys(['example_local_kubernetes_executor']) retrieved from /home/airflow/.local/lib/python3.8/site-packages/airflow/example_dags/example_local_kubernetes_executor.py
[2023-12-15T12:02:40.295+0000] {logging_mixin.py:154} INFO - [2023-12-15T12:02:40.295+0000] {dag.py:2941} INFO - Sync 1 DAGs
[2023-12-15T12:02:40.475+0000] {logging_mixin.py:154} INFO - [2023-12-15T12:02:40.468+0000] {dag.py:3722} INFO - Setting next_dagrun for example_local_kubernetes_executor to None, run_after=None
[2023-12-15T12:02:40.644+0000] {processor.py:179} INFO - Processing /home/airflow/.local/lib/python3.8/site-packages/airflow/example_dags/example_local_kubernetes_executor.py took 0.635 seconds
[2023-12-15T12:03:11.303+0000] {processor.py:157} INFO - Started process (PID=2689) to work on /home/airflow/.local/lib/python3.8/site-packages/airflow/example_dags/example_local_kubernetes_executor.py
[2023-12-15T12:03:11.305+0000] {processor.py:829} INFO - Processing file /home/airflow/.local/lib/python3.8/site-packages/airflow/example_dags/example_local_kubernetes_executor.py for tasks to queue
[2023-12-15T12:03:11.309+0000] {logging_mixin.py:154} INFO - [2023-12-15T12:03:11.308+0000] {dagbag.py:536} INFO - Filling up the DagBag from /home/airflow/.local/lib/python3.8/site-packages/airflow/example_dags/example_local_kubernetes_executor.py
[2023-12-15T12:03:11.371+0000] {processor.py:839} INFO - DAG(s) dict_keys(['example_local_kubernetes_executor']) retrieved from /home/airflow/.local/lib/python3.8/site-packages/airflow/example_dags/example_local_kubernetes_executor.py
[2023-12-15T12:03:11.568+0000] {logging_mixin.py:154} INFO - [2023-12-15T12:03:11.567+0000] {dag.py:2941} INFO - Sync 1 DAGs
[2023-12-15T12:03:11.621+0000] {logging_mixin.py:154} INFO - [2023-12-15T12:03:11.620+0000] {dag.py:3722} INFO - Setting next_dagrun for example_local_kubernetes_executor to None, run_after=None
[2023-12-15T12:03:11.651+0000] {processor.py:179} INFO - Processing /home/airflow/.local/lib/python3.8/site-packages/airflow/example_dags/example_local_kubernetes_executor.py took 0.354 seconds
[2023-12-15T12:03:42.371+0000] {processor.py:157} INFO - Started process (PID=2743) to work on /home/airflow/.local/lib/python3.8/site-packages/airflow/example_dags/example_local_kubernetes_executor.py
[2023-12-15T12:03:42.374+0000] {processor.py:829} INFO - Processing file /home/airflow/.local/lib/python3.8/site-packages/airflow/example_dags/example_local_kubernetes_executor.py for tasks to queue
[2023-12-15T12:03:42.380+0000] {logging_mixin.py:154} INFO - [2023-12-15T12:03:42.379+0000] {dagbag.py:536} INFO - Filling up the DagBag from /home/airflow/.local/lib/python3.8/site-packages/airflow/example_dags/example_local_kubernetes_executor.py
[2023-12-15T12:03:42.459+0000] {processor.py:839} INFO - DAG(s) dict_keys(['example_local_kubernetes_executor']) retrieved from /home/airflow/.local/lib/python3.8/site-packages/airflow/example_dags/example_local_kubernetes_executor.py
[2023-12-15T12:03:42.853+0000] {logging_mixin.py:154} INFO - [2023-12-15T12:03:42.853+0000] {dag.py:2941} INFO - Sync 1 DAGs
[2023-12-15T12:03:42.890+0000] {logging_mixin.py:154} INFO - [2023-12-15T12:03:42.890+0000] {dag.py:3722} INFO - Setting next_dagrun for example_local_kubernetes_executor to None, run_after=None
[2023-12-15T12:03:42.960+0000] {processor.py:179} INFO - Processing /home/airflow/.local/lib/python3.8/site-packages/airflow/example_dags/example_local_kubernetes_executor.py took 0.593 seconds
[2023-12-15T12:04:13.382+0000] {processor.py:157} INFO - Started process (PID=2797) to work on /home/airflow/.local/lib/python3.8/site-packages/airflow/example_dags/example_local_kubernetes_executor.py
[2023-12-15T12:04:13.385+0000] {processor.py:829} INFO - Processing file /home/airflow/.local/lib/python3.8/site-packages/airflow/example_dags/example_local_kubernetes_executor.py for tasks to queue
[2023-12-15T12:04:13.388+0000] {logging_mixin.py:154} INFO - [2023-12-15T12:04:13.388+0000] {dagbag.py:536} INFO - Filling up the DagBag from /home/airflow/.local/lib/python3.8/site-packages/airflow/example_dags/example_local_kubernetes_executor.py
[2023-12-15T12:04:13.425+0000] {processor.py:839} INFO - DAG(s) dict_keys(['example_local_kubernetes_executor']) retrieved from /home/airflow/.local/lib/python3.8/site-packages/airflow/example_dags/example_local_kubernetes_executor.py
[2023-12-15T12:04:13.567+0000] {logging_mixin.py:154} INFO - [2023-12-15T12:04:13.566+0000] {dag.py:2941} INFO - Sync 1 DAGs
[2023-12-15T12:04:13.609+0000] {logging_mixin.py:154} INFO - [2023-12-15T12:04:13.609+0000] {dag.py:3722} INFO - Setting next_dagrun for example_local_kubernetes_executor to None, run_after=None
[2023-12-15T12:04:13.645+0000] {processor.py:179} INFO - Processing /home/airflow/.local/lib/python3.8/site-packages/airflow/example_dags/example_local_kubernetes_executor.py took 0.267 seconds
[2023-12-15T12:04:44.009+0000] {processor.py:157} INFO - Started process (PID=2850) to work on /home/airflow/.local/lib/python3.8/site-packages/airflow/example_dags/example_local_kubernetes_executor.py
[2023-12-15T12:04:44.012+0000] {processor.py:829} INFO - Processing file /home/airflow/.local/lib/python3.8/site-packages/airflow/example_dags/example_local_kubernetes_executor.py for tasks to queue
[2023-12-15T12:04:44.018+0000] {logging_mixin.py:154} INFO - [2023-12-15T12:04:44.015+0000] {dagbag.py:536} INFO - Filling up the DagBag from /home/airflow/.local/lib/python3.8/site-packages/airflow/example_dags/example_local_kubernetes_executor.py
[2023-12-15T12:04:44.068+0000] {processor.py:839} INFO - DAG(s) dict_keys(['example_local_kubernetes_executor']) retrieved from /home/airflow/.local/lib/python3.8/site-packages/airflow/example_dags/example_local_kubernetes_executor.py
[2023-12-15T12:04:44.326+0000] {logging_mixin.py:154} INFO - [2023-12-15T12:04:44.326+0000] {dag.py:2941} INFO - Sync 1 DAGs
[2023-12-15T12:04:44.442+0000] {logging_mixin.py:154} INFO - [2023-12-15T12:04:44.441+0000] {dag.py:3722} INFO - Setting next_dagrun for example_local_kubernetes_executor to None, run_after=None
[2023-12-15T12:04:44.546+0000] {processor.py:179} INFO - Processing /home/airflow/.local/lib/python3.8/site-packages/airflow/example_dags/example_local_kubernetes_executor.py took 0.540 seconds
[2023-12-15T12:05:14.844+0000] {processor.py:157} INFO - Started process (PID=2904) to work on /home/airflow/.local/lib/python3.8/site-packages/airflow/example_dags/example_local_kubernetes_executor.py
[2023-12-15T12:05:14.846+0000] {processor.py:829} INFO - Processing file /home/airflow/.local/lib/python3.8/site-packages/airflow/example_dags/example_local_kubernetes_executor.py for tasks to queue
[2023-12-15T12:05:14.850+0000] {logging_mixin.py:154} INFO - [2023-12-15T12:05:14.850+0000] {dagbag.py:536} INFO - Filling up the DagBag from /home/airflow/.local/lib/python3.8/site-packages/airflow/example_dags/example_local_kubernetes_executor.py
[2023-12-15T12:05:14.867+0000] {processor.py:839} INFO - DAG(s) dict_keys(['example_local_kubernetes_executor']) retrieved from /home/airflow/.local/lib/python3.8/site-packages/airflow/example_dags/example_local_kubernetes_executor.py
[2023-12-15T12:05:15.011+0000] {logging_mixin.py:154} INFO - [2023-12-15T12:05:15.010+0000] {dag.py:2941} INFO - Sync 1 DAGs
[2023-12-15T12:05:15.055+0000] {logging_mixin.py:154} INFO - [2023-12-15T12:05:15.055+0000] {dag.py:3722} INFO - Setting next_dagrun for example_local_kubernetes_executor to None, run_after=None
[2023-12-15T12:05:15.080+0000] {processor.py:179} INFO - Processing /home/airflow/.local/lib/python3.8/site-packages/airflow/example_dags/example_local_kubernetes_executor.py took 0.239 seconds
[2023-12-15T12:05:45.909+0000] {processor.py:157} INFO - Started process (PID=2955) to work on /home/airflow/.local/lib/python3.8/site-packages/airflow/example_dags/example_local_kubernetes_executor.py
[2023-12-15T12:05:45.917+0000] {processor.py:829} INFO - Processing file /home/airflow/.local/lib/python3.8/site-packages/airflow/example_dags/example_local_kubernetes_executor.py for tasks to queue
[2023-12-15T12:05:45.927+0000] {logging_mixin.py:154} INFO - [2023-12-15T12:05:45.925+0000] {dagbag.py:536} INFO - Filling up the DagBag from /home/airflow/.local/lib/python3.8/site-packages/airflow/example_dags/example_local_kubernetes_executor.py
[2023-12-15T12:05:45.941+0000] {processor.py:839} INFO - DAG(s) dict_keys(['example_local_kubernetes_executor']) retrieved from /home/airflow/.local/lib/python3.8/site-packages/airflow/example_dags/example_local_kubernetes_executor.py
[2023-12-15T12:05:46.315+0000] {logging_mixin.py:154} INFO - [2023-12-15T12:05:46.315+0000] {dag.py:2941} INFO - Sync 1 DAGs
[2023-12-15T12:05:46.435+0000] {logging_mixin.py:154} INFO - [2023-12-15T12:05:46.434+0000] {dag.py:3722} INFO - Setting next_dagrun for example_local_kubernetes_executor to None, run_after=None
[2023-12-15T12:05:46.495+0000] {processor.py:179} INFO - Processing /home/airflow/.local/lib/python3.8/site-packages/airflow/example_dags/example_local_kubernetes_executor.py took 0.617 seconds
[2023-12-15T12:06:17.068+0000] {processor.py:157} INFO - Started process (PID=3009) to work on /home/airflow/.local/lib/python3.8/site-packages/airflow/example_dags/example_local_kubernetes_executor.py
[2023-12-15T12:06:17.074+0000] {processor.py:829} INFO - Processing file /home/airflow/.local/lib/python3.8/site-packages/airflow/example_dags/example_local_kubernetes_executor.py for tasks to queue
[2023-12-15T12:06:17.097+0000] {logging_mixin.py:154} INFO - [2023-12-15T12:06:17.093+0000] {dagbag.py:536} INFO - Filling up the DagBag from /home/airflow/.local/lib/python3.8/site-packages/airflow/example_dags/example_local_kubernetes_executor.py
[2023-12-15T12:06:17.288+0000] {processor.py:839} INFO - DAG(s) dict_keys(['example_local_kubernetes_executor']) retrieved from /home/airflow/.local/lib/python3.8/site-packages/airflow/example_dags/example_local_kubernetes_executor.py
[2023-12-15T12:06:17.680+0000] {logging_mixin.py:154} INFO - [2023-12-15T12:06:17.680+0000] {dag.py:2941} INFO - Sync 1 DAGs
[2023-12-15T12:06:17.763+0000] {logging_mixin.py:154} INFO - [2023-12-15T12:06:17.763+0000] {dag.py:3722} INFO - Setting next_dagrun for example_local_kubernetes_executor to None, run_after=None
[2023-12-15T12:06:17.824+0000] {processor.py:179} INFO - Processing /home/airflow/.local/lib/python3.8/site-packages/airflow/example_dags/example_local_kubernetes_executor.py took 0.763 seconds
[2023-12-15T12:06:48.722+0000] {processor.py:157} INFO - Started process (PID=3063) to work on /home/airflow/.local/lib/python3.8/site-packages/airflow/example_dags/example_local_kubernetes_executor.py
[2023-12-15T12:06:48.725+0000] {processor.py:829} INFO - Processing file /home/airflow/.local/lib/python3.8/site-packages/airflow/example_dags/example_local_kubernetes_executor.py for tasks to queue
[2023-12-15T12:06:48.732+0000] {logging_mixin.py:154} INFO - [2023-12-15T12:06:48.732+0000] {dagbag.py:536} INFO - Filling up the DagBag from /home/airflow/.local/lib/python3.8/site-packages/airflow/example_dags/example_local_kubernetes_executor.py
[2023-12-15T12:06:48.810+0000] {processor.py:839} INFO - DAG(s) dict_keys(['example_local_kubernetes_executor']) retrieved from /home/airflow/.local/lib/python3.8/site-packages/airflow/example_dags/example_local_kubernetes_executor.py
[2023-12-15T12:06:49.071+0000] {logging_mixin.py:154} INFO - [2023-12-15T12:06:49.071+0000] {dag.py:2941} INFO - Sync 1 DAGs
[2023-12-15T12:06:49.166+0000] {logging_mixin.py:154} INFO - [2023-12-15T12:06:49.165+0000] {dag.py:3722} INFO - Setting next_dagrun for example_local_kubernetes_executor to None, run_after=None
[2023-12-15T12:06:49.284+0000] {processor.py:179} INFO - Processing /home/airflow/.local/lib/python3.8/site-packages/airflow/example_dags/example_local_kubernetes_executor.py took 0.569 seconds
[2023-12-15T12:07:20.076+0000] {processor.py:157} INFO - Started process (PID=3116) to work on /home/airflow/.local/lib/python3.8/site-packages/airflow/example_dags/example_local_kubernetes_executor.py
[2023-12-15T12:07:20.079+0000] {processor.py:829} INFO - Processing file /home/airflow/.local/lib/python3.8/site-packages/airflow/example_dags/example_local_kubernetes_executor.py for tasks to queue
[2023-12-15T12:07:20.085+0000] {logging_mixin.py:154} INFO - [2023-12-15T12:07:20.084+0000] {dagbag.py:536} INFO - Filling up the DagBag from /home/airflow/.local/lib/python3.8/site-packages/airflow/example_dags/example_local_kubernetes_executor.py
[2023-12-15T12:07:20.118+0000] {processor.py:839} INFO - DAG(s) dict_keys(['example_local_kubernetes_executor']) retrieved from /home/airflow/.local/lib/python3.8/site-packages/airflow/example_dags/example_local_kubernetes_executor.py
[2023-12-15T12:07:20.212+0000] {logging_mixin.py:154} INFO - [2023-12-15T12:07:20.211+0000] {dag.py:2941} INFO - Sync 1 DAGs
[2023-12-15T12:07:20.245+0000] {logging_mixin.py:154} INFO - [2023-12-15T12:07:20.245+0000] {dag.py:3722} INFO - Setting next_dagrun for example_local_kubernetes_executor to None, run_after=None
[2023-12-15T12:07:20.280+0000] {processor.py:179} INFO - Processing /home/airflow/.local/lib/python3.8/site-packages/airflow/example_dags/example_local_kubernetes_executor.py took 0.211 seconds
[2023-12-15T12:07:51.053+0000] {processor.py:157} INFO - Started process (PID=3170) to work on /home/airflow/.local/lib/python3.8/site-packages/airflow/example_dags/example_local_kubernetes_executor.py
[2023-12-15T12:07:51.061+0000] {processor.py:829} INFO - Processing file /home/airflow/.local/lib/python3.8/site-packages/airflow/example_dags/example_local_kubernetes_executor.py for tasks to queue
[2023-12-15T12:07:51.079+0000] {logging_mixin.py:154} INFO - [2023-12-15T12:07:51.074+0000] {dagbag.py:536} INFO - Filling up the DagBag from /home/airflow/.local/lib/python3.8/site-packages/airflow/example_dags/example_local_kubernetes_executor.py
[2023-12-15T12:07:51.168+0000] {processor.py:839} INFO - DAG(s) dict_keys(['example_local_kubernetes_executor']) retrieved from /home/airflow/.local/lib/python3.8/site-packages/airflow/example_dags/example_local_kubernetes_executor.py
[2023-12-15T12:07:51.302+0000] {logging_mixin.py:154} INFO - [2023-12-15T12:07:51.301+0000] {dag.py:2941} INFO - Sync 1 DAGs
[2023-12-15T12:07:51.350+0000] {logging_mixin.py:154} INFO - [2023-12-15T12:07:51.350+0000] {dag.py:3722} INFO - Setting next_dagrun for example_local_kubernetes_executor to None, run_after=None
[2023-12-15T12:07:51.396+0000] {processor.py:179} INFO - Processing /home/airflow/.local/lib/python3.8/site-packages/airflow/example_dags/example_local_kubernetes_executor.py took 0.354 seconds
[2023-12-15T12:08:22.071+0000] {processor.py:157} INFO - Started process (PID=3224) to work on /home/airflow/.local/lib/python3.8/site-packages/airflow/example_dags/example_local_kubernetes_executor.py
[2023-12-15T12:08:22.073+0000] {processor.py:829} INFO - Processing file /home/airflow/.local/lib/python3.8/site-packages/airflow/example_dags/example_local_kubernetes_executor.py for tasks to queue
[2023-12-15T12:08:22.080+0000] {logging_mixin.py:154} INFO - [2023-12-15T12:08:22.078+0000] {dagbag.py:536} INFO - Filling up the DagBag from /home/airflow/.local/lib/python3.8/site-packages/airflow/example_dags/example_local_kubernetes_executor.py
[2023-12-15T12:08:22.130+0000] {processor.py:839} INFO - DAG(s) dict_keys(['example_local_kubernetes_executor']) retrieved from /home/airflow/.local/lib/python3.8/site-packages/airflow/example_dags/example_local_kubernetes_executor.py
[2023-12-15T12:08:22.444+0000] {logging_mixin.py:154} INFO - [2023-12-15T12:08:22.444+0000] {dag.py:2941} INFO - Sync 1 DAGs
[2023-12-15T12:08:22.514+0000] {logging_mixin.py:154} INFO - [2023-12-15T12:08:22.513+0000] {dag.py:3722} INFO - Setting next_dagrun for example_local_kubernetes_executor to None, run_after=None
[2023-12-15T12:08:22.578+0000] {processor.py:179} INFO - Processing /home/airflow/.local/lib/python3.8/site-packages/airflow/example_dags/example_local_kubernetes_executor.py took 0.522 seconds
[2023-12-15T12:08:56.558+0000] {processor.py:157} INFO - Started process (PID=3278) to work on /home/airflow/.local/lib/python3.8/site-packages/airflow/example_dags/example_local_kubernetes_executor.py
[2023-12-15T12:08:56.694+0000] {processor.py:829} INFO - Processing file /home/airflow/.local/lib/python3.8/site-packages/airflow/example_dags/example_local_kubernetes_executor.py for tasks to queue
[2023-12-15T12:08:56.925+0000] {logging_mixin.py:154} INFO - [2023-12-15T12:08:56.799+0000] {dagbag.py:536} INFO - Filling up the DagBag from /home/airflow/.local/lib/python3.8/site-packages/airflow/example_dags/example_local_kubernetes_executor.py
[2023-12-15T12:08:57.267+0000] {processor.py:839} INFO - DAG(s) dict_keys(['example_local_kubernetes_executor']) retrieved from /home/airflow/.local/lib/python3.8/site-packages/airflow/example_dags/example_local_kubernetes_executor.py
[2023-12-15T12:08:57.941+0000] {logging_mixin.py:154} INFO - [2023-12-15T12:08:57.940+0000] {dag.py:2941} INFO - Sync 1 DAGs
[2023-12-15T12:08:58.014+0000] {logging_mixin.py:154} INFO - [2023-12-15T12:08:58.014+0000] {dag.py:3722} INFO - Setting next_dagrun for example_local_kubernetes_executor to None, run_after=None
[2023-12-15T12:08:58.095+0000] {processor.py:179} INFO - Processing /home/airflow/.local/lib/python3.8/site-packages/airflow/example_dags/example_local_kubernetes_executor.py took 1.670 seconds
[2023-12-15T12:09:28.360+0000] {processor.py:157} INFO - Started process (PID=3333) to work on /home/airflow/.local/lib/python3.8/site-packages/airflow/example_dags/example_local_kubernetes_executor.py
[2023-12-15T12:09:28.362+0000] {processor.py:829} INFO - Processing file /home/airflow/.local/lib/python3.8/site-packages/airflow/example_dags/example_local_kubernetes_executor.py for tasks to queue
[2023-12-15T12:09:28.366+0000] {logging_mixin.py:154} INFO - [2023-12-15T12:09:28.366+0000] {dagbag.py:536} INFO - Filling up the DagBag from /home/airflow/.local/lib/python3.8/site-packages/airflow/example_dags/example_local_kubernetes_executor.py
[2023-12-15T12:09:28.379+0000] {processor.py:839} INFO - DAG(s) dict_keys(['example_local_kubernetes_executor']) retrieved from /home/airflow/.local/lib/python3.8/site-packages/airflow/example_dags/example_local_kubernetes_executor.py
[2023-12-15T12:09:28.428+0000] {logging_mixin.py:154} INFO - [2023-12-15T12:09:28.428+0000] {dag.py:2941} INFO - Sync 1 DAGs
[2023-12-15T12:09:28.456+0000] {logging_mixin.py:154} INFO - [2023-12-15T12:09:28.456+0000] {dag.py:3722} INFO - Setting next_dagrun for example_local_kubernetes_executor to None, run_after=None
[2023-12-15T12:09:28.469+0000] {processor.py:179} INFO - Processing /home/airflow/.local/lib/python3.8/site-packages/airflow/example_dags/example_local_kubernetes_executor.py took 0.114 seconds
[2023-12-15T12:09:58.732+0000] {processor.py:157} INFO - Started process (PID=3385) to work on /home/airflow/.local/lib/python3.8/site-packages/airflow/example_dags/example_local_kubernetes_executor.py
[2023-12-15T12:09:58.735+0000] {processor.py:829} INFO - Processing file /home/airflow/.local/lib/python3.8/site-packages/airflow/example_dags/example_local_kubernetes_executor.py for tasks to queue
[2023-12-15T12:09:58.740+0000] {logging_mixin.py:154} INFO - [2023-12-15T12:09:58.740+0000] {dagbag.py:536} INFO - Filling up the DagBag from /home/airflow/.local/lib/python3.8/site-packages/airflow/example_dags/example_local_kubernetes_executor.py
[2023-12-15T12:09:58.776+0000] {processor.py:839} INFO - DAG(s) dict_keys(['example_local_kubernetes_executor']) retrieved from /home/airflow/.local/lib/python3.8/site-packages/airflow/example_dags/example_local_kubernetes_executor.py
[2023-12-15T12:09:59.004+0000] {logging_mixin.py:154} INFO - [2023-12-15T12:09:59.004+0000] {dag.py:2941} INFO - Sync 1 DAGs
[2023-12-15T12:09:59.084+0000] {logging_mixin.py:154} INFO - [2023-12-15T12:09:59.084+0000] {dag.py:3722} INFO - Setting next_dagrun for example_local_kubernetes_executor to None, run_after=None
[2023-12-15T12:09:59.136+0000] {processor.py:179} INFO - Processing /home/airflow/.local/lib/python3.8/site-packages/airflow/example_dags/example_local_kubernetes_executor.py took 0.414 seconds
