[2023-12-15T11:36:54.025+0000] {processor.py:157} INFO - Started process (PID=45) to work on /home/airflow/.local/lib/python3.8/site-packages/airflow/example_dags/example_branch_python_dop_operator_3.py
[2023-12-15T11:36:54.027+0000] {processor.py:829} INFO - Processing file /home/airflow/.local/lib/python3.8/site-packages/airflow/example_dags/example_branch_python_dop_operator_3.py for tasks to queue
[2023-12-15T11:36:54.030+0000] {logging_mixin.py:154} INFO - [2023-12-15T11:36:54.029+0000] {dagbag.py:536} INFO - Filling up the DagBag from /home/airflow/.local/lib/python3.8/site-packages/airflow/example_dags/example_branch_python_dop_operator_3.py
[2023-12-15T11:36:54.043+0000] {processor.py:839} INFO - DAG(s) dict_keys(['example_branch_dop_operator_v3']) retrieved from /home/airflow/.local/lib/python3.8/site-packages/airflow/example_dags/example_branch_python_dop_operator_3.py
[2023-12-15T11:36:54.082+0000] {logging_mixin.py:154} INFO - [2023-12-15T11:36:54.082+0000] {dag.py:2941} INFO - Sync 1 DAGs
[2023-12-15T11:36:54.116+0000] {logging_mixin.py:154} INFO - [2023-12-15T11:36:54.116+0000] {dag.py:3722} INFO - Setting next_dagrun for example_branch_dop_operator_v3 to 2023-12-15T11:35:00+00:00, run_after=2023-12-15T11:36:00+00:00
[2023-12-15T11:36:54.156+0000] {processor.py:179} INFO - Processing /home/airflow/.local/lib/python3.8/site-packages/airflow/example_dags/example_branch_python_dop_operator_3.py took 0.135 seconds
[2023-12-15T11:37:25.692+0000] {processor.py:157} INFO - Started process (PID=99) to work on /home/airflow/.local/lib/python3.8/site-packages/airflow/example_dags/example_branch_python_dop_operator_3.py
[2023-12-15T11:37:25.696+0000] {processor.py:829} INFO - Processing file /home/airflow/.local/lib/python3.8/site-packages/airflow/example_dags/example_branch_python_dop_operator_3.py for tasks to queue
[2023-12-15T11:37:25.700+0000] {logging_mixin.py:154} INFO - [2023-12-15T11:37:25.700+0000] {dagbag.py:536} INFO - Filling up the DagBag from /home/airflow/.local/lib/python3.8/site-packages/airflow/example_dags/example_branch_python_dop_operator_3.py
[2023-12-15T11:37:25.712+0000] {processor.py:839} INFO - DAG(s) dict_keys(['example_branch_dop_operator_v3']) retrieved from /home/airflow/.local/lib/python3.8/site-packages/airflow/example_dags/example_branch_python_dop_operator_3.py
[2023-12-15T11:37:25.752+0000] {logging_mixin.py:154} INFO - [2023-12-15T11:37:25.752+0000] {dag.py:2941} INFO - Sync 1 DAGs
[2023-12-15T11:37:25.788+0000] {logging_mixin.py:154} INFO - [2023-12-15T11:37:25.788+0000] {dag.py:3722} INFO - Setting next_dagrun for example_branch_dop_operator_v3 to 2023-12-15T11:36:00+00:00, run_after=2023-12-15T11:37:00+00:00
[2023-12-15T11:37:25.803+0000] {processor.py:179} INFO - Processing /home/airflow/.local/lib/python3.8/site-packages/airflow/example_dags/example_branch_python_dop_operator_3.py took 0.115 seconds
[2023-12-15T11:37:56.633+0000] {processor.py:157} INFO - Started process (PID=153) to work on /home/airflow/.local/lib/python3.8/site-packages/airflow/example_dags/example_branch_python_dop_operator_3.py
[2023-12-15T11:37:56.633+0000] {processor.py:829} INFO - Processing file /home/airflow/.local/lib/python3.8/site-packages/airflow/example_dags/example_branch_python_dop_operator_3.py for tasks to queue
[2023-12-15T11:37:56.635+0000] {logging_mixin.py:154} INFO - [2023-12-15T11:37:56.635+0000] {dagbag.py:536} INFO - Filling up the DagBag from /home/airflow/.local/lib/python3.8/site-packages/airflow/example_dags/example_branch_python_dop_operator_3.py
[2023-12-15T11:37:56.644+0000] {processor.py:839} INFO - DAG(s) dict_keys(['example_branch_dop_operator_v3']) retrieved from /home/airflow/.local/lib/python3.8/site-packages/airflow/example_dags/example_branch_python_dop_operator_3.py
[2023-12-15T11:37:56.661+0000] {logging_mixin.py:154} INFO - [2023-12-15T11:37:56.661+0000] {dag.py:2941} INFO - Sync 1 DAGs
[2023-12-15T11:37:56.683+0000] {logging_mixin.py:154} INFO - [2023-12-15T11:37:56.683+0000] {dag.py:3722} INFO - Setting next_dagrun for example_branch_dop_operator_v3 to 2023-12-15T11:36:00+00:00, run_after=2023-12-15T11:37:00+00:00
[2023-12-15T11:37:56.698+0000] {processor.py:179} INFO - Processing /home/airflow/.local/lib/python3.8/site-packages/airflow/example_dags/example_branch_python_dop_operator_3.py took 0.068 seconds
[2023-12-15T11:38:27.698+0000] {processor.py:157} INFO - Started process (PID=207) to work on /home/airflow/.local/lib/python3.8/site-packages/airflow/example_dags/example_branch_python_dop_operator_3.py
[2023-12-15T11:38:27.702+0000] {processor.py:829} INFO - Processing file /home/airflow/.local/lib/python3.8/site-packages/airflow/example_dags/example_branch_python_dop_operator_3.py for tasks to queue
[2023-12-15T11:38:27.714+0000] {logging_mixin.py:154} INFO - [2023-12-15T11:38:27.713+0000] {dagbag.py:536} INFO - Filling up the DagBag from /home/airflow/.local/lib/python3.8/site-packages/airflow/example_dags/example_branch_python_dop_operator_3.py
[2023-12-15T11:38:27.746+0000] {processor.py:839} INFO - DAG(s) dict_keys(['example_branch_dop_operator_v3']) retrieved from /home/airflow/.local/lib/python3.8/site-packages/airflow/example_dags/example_branch_python_dop_operator_3.py
[2023-12-15T11:38:27.788+0000] {logging_mixin.py:154} INFO - [2023-12-15T11:38:27.788+0000] {dag.py:2941} INFO - Sync 1 DAGs
[2023-12-15T11:38:27.818+0000] {logging_mixin.py:154} INFO - [2023-12-15T11:38:27.818+0000] {dag.py:3722} INFO - Setting next_dagrun for example_branch_dop_operator_v3 to 2023-12-15T11:37:00+00:00, run_after=2023-12-15T11:38:00+00:00
[2023-12-15T11:38:27.846+0000] {processor.py:179} INFO - Processing /home/airflow/.local/lib/python3.8/site-packages/airflow/example_dags/example_branch_python_dop_operator_3.py took 0.157 seconds
[2023-12-15T11:39:01.514+0000] {processor.py:157} INFO - Started process (PID=267) to work on /home/airflow/.local/lib/python3.8/site-packages/airflow/example_dags/example_branch_python_dop_operator_3.py
[2023-12-15T11:39:01.517+0000] {processor.py:829} INFO - Processing file /home/airflow/.local/lib/python3.8/site-packages/airflow/example_dags/example_branch_python_dop_operator_3.py for tasks to queue
[2023-12-15T11:39:01.522+0000] {logging_mixin.py:154} INFO - [2023-12-15T11:39:01.521+0000] {dagbag.py:536} INFO - Filling up the DagBag from /home/airflow/.local/lib/python3.8/site-packages/airflow/example_dags/example_branch_python_dop_operator_3.py
[2023-12-15T11:39:01.542+0000] {processor.py:839} INFO - DAG(s) dict_keys(['example_branch_dop_operator_v3']) retrieved from /home/airflow/.local/lib/python3.8/site-packages/airflow/example_dags/example_branch_python_dop_operator_3.py
[2023-12-15T11:39:01.588+0000] {logging_mixin.py:154} INFO - [2023-12-15T11:39:01.588+0000] {dag.py:2941} INFO - Sync 1 DAGs
[2023-12-15T11:39:01.646+0000] {logging_mixin.py:154} INFO - [2023-12-15T11:39:01.646+0000] {dag.py:3722} INFO - Setting next_dagrun for example_branch_dop_operator_v3 to 2023-12-15T11:38:00+00:00, run_after=2023-12-15T11:39:00+00:00
[2023-12-15T11:39:01.702+0000] {processor.py:179} INFO - Processing /home/airflow/.local/lib/python3.8/site-packages/airflow/example_dags/example_branch_python_dop_operator_3.py took 0.196 seconds
[2023-12-15T11:39:34.410+0000] {processor.py:157} INFO - Started process (PID=319) to work on /home/airflow/.local/lib/python3.8/site-packages/airflow/example_dags/example_branch_python_dop_operator_3.py
[2023-12-15T11:39:34.415+0000] {processor.py:829} INFO - Processing file /home/airflow/.local/lib/python3.8/site-packages/airflow/example_dags/example_branch_python_dop_operator_3.py for tasks to queue
[2023-12-15T11:39:34.442+0000] {logging_mixin.py:154} INFO - [2023-12-15T11:39:34.441+0000] {dagbag.py:536} INFO - Filling up the DagBag from /home/airflow/.local/lib/python3.8/site-packages/airflow/example_dags/example_branch_python_dop_operator_3.py
[2023-12-15T11:39:34.539+0000] {processor.py:839} INFO - DAG(s) dict_keys(['example_branch_dop_operator_v3']) retrieved from /home/airflow/.local/lib/python3.8/site-packages/airflow/example_dags/example_branch_python_dop_operator_3.py
[2023-12-15T11:39:34.770+0000] {logging_mixin.py:154} INFO - [2023-12-15T11:39:34.770+0000] {dag.py:2941} INFO - Sync 1 DAGs
[2023-12-15T11:39:35.217+0000] {logging_mixin.py:154} INFO - [2023-12-15T11:39:35.212+0000] {dag.py:3722} INFO - Setting next_dagrun for example_branch_dop_operator_v3 to 2023-12-15T11:38:00+00:00, run_after=2023-12-15T11:39:00+00:00
[2023-12-15T11:39:35.487+0000] {processor.py:179} INFO - Processing /home/airflow/.local/lib/python3.8/site-packages/airflow/example_dags/example_branch_python_dop_operator_3.py took 1.086 seconds
[2023-12-15T11:40:06.495+0000] {processor.py:157} INFO - Started process (PID=373) to work on /home/airflow/.local/lib/python3.8/site-packages/airflow/example_dags/example_branch_python_dop_operator_3.py
[2023-12-15T11:40:06.504+0000] {processor.py:829} INFO - Processing file /home/airflow/.local/lib/python3.8/site-packages/airflow/example_dags/example_branch_python_dop_operator_3.py for tasks to queue
[2023-12-15T11:40:06.522+0000] {logging_mixin.py:154} INFO - [2023-12-15T11:40:06.522+0000] {dagbag.py:536} INFO - Filling up the DagBag from /home/airflow/.local/lib/python3.8/site-packages/airflow/example_dags/example_branch_python_dop_operator_3.py
[2023-12-15T11:40:06.603+0000] {processor.py:839} INFO - DAG(s) dict_keys(['example_branch_dop_operator_v3']) retrieved from /home/airflow/.local/lib/python3.8/site-packages/airflow/example_dags/example_branch_python_dop_operator_3.py
[2023-12-15T11:40:06.809+0000] {logging_mixin.py:154} INFO - [2023-12-15T11:40:06.809+0000] {dag.py:2941} INFO - Sync 1 DAGs
[2023-12-15T11:40:07.021+0000] {logging_mixin.py:154} INFO - [2023-12-15T11:40:07.020+0000] {dag.py:3722} INFO - Setting next_dagrun for example_branch_dop_operator_v3 to 2023-12-15T11:39:00+00:00, run_after=2023-12-15T11:40:00+00:00
[2023-12-15T11:40:07.187+0000] {processor.py:179} INFO - Processing /home/airflow/.local/lib/python3.8/site-packages/airflow/example_dags/example_branch_python_dop_operator_3.py took 0.709 seconds
[2023-12-15T11:40:37.485+0000] {processor.py:157} INFO - Started process (PID=427) to work on /home/airflow/.local/lib/python3.8/site-packages/airflow/example_dags/example_branch_python_dop_operator_3.py
[2023-12-15T11:40:37.493+0000] {processor.py:829} INFO - Processing file /home/airflow/.local/lib/python3.8/site-packages/airflow/example_dags/example_branch_python_dop_operator_3.py for tasks to queue
[2023-12-15T11:40:37.505+0000] {logging_mixin.py:154} INFO - [2023-12-15T11:40:37.504+0000] {dagbag.py:536} INFO - Filling up the DagBag from /home/airflow/.local/lib/python3.8/site-packages/airflow/example_dags/example_branch_python_dop_operator_3.py
[2023-12-15T11:40:37.543+0000] {processor.py:839} INFO - DAG(s) dict_keys(['example_branch_dop_operator_v3']) retrieved from /home/airflow/.local/lib/python3.8/site-packages/airflow/example_dags/example_branch_python_dop_operator_3.py
[2023-12-15T11:40:37.645+0000] {logging_mixin.py:154} INFO - [2023-12-15T11:40:37.645+0000] {dag.py:2941} INFO - Sync 1 DAGs
[2023-12-15T11:40:37.698+0000] {logging_mixin.py:154} INFO - [2023-12-15T11:40:37.697+0000] {dag.py:3722} INFO - Setting next_dagrun for example_branch_dop_operator_v3 to 2023-12-15T11:39:00+00:00, run_after=2023-12-15T11:40:00+00:00
[2023-12-15T11:40:37.737+0000] {processor.py:179} INFO - Processing /home/airflow/.local/lib/python3.8/site-packages/airflow/example_dags/example_branch_python_dop_operator_3.py took 0.263 seconds
[2023-12-15T11:41:08.191+0000] {processor.py:157} INFO - Started process (PID=481) to work on /home/airflow/.local/lib/python3.8/site-packages/airflow/example_dags/example_branch_python_dop_operator_3.py
[2023-12-15T11:41:08.194+0000] {processor.py:829} INFO - Processing file /home/airflow/.local/lib/python3.8/site-packages/airflow/example_dags/example_branch_python_dop_operator_3.py for tasks to queue
[2023-12-15T11:41:08.219+0000] {logging_mixin.py:154} INFO - [2023-12-15T11:41:08.218+0000] {dagbag.py:536} INFO - Filling up the DagBag from /home/airflow/.local/lib/python3.8/site-packages/airflow/example_dags/example_branch_python_dop_operator_3.py
[2023-12-15T11:41:08.269+0000] {processor.py:839} INFO - DAG(s) dict_keys(['example_branch_dop_operator_v3']) retrieved from /home/airflow/.local/lib/python3.8/site-packages/airflow/example_dags/example_branch_python_dop_operator_3.py
[2023-12-15T11:41:08.370+0000] {logging_mixin.py:154} INFO - [2023-12-15T11:41:08.369+0000] {dag.py:2941} INFO - Sync 1 DAGs
[2023-12-15T11:41:08.415+0000] {logging_mixin.py:154} INFO - [2023-12-15T11:41:08.415+0000] {dag.py:3722} INFO - Setting next_dagrun for example_branch_dop_operator_v3 to 2023-12-15T11:40:00+00:00, run_after=2023-12-15T11:41:00+00:00
[2023-12-15T11:41:08.434+0000] {processor.py:179} INFO - Processing /home/airflow/.local/lib/python3.8/site-packages/airflow/example_dags/example_branch_python_dop_operator_3.py took 0.254 seconds
[2023-12-15T11:41:47.847+0000] {processor.py:157} INFO - Started process (PID=535) to work on /home/airflow/.local/lib/python3.8/site-packages/airflow/example_dags/example_branch_python_dop_operator_3.py
[2023-12-15T11:41:47.850+0000] {processor.py:829} INFO - Processing file /home/airflow/.local/lib/python3.8/site-packages/airflow/example_dags/example_branch_python_dop_operator_3.py for tasks to queue
[2023-12-15T11:41:47.853+0000] {logging_mixin.py:154} INFO - [2023-12-15T11:41:47.852+0000] {dagbag.py:536} INFO - Filling up the DagBag from /home/airflow/.local/lib/python3.8/site-packages/airflow/example_dags/example_branch_python_dop_operator_3.py
[2023-12-15T11:41:47.868+0000] {processor.py:839} INFO - DAG(s) dict_keys(['example_branch_dop_operator_v3']) retrieved from /home/airflow/.local/lib/python3.8/site-packages/airflow/example_dags/example_branch_python_dop_operator_3.py
[2023-12-15T11:41:47.898+0000] {logging_mixin.py:154} INFO - [2023-12-15T11:41:47.898+0000] {dag.py:2941} INFO - Sync 1 DAGs
[2023-12-15T11:41:47.926+0000] {logging_mixin.py:154} INFO - [2023-12-15T11:41:47.926+0000] {dag.py:3722} INFO - Setting next_dagrun for example_branch_dop_operator_v3 to 2023-12-15T11:40:00+00:00, run_after=2023-12-15T11:41:00+00:00
[2023-12-15T11:41:47.948+0000] {processor.py:179} INFO - Processing /home/airflow/.local/lib/python3.8/site-packages/airflow/example_dags/example_branch_python_dop_operator_3.py took 0.104 seconds
[2023-12-15T11:42:20.063+0000] {processor.py:157} INFO - Started process (PID=590) to work on /home/airflow/.local/lib/python3.8/site-packages/airflow/example_dags/example_branch_python_dop_operator_3.py
[2023-12-15T11:42:20.072+0000] {processor.py:829} INFO - Processing file /home/airflow/.local/lib/python3.8/site-packages/airflow/example_dags/example_branch_python_dop_operator_3.py for tasks to queue
[2023-12-15T11:42:20.076+0000] {logging_mixin.py:154} INFO - [2023-12-15T11:42:20.075+0000] {dagbag.py:536} INFO - Filling up the DagBag from /home/airflow/.local/lib/python3.8/site-packages/airflow/example_dags/example_branch_python_dop_operator_3.py
[2023-12-15T11:42:20.142+0000] {processor.py:839} INFO - DAG(s) dict_keys(['example_branch_dop_operator_v3']) retrieved from /home/airflow/.local/lib/python3.8/site-packages/airflow/example_dags/example_branch_python_dop_operator_3.py
[2023-12-15T11:42:20.191+0000] {logging_mixin.py:154} INFO - [2023-12-15T11:42:20.191+0000] {dag.py:2941} INFO - Sync 1 DAGs
[2023-12-15T11:42:20.253+0000] {logging_mixin.py:154} INFO - [2023-12-15T11:42:20.253+0000] {dag.py:3722} INFO - Setting next_dagrun for example_branch_dop_operator_v3 to 2023-12-15T11:41:00+00:00, run_after=2023-12-15T11:42:00+00:00
[2023-12-15T11:42:20.289+0000] {processor.py:179} INFO - Processing /home/airflow/.local/lib/python3.8/site-packages/airflow/example_dags/example_branch_python_dop_operator_3.py took 0.240 seconds
[2023-12-15T11:43:00.300+0000] {processor.py:157} INFO - Started process (PID=645) to work on /home/airflow/.local/lib/python3.8/site-packages/airflow/example_dags/example_branch_python_dop_operator_3.py
[2023-12-15T11:43:00.305+0000] {processor.py:829} INFO - Processing file /home/airflow/.local/lib/python3.8/site-packages/airflow/example_dags/example_branch_python_dop_operator_3.py for tasks to queue
[2023-12-15T11:43:00.316+0000] {logging_mixin.py:154} INFO - [2023-12-15T11:43:00.314+0000] {dagbag.py:536} INFO - Filling up the DagBag from /home/airflow/.local/lib/python3.8/site-packages/airflow/example_dags/example_branch_python_dop_operator_3.py
[2023-12-15T11:43:00.398+0000] {processor.py:839} INFO - DAG(s) dict_keys(['example_branch_dop_operator_v3']) retrieved from /home/airflow/.local/lib/python3.8/site-packages/airflow/example_dags/example_branch_python_dop_operator_3.py
[2023-12-15T11:43:00.489+0000] {logging_mixin.py:154} INFO - [2023-12-15T11:43:00.487+0000] {dag.py:2941} INFO - Sync 1 DAGs
[2023-12-15T11:43:00.579+0000] {logging_mixin.py:154} INFO - [2023-12-15T11:43:00.579+0000] {dag.py:3722} INFO - Setting next_dagrun for example_branch_dop_operator_v3 to 2023-12-15T11:42:00+00:00, run_after=2023-12-15T11:43:00+00:00
[2023-12-15T11:43:00.662+0000] {processor.py:179} INFO - Processing /home/airflow/.local/lib/python3.8/site-packages/airflow/example_dags/example_branch_python_dop_operator_3.py took 0.369 seconds
[2023-12-15T11:43:31.153+0000] {processor.py:157} INFO - Started process (PID=697) to work on /home/airflow/.local/lib/python3.8/site-packages/airflow/example_dags/example_branch_python_dop_operator_3.py
[2023-12-15T11:43:31.157+0000] {processor.py:829} INFO - Processing file /home/airflow/.local/lib/python3.8/site-packages/airflow/example_dags/example_branch_python_dop_operator_3.py for tasks to queue
[2023-12-15T11:43:31.162+0000] {logging_mixin.py:154} INFO - [2023-12-15T11:43:31.162+0000] {dagbag.py:536} INFO - Filling up the DagBag from /home/airflow/.local/lib/python3.8/site-packages/airflow/example_dags/example_branch_python_dop_operator_3.py
[2023-12-15T11:43:31.179+0000] {processor.py:839} INFO - DAG(s) dict_keys(['example_branch_dop_operator_v3']) retrieved from /home/airflow/.local/lib/python3.8/site-packages/airflow/example_dags/example_branch_python_dop_operator_3.py
[2023-12-15T11:43:31.243+0000] {logging_mixin.py:154} INFO - [2023-12-15T11:43:31.243+0000] {dag.py:2941} INFO - Sync 1 DAGs
[2023-12-15T11:43:31.375+0000] {logging_mixin.py:154} INFO - [2023-12-15T11:43:31.374+0000] {dag.py:3722} INFO - Setting next_dagrun for example_branch_dop_operator_v3 to 2023-12-15T11:42:00+00:00, run_after=2023-12-15T11:43:00+00:00
[2023-12-15T11:43:31.412+0000] {processor.py:179} INFO - Processing /home/airflow/.local/lib/python3.8/site-packages/airflow/example_dags/example_branch_python_dop_operator_3.py took 0.269 seconds
[2023-12-15T11:44:02.323+0000] {processor.py:157} INFO - Started process (PID=750) to work on /home/airflow/.local/lib/python3.8/site-packages/airflow/example_dags/example_branch_python_dop_operator_3.py
[2023-12-15T11:44:02.333+0000] {processor.py:829} INFO - Processing file /home/airflow/.local/lib/python3.8/site-packages/airflow/example_dags/example_branch_python_dop_operator_3.py for tasks to queue
[2023-12-15T11:44:02.363+0000] {logging_mixin.py:154} INFO - [2023-12-15T11:44:02.360+0000] {dagbag.py:536} INFO - Filling up the DagBag from /home/airflow/.local/lib/python3.8/site-packages/airflow/example_dags/example_branch_python_dop_operator_3.py
[2023-12-15T11:44:02.462+0000] {processor.py:839} INFO - DAG(s) dict_keys(['example_branch_dop_operator_v3']) retrieved from /home/airflow/.local/lib/python3.8/site-packages/airflow/example_dags/example_branch_python_dop_operator_3.py
[2023-12-15T11:44:02.657+0000] {logging_mixin.py:154} INFO - [2023-12-15T11:44:02.657+0000] {dag.py:2941} INFO - Sync 1 DAGs
[2023-12-15T11:44:02.831+0000] {logging_mixin.py:154} INFO - [2023-12-15T11:44:02.831+0000] {dag.py:3722} INFO - Setting next_dagrun for example_branch_dop_operator_v3 to 2023-12-15T11:43:00+00:00, run_after=2023-12-15T11:44:00+00:00
[2023-12-15T11:44:03.392+0000] {processor.py:179} INFO - Processing /home/airflow/.local/lib/python3.8/site-packages/airflow/example_dags/example_branch_python_dop_operator_3.py took 1.100 seconds
[2023-12-15T11:44:33.853+0000] {processor.py:157} INFO - Started process (PID=804) to work on /home/airflow/.local/lib/python3.8/site-packages/airflow/example_dags/example_branch_python_dop_operator_3.py
[2023-12-15T11:44:33.855+0000] {processor.py:829} INFO - Processing file /home/airflow/.local/lib/python3.8/site-packages/airflow/example_dags/example_branch_python_dop_operator_3.py for tasks to queue
[2023-12-15T11:44:33.866+0000] {logging_mixin.py:154} INFO - [2023-12-15T11:44:33.865+0000] {dagbag.py:536} INFO - Filling up the DagBag from /home/airflow/.local/lib/python3.8/site-packages/airflow/example_dags/example_branch_python_dop_operator_3.py
[2023-12-15T11:44:33.902+0000] {processor.py:839} INFO - DAG(s) dict_keys(['example_branch_dop_operator_v3']) retrieved from /home/airflow/.local/lib/python3.8/site-packages/airflow/example_dags/example_branch_python_dop_operator_3.py
[2023-12-15T11:44:33.995+0000] {logging_mixin.py:154} INFO - [2023-12-15T11:44:33.995+0000] {dag.py:2941} INFO - Sync 1 DAGs
[2023-12-15T11:44:34.060+0000] {logging_mixin.py:154} INFO - [2023-12-15T11:44:34.060+0000] {dag.py:3722} INFO - Setting next_dagrun for example_branch_dop_operator_v3 to 2023-12-15T11:43:00+00:00, run_after=2023-12-15T11:44:00+00:00
[2023-12-15T11:44:34.119+0000] {processor.py:179} INFO - Processing /home/airflow/.local/lib/python3.8/site-packages/airflow/example_dags/example_branch_python_dop_operator_3.py took 0.276 seconds
[2023-12-15T11:45:04.636+0000] {processor.py:157} INFO - Started process (PID=858) to work on /home/airflow/.local/lib/python3.8/site-packages/airflow/example_dags/example_branch_python_dop_operator_3.py
[2023-12-15T11:45:04.642+0000] {processor.py:829} INFO - Processing file /home/airflow/.local/lib/python3.8/site-packages/airflow/example_dags/example_branch_python_dop_operator_3.py for tasks to queue
[2023-12-15T11:45:04.655+0000] {logging_mixin.py:154} INFO - [2023-12-15T11:45:04.653+0000] {dagbag.py:536} INFO - Filling up the DagBag from /home/airflow/.local/lib/python3.8/site-packages/airflow/example_dags/example_branch_python_dop_operator_3.py
[2023-12-15T11:45:04.682+0000] {processor.py:839} INFO - DAG(s) dict_keys(['example_branch_dop_operator_v3']) retrieved from /home/airflow/.local/lib/python3.8/site-packages/airflow/example_dags/example_branch_python_dop_operator_3.py
[2023-12-15T11:45:04.768+0000] {logging_mixin.py:154} INFO - [2023-12-15T11:45:04.768+0000] {dag.py:2941} INFO - Sync 1 DAGs
[2023-12-15T11:45:04.856+0000] {logging_mixin.py:154} INFO - [2023-12-15T11:45:04.856+0000] {dag.py:3722} INFO - Setting next_dagrun for example_branch_dop_operator_v3 to 2023-12-15T11:44:00+00:00, run_after=2023-12-15T11:45:00+00:00
[2023-12-15T11:45:04.881+0000] {processor.py:179} INFO - Processing /home/airflow/.local/lib/python3.8/site-packages/airflow/example_dags/example_branch_python_dop_operator_3.py took 0.252 seconds
[2023-12-15T11:45:35.531+0000] {processor.py:157} INFO - Started process (PID=912) to work on /home/airflow/.local/lib/python3.8/site-packages/airflow/example_dags/example_branch_python_dop_operator_3.py
[2023-12-15T11:45:35.544+0000] {processor.py:829} INFO - Processing file /home/airflow/.local/lib/python3.8/site-packages/airflow/example_dags/example_branch_python_dop_operator_3.py for tasks to queue
[2023-12-15T11:45:35.770+0000] {logging_mixin.py:154} INFO - [2023-12-15T11:45:35.768+0000] {dagbag.py:536} INFO - Filling up the DagBag from /home/airflow/.local/lib/python3.8/site-packages/airflow/example_dags/example_branch_python_dop_operator_3.py
[2023-12-15T11:45:35.966+0000] {processor.py:839} INFO - DAG(s) dict_keys(['example_branch_dop_operator_v3']) retrieved from /home/airflow/.local/lib/python3.8/site-packages/airflow/example_dags/example_branch_python_dop_operator_3.py
[2023-12-15T11:45:36.088+0000] {logging_mixin.py:154} INFO - [2023-12-15T11:45:36.086+0000] {dag.py:2941} INFO - Sync 1 DAGs
[2023-12-15T11:45:36.322+0000] {logging_mixin.py:154} INFO - [2023-12-15T11:45:36.321+0000] {dag.py:3722} INFO - Setting next_dagrun for example_branch_dop_operator_v3 to 2023-12-15T11:44:00+00:00, run_after=2023-12-15T11:45:00+00:00
[2023-12-15T11:45:36.410+0000] {processor.py:179} INFO - Processing /home/airflow/.local/lib/python3.8/site-packages/airflow/example_dags/example_branch_python_dop_operator_3.py took 0.924 seconds
[2023-12-15T11:46:07.404+0000] {processor.py:157} INFO - Started process (PID=966) to work on /home/airflow/.local/lib/python3.8/site-packages/airflow/example_dags/example_branch_python_dop_operator_3.py
[2023-12-15T11:46:07.426+0000] {processor.py:829} INFO - Processing file /home/airflow/.local/lib/python3.8/site-packages/airflow/example_dags/example_branch_python_dop_operator_3.py for tasks to queue
[2023-12-15T11:46:07.455+0000] {logging_mixin.py:154} INFO - [2023-12-15T11:46:07.452+0000] {dagbag.py:536} INFO - Filling up the DagBag from /home/airflow/.local/lib/python3.8/site-packages/airflow/example_dags/example_branch_python_dop_operator_3.py
[2023-12-15T11:46:07.578+0000] {processor.py:839} INFO - DAG(s) dict_keys(['example_branch_dop_operator_v3']) retrieved from /home/airflow/.local/lib/python3.8/site-packages/airflow/example_dags/example_branch_python_dop_operator_3.py
[2023-12-15T11:46:07.728+0000] {logging_mixin.py:154} INFO - [2023-12-15T11:46:07.728+0000] {dag.py:2941} INFO - Sync 1 DAGs
[2023-12-15T11:46:07.807+0000] {logging_mixin.py:154} INFO - [2023-12-15T11:46:07.807+0000] {dag.py:3722} INFO - Setting next_dagrun for example_branch_dop_operator_v3 to 2023-12-15T11:45:00+00:00, run_after=2023-12-15T11:46:00+00:00
[2023-12-15T11:46:07.860+0000] {processor.py:179} INFO - Processing /home/airflow/.local/lib/python3.8/site-packages/airflow/example_dags/example_branch_python_dop_operator_3.py took 0.473 seconds
[2023-12-15T11:46:38.572+0000] {processor.py:157} INFO - Started process (PID=1019) to work on /home/airflow/.local/lib/python3.8/site-packages/airflow/example_dags/example_branch_python_dop_operator_3.py
[2023-12-15T11:46:38.578+0000] {processor.py:829} INFO - Processing file /home/airflow/.local/lib/python3.8/site-packages/airflow/example_dags/example_branch_python_dop_operator_3.py for tasks to queue
[2023-12-15T11:46:38.586+0000] {logging_mixin.py:154} INFO - [2023-12-15T11:46:38.586+0000] {dagbag.py:536} INFO - Filling up the DagBag from /home/airflow/.local/lib/python3.8/site-packages/airflow/example_dags/example_branch_python_dop_operator_3.py
[2023-12-15T11:46:38.622+0000] {processor.py:839} INFO - DAG(s) dict_keys(['example_branch_dop_operator_v3']) retrieved from /home/airflow/.local/lib/python3.8/site-packages/airflow/example_dags/example_branch_python_dop_operator_3.py
[2023-12-15T11:46:38.697+0000] {logging_mixin.py:154} INFO - [2023-12-15T11:46:38.697+0000] {dag.py:2941} INFO - Sync 1 DAGs
[2023-12-15T11:46:38.758+0000] {logging_mixin.py:154} INFO - [2023-12-15T11:46:38.757+0000] {dag.py:3722} INFO - Setting next_dagrun for example_branch_dop_operator_v3 to 2023-12-15T11:45:00+00:00, run_after=2023-12-15T11:46:00+00:00
[2023-12-15T11:46:38.788+0000] {processor.py:179} INFO - Processing /home/airflow/.local/lib/python3.8/site-packages/airflow/example_dags/example_branch_python_dop_operator_3.py took 0.230 seconds
[2023-12-15T11:47:10.405+0000] {processor.py:157} INFO - Started process (PID=1074) to work on /home/airflow/.local/lib/python3.8/site-packages/airflow/example_dags/example_branch_python_dop_operator_3.py
[2023-12-15T11:47:10.410+0000] {processor.py:829} INFO - Processing file /home/airflow/.local/lib/python3.8/site-packages/airflow/example_dags/example_branch_python_dop_operator_3.py for tasks to queue
[2023-12-15T11:47:10.425+0000] {logging_mixin.py:154} INFO - [2023-12-15T11:47:10.424+0000] {dagbag.py:536} INFO - Filling up the DagBag from /home/airflow/.local/lib/python3.8/site-packages/airflow/example_dags/example_branch_python_dop_operator_3.py
[2023-12-15T11:47:10.454+0000] {processor.py:839} INFO - DAG(s) dict_keys(['example_branch_dop_operator_v3']) retrieved from /home/airflow/.local/lib/python3.8/site-packages/airflow/example_dags/example_branch_python_dop_operator_3.py
[2023-12-15T11:47:10.670+0000] {logging_mixin.py:154} INFO - [2023-12-15T11:47:10.670+0000] {dag.py:2941} INFO - Sync 1 DAGs
[2023-12-15T11:47:10.887+0000] {logging_mixin.py:154} INFO - [2023-12-15T11:47:10.887+0000] {dag.py:3722} INFO - Setting next_dagrun for example_branch_dop_operator_v3 to 2023-12-15T11:46:00+00:00, run_after=2023-12-15T11:47:00+00:00
[2023-12-15T11:47:10.961+0000] {processor.py:179} INFO - Processing /home/airflow/.local/lib/python3.8/site-packages/airflow/example_dags/example_branch_python_dop_operator_3.py took 0.562 seconds
[2023-12-15T11:47:41.868+0000] {processor.py:157} INFO - Started process (PID=1126) to work on /home/airflow/.local/lib/python3.8/site-packages/airflow/example_dags/example_branch_python_dop_operator_3.py
[2023-12-15T11:47:41.882+0000] {processor.py:829} INFO - Processing file /home/airflow/.local/lib/python3.8/site-packages/airflow/example_dags/example_branch_python_dop_operator_3.py for tasks to queue
[2023-12-15T11:47:41.891+0000] {logging_mixin.py:154} INFO - [2023-12-15T11:47:41.890+0000] {dagbag.py:536} INFO - Filling up the DagBag from /home/airflow/.local/lib/python3.8/site-packages/airflow/example_dags/example_branch_python_dop_operator_3.py
[2023-12-15T11:47:41.936+0000] {processor.py:839} INFO - DAG(s) dict_keys(['example_branch_dop_operator_v3']) retrieved from /home/airflow/.local/lib/python3.8/site-packages/airflow/example_dags/example_branch_python_dop_operator_3.py
[2023-12-15T11:47:42.010+0000] {logging_mixin.py:154} INFO - [2023-12-15T11:47:42.009+0000] {dag.py:2941} INFO - Sync 1 DAGs
[2023-12-15T11:47:42.109+0000] {logging_mixin.py:154} INFO - [2023-12-15T11:47:42.108+0000] {dag.py:3722} INFO - Setting next_dagrun for example_branch_dop_operator_v3 to 2023-12-15T11:46:00+00:00, run_after=2023-12-15T11:47:00+00:00
[2023-12-15T11:47:42.151+0000] {processor.py:179} INFO - Processing /home/airflow/.local/lib/python3.8/site-packages/airflow/example_dags/example_branch_python_dop_operator_3.py took 0.294 seconds
[2023-12-15T11:48:17.630+0000] {processor.py:157} INFO - Started process (PID=1180) to work on /home/airflow/.local/lib/python3.8/site-packages/airflow/example_dags/example_branch_python_dop_operator_3.py
[2023-12-15T11:48:17.632+0000] {processor.py:829} INFO - Processing file /home/airflow/.local/lib/python3.8/site-packages/airflow/example_dags/example_branch_python_dop_operator_3.py for tasks to queue
[2023-12-15T11:48:17.653+0000] {logging_mixin.py:154} INFO - [2023-12-15T11:48:17.652+0000] {dagbag.py:536} INFO - Filling up the DagBag from /home/airflow/.local/lib/python3.8/site-packages/airflow/example_dags/example_branch_python_dop_operator_3.py
[2023-12-15T11:48:17.780+0000] {processor.py:839} INFO - DAG(s) dict_keys(['example_branch_dop_operator_v3']) retrieved from /home/airflow/.local/lib/python3.8/site-packages/airflow/example_dags/example_branch_python_dop_operator_3.py
[2023-12-15T11:48:18.217+0000] {logging_mixin.py:154} INFO - [2023-12-15T11:48:18.214+0000] {dag.py:2941} INFO - Sync 1 DAGs
[2023-12-15T11:48:18.472+0000] {logging_mixin.py:154} INFO - [2023-12-15T11:48:18.471+0000] {dag.py:3722} INFO - Setting next_dagrun for example_branch_dop_operator_v3 to 2023-12-15T11:47:00+00:00, run_after=2023-12-15T11:48:00+00:00
[2023-12-15T11:48:18.617+0000] {processor.py:179} INFO - Processing /home/airflow/.local/lib/python3.8/site-packages/airflow/example_dags/example_branch_python_dop_operator_3.py took 1.064 seconds
[2023-12-15T11:48:49.214+0000] {processor.py:157} INFO - Started process (PID=1234) to work on /home/airflow/.local/lib/python3.8/site-packages/airflow/example_dags/example_branch_python_dop_operator_3.py
[2023-12-15T11:48:49.225+0000] {processor.py:829} INFO - Processing file /home/airflow/.local/lib/python3.8/site-packages/airflow/example_dags/example_branch_python_dop_operator_3.py for tasks to queue
[2023-12-15T11:48:49.265+0000] {logging_mixin.py:154} INFO - [2023-12-15T11:48:49.263+0000] {dagbag.py:536} INFO - Filling up the DagBag from /home/airflow/.local/lib/python3.8/site-packages/airflow/example_dags/example_branch_python_dop_operator_3.py
[2023-12-15T11:48:49.483+0000] {processor.py:839} INFO - DAG(s) dict_keys(['example_branch_dop_operator_v3']) retrieved from /home/airflow/.local/lib/python3.8/site-packages/airflow/example_dags/example_branch_python_dop_operator_3.py
[2023-12-15T11:48:49.809+0000] {logging_mixin.py:154} INFO - [2023-12-15T11:48:49.808+0000] {dag.py:2941} INFO - Sync 1 DAGs
[2023-12-15T11:48:49.966+0000] {logging_mixin.py:154} INFO - [2023-12-15T11:48:49.965+0000] {dag.py:3722} INFO - Setting next_dagrun for example_branch_dop_operator_v3 to 2023-12-15T11:47:00+00:00, run_after=2023-12-15T11:48:00+00:00
[2023-12-15T11:48:50.098+0000] {processor.py:179} INFO - Processing /home/airflow/.local/lib/python3.8/site-packages/airflow/example_dags/example_branch_python_dop_operator_3.py took 0.909 seconds
[2023-12-15T11:49:22.313+0000] {processor.py:157} INFO - Started process (PID=1287) to work on /home/airflow/.local/lib/python3.8/site-packages/airflow/example_dags/example_branch_python_dop_operator_3.py
[2023-12-15T11:49:22.317+0000] {processor.py:829} INFO - Processing file /home/airflow/.local/lib/python3.8/site-packages/airflow/example_dags/example_branch_python_dop_operator_3.py for tasks to queue
[2023-12-15T11:49:22.326+0000] {logging_mixin.py:154} INFO - [2023-12-15T11:49:22.326+0000] {dagbag.py:536} INFO - Filling up the DagBag from /home/airflow/.local/lib/python3.8/site-packages/airflow/example_dags/example_branch_python_dop_operator_3.py
[2023-12-15T11:49:22.467+0000] {processor.py:839} INFO - DAG(s) dict_keys(['example_branch_dop_operator_v3']) retrieved from /home/airflow/.local/lib/python3.8/site-packages/airflow/example_dags/example_branch_python_dop_operator_3.py
[2023-12-15T11:49:22.508+0000] {logging_mixin.py:154} INFO - [2023-12-15T11:49:22.507+0000] {dag.py:2941} INFO - Sync 1 DAGs
[2023-12-15T11:49:22.963+0000] {logging_mixin.py:154} INFO - [2023-12-15T11:49:22.962+0000] {dag.py:3722} INFO - Setting next_dagrun for example_branch_dop_operator_v3 to 2023-12-15T11:48:00+00:00, run_after=2023-12-15T11:49:00+00:00
[2023-12-15T11:49:23.004+0000] {processor.py:179} INFO - Processing /home/airflow/.local/lib/python3.8/site-packages/airflow/example_dags/example_branch_python_dop_operator_3.py took 0.701 seconds
[2023-12-15T11:49:56.526+0000] {processor.py:157} INFO - Started process (PID=1348) to work on /home/airflow/.local/lib/python3.8/site-packages/airflow/example_dags/example_branch_python_dop_operator_3.py
[2023-12-15T11:49:56.528+0000] {processor.py:829} INFO - Processing file /home/airflow/.local/lib/python3.8/site-packages/airflow/example_dags/example_branch_python_dop_operator_3.py for tasks to queue
[2023-12-15T11:49:56.532+0000] {logging_mixin.py:154} INFO - [2023-12-15T11:49:56.531+0000] {dagbag.py:536} INFO - Filling up the DagBag from /home/airflow/.local/lib/python3.8/site-packages/airflow/example_dags/example_branch_python_dop_operator_3.py
[2023-12-15T11:49:56.563+0000] {processor.py:839} INFO - DAG(s) dict_keys(['example_branch_dop_operator_v3']) retrieved from /home/airflow/.local/lib/python3.8/site-packages/airflow/example_dags/example_branch_python_dop_operator_3.py
[2023-12-15T11:49:56.662+0000] {logging_mixin.py:154} INFO - [2023-12-15T11:49:56.662+0000] {dag.py:2941} INFO - Sync 1 DAGs
[2023-12-15T11:49:56.718+0000] {logging_mixin.py:154} INFO - [2023-12-15T11:49:56.718+0000] {dag.py:3722} INFO - Setting next_dagrun for example_branch_dop_operator_v3 to 2023-12-15T11:48:00+00:00, run_after=2023-12-15T11:49:00+00:00
[2023-12-15T11:49:57.481+0000] {processor.py:179} INFO - Processing /home/airflow/.local/lib/python3.8/site-packages/airflow/example_dags/example_branch_python_dop_operator_3.py took 0.959 seconds
[2023-12-15T11:50:30.508+0000] {processor.py:157} INFO - Started process (PID=1396) to work on /home/airflow/.local/lib/python3.8/site-packages/airflow/example_dags/example_branch_python_dop_operator_3.py
[2023-12-15T11:50:30.516+0000] {processor.py:829} INFO - Processing file /home/airflow/.local/lib/python3.8/site-packages/airflow/example_dags/example_branch_python_dop_operator_3.py for tasks to queue
[2023-12-15T11:50:30.522+0000] {logging_mixin.py:154} INFO - [2023-12-15T11:50:30.521+0000] {dagbag.py:536} INFO - Filling up the DagBag from /home/airflow/.local/lib/python3.8/site-packages/airflow/example_dags/example_branch_python_dop_operator_3.py
[2023-12-15T11:50:30.549+0000] {processor.py:839} INFO - DAG(s) dict_keys(['example_branch_dop_operator_v3']) retrieved from /home/airflow/.local/lib/python3.8/site-packages/airflow/example_dags/example_branch_python_dop_operator_3.py
[2023-12-15T11:50:30.674+0000] {logging_mixin.py:154} INFO - [2023-12-15T11:50:30.674+0000] {dag.py:2941} INFO - Sync 1 DAGs
[2023-12-15T11:50:30.775+0000] {logging_mixin.py:154} INFO - [2023-12-15T11:50:30.774+0000] {dag.py:3722} INFO - Setting next_dagrun for example_branch_dop_operator_v3 to 2023-12-15T11:49:00+00:00, run_after=2023-12-15T11:50:00+00:00
[2023-12-15T11:50:30.849+0000] {processor.py:179} INFO - Processing /home/airflow/.local/lib/python3.8/site-packages/airflow/example_dags/example_branch_python_dop_operator_3.py took 0.361 seconds
[2023-12-15T11:51:05.872+0000] {processor.py:157} INFO - Started process (PID=1444) to work on /home/airflow/.local/lib/python3.8/site-packages/airflow/example_dags/example_branch_python_dop_operator_3.py
[2023-12-15T11:51:05.889+0000] {processor.py:829} INFO - Processing file /home/airflow/.local/lib/python3.8/site-packages/airflow/example_dags/example_branch_python_dop_operator_3.py for tasks to queue
[2023-12-15T11:51:05.924+0000] {logging_mixin.py:154} INFO - [2023-12-15T11:51:05.920+0000] {dagbag.py:536} INFO - Filling up the DagBag from /home/airflow/.local/lib/python3.8/site-packages/airflow/example_dags/example_branch_python_dop_operator_3.py
[2023-12-15T11:51:06.124+0000] {processor.py:839} INFO - DAG(s) dict_keys(['example_branch_dop_operator_v3']) retrieved from /home/airflow/.local/lib/python3.8/site-packages/airflow/example_dags/example_branch_python_dop_operator_3.py
[2023-12-15T11:51:06.416+0000] {logging_mixin.py:154} INFO - [2023-12-15T11:51:06.414+0000] {dag.py:2941} INFO - Sync 1 DAGs
[2023-12-15T11:51:07.256+0000] {logging_mixin.py:154} INFO - [2023-12-15T11:51:07.256+0000] {dag.py:3722} INFO - Setting next_dagrun for example_branch_dop_operator_v3 to 2023-12-15T11:50:00+00:00, run_after=2023-12-15T11:51:00+00:00
[2023-12-15T11:51:07.338+0000] {processor.py:179} INFO - Processing /home/airflow/.local/lib/python3.8/site-packages/airflow/example_dags/example_branch_python_dop_operator_3.py took 1.478 seconds
[2023-12-15T11:51:37.507+0000] {processor.py:157} INFO - Started process (PID=1498) to work on /home/airflow/.local/lib/python3.8/site-packages/airflow/example_dags/example_branch_python_dop_operator_3.py
[2023-12-15T11:51:37.509+0000] {processor.py:829} INFO - Processing file /home/airflow/.local/lib/python3.8/site-packages/airflow/example_dags/example_branch_python_dop_operator_3.py for tasks to queue
[2023-12-15T11:51:37.511+0000] {logging_mixin.py:154} INFO - [2023-12-15T11:51:37.511+0000] {dagbag.py:536} INFO - Filling up the DagBag from /home/airflow/.local/lib/python3.8/site-packages/airflow/example_dags/example_branch_python_dop_operator_3.py
[2023-12-15T11:51:37.522+0000] {processor.py:839} INFO - DAG(s) dict_keys(['example_branch_dop_operator_v3']) retrieved from /home/airflow/.local/lib/python3.8/site-packages/airflow/example_dags/example_branch_python_dop_operator_3.py
[2023-12-15T11:51:37.575+0000] {logging_mixin.py:154} INFO - [2023-12-15T11:51:37.575+0000] {dag.py:2941} INFO - Sync 1 DAGs
[2023-12-15T11:51:37.641+0000] {logging_mixin.py:154} INFO - [2023-12-15T11:51:37.640+0000] {dag.py:3722} INFO - Setting next_dagrun for example_branch_dop_operator_v3 to 2023-12-15T11:50:00+00:00, run_after=2023-12-15T11:51:00+00:00
[2023-12-15T11:51:37.673+0000] {processor.py:179} INFO - Processing /home/airflow/.local/lib/python3.8/site-packages/airflow/example_dags/example_branch_python_dop_operator_3.py took 0.171 seconds
[2023-12-15T11:52:14.887+0000] {processor.py:157} INFO - Started process (PID=1547) to work on /home/airflow/.local/lib/python3.8/site-packages/airflow/example_dags/example_branch_python_dop_operator_3.py
[2023-12-15T11:52:14.891+0000] {processor.py:829} INFO - Processing file /home/airflow/.local/lib/python3.8/site-packages/airflow/example_dags/example_branch_python_dop_operator_3.py for tasks to queue
[2023-12-15T11:52:14.906+0000] {logging_mixin.py:154} INFO - [2023-12-15T11:52:14.905+0000] {dagbag.py:536} INFO - Filling up the DagBag from /home/airflow/.local/lib/python3.8/site-packages/airflow/example_dags/example_branch_python_dop_operator_3.py
[2023-12-15T11:52:14.925+0000] {processor.py:839} INFO - DAG(s) dict_keys(['example_branch_dop_operator_v3']) retrieved from /home/airflow/.local/lib/python3.8/site-packages/airflow/example_dags/example_branch_python_dop_operator_3.py
[2023-12-15T11:52:16.834+0000] {logging_mixin.py:154} INFO - [2023-12-15T11:52:16.819+0000] {dag.py:2941} INFO - Sync 1 DAGs
[2023-12-15T11:52:16.938+0000] {logging_mixin.py:154} INFO - [2023-12-15T11:52:16.938+0000] {dag.py:3722} INFO - Setting next_dagrun for example_branch_dop_operator_v3 to 2023-12-15T11:51:00+00:00, run_after=2023-12-15T11:52:00+00:00
[2023-12-15T11:52:17.082+0000] {processor.py:179} INFO - Processing /home/airflow/.local/lib/python3.8/site-packages/airflow/example_dags/example_branch_python_dop_operator_3.py took 2.200 seconds
[2023-12-15T11:52:48.352+0000] {processor.py:157} INFO - Started process (PID=1601) to work on /home/airflow/.local/lib/python3.8/site-packages/airflow/example_dags/example_branch_python_dop_operator_3.py
[2023-12-15T11:52:48.355+0000] {processor.py:829} INFO - Processing file /home/airflow/.local/lib/python3.8/site-packages/airflow/example_dags/example_branch_python_dop_operator_3.py for tasks to queue
[2023-12-15T11:52:48.367+0000] {logging_mixin.py:154} INFO - [2023-12-15T11:52:48.366+0000] {dagbag.py:536} INFO - Filling up the DagBag from /home/airflow/.local/lib/python3.8/site-packages/airflow/example_dags/example_branch_python_dop_operator_3.py
[2023-12-15T11:52:48.410+0000] {processor.py:839} INFO - DAG(s) dict_keys(['example_branch_dop_operator_v3']) retrieved from /home/airflow/.local/lib/python3.8/site-packages/airflow/example_dags/example_branch_python_dop_operator_3.py
[2023-12-15T11:52:48.609+0000] {logging_mixin.py:154} INFO - [2023-12-15T11:52:48.608+0000] {dag.py:2941} INFO - Sync 1 DAGs
[2023-12-15T11:52:48.742+0000] {logging_mixin.py:154} INFO - [2023-12-15T11:52:48.742+0000] {dag.py:3722} INFO - Setting next_dagrun for example_branch_dop_operator_v3 to 2023-12-15T11:51:00+00:00, run_after=2023-12-15T11:52:00+00:00
[2023-12-15T11:52:48.802+0000] {processor.py:179} INFO - Processing /home/airflow/.local/lib/python3.8/site-packages/airflow/example_dags/example_branch_python_dop_operator_3.py took 0.462 seconds
[2023-12-15T11:53:19.991+0000] {processor.py:157} INFO - Started process (PID=1654) to work on /home/airflow/.local/lib/python3.8/site-packages/airflow/example_dags/example_branch_python_dop_operator_3.py
[2023-12-15T11:53:19.995+0000] {processor.py:829} INFO - Processing file /home/airflow/.local/lib/python3.8/site-packages/airflow/example_dags/example_branch_python_dop_operator_3.py for tasks to queue
[2023-12-15T11:53:20.017+0000] {logging_mixin.py:154} INFO - [2023-12-15T11:53:20.014+0000] {dagbag.py:536} INFO - Filling up the DagBag from /home/airflow/.local/lib/python3.8/site-packages/airflow/example_dags/example_branch_python_dop_operator_3.py
[2023-12-15T11:53:20.061+0000] {processor.py:839} INFO - DAG(s) dict_keys(['example_branch_dop_operator_v3']) retrieved from /home/airflow/.local/lib/python3.8/site-packages/airflow/example_dags/example_branch_python_dop_operator_3.py
[2023-12-15T11:53:20.129+0000] {logging_mixin.py:154} INFO - [2023-12-15T11:53:20.129+0000] {dag.py:2941} INFO - Sync 1 DAGs
[2023-12-15T11:53:20.176+0000] {logging_mixin.py:154} INFO - [2023-12-15T11:53:20.176+0000] {dag.py:3722} INFO - Setting next_dagrun for example_branch_dop_operator_v3 to 2023-12-15T11:52:00+00:00, run_after=2023-12-15T11:53:00+00:00
[2023-12-15T11:53:20.225+0000] {processor.py:179} INFO - Processing /home/airflow/.local/lib/python3.8/site-packages/airflow/example_dags/example_branch_python_dop_operator_3.py took 0.266 seconds
[2023-12-15T11:53:51.245+0000] {processor.py:157} INFO - Started process (PID=1708) to work on /home/airflow/.local/lib/python3.8/site-packages/airflow/example_dags/example_branch_python_dop_operator_3.py
[2023-12-15T11:53:51.262+0000] {processor.py:829} INFO - Processing file /home/airflow/.local/lib/python3.8/site-packages/airflow/example_dags/example_branch_python_dop_operator_3.py for tasks to queue
[2023-12-15T11:53:51.269+0000] {logging_mixin.py:154} INFO - [2023-12-15T11:53:51.268+0000] {dagbag.py:536} INFO - Filling up the DagBag from /home/airflow/.local/lib/python3.8/site-packages/airflow/example_dags/example_branch_python_dop_operator_3.py
[2023-12-15T11:53:51.315+0000] {processor.py:839} INFO - DAG(s) dict_keys(['example_branch_dop_operator_v3']) retrieved from /home/airflow/.local/lib/python3.8/site-packages/airflow/example_dags/example_branch_python_dop_operator_3.py
[2023-12-15T11:53:51.399+0000] {logging_mixin.py:154} INFO - [2023-12-15T11:53:51.398+0000] {dag.py:2941} INFO - Sync 1 DAGs
[2023-12-15T11:53:51.488+0000] {logging_mixin.py:154} INFO - [2023-12-15T11:53:51.488+0000] {dag.py:3722} INFO - Setting next_dagrun for example_branch_dop_operator_v3 to 2023-12-15T11:52:00+00:00, run_after=2023-12-15T11:53:00+00:00
[2023-12-15T11:53:51.506+0000] {processor.py:179} INFO - Processing /home/airflow/.local/lib/python3.8/site-packages/airflow/example_dags/example_branch_python_dop_operator_3.py took 0.286 seconds
[2023-12-15T11:54:22.436+0000] {processor.py:157} INFO - Started process (PID=1762) to work on /home/airflow/.local/lib/python3.8/site-packages/airflow/example_dags/example_branch_python_dop_operator_3.py
[2023-12-15T11:54:22.460+0000] {processor.py:829} INFO - Processing file /home/airflow/.local/lib/python3.8/site-packages/airflow/example_dags/example_branch_python_dop_operator_3.py for tasks to queue
[2023-12-15T11:54:22.493+0000] {logging_mixin.py:154} INFO - [2023-12-15T11:54:22.490+0000] {dagbag.py:536} INFO - Filling up the DagBag from /home/airflow/.local/lib/python3.8/site-packages/airflow/example_dags/example_branch_python_dop_operator_3.py
[2023-12-15T11:54:22.515+0000] {processor.py:839} INFO - DAG(s) dict_keys(['example_branch_dop_operator_v3']) retrieved from /home/airflow/.local/lib/python3.8/site-packages/airflow/example_dags/example_branch_python_dop_operator_3.py
[2023-12-15T11:54:22.655+0000] {logging_mixin.py:154} INFO - [2023-12-15T11:54:22.654+0000] {dag.py:2941} INFO - Sync 1 DAGs
[2023-12-15T11:54:22.699+0000] {logging_mixin.py:154} INFO - [2023-12-15T11:54:22.699+0000] {dag.py:3722} INFO - Setting next_dagrun for example_branch_dop_operator_v3 to 2023-12-15T11:53:00+00:00, run_after=2023-12-15T11:54:00+00:00
[2023-12-15T11:54:22.726+0000] {processor.py:179} INFO - Processing /home/airflow/.local/lib/python3.8/site-packages/airflow/example_dags/example_branch_python_dop_operator_3.py took 0.318 seconds
[2023-12-15T11:54:53.758+0000] {processor.py:157} INFO - Started process (PID=1816) to work on /home/airflow/.local/lib/python3.8/site-packages/airflow/example_dags/example_branch_python_dop_operator_3.py
[2023-12-15T11:54:53.765+0000] {processor.py:829} INFO - Processing file /home/airflow/.local/lib/python3.8/site-packages/airflow/example_dags/example_branch_python_dop_operator_3.py for tasks to queue
[2023-12-15T11:54:53.786+0000] {logging_mixin.py:154} INFO - [2023-12-15T11:54:53.785+0000] {dagbag.py:536} INFO - Filling up the DagBag from /home/airflow/.local/lib/python3.8/site-packages/airflow/example_dags/example_branch_python_dop_operator_3.py
[2023-12-15T11:54:53.849+0000] {processor.py:839} INFO - DAG(s) dict_keys(['example_branch_dop_operator_v3']) retrieved from /home/airflow/.local/lib/python3.8/site-packages/airflow/example_dags/example_branch_python_dop_operator_3.py
[2023-12-15T11:54:53.964+0000] {logging_mixin.py:154} INFO - [2023-12-15T11:54:53.963+0000] {dag.py:2941} INFO - Sync 1 DAGs
[2023-12-15T11:54:54.099+0000] {logging_mixin.py:154} INFO - [2023-12-15T11:54:54.098+0000] {dag.py:3722} INFO - Setting next_dagrun for example_branch_dop_operator_v3 to 2023-12-15T11:53:00+00:00, run_after=2023-12-15T11:54:00+00:00
[2023-12-15T11:54:54.170+0000] {processor.py:179} INFO - Processing /home/airflow/.local/lib/python3.8/site-packages/airflow/example_dags/example_branch_python_dop_operator_3.py took 0.497 seconds
[2023-12-15T11:55:25.196+0000] {processor.py:157} INFO - Started process (PID=1870) to work on /home/airflow/.local/lib/python3.8/site-packages/airflow/example_dags/example_branch_python_dop_operator_3.py
[2023-12-15T11:55:25.205+0000] {processor.py:829} INFO - Processing file /home/airflow/.local/lib/python3.8/site-packages/airflow/example_dags/example_branch_python_dop_operator_3.py for tasks to queue
[2023-12-15T11:55:25.223+0000] {logging_mixin.py:154} INFO - [2023-12-15T11:55:25.222+0000] {dagbag.py:536} INFO - Filling up the DagBag from /home/airflow/.local/lib/python3.8/site-packages/airflow/example_dags/example_branch_python_dop_operator_3.py
[2023-12-15T11:55:25.287+0000] {processor.py:839} INFO - DAG(s) dict_keys(['example_branch_dop_operator_v3']) retrieved from /home/airflow/.local/lib/python3.8/site-packages/airflow/example_dags/example_branch_python_dop_operator_3.py
[2023-12-15T11:55:25.497+0000] {logging_mixin.py:154} INFO - [2023-12-15T11:55:25.496+0000] {dag.py:2941} INFO - Sync 1 DAGs
[2023-12-15T11:55:25.628+0000] {logging_mixin.py:154} INFO - [2023-12-15T11:55:25.628+0000] {dag.py:3722} INFO - Setting next_dagrun for example_branch_dop_operator_v3 to 2023-12-15T11:54:00+00:00, run_after=2023-12-15T11:55:00+00:00
[2023-12-15T11:55:25.689+0000] {processor.py:179} INFO - Processing /home/airflow/.local/lib/python3.8/site-packages/airflow/example_dags/example_branch_python_dop_operator_3.py took 0.537 seconds
[2023-12-15T11:55:56.413+0000] {processor.py:157} INFO - Started process (PID=1925) to work on /home/airflow/.local/lib/python3.8/site-packages/airflow/example_dags/example_branch_python_dop_operator_3.py
[2023-12-15T11:55:56.424+0000] {processor.py:829} INFO - Processing file /home/airflow/.local/lib/python3.8/site-packages/airflow/example_dags/example_branch_python_dop_operator_3.py for tasks to queue
[2023-12-15T11:55:56.430+0000] {logging_mixin.py:154} INFO - [2023-12-15T11:55:56.429+0000] {dagbag.py:536} INFO - Filling up the DagBag from /home/airflow/.local/lib/python3.8/site-packages/airflow/example_dags/example_branch_python_dop_operator_3.py
[2023-12-15T11:55:56.449+0000] {processor.py:839} INFO - DAG(s) dict_keys(['example_branch_dop_operator_v3']) retrieved from /home/airflow/.local/lib/python3.8/site-packages/airflow/example_dags/example_branch_python_dop_operator_3.py
[2023-12-15T11:55:56.526+0000] {logging_mixin.py:154} INFO - [2023-12-15T11:55:56.525+0000] {dag.py:2941} INFO - Sync 1 DAGs
[2023-12-15T11:55:56.586+0000] {logging_mixin.py:154} INFO - [2023-12-15T11:55:56.585+0000] {dag.py:3722} INFO - Setting next_dagrun for example_branch_dop_operator_v3 to 2023-12-15T11:54:00+00:00, run_after=2023-12-15T11:55:00+00:00
[2023-12-15T11:55:56.614+0000] {processor.py:179} INFO - Processing /home/airflow/.local/lib/python3.8/site-packages/airflow/example_dags/example_branch_python_dop_operator_3.py took 0.216 seconds
[2023-12-15T11:56:27.176+0000] {processor.py:157} INFO - Started process (PID=1980) to work on /home/airflow/.local/lib/python3.8/site-packages/airflow/example_dags/example_branch_python_dop_operator_3.py
[2023-12-15T11:56:27.186+0000] {processor.py:829} INFO - Processing file /home/airflow/.local/lib/python3.8/site-packages/airflow/example_dags/example_branch_python_dop_operator_3.py for tasks to queue
[2023-12-15T11:56:27.207+0000] {logging_mixin.py:154} INFO - [2023-12-15T11:56:27.206+0000] {dagbag.py:536} INFO - Filling up the DagBag from /home/airflow/.local/lib/python3.8/site-packages/airflow/example_dags/example_branch_python_dop_operator_3.py
[2023-12-15T11:56:27.237+0000] {processor.py:839} INFO - DAG(s) dict_keys(['example_branch_dop_operator_v3']) retrieved from /home/airflow/.local/lib/python3.8/site-packages/airflow/example_dags/example_branch_python_dop_operator_3.py
[2023-12-15T11:56:27.329+0000] {logging_mixin.py:154} INFO - [2023-12-15T11:56:27.329+0000] {dag.py:2941} INFO - Sync 1 DAGs
[2023-12-15T11:56:27.378+0000] {logging_mixin.py:154} INFO - [2023-12-15T11:56:27.378+0000] {dag.py:3722} INFO - Setting next_dagrun for example_branch_dop_operator_v3 to 2023-12-15T11:55:00+00:00, run_after=2023-12-15T11:56:00+00:00
[2023-12-15T11:56:27.424+0000] {processor.py:179} INFO - Processing /home/airflow/.local/lib/python3.8/site-packages/airflow/example_dags/example_branch_python_dop_operator_3.py took 0.264 seconds
[2023-12-15T11:56:57.527+0000] {processor.py:157} INFO - Started process (PID=2033) to work on /home/airflow/.local/lib/python3.8/site-packages/airflow/example_dags/example_branch_python_dop_operator_3.py
[2023-12-15T11:56:57.533+0000] {processor.py:829} INFO - Processing file /home/airflow/.local/lib/python3.8/site-packages/airflow/example_dags/example_branch_python_dop_operator_3.py for tasks to queue
[2023-12-15T11:56:57.537+0000] {logging_mixin.py:154} INFO - [2023-12-15T11:56:57.537+0000] {dagbag.py:536} INFO - Filling up the DagBag from /home/airflow/.local/lib/python3.8/site-packages/airflow/example_dags/example_branch_python_dop_operator_3.py
[2023-12-15T11:56:57.568+0000] {processor.py:839} INFO - DAG(s) dict_keys(['example_branch_dop_operator_v3']) retrieved from /home/airflow/.local/lib/python3.8/site-packages/airflow/example_dags/example_branch_python_dop_operator_3.py
[2023-12-15T11:56:57.643+0000] {logging_mixin.py:154} INFO - [2023-12-15T11:56:57.643+0000] {dag.py:2941} INFO - Sync 1 DAGs
[2023-12-15T11:56:57.692+0000] {logging_mixin.py:154} INFO - [2023-12-15T11:56:57.692+0000] {dag.py:3722} INFO - Setting next_dagrun for example_branch_dop_operator_v3 to 2023-12-15T11:55:00+00:00, run_after=2023-12-15T11:56:00+00:00
[2023-12-15T11:56:57.705+0000] {processor.py:179} INFO - Processing /home/airflow/.local/lib/python3.8/site-packages/airflow/example_dags/example_branch_python_dop_operator_3.py took 0.195 seconds
[2023-12-15T11:57:28.394+0000] {processor.py:157} INFO - Started process (PID=2087) to work on /home/airflow/.local/lib/python3.8/site-packages/airflow/example_dags/example_branch_python_dop_operator_3.py
[2023-12-15T11:57:28.404+0000] {processor.py:829} INFO - Processing file /home/airflow/.local/lib/python3.8/site-packages/airflow/example_dags/example_branch_python_dop_operator_3.py for tasks to queue
[2023-12-15T11:57:28.429+0000] {logging_mixin.py:154} INFO - [2023-12-15T11:57:28.428+0000] {dagbag.py:536} INFO - Filling up the DagBag from /home/airflow/.local/lib/python3.8/site-packages/airflow/example_dags/example_branch_python_dop_operator_3.py
[2023-12-15T11:57:28.481+0000] {processor.py:839} INFO - DAG(s) dict_keys(['example_branch_dop_operator_v3']) retrieved from /home/airflow/.local/lib/python3.8/site-packages/airflow/example_dags/example_branch_python_dop_operator_3.py
[2023-12-15T11:57:28.722+0000] {logging_mixin.py:154} INFO - [2023-12-15T11:57:28.721+0000] {dag.py:2941} INFO - Sync 1 DAGs
[2023-12-15T11:57:28.874+0000] {logging_mixin.py:154} INFO - [2023-12-15T11:57:28.873+0000] {dag.py:3722} INFO - Setting next_dagrun for example_branch_dop_operator_v3 to 2023-12-15T11:56:00+00:00, run_after=2023-12-15T11:57:00+00:00
[2023-12-15T11:57:28.955+0000] {processor.py:179} INFO - Processing /home/airflow/.local/lib/python3.8/site-packages/airflow/example_dags/example_branch_python_dop_operator_3.py took 0.607 seconds
[2023-12-15T11:57:59.215+0000] {processor.py:157} INFO - Started process (PID=2142) to work on /home/airflow/.local/lib/python3.8/site-packages/airflow/example_dags/example_branch_python_dop_operator_3.py
[2023-12-15T11:57:59.216+0000] {processor.py:829} INFO - Processing file /home/airflow/.local/lib/python3.8/site-packages/airflow/example_dags/example_branch_python_dop_operator_3.py for tasks to queue
[2023-12-15T11:57:59.218+0000] {logging_mixin.py:154} INFO - [2023-12-15T11:57:59.218+0000] {dagbag.py:536} INFO - Filling up the DagBag from /home/airflow/.local/lib/python3.8/site-packages/airflow/example_dags/example_branch_python_dop_operator_3.py
[2023-12-15T11:57:59.225+0000] {processor.py:839} INFO - DAG(s) dict_keys(['example_branch_dop_operator_v3']) retrieved from /home/airflow/.local/lib/python3.8/site-packages/airflow/example_dags/example_branch_python_dop_operator_3.py
[2023-12-15T11:57:59.241+0000] {logging_mixin.py:154} INFO - [2023-12-15T11:57:59.240+0000] {dag.py:2941} INFO - Sync 1 DAGs
[2023-12-15T11:57:59.258+0000] {logging_mixin.py:154} INFO - [2023-12-15T11:57:59.258+0000] {dag.py:3722} INFO - Setting next_dagrun for example_branch_dop_operator_v3 to 2023-12-15T11:56:00+00:00, run_after=2023-12-15T11:57:00+00:00
[2023-12-15T11:57:59.270+0000] {processor.py:179} INFO - Processing /home/airflow/.local/lib/python3.8/site-packages/airflow/example_dags/example_branch_python_dop_operator_3.py took 0.059 seconds
[2023-12-15T11:58:29.717+0000] {processor.py:157} INFO - Started process (PID=2195) to work on /home/airflow/.local/lib/python3.8/site-packages/airflow/example_dags/example_branch_python_dop_operator_3.py
[2023-12-15T11:58:29.719+0000] {processor.py:829} INFO - Processing file /home/airflow/.local/lib/python3.8/site-packages/airflow/example_dags/example_branch_python_dop_operator_3.py for tasks to queue
[2023-12-15T11:58:29.724+0000] {logging_mixin.py:154} INFO - [2023-12-15T11:58:29.724+0000] {dagbag.py:536} INFO - Filling up the DagBag from /home/airflow/.local/lib/python3.8/site-packages/airflow/example_dags/example_branch_python_dop_operator_3.py
[2023-12-15T11:58:29.736+0000] {processor.py:839} INFO - DAG(s) dict_keys(['example_branch_dop_operator_v3']) retrieved from /home/airflow/.local/lib/python3.8/site-packages/airflow/example_dags/example_branch_python_dop_operator_3.py
[2023-12-15T11:58:29.777+0000] {logging_mixin.py:154} INFO - [2023-12-15T11:58:29.777+0000] {dag.py:2941} INFO - Sync 1 DAGs
[2023-12-15T11:58:29.808+0000] {logging_mixin.py:154} INFO - [2023-12-15T11:58:29.808+0000] {dag.py:3722} INFO - Setting next_dagrun for example_branch_dop_operator_v3 to 2023-12-15T11:57:00+00:00, run_after=2023-12-15T11:58:00+00:00
[2023-12-15T11:58:29.823+0000] {processor.py:179} INFO - Processing /home/airflow/.local/lib/python3.8/site-packages/airflow/example_dags/example_branch_python_dop_operator_3.py took 0.114 seconds
[2023-12-15T11:59:00.498+0000] {processor.py:157} INFO - Started process (PID=2248) to work on /home/airflow/.local/lib/python3.8/site-packages/airflow/example_dags/example_branch_python_dop_operator_3.py
[2023-12-15T11:59:00.501+0000] {processor.py:829} INFO - Processing file /home/airflow/.local/lib/python3.8/site-packages/airflow/example_dags/example_branch_python_dop_operator_3.py for tasks to queue
[2023-12-15T11:59:00.508+0000] {logging_mixin.py:154} INFO - [2023-12-15T11:59:00.507+0000] {dagbag.py:536} INFO - Filling up the DagBag from /home/airflow/.local/lib/python3.8/site-packages/airflow/example_dags/example_branch_python_dop_operator_3.py
[2023-12-15T11:59:00.525+0000] {processor.py:839} INFO - DAG(s) dict_keys(['example_branch_dop_operator_v3']) retrieved from /home/airflow/.local/lib/python3.8/site-packages/airflow/example_dags/example_branch_python_dop_operator_3.py
[2023-12-15T11:59:00.572+0000] {logging_mixin.py:154} INFO - [2023-12-15T11:59:00.572+0000] {dag.py:2941} INFO - Sync 1 DAGs
[2023-12-15T11:59:00.600+0000] {logging_mixin.py:154} INFO - [2023-12-15T11:59:00.600+0000] {dag.py:3722} INFO - Setting next_dagrun for example_branch_dop_operator_v3 to 2023-12-15T11:58:00+00:00, run_after=2023-12-15T11:59:00+00:00
[2023-12-15T11:59:00.620+0000] {processor.py:179} INFO - Processing /home/airflow/.local/lib/python3.8/site-packages/airflow/example_dags/example_branch_python_dop_operator_3.py took 0.134 seconds
[2023-12-15T11:59:30.704+0000] {processor.py:157} INFO - Started process (PID=2302) to work on /home/airflow/.local/lib/python3.8/site-packages/airflow/example_dags/example_branch_python_dop_operator_3.py
[2023-12-15T11:59:30.706+0000] {processor.py:829} INFO - Processing file /home/airflow/.local/lib/python3.8/site-packages/airflow/example_dags/example_branch_python_dop_operator_3.py for tasks to queue
[2023-12-15T11:59:30.714+0000] {logging_mixin.py:154} INFO - [2023-12-15T11:59:30.713+0000] {dagbag.py:536} INFO - Filling up the DagBag from /home/airflow/.local/lib/python3.8/site-packages/airflow/example_dags/example_branch_python_dop_operator_3.py
[2023-12-15T11:59:30.729+0000] {processor.py:839} INFO - DAG(s) dict_keys(['example_branch_dop_operator_v3']) retrieved from /home/airflow/.local/lib/python3.8/site-packages/airflow/example_dags/example_branch_python_dop_operator_3.py
[2023-12-15T11:59:30.773+0000] {logging_mixin.py:154} INFO - [2023-12-15T11:59:30.773+0000] {dag.py:2941} INFO - Sync 1 DAGs
[2023-12-15T11:59:30.814+0000] {logging_mixin.py:154} INFO - [2023-12-15T11:59:30.814+0000] {dag.py:3722} INFO - Setting next_dagrun for example_branch_dop_operator_v3 to 2023-12-15T11:58:00+00:00, run_after=2023-12-15T11:59:00+00:00
[2023-12-15T11:59:30.831+0000] {processor.py:179} INFO - Processing /home/airflow/.local/lib/python3.8/site-packages/airflow/example_dags/example_branch_python_dop_operator_3.py took 0.134 seconds
[2023-12-15T12:00:01.394+0000] {processor.py:157} INFO - Started process (PID=2355) to work on /home/airflow/.local/lib/python3.8/site-packages/airflow/example_dags/example_branch_python_dop_operator_3.py
[2023-12-15T12:00:01.413+0000] {processor.py:829} INFO - Processing file /home/airflow/.local/lib/python3.8/site-packages/airflow/example_dags/example_branch_python_dop_operator_3.py for tasks to queue
[2023-12-15T12:00:01.457+0000] {logging_mixin.py:154} INFO - [2023-12-15T12:00:01.454+0000] {dagbag.py:536} INFO - Filling up the DagBag from /home/airflow/.local/lib/python3.8/site-packages/airflow/example_dags/example_branch_python_dop_operator_3.py
[2023-12-15T12:00:01.510+0000] {processor.py:839} INFO - DAG(s) dict_keys(['example_branch_dop_operator_v3']) retrieved from /home/airflow/.local/lib/python3.8/site-packages/airflow/example_dags/example_branch_python_dop_operator_3.py
[2023-12-15T12:00:01.649+0000] {logging_mixin.py:154} INFO - [2023-12-15T12:00:01.649+0000] {dag.py:2941} INFO - Sync 1 DAGs
[2023-12-15T12:00:01.725+0000] {logging_mixin.py:154} INFO - [2023-12-15T12:00:01.725+0000] {dag.py:3722} INFO - Setting next_dagrun for example_branch_dop_operator_v3 to 2023-12-15T11:59:00+00:00, run_after=2023-12-15T12:00:00+00:00
[2023-12-15T12:00:01.806+0000] {processor.py:179} INFO - Processing /home/airflow/.local/lib/python3.8/site-packages/airflow/example_dags/example_branch_python_dop_operator_3.py took 0.454 seconds
[2023-12-15T12:00:32.163+0000] {processor.py:157} INFO - Started process (PID=2409) to work on /home/airflow/.local/lib/python3.8/site-packages/airflow/example_dags/example_branch_python_dop_operator_3.py
[2023-12-15T12:00:32.185+0000] {processor.py:829} INFO - Processing file /home/airflow/.local/lib/python3.8/site-packages/airflow/example_dags/example_branch_python_dop_operator_3.py for tasks to queue
[2023-12-15T12:00:32.210+0000] {logging_mixin.py:154} INFO - [2023-12-15T12:00:32.205+0000] {dagbag.py:536} INFO - Filling up the DagBag from /home/airflow/.local/lib/python3.8/site-packages/airflow/example_dags/example_branch_python_dop_operator_3.py
[2023-12-15T12:00:32.283+0000] {processor.py:839} INFO - DAG(s) dict_keys(['example_branch_dop_operator_v3']) retrieved from /home/airflow/.local/lib/python3.8/site-packages/airflow/example_dags/example_branch_python_dop_operator_3.py
[2023-12-15T12:00:32.391+0000] {logging_mixin.py:154} INFO - [2023-12-15T12:00:32.391+0000] {dag.py:2941} INFO - Sync 1 DAGs
[2023-12-15T12:00:32.485+0000] {logging_mixin.py:154} INFO - [2023-12-15T12:00:32.485+0000] {dag.py:3722} INFO - Setting next_dagrun for example_branch_dop_operator_v3 to 2023-12-15T11:59:00+00:00, run_after=2023-12-15T12:00:00+00:00
[2023-12-15T12:00:32.532+0000] {processor.py:179} INFO - Processing /home/airflow/.local/lib/python3.8/site-packages/airflow/example_dags/example_branch_python_dop_operator_3.py took 0.401 seconds
[2023-12-15T12:01:03.213+0000] {processor.py:157} INFO - Started process (PID=2463) to work on /home/airflow/.local/lib/python3.8/site-packages/airflow/example_dags/example_branch_python_dop_operator_3.py
[2023-12-15T12:01:03.229+0000] {processor.py:829} INFO - Processing file /home/airflow/.local/lib/python3.8/site-packages/airflow/example_dags/example_branch_python_dop_operator_3.py for tasks to queue
[2023-12-15T12:01:03.258+0000] {logging_mixin.py:154} INFO - [2023-12-15T12:01:03.254+0000] {dagbag.py:536} INFO - Filling up the DagBag from /home/airflow/.local/lib/python3.8/site-packages/airflow/example_dags/example_branch_python_dop_operator_3.py
[2023-12-15T12:01:03.440+0000] {processor.py:839} INFO - DAG(s) dict_keys(['example_branch_dop_operator_v3']) retrieved from /home/airflow/.local/lib/python3.8/site-packages/airflow/example_dags/example_branch_python_dop_operator_3.py
[2023-12-15T12:01:03.698+0000] {logging_mixin.py:154} INFO - [2023-12-15T12:01:03.698+0000] {dag.py:2941} INFO - Sync 1 DAGs
[2023-12-15T12:01:03.833+0000] {logging_mixin.py:154} INFO - [2023-12-15T12:01:03.833+0000] {dag.py:3722} INFO - Setting next_dagrun for example_branch_dop_operator_v3 to 2023-12-15T12:00:00+00:00, run_after=2023-12-15T12:01:00+00:00
[2023-12-15T12:01:03.896+0000] {processor.py:179} INFO - Processing /home/airflow/.local/lib/python3.8/site-packages/airflow/example_dags/example_branch_python_dop_operator_3.py took 0.773 seconds
[2023-12-15T12:01:35.156+0000] {processor.py:157} INFO - Started process (PID=2517) to work on /home/airflow/.local/lib/python3.8/site-packages/airflow/example_dags/example_branch_python_dop_operator_3.py
[2023-12-15T12:01:35.161+0000] {processor.py:829} INFO - Processing file /home/airflow/.local/lib/python3.8/site-packages/airflow/example_dags/example_branch_python_dop_operator_3.py for tasks to queue
[2023-12-15T12:01:35.204+0000] {logging_mixin.py:154} INFO - [2023-12-15T12:01:35.198+0000] {dagbag.py:536} INFO - Filling up the DagBag from /home/airflow/.local/lib/python3.8/site-packages/airflow/example_dags/example_branch_python_dop_operator_3.py
[2023-12-15T12:01:35.267+0000] {processor.py:839} INFO - DAG(s) dict_keys(['example_branch_dop_operator_v3']) retrieved from /home/airflow/.local/lib/python3.8/site-packages/airflow/example_dags/example_branch_python_dop_operator_3.py
[2023-12-15T12:01:35.360+0000] {logging_mixin.py:154} INFO - [2023-12-15T12:01:35.360+0000] {dag.py:2941} INFO - Sync 1 DAGs
[2023-12-15T12:01:35.428+0000] {logging_mixin.py:154} INFO - [2023-12-15T12:01:35.427+0000] {dag.py:3722} INFO - Setting next_dagrun for example_branch_dop_operator_v3 to 2023-12-15T12:00:00+00:00, run_after=2023-12-15T12:01:00+00:00
[2023-12-15T12:01:35.482+0000] {processor.py:179} INFO - Processing /home/airflow/.local/lib/python3.8/site-packages/airflow/example_dags/example_branch_python_dop_operator_3.py took 0.358 seconds
[2023-12-15T12:02:05.909+0000] {processor.py:157} INFO - Started process (PID=2571) to work on /home/airflow/.local/lib/python3.8/site-packages/airflow/example_dags/example_branch_python_dop_operator_3.py
[2023-12-15T12:02:05.912+0000] {processor.py:829} INFO - Processing file /home/airflow/.local/lib/python3.8/site-packages/airflow/example_dags/example_branch_python_dop_operator_3.py for tasks to queue
[2023-12-15T12:02:05.922+0000] {logging_mixin.py:154} INFO - [2023-12-15T12:02:05.919+0000] {dagbag.py:536} INFO - Filling up the DagBag from /home/airflow/.local/lib/python3.8/site-packages/airflow/example_dags/example_branch_python_dop_operator_3.py
[2023-12-15T12:02:05.946+0000] {processor.py:839} INFO - DAG(s) dict_keys(['example_branch_dop_operator_v3']) retrieved from /home/airflow/.local/lib/python3.8/site-packages/airflow/example_dags/example_branch_python_dop_operator_3.py
[2023-12-15T12:02:06.026+0000] {logging_mixin.py:154} INFO - [2023-12-15T12:02:06.026+0000] {dag.py:2941} INFO - Sync 1 DAGs
[2023-12-15T12:02:06.113+0000] {logging_mixin.py:154} INFO - [2023-12-15T12:02:06.113+0000] {dag.py:3722} INFO - Setting next_dagrun for example_branch_dop_operator_v3 to 2023-12-15T12:01:00+00:00, run_after=2023-12-15T12:02:00+00:00
[2023-12-15T12:02:06.198+0000] {processor.py:179} INFO - Processing /home/airflow/.local/lib/python3.8/site-packages/airflow/example_dags/example_branch_python_dop_operator_3.py took 0.309 seconds
[2023-12-15T12:02:36.554+0000] {processor.py:157} INFO - Started process (PID=2625) to work on /home/airflow/.local/lib/python3.8/site-packages/airflow/example_dags/example_branch_python_dop_operator_3.py
[2023-12-15T12:02:36.563+0000] {processor.py:829} INFO - Processing file /home/airflow/.local/lib/python3.8/site-packages/airflow/example_dags/example_branch_python_dop_operator_3.py for tasks to queue
[2023-12-15T12:02:36.582+0000] {logging_mixin.py:154} INFO - [2023-12-15T12:02:36.581+0000] {dagbag.py:536} INFO - Filling up the DagBag from /home/airflow/.local/lib/python3.8/site-packages/airflow/example_dags/example_branch_python_dop_operator_3.py
[2023-12-15T12:02:36.627+0000] {processor.py:839} INFO - DAG(s) dict_keys(['example_branch_dop_operator_v3']) retrieved from /home/airflow/.local/lib/python3.8/site-packages/airflow/example_dags/example_branch_python_dop_operator_3.py
[2023-12-15T12:02:36.704+0000] {logging_mixin.py:154} INFO - [2023-12-15T12:02:36.704+0000] {dag.py:2941} INFO - Sync 1 DAGs
[2023-12-15T12:02:36.794+0000] {logging_mixin.py:154} INFO - [2023-12-15T12:02:36.794+0000] {dag.py:3722} INFO - Setting next_dagrun for example_branch_dop_operator_v3 to 2023-12-15T12:01:00+00:00, run_after=2023-12-15T12:02:00+00:00
[2023-12-15T12:02:36.856+0000] {processor.py:179} INFO - Processing /home/airflow/.local/lib/python3.8/site-packages/airflow/example_dags/example_branch_python_dop_operator_3.py took 0.313 seconds
[2023-12-15T12:03:07.448+0000] {processor.py:157} INFO - Started process (PID=2679) to work on /home/airflow/.local/lib/python3.8/site-packages/airflow/example_dags/example_branch_python_dop_operator_3.py
[2023-12-15T12:03:07.452+0000] {processor.py:829} INFO - Processing file /home/airflow/.local/lib/python3.8/site-packages/airflow/example_dags/example_branch_python_dop_operator_3.py for tasks to queue
[2023-12-15T12:03:07.464+0000] {logging_mixin.py:154} INFO - [2023-12-15T12:03:07.463+0000] {dagbag.py:536} INFO - Filling up the DagBag from /home/airflow/.local/lib/python3.8/site-packages/airflow/example_dags/example_branch_python_dop_operator_3.py
[2023-12-15T12:03:07.504+0000] {processor.py:839} INFO - DAG(s) dict_keys(['example_branch_dop_operator_v3']) retrieved from /home/airflow/.local/lib/python3.8/site-packages/airflow/example_dags/example_branch_python_dop_operator_3.py
[2023-12-15T12:03:07.614+0000] {logging_mixin.py:154} INFO - [2023-12-15T12:03:07.614+0000] {dag.py:2941} INFO - Sync 1 DAGs
[2023-12-15T12:03:07.685+0000] {logging_mixin.py:154} INFO - [2023-12-15T12:03:07.685+0000] {dag.py:3722} INFO - Setting next_dagrun for example_branch_dop_operator_v3 to 2023-12-15T12:02:00+00:00, run_after=2023-12-15T12:03:00+00:00
[2023-12-15T12:03:07.707+0000] {processor.py:179} INFO - Processing /home/airflow/.local/lib/python3.8/site-packages/airflow/example_dags/example_branch_python_dop_operator_3.py took 0.301 seconds
[2023-12-15T12:03:39.048+0000] {processor.py:157} INFO - Started process (PID=2733) to work on /home/airflow/.local/lib/python3.8/site-packages/airflow/example_dags/example_branch_python_dop_operator_3.py
[2023-12-15T12:03:39.054+0000] {processor.py:829} INFO - Processing file /home/airflow/.local/lib/python3.8/site-packages/airflow/example_dags/example_branch_python_dop_operator_3.py for tasks to queue
[2023-12-15T12:03:39.083+0000] {logging_mixin.py:154} INFO - [2023-12-15T12:03:39.080+0000] {dagbag.py:536} INFO - Filling up the DagBag from /home/airflow/.local/lib/python3.8/site-packages/airflow/example_dags/example_branch_python_dop_operator_3.py
[2023-12-15T12:03:39.263+0000] {processor.py:839} INFO - DAG(s) dict_keys(['example_branch_dop_operator_v3']) retrieved from /home/airflow/.local/lib/python3.8/site-packages/airflow/example_dags/example_branch_python_dop_operator_3.py
[2023-12-15T12:03:39.516+0000] {logging_mixin.py:154} INFO - [2023-12-15T12:03:39.515+0000] {dag.py:2941} INFO - Sync 1 DAGs
[2023-12-15T12:03:39.679+0000] {logging_mixin.py:154} INFO - [2023-12-15T12:03:39.679+0000] {dag.py:3722} INFO - Setting next_dagrun for example_branch_dop_operator_v3 to 2023-12-15T12:02:00+00:00, run_after=2023-12-15T12:03:00+00:00
[2023-12-15T12:03:39.728+0000] {processor.py:179} INFO - Processing /home/airflow/.local/lib/python3.8/site-packages/airflow/example_dags/example_branch_python_dop_operator_3.py took 0.737 seconds
[2023-12-15T12:04:10.656+0000] {processor.py:157} INFO - Started process (PID=2787) to work on /home/airflow/.local/lib/python3.8/site-packages/airflow/example_dags/example_branch_python_dop_operator_3.py
[2023-12-15T12:04:10.667+0000] {processor.py:829} INFO - Processing file /home/airflow/.local/lib/python3.8/site-packages/airflow/example_dags/example_branch_python_dop_operator_3.py for tasks to queue
[2023-12-15T12:04:10.689+0000] {logging_mixin.py:154} INFO - [2023-12-15T12:04:10.688+0000] {dagbag.py:536} INFO - Filling up the DagBag from /home/airflow/.local/lib/python3.8/site-packages/airflow/example_dags/example_branch_python_dop_operator_3.py
[2023-12-15T12:04:10.708+0000] {processor.py:839} INFO - DAG(s) dict_keys(['example_branch_dop_operator_v3']) retrieved from /home/airflow/.local/lib/python3.8/site-packages/airflow/example_dags/example_branch_python_dop_operator_3.py
[2023-12-15T12:04:10.807+0000] {logging_mixin.py:154} INFO - [2023-12-15T12:04:10.807+0000] {dag.py:2941} INFO - Sync 1 DAGs
[2023-12-15T12:04:10.910+0000] {logging_mixin.py:154} INFO - [2023-12-15T12:04:10.909+0000] {dag.py:3722} INFO - Setting next_dagrun for example_branch_dop_operator_v3 to 2023-12-15T12:03:00+00:00, run_after=2023-12-15T12:04:00+00:00
[2023-12-15T12:04:10.942+0000] {processor.py:179} INFO - Processing /home/airflow/.local/lib/python3.8/site-packages/airflow/example_dags/example_branch_python_dop_operator_3.py took 0.307 seconds
[2023-12-15T12:04:42.015+0000] {processor.py:157} INFO - Started process (PID=2841) to work on /home/airflow/.local/lib/python3.8/site-packages/airflow/example_dags/example_branch_python_dop_operator_3.py
[2023-12-15T12:04:42.025+0000] {processor.py:829} INFO - Processing file /home/airflow/.local/lib/python3.8/site-packages/airflow/example_dags/example_branch_python_dop_operator_3.py for tasks to queue
[2023-12-15T12:04:42.040+0000] {logging_mixin.py:154} INFO - [2023-12-15T12:04:42.038+0000] {dagbag.py:536} INFO - Filling up the DagBag from /home/airflow/.local/lib/python3.8/site-packages/airflow/example_dags/example_branch_python_dop_operator_3.py
[2023-12-15T12:04:42.117+0000] {processor.py:839} INFO - DAG(s) dict_keys(['example_branch_dop_operator_v3']) retrieved from /home/airflow/.local/lib/python3.8/site-packages/airflow/example_dags/example_branch_python_dop_operator_3.py
[2023-12-15T12:04:42.204+0000] {logging_mixin.py:154} INFO - [2023-12-15T12:04:42.204+0000] {dag.py:2941} INFO - Sync 1 DAGs
[2023-12-15T12:04:42.248+0000] {logging_mixin.py:154} INFO - [2023-12-15T12:04:42.247+0000] {dag.py:3722} INFO - Setting next_dagrun for example_branch_dop_operator_v3 to 2023-12-15T12:03:00+00:00, run_after=2023-12-15T12:04:00+00:00
[2023-12-15T12:04:42.263+0000] {processor.py:179} INFO - Processing /home/airflow/.local/lib/python3.8/site-packages/airflow/example_dags/example_branch_python_dop_operator_3.py took 0.275 seconds
[2023-12-15T12:05:12.828+0000] {processor.py:157} INFO - Started process (PID=2895) to work on /home/airflow/.local/lib/python3.8/site-packages/airflow/example_dags/example_branch_python_dop_operator_3.py
[2023-12-15T12:05:12.831+0000] {processor.py:829} INFO - Processing file /home/airflow/.local/lib/python3.8/site-packages/airflow/example_dags/example_branch_python_dop_operator_3.py for tasks to queue
[2023-12-15T12:05:12.845+0000] {logging_mixin.py:154} INFO - [2023-12-15T12:05:12.843+0000] {dagbag.py:536} INFO - Filling up the DagBag from /home/airflow/.local/lib/python3.8/site-packages/airflow/example_dags/example_branch_python_dop_operator_3.py
[2023-12-15T12:05:12.872+0000] {processor.py:839} INFO - DAG(s) dict_keys(['example_branch_dop_operator_v3']) retrieved from /home/airflow/.local/lib/python3.8/site-packages/airflow/example_dags/example_branch_python_dop_operator_3.py
[2023-12-15T12:05:12.966+0000] {logging_mixin.py:154} INFO - [2023-12-15T12:05:12.966+0000] {dag.py:2941} INFO - Sync 1 DAGs
[2023-12-15T12:05:13.118+0000] {logging_mixin.py:154} INFO - [2023-12-15T12:05:13.118+0000] {dag.py:3722} INFO - Setting next_dagrun for example_branch_dop_operator_v3 to 2023-12-15T12:04:00+00:00, run_after=2023-12-15T12:05:00+00:00
[2023-12-15T12:05:13.166+0000] {processor.py:179} INFO - Processing /home/airflow/.local/lib/python3.8/site-packages/airflow/example_dags/example_branch_python_dop_operator_3.py took 0.346 seconds
[2023-12-15T12:05:43.512+0000] {processor.py:157} INFO - Started process (PID=2947) to work on /home/airflow/.local/lib/python3.8/site-packages/airflow/example_dags/example_branch_python_dop_operator_3.py
[2023-12-15T12:05:43.603+0000] {processor.py:829} INFO - Processing file /home/airflow/.local/lib/python3.8/site-packages/airflow/example_dags/example_branch_python_dop_operator_3.py for tasks to queue
[2023-12-15T12:05:43.635+0000] {logging_mixin.py:154} INFO - [2023-12-15T12:05:43.635+0000] {dagbag.py:536} INFO - Filling up the DagBag from /home/airflow/.local/lib/python3.8/site-packages/airflow/example_dags/example_branch_python_dop_operator_3.py
[2023-12-15T12:05:43.686+0000] {processor.py:839} INFO - DAG(s) dict_keys(['example_branch_dop_operator_v3']) retrieved from /home/airflow/.local/lib/python3.8/site-packages/airflow/example_dags/example_branch_python_dop_operator_3.py
[2023-12-15T12:05:43.856+0000] {logging_mixin.py:154} INFO - [2023-12-15T12:05:43.855+0000] {dag.py:2941} INFO - Sync 1 DAGs
[2023-12-15T12:05:44.019+0000] {logging_mixin.py:154} INFO - [2023-12-15T12:05:44.017+0000] {dag.py:3722} INFO - Setting next_dagrun for example_branch_dop_operator_v3 to 2023-12-15T12:04:00+00:00, run_after=2023-12-15T12:05:00+00:00
[2023-12-15T12:05:44.134+0000] {processor.py:179} INFO - Processing /home/airflow/.local/lib/python3.8/site-packages/airflow/example_dags/example_branch_python_dop_operator_3.py took 0.636 seconds
[2023-12-15T12:06:14.401+0000] {processor.py:157} INFO - Started process (PID=3001) to work on /home/airflow/.local/lib/python3.8/site-packages/airflow/example_dags/example_branch_python_dop_operator_3.py
[2023-12-15T12:06:14.402+0000] {processor.py:829} INFO - Processing file /home/airflow/.local/lib/python3.8/site-packages/airflow/example_dags/example_branch_python_dop_operator_3.py for tasks to queue
[2023-12-15T12:06:14.404+0000] {logging_mixin.py:154} INFO - [2023-12-15T12:06:14.404+0000] {dagbag.py:536} INFO - Filling up the DagBag from /home/airflow/.local/lib/python3.8/site-packages/airflow/example_dags/example_branch_python_dop_operator_3.py
[2023-12-15T12:06:14.427+0000] {processor.py:839} INFO - DAG(s) dict_keys(['example_branch_dop_operator_v3']) retrieved from /home/airflow/.local/lib/python3.8/site-packages/airflow/example_dags/example_branch_python_dop_operator_3.py
[2023-12-15T12:06:14.500+0000] {logging_mixin.py:154} INFO - [2023-12-15T12:06:14.500+0000] {dag.py:2941} INFO - Sync 1 DAGs
[2023-12-15T12:06:14.631+0000] {logging_mixin.py:154} INFO - [2023-12-15T12:06:14.630+0000] {dag.py:3722} INFO - Setting next_dagrun for example_branch_dop_operator_v3 to 2023-12-15T12:05:00+00:00, run_after=2023-12-15T12:06:00+00:00
[2023-12-15T12:06:14.656+0000] {processor.py:179} INFO - Processing /home/airflow/.local/lib/python3.8/site-packages/airflow/example_dags/example_branch_python_dop_operator_3.py took 0.259 seconds
[2023-12-15T12:06:45.681+0000] {processor.py:157} INFO - Started process (PID=3053) to work on /home/airflow/.local/lib/python3.8/site-packages/airflow/example_dags/example_branch_python_dop_operator_3.py
[2023-12-15T12:06:45.683+0000] {processor.py:829} INFO - Processing file /home/airflow/.local/lib/python3.8/site-packages/airflow/example_dags/example_branch_python_dop_operator_3.py for tasks to queue
[2023-12-15T12:06:45.687+0000] {logging_mixin.py:154} INFO - [2023-12-15T12:06:45.686+0000] {dagbag.py:536} INFO - Filling up the DagBag from /home/airflow/.local/lib/python3.8/site-packages/airflow/example_dags/example_branch_python_dop_operator_3.py
[2023-12-15T12:06:45.709+0000] {processor.py:839} INFO - DAG(s) dict_keys(['example_branch_dop_operator_v3']) retrieved from /home/airflow/.local/lib/python3.8/site-packages/airflow/example_dags/example_branch_python_dop_operator_3.py
[2023-12-15T12:06:45.738+0000] {logging_mixin.py:154} INFO - [2023-12-15T12:06:45.737+0000] {dag.py:2941} INFO - Sync 1 DAGs
[2023-12-15T12:06:45.769+0000] {logging_mixin.py:154} INFO - [2023-12-15T12:06:45.768+0000] {dag.py:3722} INFO - Setting next_dagrun for example_branch_dop_operator_v3 to 2023-12-15T12:05:00+00:00, run_after=2023-12-15T12:06:00+00:00
[2023-12-15T12:06:45.787+0000] {processor.py:179} INFO - Processing /home/airflow/.local/lib/python3.8/site-packages/airflow/example_dags/example_branch_python_dop_operator_3.py took 0.112 seconds
[2023-12-15T12:07:15.948+0000] {processor.py:157} INFO - Started process (PID=3106) to work on /home/airflow/.local/lib/python3.8/site-packages/airflow/example_dags/example_branch_python_dop_operator_3.py
[2023-12-15T12:07:15.949+0000] {processor.py:829} INFO - Processing file /home/airflow/.local/lib/python3.8/site-packages/airflow/example_dags/example_branch_python_dop_operator_3.py for tasks to queue
[2023-12-15T12:07:15.956+0000] {logging_mixin.py:154} INFO - [2023-12-15T12:07:15.953+0000] {dagbag.py:536} INFO - Filling up the DagBag from /home/airflow/.local/lib/python3.8/site-packages/airflow/example_dags/example_branch_python_dop_operator_3.py
[2023-12-15T12:07:15.968+0000] {processor.py:839} INFO - DAG(s) dict_keys(['example_branch_dop_operator_v3']) retrieved from /home/airflow/.local/lib/python3.8/site-packages/airflow/example_dags/example_branch_python_dop_operator_3.py
[2023-12-15T12:07:15.996+0000] {logging_mixin.py:154} INFO - [2023-12-15T12:07:15.996+0000] {dag.py:2941} INFO - Sync 1 DAGs
[2023-12-15T12:07:16.041+0000] {logging_mixin.py:154} INFO - [2023-12-15T12:07:16.041+0000] {dag.py:3722} INFO - Setting next_dagrun for example_branch_dop_operator_v3 to 2023-12-15T12:06:00+00:00, run_after=2023-12-15T12:07:00+00:00
[2023-12-15T12:07:16.094+0000] {processor.py:179} INFO - Processing /home/airflow/.local/lib/python3.8/site-packages/airflow/example_dags/example_branch_python_dop_operator_3.py took 0.149 seconds
[2023-12-15T12:07:47.413+0000] {processor.py:157} INFO - Started process (PID=3159) to work on /home/airflow/.local/lib/python3.8/site-packages/airflow/example_dags/example_branch_python_dop_operator_3.py
[2023-12-15T12:07:47.415+0000] {processor.py:829} INFO - Processing file /home/airflow/.local/lib/python3.8/site-packages/airflow/example_dags/example_branch_python_dop_operator_3.py for tasks to queue
[2023-12-15T12:07:47.421+0000] {logging_mixin.py:154} INFO - [2023-12-15T12:07:47.420+0000] {dagbag.py:536} INFO - Filling up the DagBag from /home/airflow/.local/lib/python3.8/site-packages/airflow/example_dags/example_branch_python_dop_operator_3.py
[2023-12-15T12:07:47.440+0000] {processor.py:839} INFO - DAG(s) dict_keys(['example_branch_dop_operator_v3']) retrieved from /home/airflow/.local/lib/python3.8/site-packages/airflow/example_dags/example_branch_python_dop_operator_3.py
[2023-12-15T12:07:47.462+0000] {logging_mixin.py:154} INFO - [2023-12-15T12:07:47.462+0000] {dag.py:2941} INFO - Sync 1 DAGs
[2023-12-15T12:07:47.483+0000] {logging_mixin.py:154} INFO - [2023-12-15T12:07:47.483+0000] {dag.py:3722} INFO - Setting next_dagrun for example_branch_dop_operator_v3 to 2023-12-15T12:06:00+00:00, run_after=2023-12-15T12:07:00+00:00
[2023-12-15T12:07:47.495+0000] {processor.py:179} INFO - Processing /home/airflow/.local/lib/python3.8/site-packages/airflow/example_dags/example_branch_python_dop_operator_3.py took 0.087 seconds
[2023-12-15T12:08:18.940+0000] {processor.py:157} INFO - Started process (PID=3213) to work on /home/airflow/.local/lib/python3.8/site-packages/airflow/example_dags/example_branch_python_dop_operator_3.py
[2023-12-15T12:08:18.944+0000] {processor.py:829} INFO - Processing file /home/airflow/.local/lib/python3.8/site-packages/airflow/example_dags/example_branch_python_dop_operator_3.py for tasks to queue
[2023-12-15T12:08:18.952+0000] {logging_mixin.py:154} INFO - [2023-12-15T12:08:18.951+0000] {dagbag.py:536} INFO - Filling up the DagBag from /home/airflow/.local/lib/python3.8/site-packages/airflow/example_dags/example_branch_python_dop_operator_3.py
[2023-12-15T12:08:18.966+0000] {processor.py:839} INFO - DAG(s) dict_keys(['example_branch_dop_operator_v3']) retrieved from /home/airflow/.local/lib/python3.8/site-packages/airflow/example_dags/example_branch_python_dop_operator_3.py
[2023-12-15T12:08:19.031+0000] {logging_mixin.py:154} INFO - [2023-12-15T12:08:19.031+0000] {dag.py:2941} INFO - Sync 1 DAGs
[2023-12-15T12:08:19.075+0000] {logging_mixin.py:154} INFO - [2023-12-15T12:08:19.075+0000] {dag.py:3722} INFO - Setting next_dagrun for example_branch_dop_operator_v3 to 2023-12-15T12:07:00+00:00, run_after=2023-12-15T12:08:00+00:00
[2023-12-15T12:08:19.117+0000] {processor.py:179} INFO - Processing /home/airflow/.local/lib/python3.8/site-packages/airflow/example_dags/example_branch_python_dop_operator_3.py took 0.187 seconds
[2023-12-15T12:08:50.167+0000] {processor.py:157} INFO - Started process (PID=3267) to work on /home/airflow/.local/lib/python3.8/site-packages/airflow/example_dags/example_branch_python_dop_operator_3.py
[2023-12-15T12:08:50.171+0000] {processor.py:829} INFO - Processing file /home/airflow/.local/lib/python3.8/site-packages/airflow/example_dags/example_branch_python_dop_operator_3.py for tasks to queue
[2023-12-15T12:08:50.183+0000] {logging_mixin.py:154} INFO - [2023-12-15T12:08:50.183+0000] {dagbag.py:536} INFO - Filling up the DagBag from /home/airflow/.local/lib/python3.8/site-packages/airflow/example_dags/example_branch_python_dop_operator_3.py
[2023-12-15T12:08:50.212+0000] {processor.py:839} INFO - DAG(s) dict_keys(['example_branch_dop_operator_v3']) retrieved from /home/airflow/.local/lib/python3.8/site-packages/airflow/example_dags/example_branch_python_dop_operator_3.py
[2023-12-15T12:08:50.455+0000] {logging_mixin.py:154} INFO - [2023-12-15T12:08:50.454+0000] {dag.py:2941} INFO - Sync 1 DAGs
[2023-12-15T12:08:50.564+0000] {logging_mixin.py:154} INFO - [2023-12-15T12:08:50.564+0000] {dag.py:3722} INFO - Setting next_dagrun for example_branch_dop_operator_v3 to 2023-12-15T12:07:00+00:00, run_after=2023-12-15T12:08:00+00:00
[2023-12-15T12:08:50.605+0000] {processor.py:179} INFO - Processing /home/airflow/.local/lib/python3.8/site-packages/airflow/example_dags/example_branch_python_dop_operator_3.py took 0.443 seconds
[2023-12-15T12:09:20.951+0000] {processor.py:157} INFO - Started process (PID=3321) to work on /home/airflow/.local/lib/python3.8/site-packages/airflow/example_dags/example_branch_python_dop_operator_3.py
[2023-12-15T12:09:20.955+0000] {processor.py:829} INFO - Processing file /home/airflow/.local/lib/python3.8/site-packages/airflow/example_dags/example_branch_python_dop_operator_3.py for tasks to queue
[2023-12-15T12:09:20.957+0000] {logging_mixin.py:154} INFO - [2023-12-15T12:09:20.956+0000] {dagbag.py:536} INFO - Filling up the DagBag from /home/airflow/.local/lib/python3.8/site-packages/airflow/example_dags/example_branch_python_dop_operator_3.py
[2023-12-15T12:09:20.972+0000] {processor.py:839} INFO - DAG(s) dict_keys(['example_branch_dop_operator_v3']) retrieved from /home/airflow/.local/lib/python3.8/site-packages/airflow/example_dags/example_branch_python_dop_operator_3.py
[2023-12-15T12:09:21.004+0000] {logging_mixin.py:154} INFO - [2023-12-15T12:09:21.004+0000] {dag.py:2941} INFO - Sync 1 DAGs
[2023-12-15T12:09:21.031+0000] {logging_mixin.py:154} INFO - [2023-12-15T12:09:21.031+0000] {dag.py:3722} INFO - Setting next_dagrun for example_branch_dop_operator_v3 to 2023-12-15T12:08:00+00:00, run_after=2023-12-15T12:09:00+00:00
[2023-12-15T12:09:21.060+0000] {processor.py:179} INFO - Processing /home/airflow/.local/lib/python3.8/site-packages/airflow/example_dags/example_branch_python_dop_operator_3.py took 0.110 seconds
[2023-12-15T12:09:51.335+0000] {processor.py:157} INFO - Started process (PID=3374) to work on /home/airflow/.local/lib/python3.8/site-packages/airflow/example_dags/example_branch_python_dop_operator_3.py
[2023-12-15T12:09:51.337+0000] {processor.py:829} INFO - Processing file /home/airflow/.local/lib/python3.8/site-packages/airflow/example_dags/example_branch_python_dop_operator_3.py for tasks to queue
[2023-12-15T12:09:51.341+0000] {logging_mixin.py:154} INFO - [2023-12-15T12:09:51.341+0000] {dagbag.py:536} INFO - Filling up the DagBag from /home/airflow/.local/lib/python3.8/site-packages/airflow/example_dags/example_branch_python_dop_operator_3.py
[2023-12-15T12:09:51.354+0000] {processor.py:839} INFO - DAG(s) dict_keys(['example_branch_dop_operator_v3']) retrieved from /home/airflow/.local/lib/python3.8/site-packages/airflow/example_dags/example_branch_python_dop_operator_3.py
[2023-12-15T12:09:51.394+0000] {logging_mixin.py:154} INFO - [2023-12-15T12:09:51.393+0000] {dag.py:2941} INFO - Sync 1 DAGs
[2023-12-15T12:09:51.427+0000] {logging_mixin.py:154} INFO - [2023-12-15T12:09:51.427+0000] {dag.py:3722} INFO - Setting next_dagrun for example_branch_dop_operator_v3 to 2023-12-15T12:08:00+00:00, run_after=2023-12-15T12:09:00+00:00
[2023-12-15T12:09:51.494+0000] {processor.py:179} INFO - Processing /home/airflow/.local/lib/python3.8/site-packages/airflow/example_dags/example_branch_python_dop_operator_3.py took 0.162 seconds
[2023-12-15T12:10:21.974+0000] {processor.py:157} INFO - Started process (PID=3427) to work on /home/airflow/.local/lib/python3.8/site-packages/airflow/example_dags/example_branch_python_dop_operator_3.py
[2023-12-15T12:10:21.976+0000] {processor.py:829} INFO - Processing file /home/airflow/.local/lib/python3.8/site-packages/airflow/example_dags/example_branch_python_dop_operator_3.py for tasks to queue
[2023-12-15T12:10:21.978+0000] {logging_mixin.py:154} INFO - [2023-12-15T12:10:21.977+0000] {dagbag.py:536} INFO - Filling up the DagBag from /home/airflow/.local/lib/python3.8/site-packages/airflow/example_dags/example_branch_python_dop_operator_3.py
[2023-12-15T12:10:21.989+0000] {processor.py:839} INFO - DAG(s) dict_keys(['example_branch_dop_operator_v3']) retrieved from /home/airflow/.local/lib/python3.8/site-packages/airflow/example_dags/example_branch_python_dop_operator_3.py
[2023-12-15T12:10:22.025+0000] {logging_mixin.py:154} INFO - [2023-12-15T12:10:22.025+0000] {dag.py:2941} INFO - Sync 1 DAGs
[2023-12-15T12:10:22.055+0000] {logging_mixin.py:154} INFO - [2023-12-15T12:10:22.054+0000] {dag.py:3722} INFO - Setting next_dagrun for example_branch_dop_operator_v3 to 2023-12-15T12:09:00+00:00, run_after=2023-12-15T12:10:00+00:00
[2023-12-15T12:10:22.073+0000] {processor.py:179} INFO - Processing /home/airflow/.local/lib/python3.8/site-packages/airflow/example_dags/example_branch_python_dop_operator_3.py took 0.103 seconds
