[2023-12-15T11:37:05.928+0000] {processor.py:157} INFO - Started process (PID=78) to work on /home/airflow/.local/lib/python3.8/site-packages/airflow/example_dags/example_complex.py
[2023-12-15T11:37:05.934+0000] {processor.py:829} INFO - Processing file /home/airflow/.local/lib/python3.8/site-packages/airflow/example_dags/example_complex.py for tasks to queue
[2023-12-15T11:37:05.969+0000] {logging_mixin.py:154} INFO - [2023-12-15T11:37:05.964+0000] {dagbag.py:536} INFO - Filling up the DagBag from /home/airflow/.local/lib/python3.8/site-packages/airflow/example_dags/example_complex.py
[2023-12-15T11:37:06.117+0000] {processor.py:839} INFO - DAG(s) dict_keys(['example_complex']) retrieved from /home/airflow/.local/lib/python3.8/site-packages/airflow/example_dags/example_complex.py
[2023-12-15T11:37:06.375+0000] {logging_mixin.py:154} INFO - [2023-12-15T11:37:06.375+0000] {dag.py:2941} INFO - Sync 1 DAGs
[2023-12-15T11:37:06.465+0000] {logging_mixin.py:154} INFO - [2023-12-15T11:37:06.464+0000] {dag.py:3722} INFO - Setting next_dagrun for example_complex to None, run_after=None
[2023-12-15T11:37:06.580+0000] {processor.py:179} INFO - Processing /home/airflow/.local/lib/python3.8/site-packages/airflow/example_dags/example_complex.py took 0.716 seconds
[2023-12-15T11:37:37.411+0000] {processor.py:157} INFO - Started process (PID=132) to work on /home/airflow/.local/lib/python3.8/site-packages/airflow/example_dags/example_complex.py
[2023-12-15T11:37:37.412+0000] {processor.py:829} INFO - Processing file /home/airflow/.local/lib/python3.8/site-packages/airflow/example_dags/example_complex.py for tasks to queue
[2023-12-15T11:37:37.414+0000] {logging_mixin.py:154} INFO - [2023-12-15T11:37:37.414+0000] {dagbag.py:536} INFO - Filling up the DagBag from /home/airflow/.local/lib/python3.8/site-packages/airflow/example_dags/example_complex.py
[2023-12-15T11:37:37.424+0000] {processor.py:839} INFO - DAG(s) dict_keys(['example_complex']) retrieved from /home/airflow/.local/lib/python3.8/site-packages/airflow/example_dags/example_complex.py
[2023-12-15T11:37:37.447+0000] {logging_mixin.py:154} INFO - [2023-12-15T11:37:37.447+0000] {dag.py:2941} INFO - Sync 1 DAGs
[2023-12-15T11:37:37.457+0000] {logging_mixin.py:154} INFO - [2023-12-15T11:37:37.457+0000] {dag.py:3722} INFO - Setting next_dagrun for example_complex to None, run_after=None
[2023-12-15T11:37:37.472+0000] {processor.py:179} INFO - Processing /home/airflow/.local/lib/python3.8/site-packages/airflow/example_dags/example_complex.py took 0.065 seconds
[2023-12-15T11:38:08.407+0000] {processor.py:157} INFO - Started process (PID=186) to work on /home/airflow/.local/lib/python3.8/site-packages/airflow/example_dags/example_complex.py
[2023-12-15T11:38:08.409+0000] {processor.py:829} INFO - Processing file /home/airflow/.local/lib/python3.8/site-packages/airflow/example_dags/example_complex.py for tasks to queue
[2023-12-15T11:38:08.413+0000] {logging_mixin.py:154} INFO - [2023-12-15T11:38:08.412+0000] {dagbag.py:536} INFO - Filling up the DagBag from /home/airflow/.local/lib/python3.8/site-packages/airflow/example_dags/example_complex.py
[2023-12-15T11:38:08.432+0000] {processor.py:839} INFO - DAG(s) dict_keys(['example_complex']) retrieved from /home/airflow/.local/lib/python3.8/site-packages/airflow/example_dags/example_complex.py
[2023-12-15T11:38:08.457+0000] {logging_mixin.py:154} INFO - [2023-12-15T11:38:08.457+0000] {dag.py:2941} INFO - Sync 1 DAGs
[2023-12-15T11:38:08.465+0000] {logging_mixin.py:154} INFO - [2023-12-15T11:38:08.465+0000] {dag.py:3722} INFO - Setting next_dagrun for example_complex to None, run_after=None
[2023-12-15T11:38:08.478+0000] {processor.py:179} INFO - Processing /home/airflow/.local/lib/python3.8/site-packages/airflow/example_dags/example_complex.py took 0.078 seconds
[2023-12-15T11:38:38.583+0000] {processor.py:157} INFO - Started process (PID=240) to work on /home/airflow/.local/lib/python3.8/site-packages/airflow/example_dags/example_complex.py
[2023-12-15T11:38:38.584+0000] {processor.py:829} INFO - Processing file /home/airflow/.local/lib/python3.8/site-packages/airflow/example_dags/example_complex.py for tasks to queue
[2023-12-15T11:38:38.588+0000] {logging_mixin.py:154} INFO - [2023-12-15T11:38:38.587+0000] {dagbag.py:536} INFO - Filling up the DagBag from /home/airflow/.local/lib/python3.8/site-packages/airflow/example_dags/example_complex.py
[2023-12-15T11:38:38.605+0000] {processor.py:839} INFO - DAG(s) dict_keys(['example_complex']) retrieved from /home/airflow/.local/lib/python3.8/site-packages/airflow/example_dags/example_complex.py
[2023-12-15T11:38:38.651+0000] {logging_mixin.py:154} INFO - [2023-12-15T11:38:38.651+0000] {dag.py:2941} INFO - Sync 1 DAGs
[2023-12-15T11:38:38.695+0000] {logging_mixin.py:154} INFO - [2023-12-15T11:38:38.695+0000] {dag.py:3722} INFO - Setting next_dagrun for example_complex to None, run_after=None
[2023-12-15T11:38:38.741+0000] {processor.py:179} INFO - Processing /home/airflow/.local/lib/python3.8/site-packages/airflow/example_dags/example_complex.py took 0.163 seconds
[2023-12-15T11:39:09.201+0000] {processor.py:157} INFO - Started process (PID=293) to work on /home/airflow/.local/lib/python3.8/site-packages/airflow/example_dags/example_complex.py
[2023-12-15T11:39:09.205+0000] {processor.py:829} INFO - Processing file /home/airflow/.local/lib/python3.8/site-packages/airflow/example_dags/example_complex.py for tasks to queue
[2023-12-15T11:39:09.214+0000] {logging_mixin.py:154} INFO - [2023-12-15T11:39:09.213+0000] {dagbag.py:536} INFO - Filling up the DagBag from /home/airflow/.local/lib/python3.8/site-packages/airflow/example_dags/example_complex.py
[2023-12-15T11:39:09.246+0000] {processor.py:839} INFO - DAG(s) dict_keys(['example_complex']) retrieved from /home/airflow/.local/lib/python3.8/site-packages/airflow/example_dags/example_complex.py
[2023-12-15T11:39:09.383+0000] {logging_mixin.py:154} INFO - [2023-12-15T11:39:09.383+0000] {dag.py:2941} INFO - Sync 1 DAGs
[2023-12-15T11:39:09.411+0000] {logging_mixin.py:154} INFO - [2023-12-15T11:39:09.411+0000] {dag.py:3722} INFO - Setting next_dagrun for example_complex to None, run_after=None
[2023-12-15T11:39:09.440+0000] {processor.py:179} INFO - Processing /home/airflow/.local/lib/python3.8/site-packages/airflow/example_dags/example_complex.py took 0.276 seconds
[2023-12-15T11:39:45.629+0000] {processor.py:157} INFO - Started process (PID=347) to work on /home/airflow/.local/lib/python3.8/site-packages/airflow/example_dags/example_complex.py
[2023-12-15T11:39:45.634+0000] {processor.py:829} INFO - Processing file /home/airflow/.local/lib/python3.8/site-packages/airflow/example_dags/example_complex.py for tasks to queue
[2023-12-15T11:39:45.638+0000] {logging_mixin.py:154} INFO - [2023-12-15T11:39:45.638+0000] {dagbag.py:536} INFO - Filling up the DagBag from /home/airflow/.local/lib/python3.8/site-packages/airflow/example_dags/example_complex.py
[2023-12-15T11:39:45.652+0000] {processor.py:839} INFO - DAG(s) dict_keys(['example_complex']) retrieved from /home/airflow/.local/lib/python3.8/site-packages/airflow/example_dags/example_complex.py
[2023-12-15T11:39:45.695+0000] {logging_mixin.py:154} INFO - [2023-12-15T11:39:45.694+0000] {dag.py:2941} INFO - Sync 1 DAGs
[2023-12-15T11:39:45.720+0000] {logging_mixin.py:154} INFO - [2023-12-15T11:39:45.719+0000] {dag.py:3722} INFO - Setting next_dagrun for example_complex to None, run_after=None
[2023-12-15T11:39:45.744+0000] {processor.py:179} INFO - Processing /home/airflow/.local/lib/python3.8/site-packages/airflow/example_dags/example_complex.py took 0.124 seconds
[2023-12-15T11:40:18.719+0000] {processor.py:157} INFO - Started process (PID=401) to work on /home/airflow/.local/lib/python3.8/site-packages/airflow/example_dags/example_complex.py
[2023-12-15T11:40:18.724+0000] {processor.py:829} INFO - Processing file /home/airflow/.local/lib/python3.8/site-packages/airflow/example_dags/example_complex.py for tasks to queue
[2023-12-15T11:40:18.748+0000] {logging_mixin.py:154} INFO - [2023-12-15T11:40:18.747+0000] {dagbag.py:536} INFO - Filling up the DagBag from /home/airflow/.local/lib/python3.8/site-packages/airflow/example_dags/example_complex.py
[2023-12-15T11:40:18.797+0000] {processor.py:839} INFO - DAG(s) dict_keys(['example_complex']) retrieved from /home/airflow/.local/lib/python3.8/site-packages/airflow/example_dags/example_complex.py
[2023-12-15T11:40:19.033+0000] {logging_mixin.py:154} INFO - [2023-12-15T11:40:19.030+0000] {dag.py:2941} INFO - Sync 1 DAGs
[2023-12-15T11:40:19.140+0000] {logging_mixin.py:154} INFO - [2023-12-15T11:40:19.139+0000] {dag.py:3722} INFO - Setting next_dagrun for example_complex to None, run_after=None
[2023-12-15T11:40:19.214+0000] {processor.py:179} INFO - Processing /home/airflow/.local/lib/python3.8/site-packages/airflow/example_dags/example_complex.py took 0.521 seconds
[2023-12-15T11:40:49.577+0000] {processor.py:157} INFO - Started process (PID=453) to work on /home/airflow/.local/lib/python3.8/site-packages/airflow/example_dags/example_complex.py
[2023-12-15T11:40:49.596+0000] {processor.py:829} INFO - Processing file /home/airflow/.local/lib/python3.8/site-packages/airflow/example_dags/example_complex.py for tasks to queue
[2023-12-15T11:40:49.639+0000] {logging_mixin.py:154} INFO - [2023-12-15T11:40:49.636+0000] {dagbag.py:536} INFO - Filling up the DagBag from /home/airflow/.local/lib/python3.8/site-packages/airflow/example_dags/example_complex.py
[2023-12-15T11:40:49.726+0000] {processor.py:839} INFO - DAG(s) dict_keys(['example_complex']) retrieved from /home/airflow/.local/lib/python3.8/site-packages/airflow/example_dags/example_complex.py
[2023-12-15T11:40:50.295+0000] {logging_mixin.py:154} INFO - [2023-12-15T11:40:50.294+0000] {dag.py:2941} INFO - Sync 1 DAGs
[2023-12-15T11:40:50.641+0000] {logging_mixin.py:154} INFO - [2023-12-15T11:40:50.639+0000] {dag.py:3722} INFO - Setting next_dagrun for example_complex to None, run_after=None
[2023-12-15T11:40:50.900+0000] {processor.py:179} INFO - Processing /home/airflow/.local/lib/python3.8/site-packages/airflow/example_dags/example_complex.py took 1.382 seconds
[2023-12-15T11:41:22.203+0000] {processor.py:157} INFO - Started process (PID=506) to work on /home/airflow/.local/lib/python3.8/site-packages/airflow/example_dags/example_complex.py
[2023-12-15T11:41:22.209+0000] {processor.py:829} INFO - Processing file /home/airflow/.local/lib/python3.8/site-packages/airflow/example_dags/example_complex.py for tasks to queue
[2023-12-15T11:41:22.232+0000] {logging_mixin.py:154} INFO - [2023-12-15T11:41:22.229+0000] {dagbag.py:536} INFO - Filling up the DagBag from /home/airflow/.local/lib/python3.8/site-packages/airflow/example_dags/example_complex.py
[2023-12-15T11:41:22.294+0000] {processor.py:839} INFO - DAG(s) dict_keys(['example_complex']) retrieved from /home/airflow/.local/lib/python3.8/site-packages/airflow/example_dags/example_complex.py
[2023-12-15T11:41:22.417+0000] {logging_mixin.py:154} INFO - [2023-12-15T11:41:22.417+0000] {dag.py:2941} INFO - Sync 1 DAGs
[2023-12-15T11:41:22.441+0000] {logging_mixin.py:154} INFO - [2023-12-15T11:41:22.440+0000] {dag.py:3722} INFO - Setting next_dagrun for example_complex to None, run_after=None
[2023-12-15T11:41:22.492+0000] {processor.py:179} INFO - Processing /home/airflow/.local/lib/python3.8/site-packages/airflow/example_dags/example_complex.py took 0.312 seconds
[2023-12-15T11:41:53.270+0000] {processor.py:157} INFO - Started process (PID=560) to work on /home/airflow/.local/lib/python3.8/site-packages/airflow/example_dags/example_complex.py
[2023-12-15T11:41:53.276+0000] {processor.py:829} INFO - Processing file /home/airflow/.local/lib/python3.8/site-packages/airflow/example_dags/example_complex.py for tasks to queue
[2023-12-15T11:41:53.285+0000] {logging_mixin.py:154} INFO - [2023-12-15T11:41:53.285+0000] {dagbag.py:536} INFO - Filling up the DagBag from /home/airflow/.local/lib/python3.8/site-packages/airflow/example_dags/example_complex.py
[2023-12-15T11:41:53.305+0000] {processor.py:839} INFO - DAG(s) dict_keys(['example_complex']) retrieved from /home/airflow/.local/lib/python3.8/site-packages/airflow/example_dags/example_complex.py
[2023-12-15T11:41:53.378+0000] {logging_mixin.py:154} INFO - [2023-12-15T11:41:53.378+0000] {dag.py:2941} INFO - Sync 1 DAGs
[2023-12-15T11:41:53.406+0000] {logging_mixin.py:154} INFO - [2023-12-15T11:41:53.406+0000] {dag.py:3722} INFO - Setting next_dagrun for example_complex to None, run_after=None
[2023-12-15T11:41:53.432+0000] {processor.py:179} INFO - Processing /home/airflow/.local/lib/python3.8/site-packages/airflow/example_dags/example_complex.py took 0.181 seconds
[2023-12-15T11:42:24.474+0000] {processor.py:157} INFO - Started process (PID=615) to work on /home/airflow/.local/lib/python3.8/site-packages/airflow/example_dags/example_complex.py
[2023-12-15T11:42:24.480+0000] {processor.py:829} INFO - Processing file /home/airflow/.local/lib/python3.8/site-packages/airflow/example_dags/example_complex.py for tasks to queue
[2023-12-15T11:42:24.490+0000] {logging_mixin.py:154} INFO - [2023-12-15T11:42:24.489+0000] {dagbag.py:536} INFO - Filling up the DagBag from /home/airflow/.local/lib/python3.8/site-packages/airflow/example_dags/example_complex.py
[2023-12-15T11:42:24.534+0000] {processor.py:839} INFO - DAG(s) dict_keys(['example_complex']) retrieved from /home/airflow/.local/lib/python3.8/site-packages/airflow/example_dags/example_complex.py
[2023-12-15T11:42:24.626+0000] {logging_mixin.py:154} INFO - [2023-12-15T11:42:24.626+0000] {dag.py:2941} INFO - Sync 1 DAGs
[2023-12-15T11:42:24.656+0000] {logging_mixin.py:154} INFO - [2023-12-15T11:42:24.656+0000] {dag.py:3722} INFO - Setting next_dagrun for example_complex to None, run_after=None
[2023-12-15T11:42:24.707+0000] {processor.py:179} INFO - Processing /home/airflow/.local/lib/python3.8/site-packages/airflow/example_dags/example_complex.py took 0.260 seconds
[2023-12-15T11:43:04.882+0000] {processor.py:157} INFO - Started process (PID=670) to work on /home/airflow/.local/lib/python3.8/site-packages/airflow/example_dags/example_complex.py
[2023-12-15T11:43:04.887+0000] {processor.py:829} INFO - Processing file /home/airflow/.local/lib/python3.8/site-packages/airflow/example_dags/example_complex.py for tasks to queue
[2023-12-15T11:43:04.889+0000] {logging_mixin.py:154} INFO - [2023-12-15T11:43:04.888+0000] {dagbag.py:536} INFO - Filling up the DagBag from /home/airflow/.local/lib/python3.8/site-packages/airflow/example_dags/example_complex.py
[2023-12-15T11:43:04.898+0000] {processor.py:839} INFO - DAG(s) dict_keys(['example_complex']) retrieved from /home/airflow/.local/lib/python3.8/site-packages/airflow/example_dags/example_complex.py
[2023-12-15T11:43:04.938+0000] {logging_mixin.py:154} INFO - [2023-12-15T11:43:04.938+0000] {dag.py:2941} INFO - Sync 1 DAGs
[2023-12-15T11:43:04.953+0000] {logging_mixin.py:154} INFO - [2023-12-15T11:43:04.953+0000] {dag.py:3722} INFO - Setting next_dagrun for example_complex to None, run_after=None
[2023-12-15T11:43:04.974+0000] {processor.py:179} INFO - Processing /home/airflow/.local/lib/python3.8/site-packages/airflow/example_dags/example_complex.py took 0.099 seconds
[2023-12-15T11:43:41.183+0000] {processor.py:157} INFO - Started process (PID=724) to work on /home/airflow/.local/lib/python3.8/site-packages/airflow/example_dags/example_complex.py
[2023-12-15T11:43:41.185+0000] {processor.py:829} INFO - Processing file /home/airflow/.local/lib/python3.8/site-packages/airflow/example_dags/example_complex.py for tasks to queue
[2023-12-15T11:43:41.189+0000] {logging_mixin.py:154} INFO - [2023-12-15T11:43:41.188+0000] {dagbag.py:536} INFO - Filling up the DagBag from /home/airflow/.local/lib/python3.8/site-packages/airflow/example_dags/example_complex.py
[2023-12-15T11:43:41.206+0000] {processor.py:839} INFO - DAG(s) dict_keys(['example_complex']) retrieved from /home/airflow/.local/lib/python3.8/site-packages/airflow/example_dags/example_complex.py
[2023-12-15T11:43:41.262+0000] {logging_mixin.py:154} INFO - [2023-12-15T11:43:41.261+0000] {dag.py:2941} INFO - Sync 1 DAGs
[2023-12-15T11:43:41.278+0000] {logging_mixin.py:154} INFO - [2023-12-15T11:43:41.277+0000] {dag.py:3722} INFO - Setting next_dagrun for example_complex to None, run_after=None
[2023-12-15T11:43:41.306+0000] {processor.py:179} INFO - Processing /home/airflow/.local/lib/python3.8/site-packages/airflow/example_dags/example_complex.py took 0.126 seconds
[2023-12-15T11:44:16.602+0000] {processor.py:157} INFO - Started process (PID=785) to work on /home/airflow/.local/lib/python3.8/site-packages/airflow/example_dags/example_complex.py
[2023-12-15T11:44:16.609+0000] {processor.py:829} INFO - Processing file /home/airflow/.local/lib/python3.8/site-packages/airflow/example_dags/example_complex.py for tasks to queue
[2023-12-15T11:44:16.614+0000] {logging_mixin.py:154} INFO - [2023-12-15T11:44:16.613+0000] {dagbag.py:536} INFO - Filling up the DagBag from /home/airflow/.local/lib/python3.8/site-packages/airflow/example_dags/example_complex.py
[2023-12-15T11:44:16.640+0000] {processor.py:839} INFO - DAG(s) dict_keys(['example_complex']) retrieved from /home/airflow/.local/lib/python3.8/site-packages/airflow/example_dags/example_complex.py
[2023-12-15T11:44:16.720+0000] {logging_mixin.py:154} INFO - [2023-12-15T11:44:16.719+0000] {dag.py:2941} INFO - Sync 1 DAGs
[2023-12-15T11:44:16.743+0000] {logging_mixin.py:154} INFO - [2023-12-15T11:44:16.743+0000] {dag.py:3722} INFO - Setting next_dagrun for example_complex to None, run_after=None
[2023-12-15T11:44:16.783+0000] {processor.py:179} INFO - Processing /home/airflow/.local/lib/python3.8/site-packages/airflow/example_dags/example_complex.py took 0.199 seconds
[2023-12-15T11:44:47.850+0000] {processor.py:157} INFO - Started process (PID=839) to work on /home/airflow/.local/lib/python3.8/site-packages/airflow/example_dags/example_complex.py
[2023-12-15T11:44:47.852+0000] {processor.py:829} INFO - Processing file /home/airflow/.local/lib/python3.8/site-packages/airflow/example_dags/example_complex.py for tasks to queue
[2023-12-15T11:44:47.853+0000] {logging_mixin.py:154} INFO - [2023-12-15T11:44:47.853+0000] {dagbag.py:536} INFO - Filling up the DagBag from /home/airflow/.local/lib/python3.8/site-packages/airflow/example_dags/example_complex.py
[2023-12-15T11:44:47.861+0000] {processor.py:839} INFO - DAG(s) dict_keys(['example_complex']) retrieved from /home/airflow/.local/lib/python3.8/site-packages/airflow/example_dags/example_complex.py
[2023-12-15T11:44:47.897+0000] {logging_mixin.py:154} INFO - [2023-12-15T11:44:47.897+0000] {dag.py:2941} INFO - Sync 1 DAGs
[2023-12-15T11:44:47.910+0000] {logging_mixin.py:154} INFO - [2023-12-15T11:44:47.910+0000] {dag.py:3722} INFO - Setting next_dagrun for example_complex to None, run_after=None
[2023-12-15T11:44:47.964+0000] {processor.py:179} INFO - Processing /home/airflow/.local/lib/python3.8/site-packages/airflow/example_dags/example_complex.py took 0.117 seconds
[2023-12-15T11:45:19.189+0000] {processor.py:157} INFO - Started process (PID=891) to work on /home/airflow/.local/lib/python3.8/site-packages/airflow/example_dags/example_complex.py
[2023-12-15T11:45:19.190+0000] {processor.py:829} INFO - Processing file /home/airflow/.local/lib/python3.8/site-packages/airflow/example_dags/example_complex.py for tasks to queue
[2023-12-15T11:45:19.196+0000] {logging_mixin.py:154} INFO - [2023-12-15T11:45:19.196+0000] {dagbag.py:536} INFO - Filling up the DagBag from /home/airflow/.local/lib/python3.8/site-packages/airflow/example_dags/example_complex.py
[2023-12-15T11:45:19.212+0000] {processor.py:839} INFO - DAG(s) dict_keys(['example_complex']) retrieved from /home/airflow/.local/lib/python3.8/site-packages/airflow/example_dags/example_complex.py
[2023-12-15T11:45:19.259+0000] {logging_mixin.py:154} INFO - [2023-12-15T11:45:19.259+0000] {dag.py:2941} INFO - Sync 1 DAGs
[2023-12-15T11:45:19.277+0000] {logging_mixin.py:154} INFO - [2023-12-15T11:45:19.277+0000] {dag.py:3722} INFO - Setting next_dagrun for example_complex to None, run_after=None
[2023-12-15T11:45:19.306+0000] {processor.py:179} INFO - Processing /home/airflow/.local/lib/python3.8/site-packages/airflow/example_dags/example_complex.py took 0.124 seconds
[2023-12-15T11:45:50.539+0000] {processor.py:157} INFO - Started process (PID=945) to work on /home/airflow/.local/lib/python3.8/site-packages/airflow/example_dags/example_complex.py
[2023-12-15T11:45:50.541+0000] {processor.py:829} INFO - Processing file /home/airflow/.local/lib/python3.8/site-packages/airflow/example_dags/example_complex.py for tasks to queue
[2023-12-15T11:45:50.543+0000] {logging_mixin.py:154} INFO - [2023-12-15T11:45:50.543+0000] {dagbag.py:536} INFO - Filling up the DagBag from /home/airflow/.local/lib/python3.8/site-packages/airflow/example_dags/example_complex.py
[2023-12-15T11:45:50.555+0000] {processor.py:839} INFO - DAG(s) dict_keys(['example_complex']) retrieved from /home/airflow/.local/lib/python3.8/site-packages/airflow/example_dags/example_complex.py
[2023-12-15T11:45:50.598+0000] {logging_mixin.py:154} INFO - [2023-12-15T11:45:50.598+0000] {dag.py:2941} INFO - Sync 1 DAGs
[2023-12-15T11:45:50.634+0000] {logging_mixin.py:154} INFO - [2023-12-15T11:45:50.634+0000] {dag.py:3722} INFO - Setting next_dagrun for example_complex to None, run_after=None
[2023-12-15T11:45:50.699+0000] {processor.py:179} INFO - Processing /home/airflow/.local/lib/python3.8/site-packages/airflow/example_dags/example_complex.py took 0.164 seconds
[2023-12-15T11:46:21.515+0000] {processor.py:157} INFO - Started process (PID=998) to work on /home/airflow/.local/lib/python3.8/site-packages/airflow/example_dags/example_complex.py
[2023-12-15T11:46:21.517+0000] {processor.py:829} INFO - Processing file /home/airflow/.local/lib/python3.8/site-packages/airflow/example_dags/example_complex.py for tasks to queue
[2023-12-15T11:46:21.519+0000] {logging_mixin.py:154} INFO - [2023-12-15T11:46:21.519+0000] {dagbag.py:536} INFO - Filling up the DagBag from /home/airflow/.local/lib/python3.8/site-packages/airflow/example_dags/example_complex.py
[2023-12-15T11:46:21.530+0000] {processor.py:839} INFO - DAG(s) dict_keys(['example_complex']) retrieved from /home/airflow/.local/lib/python3.8/site-packages/airflow/example_dags/example_complex.py
[2023-12-15T11:46:21.569+0000] {logging_mixin.py:154} INFO - [2023-12-15T11:46:21.568+0000] {dag.py:2941} INFO - Sync 1 DAGs
[2023-12-15T11:46:21.587+0000] {logging_mixin.py:154} INFO - [2023-12-15T11:46:21.586+0000] {dag.py:3722} INFO - Setting next_dagrun for example_complex to None, run_after=None
[2023-12-15T11:46:21.608+0000] {processor.py:179} INFO - Processing /home/airflow/.local/lib/python3.8/site-packages/airflow/example_dags/example_complex.py took 0.100 seconds
[2023-12-15T11:47:01.910+0000] {processor.py:157} INFO - Started process (PID=1056) to work on /home/airflow/.local/lib/python3.8/site-packages/airflow/example_dags/example_complex.py
[2023-12-15T11:47:01.919+0000] {processor.py:829} INFO - Processing file /home/airflow/.local/lib/python3.8/site-packages/airflow/example_dags/example_complex.py for tasks to queue
[2023-12-15T11:47:01.926+0000] {logging_mixin.py:154} INFO - [2023-12-15T11:47:01.926+0000] {dagbag.py:536} INFO - Filling up the DagBag from /home/airflow/.local/lib/python3.8/site-packages/airflow/example_dags/example_complex.py
[2023-12-15T11:47:01.949+0000] {processor.py:839} INFO - DAG(s) dict_keys(['example_complex']) retrieved from /home/airflow/.local/lib/python3.8/site-packages/airflow/example_dags/example_complex.py
[2023-12-15T11:47:02.138+0000] {logging_mixin.py:154} INFO - [2023-12-15T11:47:02.127+0000] {dag.py:2941} INFO - Sync 1 DAGs
[2023-12-15T11:47:02.532+0000] {logging_mixin.py:154} INFO - [2023-12-15T11:47:02.530+0000] {dag.py:3722} INFO - Setting next_dagrun for example_complex to None, run_after=None
[2023-12-15T11:47:02.786+0000] {processor.py:179} INFO - Processing /home/airflow/.local/lib/python3.8/site-packages/airflow/example_dags/example_complex.py took 0.886 seconds
[2023-12-15T11:47:33.794+0000] {processor.py:157} INFO - Started process (PID=1110) to work on /home/airflow/.local/lib/python3.8/site-packages/airflow/example_dags/example_complex.py
[2023-12-15T11:47:33.801+0000] {processor.py:829} INFO - Processing file /home/airflow/.local/lib/python3.8/site-packages/airflow/example_dags/example_complex.py for tasks to queue
[2023-12-15T11:47:33.821+0000] {logging_mixin.py:154} INFO - [2023-12-15T11:47:33.821+0000] {dagbag.py:536} INFO - Filling up the DagBag from /home/airflow/.local/lib/python3.8/site-packages/airflow/example_dags/example_complex.py
[2023-12-15T11:47:33.898+0000] {processor.py:839} INFO - DAG(s) dict_keys(['example_complex']) retrieved from /home/airflow/.local/lib/python3.8/site-packages/airflow/example_dags/example_complex.py
[2023-12-15T11:47:34.223+0000] {logging_mixin.py:154} INFO - [2023-12-15T11:47:34.223+0000] {dag.py:2941} INFO - Sync 1 DAGs
[2023-12-15T11:47:34.345+0000] {logging_mixin.py:154} INFO - [2023-12-15T11:47:34.344+0000] {dag.py:3722} INFO - Setting next_dagrun for example_complex to None, run_after=None
[2023-12-15T11:47:34.419+0000] {processor.py:179} INFO - Processing /home/airflow/.local/lib/python3.8/site-packages/airflow/example_dags/example_complex.py took 0.714 seconds
[2023-12-15T11:48:04.800+0000] {processor.py:157} INFO - Started process (PID=1164) to work on /home/airflow/.local/lib/python3.8/site-packages/airflow/example_dags/example_complex.py
[2023-12-15T11:48:04.807+0000] {processor.py:829} INFO - Processing file /home/airflow/.local/lib/python3.8/site-packages/airflow/example_dags/example_complex.py for tasks to queue
[2023-12-15T11:48:04.816+0000] {logging_mixin.py:154} INFO - [2023-12-15T11:48:04.815+0000] {dagbag.py:536} INFO - Filling up the DagBag from /home/airflow/.local/lib/python3.8/site-packages/airflow/example_dags/example_complex.py
[2023-12-15T11:48:04.836+0000] {processor.py:839} INFO - DAG(s) dict_keys(['example_complex']) retrieved from /home/airflow/.local/lib/python3.8/site-packages/airflow/example_dags/example_complex.py
[2023-12-15T11:48:04.911+0000] {logging_mixin.py:154} INFO - [2023-12-15T11:48:04.911+0000] {dag.py:2941} INFO - Sync 1 DAGs
[2023-12-15T11:48:04.927+0000] {logging_mixin.py:154} INFO - [2023-12-15T11:48:04.927+0000] {dag.py:3722} INFO - Setting next_dagrun for example_complex to None, run_after=None
[2023-12-15T11:48:04.987+0000] {processor.py:179} INFO - Processing /home/airflow/.local/lib/python3.8/site-packages/airflow/example_dags/example_complex.py took 0.203 seconds
[2023-12-15T11:48:46.324+0000] {processor.py:157} INFO - Started process (PID=1223) to work on /home/airflow/.local/lib/python3.8/site-packages/airflow/example_dags/example_complex.py
[2023-12-15T11:48:46.333+0000] {processor.py:829} INFO - Processing file /home/airflow/.local/lib/python3.8/site-packages/airflow/example_dags/example_complex.py for tasks to queue
[2023-12-15T11:48:46.344+0000] {logging_mixin.py:154} INFO - [2023-12-15T11:48:46.343+0000] {dagbag.py:536} INFO - Filling up the DagBag from /home/airflow/.local/lib/python3.8/site-packages/airflow/example_dags/example_complex.py
[2023-12-15T11:48:46.397+0000] {processor.py:839} INFO - DAG(s) dict_keys(['example_complex']) retrieved from /home/airflow/.local/lib/python3.8/site-packages/airflow/example_dags/example_complex.py
[2023-12-15T11:48:46.505+0000] {logging_mixin.py:154} INFO - [2023-12-15T11:48:46.505+0000] {dag.py:2941} INFO - Sync 1 DAGs
[2023-12-15T11:48:46.540+0000] {logging_mixin.py:154} INFO - [2023-12-15T11:48:46.540+0000] {dag.py:3722} INFO - Setting next_dagrun for example_complex to None, run_after=None
[2023-12-15T11:48:46.615+0000] {processor.py:179} INFO - Processing /home/airflow/.local/lib/python3.8/site-packages/airflow/example_dags/example_complex.py took 0.321 seconds
[2023-12-15T11:49:18.938+0000] {processor.py:157} INFO - Started process (PID=1277) to work on /home/airflow/.local/lib/python3.8/site-packages/airflow/example_dags/example_complex.py
[2023-12-15T11:49:18.953+0000] {processor.py:829} INFO - Processing file /home/airflow/.local/lib/python3.8/site-packages/airflow/example_dags/example_complex.py for tasks to queue
[2023-12-15T11:49:18.963+0000] {logging_mixin.py:154} INFO - [2023-12-15T11:49:18.962+0000] {dagbag.py:536} INFO - Filling up the DagBag from /home/airflow/.local/lib/python3.8/site-packages/airflow/example_dags/example_complex.py
[2023-12-15T11:49:19.019+0000] {processor.py:839} INFO - DAG(s) dict_keys(['example_complex']) retrieved from /home/airflow/.local/lib/python3.8/site-packages/airflow/example_dags/example_complex.py
[2023-12-15T11:49:19.177+0000] {logging_mixin.py:154} INFO - [2023-12-15T11:49:19.176+0000] {dag.py:2941} INFO - Sync 1 DAGs
[2023-12-15T11:49:19.216+0000] {logging_mixin.py:154} INFO - [2023-12-15T11:49:19.215+0000] {dag.py:3722} INFO - Setting next_dagrun for example_complex to None, run_after=None
[2023-12-15T11:49:19.679+0000] {processor.py:179} INFO - Processing /home/airflow/.local/lib/python3.8/site-packages/airflow/example_dags/example_complex.py took 0.759 seconds
[2023-12-15T11:49:50.349+0000] {processor.py:157} INFO - Started process (PID=1331) to work on /home/airflow/.local/lib/python3.8/site-packages/airflow/example_dags/example_complex.py
[2023-12-15T11:49:50.352+0000] {processor.py:829} INFO - Processing file /home/airflow/.local/lib/python3.8/site-packages/airflow/example_dags/example_complex.py for tasks to queue
[2023-12-15T11:49:50.361+0000] {logging_mixin.py:154} INFO - [2023-12-15T11:49:50.359+0000] {dagbag.py:536} INFO - Filling up the DagBag from /home/airflow/.local/lib/python3.8/site-packages/airflow/example_dags/example_complex.py
[2023-12-15T11:49:50.383+0000] {processor.py:839} INFO - DAG(s) dict_keys(['example_complex']) retrieved from /home/airflow/.local/lib/python3.8/site-packages/airflow/example_dags/example_complex.py
[2023-12-15T11:49:50.473+0000] {logging_mixin.py:154} INFO - [2023-12-15T11:49:50.473+0000] {dag.py:2941} INFO - Sync 1 DAGs
[2023-12-15T11:49:50.519+0000] {logging_mixin.py:154} INFO - [2023-12-15T11:49:50.518+0000] {dag.py:3722} INFO - Setting next_dagrun for example_complex to None, run_after=None
[2023-12-15T11:49:50.569+0000] {processor.py:179} INFO - Processing /home/airflow/.local/lib/python3.8/site-packages/airflow/example_dags/example_complex.py took 0.228 seconds
[2023-12-15T11:50:28.965+0000] {processor.py:157} INFO - Started process (PID=1390) to work on /home/airflow/.local/lib/python3.8/site-packages/airflow/example_dags/example_complex.py
[2023-12-15T11:50:28.968+0000] {processor.py:829} INFO - Processing file /home/airflow/.local/lib/python3.8/site-packages/airflow/example_dags/example_complex.py for tasks to queue
[2023-12-15T11:50:28.981+0000] {logging_mixin.py:154} INFO - [2023-12-15T11:50:28.980+0000] {dagbag.py:536} INFO - Filling up the DagBag from /home/airflow/.local/lib/python3.8/site-packages/airflow/example_dags/example_complex.py
[2023-12-15T11:50:29.020+0000] {processor.py:839} INFO - DAG(s) dict_keys(['example_complex']) retrieved from /home/airflow/.local/lib/python3.8/site-packages/airflow/example_dags/example_complex.py
[2023-12-15T11:50:29.260+0000] {logging_mixin.py:154} INFO - [2023-12-15T11:50:29.259+0000] {dag.py:2941} INFO - Sync 1 DAGs
[2023-12-15T11:50:29.279+0000] {logging_mixin.py:154} INFO - [2023-12-15T11:50:29.279+0000] {dag.py:3722} INFO - Setting next_dagrun for example_complex to None, run_after=None
[2023-12-15T11:50:29.306+0000] {processor.py:179} INFO - Processing /home/airflow/.local/lib/python3.8/site-packages/airflow/example_dags/example_complex.py took 0.349 seconds
[2023-12-15T11:51:11.666+0000] {processor.py:157} INFO - Started process (PID=1455) to work on /home/airflow/.local/lib/python3.8/site-packages/airflow/example_dags/example_complex.py
[2023-12-15T11:51:11.668+0000] {processor.py:829} INFO - Processing file /home/airflow/.local/lib/python3.8/site-packages/airflow/example_dags/example_complex.py for tasks to queue
[2023-12-15T11:51:11.673+0000] {logging_mixin.py:154} INFO - [2023-12-15T11:51:11.672+0000] {dagbag.py:536} INFO - Filling up the DagBag from /home/airflow/.local/lib/python3.8/site-packages/airflow/example_dags/example_complex.py
[2023-12-15T11:51:11.709+0000] {processor.py:839} INFO - DAG(s) dict_keys(['example_complex']) retrieved from /home/airflow/.local/lib/python3.8/site-packages/airflow/example_dags/example_complex.py
[2023-12-15T11:51:12.653+0000] {logging_mixin.py:154} INFO - [2023-12-15T11:51:12.646+0000] {dag.py:2941} INFO - Sync 1 DAGs
[2023-12-15T11:51:12.693+0000] {logging_mixin.py:154} INFO - [2023-12-15T11:51:12.693+0000] {dag.py:3722} INFO - Setting next_dagrun for example_complex to None, run_after=None
[2023-12-15T11:51:12.730+0000] {processor.py:179} INFO - Processing /home/airflow/.local/lib/python3.8/site-packages/airflow/example_dags/example_complex.py took 1.070 seconds
[2023-12-15T11:51:45.543+0000] {processor.py:157} INFO - Started process (PID=1509) to work on /home/airflow/.local/lib/python3.8/site-packages/airflow/example_dags/example_complex.py
[2023-12-15T11:51:45.545+0000] {processor.py:829} INFO - Processing file /home/airflow/.local/lib/python3.8/site-packages/airflow/example_dags/example_complex.py for tasks to queue
[2023-12-15T11:51:45.548+0000] {logging_mixin.py:154} INFO - [2023-12-15T11:51:45.547+0000] {dagbag.py:536} INFO - Filling up the DagBag from /home/airflow/.local/lib/python3.8/site-packages/airflow/example_dags/example_complex.py
[2023-12-15T11:51:45.556+0000] {processor.py:839} INFO - DAG(s) dict_keys(['example_complex']) retrieved from /home/airflow/.local/lib/python3.8/site-packages/airflow/example_dags/example_complex.py
[2023-12-15T11:51:45.630+0000] {logging_mixin.py:154} INFO - [2023-12-15T11:51:45.629+0000] {dag.py:2941} INFO - Sync 1 DAGs
[2023-12-15T11:51:45.646+0000] {logging_mixin.py:154} INFO - [2023-12-15T11:51:45.646+0000] {dag.py:3722} INFO - Setting next_dagrun for example_complex to None, run_after=None
[2023-12-15T11:51:45.663+0000] {processor.py:179} INFO - Processing /home/airflow/.local/lib/python3.8/site-packages/airflow/example_dags/example_complex.py took 0.124 seconds
[2023-12-15T11:52:25.254+0000] {processor.py:157} INFO - Started process (PID=1564) to work on /home/airflow/.local/lib/python3.8/site-packages/airflow/example_dags/example_complex.py
[2023-12-15T11:52:25.256+0000] {processor.py:829} INFO - Processing file /home/airflow/.local/lib/python3.8/site-packages/airflow/example_dags/example_complex.py for tasks to queue
[2023-12-15T11:52:25.259+0000] {logging_mixin.py:154} INFO - [2023-12-15T11:52:25.258+0000] {dagbag.py:536} INFO - Filling up the DagBag from /home/airflow/.local/lib/python3.8/site-packages/airflow/example_dags/example_complex.py
[2023-12-15T11:52:25.278+0000] {processor.py:839} INFO - DAG(s) dict_keys(['example_complex']) retrieved from /home/airflow/.local/lib/python3.8/site-packages/airflow/example_dags/example_complex.py
[2023-12-15T11:52:25.334+0000] {logging_mixin.py:154} INFO - [2023-12-15T11:52:25.333+0000] {dag.py:2941} INFO - Sync 1 DAGs
[2023-12-15T11:52:25.356+0000] {logging_mixin.py:154} INFO - [2023-12-15T11:52:25.356+0000] {dag.py:3722} INFO - Setting next_dagrun for example_complex to None, run_after=None
[2023-12-15T11:52:25.370+0000] {processor.py:179} INFO - Processing /home/airflow/.local/lib/python3.8/site-packages/airflow/example_dags/example_complex.py took 0.133 seconds
[2023-12-15T11:52:59.174+0000] {processor.py:157} INFO - Started process (PID=1621) to work on /home/airflow/.local/lib/python3.8/site-packages/airflow/example_dags/example_complex.py
[2023-12-15T11:52:59.202+0000] {processor.py:829} INFO - Processing file /home/airflow/.local/lib/python3.8/site-packages/airflow/example_dags/example_complex.py for tasks to queue
[2023-12-15T11:52:59.209+0000] {logging_mixin.py:154} INFO - [2023-12-15T11:52:59.209+0000] {dagbag.py:536} INFO - Filling up the DagBag from /home/airflow/.local/lib/python3.8/site-packages/airflow/example_dags/example_complex.py
[2023-12-15T11:52:59.227+0000] {processor.py:839} INFO - DAG(s) dict_keys(['example_complex']) retrieved from /home/airflow/.local/lib/python3.8/site-packages/airflow/example_dags/example_complex.py
[2023-12-15T11:52:59.316+0000] {logging_mixin.py:154} INFO - [2023-12-15T11:52:59.316+0000] {dag.py:2941} INFO - Sync 1 DAGs
[2023-12-15T11:52:59.355+0000] {logging_mixin.py:154} INFO - [2023-12-15T11:52:59.355+0000] {dag.py:3722} INFO - Setting next_dagrun for example_complex to None, run_after=None
[2023-12-15T11:52:59.435+0000] {processor.py:179} INFO - Processing /home/airflow/.local/lib/python3.8/site-packages/airflow/example_dags/example_complex.py took 0.270 seconds
[2023-12-15T11:53:29.877+0000] {processor.py:157} INFO - Started process (PID=1674) to work on /home/airflow/.local/lib/python3.8/site-packages/airflow/example_dags/example_complex.py
[2023-12-15T11:53:29.878+0000] {processor.py:829} INFO - Processing file /home/airflow/.local/lib/python3.8/site-packages/airflow/example_dags/example_complex.py for tasks to queue
[2023-12-15T11:53:29.881+0000] {logging_mixin.py:154} INFO - [2023-12-15T11:53:29.881+0000] {dagbag.py:536} INFO - Filling up the DagBag from /home/airflow/.local/lib/python3.8/site-packages/airflow/example_dags/example_complex.py
[2023-12-15T11:53:29.895+0000] {processor.py:839} INFO - DAG(s) dict_keys(['example_complex']) retrieved from /home/airflow/.local/lib/python3.8/site-packages/airflow/example_dags/example_complex.py
[2023-12-15T11:53:30.008+0000] {logging_mixin.py:154} INFO - [2023-12-15T11:53:30.007+0000] {dag.py:2941} INFO - Sync 1 DAGs
[2023-12-15T11:53:30.038+0000] {logging_mixin.py:154} INFO - [2023-12-15T11:53:30.038+0000] {dag.py:3722} INFO - Setting next_dagrun for example_complex to None, run_after=None
[2023-12-15T11:53:30.090+0000] {processor.py:179} INFO - Processing /home/airflow/.local/lib/python3.8/site-packages/airflow/example_dags/example_complex.py took 0.217 seconds
[2023-12-15T11:54:01.128+0000] {processor.py:157} INFO - Started process (PID=1728) to work on /home/airflow/.local/lib/python3.8/site-packages/airflow/example_dags/example_complex.py
[2023-12-15T11:54:01.130+0000] {processor.py:829} INFO - Processing file /home/airflow/.local/lib/python3.8/site-packages/airflow/example_dags/example_complex.py for tasks to queue
[2023-12-15T11:54:01.132+0000] {logging_mixin.py:154} INFO - [2023-12-15T11:54:01.132+0000] {dagbag.py:536} INFO - Filling up the DagBag from /home/airflow/.local/lib/python3.8/site-packages/airflow/example_dags/example_complex.py
[2023-12-15T11:54:01.146+0000] {processor.py:839} INFO - DAG(s) dict_keys(['example_complex']) retrieved from /home/airflow/.local/lib/python3.8/site-packages/airflow/example_dags/example_complex.py
[2023-12-15T11:54:01.195+0000] {logging_mixin.py:154} INFO - [2023-12-15T11:54:01.195+0000] {dag.py:2941} INFO - Sync 1 DAGs
[2023-12-15T11:54:01.216+0000] {logging_mixin.py:154} INFO - [2023-12-15T11:54:01.215+0000] {dag.py:3722} INFO - Setting next_dagrun for example_complex to None, run_after=None
[2023-12-15T11:54:01.233+0000] {processor.py:179} INFO - Processing /home/airflow/.local/lib/python3.8/site-packages/airflow/example_dags/example_complex.py took 0.109 seconds
[2023-12-15T11:54:31.322+0000] {processor.py:157} INFO - Started process (PID=1781) to work on /home/airflow/.local/lib/python3.8/site-packages/airflow/example_dags/example_complex.py
[2023-12-15T11:54:31.325+0000] {processor.py:829} INFO - Processing file /home/airflow/.local/lib/python3.8/site-packages/airflow/example_dags/example_complex.py for tasks to queue
[2023-12-15T11:54:31.328+0000] {logging_mixin.py:154} INFO - [2023-12-15T11:54:31.327+0000] {dagbag.py:536} INFO - Filling up the DagBag from /home/airflow/.local/lib/python3.8/site-packages/airflow/example_dags/example_complex.py
[2023-12-15T11:54:31.338+0000] {processor.py:839} INFO - DAG(s) dict_keys(['example_complex']) retrieved from /home/airflow/.local/lib/python3.8/site-packages/airflow/example_dags/example_complex.py
[2023-12-15T11:54:31.374+0000] {logging_mixin.py:154} INFO - [2023-12-15T11:54:31.374+0000] {dag.py:2941} INFO - Sync 1 DAGs
[2023-12-15T11:54:31.390+0000] {logging_mixin.py:154} INFO - [2023-12-15T11:54:31.390+0000] {dag.py:3722} INFO - Setting next_dagrun for example_complex to None, run_after=None
[2023-12-15T11:54:31.416+0000] {processor.py:179} INFO - Processing /home/airflow/.local/lib/python3.8/site-packages/airflow/example_dags/example_complex.py took 0.098 seconds
[2023-12-15T11:55:01.967+0000] {processor.py:157} INFO - Started process (PID=1835) to work on /home/airflow/.local/lib/python3.8/site-packages/airflow/example_dags/example_complex.py
[2023-12-15T11:55:01.969+0000] {processor.py:829} INFO - Processing file /home/airflow/.local/lib/python3.8/site-packages/airflow/example_dags/example_complex.py for tasks to queue
[2023-12-15T11:55:01.972+0000] {logging_mixin.py:154} INFO - [2023-12-15T11:55:01.972+0000] {dagbag.py:536} INFO - Filling up the DagBag from /home/airflow/.local/lib/python3.8/site-packages/airflow/example_dags/example_complex.py
[2023-12-15T11:55:01.988+0000] {processor.py:839} INFO - DAG(s) dict_keys(['example_complex']) retrieved from /home/airflow/.local/lib/python3.8/site-packages/airflow/example_dags/example_complex.py
[2023-12-15T11:55:02.062+0000] {logging_mixin.py:154} INFO - [2023-12-15T11:55:02.062+0000] {dag.py:2941} INFO - Sync 1 DAGs
[2023-12-15T11:55:02.076+0000] {logging_mixin.py:154} INFO - [2023-12-15T11:55:02.075+0000] {dag.py:3722} INFO - Setting next_dagrun for example_complex to None, run_after=None
[2023-12-15T11:55:02.101+0000] {processor.py:179} INFO - Processing /home/airflow/.local/lib/python3.8/site-packages/airflow/example_dags/example_complex.py took 0.138 seconds
[2023-12-15T11:55:32.710+0000] {processor.py:157} INFO - Started process (PID=1889) to work on /home/airflow/.local/lib/python3.8/site-packages/airflow/example_dags/example_complex.py
[2023-12-15T11:55:32.721+0000] {processor.py:829} INFO - Processing file /home/airflow/.local/lib/python3.8/site-packages/airflow/example_dags/example_complex.py for tasks to queue
[2023-12-15T11:55:32.748+0000] {logging_mixin.py:154} INFO - [2023-12-15T11:55:32.747+0000] {dagbag.py:536} INFO - Filling up the DagBag from /home/airflow/.local/lib/python3.8/site-packages/airflow/example_dags/example_complex.py
[2023-12-15T11:55:32.790+0000] {processor.py:839} INFO - DAG(s) dict_keys(['example_complex']) retrieved from /home/airflow/.local/lib/python3.8/site-packages/airflow/example_dags/example_complex.py
[2023-12-15T11:55:32.925+0000] {logging_mixin.py:154} INFO - [2023-12-15T11:55:32.924+0000] {dag.py:2941} INFO - Sync 1 DAGs
[2023-12-15T11:55:32.976+0000] {logging_mixin.py:154} INFO - [2023-12-15T11:55:32.976+0000] {dag.py:3722} INFO - Setting next_dagrun for example_complex to None, run_after=None
[2023-12-15T11:55:33.061+0000] {processor.py:179} INFO - Processing /home/airflow/.local/lib/python3.8/site-packages/airflow/example_dags/example_complex.py took 0.358 seconds
[2023-12-15T11:56:03.454+0000] {processor.py:157} INFO - Started process (PID=1944) to work on /home/airflow/.local/lib/python3.8/site-packages/airflow/example_dags/example_complex.py
[2023-12-15T11:56:03.460+0000] {processor.py:829} INFO - Processing file /home/airflow/.local/lib/python3.8/site-packages/airflow/example_dags/example_complex.py for tasks to queue
[2023-12-15T11:56:03.464+0000] {logging_mixin.py:154} INFO - [2023-12-15T11:56:03.463+0000] {dagbag.py:536} INFO - Filling up the DagBag from /home/airflow/.local/lib/python3.8/site-packages/airflow/example_dags/example_complex.py
[2023-12-15T11:56:03.476+0000] {processor.py:839} INFO - DAG(s) dict_keys(['example_complex']) retrieved from /home/airflow/.local/lib/python3.8/site-packages/airflow/example_dags/example_complex.py
[2023-12-15T11:56:03.513+0000] {logging_mixin.py:154} INFO - [2023-12-15T11:56:03.512+0000] {dag.py:2941} INFO - Sync 1 DAGs
[2023-12-15T11:56:03.533+0000] {logging_mixin.py:154} INFO - [2023-12-15T11:56:03.533+0000] {dag.py:3722} INFO - Setting next_dagrun for example_complex to None, run_after=None
[2023-12-15T11:56:03.552+0000] {processor.py:179} INFO - Processing /home/airflow/.local/lib/python3.8/site-packages/airflow/example_dags/example_complex.py took 0.102 seconds
[2023-12-15T11:56:33.964+0000] {processor.py:157} INFO - Started process (PID=1999) to work on /home/airflow/.local/lib/python3.8/site-packages/airflow/example_dags/example_complex.py
[2023-12-15T11:56:33.967+0000] {processor.py:829} INFO - Processing file /home/airflow/.local/lib/python3.8/site-packages/airflow/example_dags/example_complex.py for tasks to queue
[2023-12-15T11:56:33.970+0000] {logging_mixin.py:154} INFO - [2023-12-15T11:56:33.970+0000] {dagbag.py:536} INFO - Filling up the DagBag from /home/airflow/.local/lib/python3.8/site-packages/airflow/example_dags/example_complex.py
[2023-12-15T11:56:33.982+0000] {processor.py:839} INFO - DAG(s) dict_keys(['example_complex']) retrieved from /home/airflow/.local/lib/python3.8/site-packages/airflow/example_dags/example_complex.py
[2023-12-15T11:56:34.025+0000] {logging_mixin.py:154} INFO - [2023-12-15T11:56:34.025+0000] {dag.py:2941} INFO - Sync 1 DAGs
[2023-12-15T11:56:34.069+0000] {logging_mixin.py:154} INFO - [2023-12-15T11:56:34.068+0000] {dag.py:3722} INFO - Setting next_dagrun for example_complex to None, run_after=None
[2023-12-15T11:56:34.114+0000] {processor.py:179} INFO - Processing /home/airflow/.local/lib/python3.8/site-packages/airflow/example_dags/example_complex.py took 0.153 seconds
[2023-12-15T11:57:04.762+0000] {processor.py:157} INFO - Started process (PID=2053) to work on /home/airflow/.local/lib/python3.8/site-packages/airflow/example_dags/example_complex.py
[2023-12-15T11:57:04.774+0000] {processor.py:829} INFO - Processing file /home/airflow/.local/lib/python3.8/site-packages/airflow/example_dags/example_complex.py for tasks to queue
[2023-12-15T11:57:04.777+0000] {logging_mixin.py:154} INFO - [2023-12-15T11:57:04.777+0000] {dagbag.py:536} INFO - Filling up the DagBag from /home/airflow/.local/lib/python3.8/site-packages/airflow/example_dags/example_complex.py
[2023-12-15T11:57:04.786+0000] {processor.py:839} INFO - DAG(s) dict_keys(['example_complex']) retrieved from /home/airflow/.local/lib/python3.8/site-packages/airflow/example_dags/example_complex.py
[2023-12-15T11:57:04.820+0000] {logging_mixin.py:154} INFO - [2023-12-15T11:57:04.819+0000] {dag.py:2941} INFO - Sync 1 DAGs
[2023-12-15T11:57:04.829+0000] {logging_mixin.py:154} INFO - [2023-12-15T11:57:04.829+0000] {dag.py:3722} INFO - Setting next_dagrun for example_complex to None, run_after=None
[2023-12-15T11:57:04.840+0000] {processor.py:179} INFO - Processing /home/airflow/.local/lib/python3.8/site-packages/airflow/example_dags/example_complex.py took 0.084 seconds
[2023-12-15T11:57:35.432+0000] {processor.py:157} INFO - Started process (PID=2108) to work on /home/airflow/.local/lib/python3.8/site-packages/airflow/example_dags/example_complex.py
[2023-12-15T11:57:35.435+0000] {processor.py:829} INFO - Processing file /home/airflow/.local/lib/python3.8/site-packages/airflow/example_dags/example_complex.py for tasks to queue
[2023-12-15T11:57:35.441+0000] {logging_mixin.py:154} INFO - [2023-12-15T11:57:35.440+0000] {dagbag.py:536} INFO - Filling up the DagBag from /home/airflow/.local/lib/python3.8/site-packages/airflow/example_dags/example_complex.py
[2023-12-15T11:57:35.451+0000] {processor.py:839} INFO - DAG(s) dict_keys(['example_complex']) retrieved from /home/airflow/.local/lib/python3.8/site-packages/airflow/example_dags/example_complex.py
[2023-12-15T11:57:35.493+0000] {logging_mixin.py:154} INFO - [2023-12-15T11:57:35.492+0000] {dag.py:2941} INFO - Sync 1 DAGs
[2023-12-15T11:57:35.510+0000] {logging_mixin.py:154} INFO - [2023-12-15T11:57:35.510+0000] {dag.py:3722} INFO - Setting next_dagrun for example_complex to None, run_after=None
[2023-12-15T11:57:35.532+0000] {processor.py:179} INFO - Processing /home/airflow/.local/lib/python3.8/site-packages/airflow/example_dags/example_complex.py took 0.107 seconds
[2023-12-15T11:58:06.069+0000] {processor.py:157} INFO - Started process (PID=2162) to work on /home/airflow/.local/lib/python3.8/site-packages/airflow/example_dags/example_complex.py
[2023-12-15T11:58:06.071+0000] {processor.py:829} INFO - Processing file /home/airflow/.local/lib/python3.8/site-packages/airflow/example_dags/example_complex.py for tasks to queue
[2023-12-15T11:58:06.076+0000] {logging_mixin.py:154} INFO - [2023-12-15T11:58:06.076+0000] {dagbag.py:536} INFO - Filling up the DagBag from /home/airflow/.local/lib/python3.8/site-packages/airflow/example_dags/example_complex.py
[2023-12-15T11:58:06.106+0000] {processor.py:839} INFO - DAG(s) dict_keys(['example_complex']) retrieved from /home/airflow/.local/lib/python3.8/site-packages/airflow/example_dags/example_complex.py
[2023-12-15T11:58:06.259+0000] {logging_mixin.py:154} INFO - [2023-12-15T11:58:06.251+0000] {dag.py:2941} INFO - Sync 1 DAGs
[2023-12-15T11:58:06.348+0000] {logging_mixin.py:154} INFO - [2023-12-15T11:58:06.348+0000] {dag.py:3722} INFO - Setting next_dagrun for example_complex to None, run_after=None
[2023-12-15T11:58:06.392+0000] {processor.py:179} INFO - Processing /home/airflow/.local/lib/python3.8/site-packages/airflow/example_dags/example_complex.py took 0.326 seconds
[2023-12-15T11:58:37.434+0000] {processor.py:157} INFO - Started process (PID=2216) to work on /home/airflow/.local/lib/python3.8/site-packages/airflow/example_dags/example_complex.py
[2023-12-15T11:58:37.436+0000] {processor.py:829} INFO - Processing file /home/airflow/.local/lib/python3.8/site-packages/airflow/example_dags/example_complex.py for tasks to queue
[2023-12-15T11:58:37.440+0000] {logging_mixin.py:154} INFO - [2023-12-15T11:58:37.440+0000] {dagbag.py:536} INFO - Filling up the DagBag from /home/airflow/.local/lib/python3.8/site-packages/airflow/example_dags/example_complex.py
[2023-12-15T11:58:37.456+0000] {processor.py:839} INFO - DAG(s) dict_keys(['example_complex']) retrieved from /home/airflow/.local/lib/python3.8/site-packages/airflow/example_dags/example_complex.py
[2023-12-15T11:58:37.506+0000] {logging_mixin.py:154} INFO - [2023-12-15T11:58:37.506+0000] {dag.py:2941} INFO - Sync 1 DAGs
[2023-12-15T11:58:37.526+0000] {logging_mixin.py:154} INFO - [2023-12-15T11:58:37.526+0000] {dag.py:3722} INFO - Setting next_dagrun for example_complex to None, run_after=None
[2023-12-15T11:58:37.612+0000] {processor.py:179} INFO - Processing /home/airflow/.local/lib/python3.8/site-packages/airflow/example_dags/example_complex.py took 0.185 seconds
[2023-12-15T11:59:08.172+0000] {processor.py:157} INFO - Started process (PID=2269) to work on /home/airflow/.local/lib/python3.8/site-packages/airflow/example_dags/example_complex.py
[2023-12-15T11:59:08.173+0000] {processor.py:829} INFO - Processing file /home/airflow/.local/lib/python3.8/site-packages/airflow/example_dags/example_complex.py for tasks to queue
[2023-12-15T11:59:08.178+0000] {logging_mixin.py:154} INFO - [2023-12-15T11:59:08.177+0000] {dagbag.py:536} INFO - Filling up the DagBag from /home/airflow/.local/lib/python3.8/site-packages/airflow/example_dags/example_complex.py
[2023-12-15T11:59:08.193+0000] {processor.py:839} INFO - DAG(s) dict_keys(['example_complex']) retrieved from /home/airflow/.local/lib/python3.8/site-packages/airflow/example_dags/example_complex.py
[2023-12-15T11:59:08.236+0000] {logging_mixin.py:154} INFO - [2023-12-15T11:59:08.236+0000] {dag.py:2941} INFO - Sync 1 DAGs
[2023-12-15T11:59:08.260+0000] {logging_mixin.py:154} INFO - [2023-12-15T11:59:08.260+0000] {dag.py:3722} INFO - Setting next_dagrun for example_complex to None, run_after=None
[2023-12-15T11:59:08.294+0000] {processor.py:179} INFO - Processing /home/airflow/.local/lib/python3.8/site-packages/airflow/example_dags/example_complex.py took 0.125 seconds
[2023-12-15T11:59:39.198+0000] {processor.py:157} INFO - Started process (PID=2323) to work on /home/airflow/.local/lib/python3.8/site-packages/airflow/example_dags/example_complex.py
[2023-12-15T11:59:39.200+0000] {processor.py:829} INFO - Processing file /home/airflow/.local/lib/python3.8/site-packages/airflow/example_dags/example_complex.py for tasks to queue
[2023-12-15T11:59:39.203+0000] {logging_mixin.py:154} INFO - [2023-12-15T11:59:39.203+0000] {dagbag.py:536} INFO - Filling up the DagBag from /home/airflow/.local/lib/python3.8/site-packages/airflow/example_dags/example_complex.py
[2023-12-15T11:59:39.217+0000] {processor.py:839} INFO - DAG(s) dict_keys(['example_complex']) retrieved from /home/airflow/.local/lib/python3.8/site-packages/airflow/example_dags/example_complex.py
[2023-12-15T11:59:39.397+0000] {logging_mixin.py:154} INFO - [2023-12-15T11:59:39.396+0000] {dag.py:2941} INFO - Sync 1 DAGs
[2023-12-15T11:59:39.419+0000] {logging_mixin.py:154} INFO - [2023-12-15T11:59:39.419+0000] {dag.py:3722} INFO - Setting next_dagrun for example_complex to None, run_after=None
[2023-12-15T11:59:39.441+0000] {processor.py:179} INFO - Processing /home/airflow/.local/lib/python3.8/site-packages/airflow/example_dags/example_complex.py took 0.247 seconds
[2023-12-15T12:00:12.297+0000] {processor.py:157} INFO - Started process (PID=2385) to work on /home/airflow/.local/lib/python3.8/site-packages/airflow/example_dags/example_complex.py
[2023-12-15T12:00:12.300+0000] {processor.py:829} INFO - Processing file /home/airflow/.local/lib/python3.8/site-packages/airflow/example_dags/example_complex.py for tasks to queue
[2023-12-15T12:00:12.311+0000] {logging_mixin.py:154} INFO - [2023-12-15T12:00:12.310+0000] {dagbag.py:536} INFO - Filling up the DagBag from /home/airflow/.local/lib/python3.8/site-packages/airflow/example_dags/example_complex.py
[2023-12-15T12:00:12.341+0000] {processor.py:839} INFO - DAG(s) dict_keys(['example_complex']) retrieved from /home/airflow/.local/lib/python3.8/site-packages/airflow/example_dags/example_complex.py
[2023-12-15T12:00:12.395+0000] {logging_mixin.py:154} INFO - [2023-12-15T12:00:12.394+0000] {dag.py:2941} INFO - Sync 1 DAGs
[2023-12-15T12:00:12.421+0000] {logging_mixin.py:154} INFO - [2023-12-15T12:00:12.420+0000] {dag.py:3722} INFO - Setting next_dagrun for example_complex to None, run_after=None
[2023-12-15T12:00:12.479+0000] {processor.py:179} INFO - Processing /home/airflow/.local/lib/python3.8/site-packages/airflow/example_dags/example_complex.py took 0.189 seconds
[2023-12-15T12:00:42.675+0000] {processor.py:157} INFO - Started process (PID=2438) to work on /home/airflow/.local/lib/python3.8/site-packages/airflow/example_dags/example_complex.py
[2023-12-15T12:00:42.679+0000] {processor.py:829} INFO - Processing file /home/airflow/.local/lib/python3.8/site-packages/airflow/example_dags/example_complex.py for tasks to queue
[2023-12-15T12:00:42.681+0000] {logging_mixin.py:154} INFO - [2023-12-15T12:00:42.681+0000] {dagbag.py:536} INFO - Filling up the DagBag from /home/airflow/.local/lib/python3.8/site-packages/airflow/example_dags/example_complex.py
[2023-12-15T12:00:42.704+0000] {processor.py:839} INFO - DAG(s) dict_keys(['example_complex']) retrieved from /home/airflow/.local/lib/python3.8/site-packages/airflow/example_dags/example_complex.py
[2023-12-15T12:00:42.778+0000] {logging_mixin.py:154} INFO - [2023-12-15T12:00:42.777+0000] {dag.py:2941} INFO - Sync 1 DAGs
[2023-12-15T12:00:42.791+0000] {logging_mixin.py:154} INFO - [2023-12-15T12:00:42.791+0000] {dag.py:3722} INFO - Setting next_dagrun for example_complex to None, run_after=None
[2023-12-15T12:00:42.814+0000] {processor.py:179} INFO - Processing /home/airflow/.local/lib/python3.8/site-packages/airflow/example_dags/example_complex.py took 0.149 seconds
[2023-12-15T12:01:12.986+0000] {processor.py:157} INFO - Started process (PID=2490) to work on /home/airflow/.local/lib/python3.8/site-packages/airflow/example_dags/example_complex.py
[2023-12-15T12:01:12.990+0000] {processor.py:829} INFO - Processing file /home/airflow/.local/lib/python3.8/site-packages/airflow/example_dags/example_complex.py for tasks to queue
[2023-12-15T12:01:12.993+0000] {logging_mixin.py:154} INFO - [2023-12-15T12:01:12.993+0000] {dagbag.py:536} INFO - Filling up the DagBag from /home/airflow/.local/lib/python3.8/site-packages/airflow/example_dags/example_complex.py
[2023-12-15T12:01:13.010+0000] {processor.py:839} INFO - DAG(s) dict_keys(['example_complex']) retrieved from /home/airflow/.local/lib/python3.8/site-packages/airflow/example_dags/example_complex.py
[2023-12-15T12:01:13.077+0000] {logging_mixin.py:154} INFO - [2023-12-15T12:01:13.076+0000] {dag.py:2941} INFO - Sync 1 DAGs
[2023-12-15T12:01:13.095+0000] {logging_mixin.py:154} INFO - [2023-12-15T12:01:13.094+0000] {dag.py:3722} INFO - Setting next_dagrun for example_complex to None, run_after=None
[2023-12-15T12:01:13.125+0000] {processor.py:179} INFO - Processing /home/airflow/.local/lib/python3.8/site-packages/airflow/example_dags/example_complex.py took 0.141 seconds
[2023-12-15T12:01:44.822+0000] {processor.py:157} INFO - Started process (PID=2546) to work on /home/airflow/.local/lib/python3.8/site-packages/airflow/example_dags/example_complex.py
[2023-12-15T12:01:44.826+0000] {processor.py:829} INFO - Processing file /home/airflow/.local/lib/python3.8/site-packages/airflow/example_dags/example_complex.py for tasks to queue
[2023-12-15T12:01:44.847+0000] {logging_mixin.py:154} INFO - [2023-12-15T12:01:44.847+0000] {dagbag.py:536} INFO - Filling up the DagBag from /home/airflow/.local/lib/python3.8/site-packages/airflow/example_dags/example_complex.py
[2023-12-15T12:01:44.873+0000] {processor.py:839} INFO - DAG(s) dict_keys(['example_complex']) retrieved from /home/airflow/.local/lib/python3.8/site-packages/airflow/example_dags/example_complex.py
[2023-12-15T12:01:44.981+0000] {logging_mixin.py:154} INFO - [2023-12-15T12:01:44.981+0000] {dag.py:2941} INFO - Sync 1 DAGs
[2023-12-15T12:01:44.996+0000] {logging_mixin.py:154} INFO - [2023-12-15T12:01:44.996+0000] {dag.py:3722} INFO - Setting next_dagrun for example_complex to None, run_after=None
[2023-12-15T12:01:45.036+0000] {processor.py:179} INFO - Processing /home/airflow/.local/lib/python3.8/site-packages/airflow/example_dags/example_complex.py took 0.242 seconds
[2023-12-15T12:02:15.308+0000] {processor.py:157} INFO - Started process (PID=2600) to work on /home/airflow/.local/lib/python3.8/site-packages/airflow/example_dags/example_complex.py
[2023-12-15T12:02:15.312+0000] {processor.py:829} INFO - Processing file /home/airflow/.local/lib/python3.8/site-packages/airflow/example_dags/example_complex.py for tasks to queue
[2023-12-15T12:02:15.316+0000] {logging_mixin.py:154} INFO - [2023-12-15T12:02:15.315+0000] {dagbag.py:536} INFO - Filling up the DagBag from /home/airflow/.local/lib/python3.8/site-packages/airflow/example_dags/example_complex.py
[2023-12-15T12:02:15.336+0000] {processor.py:839} INFO - DAG(s) dict_keys(['example_complex']) retrieved from /home/airflow/.local/lib/python3.8/site-packages/airflow/example_dags/example_complex.py
[2023-12-15T12:02:15.411+0000] {logging_mixin.py:154} INFO - [2023-12-15T12:02:15.410+0000] {dag.py:2941} INFO - Sync 1 DAGs
[2023-12-15T12:02:15.437+0000] {logging_mixin.py:154} INFO - [2023-12-15T12:02:15.437+0000] {dag.py:3722} INFO - Setting next_dagrun for example_complex to None, run_after=None
[2023-12-15T12:02:15.463+0000] {processor.py:179} INFO - Processing /home/airflow/.local/lib/python3.8/site-packages/airflow/example_dags/example_complex.py took 0.165 seconds
[2023-12-15T12:02:45.630+0000] {processor.py:157} INFO - Started process (PID=2654) to work on /home/airflow/.local/lib/python3.8/site-packages/airflow/example_dags/example_complex.py
[2023-12-15T12:02:45.637+0000] {processor.py:829} INFO - Processing file /home/airflow/.local/lib/python3.8/site-packages/airflow/example_dags/example_complex.py for tasks to queue
[2023-12-15T12:02:45.643+0000] {logging_mixin.py:154} INFO - [2023-12-15T12:02:45.643+0000] {dagbag.py:536} INFO - Filling up the DagBag from /home/airflow/.local/lib/python3.8/site-packages/airflow/example_dags/example_complex.py
[2023-12-15T12:02:45.659+0000] {processor.py:839} INFO - DAG(s) dict_keys(['example_complex']) retrieved from /home/airflow/.local/lib/python3.8/site-packages/airflow/example_dags/example_complex.py
[2023-12-15T12:02:45.695+0000] {logging_mixin.py:154} INFO - [2023-12-15T12:02:45.695+0000] {dag.py:2941} INFO - Sync 1 DAGs
[2023-12-15T12:02:45.713+0000] {logging_mixin.py:154} INFO - [2023-12-15T12:02:45.713+0000] {dag.py:3722} INFO - Setting next_dagrun for example_complex to None, run_after=None
[2023-12-15T12:02:45.736+0000] {processor.py:179} INFO - Processing /home/airflow/.local/lib/python3.8/site-packages/airflow/example_dags/example_complex.py took 0.108 seconds
[2023-12-15T12:03:17.677+0000] {processor.py:157} INFO - Started process (PID=2708) to work on /home/airflow/.local/lib/python3.8/site-packages/airflow/example_dags/example_complex.py
[2023-12-15T12:03:17.684+0000] {processor.py:829} INFO - Processing file /home/airflow/.local/lib/python3.8/site-packages/airflow/example_dags/example_complex.py for tasks to queue
[2023-12-15T12:03:17.696+0000] {logging_mixin.py:154} INFO - [2023-12-15T12:03:17.695+0000] {dagbag.py:536} INFO - Filling up the DagBag from /home/airflow/.local/lib/python3.8/site-packages/airflow/example_dags/example_complex.py
[2023-12-15T12:03:17.730+0000] {processor.py:839} INFO - DAG(s) dict_keys(['example_complex']) retrieved from /home/airflow/.local/lib/python3.8/site-packages/airflow/example_dags/example_complex.py
[2023-12-15T12:03:17.783+0000] {logging_mixin.py:154} INFO - [2023-12-15T12:03:17.782+0000] {dag.py:2941} INFO - Sync 1 DAGs
[2023-12-15T12:03:17.800+0000] {logging_mixin.py:154} INFO - [2023-12-15T12:03:17.800+0000] {dag.py:3722} INFO - Setting next_dagrun for example_complex to None, run_after=None
[2023-12-15T12:03:17.830+0000] {processor.py:179} INFO - Processing /home/airflow/.local/lib/python3.8/site-packages/airflow/example_dags/example_complex.py took 0.168 seconds
[2023-12-15T12:03:48.147+0000] {processor.py:157} INFO - Started process (PID=2761) to work on /home/airflow/.local/lib/python3.8/site-packages/airflow/example_dags/example_complex.py
[2023-12-15T12:03:48.150+0000] {processor.py:829} INFO - Processing file /home/airflow/.local/lib/python3.8/site-packages/airflow/example_dags/example_complex.py for tasks to queue
[2023-12-15T12:03:48.155+0000] {logging_mixin.py:154} INFO - [2023-12-15T12:03:48.154+0000] {dagbag.py:536} INFO - Filling up the DagBag from /home/airflow/.local/lib/python3.8/site-packages/airflow/example_dags/example_complex.py
[2023-12-15T12:03:48.168+0000] {processor.py:839} INFO - DAG(s) dict_keys(['example_complex']) retrieved from /home/airflow/.local/lib/python3.8/site-packages/airflow/example_dags/example_complex.py
[2023-12-15T12:03:48.224+0000] {logging_mixin.py:154} INFO - [2023-12-15T12:03:48.224+0000] {dag.py:2941} INFO - Sync 1 DAGs
[2023-12-15T12:03:48.241+0000] {logging_mixin.py:154} INFO - [2023-12-15T12:03:48.240+0000] {dag.py:3722} INFO - Setting next_dagrun for example_complex to None, run_after=None
[2023-12-15T12:03:48.293+0000] {processor.py:179} INFO - Processing /home/airflow/.local/lib/python3.8/site-packages/airflow/example_dags/example_complex.py took 0.155 seconds
[2023-12-15T12:04:20.045+0000] {processor.py:157} INFO - Started process (PID=2816) to work on /home/airflow/.local/lib/python3.8/site-packages/airflow/example_dags/example_complex.py
[2023-12-15T12:04:20.056+0000] {processor.py:829} INFO - Processing file /home/airflow/.local/lib/python3.8/site-packages/airflow/example_dags/example_complex.py for tasks to queue
[2023-12-15T12:04:20.078+0000] {logging_mixin.py:154} INFO - [2023-12-15T12:04:20.076+0000] {dagbag.py:536} INFO - Filling up the DagBag from /home/airflow/.local/lib/python3.8/site-packages/airflow/example_dags/example_complex.py
[2023-12-15T12:04:20.109+0000] {processor.py:839} INFO - DAG(s) dict_keys(['example_complex']) retrieved from /home/airflow/.local/lib/python3.8/site-packages/airflow/example_dags/example_complex.py
[2023-12-15T12:04:20.425+0000] {logging_mixin.py:154} INFO - [2023-12-15T12:04:20.424+0000] {dag.py:2941} INFO - Sync 1 DAGs
[2023-12-15T12:04:20.506+0000] {logging_mixin.py:154} INFO - [2023-12-15T12:04:20.506+0000] {dag.py:3722} INFO - Setting next_dagrun for example_complex to None, run_after=None
[2023-12-15T12:04:20.564+0000] {processor.py:179} INFO - Processing /home/airflow/.local/lib/python3.8/site-packages/airflow/example_dags/example_complex.py took 0.530 seconds
[2023-12-15T12:04:50.869+0000] {processor.py:157} INFO - Started process (PID=2869) to work on /home/airflow/.local/lib/python3.8/site-packages/airflow/example_dags/example_complex.py
[2023-12-15T12:04:50.871+0000] {processor.py:829} INFO - Processing file /home/airflow/.local/lib/python3.8/site-packages/airflow/example_dags/example_complex.py for tasks to queue
[2023-12-15T12:04:50.874+0000] {logging_mixin.py:154} INFO - [2023-12-15T12:04:50.873+0000] {dagbag.py:536} INFO - Filling up the DagBag from /home/airflow/.local/lib/python3.8/site-packages/airflow/example_dags/example_complex.py
[2023-12-15T12:04:50.891+0000] {processor.py:839} INFO - DAG(s) dict_keys(['example_complex']) retrieved from /home/airflow/.local/lib/python3.8/site-packages/airflow/example_dags/example_complex.py
[2023-12-15T12:04:50.926+0000] {logging_mixin.py:154} INFO - [2023-12-15T12:04:50.925+0000] {dag.py:2941} INFO - Sync 1 DAGs
[2023-12-15T12:04:50.945+0000] {logging_mixin.py:154} INFO - [2023-12-15T12:04:50.945+0000] {dag.py:3722} INFO - Setting next_dagrun for example_complex to None, run_after=None
[2023-12-15T12:04:50.971+0000] {processor.py:179} INFO - Processing /home/airflow/.local/lib/python3.8/site-packages/airflow/example_dags/example_complex.py took 0.106 seconds
[2023-12-15T12:05:21.636+0000] {processor.py:157} INFO - Started process (PID=2917) to work on /home/airflow/.local/lib/python3.8/site-packages/airflow/example_dags/example_complex.py
[2023-12-15T12:05:21.639+0000] {processor.py:829} INFO - Processing file /home/airflow/.local/lib/python3.8/site-packages/airflow/example_dags/example_complex.py for tasks to queue
[2023-12-15T12:05:21.646+0000] {logging_mixin.py:154} INFO - [2023-12-15T12:05:21.646+0000] {dagbag.py:536} INFO - Filling up the DagBag from /home/airflow/.local/lib/python3.8/site-packages/airflow/example_dags/example_complex.py
[2023-12-15T12:05:21.665+0000] {processor.py:839} INFO - DAG(s) dict_keys(['example_complex']) retrieved from /home/airflow/.local/lib/python3.8/site-packages/airflow/example_dags/example_complex.py
[2023-12-15T12:05:21.743+0000] {logging_mixin.py:154} INFO - [2023-12-15T12:05:21.742+0000] {dag.py:2941} INFO - Sync 1 DAGs
[2023-12-15T12:05:21.804+0000] {logging_mixin.py:154} INFO - [2023-12-15T12:05:21.803+0000] {dag.py:3722} INFO - Setting next_dagrun for example_complex to None, run_after=None
[2023-12-15T12:05:22.037+0000] {processor.py:179} INFO - Processing /home/airflow/.local/lib/python3.8/site-packages/airflow/example_dags/example_complex.py took 0.404 seconds
[2023-12-15T12:05:53.307+0000] {processor.py:157} INFO - Started process (PID=2971) to work on /home/airflow/.local/lib/python3.8/site-packages/airflow/example_dags/example_complex.py
[2023-12-15T12:05:53.317+0000] {processor.py:829} INFO - Processing file /home/airflow/.local/lib/python3.8/site-packages/airflow/example_dags/example_complex.py for tasks to queue
[2023-12-15T12:05:53.324+0000] {logging_mixin.py:154} INFO - [2023-12-15T12:05:53.323+0000] {dagbag.py:536} INFO - Filling up the DagBag from /home/airflow/.local/lib/python3.8/site-packages/airflow/example_dags/example_complex.py
[2023-12-15T12:05:53.355+0000] {processor.py:839} INFO - DAG(s) dict_keys(['example_complex']) retrieved from /home/airflow/.local/lib/python3.8/site-packages/airflow/example_dags/example_complex.py
[2023-12-15T12:05:53.382+0000] {logging_mixin.py:154} INFO - [2023-12-15T12:05:53.381+0000] {dag.py:2941} INFO - Sync 1 DAGs
[2023-12-15T12:05:53.400+0000] {logging_mixin.py:154} INFO - [2023-12-15T12:05:53.399+0000] {dag.py:3722} INFO - Setting next_dagrun for example_complex to None, run_after=None
[2023-12-15T12:05:53.415+0000] {processor.py:179} INFO - Processing /home/airflow/.local/lib/python3.8/site-packages/airflow/example_dags/example_complex.py took 0.114 seconds
[2023-12-15T12:06:25.396+0000] {processor.py:157} INFO - Started process (PID=3034) to work on /home/airflow/.local/lib/python3.8/site-packages/airflow/example_dags/example_complex.py
[2023-12-15T12:06:25.398+0000] {processor.py:829} INFO - Processing file /home/airflow/.local/lib/python3.8/site-packages/airflow/example_dags/example_complex.py for tasks to queue
[2023-12-15T12:06:25.401+0000] {logging_mixin.py:154} INFO - [2023-12-15T12:06:25.400+0000] {dagbag.py:536} INFO - Filling up the DagBag from /home/airflow/.local/lib/python3.8/site-packages/airflow/example_dags/example_complex.py
[2023-12-15T12:06:25.410+0000] {processor.py:839} INFO - DAG(s) dict_keys(['example_complex']) retrieved from /home/airflow/.local/lib/python3.8/site-packages/airflow/example_dags/example_complex.py
[2023-12-15T12:06:25.430+0000] {logging_mixin.py:154} INFO - [2023-12-15T12:06:25.430+0000] {dag.py:2941} INFO - Sync 1 DAGs
[2023-12-15T12:06:25.440+0000] {logging_mixin.py:154} INFO - [2023-12-15T12:06:25.440+0000] {dag.py:3722} INFO - Setting next_dagrun for example_complex to None, run_after=None
[2023-12-15T12:06:25.468+0000] {processor.py:179} INFO - Processing /home/airflow/.local/lib/python3.8/site-packages/airflow/example_dags/example_complex.py took 0.076 seconds
[2023-12-15T12:06:56.495+0000] {processor.py:157} INFO - Started process (PID=3086) to work on /home/airflow/.local/lib/python3.8/site-packages/airflow/example_dags/example_complex.py
[2023-12-15T12:06:56.504+0000] {processor.py:829} INFO - Processing file /home/airflow/.local/lib/python3.8/site-packages/airflow/example_dags/example_complex.py for tasks to queue
[2023-12-15T12:06:56.513+0000] {logging_mixin.py:154} INFO - [2023-12-15T12:06:56.512+0000] {dagbag.py:536} INFO - Filling up the DagBag from /home/airflow/.local/lib/python3.8/site-packages/airflow/example_dags/example_complex.py
[2023-12-15T12:06:56.574+0000] {processor.py:839} INFO - DAG(s) dict_keys(['example_complex']) retrieved from /home/airflow/.local/lib/python3.8/site-packages/airflow/example_dags/example_complex.py
[2023-12-15T12:06:57.012+0000] {logging_mixin.py:154} INFO - [2023-12-15T12:06:57.010+0000] {dag.py:2941} INFO - Sync 1 DAGs
[2023-12-15T12:06:57.117+0000] {logging_mixin.py:154} INFO - [2023-12-15T12:06:57.116+0000] {dag.py:3722} INFO - Setting next_dagrun for example_complex to None, run_after=None
[2023-12-15T12:06:57.242+0000] {processor.py:179} INFO - Processing /home/airflow/.local/lib/python3.8/site-packages/airflow/example_dags/example_complex.py took 0.751 seconds
[2023-12-15T12:07:27.741+0000] {processor.py:157} INFO - Started process (PID=3140) to work on /home/airflow/.local/lib/python3.8/site-packages/airflow/example_dags/example_complex.py
[2023-12-15T12:07:27.744+0000] {processor.py:829} INFO - Processing file /home/airflow/.local/lib/python3.8/site-packages/airflow/example_dags/example_complex.py for tasks to queue
[2023-12-15T12:07:27.746+0000] {logging_mixin.py:154} INFO - [2023-12-15T12:07:27.746+0000] {dagbag.py:536} INFO - Filling up the DagBag from /home/airflow/.local/lib/python3.8/site-packages/airflow/example_dags/example_complex.py
[2023-12-15T12:07:27.762+0000] {processor.py:839} INFO - DAG(s) dict_keys(['example_complex']) retrieved from /home/airflow/.local/lib/python3.8/site-packages/airflow/example_dags/example_complex.py
[2023-12-15T12:07:27.795+0000] {logging_mixin.py:154} INFO - [2023-12-15T12:07:27.795+0000] {dag.py:2941} INFO - Sync 1 DAGs
[2023-12-15T12:07:27.808+0000] {logging_mixin.py:154} INFO - [2023-12-15T12:07:27.807+0000] {dag.py:3722} INFO - Setting next_dagrun for example_complex to None, run_after=None
[2023-12-15T12:07:27.822+0000] {processor.py:179} INFO - Processing /home/airflow/.local/lib/python3.8/site-packages/airflow/example_dags/example_complex.py took 0.086 seconds
[2023-12-15T12:07:59.133+0000] {processor.py:157} INFO - Started process (PID=3194) to work on /home/airflow/.local/lib/python3.8/site-packages/airflow/example_dags/example_complex.py
[2023-12-15T12:07:59.134+0000] {processor.py:829} INFO - Processing file /home/airflow/.local/lib/python3.8/site-packages/airflow/example_dags/example_complex.py for tasks to queue
[2023-12-15T12:07:59.136+0000] {logging_mixin.py:154} INFO - [2023-12-15T12:07:59.136+0000] {dagbag.py:536} INFO - Filling up the DagBag from /home/airflow/.local/lib/python3.8/site-packages/airflow/example_dags/example_complex.py
[2023-12-15T12:07:59.147+0000] {processor.py:839} INFO - DAG(s) dict_keys(['example_complex']) retrieved from /home/airflow/.local/lib/python3.8/site-packages/airflow/example_dags/example_complex.py
[2023-12-15T12:07:59.178+0000] {logging_mixin.py:154} INFO - [2023-12-15T12:07:59.177+0000] {dag.py:2941} INFO - Sync 1 DAGs
[2023-12-15T12:07:59.189+0000] {logging_mixin.py:154} INFO - [2023-12-15T12:07:59.189+0000] {dag.py:3722} INFO - Setting next_dagrun for example_complex to None, run_after=None
[2023-12-15T12:07:59.208+0000] {processor.py:179} INFO - Processing /home/airflow/.local/lib/python3.8/site-packages/airflow/example_dags/example_complex.py took 0.080 seconds
[2023-12-15T12:08:30.108+0000] {processor.py:157} INFO - Started process (PID=3248) to work on /home/airflow/.local/lib/python3.8/site-packages/airflow/example_dags/example_complex.py
[2023-12-15T12:08:30.111+0000] {processor.py:829} INFO - Processing file /home/airflow/.local/lib/python3.8/site-packages/airflow/example_dags/example_complex.py for tasks to queue
[2023-12-15T12:08:30.115+0000] {logging_mixin.py:154} INFO - [2023-12-15T12:08:30.115+0000] {dagbag.py:536} INFO - Filling up the DagBag from /home/airflow/.local/lib/python3.8/site-packages/airflow/example_dags/example_complex.py
[2023-12-15T12:08:30.132+0000] {processor.py:839} INFO - DAG(s) dict_keys(['example_complex']) retrieved from /home/airflow/.local/lib/python3.8/site-packages/airflow/example_dags/example_complex.py
[2023-12-15T12:08:30.170+0000] {logging_mixin.py:154} INFO - [2023-12-15T12:08:30.170+0000] {dag.py:2941} INFO - Sync 1 DAGs
[2023-12-15T12:08:30.184+0000] {logging_mixin.py:154} INFO - [2023-12-15T12:08:30.184+0000] {dag.py:3722} INFO - Setting next_dagrun for example_complex to None, run_after=None
[2023-12-15T12:08:30.230+0000] {processor.py:179} INFO - Processing /home/airflow/.local/lib/python3.8/site-packages/airflow/example_dags/example_complex.py took 0.125 seconds
[2023-12-15T12:09:01.486+0000] {processor.py:157} INFO - Started process (PID=3302) to work on /home/airflow/.local/lib/python3.8/site-packages/airflow/example_dags/example_complex.py
[2023-12-15T12:09:01.493+0000] {processor.py:829} INFO - Processing file /home/airflow/.local/lib/python3.8/site-packages/airflow/example_dags/example_complex.py for tasks to queue
[2023-12-15T12:09:01.495+0000] {logging_mixin.py:154} INFO - [2023-12-15T12:09:01.495+0000] {dagbag.py:536} INFO - Filling up the DagBag from /home/airflow/.local/lib/python3.8/site-packages/airflow/example_dags/example_complex.py
[2023-12-15T12:09:01.508+0000] {processor.py:839} INFO - DAG(s) dict_keys(['example_complex']) retrieved from /home/airflow/.local/lib/python3.8/site-packages/airflow/example_dags/example_complex.py
[2023-12-15T12:09:01.540+0000] {logging_mixin.py:154} INFO - [2023-12-15T12:09:01.540+0000] {dag.py:2941} INFO - Sync 1 DAGs
[2023-12-15T12:09:01.554+0000] {logging_mixin.py:154} INFO - [2023-12-15T12:09:01.554+0000] {dag.py:3722} INFO - Setting next_dagrun for example_complex to None, run_after=None
[2023-12-15T12:09:01.566+0000] {processor.py:179} INFO - Processing /home/airflow/.local/lib/python3.8/site-packages/airflow/example_dags/example_complex.py took 0.090 seconds
[2023-12-15T12:09:33.043+0000] {processor.py:157} INFO - Started process (PID=3356) to work on /home/airflow/.local/lib/python3.8/site-packages/airflow/example_dags/example_complex.py
[2023-12-15T12:09:33.045+0000] {processor.py:829} INFO - Processing file /home/airflow/.local/lib/python3.8/site-packages/airflow/example_dags/example_complex.py for tasks to queue
[2023-12-15T12:09:33.054+0000] {logging_mixin.py:154} INFO - [2023-12-15T12:09:33.052+0000] {dagbag.py:536} INFO - Filling up the DagBag from /home/airflow/.local/lib/python3.8/site-packages/airflow/example_dags/example_complex.py
[2023-12-15T12:09:33.070+0000] {processor.py:839} INFO - DAG(s) dict_keys(['example_complex']) retrieved from /home/airflow/.local/lib/python3.8/site-packages/airflow/example_dags/example_complex.py
[2023-12-15T12:09:33.130+0000] {logging_mixin.py:154} INFO - [2023-12-15T12:09:33.128+0000] {dag.py:2941} INFO - Sync 1 DAGs
[2023-12-15T12:09:33.147+0000] {logging_mixin.py:154} INFO - [2023-12-15T12:09:33.147+0000] {dag.py:3722} INFO - Setting next_dagrun for example_complex to None, run_after=None
[2023-12-15T12:09:33.174+0000] {processor.py:179} INFO - Processing /home/airflow/.local/lib/python3.8/site-packages/airflow/example_dags/example_complex.py took 0.137 seconds
[2023-12-15T12:10:03.346+0000] {processor.py:157} INFO - Started process (PID=3409) to work on /home/airflow/.local/lib/python3.8/site-packages/airflow/example_dags/example_complex.py
[2023-12-15T12:10:03.349+0000] {processor.py:829} INFO - Processing file /home/airflow/.local/lib/python3.8/site-packages/airflow/example_dags/example_complex.py for tasks to queue
[2023-12-15T12:10:03.351+0000] {logging_mixin.py:154} INFO - [2023-12-15T12:10:03.351+0000] {dagbag.py:536} INFO - Filling up the DagBag from /home/airflow/.local/lib/python3.8/site-packages/airflow/example_dags/example_complex.py
[2023-12-15T12:10:03.362+0000] {processor.py:839} INFO - DAG(s) dict_keys(['example_complex']) retrieved from /home/airflow/.local/lib/python3.8/site-packages/airflow/example_dags/example_complex.py
[2023-12-15T12:10:03.412+0000] {logging_mixin.py:154} INFO - [2023-12-15T12:10:03.411+0000] {dag.py:2941} INFO - Sync 1 DAGs
[2023-12-15T12:10:03.447+0000] {logging_mixin.py:154} INFO - [2023-12-15T12:10:03.446+0000] {dag.py:3722} INFO - Setting next_dagrun for example_complex to None, run_after=None
[2023-12-15T12:10:03.472+0000] {processor.py:179} INFO - Processing /home/airflow/.local/lib/python3.8/site-packages/airflow/example_dags/example_complex.py took 0.131 seconds
