[2023-12-15T11:36:53.241+0000] {processor.py:157} INFO - Started process (PID=38) to work on /home/airflow/.local/lib/python3.8/site-packages/airflow/example_dags/example_nested_branch_dag.py
[2023-12-15T11:36:53.244+0000] {processor.py:829} INFO - Processing file /home/airflow/.local/lib/python3.8/site-packages/airflow/example_dags/example_nested_branch_dag.py for tasks to queue
[2023-12-15T11:36:53.247+0000] {logging_mixin.py:154} INFO - [2023-12-15T11:36:53.247+0000] {dagbag.py:536} INFO - Filling up the DagBag from /home/airflow/.local/lib/python3.8/site-packages/airflow/example_dags/example_nested_branch_dag.py
[2023-12-15T11:36:53.262+0000] {processor.py:839} INFO - DAG(s) dict_keys(['example_nested_branch_dag']) retrieved from /home/airflow/.local/lib/python3.8/site-packages/airflow/example_dags/example_nested_branch_dag.py
[2023-12-15T11:36:53.290+0000] {logging_mixin.py:154} INFO - [2023-12-15T11:36:53.290+0000] {dag.py:2941} INFO - Sync 1 DAGs
[2023-12-15T11:36:53.312+0000] {logging_mixin.py:154} INFO - [2023-12-15T11:36:53.312+0000] {dag.py:3722} INFO - Setting next_dagrun for example_nested_branch_dag to 2023-12-14T00:00:00+00:00, run_after=2023-12-15T00:00:00+00:00
[2023-12-15T11:36:53.377+0000] {processor.py:179} INFO - Processing /home/airflow/.local/lib/python3.8/site-packages/airflow/example_dags/example_nested_branch_dag.py took 0.139 seconds
[2023-12-15T11:37:25.000+0000] {processor.py:157} INFO - Started process (PID=92) to work on /home/airflow/.local/lib/python3.8/site-packages/airflow/example_dags/example_nested_branch_dag.py
[2023-12-15T11:37:25.004+0000] {processor.py:829} INFO - Processing file /home/airflow/.local/lib/python3.8/site-packages/airflow/example_dags/example_nested_branch_dag.py for tasks to queue
[2023-12-15T11:37:25.008+0000] {logging_mixin.py:154} INFO - [2023-12-15T11:37:25.007+0000] {dagbag.py:536} INFO - Filling up the DagBag from /home/airflow/.local/lib/python3.8/site-packages/airflow/example_dags/example_nested_branch_dag.py
[2023-12-15T11:37:25.032+0000] {processor.py:839} INFO - DAG(s) dict_keys(['example_nested_branch_dag']) retrieved from /home/airflow/.local/lib/python3.8/site-packages/airflow/example_dags/example_nested_branch_dag.py
[2023-12-15T11:37:25.075+0000] {logging_mixin.py:154} INFO - [2023-12-15T11:37:25.075+0000] {dag.py:2941} INFO - Sync 1 DAGs
[2023-12-15T11:37:25.133+0000] {logging_mixin.py:154} INFO - [2023-12-15T11:37:25.132+0000] {dag.py:3722} INFO - Setting next_dagrun for example_nested_branch_dag to 2023-12-14T00:00:00+00:00, run_after=2023-12-15T00:00:00+00:00
[2023-12-15T11:37:25.192+0000] {processor.py:179} INFO - Processing /home/airflow/.local/lib/python3.8/site-packages/airflow/example_dags/example_nested_branch_dag.py took 0.201 seconds
[2023-12-15T11:37:55.337+0000] {processor.py:157} INFO - Started process (PID=146) to work on /home/airflow/.local/lib/python3.8/site-packages/airflow/example_dags/example_nested_branch_dag.py
[2023-12-15T11:37:55.338+0000] {processor.py:829} INFO - Processing file /home/airflow/.local/lib/python3.8/site-packages/airflow/example_dags/example_nested_branch_dag.py for tasks to queue
[2023-12-15T11:37:55.340+0000] {logging_mixin.py:154} INFO - [2023-12-15T11:37:55.339+0000] {dagbag.py:536} INFO - Filling up the DagBag from /home/airflow/.local/lib/python3.8/site-packages/airflow/example_dags/example_nested_branch_dag.py
[2023-12-15T11:37:55.348+0000] {processor.py:839} INFO - DAG(s) dict_keys(['example_nested_branch_dag']) retrieved from /home/airflow/.local/lib/python3.8/site-packages/airflow/example_dags/example_nested_branch_dag.py
[2023-12-15T11:37:55.362+0000] {logging_mixin.py:154} INFO - [2023-12-15T11:37:55.362+0000] {dag.py:2941} INFO - Sync 1 DAGs
[2023-12-15T11:37:55.378+0000] {logging_mixin.py:154} INFO - [2023-12-15T11:37:55.378+0000] {dag.py:3722} INFO - Setting next_dagrun for example_nested_branch_dag to 2023-12-14T00:00:00+00:00, run_after=2023-12-15T00:00:00+00:00
[2023-12-15T11:37:55.389+0000] {processor.py:179} INFO - Processing /home/airflow/.local/lib/python3.8/site-packages/airflow/example_dags/example_nested_branch_dag.py took 0.055 seconds
[2023-12-15T11:38:26.839+0000] {processor.py:157} INFO - Started process (PID=200) to work on /home/airflow/.local/lib/python3.8/site-packages/airflow/example_dags/example_nested_branch_dag.py
[2023-12-15T11:38:26.847+0000] {processor.py:829} INFO - Processing file /home/airflow/.local/lib/python3.8/site-packages/airflow/example_dags/example_nested_branch_dag.py for tasks to queue
[2023-12-15T11:38:26.874+0000] {logging_mixin.py:154} INFO - [2023-12-15T11:38:26.873+0000] {dagbag.py:536} INFO - Filling up the DagBag from /home/airflow/.local/lib/python3.8/site-packages/airflow/example_dags/example_nested_branch_dag.py
[2023-12-15T11:38:26.921+0000] {processor.py:839} INFO - DAG(s) dict_keys(['example_nested_branch_dag']) retrieved from /home/airflow/.local/lib/python3.8/site-packages/airflow/example_dags/example_nested_branch_dag.py
[2023-12-15T11:38:26.992+0000] {logging_mixin.py:154} INFO - [2023-12-15T11:38:26.991+0000] {dag.py:2941} INFO - Sync 1 DAGs
[2023-12-15T11:38:27.055+0000] {logging_mixin.py:154} INFO - [2023-12-15T11:38:27.054+0000] {dag.py:3722} INFO - Setting next_dagrun for example_nested_branch_dag to 2023-12-14T00:00:00+00:00, run_after=2023-12-15T00:00:00+00:00
[2023-12-15T11:38:27.094+0000] {processor.py:179} INFO - Processing /home/airflow/.local/lib/python3.8/site-packages/airflow/example_dags/example_nested_branch_dag.py took 0.263 seconds
[2023-12-15T11:38:58.816+0000] {processor.py:157} INFO - Started process (PID=254) to work on /home/airflow/.local/lib/python3.8/site-packages/airflow/example_dags/example_nested_branch_dag.py
[2023-12-15T11:38:58.818+0000] {processor.py:829} INFO - Processing file /home/airflow/.local/lib/python3.8/site-packages/airflow/example_dags/example_nested_branch_dag.py for tasks to queue
[2023-12-15T11:38:58.824+0000] {logging_mixin.py:154} INFO - [2023-12-15T11:38:58.824+0000] {dagbag.py:536} INFO - Filling up the DagBag from /home/airflow/.local/lib/python3.8/site-packages/airflow/example_dags/example_nested_branch_dag.py
[2023-12-15T11:38:58.877+0000] {processor.py:839} INFO - DAG(s) dict_keys(['example_nested_branch_dag']) retrieved from /home/airflow/.local/lib/python3.8/site-packages/airflow/example_dags/example_nested_branch_dag.py
[2023-12-15T11:38:59.029+0000] {logging_mixin.py:154} INFO - [2023-12-15T11:38:59.029+0000] {dag.py:2941} INFO - Sync 1 DAGs
[2023-12-15T11:38:59.162+0000] {logging_mixin.py:154} INFO - [2023-12-15T11:38:59.162+0000] {dag.py:3722} INFO - Setting next_dagrun for example_nested_branch_dag to 2023-12-14T00:00:00+00:00, run_after=2023-12-15T00:00:00+00:00
[2023-12-15T11:38:59.209+0000] {processor.py:179} INFO - Processing /home/airflow/.local/lib/python3.8/site-packages/airflow/example_dags/example_nested_branch_dag.py took 0.403 seconds
[2023-12-15T11:39:29.322+0000] {processor.py:157} INFO - Started process (PID=305) to work on /home/airflow/.local/lib/python3.8/site-packages/airflow/example_dags/example_nested_branch_dag.py
[2023-12-15T11:39:29.325+0000] {processor.py:829} INFO - Processing file /home/airflow/.local/lib/python3.8/site-packages/airflow/example_dags/example_nested_branch_dag.py for tasks to queue
[2023-12-15T11:39:29.331+0000] {logging_mixin.py:154} INFO - [2023-12-15T11:39:29.330+0000] {dagbag.py:536} INFO - Filling up the DagBag from /home/airflow/.local/lib/python3.8/site-packages/airflow/example_dags/example_nested_branch_dag.py
[2023-12-15T11:39:29.370+0000] {processor.py:839} INFO - DAG(s) dict_keys(['example_nested_branch_dag']) retrieved from /home/airflow/.local/lib/python3.8/site-packages/airflow/example_dags/example_nested_branch_dag.py
[2023-12-15T11:39:29.431+0000] {logging_mixin.py:154} INFO - [2023-12-15T11:39:29.429+0000] {dag.py:2941} INFO - Sync 1 DAGs
[2023-12-15T11:39:29.498+0000] {logging_mixin.py:154} INFO - [2023-12-15T11:39:29.497+0000] {dag.py:3722} INFO - Setting next_dagrun for example_nested_branch_dag to 2023-12-14T00:00:00+00:00, run_after=2023-12-15T00:00:00+00:00
[2023-12-15T11:39:29.553+0000] {processor.py:179} INFO - Processing /home/airflow/.local/lib/python3.8/site-packages/airflow/example_dags/example_nested_branch_dag.py took 0.237 seconds
[2023-12-15T11:40:00.754+0000] {processor.py:157} INFO - Started process (PID=359) to work on /home/airflow/.local/lib/python3.8/site-packages/airflow/example_dags/example_nested_branch_dag.py
[2023-12-15T11:40:00.756+0000] {processor.py:829} INFO - Processing file /home/airflow/.local/lib/python3.8/site-packages/airflow/example_dags/example_nested_branch_dag.py for tasks to queue
[2023-12-15T11:40:00.762+0000] {logging_mixin.py:154} INFO - [2023-12-15T11:40:00.761+0000] {dagbag.py:536} INFO - Filling up the DagBag from /home/airflow/.local/lib/python3.8/site-packages/airflow/example_dags/example_nested_branch_dag.py
[2023-12-15T11:40:00.825+0000] {processor.py:839} INFO - DAG(s) dict_keys(['example_nested_branch_dag']) retrieved from /home/airflow/.local/lib/python3.8/site-packages/airflow/example_dags/example_nested_branch_dag.py
[2023-12-15T11:40:00.908+0000] {logging_mixin.py:154} INFO - [2023-12-15T11:40:00.908+0000] {dag.py:2941} INFO - Sync 1 DAGs
[2023-12-15T11:40:00.973+0000] {logging_mixin.py:154} INFO - [2023-12-15T11:40:00.973+0000] {dag.py:3722} INFO - Setting next_dagrun for example_nested_branch_dag to 2023-12-14T00:00:00+00:00, run_after=2023-12-15T00:00:00+00:00
[2023-12-15T11:40:01.003+0000] {processor.py:179} INFO - Processing /home/airflow/.local/lib/python3.8/site-packages/airflow/example_dags/example_nested_branch_dag.py took 0.254 seconds
[2023-12-15T11:40:31.827+0000] {processor.py:157} INFO - Started process (PID=413) to work on /home/airflow/.local/lib/python3.8/site-packages/airflow/example_dags/example_nested_branch_dag.py
[2023-12-15T11:40:31.834+0000] {processor.py:829} INFO - Processing file /home/airflow/.local/lib/python3.8/site-packages/airflow/example_dags/example_nested_branch_dag.py for tasks to queue
[2023-12-15T11:40:31.840+0000] {logging_mixin.py:154} INFO - [2023-12-15T11:40:31.840+0000] {dagbag.py:536} INFO - Filling up the DagBag from /home/airflow/.local/lib/python3.8/site-packages/airflow/example_dags/example_nested_branch_dag.py
[2023-12-15T11:40:31.883+0000] {processor.py:839} INFO - DAG(s) dict_keys(['example_nested_branch_dag']) retrieved from /home/airflow/.local/lib/python3.8/site-packages/airflow/example_dags/example_nested_branch_dag.py
[2023-12-15T11:40:31.946+0000] {logging_mixin.py:154} INFO - [2023-12-15T11:40:31.945+0000] {dag.py:2941} INFO - Sync 1 DAGs
[2023-12-15T11:40:32.007+0000] {logging_mixin.py:154} INFO - [2023-12-15T11:40:32.006+0000] {dag.py:3722} INFO - Setting next_dagrun for example_nested_branch_dag to 2023-12-14T00:00:00+00:00, run_after=2023-12-15T00:00:00+00:00
[2023-12-15T11:40:32.056+0000] {processor.py:179} INFO - Processing /home/airflow/.local/lib/python3.8/site-packages/airflow/example_dags/example_nested_branch_dag.py took 0.239 seconds
[2023-12-15T11:41:02.523+0000] {processor.py:157} INFO - Started process (PID=467) to work on /home/airflow/.local/lib/python3.8/site-packages/airflow/example_dags/example_nested_branch_dag.py
[2023-12-15T11:41:02.526+0000] {processor.py:829} INFO - Processing file /home/airflow/.local/lib/python3.8/site-packages/airflow/example_dags/example_nested_branch_dag.py for tasks to queue
[2023-12-15T11:41:02.531+0000] {logging_mixin.py:154} INFO - [2023-12-15T11:41:02.530+0000] {dagbag.py:536} INFO - Filling up the DagBag from /home/airflow/.local/lib/python3.8/site-packages/airflow/example_dags/example_nested_branch_dag.py
[2023-12-15T11:41:02.544+0000] {processor.py:839} INFO - DAG(s) dict_keys(['example_nested_branch_dag']) retrieved from /home/airflow/.local/lib/python3.8/site-packages/airflow/example_dags/example_nested_branch_dag.py
[2023-12-15T11:41:02.587+0000] {logging_mixin.py:154} INFO - [2023-12-15T11:41:02.586+0000] {dag.py:2941} INFO - Sync 1 DAGs
[2023-12-15T11:41:02.625+0000] {logging_mixin.py:154} INFO - [2023-12-15T11:41:02.624+0000] {dag.py:3722} INFO - Setting next_dagrun for example_nested_branch_dag to 2023-12-14T00:00:00+00:00, run_after=2023-12-15T00:00:00+00:00
[2023-12-15T11:41:02.659+0000] {processor.py:179} INFO - Processing /home/airflow/.local/lib/python3.8/site-packages/airflow/example_dags/example_nested_branch_dag.py took 0.148 seconds
[2023-12-15T11:41:46.252+0000] {processor.py:157} INFO - Started process (PID=528) to work on /home/airflow/.local/lib/python3.8/site-packages/airflow/example_dags/example_nested_branch_dag.py
[2023-12-15T11:41:46.266+0000] {processor.py:829} INFO - Processing file /home/airflow/.local/lib/python3.8/site-packages/airflow/example_dags/example_nested_branch_dag.py for tasks to queue
[2023-12-15T11:41:46.350+0000] {logging_mixin.py:154} INFO - [2023-12-15T11:41:46.348+0000] {dagbag.py:536} INFO - Filling up the DagBag from /home/airflow/.local/lib/python3.8/site-packages/airflow/example_dags/example_nested_branch_dag.py
[2023-12-15T11:41:46.464+0000] {processor.py:839} INFO - DAG(s) dict_keys(['example_nested_branch_dag']) retrieved from /home/airflow/.local/lib/python3.8/site-packages/airflow/example_dags/example_nested_branch_dag.py
[2023-12-15T11:41:46.666+0000] {logging_mixin.py:154} INFO - [2023-12-15T11:41:46.666+0000] {dag.py:2941} INFO - Sync 1 DAGs
[2023-12-15T11:41:46.794+0000] {logging_mixin.py:154} INFO - [2023-12-15T11:41:46.794+0000] {dag.py:3722} INFO - Setting next_dagrun for example_nested_branch_dag to 2023-12-14T00:00:00+00:00, run_after=2023-12-15T00:00:00+00:00
[2023-12-15T11:41:46.838+0000] {processor.py:179} INFO - Processing /home/airflow/.local/lib/python3.8/site-packages/airflow/example_dags/example_nested_branch_dag.py took 0.677 seconds
[2023-12-15T11:42:19.098+0000] {processor.py:157} INFO - Started process (PID=583) to work on /home/airflow/.local/lib/python3.8/site-packages/airflow/example_dags/example_nested_branch_dag.py
[2023-12-15T11:42:19.101+0000] {processor.py:829} INFO - Processing file /home/airflow/.local/lib/python3.8/site-packages/airflow/example_dags/example_nested_branch_dag.py for tasks to queue
[2023-12-15T11:42:19.109+0000] {logging_mixin.py:154} INFO - [2023-12-15T11:42:19.109+0000] {dagbag.py:536} INFO - Filling up the DagBag from /home/airflow/.local/lib/python3.8/site-packages/airflow/example_dags/example_nested_branch_dag.py
[2023-12-15T11:42:19.138+0000] {processor.py:839} INFO - DAG(s) dict_keys(['example_nested_branch_dag']) retrieved from /home/airflow/.local/lib/python3.8/site-packages/airflow/example_dags/example_nested_branch_dag.py
[2023-12-15T11:42:19.211+0000] {logging_mixin.py:154} INFO - [2023-12-15T11:42:19.211+0000] {dag.py:2941} INFO - Sync 1 DAGs
[2023-12-15T11:42:19.284+0000] {logging_mixin.py:154} INFO - [2023-12-15T11:42:19.283+0000] {dag.py:3722} INFO - Setting next_dagrun for example_nested_branch_dag to 2023-12-14T00:00:00+00:00, run_after=2023-12-15T00:00:00+00:00
[2023-12-15T11:42:19.360+0000] {processor.py:179} INFO - Processing /home/airflow/.local/lib/python3.8/site-packages/airflow/example_dags/example_nested_branch_dag.py took 0.278 seconds
[2023-12-15T11:42:50.256+0000] {processor.py:157} INFO - Started process (PID=636) to work on /home/airflow/.local/lib/python3.8/site-packages/airflow/example_dags/example_nested_branch_dag.py
[2023-12-15T11:42:50.258+0000] {processor.py:829} INFO - Processing file /home/airflow/.local/lib/python3.8/site-packages/airflow/example_dags/example_nested_branch_dag.py for tasks to queue
[2023-12-15T11:42:50.262+0000] {logging_mixin.py:154} INFO - [2023-12-15T11:42:50.261+0000] {dagbag.py:536} INFO - Filling up the DagBag from /home/airflow/.local/lib/python3.8/site-packages/airflow/example_dags/example_nested_branch_dag.py
[2023-12-15T11:42:50.299+0000] {processor.py:839} INFO - DAG(s) dict_keys(['example_nested_branch_dag']) retrieved from /home/airflow/.local/lib/python3.8/site-packages/airflow/example_dags/example_nested_branch_dag.py
[2023-12-15T11:42:50.563+0000] {logging_mixin.py:154} INFO - [2023-12-15T11:42:50.562+0000] {dag.py:2941} INFO - Sync 1 DAGs
[2023-12-15T11:42:50.712+0000] {logging_mixin.py:154} INFO - [2023-12-15T11:42:50.711+0000] {dag.py:3722} INFO - Setting next_dagrun for example_nested_branch_dag to 2023-12-14T00:00:00+00:00, run_after=2023-12-15T00:00:00+00:00
[2023-12-15T11:42:50.892+0000] {processor.py:179} INFO - Processing /home/airflow/.local/lib/python3.8/site-packages/airflow/example_dags/example_nested_branch_dag.py took 0.637 seconds
[2023-12-15T11:43:21.262+0000] {processor.py:157} INFO - Started process (PID=689) to work on /home/airflow/.local/lib/python3.8/site-packages/airflow/example_dags/example_nested_branch_dag.py
[2023-12-15T11:43:21.265+0000] {processor.py:829} INFO - Processing file /home/airflow/.local/lib/python3.8/site-packages/airflow/example_dags/example_nested_branch_dag.py for tasks to queue
[2023-12-15T11:43:21.268+0000] {logging_mixin.py:154} INFO - [2023-12-15T11:43:21.267+0000] {dagbag.py:536} INFO - Filling up the DagBag from /home/airflow/.local/lib/python3.8/site-packages/airflow/example_dags/example_nested_branch_dag.py
[2023-12-15T11:43:21.296+0000] {processor.py:839} INFO - DAG(s) dict_keys(['example_nested_branch_dag']) retrieved from /home/airflow/.local/lib/python3.8/site-packages/airflow/example_dags/example_nested_branch_dag.py
[2023-12-15T11:43:21.339+0000] {logging_mixin.py:154} INFO - [2023-12-15T11:43:21.339+0000] {dag.py:2941} INFO - Sync 1 DAGs
[2023-12-15T11:43:21.369+0000] {logging_mixin.py:154} INFO - [2023-12-15T11:43:21.369+0000] {dag.py:3722} INFO - Setting next_dagrun for example_nested_branch_dag to 2023-12-14T00:00:00+00:00, run_after=2023-12-15T00:00:00+00:00
[2023-12-15T11:43:21.388+0000] {processor.py:179} INFO - Processing /home/airflow/.local/lib/python3.8/site-packages/airflow/example_dags/example_nested_branch_dag.py took 0.134 seconds
[2023-12-15T11:43:52.245+0000] {processor.py:157} INFO - Started process (PID=743) to work on /home/airflow/.local/lib/python3.8/site-packages/airflow/example_dags/example_nested_branch_dag.py
[2023-12-15T11:43:52.248+0000] {processor.py:829} INFO - Processing file /home/airflow/.local/lib/python3.8/site-packages/airflow/example_dags/example_nested_branch_dag.py for tasks to queue
[2023-12-15T11:43:52.252+0000] {logging_mixin.py:154} INFO - [2023-12-15T11:43:52.251+0000] {dagbag.py:536} INFO - Filling up the DagBag from /home/airflow/.local/lib/python3.8/site-packages/airflow/example_dags/example_nested_branch_dag.py
[2023-12-15T11:43:52.313+0000] {processor.py:839} INFO - DAG(s) dict_keys(['example_nested_branch_dag']) retrieved from /home/airflow/.local/lib/python3.8/site-packages/airflow/example_dags/example_nested_branch_dag.py
[2023-12-15T11:43:52.363+0000] {logging_mixin.py:154} INFO - [2023-12-15T11:43:52.363+0000] {dag.py:2941} INFO - Sync 1 DAGs
[2023-12-15T11:43:52.404+0000] {logging_mixin.py:154} INFO - [2023-12-15T11:43:52.403+0000] {dag.py:3722} INFO - Setting next_dagrun for example_nested_branch_dag to 2023-12-14T00:00:00+00:00, run_after=2023-12-15T00:00:00+00:00
[2023-12-15T11:43:52.441+0000] {processor.py:179} INFO - Processing /home/airflow/.local/lib/python3.8/site-packages/airflow/example_dags/example_nested_branch_dag.py took 0.201 seconds
[2023-12-15T11:44:22.834+0000] {processor.py:157} INFO - Started process (PID=797) to work on /home/airflow/.local/lib/python3.8/site-packages/airflow/example_dags/example_nested_branch_dag.py
[2023-12-15T11:44:22.836+0000] {processor.py:829} INFO - Processing file /home/airflow/.local/lib/python3.8/site-packages/airflow/example_dags/example_nested_branch_dag.py for tasks to queue
[2023-12-15T11:44:22.839+0000] {logging_mixin.py:154} INFO - [2023-12-15T11:44:22.839+0000] {dagbag.py:536} INFO - Filling up the DagBag from /home/airflow/.local/lib/python3.8/site-packages/airflow/example_dags/example_nested_branch_dag.py
[2023-12-15T11:44:22.857+0000] {processor.py:839} INFO - DAG(s) dict_keys(['example_nested_branch_dag']) retrieved from /home/airflow/.local/lib/python3.8/site-packages/airflow/example_dags/example_nested_branch_dag.py
[2023-12-15T11:44:22.891+0000] {logging_mixin.py:154} INFO - [2023-12-15T11:44:22.890+0000] {dag.py:2941} INFO - Sync 1 DAGs
[2023-12-15T11:44:22.918+0000] {logging_mixin.py:154} INFO - [2023-12-15T11:44:22.918+0000] {dag.py:3722} INFO - Setting next_dagrun for example_nested_branch_dag to 2023-12-14T00:00:00+00:00, run_after=2023-12-15T00:00:00+00:00
[2023-12-15T11:44:22.934+0000] {processor.py:179} INFO - Processing /home/airflow/.local/lib/python3.8/site-packages/airflow/example_dags/example_nested_branch_dag.py took 0.105 seconds
[2023-12-15T11:44:53.975+0000] {processor.py:157} INFO - Started process (PID=851) to work on /home/airflow/.local/lib/python3.8/site-packages/airflow/example_dags/example_nested_branch_dag.py
[2023-12-15T11:44:53.981+0000] {processor.py:829} INFO - Processing file /home/airflow/.local/lib/python3.8/site-packages/airflow/example_dags/example_nested_branch_dag.py for tasks to queue
[2023-12-15T11:44:53.991+0000] {logging_mixin.py:154} INFO - [2023-12-15T11:44:53.990+0000] {dagbag.py:536} INFO - Filling up the DagBag from /home/airflow/.local/lib/python3.8/site-packages/airflow/example_dags/example_nested_branch_dag.py
[2023-12-15T11:44:54.071+0000] {processor.py:839} INFO - DAG(s) dict_keys(['example_nested_branch_dag']) retrieved from /home/airflow/.local/lib/python3.8/site-packages/airflow/example_dags/example_nested_branch_dag.py
[2023-12-15T11:44:54.141+0000] {logging_mixin.py:154} INFO - [2023-12-15T11:44:54.141+0000] {dag.py:2941} INFO - Sync 1 DAGs
[2023-12-15T11:44:54.168+0000] {logging_mixin.py:154} INFO - [2023-12-15T11:44:54.168+0000] {dag.py:3722} INFO - Setting next_dagrun for example_nested_branch_dag to 2023-12-14T00:00:00+00:00, run_after=2023-12-15T00:00:00+00:00
[2023-12-15T11:44:54.203+0000] {processor.py:179} INFO - Processing /home/airflow/.local/lib/python3.8/site-packages/airflow/example_dags/example_nested_branch_dag.py took 0.235 seconds
[2023-12-15T11:45:24.814+0000] {processor.py:157} INFO - Started process (PID=905) to work on /home/airflow/.local/lib/python3.8/site-packages/airflow/example_dags/example_nested_branch_dag.py
[2023-12-15T11:45:24.817+0000] {processor.py:829} INFO - Processing file /home/airflow/.local/lib/python3.8/site-packages/airflow/example_dags/example_nested_branch_dag.py for tasks to queue
[2023-12-15T11:45:24.820+0000] {logging_mixin.py:154} INFO - [2023-12-15T11:45:24.820+0000] {dagbag.py:536} INFO - Filling up the DagBag from /home/airflow/.local/lib/python3.8/site-packages/airflow/example_dags/example_nested_branch_dag.py
[2023-12-15T11:45:24.831+0000] {processor.py:839} INFO - DAG(s) dict_keys(['example_nested_branch_dag']) retrieved from /home/airflow/.local/lib/python3.8/site-packages/airflow/example_dags/example_nested_branch_dag.py
[2023-12-15T11:45:24.866+0000] {logging_mixin.py:154} INFO - [2023-12-15T11:45:24.866+0000] {dag.py:2941} INFO - Sync 1 DAGs
[2023-12-15T11:45:24.892+0000] {logging_mixin.py:154} INFO - [2023-12-15T11:45:24.892+0000] {dag.py:3722} INFO - Setting next_dagrun for example_nested_branch_dag to 2023-12-14T00:00:00+00:00, run_after=2023-12-15T00:00:00+00:00
[2023-12-15T11:45:24.910+0000] {processor.py:179} INFO - Processing /home/airflow/.local/lib/python3.8/site-packages/airflow/example_dags/example_nested_branch_dag.py took 0.102 seconds
[2023-12-15T11:45:57.059+0000] {processor.py:157} INFO - Started process (PID=957) to work on /home/airflow/.local/lib/python3.8/site-packages/airflow/example_dags/example_nested_branch_dag.py
[2023-12-15T11:45:57.061+0000] {processor.py:829} INFO - Processing file /home/airflow/.local/lib/python3.8/site-packages/airflow/example_dags/example_nested_branch_dag.py for tasks to queue
[2023-12-15T11:45:57.067+0000] {logging_mixin.py:154} INFO - [2023-12-15T11:45:57.067+0000] {dagbag.py:536} INFO - Filling up the DagBag from /home/airflow/.local/lib/python3.8/site-packages/airflow/example_dags/example_nested_branch_dag.py
[2023-12-15T11:45:57.101+0000] {processor.py:839} INFO - DAG(s) dict_keys(['example_nested_branch_dag']) retrieved from /home/airflow/.local/lib/python3.8/site-packages/airflow/example_dags/example_nested_branch_dag.py
[2023-12-15T11:45:57.156+0000] {logging_mixin.py:154} INFO - [2023-12-15T11:45:57.156+0000] {dag.py:2941} INFO - Sync 1 DAGs
[2023-12-15T11:45:57.228+0000] {logging_mixin.py:154} INFO - [2023-12-15T11:45:57.227+0000] {dag.py:3722} INFO - Setting next_dagrun for example_nested_branch_dag to 2023-12-14T00:00:00+00:00, run_after=2023-12-15T00:00:00+00:00
[2023-12-15T11:45:58.059+0000] {processor.py:179} INFO - Processing /home/airflow/.local/lib/python3.8/site-packages/airflow/example_dags/example_nested_branch_dag.py took 1.005 seconds
[2023-12-15T11:46:28.779+0000] {processor.py:157} INFO - Started process (PID=1010) to work on /home/airflow/.local/lib/python3.8/site-packages/airflow/example_dags/example_nested_branch_dag.py
[2023-12-15T11:46:28.780+0000] {processor.py:829} INFO - Processing file /home/airflow/.local/lib/python3.8/site-packages/airflow/example_dags/example_nested_branch_dag.py for tasks to queue
[2023-12-15T11:46:28.784+0000] {logging_mixin.py:154} INFO - [2023-12-15T11:46:28.783+0000] {dagbag.py:536} INFO - Filling up the DagBag from /home/airflow/.local/lib/python3.8/site-packages/airflow/example_dags/example_nested_branch_dag.py
[2023-12-15T11:46:28.808+0000] {processor.py:839} INFO - DAG(s) dict_keys(['example_nested_branch_dag']) retrieved from /home/airflow/.local/lib/python3.8/site-packages/airflow/example_dags/example_nested_branch_dag.py
[2023-12-15T11:46:28.867+0000] {logging_mixin.py:154} INFO - [2023-12-15T11:46:28.867+0000] {dag.py:2941} INFO - Sync 1 DAGs
[2023-12-15T11:46:28.896+0000] {logging_mixin.py:154} INFO - [2023-12-15T11:46:28.896+0000] {dag.py:3722} INFO - Setting next_dagrun for example_nested_branch_dag to 2023-12-14T00:00:00+00:00, run_after=2023-12-15T00:00:00+00:00
[2023-12-15T11:46:28.926+0000] {processor.py:179} INFO - Processing /home/airflow/.local/lib/python3.8/site-packages/airflow/example_dags/example_nested_branch_dag.py took 0.152 seconds
[2023-12-15T11:47:01.868+0000] {processor.py:157} INFO - Started process (PID=1055) to work on /home/airflow/.local/lib/python3.8/site-packages/airflow/example_dags/example_nested_branch_dag.py
[2023-12-15T11:47:01.876+0000] {processor.py:829} INFO - Processing file /home/airflow/.local/lib/python3.8/site-packages/airflow/example_dags/example_nested_branch_dag.py for tasks to queue
[2023-12-15T11:47:01.887+0000] {logging_mixin.py:154} INFO - [2023-12-15T11:47:01.886+0000] {dagbag.py:536} INFO - Filling up the DagBag from /home/airflow/.local/lib/python3.8/site-packages/airflow/example_dags/example_nested_branch_dag.py
[2023-12-15T11:47:01.921+0000] {processor.py:839} INFO - DAG(s) dict_keys(['example_nested_branch_dag']) retrieved from /home/airflow/.local/lib/python3.8/site-packages/airflow/example_dags/example_nested_branch_dag.py
[2023-12-15T11:47:02.068+0000] {logging_mixin.py:154} INFO - [2023-12-15T11:47:02.067+0000] {dag.py:2941} INFO - Sync 1 DAGs
[2023-12-15T11:47:02.719+0000] {logging_mixin.py:154} INFO - [2023-12-15T11:47:02.717+0000] {dag.py:3722} INFO - Setting next_dagrun for example_nested_branch_dag to 2023-12-14T00:00:00+00:00, run_after=2023-12-15T00:00:00+00:00
[2023-12-15T11:47:02.851+0000] {processor.py:179} INFO - Processing /home/airflow/.local/lib/python3.8/site-packages/airflow/example_dags/example_nested_branch_dag.py took 0.988 seconds
[2023-12-15T11:47:33.674+0000] {processor.py:157} INFO - Started process (PID=1109) to work on /home/airflow/.local/lib/python3.8/site-packages/airflow/example_dags/example_nested_branch_dag.py
[2023-12-15T11:47:33.718+0000] {processor.py:829} INFO - Processing file /home/airflow/.local/lib/python3.8/site-packages/airflow/example_dags/example_nested_branch_dag.py for tasks to queue
[2023-12-15T11:47:33.796+0000] {logging_mixin.py:154} INFO - [2023-12-15T11:47:33.793+0000] {dagbag.py:536} INFO - Filling up the DagBag from /home/airflow/.local/lib/python3.8/site-packages/airflow/example_dags/example_nested_branch_dag.py
[2023-12-15T11:47:33.921+0000] {processor.py:839} INFO - DAG(s) dict_keys(['example_nested_branch_dag']) retrieved from /home/airflow/.local/lib/python3.8/site-packages/airflow/example_dags/example_nested_branch_dag.py
[2023-12-15T11:47:34.220+0000] {logging_mixin.py:154} INFO - [2023-12-15T11:47:34.219+0000] {dag.py:2941} INFO - Sync 1 DAGs
[2023-12-15T11:47:34.407+0000] {logging_mixin.py:154} INFO - [2023-12-15T11:47:34.405+0000] {dag.py:3722} INFO - Setting next_dagrun for example_nested_branch_dag to 2023-12-14T00:00:00+00:00, run_after=2023-12-15T00:00:00+00:00
[2023-12-15T11:47:34.473+0000] {processor.py:179} INFO - Processing /home/airflow/.local/lib/python3.8/site-packages/airflow/example_dags/example_nested_branch_dag.py took 0.964 seconds
[2023-12-15T11:48:04.778+0000] {processor.py:157} INFO - Started process (PID=1163) to work on /home/airflow/.local/lib/python3.8/site-packages/airflow/example_dags/example_nested_branch_dag.py
[2023-12-15T11:48:04.780+0000] {processor.py:829} INFO - Processing file /home/airflow/.local/lib/python3.8/site-packages/airflow/example_dags/example_nested_branch_dag.py for tasks to queue
[2023-12-15T11:48:04.791+0000] {logging_mixin.py:154} INFO - [2023-12-15T11:48:04.788+0000] {dagbag.py:536} INFO - Filling up the DagBag from /home/airflow/.local/lib/python3.8/site-packages/airflow/example_dags/example_nested_branch_dag.py
[2023-12-15T11:48:04.833+0000] {processor.py:839} INFO - DAG(s) dict_keys(['example_nested_branch_dag']) retrieved from /home/airflow/.local/lib/python3.8/site-packages/airflow/example_dags/example_nested_branch_dag.py
[2023-12-15T11:48:04.908+0000] {logging_mixin.py:154} INFO - [2023-12-15T11:48:04.908+0000] {dag.py:2941} INFO - Sync 1 DAGs
[2023-12-15T11:48:04.950+0000] {logging_mixin.py:154} INFO - [2023-12-15T11:48:04.950+0000] {dag.py:3722} INFO - Setting next_dagrun for example_nested_branch_dag to 2023-12-14T00:00:00+00:00, run_after=2023-12-15T00:00:00+00:00
[2023-12-15T11:48:04.987+0000] {processor.py:179} INFO - Processing /home/airflow/.local/lib/python3.8/site-packages/airflow/example_dags/example_nested_branch_dag.py took 0.218 seconds
[2023-12-15T11:48:44.963+0000] {processor.py:157} INFO - Started process (PID=1216) to work on /home/airflow/.local/lib/python3.8/site-packages/airflow/example_dags/example_nested_branch_dag.py
[2023-12-15T11:48:44.968+0000] {processor.py:829} INFO - Processing file /home/airflow/.local/lib/python3.8/site-packages/airflow/example_dags/example_nested_branch_dag.py for tasks to queue
[2023-12-15T11:48:44.972+0000] {logging_mixin.py:154} INFO - [2023-12-15T11:48:44.972+0000] {dagbag.py:536} INFO - Filling up the DagBag from /home/airflow/.local/lib/python3.8/site-packages/airflow/example_dags/example_nested_branch_dag.py
[2023-12-15T11:48:45.007+0000] {processor.py:839} INFO - DAG(s) dict_keys(['example_nested_branch_dag']) retrieved from /home/airflow/.local/lib/python3.8/site-packages/airflow/example_dags/example_nested_branch_dag.py
[2023-12-15T11:48:45.107+0000] {logging_mixin.py:154} INFO - [2023-12-15T11:48:45.106+0000] {dag.py:2941} INFO - Sync 1 DAGs
[2023-12-15T11:48:45.207+0000] {logging_mixin.py:154} INFO - [2023-12-15T11:48:45.207+0000] {dag.py:3722} INFO - Setting next_dagrun for example_nested_branch_dag to 2023-12-14T00:00:00+00:00, run_after=2023-12-15T00:00:00+00:00
[2023-12-15T11:48:45.249+0000] {processor.py:179} INFO - Processing /home/airflow/.local/lib/python3.8/site-packages/airflow/example_dags/example_nested_branch_dag.py took 0.304 seconds
[2023-12-15T11:49:15.696+0000] {processor.py:157} INFO - Started process (PID=1270) to work on /home/airflow/.local/lib/python3.8/site-packages/airflow/example_dags/example_nested_branch_dag.py
[2023-12-15T11:49:15.700+0000] {processor.py:829} INFO - Processing file /home/airflow/.local/lib/python3.8/site-packages/airflow/example_dags/example_nested_branch_dag.py for tasks to queue
[2023-12-15T11:49:15.708+0000] {logging_mixin.py:154} INFO - [2023-12-15T11:49:15.705+0000] {dagbag.py:536} INFO - Filling up the DagBag from /home/airflow/.local/lib/python3.8/site-packages/airflow/example_dags/example_nested_branch_dag.py
[2023-12-15T11:49:15.730+0000] {processor.py:839} INFO - DAG(s) dict_keys(['example_nested_branch_dag']) retrieved from /home/airflow/.local/lib/python3.8/site-packages/airflow/example_dags/example_nested_branch_dag.py
[2023-12-15T11:49:15.779+0000] {logging_mixin.py:154} INFO - [2023-12-15T11:49:15.779+0000] {dag.py:2941} INFO - Sync 1 DAGs
[2023-12-15T11:49:15.837+0000] {logging_mixin.py:154} INFO - [2023-12-15T11:49:15.836+0000] {dag.py:3722} INFO - Setting next_dagrun for example_nested_branch_dag to 2023-12-14T00:00:00+00:00, run_after=2023-12-15T00:00:00+00:00
[2023-12-15T11:49:16.888+0000] {processor.py:179} INFO - Processing /home/airflow/.local/lib/python3.8/site-packages/airflow/example_dags/example_nested_branch_dag.py took 1.197 seconds
[2023-12-15T11:49:47.140+0000] {processor.py:157} INFO - Started process (PID=1324) to work on /home/airflow/.local/lib/python3.8/site-packages/airflow/example_dags/example_nested_branch_dag.py
[2023-12-15T11:49:47.143+0000] {processor.py:829} INFO - Processing file /home/airflow/.local/lib/python3.8/site-packages/airflow/example_dags/example_nested_branch_dag.py for tasks to queue
[2023-12-15T11:49:47.145+0000] {logging_mixin.py:154} INFO - [2023-12-15T11:49:47.145+0000] {dagbag.py:536} INFO - Filling up the DagBag from /home/airflow/.local/lib/python3.8/site-packages/airflow/example_dags/example_nested_branch_dag.py
[2023-12-15T11:49:47.163+0000] {processor.py:839} INFO - DAG(s) dict_keys(['example_nested_branch_dag']) retrieved from /home/airflow/.local/lib/python3.8/site-packages/airflow/example_dags/example_nested_branch_dag.py
[2023-12-15T11:49:47.196+0000] {logging_mixin.py:154} INFO - [2023-12-15T11:49:47.195+0000] {dag.py:2941} INFO - Sync 1 DAGs
[2023-12-15T11:49:47.238+0000] {logging_mixin.py:154} INFO - [2023-12-15T11:49:47.238+0000] {dag.py:3722} INFO - Setting next_dagrun for example_nested_branch_dag to 2023-12-14T00:00:00+00:00, run_after=2023-12-15T00:00:00+00:00
[2023-12-15T11:49:47.266+0000] {processor.py:179} INFO - Processing /home/airflow/.local/lib/python3.8/site-packages/airflow/example_dags/example_nested_branch_dag.py took 0.130 seconds
[2023-12-15T11:50:23.899+0000] {processor.py:157} INFO - Started process (PID=1373) to work on /home/airflow/.local/lib/python3.8/site-packages/airflow/example_dags/example_nested_branch_dag.py
[2023-12-15T11:50:23.901+0000] {processor.py:829} INFO - Processing file /home/airflow/.local/lib/python3.8/site-packages/airflow/example_dags/example_nested_branch_dag.py for tasks to queue
[2023-12-15T11:50:23.905+0000] {logging_mixin.py:154} INFO - [2023-12-15T11:50:23.904+0000] {dagbag.py:536} INFO - Filling up the DagBag from /home/airflow/.local/lib/python3.8/site-packages/airflow/example_dags/example_nested_branch_dag.py
[2023-12-15T11:50:23.927+0000] {processor.py:839} INFO - DAG(s) dict_keys(['example_nested_branch_dag']) retrieved from /home/airflow/.local/lib/python3.8/site-packages/airflow/example_dags/example_nested_branch_dag.py
[2023-12-15T11:50:23.970+0000] {logging_mixin.py:154} INFO - [2023-12-15T11:50:23.970+0000] {dag.py:2941} INFO - Sync 1 DAGs
[2023-12-15T11:50:24.458+0000] {logging_mixin.py:154} INFO - [2023-12-15T11:50:24.458+0000] {dag.py:3722} INFO - Setting next_dagrun for example_nested_branch_dag to 2023-12-14T00:00:00+00:00, run_after=2023-12-15T00:00:00+00:00
[2023-12-15T11:50:24.490+0000] {processor.py:179} INFO - Processing /home/airflow/.local/lib/python3.8/site-packages/airflow/example_dags/example_nested_branch_dag.py took 0.595 seconds
[2023-12-15T11:50:56.626+0000] {processor.py:157} INFO - Started process (PID=1426) to work on /home/airflow/.local/lib/python3.8/site-packages/airflow/example_dags/example_nested_branch_dag.py
[2023-12-15T11:50:56.706+0000] {processor.py:829} INFO - Processing file /home/airflow/.local/lib/python3.8/site-packages/airflow/example_dags/example_nested_branch_dag.py for tasks to queue
[2023-12-15T11:50:56.766+0000] {logging_mixin.py:154} INFO - [2023-12-15T11:50:56.727+0000] {dagbag.py:536} INFO - Filling up the DagBag from /home/airflow/.local/lib/python3.8/site-packages/airflow/example_dags/example_nested_branch_dag.py
[2023-12-15T11:50:56.864+0000] {processor.py:839} INFO - DAG(s) dict_keys(['example_nested_branch_dag']) retrieved from /home/airflow/.local/lib/python3.8/site-packages/airflow/example_dags/example_nested_branch_dag.py
[2023-12-15T11:50:57.094+0000] {logging_mixin.py:154} INFO - [2023-12-15T11:50:57.094+0000] {dag.py:2941} INFO - Sync 1 DAGs
[2023-12-15T11:50:57.208+0000] {logging_mixin.py:154} INFO - [2023-12-15T11:50:57.207+0000] {dag.py:3722} INFO - Setting next_dagrun for example_nested_branch_dag to 2023-12-14T00:00:00+00:00, run_after=2023-12-15T00:00:00+00:00
[2023-12-15T11:51:00.183+0000] {processor.py:179} INFO - Processing /home/airflow/.local/lib/python3.8/site-packages/airflow/example_dags/example_nested_branch_dag.py took 3.571 seconds
[2023-12-15T11:51:30.745+0000] {processor.py:157} INFO - Started process (PID=1488) to work on /home/airflow/.local/lib/python3.8/site-packages/airflow/example_dags/example_nested_branch_dag.py
[2023-12-15T11:51:30.748+0000] {processor.py:829} INFO - Processing file /home/airflow/.local/lib/python3.8/site-packages/airflow/example_dags/example_nested_branch_dag.py for tasks to queue
[2023-12-15T11:51:30.769+0000] {logging_mixin.py:154} INFO - [2023-12-15T11:51:30.767+0000] {dagbag.py:536} INFO - Filling up the DagBag from /home/airflow/.local/lib/python3.8/site-packages/airflow/example_dags/example_nested_branch_dag.py
[2023-12-15T11:51:30.833+0000] {processor.py:839} INFO - DAG(s) dict_keys(['example_nested_branch_dag']) retrieved from /home/airflow/.local/lib/python3.8/site-packages/airflow/example_dags/example_nested_branch_dag.py
[2023-12-15T11:51:30.969+0000] {logging_mixin.py:154} INFO - [2023-12-15T11:51:30.968+0000] {dag.py:2941} INFO - Sync 1 DAGs
[2023-12-15T11:51:31.089+0000] {logging_mixin.py:154} INFO - [2023-12-15T11:51:31.089+0000] {dag.py:3722} INFO - Setting next_dagrun for example_nested_branch_dag to 2023-12-14T00:00:00+00:00, run_after=2023-12-15T00:00:00+00:00
[2023-12-15T11:51:31.153+0000] {processor.py:179} INFO - Processing /home/airflow/.local/lib/python3.8/site-packages/airflow/example_dags/example_nested_branch_dag.py took 0.425 seconds
[2023-12-15T11:52:07.178+0000] {processor.py:157} INFO - Started process (PID=1540) to work on /home/airflow/.local/lib/python3.8/site-packages/airflow/example_dags/example_nested_branch_dag.py
[2023-12-15T11:52:07.182+0000] {processor.py:829} INFO - Processing file /home/airflow/.local/lib/python3.8/site-packages/airflow/example_dags/example_nested_branch_dag.py for tasks to queue
[2023-12-15T11:52:07.190+0000] {logging_mixin.py:154} INFO - [2023-12-15T11:52:07.189+0000] {dagbag.py:536} INFO - Filling up the DagBag from /home/airflow/.local/lib/python3.8/site-packages/airflow/example_dags/example_nested_branch_dag.py
[2023-12-15T11:52:07.239+0000] {processor.py:839} INFO - DAG(s) dict_keys(['example_nested_branch_dag']) retrieved from /home/airflow/.local/lib/python3.8/site-packages/airflow/example_dags/example_nested_branch_dag.py
[2023-12-15T11:52:07.367+0000] {logging_mixin.py:154} INFO - [2023-12-15T11:52:07.366+0000] {dag.py:2941} INFO - Sync 1 DAGs
[2023-12-15T11:52:08.784+0000] {logging_mixin.py:154} INFO - [2023-12-15T11:52:08.783+0000] {dag.py:3722} INFO - Setting next_dagrun for example_nested_branch_dag to 2023-12-14T00:00:00+00:00, run_after=2023-12-15T00:00:00+00:00
[2023-12-15T11:52:08.909+0000] {processor.py:179} INFO - Processing /home/airflow/.local/lib/python3.8/site-packages/airflow/example_dags/example_nested_branch_dag.py took 1.746 seconds
[2023-12-15T11:52:39.916+0000] {processor.py:157} INFO - Started process (PID=1594) to work on /home/airflow/.local/lib/python3.8/site-packages/airflow/example_dags/example_nested_branch_dag.py
[2023-12-15T11:52:39.918+0000] {processor.py:829} INFO - Processing file /home/airflow/.local/lib/python3.8/site-packages/airflow/example_dags/example_nested_branch_dag.py for tasks to queue
[2023-12-15T11:52:39.921+0000] {logging_mixin.py:154} INFO - [2023-12-15T11:52:39.921+0000] {dagbag.py:536} INFO - Filling up the DagBag from /home/airflow/.local/lib/python3.8/site-packages/airflow/example_dags/example_nested_branch_dag.py
[2023-12-15T11:52:39.956+0000] {processor.py:839} INFO - DAG(s) dict_keys(['example_nested_branch_dag']) retrieved from /home/airflow/.local/lib/python3.8/site-packages/airflow/example_dags/example_nested_branch_dag.py
[2023-12-15T11:52:40.034+0000] {logging_mixin.py:154} INFO - [2023-12-15T11:52:40.034+0000] {dag.py:2941} INFO - Sync 1 DAGs
[2023-12-15T11:52:40.162+0000] {logging_mixin.py:154} INFO - [2023-12-15T11:52:40.162+0000] {dag.py:3722} INFO - Setting next_dagrun for example_nested_branch_dag to 2023-12-14T00:00:00+00:00, run_after=2023-12-15T00:00:00+00:00
[2023-12-15T11:52:40.175+0000] {processor.py:179} INFO - Processing /home/airflow/.local/lib/python3.8/site-packages/airflow/example_dags/example_nested_branch_dag.py took 0.271 seconds
[2023-12-15T11:53:10.583+0000] {processor.py:157} INFO - Started process (PID=1647) to work on /home/airflow/.local/lib/python3.8/site-packages/airflow/example_dags/example_nested_branch_dag.py
[2023-12-15T11:53:10.589+0000] {processor.py:829} INFO - Processing file /home/airflow/.local/lib/python3.8/site-packages/airflow/example_dags/example_nested_branch_dag.py for tasks to queue
[2023-12-15T11:53:10.594+0000] {logging_mixin.py:154} INFO - [2023-12-15T11:53:10.593+0000] {dagbag.py:536} INFO - Filling up the DagBag from /home/airflow/.local/lib/python3.8/site-packages/airflow/example_dags/example_nested_branch_dag.py
[2023-12-15T11:53:10.622+0000] {processor.py:839} INFO - DAG(s) dict_keys(['example_nested_branch_dag']) retrieved from /home/airflow/.local/lib/python3.8/site-packages/airflow/example_dags/example_nested_branch_dag.py
[2023-12-15T11:53:10.663+0000] {logging_mixin.py:154} INFO - [2023-12-15T11:53:10.663+0000] {dag.py:2941} INFO - Sync 1 DAGs
[2023-12-15T11:53:10.697+0000] {logging_mixin.py:154} INFO - [2023-12-15T11:53:10.697+0000] {dag.py:3722} INFO - Setting next_dagrun for example_nested_branch_dag to 2023-12-14T00:00:00+00:00, run_after=2023-12-15T00:00:00+00:00
[2023-12-15T11:53:10.729+0000] {processor.py:179} INFO - Processing /home/airflow/.local/lib/python3.8/site-packages/airflow/example_dags/example_nested_branch_dag.py took 0.152 seconds
[2023-12-15T11:53:41.806+0000] {processor.py:157} INFO - Started process (PID=1701) to work on /home/airflow/.local/lib/python3.8/site-packages/airflow/example_dags/example_nested_branch_dag.py
[2023-12-15T11:53:41.811+0000] {processor.py:829} INFO - Processing file /home/airflow/.local/lib/python3.8/site-packages/airflow/example_dags/example_nested_branch_dag.py for tasks to queue
[2023-12-15T11:53:41.822+0000] {logging_mixin.py:154} INFO - [2023-12-15T11:53:41.821+0000] {dagbag.py:536} INFO - Filling up the DagBag from /home/airflow/.local/lib/python3.8/site-packages/airflow/example_dags/example_nested_branch_dag.py
[2023-12-15T11:53:41.885+0000] {processor.py:839} INFO - DAG(s) dict_keys(['example_nested_branch_dag']) retrieved from /home/airflow/.local/lib/python3.8/site-packages/airflow/example_dags/example_nested_branch_dag.py
[2023-12-15T11:53:41.973+0000] {logging_mixin.py:154} INFO - [2023-12-15T11:53:41.973+0000] {dag.py:2941} INFO - Sync 1 DAGs
[2023-12-15T11:53:42.014+0000] {logging_mixin.py:154} INFO - [2023-12-15T11:53:42.014+0000] {dag.py:3722} INFO - Setting next_dagrun for example_nested_branch_dag to 2023-12-14T00:00:00+00:00, run_after=2023-12-15T00:00:00+00:00
[2023-12-15T11:53:42.047+0000] {processor.py:179} INFO - Processing /home/airflow/.local/lib/python3.8/site-packages/airflow/example_dags/example_nested_branch_dag.py took 0.252 seconds
[2023-12-15T11:54:13.165+0000] {processor.py:157} INFO - Started process (PID=1755) to work on /home/airflow/.local/lib/python3.8/site-packages/airflow/example_dags/example_nested_branch_dag.py
[2023-12-15T11:54:13.171+0000] {processor.py:829} INFO - Processing file /home/airflow/.local/lib/python3.8/site-packages/airflow/example_dags/example_nested_branch_dag.py for tasks to queue
[2023-12-15T11:54:13.177+0000] {logging_mixin.py:154} INFO - [2023-12-15T11:54:13.176+0000] {dagbag.py:536} INFO - Filling up the DagBag from /home/airflow/.local/lib/python3.8/site-packages/airflow/example_dags/example_nested_branch_dag.py
[2023-12-15T11:54:13.206+0000] {processor.py:839} INFO - DAG(s) dict_keys(['example_nested_branch_dag']) retrieved from /home/airflow/.local/lib/python3.8/site-packages/airflow/example_dags/example_nested_branch_dag.py
[2023-12-15T11:54:13.248+0000] {logging_mixin.py:154} INFO - [2023-12-15T11:54:13.248+0000] {dag.py:2941} INFO - Sync 1 DAGs
[2023-12-15T11:54:13.362+0000] {logging_mixin.py:154} INFO - [2023-12-15T11:54:13.362+0000] {dag.py:3722} INFO - Setting next_dagrun for example_nested_branch_dag to 2023-12-14T00:00:00+00:00, run_after=2023-12-15T00:00:00+00:00
[2023-12-15T11:54:13.418+0000] {processor.py:179} INFO - Processing /home/airflow/.local/lib/python3.8/site-packages/airflow/example_dags/example_nested_branch_dag.py took 0.257 seconds
[2023-12-15T11:54:43.981+0000] {processor.py:157} INFO - Started process (PID=1807) to work on /home/airflow/.local/lib/python3.8/site-packages/airflow/example_dags/example_nested_branch_dag.py
[2023-12-15T11:54:43.983+0000] {processor.py:829} INFO - Processing file /home/airflow/.local/lib/python3.8/site-packages/airflow/example_dags/example_nested_branch_dag.py for tasks to queue
[2023-12-15T11:54:43.987+0000] {logging_mixin.py:154} INFO - [2023-12-15T11:54:43.987+0000] {dagbag.py:536} INFO - Filling up the DagBag from /home/airflow/.local/lib/python3.8/site-packages/airflow/example_dags/example_nested_branch_dag.py
[2023-12-15T11:54:44.019+0000] {processor.py:839} INFO - DAG(s) dict_keys(['example_nested_branch_dag']) retrieved from /home/airflow/.local/lib/python3.8/site-packages/airflow/example_dags/example_nested_branch_dag.py
[2023-12-15T11:54:44.073+0000] {logging_mixin.py:154} INFO - [2023-12-15T11:54:44.073+0000] {dag.py:2941} INFO - Sync 1 DAGs
[2023-12-15T11:54:44.117+0000] {logging_mixin.py:154} INFO - [2023-12-15T11:54:44.116+0000] {dag.py:3722} INFO - Setting next_dagrun for example_nested_branch_dag to 2023-12-14T00:00:00+00:00, run_after=2023-12-15T00:00:00+00:00
[2023-12-15T11:54:44.146+0000] {processor.py:179} INFO - Processing /home/airflow/.local/lib/python3.8/site-packages/airflow/example_dags/example_nested_branch_dag.py took 0.170 seconds
[2023-12-15T11:55:14.431+0000] {processor.py:157} INFO - Started process (PID=1861) to work on /home/airflow/.local/lib/python3.8/site-packages/airflow/example_dags/example_nested_branch_dag.py
[2023-12-15T11:55:14.432+0000] {processor.py:829} INFO - Processing file /home/airflow/.local/lib/python3.8/site-packages/airflow/example_dags/example_nested_branch_dag.py for tasks to queue
[2023-12-15T11:55:14.434+0000] {logging_mixin.py:154} INFO - [2023-12-15T11:55:14.433+0000] {dagbag.py:536} INFO - Filling up the DagBag from /home/airflow/.local/lib/python3.8/site-packages/airflow/example_dags/example_nested_branch_dag.py
[2023-12-15T11:55:14.451+0000] {processor.py:839} INFO - DAG(s) dict_keys(['example_nested_branch_dag']) retrieved from /home/airflow/.local/lib/python3.8/site-packages/airflow/example_dags/example_nested_branch_dag.py
[2023-12-15T11:55:14.470+0000] {logging_mixin.py:154} INFO - [2023-12-15T11:55:14.470+0000] {dag.py:2941} INFO - Sync 1 DAGs
[2023-12-15T11:55:14.492+0000] {logging_mixin.py:154} INFO - [2023-12-15T11:55:14.491+0000] {dag.py:3722} INFO - Setting next_dagrun for example_nested_branch_dag to 2023-12-14T00:00:00+00:00, run_after=2023-12-15T00:00:00+00:00
[2023-12-15T11:55:14.514+0000] {processor.py:179} INFO - Processing /home/airflow/.local/lib/python3.8/site-packages/airflow/example_dags/example_nested_branch_dag.py took 0.085 seconds
[2023-12-15T11:55:45.357+0000] {processor.py:157} INFO - Started process (PID=1914) to work on /home/airflow/.local/lib/python3.8/site-packages/airflow/example_dags/example_nested_branch_dag.py
[2023-12-15T11:55:45.370+0000] {processor.py:829} INFO - Processing file /home/airflow/.local/lib/python3.8/site-packages/airflow/example_dags/example_nested_branch_dag.py for tasks to queue
[2023-12-15T11:55:45.418+0000] {logging_mixin.py:154} INFO - [2023-12-15T11:55:45.411+0000] {dagbag.py:536} INFO - Filling up the DagBag from /home/airflow/.local/lib/python3.8/site-packages/airflow/example_dags/example_nested_branch_dag.py
[2023-12-15T11:55:45.544+0000] {processor.py:839} INFO - DAG(s) dict_keys(['example_nested_branch_dag']) retrieved from /home/airflow/.local/lib/python3.8/site-packages/airflow/example_dags/example_nested_branch_dag.py
[2023-12-15T11:55:45.622+0000] {logging_mixin.py:154} INFO - [2023-12-15T11:55:45.622+0000] {dag.py:2941} INFO - Sync 1 DAGs
[2023-12-15T11:55:45.695+0000] {logging_mixin.py:154} INFO - [2023-12-15T11:55:45.695+0000] {dag.py:3722} INFO - Setting next_dagrun for example_nested_branch_dag to 2023-12-14T00:00:00+00:00, run_after=2023-12-15T00:00:00+00:00
[2023-12-15T11:55:45.734+0000] {processor.py:179} INFO - Processing /home/airflow/.local/lib/python3.8/site-packages/airflow/example_dags/example_nested_branch_dag.py took 0.456 seconds
[2023-12-15T11:56:16.824+0000] {processor.py:157} INFO - Started process (PID=1969) to work on /home/airflow/.local/lib/python3.8/site-packages/airflow/example_dags/example_nested_branch_dag.py
[2023-12-15T11:56:16.861+0000] {processor.py:829} INFO - Processing file /home/airflow/.local/lib/python3.8/site-packages/airflow/example_dags/example_nested_branch_dag.py for tasks to queue
[2023-12-15T11:56:16.956+0000] {logging_mixin.py:154} INFO - [2023-12-15T11:56:16.940+0000] {dagbag.py:536} INFO - Filling up the DagBag from /home/airflow/.local/lib/python3.8/site-packages/airflow/example_dags/example_nested_branch_dag.py
[2023-12-15T11:56:17.286+0000] {processor.py:839} INFO - DAG(s) dict_keys(['example_nested_branch_dag']) retrieved from /home/airflow/.local/lib/python3.8/site-packages/airflow/example_dags/example_nested_branch_dag.py
[2023-12-15T11:56:17.380+0000] {logging_mixin.py:154} INFO - [2023-12-15T11:56:17.380+0000] {dag.py:2941} INFO - Sync 1 DAGs
[2023-12-15T11:56:17.469+0000] {logging_mixin.py:154} INFO - [2023-12-15T11:56:17.469+0000] {dag.py:3722} INFO - Setting next_dagrun for example_nested_branch_dag to 2023-12-14T00:00:00+00:00, run_after=2023-12-15T00:00:00+00:00
[2023-12-15T11:56:17.514+0000] {processor.py:179} INFO - Processing /home/airflow/.local/lib/python3.8/site-packages/airflow/example_dags/example_nested_branch_dag.py took 0.777 seconds
[2023-12-15T11:56:48.308+0000] {processor.py:157} INFO - Started process (PID=2023) to work on /home/airflow/.local/lib/python3.8/site-packages/airflow/example_dags/example_nested_branch_dag.py
[2023-12-15T11:56:48.316+0000] {processor.py:829} INFO - Processing file /home/airflow/.local/lib/python3.8/site-packages/airflow/example_dags/example_nested_branch_dag.py for tasks to queue
[2023-12-15T11:56:48.338+0000] {logging_mixin.py:154} INFO - [2023-12-15T11:56:48.337+0000] {dagbag.py:536} INFO - Filling up the DagBag from /home/airflow/.local/lib/python3.8/site-packages/airflow/example_dags/example_nested_branch_dag.py
[2023-12-15T11:56:48.416+0000] {processor.py:839} INFO - DAG(s) dict_keys(['example_nested_branch_dag']) retrieved from /home/airflow/.local/lib/python3.8/site-packages/airflow/example_dags/example_nested_branch_dag.py
[2023-12-15T11:56:48.511+0000] {logging_mixin.py:154} INFO - [2023-12-15T11:56:48.511+0000] {dag.py:2941} INFO - Sync 1 DAGs
[2023-12-15T11:56:48.624+0000] {logging_mixin.py:154} INFO - [2023-12-15T11:56:48.623+0000] {dag.py:3722} INFO - Setting next_dagrun for example_nested_branch_dag to 2023-12-14T00:00:00+00:00, run_after=2023-12-15T00:00:00+00:00
[2023-12-15T11:56:48.694+0000] {processor.py:179} INFO - Processing /home/airflow/.local/lib/python3.8/site-packages/airflow/example_dags/example_nested_branch_dag.py took 0.403 seconds
[2023-12-15T11:57:19.428+0000] {processor.py:157} INFO - Started process (PID=2078) to work on /home/airflow/.local/lib/python3.8/site-packages/airflow/example_dags/example_nested_branch_dag.py
[2023-12-15T11:57:19.430+0000] {processor.py:829} INFO - Processing file /home/airflow/.local/lib/python3.8/site-packages/airflow/example_dags/example_nested_branch_dag.py for tasks to queue
[2023-12-15T11:57:19.444+0000] {logging_mixin.py:154} INFO - [2023-12-15T11:57:19.442+0000] {dagbag.py:536} INFO - Filling up the DagBag from /home/airflow/.local/lib/python3.8/site-packages/airflow/example_dags/example_nested_branch_dag.py
[2023-12-15T11:57:19.493+0000] {processor.py:839} INFO - DAG(s) dict_keys(['example_nested_branch_dag']) retrieved from /home/airflow/.local/lib/python3.8/site-packages/airflow/example_dags/example_nested_branch_dag.py
[2023-12-15T11:57:19.552+0000] {logging_mixin.py:154} INFO - [2023-12-15T11:57:19.551+0000] {dag.py:2941} INFO - Sync 1 DAGs
[2023-12-15T11:57:19.606+0000] {logging_mixin.py:154} INFO - [2023-12-15T11:57:19.605+0000] {dag.py:3722} INFO - Setting next_dagrun for example_nested_branch_dag to 2023-12-14T00:00:00+00:00, run_after=2023-12-15T00:00:00+00:00
[2023-12-15T11:57:19.631+0000] {processor.py:179} INFO - Processing /home/airflow/.local/lib/python3.8/site-packages/airflow/example_dags/example_nested_branch_dag.py took 0.213 seconds
[2023-12-15T11:57:50.396+0000] {processor.py:157} INFO - Started process (PID=2132) to work on /home/airflow/.local/lib/python3.8/site-packages/airflow/example_dags/example_nested_branch_dag.py
[2023-12-15T11:57:50.397+0000] {processor.py:829} INFO - Processing file /home/airflow/.local/lib/python3.8/site-packages/airflow/example_dags/example_nested_branch_dag.py for tasks to queue
[2023-12-15T11:57:50.401+0000] {logging_mixin.py:154} INFO - [2023-12-15T11:57:50.400+0000] {dagbag.py:536} INFO - Filling up the DagBag from /home/airflow/.local/lib/python3.8/site-packages/airflow/example_dags/example_nested_branch_dag.py
[2023-12-15T11:57:50.418+0000] {processor.py:839} INFO - DAG(s) dict_keys(['example_nested_branch_dag']) retrieved from /home/airflow/.local/lib/python3.8/site-packages/airflow/example_dags/example_nested_branch_dag.py
[2023-12-15T11:57:50.450+0000] {logging_mixin.py:154} INFO - [2023-12-15T11:57:50.450+0000] {dag.py:2941} INFO - Sync 1 DAGs
[2023-12-15T11:57:50.476+0000] {logging_mixin.py:154} INFO - [2023-12-15T11:57:50.476+0000] {dag.py:3722} INFO - Setting next_dagrun for example_nested_branch_dag to 2023-12-14T00:00:00+00:00, run_after=2023-12-15T00:00:00+00:00
[2023-12-15T11:57:50.488+0000] {processor.py:179} INFO - Processing /home/airflow/.local/lib/python3.8/site-packages/airflow/example_dags/example_nested_branch_dag.py took 0.096 seconds
[2023-12-15T11:58:21.117+0000] {processor.py:157} INFO - Started process (PID=2186) to work on /home/airflow/.local/lib/python3.8/site-packages/airflow/example_dags/example_nested_branch_dag.py
[2023-12-15T11:58:21.118+0000] {processor.py:829} INFO - Processing file /home/airflow/.local/lib/python3.8/site-packages/airflow/example_dags/example_nested_branch_dag.py for tasks to queue
[2023-12-15T11:58:21.121+0000] {logging_mixin.py:154} INFO - [2023-12-15T11:58:21.121+0000] {dagbag.py:536} INFO - Filling up the DagBag from /home/airflow/.local/lib/python3.8/site-packages/airflow/example_dags/example_nested_branch_dag.py
[2023-12-15T11:58:21.137+0000] {processor.py:839} INFO - DAG(s) dict_keys(['example_nested_branch_dag']) retrieved from /home/airflow/.local/lib/python3.8/site-packages/airflow/example_dags/example_nested_branch_dag.py
[2023-12-15T11:58:21.172+0000] {logging_mixin.py:154} INFO - [2023-12-15T11:58:21.172+0000] {dag.py:2941} INFO - Sync 1 DAGs
[2023-12-15T11:58:21.193+0000] {logging_mixin.py:154} INFO - [2023-12-15T11:58:21.193+0000] {dag.py:3722} INFO - Setting next_dagrun for example_nested_branch_dag to 2023-12-14T00:00:00+00:00, run_after=2023-12-15T00:00:00+00:00
[2023-12-15T11:58:21.206+0000] {processor.py:179} INFO - Processing /home/airflow/.local/lib/python3.8/site-packages/airflow/example_dags/example_nested_branch_dag.py took 0.094 seconds
[2023-12-15T11:58:51.783+0000] {processor.py:157} INFO - Started process (PID=2239) to work on /home/airflow/.local/lib/python3.8/site-packages/airflow/example_dags/example_nested_branch_dag.py
[2023-12-15T11:58:51.784+0000] {processor.py:829} INFO - Processing file /home/airflow/.local/lib/python3.8/site-packages/airflow/example_dags/example_nested_branch_dag.py for tasks to queue
[2023-12-15T11:58:51.787+0000] {logging_mixin.py:154} INFO - [2023-12-15T11:58:51.786+0000] {dagbag.py:536} INFO - Filling up the DagBag from /home/airflow/.local/lib/python3.8/site-packages/airflow/example_dags/example_nested_branch_dag.py
[2023-12-15T11:58:51.804+0000] {processor.py:839} INFO - DAG(s) dict_keys(['example_nested_branch_dag']) retrieved from /home/airflow/.local/lib/python3.8/site-packages/airflow/example_dags/example_nested_branch_dag.py
[2023-12-15T11:58:51.831+0000] {logging_mixin.py:154} INFO - [2023-12-15T11:58:51.831+0000] {dag.py:2941} INFO - Sync 1 DAGs
[2023-12-15T11:58:51.866+0000] {logging_mixin.py:154} INFO - [2023-12-15T11:58:51.866+0000] {dag.py:3722} INFO - Setting next_dagrun for example_nested_branch_dag to 2023-12-14T00:00:00+00:00, run_after=2023-12-15T00:00:00+00:00
[2023-12-15T11:58:51.880+0000] {processor.py:179} INFO - Processing /home/airflow/.local/lib/python3.8/site-packages/airflow/example_dags/example_nested_branch_dag.py took 0.105 seconds
[2023-12-15T11:59:22.802+0000] {processor.py:157} INFO - Started process (PID=2293) to work on /home/airflow/.local/lib/python3.8/site-packages/airflow/example_dags/example_nested_branch_dag.py
[2023-12-15T11:59:22.804+0000] {processor.py:829} INFO - Processing file /home/airflow/.local/lib/python3.8/site-packages/airflow/example_dags/example_nested_branch_dag.py for tasks to queue
[2023-12-15T11:59:22.807+0000] {logging_mixin.py:154} INFO - [2023-12-15T11:59:22.807+0000] {dagbag.py:536} INFO - Filling up the DagBag from /home/airflow/.local/lib/python3.8/site-packages/airflow/example_dags/example_nested_branch_dag.py
[2023-12-15T11:59:22.831+0000] {processor.py:839} INFO - DAG(s) dict_keys(['example_nested_branch_dag']) retrieved from /home/airflow/.local/lib/python3.8/site-packages/airflow/example_dags/example_nested_branch_dag.py
[2023-12-15T11:59:22.858+0000] {logging_mixin.py:154} INFO - [2023-12-15T11:59:22.858+0000] {dag.py:2941} INFO - Sync 1 DAGs
[2023-12-15T11:59:22.895+0000] {logging_mixin.py:154} INFO - [2023-12-15T11:59:22.895+0000] {dag.py:3722} INFO - Setting next_dagrun for example_nested_branch_dag to 2023-12-14T00:00:00+00:00, run_after=2023-12-15T00:00:00+00:00
[2023-12-15T11:59:22.912+0000] {processor.py:179} INFO - Processing /home/airflow/.local/lib/python3.8/site-packages/airflow/example_dags/example_nested_branch_dag.py took 0.117 seconds
[2023-12-15T11:59:53.466+0000] {processor.py:157} INFO - Started process (PID=2346) to work on /home/airflow/.local/lib/python3.8/site-packages/airflow/example_dags/example_nested_branch_dag.py
[2023-12-15T11:59:53.474+0000] {processor.py:829} INFO - Processing file /home/airflow/.local/lib/python3.8/site-packages/airflow/example_dags/example_nested_branch_dag.py for tasks to queue
[2023-12-15T11:59:53.508+0000] {logging_mixin.py:154} INFO - [2023-12-15T11:59:53.504+0000] {dagbag.py:536} INFO - Filling up the DagBag from /home/airflow/.local/lib/python3.8/site-packages/airflow/example_dags/example_nested_branch_dag.py
[2023-12-15T11:59:53.616+0000] {processor.py:839} INFO - DAG(s) dict_keys(['example_nested_branch_dag']) retrieved from /home/airflow/.local/lib/python3.8/site-packages/airflow/example_dags/example_nested_branch_dag.py
[2023-12-15T11:59:53.712+0000] {logging_mixin.py:154} INFO - [2023-12-15T11:59:53.712+0000] {dag.py:2941} INFO - Sync 1 DAGs
[2023-12-15T11:59:53.787+0000] {logging_mixin.py:154} INFO - [2023-12-15T11:59:53.786+0000] {dag.py:3722} INFO - Setting next_dagrun for example_nested_branch_dag to 2023-12-14T00:00:00+00:00, run_after=2023-12-15T00:00:00+00:00
[2023-12-15T11:59:53.874+0000] {processor.py:179} INFO - Processing /home/airflow/.local/lib/python3.8/site-packages/airflow/example_dags/example_nested_branch_dag.py took 0.424 seconds
[2023-12-15T12:00:24.423+0000] {processor.py:157} INFO - Started process (PID=2400) to work on /home/airflow/.local/lib/python3.8/site-packages/airflow/example_dags/example_nested_branch_dag.py
[2023-12-15T12:00:24.430+0000] {processor.py:829} INFO - Processing file /home/airflow/.local/lib/python3.8/site-packages/airflow/example_dags/example_nested_branch_dag.py for tasks to queue
[2023-12-15T12:00:24.472+0000] {logging_mixin.py:154} INFO - [2023-12-15T12:00:24.469+0000] {dagbag.py:536} INFO - Filling up the DagBag from /home/airflow/.local/lib/python3.8/site-packages/airflow/example_dags/example_nested_branch_dag.py
[2023-12-15T12:00:24.629+0000] {processor.py:839} INFO - DAG(s) dict_keys(['example_nested_branch_dag']) retrieved from /home/airflow/.local/lib/python3.8/site-packages/airflow/example_dags/example_nested_branch_dag.py
[2023-12-15T12:00:24.822+0000] {logging_mixin.py:154} INFO - [2023-12-15T12:00:24.822+0000] {dag.py:2941} INFO - Sync 1 DAGs
[2023-12-15T12:00:24.975+0000] {logging_mixin.py:154} INFO - [2023-12-15T12:00:24.975+0000] {dag.py:3722} INFO - Setting next_dagrun for example_nested_branch_dag to 2023-12-14T00:00:00+00:00, run_after=2023-12-15T00:00:00+00:00
[2023-12-15T12:00:25.061+0000] {processor.py:179} INFO - Processing /home/airflow/.local/lib/python3.8/site-packages/airflow/example_dags/example_nested_branch_dag.py took 0.673 seconds
[2023-12-15T12:00:56.498+0000] {processor.py:157} INFO - Started process (PID=2454) to work on /home/airflow/.local/lib/python3.8/site-packages/airflow/example_dags/example_nested_branch_dag.py
[2023-12-15T12:00:56.513+0000] {processor.py:829} INFO - Processing file /home/airflow/.local/lib/python3.8/site-packages/airflow/example_dags/example_nested_branch_dag.py for tasks to queue
[2023-12-15T12:00:56.547+0000] {logging_mixin.py:154} INFO - [2023-12-15T12:00:56.542+0000] {dagbag.py:536} INFO - Filling up the DagBag from /home/airflow/.local/lib/python3.8/site-packages/airflow/example_dags/example_nested_branch_dag.py
[2023-12-15T12:00:56.727+0000] {processor.py:839} INFO - DAG(s) dict_keys(['example_nested_branch_dag']) retrieved from /home/airflow/.local/lib/python3.8/site-packages/airflow/example_dags/example_nested_branch_dag.py
[2023-12-15T12:00:56.879+0000] {logging_mixin.py:154} INFO - [2023-12-15T12:00:56.879+0000] {dag.py:2941} INFO - Sync 1 DAGs
[2023-12-15T12:00:56.938+0000] {logging_mixin.py:154} INFO - [2023-12-15T12:00:56.938+0000] {dag.py:3722} INFO - Setting next_dagrun for example_nested_branch_dag to 2023-12-14T00:00:00+00:00, run_after=2023-12-15T00:00:00+00:00
[2023-12-15T12:00:56.977+0000] {processor.py:179} INFO - Processing /home/airflow/.local/lib/python3.8/site-packages/airflow/example_dags/example_nested_branch_dag.py took 0.515 seconds
[2023-12-15T12:01:27.893+0000] {processor.py:157} INFO - Started process (PID=2508) to work on /home/airflow/.local/lib/python3.8/site-packages/airflow/example_dags/example_nested_branch_dag.py
[2023-12-15T12:01:27.929+0000] {processor.py:829} INFO - Processing file /home/airflow/.local/lib/python3.8/site-packages/airflow/example_dags/example_nested_branch_dag.py for tasks to queue
[2023-12-15T12:01:28.037+0000] {logging_mixin.py:154} INFO - [2023-12-15T12:01:28.020+0000] {dagbag.py:536} INFO - Filling up the DagBag from /home/airflow/.local/lib/python3.8/site-packages/airflow/example_dags/example_nested_branch_dag.py
[2023-12-15T12:01:28.289+0000] {processor.py:839} INFO - DAG(s) dict_keys(['example_nested_branch_dag']) retrieved from /home/airflow/.local/lib/python3.8/site-packages/airflow/example_dags/example_nested_branch_dag.py
[2023-12-15T12:01:28.433+0000] {logging_mixin.py:154} INFO - [2023-12-15T12:01:28.433+0000] {dag.py:2941} INFO - Sync 1 DAGs
[2023-12-15T12:01:28.554+0000] {logging_mixin.py:154} INFO - [2023-12-15T12:01:28.553+0000] {dag.py:3722} INFO - Setting next_dagrun for example_nested_branch_dag to 2023-12-14T00:00:00+00:00, run_after=2023-12-15T00:00:00+00:00
[2023-12-15T12:01:28.616+0000] {processor.py:179} INFO - Processing /home/airflow/.local/lib/python3.8/site-packages/airflow/example_dags/example_nested_branch_dag.py took 0.866 seconds
[2023-12-15T12:01:59.891+0000] {processor.py:157} INFO - Started process (PID=2562) to work on /home/airflow/.local/lib/python3.8/site-packages/airflow/example_dags/example_nested_branch_dag.py
[2023-12-15T12:01:59.894+0000] {processor.py:829} INFO - Processing file /home/airflow/.local/lib/python3.8/site-packages/airflow/example_dags/example_nested_branch_dag.py for tasks to queue
[2023-12-15T12:01:59.919+0000] {logging_mixin.py:154} INFO - [2023-12-15T12:01:59.917+0000] {dagbag.py:536} INFO - Filling up the DagBag from /home/airflow/.local/lib/python3.8/site-packages/airflow/example_dags/example_nested_branch_dag.py
[2023-12-15T12:01:59.988+0000] {processor.py:839} INFO - DAG(s) dict_keys(['example_nested_branch_dag']) retrieved from /home/airflow/.local/lib/python3.8/site-packages/airflow/example_dags/example_nested_branch_dag.py
[2023-12-15T12:02:00.153+0000] {logging_mixin.py:154} INFO - [2023-12-15T12:02:00.153+0000] {dag.py:2941} INFO - Sync 1 DAGs
[2023-12-15T12:02:00.262+0000] {logging_mixin.py:154} INFO - [2023-12-15T12:02:00.260+0000] {dag.py:3722} INFO - Setting next_dagrun for example_nested_branch_dag to 2023-12-14T00:00:00+00:00, run_after=2023-12-15T00:00:00+00:00
[2023-12-15T12:02:00.296+0000] {processor.py:179} INFO - Processing /home/airflow/.local/lib/python3.8/site-packages/airflow/example_dags/example_nested_branch_dag.py took 0.432 seconds
[2023-12-15T12:02:31.238+0000] {processor.py:157} INFO - Started process (PID=2616) to work on /home/airflow/.local/lib/python3.8/site-packages/airflow/example_dags/example_nested_branch_dag.py
[2023-12-15T12:02:31.243+0000] {processor.py:829} INFO - Processing file /home/airflow/.local/lib/python3.8/site-packages/airflow/example_dags/example_nested_branch_dag.py for tasks to queue
[2023-12-15T12:02:31.260+0000] {logging_mixin.py:154} INFO - [2023-12-15T12:02:31.257+0000] {dagbag.py:536} INFO - Filling up the DagBag from /home/airflow/.local/lib/python3.8/site-packages/airflow/example_dags/example_nested_branch_dag.py
[2023-12-15T12:02:31.347+0000] {processor.py:839} INFO - DAG(s) dict_keys(['example_nested_branch_dag']) retrieved from /home/airflow/.local/lib/python3.8/site-packages/airflow/example_dags/example_nested_branch_dag.py
[2023-12-15T12:02:31.402+0000] {logging_mixin.py:154} INFO - [2023-12-15T12:02:31.401+0000] {dag.py:2941} INFO - Sync 1 DAGs
[2023-12-15T12:02:31.445+0000] {logging_mixin.py:154} INFO - [2023-12-15T12:02:31.445+0000] {dag.py:3722} INFO - Setting next_dagrun for example_nested_branch_dag to 2023-12-14T00:00:00+00:00, run_after=2023-12-15T00:00:00+00:00
[2023-12-15T12:02:31.482+0000] {processor.py:179} INFO - Processing /home/airflow/.local/lib/python3.8/site-packages/airflow/example_dags/example_nested_branch_dag.py took 0.251 seconds
[2023-12-15T12:03:01.957+0000] {processor.py:157} INFO - Started process (PID=2670) to work on /home/airflow/.local/lib/python3.8/site-packages/airflow/example_dags/example_nested_branch_dag.py
[2023-12-15T12:03:01.974+0000] {processor.py:829} INFO - Processing file /home/airflow/.local/lib/python3.8/site-packages/airflow/example_dags/example_nested_branch_dag.py for tasks to queue
[2023-12-15T12:03:02.032+0000] {logging_mixin.py:154} INFO - [2023-12-15T12:03:02.031+0000] {dagbag.py:536} INFO - Filling up the DagBag from /home/airflow/.local/lib/python3.8/site-packages/airflow/example_dags/example_nested_branch_dag.py
[2023-12-15T12:03:02.163+0000] {processor.py:839} INFO - DAG(s) dict_keys(['example_nested_branch_dag']) retrieved from /home/airflow/.local/lib/python3.8/site-packages/airflow/example_dags/example_nested_branch_dag.py
[2023-12-15T12:03:02.304+0000] {logging_mixin.py:154} INFO - [2023-12-15T12:03:02.304+0000] {dag.py:2941} INFO - Sync 1 DAGs
[2023-12-15T12:03:02.417+0000] {logging_mixin.py:154} INFO - [2023-12-15T12:03:02.417+0000] {dag.py:3722} INFO - Setting next_dagrun for example_nested_branch_dag to 2023-12-14T00:00:00+00:00, run_after=2023-12-15T00:00:00+00:00
[2023-12-15T12:03:02.505+0000] {processor.py:179} INFO - Processing /home/airflow/.local/lib/python3.8/site-packages/airflow/example_dags/example_nested_branch_dag.py took 0.599 seconds
[2023-12-15T12:03:33.595+0000] {processor.py:157} INFO - Started process (PID=2724) to work on /home/airflow/.local/lib/python3.8/site-packages/airflow/example_dags/example_nested_branch_dag.py
[2023-12-15T12:03:33.607+0000] {processor.py:829} INFO - Processing file /home/airflow/.local/lib/python3.8/site-packages/airflow/example_dags/example_nested_branch_dag.py for tasks to queue
[2023-12-15T12:03:33.616+0000] {logging_mixin.py:154} INFO - [2023-12-15T12:03:33.615+0000] {dagbag.py:536} INFO - Filling up the DagBag from /home/airflow/.local/lib/python3.8/site-packages/airflow/example_dags/example_nested_branch_dag.py
[2023-12-15T12:03:33.691+0000] {processor.py:839} INFO - DAG(s) dict_keys(['example_nested_branch_dag']) retrieved from /home/airflow/.local/lib/python3.8/site-packages/airflow/example_dags/example_nested_branch_dag.py
[2023-12-15T12:03:33.773+0000] {logging_mixin.py:154} INFO - [2023-12-15T12:03:33.773+0000] {dag.py:2941} INFO - Sync 1 DAGs
[2023-12-15T12:03:33.828+0000] {logging_mixin.py:154} INFO - [2023-12-15T12:03:33.828+0000] {dag.py:3722} INFO - Setting next_dagrun for example_nested_branch_dag to 2023-12-14T00:00:00+00:00, run_after=2023-12-15T00:00:00+00:00
[2023-12-15T12:03:33.860+0000] {processor.py:179} INFO - Processing /home/airflow/.local/lib/python3.8/site-packages/airflow/example_dags/example_nested_branch_dag.py took 0.291 seconds
[2023-12-15T12:04:04.005+0000] {processor.py:157} INFO - Started process (PID=2776) to work on /home/airflow/.local/lib/python3.8/site-packages/airflow/example_dags/example_nested_branch_dag.py
[2023-12-15T12:04:04.009+0000] {processor.py:829} INFO - Processing file /home/airflow/.local/lib/python3.8/site-packages/airflow/example_dags/example_nested_branch_dag.py for tasks to queue
[2023-12-15T12:04:04.012+0000] {logging_mixin.py:154} INFO - [2023-12-15T12:04:04.012+0000] {dagbag.py:536} INFO - Filling up the DagBag from /home/airflow/.local/lib/python3.8/site-packages/airflow/example_dags/example_nested_branch_dag.py
[2023-12-15T12:04:04.061+0000] {processor.py:839} INFO - DAG(s) dict_keys(['example_nested_branch_dag']) retrieved from /home/airflow/.local/lib/python3.8/site-packages/airflow/example_dags/example_nested_branch_dag.py
[2023-12-15T12:04:04.127+0000] {logging_mixin.py:154} INFO - [2023-12-15T12:04:04.127+0000] {dag.py:2941} INFO - Sync 1 DAGs
[2023-12-15T12:04:04.176+0000] {logging_mixin.py:154} INFO - [2023-12-15T12:04:04.176+0000] {dag.py:3722} INFO - Setting next_dagrun for example_nested_branch_dag to 2023-12-14T00:00:00+00:00, run_after=2023-12-15T00:00:00+00:00
[2023-12-15T12:04:04.191+0000] {processor.py:179} INFO - Processing /home/airflow/.local/lib/python3.8/site-packages/airflow/example_dags/example_nested_branch_dag.py took 0.199 seconds
[2023-12-15T12:04:35.480+0000] {processor.py:157} INFO - Started process (PID=2830) to work on /home/airflow/.local/lib/python3.8/site-packages/airflow/example_dags/example_nested_branch_dag.py
[2023-12-15T12:04:35.482+0000] {processor.py:829} INFO - Processing file /home/airflow/.local/lib/python3.8/site-packages/airflow/example_dags/example_nested_branch_dag.py for tasks to queue
[2023-12-15T12:04:35.493+0000] {logging_mixin.py:154} INFO - [2023-12-15T12:04:35.492+0000] {dagbag.py:536} INFO - Filling up the DagBag from /home/airflow/.local/lib/python3.8/site-packages/airflow/example_dags/example_nested_branch_dag.py
[2023-12-15T12:04:35.559+0000] {processor.py:839} INFO - DAG(s) dict_keys(['example_nested_branch_dag']) retrieved from /home/airflow/.local/lib/python3.8/site-packages/airflow/example_dags/example_nested_branch_dag.py
[2023-12-15T12:04:35.653+0000] {logging_mixin.py:154} INFO - [2023-12-15T12:04:35.653+0000] {dag.py:2941} INFO - Sync 1 DAGs
[2023-12-15T12:04:35.678+0000] {logging_mixin.py:154} INFO - [2023-12-15T12:04:35.678+0000] {dag.py:3722} INFO - Setting next_dagrun for example_nested_branch_dag to 2023-12-14T00:00:00+00:00, run_after=2023-12-15T00:00:00+00:00
[2023-12-15T12:04:35.708+0000] {processor.py:179} INFO - Processing /home/airflow/.local/lib/python3.8/site-packages/airflow/example_dags/example_nested_branch_dag.py took 0.236 seconds
[2023-12-15T12:05:05.826+0000] {processor.py:157} INFO - Started process (PID=2883) to work on /home/airflow/.local/lib/python3.8/site-packages/airflow/example_dags/example_nested_branch_dag.py
[2023-12-15T12:05:05.829+0000] {processor.py:829} INFO - Processing file /home/airflow/.local/lib/python3.8/site-packages/airflow/example_dags/example_nested_branch_dag.py for tasks to queue
[2023-12-15T12:05:05.832+0000] {logging_mixin.py:154} INFO - [2023-12-15T12:05:05.832+0000] {dagbag.py:536} INFO - Filling up the DagBag from /home/airflow/.local/lib/python3.8/site-packages/airflow/example_dags/example_nested_branch_dag.py
[2023-12-15T12:05:05.938+0000] {processor.py:839} INFO - DAG(s) dict_keys(['example_nested_branch_dag']) retrieved from /home/airflow/.local/lib/python3.8/site-packages/airflow/example_dags/example_nested_branch_dag.py
[2023-12-15T12:05:06.000+0000] {logging_mixin.py:154} INFO - [2023-12-15T12:05:06.000+0000] {dag.py:2941} INFO - Sync 1 DAGs
[2023-12-15T12:05:06.088+0000] {logging_mixin.py:154} INFO - [2023-12-15T12:05:06.088+0000] {dag.py:3722} INFO - Setting next_dagrun for example_nested_branch_dag to 2023-12-14T00:00:00+00:00, run_after=2023-12-15T00:00:00+00:00
[2023-12-15T12:05:06.144+0000] {processor.py:179} INFO - Processing /home/airflow/.local/lib/python3.8/site-packages/airflow/example_dags/example_nested_branch_dag.py took 0.325 seconds
[2023-12-15T12:05:37.670+0000] {processor.py:157} INFO - Started process (PID=2937) to work on /home/airflow/.local/lib/python3.8/site-packages/airflow/example_dags/example_nested_branch_dag.py
[2023-12-15T12:05:37.676+0000] {processor.py:829} INFO - Processing file /home/airflow/.local/lib/python3.8/site-packages/airflow/example_dags/example_nested_branch_dag.py for tasks to queue
[2023-12-15T12:05:37.684+0000] {logging_mixin.py:154} INFO - [2023-12-15T12:05:37.684+0000] {dagbag.py:536} INFO - Filling up the DagBag from /home/airflow/.local/lib/python3.8/site-packages/airflow/example_dags/example_nested_branch_dag.py
[2023-12-15T12:05:38.034+0000] {processor.py:839} INFO - DAG(s) dict_keys(['example_nested_branch_dag']) retrieved from /home/airflow/.local/lib/python3.8/site-packages/airflow/example_dags/example_nested_branch_dag.py
[2023-12-15T12:05:38.257+0000] {logging_mixin.py:154} INFO - [2023-12-15T12:05:38.256+0000] {dag.py:2941} INFO - Sync 1 DAGs
[2023-12-15T12:05:38.584+0000] {logging_mixin.py:154} INFO - [2023-12-15T12:05:38.583+0000] {dag.py:3722} INFO - Setting next_dagrun for example_nested_branch_dag to 2023-12-14T00:00:00+00:00, run_after=2023-12-15T00:00:00+00:00
[2023-12-15T12:05:38.727+0000] {processor.py:179} INFO - Processing /home/airflow/.local/lib/python3.8/site-packages/airflow/example_dags/example_nested_branch_dag.py took 1.085 seconds
[2023-12-15T12:06:09.699+0000] {processor.py:157} INFO - Started process (PID=2991) to work on /home/airflow/.local/lib/python3.8/site-packages/airflow/example_dags/example_nested_branch_dag.py
[2023-12-15T12:06:09.704+0000] {processor.py:829} INFO - Processing file /home/airflow/.local/lib/python3.8/site-packages/airflow/example_dags/example_nested_branch_dag.py for tasks to queue
[2023-12-15T12:06:09.731+0000] {logging_mixin.py:154} INFO - [2023-12-15T12:06:09.727+0000] {dagbag.py:536} INFO - Filling up the DagBag from /home/airflow/.local/lib/python3.8/site-packages/airflow/example_dags/example_nested_branch_dag.py
[2023-12-15T12:06:09.978+0000] {processor.py:839} INFO - DAG(s) dict_keys(['example_nested_branch_dag']) retrieved from /home/airflow/.local/lib/python3.8/site-packages/airflow/example_dags/example_nested_branch_dag.py
[2023-12-15T12:06:10.196+0000] {logging_mixin.py:154} INFO - [2023-12-15T12:06:10.194+0000] {dag.py:2941} INFO - Sync 1 DAGs
[2023-12-15T12:06:10.269+0000] {logging_mixin.py:154} INFO - [2023-12-15T12:06:10.269+0000] {dag.py:3722} INFO - Setting next_dagrun for example_nested_branch_dag to 2023-12-14T00:00:00+00:00, run_after=2023-12-15T00:00:00+00:00
[2023-12-15T12:06:10.345+0000] {processor.py:179} INFO - Processing /home/airflow/.local/lib/python3.8/site-packages/airflow/example_dags/example_nested_branch_dag.py took 0.663 seconds
[2023-12-15T12:06:40.693+0000] {processor.py:157} INFO - Started process (PID=3045) to work on /home/airflow/.local/lib/python3.8/site-packages/airflow/example_dags/example_nested_branch_dag.py
[2023-12-15T12:06:40.696+0000] {processor.py:829} INFO - Processing file /home/airflow/.local/lib/python3.8/site-packages/airflow/example_dags/example_nested_branch_dag.py for tasks to queue
[2023-12-15T12:06:40.705+0000] {logging_mixin.py:154} INFO - [2023-12-15T12:06:40.704+0000] {dagbag.py:536} INFO - Filling up the DagBag from /home/airflow/.local/lib/python3.8/site-packages/airflow/example_dags/example_nested_branch_dag.py
[2023-12-15T12:06:40.861+0000] {processor.py:839} INFO - DAG(s) dict_keys(['example_nested_branch_dag']) retrieved from /home/airflow/.local/lib/python3.8/site-packages/airflow/example_dags/example_nested_branch_dag.py
[2023-12-15T12:06:40.968+0000] {logging_mixin.py:154} INFO - [2023-12-15T12:06:40.968+0000] {dag.py:2941} INFO - Sync 1 DAGs
[2023-12-15T12:06:41.074+0000] {logging_mixin.py:154} INFO - [2023-12-15T12:06:41.074+0000] {dag.py:3722} INFO - Setting next_dagrun for example_nested_branch_dag to 2023-12-14T00:00:00+00:00, run_after=2023-12-15T00:00:00+00:00
[2023-12-15T12:06:41.100+0000] {processor.py:179} INFO - Processing /home/airflow/.local/lib/python3.8/site-packages/airflow/example_dags/example_nested_branch_dag.py took 0.415 seconds
[2023-12-15T12:07:12.146+0000] {processor.py:157} INFO - Started process (PID=3098) to work on /home/airflow/.local/lib/python3.8/site-packages/airflow/example_dags/example_nested_branch_dag.py
[2023-12-15T12:07:12.150+0000] {processor.py:829} INFO - Processing file /home/airflow/.local/lib/python3.8/site-packages/airflow/example_dags/example_nested_branch_dag.py for tasks to queue
[2023-12-15T12:07:12.220+0000] {logging_mixin.py:154} INFO - [2023-12-15T12:07:12.208+0000] {dagbag.py:536} INFO - Filling up the DagBag from /home/airflow/.local/lib/python3.8/site-packages/airflow/example_dags/example_nested_branch_dag.py
[2023-12-15T12:07:12.394+0000] {processor.py:839} INFO - DAG(s) dict_keys(['example_nested_branch_dag']) retrieved from /home/airflow/.local/lib/python3.8/site-packages/airflow/example_dags/example_nested_branch_dag.py
[2023-12-15T12:07:12.611+0000] {logging_mixin.py:154} INFO - [2023-12-15T12:07:12.610+0000] {dag.py:2941} INFO - Sync 1 DAGs
[2023-12-15T12:07:12.748+0000] {logging_mixin.py:154} INFO - [2023-12-15T12:07:12.748+0000] {dag.py:3722} INFO - Setting next_dagrun for example_nested_branch_dag to 2023-12-14T00:00:00+00:00, run_after=2023-12-15T00:00:00+00:00
[2023-12-15T12:07:12.835+0000] {processor.py:179} INFO - Processing /home/airflow/.local/lib/python3.8/site-packages/airflow/example_dags/example_nested_branch_dag.py took 0.737 seconds
[2023-12-15T12:07:43.580+0000] {processor.py:157} INFO - Started process (PID=3152) to work on /home/airflow/.local/lib/python3.8/site-packages/airflow/example_dags/example_nested_branch_dag.py
[2023-12-15T12:07:43.591+0000] {processor.py:829} INFO - Processing file /home/airflow/.local/lib/python3.8/site-packages/airflow/example_dags/example_nested_branch_dag.py for tasks to queue
[2023-12-15T12:07:43.604+0000] {logging_mixin.py:154} INFO - [2023-12-15T12:07:43.603+0000] {dagbag.py:536} INFO - Filling up the DagBag from /home/airflow/.local/lib/python3.8/site-packages/airflow/example_dags/example_nested_branch_dag.py
[2023-12-15T12:07:43.725+0000] {processor.py:839} INFO - DAG(s) dict_keys(['example_nested_branch_dag']) retrieved from /home/airflow/.local/lib/python3.8/site-packages/airflow/example_dags/example_nested_branch_dag.py
[2023-12-15T12:07:43.836+0000] {logging_mixin.py:154} INFO - [2023-12-15T12:07:43.836+0000] {dag.py:2941} INFO - Sync 1 DAGs
[2023-12-15T12:07:43.918+0000] {logging_mixin.py:154} INFO - [2023-12-15T12:07:43.918+0000] {dag.py:3722} INFO - Setting next_dagrun for example_nested_branch_dag to 2023-12-14T00:00:00+00:00, run_after=2023-12-15T00:00:00+00:00
[2023-12-15T12:07:43.959+0000] {processor.py:179} INFO - Processing /home/airflow/.local/lib/python3.8/site-packages/airflow/example_dags/example_nested_branch_dag.py took 0.419 seconds
[2023-12-15T12:08:14.627+0000] {processor.py:157} INFO - Started process (PID=3206) to work on /home/airflow/.local/lib/python3.8/site-packages/airflow/example_dags/example_nested_branch_dag.py
[2023-12-15T12:08:14.629+0000] {processor.py:829} INFO - Processing file /home/airflow/.local/lib/python3.8/site-packages/airflow/example_dags/example_nested_branch_dag.py for tasks to queue
[2023-12-15T12:08:14.653+0000] {logging_mixin.py:154} INFO - [2023-12-15T12:08:14.649+0000] {dagbag.py:536} INFO - Filling up the DagBag from /home/airflow/.local/lib/python3.8/site-packages/airflow/example_dags/example_nested_branch_dag.py
[2023-12-15T12:08:14.770+0000] {processor.py:839} INFO - DAG(s) dict_keys(['example_nested_branch_dag']) retrieved from /home/airflow/.local/lib/python3.8/site-packages/airflow/example_dags/example_nested_branch_dag.py
[2023-12-15T12:08:14.920+0000] {logging_mixin.py:154} INFO - [2023-12-15T12:08:14.920+0000] {dag.py:2941} INFO - Sync 1 DAGs
[2023-12-15T12:08:15.094+0000] {logging_mixin.py:154} INFO - [2023-12-15T12:08:15.094+0000] {dag.py:3722} INFO - Setting next_dagrun for example_nested_branch_dag to 2023-12-14T00:00:00+00:00, run_after=2023-12-15T00:00:00+00:00
[2023-12-15T12:08:15.168+0000] {processor.py:179} INFO - Processing /home/airflow/.local/lib/python3.8/site-packages/airflow/example_dags/example_nested_branch_dag.py took 0.596 seconds
[2023-12-15T12:08:45.380+0000] {processor.py:157} INFO - Started process (PID=3260) to work on /home/airflow/.local/lib/python3.8/site-packages/airflow/example_dags/example_nested_branch_dag.py
[2023-12-15T12:08:45.381+0000] {processor.py:829} INFO - Processing file /home/airflow/.local/lib/python3.8/site-packages/airflow/example_dags/example_nested_branch_dag.py for tasks to queue
[2023-12-15T12:08:45.385+0000] {logging_mixin.py:154} INFO - [2023-12-15T12:08:45.384+0000] {dagbag.py:536} INFO - Filling up the DagBag from /home/airflow/.local/lib/python3.8/site-packages/airflow/example_dags/example_nested_branch_dag.py
[2023-12-15T12:08:45.433+0000] {processor.py:839} INFO - DAG(s) dict_keys(['example_nested_branch_dag']) retrieved from /home/airflow/.local/lib/python3.8/site-packages/airflow/example_dags/example_nested_branch_dag.py
[2023-12-15T12:08:45.539+0000] {logging_mixin.py:154} INFO - [2023-12-15T12:08:45.538+0000] {dag.py:2941} INFO - Sync 1 DAGs
[2023-12-15T12:08:45.696+0000] {logging_mixin.py:154} INFO - [2023-12-15T12:08:45.696+0000] {dag.py:3722} INFO - Setting next_dagrun for example_nested_branch_dag to 2023-12-14T00:00:00+00:00, run_after=2023-12-15T00:00:00+00:00
[2023-12-15T12:08:45.817+0000] {processor.py:179} INFO - Processing /home/airflow/.local/lib/python3.8/site-packages/airflow/example_dags/example_nested_branch_dag.py took 0.455 seconds
[2023-12-15T12:09:17.406+0000] {processor.py:157} INFO - Started process (PID=3313) to work on /home/airflow/.local/lib/python3.8/site-packages/airflow/example_dags/example_nested_branch_dag.py
[2023-12-15T12:09:17.410+0000] {processor.py:829} INFO - Processing file /home/airflow/.local/lib/python3.8/site-packages/airflow/example_dags/example_nested_branch_dag.py for tasks to queue
[2023-12-15T12:09:17.429+0000] {logging_mixin.py:154} INFO - [2023-12-15T12:09:17.424+0000] {dagbag.py:536} INFO - Filling up the DagBag from /home/airflow/.local/lib/python3.8/site-packages/airflow/example_dags/example_nested_branch_dag.py
[2023-12-15T12:09:17.531+0000] {processor.py:839} INFO - DAG(s) dict_keys(['example_nested_branch_dag']) retrieved from /home/airflow/.local/lib/python3.8/site-packages/airflow/example_dags/example_nested_branch_dag.py
[2023-12-15T12:09:17.636+0000] {logging_mixin.py:154} INFO - [2023-12-15T12:09:17.636+0000] {dag.py:2941} INFO - Sync 1 DAGs
[2023-12-15T12:09:17.703+0000] {logging_mixin.py:154} INFO - [2023-12-15T12:09:17.703+0000] {dag.py:3722} INFO - Setting next_dagrun for example_nested_branch_dag to 2023-12-14T00:00:00+00:00, run_after=2023-12-15T00:00:00+00:00
[2023-12-15T12:09:17.718+0000] {processor.py:179} INFO - Processing /home/airflow/.local/lib/python3.8/site-packages/airflow/example_dags/example_nested_branch_dag.py took 0.325 seconds
[2023-12-15T12:09:48.747+0000] {processor.py:157} INFO - Started process (PID=3366) to work on /home/airflow/.local/lib/python3.8/site-packages/airflow/example_dags/example_nested_branch_dag.py
[2023-12-15T12:09:48.765+0000] {processor.py:829} INFO - Processing file /home/airflow/.local/lib/python3.8/site-packages/airflow/example_dags/example_nested_branch_dag.py for tasks to queue
[2023-12-15T12:09:48.798+0000] {logging_mixin.py:154} INFO - [2023-12-15T12:09:48.788+0000] {dagbag.py:536} INFO - Filling up the DagBag from /home/airflow/.local/lib/python3.8/site-packages/airflow/example_dags/example_nested_branch_dag.py
[2023-12-15T12:09:48.977+0000] {processor.py:839} INFO - DAG(s) dict_keys(['example_nested_branch_dag']) retrieved from /home/airflow/.local/lib/python3.8/site-packages/airflow/example_dags/example_nested_branch_dag.py
[2023-12-15T12:09:49.086+0000] {logging_mixin.py:154} INFO - [2023-12-15T12:09:49.086+0000] {dag.py:2941} INFO - Sync 1 DAGs
[2023-12-15T12:09:49.211+0000] {logging_mixin.py:154} INFO - [2023-12-15T12:09:49.211+0000] {dag.py:3722} INFO - Setting next_dagrun for example_nested_branch_dag to 2023-12-14T00:00:00+00:00, run_after=2023-12-15T00:00:00+00:00
[2023-12-15T12:09:49.246+0000] {processor.py:179} INFO - Processing /home/airflow/.local/lib/python3.8/site-packages/airflow/example_dags/example_nested_branch_dag.py took 0.574 seconds
[2023-12-15T12:10:19.828+0000] {processor.py:157} INFO - Started process (PID=3420) to work on /home/airflow/.local/lib/python3.8/site-packages/airflow/example_dags/example_nested_branch_dag.py
[2023-12-15T12:10:19.831+0000] {processor.py:829} INFO - Processing file /home/airflow/.local/lib/python3.8/site-packages/airflow/example_dags/example_nested_branch_dag.py for tasks to queue
[2023-12-15T12:10:19.839+0000] {logging_mixin.py:154} INFO - [2023-12-15T12:10:19.838+0000] {dagbag.py:536} INFO - Filling up the DagBag from /home/airflow/.local/lib/python3.8/site-packages/airflow/example_dags/example_nested_branch_dag.py
[2023-12-15T12:10:19.920+0000] {processor.py:839} INFO - DAG(s) dict_keys(['example_nested_branch_dag']) retrieved from /home/airflow/.local/lib/python3.8/site-packages/airflow/example_dags/example_nested_branch_dag.py
[2023-12-15T12:10:19.998+0000] {logging_mixin.py:154} INFO - [2023-12-15T12:10:19.998+0000] {dag.py:2941} INFO - Sync 1 DAGs
[2023-12-15T12:10:20.060+0000] {logging_mixin.py:154} INFO - [2023-12-15T12:10:20.060+0000] {dag.py:3722} INFO - Setting next_dagrun for example_nested_branch_dag to 2023-12-14T00:00:00+00:00, run_after=2023-12-15T00:00:00+00:00
[2023-12-15T12:10:20.090+0000] {processor.py:179} INFO - Processing /home/airflow/.local/lib/python3.8/site-packages/airflow/example_dags/example_nested_branch_dag.py took 0.272 seconds
