[2023-12-15T11:36:53.241+0000] {processor.py:157} INFO - Started process (PID=37) to work on /home/airflow/.local/lib/python3.8/site-packages/airflow/example_dags/example_setup_teardown.py
[2023-12-15T11:36:53.244+0000] {processor.py:829} INFO - Processing file /home/airflow/.local/lib/python3.8/site-packages/airflow/example_dags/example_setup_teardown.py for tasks to queue
[2023-12-15T11:36:53.247+0000] {logging_mixin.py:154} INFO - [2023-12-15T11:36:53.247+0000] {dagbag.py:536} INFO - Filling up the DagBag from /home/airflow/.local/lib/python3.8/site-packages/airflow/example_dags/example_setup_teardown.py
[2023-12-15T11:36:53.259+0000] {processor.py:839} INFO - DAG(s) dict_keys(['example_setup_teardown']) retrieved from /home/airflow/.local/lib/python3.8/site-packages/airflow/example_dags/example_setup_teardown.py
[2023-12-15T11:36:53.290+0000] {logging_mixin.py:154} INFO - [2023-12-15T11:36:53.290+0000] {dag.py:2941} INFO - Sync 1 DAGs
[2023-12-15T11:36:53.310+0000] {logging_mixin.py:154} INFO - [2023-12-15T11:36:53.310+0000] {dag.py:3722} INFO - Setting next_dagrun for example_setup_teardown to 2023-12-14T11:36:53.309608+00:00, run_after=2023-12-15T11:36:53.309608+00:00
[2023-12-15T11:36:53.348+0000] {processor.py:179} INFO - Processing /home/airflow/.local/lib/python3.8/site-packages/airflow/example_dags/example_setup_teardown.py took 0.111 seconds
[2023-12-15T11:37:24.784+0000] {processor.py:157} INFO - Started process (PID=91) to work on /home/airflow/.local/lib/python3.8/site-packages/airflow/example_dags/example_setup_teardown.py
[2023-12-15T11:37:24.785+0000] {processor.py:829} INFO - Processing file /home/airflow/.local/lib/python3.8/site-packages/airflow/example_dags/example_setup_teardown.py for tasks to queue
[2023-12-15T11:37:24.786+0000] {logging_mixin.py:154} INFO - [2023-12-15T11:37:24.786+0000] {dagbag.py:536} INFO - Filling up the DagBag from /home/airflow/.local/lib/python3.8/site-packages/airflow/example_dags/example_setup_teardown.py
[2023-12-15T11:37:24.792+0000] {processor.py:839} INFO - DAG(s) dict_keys(['example_setup_teardown']) retrieved from /home/airflow/.local/lib/python3.8/site-packages/airflow/example_dags/example_setup_teardown.py
[2023-12-15T11:37:24.813+0000] {logging_mixin.py:154} INFO - [2023-12-15T11:37:24.812+0000] {dag.py:2941} INFO - Sync 1 DAGs
[2023-12-15T11:37:24.920+0000] {logging_mixin.py:154} INFO - [2023-12-15T11:37:24.920+0000] {dag.py:3722} INFO - Setting next_dagrun for example_setup_teardown to 2023-12-14T11:37:24.915407+00:00, run_after=2023-12-15T11:37:24.915407+00:00
[2023-12-15T11:37:24.954+0000] {processor.py:179} INFO - Processing /home/airflow/.local/lib/python3.8/site-packages/airflow/example_dags/example_setup_teardown.py took 0.172 seconds
[2023-12-15T11:37:55.276+0000] {processor.py:157} INFO - Started process (PID=145) to work on /home/airflow/.local/lib/python3.8/site-packages/airflow/example_dags/example_setup_teardown.py
[2023-12-15T11:37:55.276+0000] {processor.py:829} INFO - Processing file /home/airflow/.local/lib/python3.8/site-packages/airflow/example_dags/example_setup_teardown.py for tasks to queue
[2023-12-15T11:37:55.278+0000] {logging_mixin.py:154} INFO - [2023-12-15T11:37:55.278+0000] {dagbag.py:536} INFO - Filling up the DagBag from /home/airflow/.local/lib/python3.8/site-packages/airflow/example_dags/example_setup_teardown.py
[2023-12-15T11:37:55.283+0000] {processor.py:839} INFO - DAG(s) dict_keys(['example_setup_teardown']) retrieved from /home/airflow/.local/lib/python3.8/site-packages/airflow/example_dags/example_setup_teardown.py
[2023-12-15T11:37:55.296+0000] {logging_mixin.py:154} INFO - [2023-12-15T11:37:55.296+0000] {dag.py:2941} INFO - Sync 1 DAGs
[2023-12-15T11:37:55.312+0000] {logging_mixin.py:154} INFO - [2023-12-15T11:37:55.312+0000] {dag.py:3722} INFO - Setting next_dagrun for example_setup_teardown to 2023-12-14T11:37:55.312302+00:00, run_after=2023-12-15T11:37:55.312302+00:00
[2023-12-15T11:37:55.322+0000] {processor.py:179} INFO - Processing /home/airflow/.local/lib/python3.8/site-packages/airflow/example_dags/example_setup_teardown.py took 0.049 seconds
[2023-12-15T11:38:26.645+0000] {processor.py:157} INFO - Started process (PID=199) to work on /home/airflow/.local/lib/python3.8/site-packages/airflow/example_dags/example_setup_teardown.py
[2023-12-15T11:38:26.648+0000] {processor.py:829} INFO - Processing file /home/airflow/.local/lib/python3.8/site-packages/airflow/example_dags/example_setup_teardown.py for tasks to queue
[2023-12-15T11:38:26.652+0000] {logging_mixin.py:154} INFO - [2023-12-15T11:38:26.652+0000] {dagbag.py:536} INFO - Filling up the DagBag from /home/airflow/.local/lib/python3.8/site-packages/airflow/example_dags/example_setup_teardown.py
[2023-12-15T11:38:26.666+0000] {processor.py:839} INFO - DAG(s) dict_keys(['example_setup_teardown']) retrieved from /home/airflow/.local/lib/python3.8/site-packages/airflow/example_dags/example_setup_teardown.py
[2023-12-15T11:38:26.712+0000] {logging_mixin.py:154} INFO - [2023-12-15T11:38:26.712+0000] {dag.py:2941} INFO - Sync 1 DAGs
[2023-12-15T11:38:26.797+0000] {logging_mixin.py:154} INFO - [2023-12-15T11:38:26.796+0000] {dag.py:3722} INFO - Setting next_dagrun for example_setup_teardown to 2023-12-14T11:38:26.792849+00:00, run_after=2023-12-15T11:38:26.792849+00:00
[2023-12-15T11:38:26.861+0000] {processor.py:179} INFO - Processing /home/airflow/.local/lib/python3.8/site-packages/airflow/example_dags/example_setup_teardown.py took 0.224 seconds
[2023-12-15T11:38:57.665+0000] {processor.py:157} INFO - Started process (PID=251) to work on /home/airflow/.local/lib/python3.8/site-packages/airflow/example_dags/example_setup_teardown.py
[2023-12-15T11:38:57.667+0000] {processor.py:829} INFO - Processing file /home/airflow/.local/lib/python3.8/site-packages/airflow/example_dags/example_setup_teardown.py for tasks to queue
[2023-12-15T11:38:57.671+0000] {logging_mixin.py:154} INFO - [2023-12-15T11:38:57.671+0000] {dagbag.py:536} INFO - Filling up the DagBag from /home/airflow/.local/lib/python3.8/site-packages/airflow/example_dags/example_setup_teardown.py
[2023-12-15T11:38:57.684+0000] {processor.py:839} INFO - DAG(s) dict_keys(['example_setup_teardown']) retrieved from /home/airflow/.local/lib/python3.8/site-packages/airflow/example_dags/example_setup_teardown.py
[2023-12-15T11:38:57.730+0000] {logging_mixin.py:154} INFO - [2023-12-15T11:38:57.730+0000] {dag.py:2941} INFO - Sync 1 DAGs
[2023-12-15T11:38:57.774+0000] {logging_mixin.py:154} INFO - [2023-12-15T11:38:57.774+0000] {dag.py:3722} INFO - Setting next_dagrun for example_setup_teardown to 2023-12-14T11:38:57.773221+00:00, run_after=2023-12-15T11:38:57.773221+00:00
[2023-12-15T11:38:57.787+0000] {processor.py:179} INFO - Processing /home/airflow/.local/lib/python3.8/site-packages/airflow/example_dags/example_setup_teardown.py took 0.133 seconds
[2023-12-15T11:39:29.057+0000] {processor.py:157} INFO - Started process (PID=304) to work on /home/airflow/.local/lib/python3.8/site-packages/airflow/example_dags/example_setup_teardown.py
[2023-12-15T11:39:29.067+0000] {processor.py:829} INFO - Processing file /home/airflow/.local/lib/python3.8/site-packages/airflow/example_dags/example_setup_teardown.py for tasks to queue
[2023-12-15T11:39:29.091+0000] {logging_mixin.py:154} INFO - [2023-12-15T11:39:29.090+0000] {dagbag.py:536} INFO - Filling up the DagBag from /home/airflow/.local/lib/python3.8/site-packages/airflow/example_dags/example_setup_teardown.py
[2023-12-15T11:39:29.104+0000] {processor.py:839} INFO - DAG(s) dict_keys(['example_setup_teardown']) retrieved from /home/airflow/.local/lib/python3.8/site-packages/airflow/example_dags/example_setup_teardown.py
[2023-12-15T11:39:29.159+0000] {logging_mixin.py:154} INFO - [2023-12-15T11:39:29.159+0000] {dag.py:2941} INFO - Sync 1 DAGs
[2023-12-15T11:39:29.216+0000] {logging_mixin.py:154} INFO - [2023-12-15T11:39:29.215+0000] {dag.py:3722} INFO - Setting next_dagrun for example_setup_teardown to 2023-12-14T11:39:29.214876+00:00, run_after=2023-12-15T11:39:29.214876+00:00
[2023-12-15T11:39:29.254+0000] {processor.py:179} INFO - Processing /home/airflow/.local/lib/python3.8/site-packages/airflow/example_dags/example_setup_teardown.py took 0.228 seconds
[2023-12-15T11:40:00.672+0000] {processor.py:157} INFO - Started process (PID=358) to work on /home/airflow/.local/lib/python3.8/site-packages/airflow/example_dags/example_setup_teardown.py
[2023-12-15T11:40:00.702+0000] {processor.py:829} INFO - Processing file /home/airflow/.local/lib/python3.8/site-packages/airflow/example_dags/example_setup_teardown.py for tasks to queue
[2023-12-15T11:40:00.732+0000] {logging_mixin.py:154} INFO - [2023-12-15T11:40:00.732+0000] {dagbag.py:536} INFO - Filling up the DagBag from /home/airflow/.local/lib/python3.8/site-packages/airflow/example_dags/example_setup_teardown.py
[2023-12-15T11:40:00.769+0000] {processor.py:839} INFO - DAG(s) dict_keys(['example_setup_teardown']) retrieved from /home/airflow/.local/lib/python3.8/site-packages/airflow/example_dags/example_setup_teardown.py
[2023-12-15T11:40:00.856+0000] {logging_mixin.py:154} INFO - [2023-12-15T11:40:00.855+0000] {dag.py:2941} INFO - Sync 1 DAGs
[2023-12-15T11:40:00.913+0000] {logging_mixin.py:154} INFO - [2023-12-15T11:40:00.912+0000] {dag.py:3722} INFO - Setting next_dagrun for example_setup_teardown to 2023-12-14T11:40:00.911728+00:00, run_after=2023-12-15T11:40:00.911728+00:00
[2023-12-15T11:40:00.964+0000] {processor.py:179} INFO - Processing /home/airflow/.local/lib/python3.8/site-packages/airflow/example_dags/example_setup_teardown.py took 0.318 seconds
[2023-12-15T11:40:31.713+0000] {processor.py:157} INFO - Started process (PID=412) to work on /home/airflow/.local/lib/python3.8/site-packages/airflow/example_dags/example_setup_teardown.py
[2023-12-15T11:40:31.717+0000] {processor.py:829} INFO - Processing file /home/airflow/.local/lib/python3.8/site-packages/airflow/example_dags/example_setup_teardown.py for tasks to queue
[2023-12-15T11:40:31.774+0000] {logging_mixin.py:154} INFO - [2023-12-15T11:40:31.770+0000] {dagbag.py:536} INFO - Filling up the DagBag from /home/airflow/.local/lib/python3.8/site-packages/airflow/example_dags/example_setup_teardown.py
[2023-12-15T11:40:31.851+0000] {processor.py:839} INFO - DAG(s) dict_keys(['example_setup_teardown']) retrieved from /home/airflow/.local/lib/python3.8/site-packages/airflow/example_dags/example_setup_teardown.py
[2023-12-15T11:40:31.928+0000] {logging_mixin.py:154} INFO - [2023-12-15T11:40:31.927+0000] {dag.py:2941} INFO - Sync 1 DAGs
[2023-12-15T11:40:31.972+0000] {logging_mixin.py:154} INFO - [2023-12-15T11:40:31.971+0000] {dag.py:3722} INFO - Setting next_dagrun for example_setup_teardown to 2023-12-14T11:40:31.968584+00:00, run_after=2023-12-15T11:40:31.968584+00:00
[2023-12-15T11:40:32.015+0000] {processor.py:179} INFO - Processing /home/airflow/.local/lib/python3.8/site-packages/airflow/example_dags/example_setup_teardown.py took 0.309 seconds
[2023-12-15T11:41:02.339+0000] {processor.py:157} INFO - Started process (PID=466) to work on /home/airflow/.local/lib/python3.8/site-packages/airflow/example_dags/example_setup_teardown.py
[2023-12-15T11:41:02.342+0000] {processor.py:829} INFO - Processing file /home/airflow/.local/lib/python3.8/site-packages/airflow/example_dags/example_setup_teardown.py for tasks to queue
[2023-12-15T11:41:02.344+0000] {logging_mixin.py:154} INFO - [2023-12-15T11:41:02.344+0000] {dagbag.py:536} INFO - Filling up the DagBag from /home/airflow/.local/lib/python3.8/site-packages/airflow/example_dags/example_setup_teardown.py
[2023-12-15T11:41:02.353+0000] {processor.py:839} INFO - DAG(s) dict_keys(['example_setup_teardown']) retrieved from /home/airflow/.local/lib/python3.8/site-packages/airflow/example_dags/example_setup_teardown.py
[2023-12-15T11:41:02.388+0000] {logging_mixin.py:154} INFO - [2023-12-15T11:41:02.388+0000] {dag.py:2941} INFO - Sync 1 DAGs
[2023-12-15T11:41:02.436+0000] {logging_mixin.py:154} INFO - [2023-12-15T11:41:02.435+0000] {dag.py:3722} INFO - Setting next_dagrun for example_setup_teardown to 2023-12-14T11:41:02.434280+00:00, run_after=2023-12-15T11:41:02.434280+00:00
[2023-12-15T11:41:02.467+0000] {processor.py:179} INFO - Processing /home/airflow/.local/lib/python3.8/site-packages/airflow/example_dags/example_setup_teardown.py took 0.135 seconds
[2023-12-15T11:41:41.625+0000] {processor.py:157} INFO - Started process (PID=527) to work on /home/airflow/.local/lib/python3.8/site-packages/airflow/example_dags/example_setup_teardown.py
[2023-12-15T11:41:41.786+0000] {processor.py:829} INFO - Processing file /home/airflow/.local/lib/python3.8/site-packages/airflow/example_dags/example_setup_teardown.py for tasks to queue
[2023-12-15T11:41:41.811+0000] {logging_mixin.py:154} INFO - [2023-12-15T11:41:41.810+0000] {dagbag.py:536} INFO - Filling up the DagBag from /home/airflow/.local/lib/python3.8/site-packages/airflow/example_dags/example_setup_teardown.py
[2023-12-15T11:41:41.968+0000] {processor.py:839} INFO - DAG(s) dict_keys(['example_setup_teardown']) retrieved from /home/airflow/.local/lib/python3.8/site-packages/airflow/example_dags/example_setup_teardown.py
[2023-12-15T11:41:43.719+0000] {logging_mixin.py:154} INFO - [2023-12-15T11:41:43.699+0000] {dag.py:2941} INFO - Sync 1 DAGs
[2023-12-15T11:41:44.817+0000] {logging_mixin.py:154} INFO - [2023-12-15T11:41:44.810+0000] {dag.py:3722} INFO - Setting next_dagrun for example_setup_teardown to 2023-12-14T11:41:44.768092+00:00, run_after=2023-12-15T11:41:44.768092+00:00
[2023-12-15T11:41:45.388+0000] {processor.py:179} INFO - Processing /home/airflow/.local/lib/python3.8/site-packages/airflow/example_dags/example_setup_teardown.py took 3.790 seconds
[2023-12-15T11:42:17.719+0000] {processor.py:157} INFO - Started process (PID=581) to work on /home/airflow/.local/lib/python3.8/site-packages/airflow/example_dags/example_setup_teardown.py
[2023-12-15T11:42:17.724+0000] {processor.py:829} INFO - Processing file /home/airflow/.local/lib/python3.8/site-packages/airflow/example_dags/example_setup_teardown.py for tasks to queue
[2023-12-15T11:42:17.744+0000] {logging_mixin.py:154} INFO - [2023-12-15T11:42:17.742+0000] {dagbag.py:536} INFO - Filling up the DagBag from /home/airflow/.local/lib/python3.8/site-packages/airflow/example_dags/example_setup_teardown.py
[2023-12-15T11:42:17.785+0000] {processor.py:839} INFO - DAG(s) dict_keys(['example_setup_teardown']) retrieved from /home/airflow/.local/lib/python3.8/site-packages/airflow/example_dags/example_setup_teardown.py
[2023-12-15T11:42:18.057+0000] {logging_mixin.py:154} INFO - [2023-12-15T11:42:18.056+0000] {dag.py:2941} INFO - Sync 1 DAGs
[2023-12-15T11:42:18.318+0000] {logging_mixin.py:154} INFO - [2023-12-15T11:42:18.312+0000] {dag.py:3722} INFO - Setting next_dagrun for example_setup_teardown to 2023-12-14T11:42:18.298363+00:00, run_after=2023-12-15T11:42:18.298363+00:00
[2023-12-15T11:42:18.423+0000] {processor.py:179} INFO - Processing /home/airflow/.local/lib/python3.8/site-packages/airflow/example_dags/example_setup_teardown.py took 0.721 seconds
[2023-12-15T11:42:49.094+0000] {processor.py:157} INFO - Started process (PID=634) to work on /home/airflow/.local/lib/python3.8/site-packages/airflow/example_dags/example_setup_teardown.py
[2023-12-15T11:42:49.153+0000] {processor.py:829} INFO - Processing file /home/airflow/.local/lib/python3.8/site-packages/airflow/example_dags/example_setup_teardown.py for tasks to queue
[2023-12-15T11:42:49.203+0000] {logging_mixin.py:154} INFO - [2023-12-15T11:42:49.202+0000] {dagbag.py:536} INFO - Filling up the DagBag from /home/airflow/.local/lib/python3.8/site-packages/airflow/example_dags/example_setup_teardown.py
[2023-12-15T11:42:49.288+0000] {processor.py:839} INFO - DAG(s) dict_keys(['example_setup_teardown']) retrieved from /home/airflow/.local/lib/python3.8/site-packages/airflow/example_dags/example_setup_teardown.py
[2023-12-15T11:42:49.486+0000] {logging_mixin.py:154} INFO - [2023-12-15T11:42:49.486+0000] {dag.py:2941} INFO - Sync 1 DAGs
[2023-12-15T11:42:49.675+0000] {logging_mixin.py:154} INFO - [2023-12-15T11:42:49.673+0000] {dag.py:3722} INFO - Setting next_dagrun for example_setup_teardown to 2023-12-14T11:42:49.668196+00:00, run_after=2023-12-15T11:42:49.668196+00:00
[2023-12-15T11:42:49.787+0000] {processor.py:179} INFO - Processing /home/airflow/.local/lib/python3.8/site-packages/airflow/example_dags/example_setup_teardown.py took 0.757 seconds
[2023-12-15T11:43:20.652+0000] {processor.py:157} INFO - Started process (PID=688) to work on /home/airflow/.local/lib/python3.8/site-packages/airflow/example_dags/example_setup_teardown.py
[2023-12-15T11:43:20.663+0000] {processor.py:829} INFO - Processing file /home/airflow/.local/lib/python3.8/site-packages/airflow/example_dags/example_setup_teardown.py for tasks to queue
[2023-12-15T11:43:20.684+0000] {logging_mixin.py:154} INFO - [2023-12-15T11:43:20.684+0000] {dagbag.py:536} INFO - Filling up the DagBag from /home/airflow/.local/lib/python3.8/site-packages/airflow/example_dags/example_setup_teardown.py
[2023-12-15T11:43:20.767+0000] {processor.py:839} INFO - DAG(s) dict_keys(['example_setup_teardown']) retrieved from /home/airflow/.local/lib/python3.8/site-packages/airflow/example_dags/example_setup_teardown.py
[2023-12-15T11:43:21.022+0000] {logging_mixin.py:154} INFO - [2023-12-15T11:43:21.018+0000] {dag.py:2941} INFO - Sync 1 DAGs
[2023-12-15T11:43:21.133+0000] {logging_mixin.py:154} INFO - [2023-12-15T11:43:21.133+0000] {dag.py:3722} INFO - Setting next_dagrun for example_setup_teardown to 2023-12-14T11:43:21.132023+00:00, run_after=2023-12-15T11:43:21.132023+00:00
[2023-12-15T11:43:21.183+0000] {processor.py:179} INFO - Processing /home/airflow/.local/lib/python3.8/site-packages/airflow/example_dags/example_setup_teardown.py took 0.558 seconds
[2023-12-15T11:43:51.593+0000] {processor.py:157} INFO - Started process (PID=742) to work on /home/airflow/.local/lib/python3.8/site-packages/airflow/example_dags/example_setup_teardown.py
[2023-12-15T11:43:51.610+0000] {processor.py:829} INFO - Processing file /home/airflow/.local/lib/python3.8/site-packages/airflow/example_dags/example_setup_teardown.py for tasks to queue
[2023-12-15T11:43:51.636+0000] {logging_mixin.py:154} INFO - [2023-12-15T11:43:51.635+0000] {dagbag.py:536} INFO - Filling up the DagBag from /home/airflow/.local/lib/python3.8/site-packages/airflow/example_dags/example_setup_teardown.py
[2023-12-15T11:43:51.682+0000] {processor.py:839} INFO - DAG(s) dict_keys(['example_setup_teardown']) retrieved from /home/airflow/.local/lib/python3.8/site-packages/airflow/example_dags/example_setup_teardown.py
[2023-12-15T11:43:51.999+0000] {logging_mixin.py:154} INFO - [2023-12-15T11:43:51.999+0000] {dag.py:2941} INFO - Sync 1 DAGs
[2023-12-15T11:43:52.097+0000] {logging_mixin.py:154} INFO - [2023-12-15T11:43:52.096+0000] {dag.py:3722} INFO - Setting next_dagrun for example_setup_teardown to 2023-12-14T11:43:52.094698+00:00, run_after=2023-12-15T11:43:52.094698+00:00
[2023-12-15T11:43:52.178+0000] {processor.py:179} INFO - Processing /home/airflow/.local/lib/python3.8/site-packages/airflow/example_dags/example_setup_teardown.py took 0.611 seconds
[2023-12-15T11:44:22.545+0000] {processor.py:157} INFO - Started process (PID=796) to work on /home/airflow/.local/lib/python3.8/site-packages/airflow/example_dags/example_setup_teardown.py
[2023-12-15T11:44:22.548+0000] {processor.py:829} INFO - Processing file /home/airflow/.local/lib/python3.8/site-packages/airflow/example_dags/example_setup_teardown.py for tasks to queue
[2023-12-15T11:44:22.565+0000] {logging_mixin.py:154} INFO - [2023-12-15T11:44:22.563+0000] {dagbag.py:536} INFO - Filling up the DagBag from /home/airflow/.local/lib/python3.8/site-packages/airflow/example_dags/example_setup_teardown.py
[2023-12-15T11:44:22.622+0000] {processor.py:839} INFO - DAG(s) dict_keys(['example_setup_teardown']) retrieved from /home/airflow/.local/lib/python3.8/site-packages/airflow/example_dags/example_setup_teardown.py
[2023-12-15T11:44:22.741+0000] {logging_mixin.py:154} INFO - [2023-12-15T11:44:22.741+0000] {dag.py:2941} INFO - Sync 1 DAGs
[2023-12-15T11:44:22.786+0000] {logging_mixin.py:154} INFO - [2023-12-15T11:44:22.786+0000] {dag.py:3722} INFO - Setting next_dagrun for example_setup_teardown to 2023-12-14T11:44:22.785744+00:00, run_after=2023-12-15T11:44:22.785744+00:00
[2023-12-15T11:44:22.801+0000] {processor.py:179} INFO - Processing /home/airflow/.local/lib/python3.8/site-packages/airflow/example_dags/example_setup_teardown.py took 0.272 seconds
[2023-12-15T11:44:53.357+0000] {processor.py:157} INFO - Started process (PID=850) to work on /home/airflow/.local/lib/python3.8/site-packages/airflow/example_dags/example_setup_teardown.py
[2023-12-15T11:44:53.368+0000] {processor.py:829} INFO - Processing file /home/airflow/.local/lib/python3.8/site-packages/airflow/example_dags/example_setup_teardown.py for tasks to queue
[2023-12-15T11:44:53.390+0000] {logging_mixin.py:154} INFO - [2023-12-15T11:44:53.389+0000] {dagbag.py:536} INFO - Filling up the DagBag from /home/airflow/.local/lib/python3.8/site-packages/airflow/example_dags/example_setup_teardown.py
[2023-12-15T11:44:53.407+0000] {processor.py:839} INFO - DAG(s) dict_keys(['example_setup_teardown']) retrieved from /home/airflow/.local/lib/python3.8/site-packages/airflow/example_dags/example_setup_teardown.py
[2023-12-15T11:44:53.701+0000] {logging_mixin.py:154} INFO - [2023-12-15T11:44:53.701+0000] {dag.py:2941} INFO - Sync 1 DAGs
[2023-12-15T11:44:53.819+0000] {logging_mixin.py:154} INFO - [2023-12-15T11:44:53.817+0000] {dag.py:3722} INFO - Setting next_dagrun for example_setup_teardown to 2023-12-14T11:44:53.814316+00:00, run_after=2023-12-15T11:44:53.814316+00:00
[2023-12-15T11:44:53.885+0000] {processor.py:179} INFO - Processing /home/airflow/.local/lib/python3.8/site-packages/airflow/example_dags/example_setup_teardown.py took 0.535 seconds
[2023-12-15T11:45:24.598+0000] {processor.py:157} INFO - Started process (PID=904) to work on /home/airflow/.local/lib/python3.8/site-packages/airflow/example_dags/example_setup_teardown.py
[2023-12-15T11:45:24.601+0000] {processor.py:829} INFO - Processing file /home/airflow/.local/lib/python3.8/site-packages/airflow/example_dags/example_setup_teardown.py for tasks to queue
[2023-12-15T11:45:24.606+0000] {logging_mixin.py:154} INFO - [2023-12-15T11:45:24.605+0000] {dagbag.py:536} INFO - Filling up the DagBag from /home/airflow/.local/lib/python3.8/site-packages/airflow/example_dags/example_setup_teardown.py
[2023-12-15T11:45:24.631+0000] {processor.py:839} INFO - DAG(s) dict_keys(['example_setup_teardown']) retrieved from /home/airflow/.local/lib/python3.8/site-packages/airflow/example_dags/example_setup_teardown.py
[2023-12-15T11:45:24.721+0000] {logging_mixin.py:154} INFO - [2023-12-15T11:45:24.720+0000] {dag.py:2941} INFO - Sync 1 DAGs
[2023-12-15T11:45:24.770+0000] {logging_mixin.py:154} INFO - [2023-12-15T11:45:24.770+0000] {dag.py:3722} INFO - Setting next_dagrun for example_setup_teardown to 2023-12-14T11:45:24.769560+00:00, run_after=2023-12-15T11:45:24.769560+00:00
[2023-12-15T11:45:24.791+0000] {processor.py:179} INFO - Processing /home/airflow/.local/lib/python3.8/site-packages/airflow/example_dags/example_setup_teardown.py took 0.205 seconds
[2023-12-15T11:45:56.941+0000] {processor.py:157} INFO - Started process (PID=956) to work on /home/airflow/.local/lib/python3.8/site-packages/airflow/example_dags/example_setup_teardown.py
[2023-12-15T11:45:56.942+0000] {processor.py:829} INFO - Processing file /home/airflow/.local/lib/python3.8/site-packages/airflow/example_dags/example_setup_teardown.py for tasks to queue
[2023-12-15T11:45:56.945+0000] {logging_mixin.py:154} INFO - [2023-12-15T11:45:56.945+0000] {dagbag.py:536} INFO - Filling up the DagBag from /home/airflow/.local/lib/python3.8/site-packages/airflow/example_dags/example_setup_teardown.py
[2023-12-15T11:45:56.965+0000] {processor.py:839} INFO - DAG(s) dict_keys(['example_setup_teardown']) retrieved from /home/airflow/.local/lib/python3.8/site-packages/airflow/example_dags/example_setup_teardown.py
[2023-12-15T11:45:57.004+0000] {logging_mixin.py:154} INFO - [2023-12-15T11:45:57.003+0000] {dag.py:2941} INFO - Sync 1 DAGs
[2023-12-15T11:45:57.044+0000] {logging_mixin.py:154} INFO - [2023-12-15T11:45:57.044+0000] {dag.py:3722} INFO - Setting next_dagrun for example_setup_teardown to 2023-12-14T11:45:57.043439+00:00, run_after=2023-12-15T11:45:57.043439+00:00
[2023-12-15T11:45:58.058+0000] {processor.py:179} INFO - Processing /home/airflow/.local/lib/python3.8/site-packages/airflow/example_dags/example_setup_teardown.py took 1.121 seconds
[2023-12-15T11:46:28.365+0000] {processor.py:157} INFO - Started process (PID=1009) to work on /home/airflow/.local/lib/python3.8/site-packages/airflow/example_dags/example_setup_teardown.py
[2023-12-15T11:46:28.373+0000] {processor.py:829} INFO - Processing file /home/airflow/.local/lib/python3.8/site-packages/airflow/example_dags/example_setup_teardown.py for tasks to queue
[2023-12-15T11:46:28.397+0000] {logging_mixin.py:154} INFO - [2023-12-15T11:46:28.395+0000] {dagbag.py:536} INFO - Filling up the DagBag from /home/airflow/.local/lib/python3.8/site-packages/airflow/example_dags/example_setup_teardown.py
[2023-12-15T11:46:28.433+0000] {processor.py:839} INFO - DAG(s) dict_keys(['example_setup_teardown']) retrieved from /home/airflow/.local/lib/python3.8/site-packages/airflow/example_dags/example_setup_teardown.py
[2023-12-15T11:46:28.536+0000] {logging_mixin.py:154} INFO - [2023-12-15T11:46:28.536+0000] {dag.py:2941} INFO - Sync 1 DAGs
[2023-12-15T11:46:28.672+0000] {logging_mixin.py:154} INFO - [2023-12-15T11:46:28.672+0000] {dag.py:3722} INFO - Setting next_dagrun for example_setup_teardown to 2023-12-14T11:46:28.668998+00:00, run_after=2023-12-15T11:46:28.668998+00:00
[2023-12-15T11:46:28.738+0000] {processor.py:179} INFO - Processing /home/airflow/.local/lib/python3.8/site-packages/airflow/example_dags/example_setup_teardown.py took 0.383 seconds
[2023-12-15T11:47:01.615+0000] {processor.py:157} INFO - Started process (PID=1054) to work on /home/airflow/.local/lib/python3.8/site-packages/airflow/example_dags/example_setup_teardown.py
[2023-12-15T11:47:01.626+0000] {processor.py:829} INFO - Processing file /home/airflow/.local/lib/python3.8/site-packages/airflow/example_dags/example_setup_teardown.py for tasks to queue
[2023-12-15T11:47:01.639+0000] {logging_mixin.py:154} INFO - [2023-12-15T11:47:01.636+0000] {dagbag.py:536} INFO - Filling up the DagBag from /home/airflow/.local/lib/python3.8/site-packages/airflow/example_dags/example_setup_teardown.py
[2023-12-15T11:47:01.679+0000] {processor.py:839} INFO - DAG(s) dict_keys(['example_setup_teardown']) retrieved from /home/airflow/.local/lib/python3.8/site-packages/airflow/example_dags/example_setup_teardown.py
[2023-12-15T11:47:01.732+0000] {logging_mixin.py:154} INFO - [2023-12-15T11:47:01.732+0000] {dag.py:2941} INFO - Sync 1 DAGs
[2023-12-15T11:47:01.761+0000] {logging_mixin.py:154} INFO - [2023-12-15T11:47:01.761+0000] {dag.py:3722} INFO - Setting next_dagrun for example_setup_teardown to 2023-12-14T11:47:01.761056+00:00, run_after=2023-12-15T11:47:01.761056+00:00
[2023-12-15T11:47:01.804+0000] {processor.py:179} INFO - Processing /home/airflow/.local/lib/python3.8/site-packages/airflow/example_dags/example_setup_teardown.py took 0.197 seconds
[2023-12-15T11:47:32.140+0000] {processor.py:157} INFO - Started process (PID=1108) to work on /home/airflow/.local/lib/python3.8/site-packages/airflow/example_dags/example_setup_teardown.py
[2023-12-15T11:47:32.142+0000] {processor.py:829} INFO - Processing file /home/airflow/.local/lib/python3.8/site-packages/airflow/example_dags/example_setup_teardown.py for tasks to queue
[2023-12-15T11:47:32.145+0000] {logging_mixin.py:154} INFO - [2023-12-15T11:47:32.145+0000] {dagbag.py:536} INFO - Filling up the DagBag from /home/airflow/.local/lib/python3.8/site-packages/airflow/example_dags/example_setup_teardown.py
[2023-12-15T11:47:32.157+0000] {processor.py:839} INFO - DAG(s) dict_keys(['example_setup_teardown']) retrieved from /home/airflow/.local/lib/python3.8/site-packages/airflow/example_dags/example_setup_teardown.py
[2023-12-15T11:47:32.192+0000] {logging_mixin.py:154} INFO - [2023-12-15T11:47:32.191+0000] {dag.py:2941} INFO - Sync 1 DAGs
[2023-12-15T11:47:32.264+0000] {logging_mixin.py:154} INFO - [2023-12-15T11:47:32.264+0000] {dag.py:3722} INFO - Setting next_dagrun for example_setup_teardown to 2023-12-14T11:47:32.259699+00:00, run_after=2023-12-15T11:47:32.259699+00:00
[2023-12-15T11:47:32.320+0000] {processor.py:179} INFO - Processing /home/airflow/.local/lib/python3.8/site-packages/airflow/example_dags/example_setup_teardown.py took 0.183 seconds
[2023-12-15T11:48:03.428+0000] {processor.py:157} INFO - Started process (PID=1161) to work on /home/airflow/.local/lib/python3.8/site-packages/airflow/example_dags/example_setup_teardown.py
[2023-12-15T11:48:03.430+0000] {processor.py:829} INFO - Processing file /home/airflow/.local/lib/python3.8/site-packages/airflow/example_dags/example_setup_teardown.py for tasks to queue
[2023-12-15T11:48:03.433+0000] {logging_mixin.py:154} INFO - [2023-12-15T11:48:03.433+0000] {dagbag.py:536} INFO - Filling up the DagBag from /home/airflow/.local/lib/python3.8/site-packages/airflow/example_dags/example_setup_teardown.py
[2023-12-15T11:48:03.446+0000] {processor.py:839} INFO - DAG(s) dict_keys(['example_setup_teardown']) retrieved from /home/airflow/.local/lib/python3.8/site-packages/airflow/example_dags/example_setup_teardown.py
[2023-12-15T11:48:03.485+0000] {logging_mixin.py:154} INFO - [2023-12-15T11:48:03.484+0000] {dag.py:2941} INFO - Sync 1 DAGs
[2023-12-15T11:48:03.549+0000] {logging_mixin.py:154} INFO - [2023-12-15T11:48:03.548+0000] {dag.py:3722} INFO - Setting next_dagrun for example_setup_teardown to 2023-12-14T11:48:03.548089+00:00, run_after=2023-12-15T11:48:03.548089+00:00
[2023-12-15T11:48:03.586+0000] {processor.py:179} INFO - Processing /home/airflow/.local/lib/python3.8/site-packages/airflow/example_dags/example_setup_teardown.py took 0.163 seconds
[2023-12-15T11:48:44.702+0000] {processor.py:157} INFO - Started process (PID=1215) to work on /home/airflow/.local/lib/python3.8/site-packages/airflow/example_dags/example_setup_teardown.py
[2023-12-15T11:48:44.712+0000] {processor.py:829} INFO - Processing file /home/airflow/.local/lib/python3.8/site-packages/airflow/example_dags/example_setup_teardown.py for tasks to queue
[2023-12-15T11:48:44.723+0000] {logging_mixin.py:154} INFO - [2023-12-15T11:48:44.723+0000] {dagbag.py:536} INFO - Filling up the DagBag from /home/airflow/.local/lib/python3.8/site-packages/airflow/example_dags/example_setup_teardown.py
[2023-12-15T11:48:44.738+0000] {processor.py:839} INFO - DAG(s) dict_keys(['example_setup_teardown']) retrieved from /home/airflow/.local/lib/python3.8/site-packages/airflow/example_dags/example_setup_teardown.py
[2023-12-15T11:48:44.846+0000] {logging_mixin.py:154} INFO - [2023-12-15T11:48:44.846+0000] {dag.py:2941} INFO - Sync 1 DAGs
[2023-12-15T11:48:44.919+0000] {logging_mixin.py:154} INFO - [2023-12-15T11:48:44.919+0000] {dag.py:3722} INFO - Setting next_dagrun for example_setup_teardown to 2023-12-14T11:48:44.918580+00:00, run_after=2023-12-15T11:48:44.918580+00:00
[2023-12-15T11:48:44.987+0000] {processor.py:179} INFO - Processing /home/airflow/.local/lib/python3.8/site-packages/airflow/example_dags/example_setup_teardown.py took 0.290 seconds
[2023-12-15T11:49:15.438+0000] {processor.py:157} INFO - Started process (PID=1269) to work on /home/airflow/.local/lib/python3.8/site-packages/airflow/example_dags/example_setup_teardown.py
[2023-12-15T11:49:15.440+0000] {processor.py:829} INFO - Processing file /home/airflow/.local/lib/python3.8/site-packages/airflow/example_dags/example_setup_teardown.py for tasks to queue
[2023-12-15T11:49:15.442+0000] {logging_mixin.py:154} INFO - [2023-12-15T11:49:15.442+0000] {dagbag.py:536} INFO - Filling up the DagBag from /home/airflow/.local/lib/python3.8/site-packages/airflow/example_dags/example_setup_teardown.py
[2023-12-15T11:49:15.451+0000] {processor.py:839} INFO - DAG(s) dict_keys(['example_setup_teardown']) retrieved from /home/airflow/.local/lib/python3.8/site-packages/airflow/example_dags/example_setup_teardown.py
[2023-12-15T11:49:15.511+0000] {logging_mixin.py:154} INFO - [2023-12-15T11:49:15.511+0000] {dag.py:2941} INFO - Sync 1 DAGs
[2023-12-15T11:49:15.556+0000] {logging_mixin.py:154} INFO - [2023-12-15T11:49:15.556+0000] {dag.py:3722} INFO - Setting next_dagrun for example_setup_teardown to 2023-12-14T11:49:15.555518+00:00, run_after=2023-12-15T11:49:15.555518+00:00
[2023-12-15T11:49:16.024+0000] {processor.py:179} INFO - Processing /home/airflow/.local/lib/python3.8/site-packages/airflow/example_dags/example_setup_teardown.py took 0.588 seconds
[2023-12-15T11:49:46.584+0000] {processor.py:157} INFO - Started process (PID=1321) to work on /home/airflow/.local/lib/python3.8/site-packages/airflow/example_dags/example_setup_teardown.py
[2023-12-15T11:49:46.613+0000] {processor.py:829} INFO - Processing file /home/airflow/.local/lib/python3.8/site-packages/airflow/example_dags/example_setup_teardown.py for tasks to queue
[2023-12-15T11:49:46.639+0000] {logging_mixin.py:154} INFO - [2023-12-15T11:49:46.638+0000] {dagbag.py:536} INFO - Filling up the DagBag from /home/airflow/.local/lib/python3.8/site-packages/airflow/example_dags/example_setup_teardown.py
[2023-12-15T11:49:46.681+0000] {processor.py:839} INFO - DAG(s) dict_keys(['example_setup_teardown']) retrieved from /home/airflow/.local/lib/python3.8/site-packages/airflow/example_dags/example_setup_teardown.py
[2023-12-15T11:49:46.871+0000] {logging_mixin.py:154} INFO - [2023-12-15T11:49:46.871+0000] {dag.py:2941} INFO - Sync 1 DAGs
[2023-12-15T11:49:46.922+0000] {logging_mixin.py:154} INFO - [2023-12-15T11:49:46.922+0000] {dag.py:3722} INFO - Setting next_dagrun for example_setup_teardown to 2023-12-14T11:49:46.921289+00:00, run_after=2023-12-15T11:49:46.921289+00:00
[2023-12-15T11:49:46.943+0000] {processor.py:179} INFO - Processing /home/airflow/.local/lib/python3.8/site-packages/airflow/example_dags/example_setup_teardown.py took 0.394 seconds
[2023-12-15T11:50:23.766+0000] {processor.py:157} INFO - Started process (PID=1372) to work on /home/airflow/.local/lib/python3.8/site-packages/airflow/example_dags/example_setup_teardown.py
[2023-12-15T11:50:23.769+0000] {processor.py:829} INFO - Processing file /home/airflow/.local/lib/python3.8/site-packages/airflow/example_dags/example_setup_teardown.py for tasks to queue
[2023-12-15T11:50:23.785+0000] {logging_mixin.py:154} INFO - [2023-12-15T11:50:23.782+0000] {dagbag.py:536} INFO - Filling up the DagBag from /home/airflow/.local/lib/python3.8/site-packages/airflow/example_dags/example_setup_teardown.py
[2023-12-15T11:50:23.811+0000] {processor.py:839} INFO - DAG(s) dict_keys(['example_setup_teardown']) retrieved from /home/airflow/.local/lib/python3.8/site-packages/airflow/example_dags/example_setup_teardown.py
[2023-12-15T11:50:23.874+0000] {logging_mixin.py:154} INFO - [2023-12-15T11:50:23.874+0000] {dag.py:2941} INFO - Sync 1 DAGs
[2023-12-15T11:50:24.353+0000] {logging_mixin.py:154} INFO - [2023-12-15T11:50:24.352+0000] {dag.py:3722} INFO - Setting next_dagrun for example_setup_teardown to 2023-12-14T11:50:24.352131+00:00, run_after=2023-12-15T11:50:24.352131+00:00
[2023-12-15T11:50:24.403+0000] {processor.py:179} INFO - Processing /home/airflow/.local/lib/python3.8/site-packages/airflow/example_dags/example_setup_teardown.py took 0.646 seconds
[2023-12-15T11:50:55.725+0000] {processor.py:157} INFO - Started process (PID=1425) to work on /home/airflow/.local/lib/python3.8/site-packages/airflow/example_dags/example_setup_teardown.py
[2023-12-15T11:50:55.735+0000] {processor.py:829} INFO - Processing file /home/airflow/.local/lib/python3.8/site-packages/airflow/example_dags/example_setup_teardown.py for tasks to queue
[2023-12-15T11:50:55.741+0000] {logging_mixin.py:154} INFO - [2023-12-15T11:50:55.741+0000] {dagbag.py:536} INFO - Filling up the DagBag from /home/airflow/.local/lib/python3.8/site-packages/airflow/example_dags/example_setup_teardown.py
[2023-12-15T11:50:55.748+0000] {processor.py:839} INFO - DAG(s) dict_keys(['example_setup_teardown']) retrieved from /home/airflow/.local/lib/python3.8/site-packages/airflow/example_dags/example_setup_teardown.py
[2023-12-15T11:50:55.806+0000] {logging_mixin.py:154} INFO - [2023-12-15T11:50:55.806+0000] {dag.py:2941} INFO - Sync 1 DAGs
[2023-12-15T11:50:55.938+0000] {logging_mixin.py:154} INFO - [2023-12-15T11:50:55.938+0000] {dag.py:3722} INFO - Setting next_dagrun for example_setup_teardown to 2023-12-14T11:50:55.937362+00:00, run_after=2023-12-15T11:50:55.937362+00:00
[2023-12-15T11:50:57.895+0000] {processor.py:179} INFO - Processing /home/airflow/.local/lib/python3.8/site-packages/airflow/example_dags/example_setup_teardown.py took 2.179 seconds
[2023-12-15T11:51:28.974+0000] {processor.py:157} INFO - Started process (PID=1479) to work on /home/airflow/.local/lib/python3.8/site-packages/airflow/example_dags/example_setup_teardown.py
[2023-12-15T11:51:28.982+0000] {processor.py:829} INFO - Processing file /home/airflow/.local/lib/python3.8/site-packages/airflow/example_dags/example_setup_teardown.py for tasks to queue
[2023-12-15T11:51:29.003+0000] {logging_mixin.py:154} INFO - [2023-12-15T11:51:29.002+0000] {dagbag.py:536} INFO - Filling up the DagBag from /home/airflow/.local/lib/python3.8/site-packages/airflow/example_dags/example_setup_teardown.py
[2023-12-15T11:51:29.082+0000] {processor.py:839} INFO - DAG(s) dict_keys(['example_setup_teardown']) retrieved from /home/airflow/.local/lib/python3.8/site-packages/airflow/example_dags/example_setup_teardown.py
[2023-12-15T11:51:29.341+0000] {logging_mixin.py:154} INFO - [2023-12-15T11:51:29.340+0000] {dag.py:2941} INFO - Sync 1 DAGs
[2023-12-15T11:51:29.474+0000] {logging_mixin.py:154} INFO - [2023-12-15T11:51:29.474+0000] {dag.py:3722} INFO - Setting next_dagrun for example_setup_teardown to 2023-12-14T11:51:29.474109+00:00, run_after=2023-12-15T11:51:29.474109+00:00
[2023-12-15T11:51:29.580+0000] {processor.py:179} INFO - Processing /home/airflow/.local/lib/python3.8/site-packages/airflow/example_dags/example_setup_teardown.py took 0.667 seconds
[2023-12-15T11:52:06.504+0000] {processor.py:157} INFO - Started process (PID=1539) to work on /home/airflow/.local/lib/python3.8/site-packages/airflow/example_dags/example_setup_teardown.py
[2023-12-15T11:52:06.513+0000] {processor.py:829} INFO - Processing file /home/airflow/.local/lib/python3.8/site-packages/airflow/example_dags/example_setup_teardown.py for tasks to queue
[2023-12-15T11:52:06.561+0000] {logging_mixin.py:154} INFO - [2023-12-15T11:52:06.560+0000] {dagbag.py:536} INFO - Filling up the DagBag from /home/airflow/.local/lib/python3.8/site-packages/airflow/example_dags/example_setup_teardown.py
[2023-12-15T11:52:06.652+0000] {processor.py:839} INFO - DAG(s) dict_keys(['example_setup_teardown']) retrieved from /home/airflow/.local/lib/python3.8/site-packages/airflow/example_dags/example_setup_teardown.py
[2023-12-15T11:52:06.954+0000] {logging_mixin.py:154} INFO - [2023-12-15T11:52:06.952+0000] {dag.py:2941} INFO - Sync 1 DAGs
[2023-12-15T11:52:08.784+0000] {logging_mixin.py:154} INFO - [2023-12-15T11:52:08.781+0000] {dag.py:3722} INFO - Setting next_dagrun for example_setup_teardown to 2023-12-14T11:52:08.780522+00:00, run_after=2023-12-15T11:52:08.780522+00:00
[2023-12-15T11:52:08.991+0000] {processor.py:179} INFO - Processing /home/airflow/.local/lib/python3.8/site-packages/airflow/example_dags/example_setup_teardown.py took 2.506 seconds
[2023-12-15T11:52:39.890+0000] {processor.py:157} INFO - Started process (PID=1593) to work on /home/airflow/.local/lib/python3.8/site-packages/airflow/example_dags/example_setup_teardown.py
[2023-12-15T11:52:39.897+0000] {processor.py:829} INFO - Processing file /home/airflow/.local/lib/python3.8/site-packages/airflow/example_dags/example_setup_teardown.py for tasks to queue
[2023-12-15T11:52:39.913+0000] {logging_mixin.py:154} INFO - [2023-12-15T11:52:39.908+0000] {dagbag.py:536} INFO - Filling up the DagBag from /home/airflow/.local/lib/python3.8/site-packages/airflow/example_dags/example_setup_teardown.py
[2023-12-15T11:52:39.947+0000] {processor.py:839} INFO - DAG(s) dict_keys(['example_setup_teardown']) retrieved from /home/airflow/.local/lib/python3.8/site-packages/airflow/example_dags/example_setup_teardown.py
[2023-12-15T11:52:40.034+0000] {logging_mixin.py:154} INFO - [2023-12-15T11:52:40.034+0000] {dag.py:2941} INFO - Sync 1 DAGs
[2023-12-15T11:52:40.136+0000] {logging_mixin.py:154} INFO - [2023-12-15T11:52:40.135+0000] {dag.py:3722} INFO - Setting next_dagrun for example_setup_teardown to 2023-12-14T11:52:40.130440+00:00, run_after=2023-12-15T11:52:40.130440+00:00
[2023-12-15T11:52:40.176+0000] {processor.py:179} INFO - Processing /home/airflow/.local/lib/python3.8/site-packages/airflow/example_dags/example_setup_teardown.py took 0.315 seconds
[2023-12-15T11:53:10.578+0000] {processor.py:157} INFO - Started process (PID=1646) to work on /home/airflow/.local/lib/python3.8/site-packages/airflow/example_dags/example_setup_teardown.py
[2023-12-15T11:53:10.581+0000] {processor.py:829} INFO - Processing file /home/airflow/.local/lib/python3.8/site-packages/airflow/example_dags/example_setup_teardown.py for tasks to queue
[2023-12-15T11:53:10.590+0000] {logging_mixin.py:154} INFO - [2023-12-15T11:53:10.589+0000] {dagbag.py:536} INFO - Filling up the DagBag from /home/airflow/.local/lib/python3.8/site-packages/airflow/example_dags/example_setup_teardown.py
[2023-12-15T11:53:10.609+0000] {processor.py:839} INFO - DAG(s) dict_keys(['example_setup_teardown']) retrieved from /home/airflow/.local/lib/python3.8/site-packages/airflow/example_dags/example_setup_teardown.py
[2023-12-15T11:53:10.666+0000] {logging_mixin.py:154} INFO - [2023-12-15T11:53:10.666+0000] {dag.py:2941} INFO - Sync 1 DAGs
[2023-12-15T11:53:10.696+0000] {logging_mixin.py:154} INFO - [2023-12-15T11:53:10.696+0000] {dag.py:3722} INFO - Setting next_dagrun for example_setup_teardown to 2023-12-14T11:53:10.695575+00:00, run_after=2023-12-15T11:53:10.695575+00:00
[2023-12-15T11:53:10.725+0000] {processor.py:179} INFO - Processing /home/airflow/.local/lib/python3.8/site-packages/airflow/example_dags/example_setup_teardown.py took 0.170 seconds
[2023-12-15T11:53:41.795+0000] {processor.py:157} INFO - Started process (PID=1700) to work on /home/airflow/.local/lib/python3.8/site-packages/airflow/example_dags/example_setup_teardown.py
[2023-12-15T11:53:41.811+0000] {processor.py:829} INFO - Processing file /home/airflow/.local/lib/python3.8/site-packages/airflow/example_dags/example_setup_teardown.py for tasks to queue
[2023-12-15T11:53:41.826+0000] {logging_mixin.py:154} INFO - [2023-12-15T11:53:41.825+0000] {dagbag.py:536} INFO - Filling up the DagBag from /home/airflow/.local/lib/python3.8/site-packages/airflow/example_dags/example_setup_teardown.py
[2023-12-15T11:53:41.860+0000] {processor.py:839} INFO - DAG(s) dict_keys(['example_setup_teardown']) retrieved from /home/airflow/.local/lib/python3.8/site-packages/airflow/example_dags/example_setup_teardown.py
[2023-12-15T11:53:41.974+0000] {logging_mixin.py:154} INFO - [2023-12-15T11:53:41.973+0000] {dag.py:2941} INFO - Sync 1 DAGs
[2023-12-15T11:53:42.012+0000] {logging_mixin.py:154} INFO - [2023-12-15T11:53:42.011+0000] {dag.py:3722} INFO - Setting next_dagrun for example_setup_teardown to 2023-12-14T11:53:42.010608+00:00, run_after=2023-12-15T11:53:42.010608+00:00
[2023-12-15T11:53:42.045+0000] {processor.py:179} INFO - Processing /home/airflow/.local/lib/python3.8/site-packages/airflow/example_dags/example_setup_teardown.py took 0.282 seconds
[2023-12-15T11:54:12.476+0000] {processor.py:157} INFO - Started process (PID=1753) to work on /home/airflow/.local/lib/python3.8/site-packages/airflow/example_dags/example_setup_teardown.py
[2023-12-15T11:54:12.508+0000] {processor.py:829} INFO - Processing file /home/airflow/.local/lib/python3.8/site-packages/airflow/example_dags/example_setup_teardown.py for tasks to queue
[2023-12-15T11:54:12.553+0000] {logging_mixin.py:154} INFO - [2023-12-15T11:54:12.552+0000] {dagbag.py:536} INFO - Filling up the DagBag from /home/airflow/.local/lib/python3.8/site-packages/airflow/example_dags/example_setup_teardown.py
[2023-12-15T11:54:12.605+0000] {processor.py:839} INFO - DAG(s) dict_keys(['example_setup_teardown']) retrieved from /home/airflow/.local/lib/python3.8/site-packages/airflow/example_dags/example_setup_teardown.py
[2023-12-15T11:54:12.882+0000] {logging_mixin.py:154} INFO - [2023-12-15T11:54:12.882+0000] {dag.py:2941} INFO - Sync 1 DAGs
[2023-12-15T11:54:12.996+0000] {logging_mixin.py:154} INFO - [2023-12-15T11:54:12.996+0000] {dag.py:3722} INFO - Setting next_dagrun for example_setup_teardown to 2023-12-14T11:54:12.990453+00:00, run_after=2023-12-15T11:54:12.990453+00:00
[2023-12-15T11:54:13.053+0000] {processor.py:179} INFO - Processing /home/airflow/.local/lib/python3.8/site-packages/airflow/example_dags/example_setup_teardown.py took 0.657 seconds
[2023-12-15T11:54:43.952+0000] {processor.py:157} INFO - Started process (PID=1806) to work on /home/airflow/.local/lib/python3.8/site-packages/airflow/example_dags/example_setup_teardown.py
[2023-12-15T11:54:43.970+0000] {processor.py:829} INFO - Processing file /home/airflow/.local/lib/python3.8/site-packages/airflow/example_dags/example_setup_teardown.py for tasks to queue
[2023-12-15T11:54:43.981+0000] {logging_mixin.py:154} INFO - [2023-12-15T11:54:43.981+0000] {dagbag.py:536} INFO - Filling up the DagBag from /home/airflow/.local/lib/python3.8/site-packages/airflow/example_dags/example_setup_teardown.py
[2023-12-15T11:54:43.997+0000] {processor.py:839} INFO - DAG(s) dict_keys(['example_setup_teardown']) retrieved from /home/airflow/.local/lib/python3.8/site-packages/airflow/example_dags/example_setup_teardown.py
[2023-12-15T11:54:44.073+0000] {logging_mixin.py:154} INFO - [2023-12-15T11:54:44.073+0000] {dag.py:2941} INFO - Sync 1 DAGs
[2023-12-15T11:54:44.115+0000] {logging_mixin.py:154} INFO - [2023-12-15T11:54:44.115+0000] {dag.py:3722} INFO - Setting next_dagrun for example_setup_teardown to 2023-12-14T11:54:44.110743+00:00, run_after=2023-12-15T11:54:44.110743+00:00
[2023-12-15T11:54:44.146+0000] {processor.py:179} INFO - Processing /home/airflow/.local/lib/python3.8/site-packages/airflow/example_dags/example_setup_teardown.py took 0.211 seconds
[2023-12-15T11:55:14.310+0000] {processor.py:157} INFO - Started process (PID=1860) to work on /home/airflow/.local/lib/python3.8/site-packages/airflow/example_dags/example_setup_teardown.py
[2023-12-15T11:55:14.312+0000] {processor.py:829} INFO - Processing file /home/airflow/.local/lib/python3.8/site-packages/airflow/example_dags/example_setup_teardown.py for tasks to queue
[2023-12-15T11:55:14.317+0000] {logging_mixin.py:154} INFO - [2023-12-15T11:55:14.316+0000] {dagbag.py:536} INFO - Filling up the DagBag from /home/airflow/.local/lib/python3.8/site-packages/airflow/example_dags/example_setup_teardown.py
[2023-12-15T11:55:14.332+0000] {processor.py:839} INFO - DAG(s) dict_keys(['example_setup_teardown']) retrieved from /home/airflow/.local/lib/python3.8/site-packages/airflow/example_dags/example_setup_teardown.py
[2023-12-15T11:55:14.366+0000] {logging_mixin.py:154} INFO - [2023-12-15T11:55:14.366+0000] {dag.py:2941} INFO - Sync 1 DAGs
[2023-12-15T11:55:14.379+0000] {logging_mixin.py:154} INFO - [2023-12-15T11:55:14.379+0000] {dag.py:3722} INFO - Setting next_dagrun for example_setup_teardown to 2023-12-14T11:55:14.378443+00:00, run_after=2023-12-15T11:55:14.378443+00:00
[2023-12-15T11:55:14.395+0000] {processor.py:179} INFO - Processing /home/airflow/.local/lib/python3.8/site-packages/airflow/example_dags/example_setup_teardown.py took 0.092 seconds
[2023-12-15T11:55:45.348+0000] {processor.py:157} INFO - Started process (PID=1913) to work on /home/airflow/.local/lib/python3.8/site-packages/airflow/example_dags/example_setup_teardown.py
[2023-12-15T11:55:45.369+0000] {processor.py:829} INFO - Processing file /home/airflow/.local/lib/python3.8/site-packages/airflow/example_dags/example_setup_teardown.py for tasks to queue
[2023-12-15T11:55:45.418+0000] {logging_mixin.py:154} INFO - [2023-12-15T11:55:45.411+0000] {dagbag.py:536} INFO - Filling up the DagBag from /home/airflow/.local/lib/python3.8/site-packages/airflow/example_dags/example_setup_teardown.py
[2023-12-15T11:55:45.491+0000] {processor.py:839} INFO - DAG(s) dict_keys(['example_setup_teardown']) retrieved from /home/airflow/.local/lib/python3.8/site-packages/airflow/example_dags/example_setup_teardown.py
[2023-12-15T11:55:45.622+0000] {logging_mixin.py:154} INFO - [2023-12-15T11:55:45.622+0000] {dag.py:2941} INFO - Sync 1 DAGs
[2023-12-15T11:55:45.685+0000] {logging_mixin.py:154} INFO - [2023-12-15T11:55:45.684+0000] {dag.py:3722} INFO - Setting next_dagrun for example_setup_teardown to 2023-12-14T11:55:45.681781+00:00, run_after=2023-12-15T11:55:45.681781+00:00
[2023-12-15T11:55:45.734+0000] {processor.py:179} INFO - Processing /home/airflow/.local/lib/python3.8/site-packages/airflow/example_dags/example_setup_teardown.py took 0.465 seconds
[2023-12-15T11:56:16.828+0000] {processor.py:157} INFO - Started process (PID=1968) to work on /home/airflow/.local/lib/python3.8/site-packages/airflow/example_dags/example_setup_teardown.py
[2023-12-15T11:56:16.863+0000] {processor.py:829} INFO - Processing file /home/airflow/.local/lib/python3.8/site-packages/airflow/example_dags/example_setup_teardown.py for tasks to queue
[2023-12-15T11:56:16.956+0000] {logging_mixin.py:154} INFO - [2023-12-15T11:56:16.940+0000] {dagbag.py:536} INFO - Filling up the DagBag from /home/airflow/.local/lib/python3.8/site-packages/airflow/example_dags/example_setup_teardown.py
[2023-12-15T11:56:17.146+0000] {processor.py:839} INFO - DAG(s) dict_keys(['example_setup_teardown']) retrieved from /home/airflow/.local/lib/python3.8/site-packages/airflow/example_dags/example_setup_teardown.py
[2023-12-15T11:56:17.380+0000] {logging_mixin.py:154} INFO - [2023-12-15T11:56:17.380+0000] {dag.py:2941} INFO - Sync 1 DAGs
[2023-12-15T11:56:17.462+0000] {logging_mixin.py:154} INFO - [2023-12-15T11:56:17.462+0000] {dag.py:3722} INFO - Setting next_dagrun for example_setup_teardown to 2023-12-14T11:56:17.459922+00:00, run_after=2023-12-15T11:56:17.459922+00:00
[2023-12-15T11:56:17.514+0000] {processor.py:179} INFO - Processing /home/airflow/.local/lib/python3.8/site-packages/airflow/example_dags/example_setup_teardown.py took 0.776 seconds
[2023-12-15T11:56:48.291+0000] {processor.py:157} INFO - Started process (PID=2022) to work on /home/airflow/.local/lib/python3.8/site-packages/airflow/example_dags/example_setup_teardown.py
[2023-12-15T11:56:48.297+0000] {processor.py:829} INFO - Processing file /home/airflow/.local/lib/python3.8/site-packages/airflow/example_dags/example_setup_teardown.py for tasks to queue
[2023-12-15T11:56:48.327+0000] {logging_mixin.py:154} INFO - [2023-12-15T11:56:48.324+0000] {dagbag.py:536} INFO - Filling up the DagBag from /home/airflow/.local/lib/python3.8/site-packages/airflow/example_dags/example_setup_teardown.py
[2023-12-15T11:56:48.372+0000] {processor.py:839} INFO - DAG(s) dict_keys(['example_setup_teardown']) retrieved from /home/airflow/.local/lib/python3.8/site-packages/airflow/example_dags/example_setup_teardown.py
[2023-12-15T11:56:48.510+0000] {logging_mixin.py:154} INFO - [2023-12-15T11:56:48.509+0000] {dag.py:2941} INFO - Sync 1 DAGs
[2023-12-15T11:56:48.620+0000] {logging_mixin.py:154} INFO - [2023-12-15T11:56:48.620+0000] {dag.py:3722} INFO - Setting next_dagrun for example_setup_teardown to 2023-12-14T11:56:48.619982+00:00, run_after=2023-12-15T11:56:48.619982+00:00
[2023-12-15T11:56:48.698+0000] {processor.py:179} INFO - Processing /home/airflow/.local/lib/python3.8/site-packages/airflow/example_dags/example_setup_teardown.py took 0.456 seconds
[2023-12-15T11:57:19.406+0000] {processor.py:157} INFO - Started process (PID=2077) to work on /home/airflow/.local/lib/python3.8/site-packages/airflow/example_dags/example_setup_teardown.py
[2023-12-15T11:57:19.415+0000] {processor.py:829} INFO - Processing file /home/airflow/.local/lib/python3.8/site-packages/airflow/example_dags/example_setup_teardown.py for tasks to queue
[2023-12-15T11:57:19.426+0000] {logging_mixin.py:154} INFO - [2023-12-15T11:57:19.425+0000] {dagbag.py:536} INFO - Filling up the DagBag from /home/airflow/.local/lib/python3.8/site-packages/airflow/example_dags/example_setup_teardown.py
[2023-12-15T11:57:19.461+0000] {processor.py:839} INFO - DAG(s) dict_keys(['example_setup_teardown']) retrieved from /home/airflow/.local/lib/python3.8/site-packages/airflow/example_dags/example_setup_teardown.py
[2023-12-15T11:57:19.552+0000] {logging_mixin.py:154} INFO - [2023-12-15T11:57:19.552+0000] {dag.py:2941} INFO - Sync 1 DAGs
[2023-12-15T11:57:19.602+0000] {logging_mixin.py:154} INFO - [2023-12-15T11:57:19.602+0000] {dag.py:3722} INFO - Setting next_dagrun for example_setup_teardown to 2023-12-14T11:57:19.600926+00:00, run_after=2023-12-15T11:57:19.600926+00:00
[2023-12-15T11:57:19.630+0000] {processor.py:179} INFO - Processing /home/airflow/.local/lib/python3.8/site-packages/airflow/example_dags/example_setup_teardown.py took 0.248 seconds
[2023-12-15T11:57:50.393+0000] {processor.py:157} INFO - Started process (PID=2131) to work on /home/airflow/.local/lib/python3.8/site-packages/airflow/example_dags/example_setup_teardown.py
[2023-12-15T11:57:50.395+0000] {processor.py:829} INFO - Processing file /home/airflow/.local/lib/python3.8/site-packages/airflow/example_dags/example_setup_teardown.py for tasks to queue
[2023-12-15T11:57:50.401+0000] {logging_mixin.py:154} INFO - [2023-12-15T11:57:50.400+0000] {dagbag.py:536} INFO - Filling up the DagBag from /home/airflow/.local/lib/python3.8/site-packages/airflow/example_dags/example_setup_teardown.py
[2023-12-15T11:57:50.411+0000] {processor.py:839} INFO - DAG(s) dict_keys(['example_setup_teardown']) retrieved from /home/airflow/.local/lib/python3.8/site-packages/airflow/example_dags/example_setup_teardown.py
[2023-12-15T11:57:50.450+0000] {logging_mixin.py:154} INFO - [2023-12-15T11:57:50.450+0000] {dag.py:2941} INFO - Sync 1 DAGs
[2023-12-15T11:57:50.475+0000] {logging_mixin.py:154} INFO - [2023-12-15T11:57:50.475+0000] {dag.py:3722} INFO - Setting next_dagrun for example_setup_teardown to 2023-12-14T11:57:50.475065+00:00, run_after=2023-12-15T11:57:50.475065+00:00
[2023-12-15T11:57:50.487+0000] {processor.py:179} INFO - Processing /home/airflow/.local/lib/python3.8/site-packages/airflow/example_dags/example_setup_teardown.py took 0.113 seconds
[2023-12-15T11:58:21.115+0000] {processor.py:157} INFO - Started process (PID=2185) to work on /home/airflow/.local/lib/python3.8/site-packages/airflow/example_dags/example_setup_teardown.py
[2023-12-15T11:58:21.117+0000] {processor.py:829} INFO - Processing file /home/airflow/.local/lib/python3.8/site-packages/airflow/example_dags/example_setup_teardown.py for tasks to queue
[2023-12-15T11:58:21.121+0000] {logging_mixin.py:154} INFO - [2023-12-15T11:58:21.121+0000] {dagbag.py:536} INFO - Filling up the DagBag from /home/airflow/.local/lib/python3.8/site-packages/airflow/example_dags/example_setup_teardown.py
[2023-12-15T11:58:21.131+0000] {processor.py:839} INFO - DAG(s) dict_keys(['example_setup_teardown']) retrieved from /home/airflow/.local/lib/python3.8/site-packages/airflow/example_dags/example_setup_teardown.py
[2023-12-15T11:58:21.172+0000] {logging_mixin.py:154} INFO - [2023-12-15T11:58:21.172+0000] {dag.py:2941} INFO - Sync 1 DAGs
[2023-12-15T11:58:21.193+0000] {logging_mixin.py:154} INFO - [2023-12-15T11:58:21.193+0000] {dag.py:3722} INFO - Setting next_dagrun for example_setup_teardown to 2023-12-14T11:58:21.192937+00:00, run_after=2023-12-15T11:58:21.192937+00:00
[2023-12-15T11:58:21.206+0000] {processor.py:179} INFO - Processing /home/airflow/.local/lib/python3.8/site-packages/airflow/example_dags/example_setup_teardown.py took 0.104 seconds
[2023-12-15T11:58:51.780+0000] {processor.py:157} INFO - Started process (PID=2238) to work on /home/airflow/.local/lib/python3.8/site-packages/airflow/example_dags/example_setup_teardown.py
[2023-12-15T11:58:51.782+0000] {processor.py:829} INFO - Processing file /home/airflow/.local/lib/python3.8/site-packages/airflow/example_dags/example_setup_teardown.py for tasks to queue
[2023-12-15T11:58:51.787+0000] {logging_mixin.py:154} INFO - [2023-12-15T11:58:51.786+0000] {dagbag.py:536} INFO - Filling up the DagBag from /home/airflow/.local/lib/python3.8/site-packages/airflow/example_dags/example_setup_teardown.py
[2023-12-15T11:58:51.797+0000] {processor.py:839} INFO - DAG(s) dict_keys(['example_setup_teardown']) retrieved from /home/airflow/.local/lib/python3.8/site-packages/airflow/example_dags/example_setup_teardown.py
[2023-12-15T11:58:51.831+0000] {logging_mixin.py:154} INFO - [2023-12-15T11:58:51.831+0000] {dag.py:2941} INFO - Sync 1 DAGs
[2023-12-15T11:58:51.863+0000] {logging_mixin.py:154} INFO - [2023-12-15T11:58:51.862+0000] {dag.py:3722} INFO - Setting next_dagrun for example_setup_teardown to 2023-12-14T11:58:51.862486+00:00, run_after=2023-12-15T11:58:51.862486+00:00
[2023-12-15T11:58:51.878+0000] {processor.py:179} INFO - Processing /home/airflow/.local/lib/python3.8/site-packages/airflow/example_dags/example_setup_teardown.py took 0.118 seconds
[2023-12-15T11:59:22.795+0000] {processor.py:157} INFO - Started process (PID=2292) to work on /home/airflow/.local/lib/python3.8/site-packages/airflow/example_dags/example_setup_teardown.py
[2023-12-15T11:59:22.798+0000] {processor.py:829} INFO - Processing file /home/airflow/.local/lib/python3.8/site-packages/airflow/example_dags/example_setup_teardown.py for tasks to queue
[2023-12-15T11:59:22.804+0000] {logging_mixin.py:154} INFO - [2023-12-15T11:59:22.803+0000] {dagbag.py:536} INFO - Filling up the DagBag from /home/airflow/.local/lib/python3.8/site-packages/airflow/example_dags/example_setup_teardown.py
[2023-12-15T11:59:22.821+0000] {processor.py:839} INFO - DAG(s) dict_keys(['example_setup_teardown']) retrieved from /home/airflow/.local/lib/python3.8/site-packages/airflow/example_dags/example_setup_teardown.py
[2023-12-15T11:59:22.859+0000] {logging_mixin.py:154} INFO - [2023-12-15T11:59:22.858+0000] {dag.py:2941} INFO - Sync 1 DAGs
[2023-12-15T11:59:22.894+0000] {logging_mixin.py:154} INFO - [2023-12-15T11:59:22.894+0000] {dag.py:3722} INFO - Setting next_dagrun for example_setup_teardown to 2023-12-14T11:59:22.893599+00:00, run_after=2023-12-15T11:59:22.893599+00:00
[2023-12-15T11:59:22.912+0000] {processor.py:179} INFO - Processing /home/airflow/.local/lib/python3.8/site-packages/airflow/example_dags/example_setup_teardown.py took 0.128 seconds
[2023-12-15T11:59:53.462+0000] {processor.py:157} INFO - Started process (PID=2345) to work on /home/airflow/.local/lib/python3.8/site-packages/airflow/example_dags/example_setup_teardown.py
[2023-12-15T11:59:53.471+0000] {processor.py:829} INFO - Processing file /home/airflow/.local/lib/python3.8/site-packages/airflow/example_dags/example_setup_teardown.py for tasks to queue
[2023-12-15T11:59:53.507+0000] {logging_mixin.py:154} INFO - [2023-12-15T11:59:53.504+0000] {dagbag.py:536} INFO - Filling up the DagBag from /home/airflow/.local/lib/python3.8/site-packages/airflow/example_dags/example_setup_teardown.py
[2023-12-15T11:59:53.576+0000] {processor.py:839} INFO - DAG(s) dict_keys(['example_setup_teardown']) retrieved from /home/airflow/.local/lib/python3.8/site-packages/airflow/example_dags/example_setup_teardown.py
[2023-12-15T11:59:53.713+0000] {logging_mixin.py:154} INFO - [2023-12-15T11:59:53.713+0000] {dag.py:2941} INFO - Sync 1 DAGs
[2023-12-15T11:59:53.784+0000] {logging_mixin.py:154} INFO - [2023-12-15T11:59:53.784+0000] {dag.py:3722} INFO - Setting next_dagrun for example_setup_teardown to 2023-12-14T11:59:53.782781+00:00, run_after=2023-12-15T11:59:53.782781+00:00
[2023-12-15T11:59:53.874+0000] {processor.py:179} INFO - Processing /home/airflow/.local/lib/python3.8/site-packages/airflow/example_dags/example_setup_teardown.py took 0.448 seconds
[2023-12-15T12:00:24.382+0000] {processor.py:157} INFO - Started process (PID=2399) to work on /home/airflow/.local/lib/python3.8/site-packages/airflow/example_dags/example_setup_teardown.py
[2023-12-15T12:00:24.403+0000] {processor.py:829} INFO - Processing file /home/airflow/.local/lib/python3.8/site-packages/airflow/example_dags/example_setup_teardown.py for tasks to queue
[2023-12-15T12:00:24.462+0000] {logging_mixin.py:154} INFO - [2023-12-15T12:00:24.457+0000] {dagbag.py:536} INFO - Filling up the DagBag from /home/airflow/.local/lib/python3.8/site-packages/airflow/example_dags/example_setup_teardown.py
[2023-12-15T12:00:24.602+0000] {processor.py:839} INFO - DAG(s) dict_keys(['example_setup_teardown']) retrieved from /home/airflow/.local/lib/python3.8/site-packages/airflow/example_dags/example_setup_teardown.py
[2023-12-15T12:00:24.825+0000] {logging_mixin.py:154} INFO - [2023-12-15T12:00:24.824+0000] {dag.py:2941} INFO - Sync 1 DAGs
[2023-12-15T12:00:24.970+0000] {logging_mixin.py:154} INFO - [2023-12-15T12:00:24.969+0000] {dag.py:3722} INFO - Setting next_dagrun for example_setup_teardown to 2023-12-14T12:00:24.964396+00:00, run_after=2023-12-15T12:00:24.964396+00:00
[2023-12-15T12:00:25.060+0000] {processor.py:179} INFO - Processing /home/airflow/.local/lib/python3.8/site-packages/airflow/example_dags/example_setup_teardown.py took 0.757 seconds
[2023-12-15T12:00:56.498+0000] {processor.py:157} INFO - Started process (PID=2453) to work on /home/airflow/.local/lib/python3.8/site-packages/airflow/example_dags/example_setup_teardown.py
[2023-12-15T12:00:56.513+0000] {processor.py:829} INFO - Processing file /home/airflow/.local/lib/python3.8/site-packages/airflow/example_dags/example_setup_teardown.py for tasks to queue
[2023-12-15T12:00:56.547+0000] {logging_mixin.py:154} INFO - [2023-12-15T12:00:56.543+0000] {dagbag.py:536} INFO - Filling up the DagBag from /home/airflow/.local/lib/python3.8/site-packages/airflow/example_dags/example_setup_teardown.py
[2023-12-15T12:00:56.661+0000] {processor.py:839} INFO - DAG(s) dict_keys(['example_setup_teardown']) retrieved from /home/airflow/.local/lib/python3.8/site-packages/airflow/example_dags/example_setup_teardown.py
[2023-12-15T12:00:56.879+0000] {logging_mixin.py:154} INFO - [2023-12-15T12:00:56.879+0000] {dag.py:2941} INFO - Sync 1 DAGs
[2023-12-15T12:00:56.936+0000] {logging_mixin.py:154} INFO - [2023-12-15T12:00:56.935+0000] {dag.py:3722} INFO - Setting next_dagrun for example_setup_teardown to 2023-12-14T12:00:56.934906+00:00, run_after=2023-12-15T12:00:56.934906+00:00
[2023-12-15T12:00:56.977+0000] {processor.py:179} INFO - Processing /home/airflow/.local/lib/python3.8/site-packages/airflow/example_dags/example_setup_teardown.py took 0.517 seconds
[2023-12-15T12:01:27.893+0000] {processor.py:157} INFO - Started process (PID=2507) to work on /home/airflow/.local/lib/python3.8/site-packages/airflow/example_dags/example_setup_teardown.py
[2023-12-15T12:01:27.929+0000] {processor.py:829} INFO - Processing file /home/airflow/.local/lib/python3.8/site-packages/airflow/example_dags/example_setup_teardown.py for tasks to queue
[2023-12-15T12:01:28.035+0000] {logging_mixin.py:154} INFO - [2023-12-15T12:01:28.020+0000] {dagbag.py:536} INFO - Filling up the DagBag from /home/airflow/.local/lib/python3.8/site-packages/airflow/example_dags/example_setup_teardown.py
[2023-12-15T12:01:28.219+0000] {processor.py:839} INFO - DAG(s) dict_keys(['example_setup_teardown']) retrieved from /home/airflow/.local/lib/python3.8/site-packages/airflow/example_dags/example_setup_teardown.py
[2023-12-15T12:01:28.433+0000] {logging_mixin.py:154} INFO - [2023-12-15T12:01:28.433+0000] {dag.py:2941} INFO - Sync 1 DAGs
[2023-12-15T12:01:28.551+0000] {logging_mixin.py:154} INFO - [2023-12-15T12:01:28.551+0000] {dag.py:3722} INFO - Setting next_dagrun for example_setup_teardown to 2023-12-14T12:01:28.550597+00:00, run_after=2023-12-15T12:01:28.550597+00:00
[2023-12-15T12:01:28.614+0000] {processor.py:179} INFO - Processing /home/airflow/.local/lib/python3.8/site-packages/airflow/example_dags/example_setup_teardown.py took 0.888 seconds
[2023-12-15T12:01:59.877+0000] {processor.py:157} INFO - Started process (PID=2561) to work on /home/airflow/.local/lib/python3.8/site-packages/airflow/example_dags/example_setup_teardown.py
[2023-12-15T12:01:59.896+0000] {processor.py:829} INFO - Processing file /home/airflow/.local/lib/python3.8/site-packages/airflow/example_dags/example_setup_teardown.py for tasks to queue
[2023-12-15T12:01:59.919+0000] {logging_mixin.py:154} INFO - [2023-12-15T12:01:59.917+0000] {dagbag.py:536} INFO - Filling up the DagBag from /home/airflow/.local/lib/python3.8/site-packages/airflow/example_dags/example_setup_teardown.py
[2023-12-15T12:01:59.975+0000] {processor.py:839} INFO - DAG(s) dict_keys(['example_setup_teardown']) retrieved from /home/airflow/.local/lib/python3.8/site-packages/airflow/example_dags/example_setup_teardown.py
[2023-12-15T12:02:00.146+0000] {logging_mixin.py:154} INFO - [2023-12-15T12:02:00.146+0000] {dag.py:2941} INFO - Sync 1 DAGs
[2023-12-15T12:02:00.257+0000] {logging_mixin.py:154} INFO - [2023-12-15T12:02:00.257+0000] {dag.py:3722} INFO - Setting next_dagrun for example_setup_teardown to 2023-12-14T12:02:00.252361+00:00, run_after=2023-12-15T12:02:00.252361+00:00
[2023-12-15T12:02:00.296+0000] {processor.py:179} INFO - Processing /home/airflow/.local/lib/python3.8/site-packages/airflow/example_dags/example_setup_teardown.py took 0.527 seconds
[2023-12-15T12:02:31.217+0000] {processor.py:157} INFO - Started process (PID=2615) to work on /home/airflow/.local/lib/python3.8/site-packages/airflow/example_dags/example_setup_teardown.py
[2023-12-15T12:02:31.229+0000] {processor.py:829} INFO - Processing file /home/airflow/.local/lib/python3.8/site-packages/airflow/example_dags/example_setup_teardown.py for tasks to queue
[2023-12-15T12:02:31.260+0000] {logging_mixin.py:154} INFO - [2023-12-15T12:02:31.257+0000] {dagbag.py:536} INFO - Filling up the DagBag from /home/airflow/.local/lib/python3.8/site-packages/airflow/example_dags/example_setup_teardown.py
[2023-12-15T12:02:31.307+0000] {processor.py:839} INFO - DAG(s) dict_keys(['example_setup_teardown']) retrieved from /home/airflow/.local/lib/python3.8/site-packages/airflow/example_dags/example_setup_teardown.py
[2023-12-15T12:02:31.402+0000] {logging_mixin.py:154} INFO - [2023-12-15T12:02:31.401+0000] {dag.py:2941} INFO - Sync 1 DAGs
[2023-12-15T12:02:31.443+0000] {logging_mixin.py:154} INFO - [2023-12-15T12:02:31.443+0000] {dag.py:3722} INFO - Setting next_dagrun for example_setup_teardown to 2023-12-14T12:02:31.442909+00:00, run_after=2023-12-15T12:02:31.442909+00:00
[2023-12-15T12:02:31.472+0000] {processor.py:179} INFO - Processing /home/airflow/.local/lib/python3.8/site-packages/airflow/example_dags/example_setup_teardown.py took 0.287 seconds
[2023-12-15T12:03:01.899+0000] {processor.py:157} INFO - Started process (PID=2669) to work on /home/airflow/.local/lib/python3.8/site-packages/airflow/example_dags/example_setup_teardown.py
[2023-12-15T12:03:01.902+0000] {processor.py:829} INFO - Processing file /home/airflow/.local/lib/python3.8/site-packages/airflow/example_dags/example_setup_teardown.py for tasks to queue
[2023-12-15T12:03:01.953+0000] {logging_mixin.py:154} INFO - [2023-12-15T12:03:01.950+0000] {dagbag.py:536} INFO - Filling up the DagBag from /home/airflow/.local/lib/python3.8/site-packages/airflow/example_dags/example_setup_teardown.py
[2023-12-15T12:03:02.065+0000] {processor.py:839} INFO - DAG(s) dict_keys(['example_setup_teardown']) retrieved from /home/airflow/.local/lib/python3.8/site-packages/airflow/example_dags/example_setup_teardown.py
[2023-12-15T12:03:02.290+0000] {logging_mixin.py:154} INFO - [2023-12-15T12:03:02.290+0000] {dag.py:2941} INFO - Sync 1 DAGs
[2023-12-15T12:03:02.407+0000] {logging_mixin.py:154} INFO - [2023-12-15T12:03:02.407+0000] {dag.py:3722} INFO - Setting next_dagrun for example_setup_teardown to 2023-12-14T12:03:02.406420+00:00, run_after=2023-12-15T12:03:02.406420+00:00
[2023-12-15T12:03:02.506+0000] {processor.py:179} INFO - Processing /home/airflow/.local/lib/python3.8/site-packages/airflow/example_dags/example_setup_teardown.py took 0.629 seconds
[2023-12-15T12:03:33.508+0000] {processor.py:157} INFO - Started process (PID=2723) to work on /home/airflow/.local/lib/python3.8/site-packages/airflow/example_dags/example_setup_teardown.py
[2023-12-15T12:03:33.514+0000] {processor.py:829} INFO - Processing file /home/airflow/.local/lib/python3.8/site-packages/airflow/example_dags/example_setup_teardown.py for tasks to queue
[2023-12-15T12:03:33.536+0000] {logging_mixin.py:154} INFO - [2023-12-15T12:03:33.535+0000] {dagbag.py:536} INFO - Filling up the DagBag from /home/airflow/.local/lib/python3.8/site-packages/airflow/example_dags/example_setup_teardown.py
[2023-12-15T12:03:33.633+0000] {processor.py:839} INFO - DAG(s) dict_keys(['example_setup_teardown']) retrieved from /home/airflow/.local/lib/python3.8/site-packages/airflow/example_dags/example_setup_teardown.py
[2023-12-15T12:03:33.751+0000] {logging_mixin.py:154} INFO - [2023-12-15T12:03:33.751+0000] {dag.py:2941} INFO - Sync 1 DAGs
[2023-12-15T12:03:33.826+0000] {logging_mixin.py:154} INFO - [2023-12-15T12:03:33.825+0000] {dag.py:3722} INFO - Setting next_dagrun for example_setup_teardown to 2023-12-14T12:03:33.823500+00:00, run_after=2023-12-15T12:03:33.823500+00:00
[2023-12-15T12:03:33.854+0000] {processor.py:179} INFO - Processing /home/airflow/.local/lib/python3.8/site-packages/airflow/example_dags/example_setup_teardown.py took 0.375 seconds
[2023-12-15T12:04:03.993+0000] {processor.py:157} INFO - Started process (PID=2775) to work on /home/airflow/.local/lib/python3.8/site-packages/airflow/example_dags/example_setup_teardown.py
[2023-12-15T12:04:03.997+0000] {processor.py:829} INFO - Processing file /home/airflow/.local/lib/python3.8/site-packages/airflow/example_dags/example_setup_teardown.py for tasks to queue
[2023-12-15T12:04:04.011+0000] {logging_mixin.py:154} INFO - [2023-12-15T12:04:04.010+0000] {dagbag.py:536} INFO - Filling up the DagBag from /home/airflow/.local/lib/python3.8/site-packages/airflow/example_dags/example_setup_teardown.py
[2023-12-15T12:04:04.038+0000] {processor.py:839} INFO - DAG(s) dict_keys(['example_setup_teardown']) retrieved from /home/airflow/.local/lib/python3.8/site-packages/airflow/example_dags/example_setup_teardown.py
[2023-12-15T12:04:04.127+0000] {logging_mixin.py:154} INFO - [2023-12-15T12:04:04.127+0000] {dag.py:2941} INFO - Sync 1 DAGs
[2023-12-15T12:04:04.173+0000] {logging_mixin.py:154} INFO - [2023-12-15T12:04:04.173+0000] {dag.py:3722} INFO - Setting next_dagrun for example_setup_teardown to 2023-12-14T12:04:04.168290+00:00, run_after=2023-12-15T12:04:04.168290+00:00
[2023-12-15T12:04:04.190+0000] {processor.py:179} INFO - Processing /home/airflow/.local/lib/python3.8/site-packages/airflow/example_dags/example_setup_teardown.py took 0.205 seconds
[2023-12-15T12:04:34.738+0000] {processor.py:157} INFO - Started process (PID=2829) to work on /home/airflow/.local/lib/python3.8/site-packages/airflow/example_dags/example_setup_teardown.py
[2023-12-15T12:04:34.746+0000] {processor.py:829} INFO - Processing file /home/airflow/.local/lib/python3.8/site-packages/airflow/example_dags/example_setup_teardown.py for tasks to queue
[2023-12-15T12:04:34.764+0000] {logging_mixin.py:154} INFO - [2023-12-15T12:04:34.763+0000] {dagbag.py:536} INFO - Filling up the DagBag from /home/airflow/.local/lib/python3.8/site-packages/airflow/example_dags/example_setup_teardown.py
[2023-12-15T12:04:34.838+0000] {processor.py:839} INFO - DAG(s) dict_keys(['example_setup_teardown']) retrieved from /home/airflow/.local/lib/python3.8/site-packages/airflow/example_dags/example_setup_teardown.py
[2023-12-15T12:04:35.039+0000] {logging_mixin.py:154} INFO - [2023-12-15T12:04:35.038+0000] {dag.py:2941} INFO - Sync 1 DAGs
[2023-12-15T12:04:35.222+0000] {logging_mixin.py:154} INFO - [2023-12-15T12:04:35.221+0000] {dag.py:3722} INFO - Setting next_dagrun for example_setup_teardown to 2023-12-14T12:04:35.219373+00:00, run_after=2023-12-15T12:04:35.219373+00:00
[2023-12-15T12:04:35.405+0000] {processor.py:179} INFO - Processing /home/airflow/.local/lib/python3.8/site-packages/airflow/example_dags/example_setup_teardown.py took 0.691 seconds
[2023-12-15T12:05:05.751+0000] {processor.py:157} INFO - Started process (PID=2882) to work on /home/airflow/.local/lib/python3.8/site-packages/airflow/example_dags/example_setup_teardown.py
[2023-12-15T12:05:05.756+0000] {processor.py:829} INFO - Processing file /home/airflow/.local/lib/python3.8/site-packages/airflow/example_dags/example_setup_teardown.py for tasks to queue
[2023-12-15T12:05:05.785+0000] {logging_mixin.py:154} INFO - [2023-12-15T12:05:05.783+0000] {dagbag.py:536} INFO - Filling up the DagBag from /home/airflow/.local/lib/python3.8/site-packages/airflow/example_dags/example_setup_teardown.py
[2023-12-15T12:05:05.888+0000] {processor.py:839} INFO - DAG(s) dict_keys(['example_setup_teardown']) retrieved from /home/airflow/.local/lib/python3.8/site-packages/airflow/example_dags/example_setup_teardown.py
[2023-12-15T12:05:06.000+0000] {logging_mixin.py:154} INFO - [2023-12-15T12:05:06.000+0000] {dag.py:2941} INFO - Sync 1 DAGs
[2023-12-15T12:05:06.084+0000] {logging_mixin.py:154} INFO - [2023-12-15T12:05:06.083+0000] {dag.py:3722} INFO - Setting next_dagrun for example_setup_teardown to 2023-12-14T12:05:06.082006+00:00, run_after=2023-12-15T12:05:06.082006+00:00
[2023-12-15T12:05:06.144+0000] {processor.py:179} INFO - Processing /home/airflow/.local/lib/python3.8/site-packages/airflow/example_dags/example_setup_teardown.py took 0.425 seconds
[2023-12-15T12:05:37.597+0000] {processor.py:157} INFO - Started process (PID=2936) to work on /home/airflow/.local/lib/python3.8/site-packages/airflow/example_dags/example_setup_teardown.py
[2023-12-15T12:05:37.627+0000] {processor.py:829} INFO - Processing file /home/airflow/.local/lib/python3.8/site-packages/airflow/example_dags/example_setup_teardown.py for tasks to queue
[2023-12-15T12:05:37.678+0000] {logging_mixin.py:154} INFO - [2023-12-15T12:05:37.668+0000] {dagbag.py:536} INFO - Filling up the DagBag from /home/airflow/.local/lib/python3.8/site-packages/airflow/example_dags/example_setup_teardown.py
[2023-12-15T12:05:37.825+0000] {processor.py:839} INFO - DAG(s) dict_keys(['example_setup_teardown']) retrieved from /home/airflow/.local/lib/python3.8/site-packages/airflow/example_dags/example_setup_teardown.py
[2023-12-15T12:05:38.256+0000] {logging_mixin.py:154} INFO - [2023-12-15T12:05:38.255+0000] {dag.py:2941} INFO - Sync 1 DAGs
[2023-12-15T12:05:38.580+0000] {logging_mixin.py:154} INFO - [2023-12-15T12:05:38.578+0000] {dag.py:3722} INFO - Setting next_dagrun for example_setup_teardown to 2023-12-14T12:05:38.568686+00:00, run_after=2023-12-15T12:05:38.568686+00:00
[2023-12-15T12:05:38.732+0000] {processor.py:179} INFO - Processing /home/airflow/.local/lib/python3.8/site-packages/airflow/example_dags/example_setup_teardown.py took 1.340 seconds
[2023-12-15T12:06:09.686+0000] {processor.py:157} INFO - Started process (PID=2990) to work on /home/airflow/.local/lib/python3.8/site-packages/airflow/example_dags/example_setup_teardown.py
[2023-12-15T12:06:09.702+0000] {processor.py:829} INFO - Processing file /home/airflow/.local/lib/python3.8/site-packages/airflow/example_dags/example_setup_teardown.py for tasks to queue
[2023-12-15T12:06:09.733+0000] {logging_mixin.py:154} INFO - [2023-12-15T12:06:09.730+0000] {dagbag.py:536} INFO - Filling up the DagBag from /home/airflow/.local/lib/python3.8/site-packages/airflow/example_dags/example_setup_teardown.py
[2023-12-15T12:06:09.804+0000] {processor.py:839} INFO - DAG(s) dict_keys(['example_setup_teardown']) retrieved from /home/airflow/.local/lib/python3.8/site-packages/airflow/example_dags/example_setup_teardown.py
[2023-12-15T12:06:10.194+0000] {logging_mixin.py:154} INFO - [2023-12-15T12:06:10.194+0000] {dag.py:2941} INFO - Sync 1 DAGs
[2023-12-15T12:06:10.268+0000] {logging_mixin.py:154} INFO - [2023-12-15T12:06:10.267+0000] {dag.py:3722} INFO - Setting next_dagrun for example_setup_teardown to 2023-12-14T12:06:10.266158+00:00, run_after=2023-12-15T12:06:10.266158+00:00
[2023-12-15T12:06:10.345+0000] {processor.py:179} INFO - Processing /home/airflow/.local/lib/python3.8/site-packages/airflow/example_dags/example_setup_teardown.py took 0.718 seconds
[2023-12-15T12:06:40.693+0000] {processor.py:157} INFO - Started process (PID=3044) to work on /home/airflow/.local/lib/python3.8/site-packages/airflow/example_dags/example_setup_teardown.py
[2023-12-15T12:06:40.696+0000] {processor.py:829} INFO - Processing file /home/airflow/.local/lib/python3.8/site-packages/airflow/example_dags/example_setup_teardown.py for tasks to queue
[2023-12-15T12:06:40.705+0000] {logging_mixin.py:154} INFO - [2023-12-15T12:06:40.704+0000] {dagbag.py:536} INFO - Filling up the DagBag from /home/airflow/.local/lib/python3.8/site-packages/airflow/example_dags/example_setup_teardown.py
[2023-12-15T12:06:40.760+0000] {processor.py:839} INFO - DAG(s) dict_keys(['example_setup_teardown']) retrieved from /home/airflow/.local/lib/python3.8/site-packages/airflow/example_dags/example_setup_teardown.py
[2023-12-15T12:06:40.966+0000] {logging_mixin.py:154} INFO - [2023-12-15T12:06:40.966+0000] {dag.py:2941} INFO - Sync 1 DAGs
[2023-12-15T12:06:41.061+0000] {logging_mixin.py:154} INFO - [2023-12-15T12:06:41.061+0000] {dag.py:3722} INFO - Setting next_dagrun for example_setup_teardown to 2023-12-14T12:06:41.054406+00:00, run_after=2023-12-15T12:06:41.054406+00:00
[2023-12-15T12:06:41.101+0000] {processor.py:179} INFO - Processing /home/airflow/.local/lib/python3.8/site-packages/airflow/example_dags/example_setup_teardown.py took 0.438 seconds
[2023-12-15T12:07:12.146+0000] {processor.py:157} INFO - Started process (PID=3097) to work on /home/airflow/.local/lib/python3.8/site-packages/airflow/example_dags/example_setup_teardown.py
[2023-12-15T12:07:12.150+0000] {processor.py:829} INFO - Processing file /home/airflow/.local/lib/python3.8/site-packages/airflow/example_dags/example_setup_teardown.py for tasks to queue
[2023-12-15T12:07:12.220+0000] {logging_mixin.py:154} INFO - [2023-12-15T12:07:12.208+0000] {dagbag.py:536} INFO - Filling up the DagBag from /home/airflow/.local/lib/python3.8/site-packages/airflow/example_dags/example_setup_teardown.py
[2023-12-15T12:07:12.340+0000] {processor.py:839} INFO - DAG(s) dict_keys(['example_setup_teardown']) retrieved from /home/airflow/.local/lib/python3.8/site-packages/airflow/example_dags/example_setup_teardown.py
[2023-12-15T12:07:12.611+0000] {logging_mixin.py:154} INFO - [2023-12-15T12:07:12.610+0000] {dag.py:2941} INFO - Sync 1 DAGs
[2023-12-15T12:07:12.737+0000] {logging_mixin.py:154} INFO - [2023-12-15T12:07:12.737+0000] {dag.py:3722} INFO - Setting next_dagrun for example_setup_teardown to 2023-12-14T12:07:12.732967+00:00, run_after=2023-12-15T12:07:12.732967+00:00
[2023-12-15T12:07:12.835+0000] {processor.py:179} INFO - Processing /home/airflow/.local/lib/python3.8/site-packages/airflow/example_dags/example_setup_teardown.py took 0.773 seconds
[2023-12-15T12:07:43.580+0000] {processor.py:157} INFO - Started process (PID=3151) to work on /home/airflow/.local/lib/python3.8/site-packages/airflow/example_dags/example_setup_teardown.py
[2023-12-15T12:07:43.591+0000] {processor.py:829} INFO - Processing file /home/airflow/.local/lib/python3.8/site-packages/airflow/example_dags/example_setup_teardown.py for tasks to queue
[2023-12-15T12:07:43.604+0000] {logging_mixin.py:154} INFO - [2023-12-15T12:07:43.603+0000] {dagbag.py:536} INFO - Filling up the DagBag from /home/airflow/.local/lib/python3.8/site-packages/airflow/example_dags/example_setup_teardown.py
[2023-12-15T12:07:43.682+0000] {processor.py:839} INFO - DAG(s) dict_keys(['example_setup_teardown']) retrieved from /home/airflow/.local/lib/python3.8/site-packages/airflow/example_dags/example_setup_teardown.py
[2023-12-15T12:07:43.836+0000] {logging_mixin.py:154} INFO - [2023-12-15T12:07:43.836+0000] {dag.py:2941} INFO - Sync 1 DAGs
[2023-12-15T12:07:43.917+0000] {logging_mixin.py:154} INFO - [2023-12-15T12:07:43.916+0000] {dag.py:3722} INFO - Setting next_dagrun for example_setup_teardown to 2023-12-14T12:07:43.916162+00:00, run_after=2023-12-15T12:07:43.916162+00:00
[2023-12-15T12:07:43.960+0000] {processor.py:179} INFO - Processing /home/airflow/.local/lib/python3.8/site-packages/airflow/example_dags/example_setup_teardown.py took 0.422 seconds
[2023-12-15T12:08:14.497+0000] {processor.py:157} INFO - Started process (PID=3205) to work on /home/airflow/.local/lib/python3.8/site-packages/airflow/example_dags/example_setup_teardown.py
[2023-12-15T12:08:14.506+0000] {processor.py:829} INFO - Processing file /home/airflow/.local/lib/python3.8/site-packages/airflow/example_dags/example_setup_teardown.py for tasks to queue
[2023-12-15T12:08:14.573+0000] {logging_mixin.py:154} INFO - [2023-12-15T12:08:14.570+0000] {dagbag.py:536} INFO - Filling up the DagBag from /home/airflow/.local/lib/python3.8/site-packages/airflow/example_dags/example_setup_teardown.py
[2023-12-15T12:08:14.720+0000] {processor.py:839} INFO - DAG(s) dict_keys(['example_setup_teardown']) retrieved from /home/airflow/.local/lib/python3.8/site-packages/airflow/example_dags/example_setup_teardown.py
[2023-12-15T12:08:14.929+0000] {logging_mixin.py:154} INFO - [2023-12-15T12:08:14.929+0000] {dag.py:2941} INFO - Sync 1 DAGs
[2023-12-15T12:08:15.083+0000] {logging_mixin.py:154} INFO - [2023-12-15T12:08:15.081+0000] {dag.py:3722} INFO - Setting next_dagrun for example_setup_teardown to 2023-12-14T12:08:15.076355+00:00, run_after=2023-12-15T12:08:15.076355+00:00
[2023-12-15T12:08:15.167+0000] {processor.py:179} INFO - Processing /home/airflow/.local/lib/python3.8/site-packages/airflow/example_dags/example_setup_teardown.py took 0.762 seconds
[2023-12-15T12:08:45.369+0000] {processor.py:157} INFO - Started process (PID=3259) to work on /home/airflow/.local/lib/python3.8/site-packages/airflow/example_dags/example_setup_teardown.py
[2023-12-15T12:08:45.379+0000] {processor.py:829} INFO - Processing file /home/airflow/.local/lib/python3.8/site-packages/airflow/example_dags/example_setup_teardown.py for tasks to queue
[2023-12-15T12:08:45.385+0000] {logging_mixin.py:154} INFO - [2023-12-15T12:08:45.384+0000] {dagbag.py:536} INFO - Filling up the DagBag from /home/airflow/.local/lib/python3.8/site-packages/airflow/example_dags/example_setup_teardown.py
[2023-12-15T12:08:45.426+0000] {processor.py:839} INFO - DAG(s) dict_keys(['example_setup_teardown']) retrieved from /home/airflow/.local/lib/python3.8/site-packages/airflow/example_dags/example_setup_teardown.py
[2023-12-15T12:08:45.539+0000] {logging_mixin.py:154} INFO - [2023-12-15T12:08:45.539+0000] {dag.py:2941} INFO - Sync 1 DAGs
[2023-12-15T12:08:45.694+0000] {logging_mixin.py:154} INFO - [2023-12-15T12:08:45.693+0000] {dag.py:3722} INFO - Setting next_dagrun for example_setup_teardown to 2023-12-14T12:08:45.692555+00:00, run_after=2023-12-15T12:08:45.692555+00:00
[2023-12-15T12:08:45.797+0000] {processor.py:179} INFO - Processing /home/airflow/.local/lib/python3.8/site-packages/airflow/example_dags/example_setup_teardown.py took 0.443 seconds
[2023-12-15T12:09:16.243+0000] {processor.py:157} INFO - Started process (PID=3312) to work on /home/airflow/.local/lib/python3.8/site-packages/airflow/example_dags/example_setup_teardown.py
[2023-12-15T12:09:16.255+0000] {processor.py:829} INFO - Processing file /home/airflow/.local/lib/python3.8/site-packages/airflow/example_dags/example_setup_teardown.py for tasks to queue
[2023-12-15T12:09:16.261+0000] {logging_mixin.py:154} INFO - [2023-12-15T12:09:16.260+0000] {dagbag.py:536} INFO - Filling up the DagBag from /home/airflow/.local/lib/python3.8/site-packages/airflow/example_dags/example_setup_teardown.py
[2023-12-15T12:09:16.383+0000] {processor.py:839} INFO - DAG(s) dict_keys(['example_setup_teardown']) retrieved from /home/airflow/.local/lib/python3.8/site-packages/airflow/example_dags/example_setup_teardown.py
[2023-12-15T12:09:16.851+0000] {logging_mixin.py:154} INFO - [2023-12-15T12:09:16.849+0000] {dag.py:2941} INFO - Sync 1 DAGs
[2023-12-15T12:09:17.129+0000] {logging_mixin.py:154} INFO - [2023-12-15T12:09:17.128+0000] {dag.py:3722} INFO - Setting next_dagrun for example_setup_teardown to 2023-12-14T12:09:17.124209+00:00, run_after=2023-12-15T12:09:17.124209+00:00
[2023-12-15T12:09:17.293+0000] {processor.py:179} INFO - Processing /home/airflow/.local/lib/python3.8/site-packages/airflow/example_dags/example_setup_teardown.py took 1.110 seconds
[2023-12-15T12:09:48.743+0000] {processor.py:157} INFO - Started process (PID=3365) to work on /home/airflow/.local/lib/python3.8/site-packages/airflow/example_dags/example_setup_teardown.py
[2023-12-15T12:09:48.765+0000] {processor.py:829} INFO - Processing file /home/airflow/.local/lib/python3.8/site-packages/airflow/example_dags/example_setup_teardown.py for tasks to queue
[2023-12-15T12:09:48.798+0000] {logging_mixin.py:154} INFO - [2023-12-15T12:09:48.788+0000] {dagbag.py:536} INFO - Filling up the DagBag from /home/airflow/.local/lib/python3.8/site-packages/airflow/example_dags/example_setup_teardown.py
[2023-12-15T12:09:48.910+0000] {processor.py:839} INFO - DAG(s) dict_keys(['example_setup_teardown']) retrieved from /home/airflow/.local/lib/python3.8/site-packages/airflow/example_dags/example_setup_teardown.py
[2023-12-15T12:09:49.086+0000] {logging_mixin.py:154} INFO - [2023-12-15T12:09:49.086+0000] {dag.py:2941} INFO - Sync 1 DAGs
[2023-12-15T12:09:49.207+0000] {logging_mixin.py:154} INFO - [2023-12-15T12:09:49.207+0000] {dag.py:3722} INFO - Setting next_dagrun for example_setup_teardown to 2023-12-14T12:09:49.201870+00:00, run_after=2023-12-15T12:09:49.201870+00:00
[2023-12-15T12:09:49.247+0000] {processor.py:179} INFO - Processing /home/airflow/.local/lib/python3.8/site-packages/airflow/example_dags/example_setup_teardown.py took 0.634 seconds
[2023-12-15T12:10:19.828+0000] {processor.py:157} INFO - Started process (PID=3419) to work on /home/airflow/.local/lib/python3.8/site-packages/airflow/example_dags/example_setup_teardown.py
[2023-12-15T12:10:19.831+0000] {processor.py:829} INFO - Processing file /home/airflow/.local/lib/python3.8/site-packages/airflow/example_dags/example_setup_teardown.py for tasks to queue
[2023-12-15T12:10:19.839+0000] {logging_mixin.py:154} INFO - [2023-12-15T12:10:19.838+0000] {dagbag.py:536} INFO - Filling up the DagBag from /home/airflow/.local/lib/python3.8/site-packages/airflow/example_dags/example_setup_teardown.py
[2023-12-15T12:10:19.891+0000] {processor.py:839} INFO - DAG(s) dict_keys(['example_setup_teardown']) retrieved from /home/airflow/.local/lib/python3.8/site-packages/airflow/example_dags/example_setup_teardown.py
[2023-12-15T12:10:19.997+0000] {logging_mixin.py:154} INFO - [2023-12-15T12:10:19.997+0000] {dag.py:2941} INFO - Sync 1 DAGs
[2023-12-15T12:10:20.058+0000] {logging_mixin.py:154} INFO - [2023-12-15T12:10:20.057+0000] {dag.py:3722} INFO - Setting next_dagrun for example_setup_teardown to 2023-12-14T12:10:20.056983+00:00, run_after=2023-12-15T12:10:20.056983+00:00
[2023-12-15T12:10:20.090+0000] {processor.py:179} INFO - Processing /home/airflow/.local/lib/python3.8/site-packages/airflow/example_dags/example_setup_teardown.py took 0.295 seconds
