[2023-12-15T11:37:09.399+0000] {processor.py:157} INFO - Started process (PID=83) to work on /home/airflow/.local/lib/python3.8/site-packages/airflow/example_dags/example_task_group_decorator.py
[2023-12-15T11:37:09.410+0000] {processor.py:829} INFO - Processing file /home/airflow/.local/lib/python3.8/site-packages/airflow/example_dags/example_task_group_decorator.py for tasks to queue
[2023-12-15T11:37:09.427+0000] {logging_mixin.py:154} INFO - [2023-12-15T11:37:09.427+0000] {dagbag.py:536} INFO - Filling up the DagBag from /home/airflow/.local/lib/python3.8/site-packages/airflow/example_dags/example_task_group_decorator.py
[2023-12-15T11:37:09.499+0000] {processor.py:839} INFO - DAG(s) dict_keys(['example_task_group_decorator']) retrieved from /home/airflow/.local/lib/python3.8/site-packages/airflow/example_dags/example_task_group_decorator.py
[2023-12-15T11:37:09.688+0000] {logging_mixin.py:154} INFO - [2023-12-15T11:37:09.686+0000] {dag.py:2941} INFO - Sync 1 DAGs
[2023-12-15T11:37:09.758+0000] {logging_mixin.py:154} INFO - [2023-12-15T11:37:09.757+0000] {dag.py:3722} INFO - Setting next_dagrun for example_task_group_decorator to 2023-12-14T11:37:09.756572+00:00, run_after=2023-12-15T11:37:09.756572+00:00
[2023-12-15T11:37:10.034+0000] {processor.py:179} INFO - Processing /home/airflow/.local/lib/python3.8/site-packages/airflow/example_dags/example_task_group_decorator.py took 0.652 seconds
[2023-12-15T11:37:40.730+0000] {processor.py:157} INFO - Started process (PID=138) to work on /home/airflow/.local/lib/python3.8/site-packages/airflow/example_dags/example_task_group_decorator.py
[2023-12-15T11:37:40.731+0000] {processor.py:829} INFO - Processing file /home/airflow/.local/lib/python3.8/site-packages/airflow/example_dags/example_task_group_decorator.py for tasks to queue
[2023-12-15T11:37:40.735+0000] {logging_mixin.py:154} INFO - [2023-12-15T11:37:40.735+0000] {dagbag.py:536} INFO - Filling up the DagBag from /home/airflow/.local/lib/python3.8/site-packages/airflow/example_dags/example_task_group_decorator.py
[2023-12-15T11:37:40.762+0000] {processor.py:839} INFO - DAG(s) dict_keys(['example_task_group_decorator']) retrieved from /home/airflow/.local/lib/python3.8/site-packages/airflow/example_dags/example_task_group_decorator.py
[2023-12-15T11:37:40.785+0000] {logging_mixin.py:154} INFO - [2023-12-15T11:37:40.785+0000] {dag.py:2941} INFO - Sync 1 DAGs
[2023-12-15T11:37:40.805+0000] {logging_mixin.py:154} INFO - [2023-12-15T11:37:40.805+0000] {dag.py:3722} INFO - Setting next_dagrun for example_task_group_decorator to 2023-12-14T11:37:40.804648+00:00, run_after=2023-12-15T11:37:40.804648+00:00
[2023-12-15T11:37:40.840+0000] {processor.py:179} INFO - Processing /home/airflow/.local/lib/python3.8/site-packages/airflow/example_dags/example_task_group_decorator.py took 0.113 seconds
[2023-12-15T11:38:10.903+0000] {processor.py:157} INFO - Started process (PID=192) to work on /home/airflow/.local/lib/python3.8/site-packages/airflow/example_dags/example_task_group_decorator.py
[2023-12-15T11:38:10.904+0000] {processor.py:829} INFO - Processing file /home/airflow/.local/lib/python3.8/site-packages/airflow/example_dags/example_task_group_decorator.py for tasks to queue
[2023-12-15T11:38:10.906+0000] {logging_mixin.py:154} INFO - [2023-12-15T11:38:10.906+0000] {dagbag.py:536} INFO - Filling up the DagBag from /home/airflow/.local/lib/python3.8/site-packages/airflow/example_dags/example_task_group_decorator.py
[2023-12-15T11:38:10.922+0000] {processor.py:839} INFO - DAG(s) dict_keys(['example_task_group_decorator']) retrieved from /home/airflow/.local/lib/python3.8/site-packages/airflow/example_dags/example_task_group_decorator.py
[2023-12-15T11:38:10.947+0000] {logging_mixin.py:154} INFO - [2023-12-15T11:38:10.947+0000] {dag.py:2941} INFO - Sync 1 DAGs
[2023-12-15T11:38:10.969+0000] {logging_mixin.py:154} INFO - [2023-12-15T11:38:10.969+0000] {dag.py:3722} INFO - Setting next_dagrun for example_task_group_decorator to 2023-12-14T11:38:10.969498+00:00, run_after=2023-12-15T11:38:10.969498+00:00
[2023-12-15T11:38:10.983+0000] {processor.py:179} INFO - Processing /home/airflow/.local/lib/python3.8/site-packages/airflow/example_dags/example_task_group_decorator.py took 0.082 seconds
[2023-12-15T11:38:41.708+0000] {processor.py:157} INFO - Started process (PID=246) to work on /home/airflow/.local/lib/python3.8/site-packages/airflow/example_dags/example_task_group_decorator.py
[2023-12-15T11:38:41.709+0000] {processor.py:829} INFO - Processing file /home/airflow/.local/lib/python3.8/site-packages/airflow/example_dags/example_task_group_decorator.py for tasks to queue
[2023-12-15T11:38:41.712+0000] {logging_mixin.py:154} INFO - [2023-12-15T11:38:41.712+0000] {dagbag.py:536} INFO - Filling up the DagBag from /home/airflow/.local/lib/python3.8/site-packages/airflow/example_dags/example_task_group_decorator.py
[2023-12-15T11:38:41.735+0000] {processor.py:839} INFO - DAG(s) dict_keys(['example_task_group_decorator']) retrieved from /home/airflow/.local/lib/python3.8/site-packages/airflow/example_dags/example_task_group_decorator.py
[2023-12-15T11:38:41.775+0000] {logging_mixin.py:154} INFO - [2023-12-15T11:38:41.774+0000] {dag.py:2941} INFO - Sync 1 DAGs
[2023-12-15T11:38:41.816+0000] {logging_mixin.py:154} INFO - [2023-12-15T11:38:41.816+0000] {dag.py:3722} INFO - Setting next_dagrun for example_task_group_decorator to 2023-12-14T11:38:41.815409+00:00, run_after=2023-12-15T11:38:41.815409+00:00
[2023-12-15T11:38:41.852+0000] {processor.py:179} INFO - Processing /home/airflow/.local/lib/python3.8/site-packages/airflow/example_dags/example_task_group_decorator.py took 0.150 seconds
[2023-12-15T11:39:12.394+0000] {processor.py:157} INFO - Started process (PID=299) to work on /home/airflow/.local/lib/python3.8/site-packages/airflow/example_dags/example_task_group_decorator.py
[2023-12-15T11:39:12.402+0000] {processor.py:829} INFO - Processing file /home/airflow/.local/lib/python3.8/site-packages/airflow/example_dags/example_task_group_decorator.py for tasks to queue
[2023-12-15T11:39:12.412+0000] {logging_mixin.py:154} INFO - [2023-12-15T11:39:12.412+0000] {dagbag.py:536} INFO - Filling up the DagBag from /home/airflow/.local/lib/python3.8/site-packages/airflow/example_dags/example_task_group_decorator.py
[2023-12-15T11:39:12.448+0000] {processor.py:839} INFO - DAG(s) dict_keys(['example_task_group_decorator']) retrieved from /home/airflow/.local/lib/python3.8/site-packages/airflow/example_dags/example_task_group_decorator.py
[2023-12-15T11:39:12.523+0000] {logging_mixin.py:154} INFO - [2023-12-15T11:39:12.523+0000] {dag.py:2941} INFO - Sync 1 DAGs
[2023-12-15T11:39:12.577+0000] {logging_mixin.py:154} INFO - [2023-12-15T11:39:12.576+0000] {dag.py:3722} INFO - Setting next_dagrun for example_task_group_decorator to 2023-12-14T11:39:12.576244+00:00, run_after=2023-12-15T11:39:12.576244+00:00
[2023-12-15T11:39:12.651+0000] {processor.py:179} INFO - Processing /home/airflow/.local/lib/python3.8/site-packages/airflow/example_dags/example_task_group_decorator.py took 0.269 seconds
[2023-12-15T11:39:46.020+0000] {processor.py:157} INFO - Started process (PID=352) to work on /home/airflow/.local/lib/python3.8/site-packages/airflow/example_dags/example_task_group_decorator.py
[2023-12-15T11:39:46.022+0000] {processor.py:829} INFO - Processing file /home/airflow/.local/lib/python3.8/site-packages/airflow/example_dags/example_task_group_decorator.py for tasks to queue
[2023-12-15T11:39:46.025+0000] {logging_mixin.py:154} INFO - [2023-12-15T11:39:46.024+0000] {dagbag.py:536} INFO - Filling up the DagBag from /home/airflow/.local/lib/python3.8/site-packages/airflow/example_dags/example_task_group_decorator.py
[2023-12-15T11:39:46.061+0000] {processor.py:839} INFO - DAG(s) dict_keys(['example_task_group_decorator']) retrieved from /home/airflow/.local/lib/python3.8/site-packages/airflow/example_dags/example_task_group_decorator.py
[2023-12-15T11:39:46.117+0000] {logging_mixin.py:154} INFO - [2023-12-15T11:39:46.115+0000] {dag.py:2941} INFO - Sync 1 DAGs
[2023-12-15T11:39:46.151+0000] {logging_mixin.py:154} INFO - [2023-12-15T11:39:46.151+0000] {dag.py:3722} INFO - Setting next_dagrun for example_task_group_decorator to 2023-12-14T11:39:46.151102+00:00, run_after=2023-12-15T11:39:46.151102+00:00
[2023-12-15T11:39:46.186+0000] {processor.py:179} INFO - Processing /home/airflow/.local/lib/python3.8/site-packages/airflow/example_dags/example_task_group_decorator.py took 0.170 seconds
[2023-12-15T11:40:19.783+0000] {processor.py:157} INFO - Started process (PID=406) to work on /home/airflow/.local/lib/python3.8/site-packages/airflow/example_dags/example_task_group_decorator.py
[2023-12-15T11:40:19.785+0000] {processor.py:829} INFO - Processing file /home/airflow/.local/lib/python3.8/site-packages/airflow/example_dags/example_task_group_decorator.py for tasks to queue
[2023-12-15T11:40:19.788+0000] {logging_mixin.py:154} INFO - [2023-12-15T11:40:19.788+0000] {dagbag.py:536} INFO - Filling up the DagBag from /home/airflow/.local/lib/python3.8/site-packages/airflow/example_dags/example_task_group_decorator.py
[2023-12-15T11:40:19.816+0000] {processor.py:839} INFO - DAG(s) dict_keys(['example_task_group_decorator']) retrieved from /home/airflow/.local/lib/python3.8/site-packages/airflow/example_dags/example_task_group_decorator.py
[2023-12-15T11:40:19.880+0000] {logging_mixin.py:154} INFO - [2023-12-15T11:40:19.879+0000] {dag.py:2941} INFO - Sync 1 DAGs
[2023-12-15T11:40:19.917+0000] {logging_mixin.py:154} INFO - [2023-12-15T11:40:19.916+0000] {dag.py:3722} INFO - Setting next_dagrun for example_task_group_decorator to 2023-12-14T11:40:19.915120+00:00, run_after=2023-12-15T11:40:19.915120+00:00
[2023-12-15T11:40:19.972+0000] {processor.py:179} INFO - Processing /home/airflow/.local/lib/python3.8/site-packages/airflow/example_dags/example_task_group_decorator.py took 0.192 seconds
[2023-12-15T11:40:54.407+0000] {processor.py:157} INFO - Started process (PID=458) to work on /home/airflow/.local/lib/python3.8/site-packages/airflow/example_dags/example_task_group_decorator.py
[2023-12-15T11:40:54.449+0000] {processor.py:829} INFO - Processing file /home/airflow/.local/lib/python3.8/site-packages/airflow/example_dags/example_task_group_decorator.py for tasks to queue
[2023-12-15T11:40:54.504+0000] {logging_mixin.py:154} INFO - [2023-12-15T11:40:54.503+0000] {dagbag.py:536} INFO - Filling up the DagBag from /home/airflow/.local/lib/python3.8/site-packages/airflow/example_dags/example_task_group_decorator.py
[2023-12-15T11:40:54.597+0000] {processor.py:839} INFO - DAG(s) dict_keys(['example_task_group_decorator']) retrieved from /home/airflow/.local/lib/python3.8/site-packages/airflow/example_dags/example_task_group_decorator.py
[2023-12-15T11:40:54.953+0000] {logging_mixin.py:154} INFO - [2023-12-15T11:40:54.951+0000] {dag.py:2941} INFO - Sync 1 DAGs
[2023-12-15T11:40:55.434+0000] {logging_mixin.py:154} INFO - [2023-12-15T11:40:55.429+0000] {dag.py:3722} INFO - Setting next_dagrun for example_task_group_decorator to 2023-12-14T11:40:55.426853+00:00, run_after=2023-12-15T11:40:55.426853+00:00
[2023-12-15T11:40:55.666+0000] {processor.py:179} INFO - Processing /home/airflow/.local/lib/python3.8/site-packages/airflow/example_dags/example_task_group_decorator.py took 1.277 seconds
[2023-12-15T11:41:26.876+0000] {processor.py:157} INFO - Started process (PID=511) to work on /home/airflow/.local/lib/python3.8/site-packages/airflow/example_dags/example_task_group_decorator.py
[2023-12-15T11:41:26.885+0000] {processor.py:829} INFO - Processing file /home/airflow/.local/lib/python3.8/site-packages/airflow/example_dags/example_task_group_decorator.py for tasks to queue
[2023-12-15T11:41:26.939+0000] {logging_mixin.py:154} INFO - [2023-12-15T11:41:26.935+0000] {dagbag.py:536} INFO - Filling up the DagBag from /home/airflow/.local/lib/python3.8/site-packages/airflow/example_dags/example_task_group_decorator.py
[2023-12-15T11:41:27.041+0000] {processor.py:839} INFO - DAG(s) dict_keys(['example_task_group_decorator']) retrieved from /home/airflow/.local/lib/python3.8/site-packages/airflow/example_dags/example_task_group_decorator.py
[2023-12-15T11:41:27.289+0000] {logging_mixin.py:154} INFO - [2023-12-15T11:41:27.289+0000] {dag.py:2941} INFO - Sync 1 DAGs
[2023-12-15T11:41:27.423+0000] {logging_mixin.py:154} INFO - [2023-12-15T11:41:27.422+0000] {dag.py:3722} INFO - Setting next_dagrun for example_task_group_decorator to 2023-12-14T11:41:27.421939+00:00, run_after=2023-12-15T11:41:27.421939+00:00
[2023-12-15T11:41:27.644+0000] {processor.py:179} INFO - Processing /home/airflow/.local/lib/python3.8/site-packages/airflow/example_dags/example_task_group_decorator.py took 0.805 seconds
[2023-12-15T11:41:58.429+0000] {processor.py:157} INFO - Started process (PID=565) to work on /home/airflow/.local/lib/python3.8/site-packages/airflow/example_dags/example_task_group_decorator.py
[2023-12-15T11:41:58.431+0000] {processor.py:829} INFO - Processing file /home/airflow/.local/lib/python3.8/site-packages/airflow/example_dags/example_task_group_decorator.py for tasks to queue
[2023-12-15T11:41:58.444+0000] {logging_mixin.py:154} INFO - [2023-12-15T11:41:58.441+0000] {dagbag.py:536} INFO - Filling up the DagBag from /home/airflow/.local/lib/python3.8/site-packages/airflow/example_dags/example_task_group_decorator.py
[2023-12-15T11:41:58.500+0000] {processor.py:839} INFO - DAG(s) dict_keys(['example_task_group_decorator']) retrieved from /home/airflow/.local/lib/python3.8/site-packages/airflow/example_dags/example_task_group_decorator.py
[2023-12-15T11:41:58.590+0000] {logging_mixin.py:154} INFO - [2023-12-15T11:41:58.589+0000] {dag.py:2941} INFO - Sync 1 DAGs
[2023-12-15T11:41:58.627+0000] {logging_mixin.py:154} INFO - [2023-12-15T11:41:58.627+0000] {dag.py:3722} INFO - Setting next_dagrun for example_task_group_decorator to 2023-12-14T11:41:58.626890+00:00, run_after=2023-12-15T11:41:58.626890+00:00
[2023-12-15T11:41:58.644+0000] {processor.py:179} INFO - Processing /home/airflow/.local/lib/python3.8/site-packages/airflow/example_dags/example_task_group_decorator.py took 0.253 seconds
[2023-12-15T11:42:29.175+0000] {processor.py:157} INFO - Started process (PID=620) to work on /home/airflow/.local/lib/python3.8/site-packages/airflow/example_dags/example_task_group_decorator.py
[2023-12-15T11:42:29.181+0000] {processor.py:829} INFO - Processing file /home/airflow/.local/lib/python3.8/site-packages/airflow/example_dags/example_task_group_decorator.py for tasks to queue
[2023-12-15T11:42:29.206+0000] {logging_mixin.py:154} INFO - [2023-12-15T11:42:29.204+0000] {dagbag.py:536} INFO - Filling up the DagBag from /home/airflow/.local/lib/python3.8/site-packages/airflow/example_dags/example_task_group_decorator.py
[2023-12-15T11:42:29.332+0000] {processor.py:839} INFO - DAG(s) dict_keys(['example_task_group_decorator']) retrieved from /home/airflow/.local/lib/python3.8/site-packages/airflow/example_dags/example_task_group_decorator.py
[2023-12-15T11:42:29.516+0000] {logging_mixin.py:154} INFO - [2023-12-15T11:42:29.516+0000] {dag.py:2941} INFO - Sync 1 DAGs
[2023-12-15T11:42:29.561+0000] {logging_mixin.py:154} INFO - [2023-12-15T11:42:29.561+0000] {dag.py:3722} INFO - Setting next_dagrun for example_task_group_decorator to 2023-12-14T11:42:29.557086+00:00, run_after=2023-12-15T11:42:29.557086+00:00
[2023-12-15T11:42:29.579+0000] {processor.py:179} INFO - Processing /home/airflow/.local/lib/python3.8/site-packages/airflow/example_dags/example_task_group_decorator.py took 0.432 seconds
[2023-12-15T11:43:05.528+0000] {processor.py:157} INFO - Started process (PID=675) to work on /home/airflow/.local/lib/python3.8/site-packages/airflow/example_dags/example_task_group_decorator.py
[2023-12-15T11:43:05.533+0000] {processor.py:829} INFO - Processing file /home/airflow/.local/lib/python3.8/site-packages/airflow/example_dags/example_task_group_decorator.py for tasks to queue
[2023-12-15T11:43:05.542+0000] {logging_mixin.py:154} INFO - [2023-12-15T11:43:05.541+0000] {dagbag.py:536} INFO - Filling up the DagBag from /home/airflow/.local/lib/python3.8/site-packages/airflow/example_dags/example_task_group_decorator.py
[2023-12-15T11:43:05.731+0000] {processor.py:839} INFO - DAG(s) dict_keys(['example_task_group_decorator']) retrieved from /home/airflow/.local/lib/python3.8/site-packages/airflow/example_dags/example_task_group_decorator.py
[2023-12-15T11:43:05.826+0000] {logging_mixin.py:154} INFO - [2023-12-15T11:43:05.823+0000] {dag.py:2941} INFO - Sync 1 DAGs
[2023-12-15T11:43:05.899+0000] {logging_mixin.py:154} INFO - [2023-12-15T11:43:05.899+0000] {dag.py:3722} INFO - Setting next_dagrun for example_task_group_decorator to 2023-12-14T11:43:05.898682+00:00, run_after=2023-12-15T11:43:05.898682+00:00
[2023-12-15T11:43:05.990+0000] {processor.py:179} INFO - Processing /home/airflow/.local/lib/python3.8/site-packages/airflow/example_dags/example_task_group_decorator.py took 0.468 seconds
[2023-12-15T11:43:41.553+0000] {processor.py:157} INFO - Started process (PID=729) to work on /home/airflow/.local/lib/python3.8/site-packages/airflow/example_dags/example_task_group_decorator.py
[2023-12-15T11:43:41.556+0000] {processor.py:829} INFO - Processing file /home/airflow/.local/lib/python3.8/site-packages/airflow/example_dags/example_task_group_decorator.py for tasks to queue
[2023-12-15T11:43:41.561+0000] {logging_mixin.py:154} INFO - [2023-12-15T11:43:41.560+0000] {dagbag.py:536} INFO - Filling up the DagBag from /home/airflow/.local/lib/python3.8/site-packages/airflow/example_dags/example_task_group_decorator.py
[2023-12-15T11:43:41.604+0000] {processor.py:839} INFO - DAG(s) dict_keys(['example_task_group_decorator']) retrieved from /home/airflow/.local/lib/python3.8/site-packages/airflow/example_dags/example_task_group_decorator.py
[2023-12-15T11:43:41.660+0000] {logging_mixin.py:154} INFO - [2023-12-15T11:43:41.660+0000] {dag.py:2941} INFO - Sync 1 DAGs
[2023-12-15T11:43:41.798+0000] {logging_mixin.py:154} INFO - [2023-12-15T11:43:41.798+0000] {dag.py:3722} INFO - Setting next_dagrun for example_task_group_decorator to 2023-12-14T11:43:41.786078+00:00, run_after=2023-12-15T11:43:41.786078+00:00
[2023-12-15T11:43:41.855+0000] {processor.py:179} INFO - Processing /home/airflow/.local/lib/python3.8/site-packages/airflow/example_dags/example_task_group_decorator.py took 0.308 seconds
[2023-12-15T11:44:17.767+0000] {processor.py:157} INFO - Started process (PID=790) to work on /home/airflow/.local/lib/python3.8/site-packages/airflow/example_dags/example_task_group_decorator.py
[2023-12-15T11:44:17.775+0000] {processor.py:829} INFO - Processing file /home/airflow/.local/lib/python3.8/site-packages/airflow/example_dags/example_task_group_decorator.py for tasks to queue
[2023-12-15T11:44:17.780+0000] {logging_mixin.py:154} INFO - [2023-12-15T11:44:17.780+0000] {dagbag.py:536} INFO - Filling up the DagBag from /home/airflow/.local/lib/python3.8/site-packages/airflow/example_dags/example_task_group_decorator.py
[2023-12-15T11:44:17.831+0000] {processor.py:839} INFO - DAG(s) dict_keys(['example_task_group_decorator']) retrieved from /home/airflow/.local/lib/python3.8/site-packages/airflow/example_dags/example_task_group_decorator.py
[2023-12-15T11:44:17.909+0000] {logging_mixin.py:154} INFO - [2023-12-15T11:44:17.909+0000] {dag.py:2941} INFO - Sync 1 DAGs
[2023-12-15T11:44:17.962+0000] {logging_mixin.py:154} INFO - [2023-12-15T11:44:17.962+0000] {dag.py:3722} INFO - Setting next_dagrun for example_task_group_decorator to 2023-12-14T11:44:17.961588+00:00, run_after=2023-12-15T11:44:17.961588+00:00
[2023-12-15T11:44:17.986+0000] {processor.py:179} INFO - Processing /home/airflow/.local/lib/python3.8/site-packages/airflow/example_dags/example_task_group_decorator.py took 0.229 seconds
[2023-12-15T11:44:48.656+0000] {processor.py:157} INFO - Started process (PID=846) to work on /home/airflow/.local/lib/python3.8/site-packages/airflow/example_dags/example_task_group_decorator.py
[2023-12-15T11:44:48.661+0000] {processor.py:829} INFO - Processing file /home/airflow/.local/lib/python3.8/site-packages/airflow/example_dags/example_task_group_decorator.py for tasks to queue
[2023-12-15T11:44:48.668+0000] {logging_mixin.py:154} INFO - [2023-12-15T11:44:48.666+0000] {dagbag.py:536} INFO - Filling up the DagBag from /home/airflow/.local/lib/python3.8/site-packages/airflow/example_dags/example_task_group_decorator.py
[2023-12-15T11:44:48.709+0000] {processor.py:839} INFO - DAG(s) dict_keys(['example_task_group_decorator']) retrieved from /home/airflow/.local/lib/python3.8/site-packages/airflow/example_dags/example_task_group_decorator.py
[2023-12-15T11:44:48.763+0000] {logging_mixin.py:154} INFO - [2023-12-15T11:44:48.762+0000] {dag.py:2941} INFO - Sync 1 DAGs
[2023-12-15T11:44:48.798+0000] {logging_mixin.py:154} INFO - [2023-12-15T11:44:48.797+0000] {dag.py:3722} INFO - Setting next_dagrun for example_task_group_decorator to 2023-12-14T11:44:48.796957+00:00, run_after=2023-12-15T11:44:48.796957+00:00
[2023-12-15T11:44:48.875+0000] {processor.py:179} INFO - Processing /home/airflow/.local/lib/python3.8/site-packages/airflow/example_dags/example_task_group_decorator.py took 0.224 seconds
[2023-12-15T11:45:20.002+0000] {processor.py:157} INFO - Started process (PID=899) to work on /home/airflow/.local/lib/python3.8/site-packages/airflow/example_dags/example_task_group_decorator.py
[2023-12-15T11:45:20.004+0000] {processor.py:829} INFO - Processing file /home/airflow/.local/lib/python3.8/site-packages/airflow/example_dags/example_task_group_decorator.py for tasks to queue
[2023-12-15T11:45:20.032+0000] {logging_mixin.py:154} INFO - [2023-12-15T11:45:20.032+0000] {dagbag.py:536} INFO - Filling up the DagBag from /home/airflow/.local/lib/python3.8/site-packages/airflow/example_dags/example_task_group_decorator.py
[2023-12-15T11:45:20.085+0000] {processor.py:839} INFO - DAG(s) dict_keys(['example_task_group_decorator']) retrieved from /home/airflow/.local/lib/python3.8/site-packages/airflow/example_dags/example_task_group_decorator.py
[2023-12-15T11:45:20.168+0000] {logging_mixin.py:154} INFO - [2023-12-15T11:45:20.167+0000] {dag.py:2941} INFO - Sync 1 DAGs
[2023-12-15T11:45:20.195+0000] {logging_mixin.py:154} INFO - [2023-12-15T11:45:20.195+0000] {dag.py:3722} INFO - Setting next_dagrun for example_task_group_decorator to 2023-12-14T11:45:20.194478+00:00, run_after=2023-12-15T11:45:20.194478+00:00
[2023-12-15T11:45:20.228+0000] {processor.py:179} INFO - Processing /home/airflow/.local/lib/python3.8/site-packages/airflow/example_dags/example_task_group_decorator.py took 0.231 seconds
[2023-12-15T11:45:52.139+0000] {processor.py:157} INFO - Started process (PID=951) to work on /home/airflow/.local/lib/python3.8/site-packages/airflow/example_dags/example_task_group_decorator.py
[2023-12-15T11:45:52.182+0000] {processor.py:829} INFO - Processing file /home/airflow/.local/lib/python3.8/site-packages/airflow/example_dags/example_task_group_decorator.py for tasks to queue
[2023-12-15T11:45:52.184+0000] {logging_mixin.py:154} INFO - [2023-12-15T11:45:52.184+0000] {dagbag.py:536} INFO - Filling up the DagBag from /home/airflow/.local/lib/python3.8/site-packages/airflow/example_dags/example_task_group_decorator.py
[2023-12-15T11:45:52.236+0000] {processor.py:839} INFO - DAG(s) dict_keys(['example_task_group_decorator']) retrieved from /home/airflow/.local/lib/python3.8/site-packages/airflow/example_dags/example_task_group_decorator.py
[2023-12-15T11:45:52.321+0000] {logging_mixin.py:154} INFO - [2023-12-15T11:45:52.321+0000] {dag.py:2941} INFO - Sync 1 DAGs
[2023-12-15T11:45:52.423+0000] {logging_mixin.py:154} INFO - [2023-12-15T11:45:52.422+0000] {dag.py:3722} INFO - Setting next_dagrun for example_task_group_decorator to 2023-12-14T11:45:52.421187+00:00, run_after=2023-12-15T11:45:52.421187+00:00
[2023-12-15T11:45:56.296+0000] {processor.py:179} INFO - Processing /home/airflow/.local/lib/python3.8/site-packages/airflow/example_dags/example_task_group_decorator.py took 4.166 seconds
[2023-12-15T11:46:26.723+0000] {processor.py:157} INFO - Started process (PID=1003) to work on /home/airflow/.local/lib/python3.8/site-packages/airflow/example_dags/example_task_group_decorator.py
[2023-12-15T11:46:26.736+0000] {processor.py:829} INFO - Processing file /home/airflow/.local/lib/python3.8/site-packages/airflow/example_dags/example_task_group_decorator.py for tasks to queue
[2023-12-15T11:46:26.750+0000] {logging_mixin.py:154} INFO - [2023-12-15T11:46:26.748+0000] {dagbag.py:536} INFO - Filling up the DagBag from /home/airflow/.local/lib/python3.8/site-packages/airflow/example_dags/example_task_group_decorator.py
[2023-12-15T11:46:26.820+0000] {processor.py:839} INFO - DAG(s) dict_keys(['example_task_group_decorator']) retrieved from /home/airflow/.local/lib/python3.8/site-packages/airflow/example_dags/example_task_group_decorator.py
[2023-12-15T11:46:26.889+0000] {logging_mixin.py:154} INFO - [2023-12-15T11:46:26.889+0000] {dag.py:2941} INFO - Sync 1 DAGs
[2023-12-15T11:46:26.963+0000] {logging_mixin.py:154} INFO - [2023-12-15T11:46:26.963+0000] {dag.py:3722} INFO - Setting next_dagrun for example_task_group_decorator to 2023-12-14T11:46:26.960031+00:00, run_after=2023-12-15T11:46:26.960031+00:00
[2023-12-15T11:46:27.030+0000] {processor.py:179} INFO - Processing /home/airflow/.local/lib/python3.8/site-packages/airflow/example_dags/example_task_group_decorator.py took 0.334 seconds
[2023-12-15T11:47:04.378+0000] {processor.py:157} INFO - Started process (PID=1061) to work on /home/airflow/.local/lib/python3.8/site-packages/airflow/example_dags/example_task_group_decorator.py
[2023-12-15T11:47:04.383+0000] {processor.py:829} INFO - Processing file /home/airflow/.local/lib/python3.8/site-packages/airflow/example_dags/example_task_group_decorator.py for tasks to queue
[2023-12-15T11:47:04.389+0000] {logging_mixin.py:154} INFO - [2023-12-15T11:47:04.388+0000] {dagbag.py:536} INFO - Filling up the DagBag from /home/airflow/.local/lib/python3.8/site-packages/airflow/example_dags/example_task_group_decorator.py
[2023-12-15T11:47:04.418+0000] {processor.py:839} INFO - DAG(s) dict_keys(['example_task_group_decorator']) retrieved from /home/airflow/.local/lib/python3.8/site-packages/airflow/example_dags/example_task_group_decorator.py
[2023-12-15T11:47:04.504+0000] {logging_mixin.py:154} INFO - [2023-12-15T11:47:04.504+0000] {dag.py:2941} INFO - Sync 1 DAGs
[2023-12-15T11:47:04.562+0000] {logging_mixin.py:154} INFO - [2023-12-15T11:47:04.562+0000] {dag.py:3722} INFO - Setting next_dagrun for example_task_group_decorator to 2023-12-14T11:47:04.562161+00:00, run_after=2023-12-15T11:47:04.562161+00:00
[2023-12-15T11:47:04.654+0000] {processor.py:179} INFO - Processing /home/airflow/.local/lib/python3.8/site-packages/airflow/example_dags/example_task_group_decorator.py took 0.280 seconds
[2023-12-15T11:47:39.362+0000] {processor.py:157} INFO - Started process (PID=1119) to work on /home/airflow/.local/lib/python3.8/site-packages/airflow/example_dags/example_task_group_decorator.py
[2023-12-15T11:47:39.365+0000] {processor.py:829} INFO - Processing file /home/airflow/.local/lib/python3.8/site-packages/airflow/example_dags/example_task_group_decorator.py for tasks to queue
[2023-12-15T11:47:39.378+0000] {logging_mixin.py:154} INFO - [2023-12-15T11:47:39.376+0000] {dagbag.py:536} INFO - Filling up the DagBag from /home/airflow/.local/lib/python3.8/site-packages/airflow/example_dags/example_task_group_decorator.py
[2023-12-15T11:47:39.409+0000] {processor.py:839} INFO - DAG(s) dict_keys(['example_task_group_decorator']) retrieved from /home/airflow/.local/lib/python3.8/site-packages/airflow/example_dags/example_task_group_decorator.py
[2023-12-15T11:47:39.460+0000] {logging_mixin.py:154} INFO - [2023-12-15T11:47:39.460+0000] {dag.py:2941} INFO - Sync 1 DAGs
[2023-12-15T11:47:39.856+0000] {logging_mixin.py:154} INFO - [2023-12-15T11:47:39.856+0000] {dag.py:3722} INFO - Setting next_dagrun for example_task_group_decorator to 2023-12-14T11:47:39.855902+00:00, run_after=2023-12-15T11:47:39.855902+00:00
[2023-12-15T11:47:39.883+0000] {processor.py:179} INFO - Processing /home/airflow/.local/lib/python3.8/site-packages/airflow/example_dags/example_task_group_decorator.py took 0.527 seconds
[2023-12-15T11:48:10.680+0000] {processor.py:157} INFO - Started process (PID=1176) to work on /home/airflow/.local/lib/python3.8/site-packages/airflow/example_dags/example_task_group_decorator.py
[2023-12-15T11:48:10.859+0000] {processor.py:829} INFO - Processing file /home/airflow/.local/lib/python3.8/site-packages/airflow/example_dags/example_task_group_decorator.py for tasks to queue
[2023-12-15T11:48:10.869+0000] {logging_mixin.py:154} INFO - [2023-12-15T11:48:10.869+0000] {dagbag.py:536} INFO - Filling up the DagBag from /home/airflow/.local/lib/python3.8/site-packages/airflow/example_dags/example_task_group_decorator.py
[2023-12-15T11:48:11.126+0000] {processor.py:839} INFO - DAG(s) dict_keys(['example_task_group_decorator']) retrieved from /home/airflow/.local/lib/python3.8/site-packages/airflow/example_dags/example_task_group_decorator.py
[2023-12-15T11:48:11.497+0000] {logging_mixin.py:154} INFO - [2023-12-15T11:48:11.496+0000] {dag.py:2941} INFO - Sync 1 DAGs
[2023-12-15T11:48:11.632+0000] {logging_mixin.py:154} INFO - [2023-12-15T11:48:11.632+0000] {dag.py:3722} INFO - Setting next_dagrun for example_task_group_decorator to 2023-12-14T11:48:11.627730+00:00, run_after=2023-12-15T11:48:11.627730+00:00
[2023-12-15T11:48:11.698+0000] {processor.py:179} INFO - Processing /home/airflow/.local/lib/python3.8/site-packages/airflow/example_dags/example_task_group_decorator.py took 1.069 seconds
[2023-12-15T11:48:47.255+0000] {processor.py:157} INFO - Started process (PID=1228) to work on /home/airflow/.local/lib/python3.8/site-packages/airflow/example_dags/example_task_group_decorator.py
[2023-12-15T11:48:47.259+0000] {processor.py:829} INFO - Processing file /home/airflow/.local/lib/python3.8/site-packages/airflow/example_dags/example_task_group_decorator.py for tasks to queue
[2023-12-15T11:48:47.264+0000] {logging_mixin.py:154} INFO - [2023-12-15T11:48:47.263+0000] {dagbag.py:536} INFO - Filling up the DagBag from /home/airflow/.local/lib/python3.8/site-packages/airflow/example_dags/example_task_group_decorator.py
[2023-12-15T11:48:47.304+0000] {processor.py:839} INFO - DAG(s) dict_keys(['example_task_group_decorator']) retrieved from /home/airflow/.local/lib/python3.8/site-packages/airflow/example_dags/example_task_group_decorator.py
[2023-12-15T11:48:47.373+0000] {logging_mixin.py:154} INFO - [2023-12-15T11:48:47.372+0000] {dag.py:2941} INFO - Sync 1 DAGs
[2023-12-15T11:48:47.409+0000] {logging_mixin.py:154} INFO - [2023-12-15T11:48:47.408+0000] {dag.py:3722} INFO - Setting next_dagrun for example_task_group_decorator to 2023-12-14T11:48:47.408119+00:00, run_after=2023-12-15T11:48:47.408119+00:00
[2023-12-15T11:48:47.457+0000] {processor.py:179} INFO - Processing /home/airflow/.local/lib/python3.8/site-packages/airflow/example_dags/example_task_group_decorator.py took 0.208 seconds
[2023-12-15T11:49:21.109+0000] {processor.py:157} INFO - Started process (PID=1283) to work on /home/airflow/.local/lib/python3.8/site-packages/airflow/example_dags/example_task_group_decorator.py
[2023-12-15T11:49:21.128+0000] {processor.py:829} INFO - Processing file /home/airflow/.local/lib/python3.8/site-packages/airflow/example_dags/example_task_group_decorator.py for tasks to queue
[2023-12-15T11:49:21.133+0000] {logging_mixin.py:154} INFO - [2023-12-15T11:49:21.132+0000] {dagbag.py:536} INFO - Filling up the DagBag from /home/airflow/.local/lib/python3.8/site-packages/airflow/example_dags/example_task_group_decorator.py
[2023-12-15T11:49:21.171+0000] {processor.py:839} INFO - DAG(s) dict_keys(['example_task_group_decorator']) retrieved from /home/airflow/.local/lib/python3.8/site-packages/airflow/example_dags/example_task_group_decorator.py
[2023-12-15T11:49:21.501+0000] {logging_mixin.py:154} INFO - [2023-12-15T11:49:21.501+0000] {dag.py:2941} INFO - Sync 1 DAGs
[2023-12-15T11:49:22.258+0000] {logging_mixin.py:154} INFO - [2023-12-15T11:49:22.257+0000] {dag.py:3722} INFO - Setting next_dagrun for example_task_group_decorator to 2023-12-14T11:49:22.257568+00:00, run_after=2023-12-15T11:49:22.257568+00:00
[2023-12-15T11:49:22.295+0000] {processor.py:179} INFO - Processing /home/airflow/.local/lib/python3.8/site-packages/airflow/example_dags/example_task_group_decorator.py took 1.192 seconds
[2023-12-15T11:49:52.879+0000] {processor.py:157} INFO - Started process (PID=1337) to work on /home/airflow/.local/lib/python3.8/site-packages/airflow/example_dags/example_task_group_decorator.py
[2023-12-15T11:49:52.881+0000] {processor.py:829} INFO - Processing file /home/airflow/.local/lib/python3.8/site-packages/airflow/example_dags/example_task_group_decorator.py for tasks to queue
[2023-12-15T11:49:52.885+0000] {logging_mixin.py:154} INFO - [2023-12-15T11:49:52.884+0000] {dagbag.py:536} INFO - Filling up the DagBag from /home/airflow/.local/lib/python3.8/site-packages/airflow/example_dags/example_task_group_decorator.py
[2023-12-15T11:49:52.915+0000] {processor.py:839} INFO - DAG(s) dict_keys(['example_task_group_decorator']) retrieved from /home/airflow/.local/lib/python3.8/site-packages/airflow/example_dags/example_task_group_decorator.py
[2023-12-15T11:49:53.146+0000] {logging_mixin.py:154} INFO - [2023-12-15T11:49:53.146+0000] {dag.py:2941} INFO - Sync 1 DAGs
[2023-12-15T11:49:53.216+0000] {logging_mixin.py:154} INFO - [2023-12-15T11:49:53.216+0000] {dag.py:3722} INFO - Setting next_dagrun for example_task_group_decorator to 2023-12-14T11:49:53.212199+00:00, run_after=2023-12-15T11:49:53.212199+00:00
[2023-12-15T11:49:55.956+0000] {processor.py:179} INFO - Processing /home/airflow/.local/lib/python3.8/site-packages/airflow/example_dags/example_task_group_decorator.py took 3.089 seconds
[2023-12-15T11:50:32.321+0000] {processor.py:157} INFO - Started process (PID=1403) to work on /home/airflow/.local/lib/python3.8/site-packages/airflow/example_dags/example_task_group_decorator.py
[2023-12-15T11:50:32.323+0000] {processor.py:829} INFO - Processing file /home/airflow/.local/lib/python3.8/site-packages/airflow/example_dags/example_task_group_decorator.py for tasks to queue
[2023-12-15T11:50:32.326+0000] {logging_mixin.py:154} INFO - [2023-12-15T11:50:32.325+0000] {dagbag.py:536} INFO - Filling up the DagBag from /home/airflow/.local/lib/python3.8/site-packages/airflow/example_dags/example_task_group_decorator.py
[2023-12-15T11:50:32.352+0000] {processor.py:839} INFO - DAG(s) dict_keys(['example_task_group_decorator']) retrieved from /home/airflow/.local/lib/python3.8/site-packages/airflow/example_dags/example_task_group_decorator.py
[2023-12-15T11:50:32.423+0000] {logging_mixin.py:154} INFO - [2023-12-15T11:50:32.422+0000] {dag.py:2941} INFO - Sync 1 DAGs
[2023-12-15T11:50:32.462+0000] {logging_mixin.py:154} INFO - [2023-12-15T11:50:32.462+0000] {dag.py:3722} INFO - Setting next_dagrun for example_task_group_decorator to 2023-12-14T11:50:32.461794+00:00, run_after=2023-12-15T11:50:32.461794+00:00
[2023-12-15T11:50:32.555+0000] {processor.py:179} INFO - Processing /home/airflow/.local/lib/python3.8/site-packages/airflow/example_dags/example_task_group_decorator.py took 0.237 seconds
[2023-12-15T11:51:15.277+0000] {processor.py:157} INFO - Started process (PID=1460) to work on /home/airflow/.local/lib/python3.8/site-packages/airflow/example_dags/example_task_group_decorator.py
[2023-12-15T11:51:15.284+0000] {processor.py:829} INFO - Processing file /home/airflow/.local/lib/python3.8/site-packages/airflow/example_dags/example_task_group_decorator.py for tasks to queue
[2023-12-15T11:51:15.288+0000] {logging_mixin.py:154} INFO - [2023-12-15T11:51:15.288+0000] {dagbag.py:536} INFO - Filling up the DagBag from /home/airflow/.local/lib/python3.8/site-packages/airflow/example_dags/example_task_group_decorator.py
[2023-12-15T11:51:15.343+0000] {processor.py:839} INFO - DAG(s) dict_keys(['example_task_group_decorator']) retrieved from /home/airflow/.local/lib/python3.8/site-packages/airflow/example_dags/example_task_group_decorator.py
[2023-12-15T11:51:17.033+0000] {logging_mixin.py:154} INFO - [2023-12-15T11:51:17.032+0000] {dag.py:2941} INFO - Sync 1 DAGs
[2023-12-15T11:51:17.081+0000] {logging_mixin.py:154} INFO - [2023-12-15T11:51:17.081+0000] {dag.py:3722} INFO - Setting next_dagrun for example_task_group_decorator to 2023-12-14T11:51:17.080860+00:00, run_after=2023-12-15T11:51:17.080860+00:00
[2023-12-15T11:51:17.137+0000] {processor.py:179} INFO - Processing /home/airflow/.local/lib/python3.8/site-packages/airflow/example_dags/example_task_group_decorator.py took 1.956 seconds
[2023-12-15T11:51:48.806+0000] {processor.py:157} INFO - Started process (PID=1515) to work on /home/airflow/.local/lib/python3.8/site-packages/airflow/example_dags/example_task_group_decorator.py
[2023-12-15T11:51:48.809+0000] {processor.py:829} INFO - Processing file /home/airflow/.local/lib/python3.8/site-packages/airflow/example_dags/example_task_group_decorator.py for tasks to queue
[2023-12-15T11:51:48.814+0000] {logging_mixin.py:154} INFO - [2023-12-15T11:51:48.813+0000] {dagbag.py:536} INFO - Filling up the DagBag from /home/airflow/.local/lib/python3.8/site-packages/airflow/example_dags/example_task_group_decorator.py
[2023-12-15T11:51:48.836+0000] {processor.py:839} INFO - DAG(s) dict_keys(['example_task_group_decorator']) retrieved from /home/airflow/.local/lib/python3.8/site-packages/airflow/example_dags/example_task_group_decorator.py
[2023-12-15T11:51:48.879+0000] {logging_mixin.py:154} INFO - [2023-12-15T11:51:48.879+0000] {dag.py:2941} INFO - Sync 1 DAGs
[2023-12-15T11:51:49.245+0000] {logging_mixin.py:154} INFO - [2023-12-15T11:51:49.245+0000] {dag.py:3722} INFO - Setting next_dagrun for example_task_group_decorator to 2023-12-14T11:51:49.244679+00:00, run_after=2023-12-15T11:51:49.244679+00:00
[2023-12-15T11:51:49.277+0000] {processor.py:179} INFO - Processing /home/airflow/.local/lib/python3.8/site-packages/airflow/example_dags/example_task_group_decorator.py took 0.482 seconds
[2023-12-15T11:52:25.510+0000] {processor.py:157} INFO - Started process (PID=1569) to work on /home/airflow/.local/lib/python3.8/site-packages/airflow/example_dags/example_task_group_decorator.py
[2023-12-15T11:52:25.512+0000] {processor.py:829} INFO - Processing file /home/airflow/.local/lib/python3.8/site-packages/airflow/example_dags/example_task_group_decorator.py for tasks to queue
[2023-12-15T11:52:25.517+0000] {logging_mixin.py:154} INFO - [2023-12-15T11:52:25.516+0000] {dagbag.py:536} INFO - Filling up the DagBag from /home/airflow/.local/lib/python3.8/site-packages/airflow/example_dags/example_task_group_decorator.py
[2023-12-15T11:52:25.540+0000] {processor.py:839} INFO - DAG(s) dict_keys(['example_task_group_decorator']) retrieved from /home/airflow/.local/lib/python3.8/site-packages/airflow/example_dags/example_task_group_decorator.py
[2023-12-15T11:52:25.584+0000] {logging_mixin.py:154} INFO - [2023-12-15T11:52:25.584+0000] {dag.py:2941} INFO - Sync 1 DAGs
[2023-12-15T11:52:25.620+0000] {logging_mixin.py:154} INFO - [2023-12-15T11:52:25.620+0000] {dag.py:3722} INFO - Setting next_dagrun for example_task_group_decorator to 2023-12-14T11:52:25.620042+00:00, run_after=2023-12-15T11:52:25.620042+00:00
[2023-12-15T11:52:25.639+0000] {processor.py:179} INFO - Processing /home/airflow/.local/lib/python3.8/site-packages/airflow/example_dags/example_task_group_decorator.py took 0.133 seconds
[2023-12-15T11:53:00.440+0000] {processor.py:157} INFO - Started process (PID=1626) to work on /home/airflow/.local/lib/python3.8/site-packages/airflow/example_dags/example_task_group_decorator.py
[2023-12-15T11:53:00.441+0000] {processor.py:829} INFO - Processing file /home/airflow/.local/lib/python3.8/site-packages/airflow/example_dags/example_task_group_decorator.py for tasks to queue
[2023-12-15T11:53:00.445+0000] {logging_mixin.py:154} INFO - [2023-12-15T11:53:00.445+0000] {dagbag.py:536} INFO - Filling up the DagBag from /home/airflow/.local/lib/python3.8/site-packages/airflow/example_dags/example_task_group_decorator.py
[2023-12-15T11:53:00.476+0000] {processor.py:839} INFO - DAG(s) dict_keys(['example_task_group_decorator']) retrieved from /home/airflow/.local/lib/python3.8/site-packages/airflow/example_dags/example_task_group_decorator.py
[2023-12-15T11:53:00.577+0000] {logging_mixin.py:154} INFO - [2023-12-15T11:53:00.577+0000] {dag.py:2941} INFO - Sync 1 DAGs
[2023-12-15T11:53:00.665+0000] {logging_mixin.py:154} INFO - [2023-12-15T11:53:00.664+0000] {dag.py:3722} INFO - Setting next_dagrun for example_task_group_decorator to 2023-12-14T11:53:00.663830+00:00, run_after=2023-12-15T11:53:00.663830+00:00
[2023-12-15T11:53:00.756+0000] {processor.py:179} INFO - Processing /home/airflow/.local/lib/python3.8/site-packages/airflow/example_dags/example_task_group_decorator.py took 0.321 seconds
[2023-12-15T11:53:31.275+0000] {processor.py:157} INFO - Started process (PID=1680) to work on /home/airflow/.local/lib/python3.8/site-packages/airflow/example_dags/example_task_group_decorator.py
[2023-12-15T11:53:31.280+0000] {processor.py:829} INFO - Processing file /home/airflow/.local/lib/python3.8/site-packages/airflow/example_dags/example_task_group_decorator.py for tasks to queue
[2023-12-15T11:53:31.303+0000] {logging_mixin.py:154} INFO - [2023-12-15T11:53:31.298+0000] {dagbag.py:536} INFO - Filling up the DagBag from /home/airflow/.local/lib/python3.8/site-packages/airflow/example_dags/example_task_group_decorator.py
[2023-12-15T11:53:31.368+0000] {processor.py:839} INFO - DAG(s) dict_keys(['example_task_group_decorator']) retrieved from /home/airflow/.local/lib/python3.8/site-packages/airflow/example_dags/example_task_group_decorator.py
[2023-12-15T11:53:31.459+0000] {logging_mixin.py:154} INFO - [2023-12-15T11:53:31.459+0000] {dag.py:2941} INFO - Sync 1 DAGs
[2023-12-15T11:53:31.621+0000] {logging_mixin.py:154} INFO - [2023-12-15T11:53:31.619+0000] {dag.py:3722} INFO - Setting next_dagrun for example_task_group_decorator to 2023-12-14T11:53:31.619281+00:00, run_after=2023-12-15T11:53:31.619281+00:00
[2023-12-15T11:53:31.662+0000] {processor.py:179} INFO - Processing /home/airflow/.local/lib/python3.8/site-packages/airflow/example_dags/example_task_group_decorator.py took 0.411 seconds
[2023-12-15T11:54:01.684+0000] {processor.py:157} INFO - Started process (PID=1734) to work on /home/airflow/.local/lib/python3.8/site-packages/airflow/example_dags/example_task_group_decorator.py
[2023-12-15T11:54:01.688+0000] {processor.py:829} INFO - Processing file /home/airflow/.local/lib/python3.8/site-packages/airflow/example_dags/example_task_group_decorator.py for tasks to queue
[2023-12-15T11:54:01.695+0000] {logging_mixin.py:154} INFO - [2023-12-15T11:54:01.694+0000] {dagbag.py:536} INFO - Filling up the DagBag from /home/airflow/.local/lib/python3.8/site-packages/airflow/example_dags/example_task_group_decorator.py
[2023-12-15T11:54:01.734+0000] {processor.py:839} INFO - DAG(s) dict_keys(['example_task_group_decorator']) retrieved from /home/airflow/.local/lib/python3.8/site-packages/airflow/example_dags/example_task_group_decorator.py
[2023-12-15T11:54:01.773+0000] {logging_mixin.py:154} INFO - [2023-12-15T11:54:01.773+0000] {dag.py:2941} INFO - Sync 1 DAGs
[2023-12-15T11:54:01.796+0000] {logging_mixin.py:154} INFO - [2023-12-15T11:54:01.796+0000] {dag.py:3722} INFO - Setting next_dagrun for example_task_group_decorator to 2023-12-14T11:54:01.796157+00:00, run_after=2023-12-15T11:54:01.796157+00:00
[2023-12-15T11:54:01.811+0000] {processor.py:179} INFO - Processing /home/airflow/.local/lib/python3.8/site-packages/airflow/example_dags/example_task_group_decorator.py took 0.130 seconds
[2023-12-15T11:54:32.131+0000] {processor.py:157} INFO - Started process (PID=1788) to work on /home/airflow/.local/lib/python3.8/site-packages/airflow/example_dags/example_task_group_decorator.py
[2023-12-15T11:54:32.133+0000] {processor.py:829} INFO - Processing file /home/airflow/.local/lib/python3.8/site-packages/airflow/example_dags/example_task_group_decorator.py for tasks to queue
[2023-12-15T11:54:32.136+0000] {logging_mixin.py:154} INFO - [2023-12-15T11:54:32.136+0000] {dagbag.py:536} INFO - Filling up the DagBag from /home/airflow/.local/lib/python3.8/site-packages/airflow/example_dags/example_task_group_decorator.py
[2023-12-15T11:54:32.185+0000] {processor.py:839} INFO - DAG(s) dict_keys(['example_task_group_decorator']) retrieved from /home/airflow/.local/lib/python3.8/site-packages/airflow/example_dags/example_task_group_decorator.py
[2023-12-15T11:54:32.248+0000] {logging_mixin.py:154} INFO - [2023-12-15T11:54:32.248+0000] {dag.py:2941} INFO - Sync 1 DAGs
[2023-12-15T11:54:32.288+0000] {logging_mixin.py:154} INFO - [2023-12-15T11:54:32.288+0000] {dag.py:3722} INFO - Setting next_dagrun for example_task_group_decorator to 2023-12-14T11:54:32.287697+00:00, run_after=2023-12-15T11:54:32.287697+00:00
[2023-12-15T11:54:32.312+0000] {processor.py:179} INFO - Processing /home/airflow/.local/lib/python3.8/site-packages/airflow/example_dags/example_task_group_decorator.py took 0.186 seconds
[2023-12-15T11:55:02.786+0000] {processor.py:157} INFO - Started process (PID=1842) to work on /home/airflow/.local/lib/python3.8/site-packages/airflow/example_dags/example_task_group_decorator.py
[2023-12-15T11:55:02.788+0000] {processor.py:829} INFO - Processing file /home/airflow/.local/lib/python3.8/site-packages/airflow/example_dags/example_task_group_decorator.py for tasks to queue
[2023-12-15T11:55:02.790+0000] {logging_mixin.py:154} INFO - [2023-12-15T11:55:02.790+0000] {dagbag.py:536} INFO - Filling up the DagBag from /home/airflow/.local/lib/python3.8/site-packages/airflow/example_dags/example_task_group_decorator.py
[2023-12-15T11:55:02.828+0000] {processor.py:839} INFO - DAG(s) dict_keys(['example_task_group_decorator']) retrieved from /home/airflow/.local/lib/python3.8/site-packages/airflow/example_dags/example_task_group_decorator.py
[2023-12-15T11:55:02.859+0000] {logging_mixin.py:154} INFO - [2023-12-15T11:55:02.858+0000] {dag.py:2941} INFO - Sync 1 DAGs
[2023-12-15T11:55:02.902+0000] {logging_mixin.py:154} INFO - [2023-12-15T11:55:02.902+0000] {dag.py:3722} INFO - Setting next_dagrun for example_task_group_decorator to 2023-12-14T11:55:02.901763+00:00, run_after=2023-12-15T11:55:02.901763+00:00
[2023-12-15T11:55:02.927+0000] {processor.py:179} INFO - Processing /home/airflow/.local/lib/python3.8/site-packages/airflow/example_dags/example_task_group_decorator.py took 0.149 seconds
[2023-12-15T11:55:33.828+0000] {processor.py:157} INFO - Started process (PID=1894) to work on /home/airflow/.local/lib/python3.8/site-packages/airflow/example_dags/example_task_group_decorator.py
[2023-12-15T11:55:33.838+0000] {processor.py:829} INFO - Processing file /home/airflow/.local/lib/python3.8/site-packages/airflow/example_dags/example_task_group_decorator.py for tasks to queue
[2023-12-15T11:55:33.893+0000] {logging_mixin.py:154} INFO - [2023-12-15T11:55:33.891+0000] {dagbag.py:536} INFO - Filling up the DagBag from /home/airflow/.local/lib/python3.8/site-packages/airflow/example_dags/example_task_group_decorator.py
[2023-12-15T11:55:33.968+0000] {processor.py:839} INFO - DAG(s) dict_keys(['example_task_group_decorator']) retrieved from /home/airflow/.local/lib/python3.8/site-packages/airflow/example_dags/example_task_group_decorator.py
[2023-12-15T11:55:34.136+0000] {logging_mixin.py:154} INFO - [2023-12-15T11:55:34.135+0000] {dag.py:2941} INFO - Sync 1 DAGs
[2023-12-15T11:55:34.200+0000] {logging_mixin.py:154} INFO - [2023-12-15T11:55:34.200+0000] {dag.py:3722} INFO - Setting next_dagrun for example_task_group_decorator to 2023-12-14T11:55:34.199885+00:00, run_after=2023-12-15T11:55:34.199885+00:00
[2023-12-15T11:55:34.334+0000] {processor.py:179} INFO - Processing /home/airflow/.local/lib/python3.8/site-packages/airflow/example_dags/example_task_group_decorator.py took 0.512 seconds
[2023-12-15T11:56:05.159+0000] {processor.py:157} INFO - Started process (PID=1949) to work on /home/airflow/.local/lib/python3.8/site-packages/airflow/example_dags/example_task_group_decorator.py
[2023-12-15T11:56:05.160+0000] {processor.py:829} INFO - Processing file /home/airflow/.local/lib/python3.8/site-packages/airflow/example_dags/example_task_group_decorator.py for tasks to queue
[2023-12-15T11:56:05.162+0000] {logging_mixin.py:154} INFO - [2023-12-15T11:56:05.162+0000] {dagbag.py:536} INFO - Filling up the DagBag from /home/airflow/.local/lib/python3.8/site-packages/airflow/example_dags/example_task_group_decorator.py
[2023-12-15T11:56:05.200+0000] {processor.py:839} INFO - DAG(s) dict_keys(['example_task_group_decorator']) retrieved from /home/airflow/.local/lib/python3.8/site-packages/airflow/example_dags/example_task_group_decorator.py
[2023-12-15T11:56:05.246+0000] {logging_mixin.py:154} INFO - [2023-12-15T11:56:05.246+0000] {dag.py:2941} INFO - Sync 1 DAGs
[2023-12-15T11:56:05.281+0000] {logging_mixin.py:154} INFO - [2023-12-15T11:56:05.281+0000] {dag.py:3722} INFO - Setting next_dagrun for example_task_group_decorator to 2023-12-14T11:56:05.281054+00:00, run_after=2023-12-15T11:56:05.281054+00:00
[2023-12-15T11:56:05.312+0000] {processor.py:179} INFO - Processing /home/airflow/.local/lib/python3.8/site-packages/airflow/example_dags/example_task_group_decorator.py took 0.157 seconds
[2023-12-15T11:56:35.730+0000] {processor.py:157} INFO - Started process (PID=2004) to work on /home/airflow/.local/lib/python3.8/site-packages/airflow/example_dags/example_task_group_decorator.py
[2023-12-15T11:56:35.733+0000] {processor.py:829} INFO - Processing file /home/airflow/.local/lib/python3.8/site-packages/airflow/example_dags/example_task_group_decorator.py for tasks to queue
[2023-12-15T11:56:35.738+0000] {logging_mixin.py:154} INFO - [2023-12-15T11:56:35.738+0000] {dagbag.py:536} INFO - Filling up the DagBag from /home/airflow/.local/lib/python3.8/site-packages/airflow/example_dags/example_task_group_decorator.py
[2023-12-15T11:56:35.768+0000] {processor.py:839} INFO - DAG(s) dict_keys(['example_task_group_decorator']) retrieved from /home/airflow/.local/lib/python3.8/site-packages/airflow/example_dags/example_task_group_decorator.py
[2023-12-15T11:56:35.798+0000] {logging_mixin.py:154} INFO - [2023-12-15T11:56:35.798+0000] {dag.py:2941} INFO - Sync 1 DAGs
[2023-12-15T11:56:35.810+0000] {logging_mixin.py:154} INFO - [2023-12-15T11:56:35.810+0000] {dag.py:3722} INFO - Setting next_dagrun for example_task_group_decorator to 2023-12-14T11:56:35.810208+00:00, run_after=2023-12-15T11:56:35.810208+00:00
[2023-12-15T11:56:35.819+0000] {processor.py:179} INFO - Processing /home/airflow/.local/lib/python3.8/site-packages/airflow/example_dags/example_task_group_decorator.py took 0.095 seconds
[2023-12-15T11:57:06.267+0000] {processor.py:157} INFO - Started process (PID=2058) to work on /home/airflow/.local/lib/python3.8/site-packages/airflow/example_dags/example_task_group_decorator.py
[2023-12-15T11:57:06.270+0000] {processor.py:829} INFO - Processing file /home/airflow/.local/lib/python3.8/site-packages/airflow/example_dags/example_task_group_decorator.py for tasks to queue
[2023-12-15T11:57:06.274+0000] {logging_mixin.py:154} INFO - [2023-12-15T11:57:06.274+0000] {dagbag.py:536} INFO - Filling up the DagBag from /home/airflow/.local/lib/python3.8/site-packages/airflow/example_dags/example_task_group_decorator.py
[2023-12-15T11:57:06.311+0000] {processor.py:839} INFO - DAG(s) dict_keys(['example_task_group_decorator']) retrieved from /home/airflow/.local/lib/python3.8/site-packages/airflow/example_dags/example_task_group_decorator.py
[2023-12-15T11:57:06.366+0000] {logging_mixin.py:154} INFO - [2023-12-15T11:57:06.366+0000] {dag.py:2941} INFO - Sync 1 DAGs
[2023-12-15T11:57:06.389+0000] {logging_mixin.py:154} INFO - [2023-12-15T11:57:06.388+0000] {dag.py:3722} INFO - Setting next_dagrun for example_task_group_decorator to 2023-12-14T11:57:06.388662+00:00, run_after=2023-12-15T11:57:06.388662+00:00
[2023-12-15T11:57:06.401+0000] {processor.py:179} INFO - Processing /home/airflow/.local/lib/python3.8/site-packages/airflow/example_dags/example_task_group_decorator.py took 0.137 seconds
[2023-12-15T11:57:36.786+0000] {processor.py:157} INFO - Started process (PID=2113) to work on /home/airflow/.local/lib/python3.8/site-packages/airflow/example_dags/example_task_group_decorator.py
[2023-12-15T11:57:36.788+0000] {processor.py:829} INFO - Processing file /home/airflow/.local/lib/python3.8/site-packages/airflow/example_dags/example_task_group_decorator.py for tasks to queue
[2023-12-15T11:57:36.791+0000] {logging_mixin.py:154} INFO - [2023-12-15T11:57:36.790+0000] {dagbag.py:536} INFO - Filling up the DagBag from /home/airflow/.local/lib/python3.8/site-packages/airflow/example_dags/example_task_group_decorator.py
[2023-12-15T11:57:36.820+0000] {processor.py:839} INFO - DAG(s) dict_keys(['example_task_group_decorator']) retrieved from /home/airflow/.local/lib/python3.8/site-packages/airflow/example_dags/example_task_group_decorator.py
[2023-12-15T11:57:36.852+0000] {logging_mixin.py:154} INFO - [2023-12-15T11:57:36.852+0000] {dag.py:2941} INFO - Sync 1 DAGs
[2023-12-15T11:57:36.874+0000] {logging_mixin.py:154} INFO - [2023-12-15T11:57:36.873+0000] {dag.py:3722} INFO - Setting next_dagrun for example_task_group_decorator to 2023-12-14T11:57:36.873667+00:00, run_after=2023-12-15T11:57:36.873667+00:00
[2023-12-15T11:57:36.889+0000] {processor.py:179} INFO - Processing /home/airflow/.local/lib/python3.8/site-packages/airflow/example_dags/example_task_group_decorator.py took 0.107 seconds
[2023-12-15T11:58:07.553+0000] {processor.py:157} INFO - Started process (PID=2167) to work on /home/airflow/.local/lib/python3.8/site-packages/airflow/example_dags/example_task_group_decorator.py
[2023-12-15T11:58:07.554+0000] {processor.py:829} INFO - Processing file /home/airflow/.local/lib/python3.8/site-packages/airflow/example_dags/example_task_group_decorator.py for tasks to queue
[2023-12-15T11:58:07.557+0000] {logging_mixin.py:154} INFO - [2023-12-15T11:58:07.557+0000] {dagbag.py:536} INFO - Filling up the DagBag from /home/airflow/.local/lib/python3.8/site-packages/airflow/example_dags/example_task_group_decorator.py
[2023-12-15T11:58:07.566+0000] {processor.py:839} INFO - DAG(s) dict_keys(['example_task_group_decorator']) retrieved from /home/airflow/.local/lib/python3.8/site-packages/airflow/example_dags/example_task_group_decorator.py
[2023-12-15T11:58:07.584+0000] {logging_mixin.py:154} INFO - [2023-12-15T11:58:07.583+0000] {dag.py:2941} INFO - Sync 1 DAGs
[2023-12-15T11:58:07.598+0000] {logging_mixin.py:154} INFO - [2023-12-15T11:58:07.598+0000] {dag.py:3722} INFO - Setting next_dagrun for example_task_group_decorator to 2023-12-14T11:58:07.598327+00:00, run_after=2023-12-15T11:58:07.598327+00:00
[2023-12-15T11:58:07.611+0000] {processor.py:179} INFO - Processing /home/airflow/.local/lib/python3.8/site-packages/airflow/example_dags/example_task_group_decorator.py took 0.060 seconds
[2023-12-15T11:58:37.855+0000] {processor.py:157} INFO - Started process (PID=2221) to work on /home/airflow/.local/lib/python3.8/site-packages/airflow/example_dags/example_task_group_decorator.py
[2023-12-15T11:58:37.855+0000] {processor.py:829} INFO - Processing file /home/airflow/.local/lib/python3.8/site-packages/airflow/example_dags/example_task_group_decorator.py for tasks to queue
[2023-12-15T11:58:37.858+0000] {logging_mixin.py:154} INFO - [2023-12-15T11:58:37.858+0000] {dagbag.py:536} INFO - Filling up the DagBag from /home/airflow/.local/lib/python3.8/site-packages/airflow/example_dags/example_task_group_decorator.py
[2023-12-15T11:58:37.878+0000] {processor.py:839} INFO - DAG(s) dict_keys(['example_task_group_decorator']) retrieved from /home/airflow/.local/lib/python3.8/site-packages/airflow/example_dags/example_task_group_decorator.py
[2023-12-15T11:58:37.912+0000] {logging_mixin.py:154} INFO - [2023-12-15T11:58:37.912+0000] {dag.py:2941} INFO - Sync 1 DAGs
[2023-12-15T11:58:37.941+0000] {logging_mixin.py:154} INFO - [2023-12-15T11:58:37.940+0000] {dag.py:3722} INFO - Setting next_dagrun for example_task_group_decorator to 2023-12-14T11:58:37.940690+00:00, run_after=2023-12-15T11:58:37.940690+00:00
[2023-12-15T11:58:37.964+0000] {processor.py:179} INFO - Processing /home/airflow/.local/lib/python3.8/site-packages/airflow/example_dags/example_task_group_decorator.py took 0.114 seconds
[2023-12-15T11:59:09.040+0000] {processor.py:157} INFO - Started process (PID=2274) to work on /home/airflow/.local/lib/python3.8/site-packages/airflow/example_dags/example_task_group_decorator.py
[2023-12-15T11:59:09.049+0000] {processor.py:829} INFO - Processing file /home/airflow/.local/lib/python3.8/site-packages/airflow/example_dags/example_task_group_decorator.py for tasks to queue
[2023-12-15T11:59:09.056+0000] {logging_mixin.py:154} INFO - [2023-12-15T11:59:09.055+0000] {dagbag.py:536} INFO - Filling up the DagBag from /home/airflow/.local/lib/python3.8/site-packages/airflow/example_dags/example_task_group_decorator.py
[2023-12-15T11:59:09.071+0000] {processor.py:839} INFO - DAG(s) dict_keys(['example_task_group_decorator']) retrieved from /home/airflow/.local/lib/python3.8/site-packages/airflow/example_dags/example_task_group_decorator.py
[2023-12-15T11:59:09.296+0000] {logging_mixin.py:154} INFO - [2023-12-15T11:59:09.296+0000] {dag.py:2941} INFO - Sync 1 DAGs
[2023-12-15T11:59:09.325+0000] {logging_mixin.py:154} INFO - [2023-12-15T11:59:09.325+0000] {dag.py:3722} INFO - Setting next_dagrun for example_task_group_decorator to 2023-12-14T11:59:09.325407+00:00, run_after=2023-12-15T11:59:09.325407+00:00
[2023-12-15T11:59:09.357+0000] {processor.py:179} INFO - Processing /home/airflow/.local/lib/python3.8/site-packages/airflow/example_dags/example_task_group_decorator.py took 0.322 seconds
[2023-12-15T11:59:40.472+0000] {processor.py:157} INFO - Started process (PID=2330) to work on /home/airflow/.local/lib/python3.8/site-packages/airflow/example_dags/example_task_group_decorator.py
[2023-12-15T11:59:40.474+0000] {processor.py:829} INFO - Processing file /home/airflow/.local/lib/python3.8/site-packages/airflow/example_dags/example_task_group_decorator.py for tasks to queue
[2023-12-15T11:59:40.477+0000] {logging_mixin.py:154} INFO - [2023-12-15T11:59:40.477+0000] {dagbag.py:536} INFO - Filling up the DagBag from /home/airflow/.local/lib/python3.8/site-packages/airflow/example_dags/example_task_group_decorator.py
[2023-12-15T11:59:40.510+0000] {processor.py:839} INFO - DAG(s) dict_keys(['example_task_group_decorator']) retrieved from /home/airflow/.local/lib/python3.8/site-packages/airflow/example_dags/example_task_group_decorator.py
[2023-12-15T11:59:40.563+0000] {logging_mixin.py:154} INFO - [2023-12-15T11:59:40.563+0000] {dag.py:2941} INFO - Sync 1 DAGs
[2023-12-15T11:59:40.600+0000] {logging_mixin.py:154} INFO - [2023-12-15T11:59:40.600+0000] {dag.py:3722} INFO - Setting next_dagrun for example_task_group_decorator to 2023-12-14T11:59:40.599820+00:00, run_after=2023-12-15T11:59:40.599820+00:00
[2023-12-15T11:59:40.627+0000] {processor.py:179} INFO - Processing /home/airflow/.local/lib/python3.8/site-packages/airflow/example_dags/example_task_group_decorator.py took 0.159 seconds
[2023-12-15T12:00:13.577+0000] {processor.py:157} INFO - Started process (PID=2392) to work on /home/airflow/.local/lib/python3.8/site-packages/airflow/example_dags/example_task_group_decorator.py
[2023-12-15T12:00:13.580+0000] {processor.py:829} INFO - Processing file /home/airflow/.local/lib/python3.8/site-packages/airflow/example_dags/example_task_group_decorator.py for tasks to queue
[2023-12-15T12:00:13.591+0000] {logging_mixin.py:154} INFO - [2023-12-15T12:00:13.589+0000] {dagbag.py:536} INFO - Filling up the DagBag from /home/airflow/.local/lib/python3.8/site-packages/airflow/example_dags/example_task_group_decorator.py
[2023-12-15T12:00:13.634+0000] {processor.py:839} INFO - DAG(s) dict_keys(['example_task_group_decorator']) retrieved from /home/airflow/.local/lib/python3.8/site-packages/airflow/example_dags/example_task_group_decorator.py
[2023-12-15T12:00:13.694+0000] {logging_mixin.py:154} INFO - [2023-12-15T12:00:13.694+0000] {dag.py:2941} INFO - Sync 1 DAGs
[2023-12-15T12:00:13.729+0000] {logging_mixin.py:154} INFO - [2023-12-15T12:00:13.729+0000] {dag.py:3722} INFO - Setting next_dagrun for example_task_group_decorator to 2023-12-14T12:00:13.728654+00:00, run_after=2023-12-15T12:00:13.728654+00:00
[2023-12-15T12:00:13.771+0000] {processor.py:179} INFO - Processing /home/airflow/.local/lib/python3.8/site-packages/airflow/example_dags/example_task_group_decorator.py took 0.199 seconds
[2023-12-15T12:00:45.477+0000] {processor.py:157} INFO - Started process (PID=2448) to work on /home/airflow/.local/lib/python3.8/site-packages/airflow/example_dags/example_task_group_decorator.py
[2023-12-15T12:00:45.484+0000] {processor.py:829} INFO - Processing file /home/airflow/.local/lib/python3.8/site-packages/airflow/example_dags/example_task_group_decorator.py for tasks to queue
[2023-12-15T12:00:45.490+0000] {logging_mixin.py:154} INFO - [2023-12-15T12:00:45.489+0000] {dagbag.py:536} INFO - Filling up the DagBag from /home/airflow/.local/lib/python3.8/site-packages/airflow/example_dags/example_task_group_decorator.py
[2023-12-15T12:00:45.532+0000] {processor.py:839} INFO - DAG(s) dict_keys(['example_task_group_decorator']) retrieved from /home/airflow/.local/lib/python3.8/site-packages/airflow/example_dags/example_task_group_decorator.py
[2023-12-15T12:00:45.590+0000] {logging_mixin.py:154} INFO - [2023-12-15T12:00:45.589+0000] {dag.py:2941} INFO - Sync 1 DAGs
[2023-12-15T12:00:45.644+0000] {logging_mixin.py:154} INFO - [2023-12-15T12:00:45.643+0000] {dag.py:3722} INFO - Setting next_dagrun for example_task_group_decorator to 2023-12-14T12:00:45.641482+00:00, run_after=2023-12-15T12:00:45.641482+00:00
[2023-12-15T12:00:45.681+0000] {processor.py:179} INFO - Processing /home/airflow/.local/lib/python3.8/site-packages/airflow/example_dags/example_task_group_decorator.py took 0.211 seconds
[2023-12-15T12:01:16.639+0000] {processor.py:157} INFO - Started process (PID=2501) to work on /home/airflow/.local/lib/python3.8/site-packages/airflow/example_dags/example_task_group_decorator.py
[2023-12-15T12:01:16.657+0000] {processor.py:829} INFO - Processing file /home/airflow/.local/lib/python3.8/site-packages/airflow/example_dags/example_task_group_decorator.py for tasks to queue
[2023-12-15T12:01:16.683+0000] {logging_mixin.py:154} INFO - [2023-12-15T12:01:16.681+0000] {dagbag.py:536} INFO - Filling up the DagBag from /home/airflow/.local/lib/python3.8/site-packages/airflow/example_dags/example_task_group_decorator.py
[2023-12-15T12:01:16.715+0000] {processor.py:839} INFO - DAG(s) dict_keys(['example_task_group_decorator']) retrieved from /home/airflow/.local/lib/python3.8/site-packages/airflow/example_dags/example_task_group_decorator.py
[2023-12-15T12:01:16.782+0000] {logging_mixin.py:154} INFO - [2023-12-15T12:01:16.782+0000] {dag.py:2941} INFO - Sync 1 DAGs
[2023-12-15T12:01:16.801+0000] {logging_mixin.py:154} INFO - [2023-12-15T12:01:16.801+0000] {dag.py:3722} INFO - Setting next_dagrun for example_task_group_decorator to 2023-12-14T12:01:16.800675+00:00, run_after=2023-12-15T12:01:16.800675+00:00
[2023-12-15T12:01:16.822+0000] {processor.py:179} INFO - Processing /home/airflow/.local/lib/python3.8/site-packages/airflow/example_dags/example_task_group_decorator.py took 0.232 seconds
[2023-12-15T12:01:47.733+0000] {processor.py:157} INFO - Started process (PID=2554) to work on /home/airflow/.local/lib/python3.8/site-packages/airflow/example_dags/example_task_group_decorator.py
[2023-12-15T12:01:47.735+0000] {processor.py:829} INFO - Processing file /home/airflow/.local/lib/python3.8/site-packages/airflow/example_dags/example_task_group_decorator.py for tasks to queue
[2023-12-15T12:01:47.743+0000] {logging_mixin.py:154} INFO - [2023-12-15T12:01:47.743+0000] {dagbag.py:536} INFO - Filling up the DagBag from /home/airflow/.local/lib/python3.8/site-packages/airflow/example_dags/example_task_group_decorator.py
[2023-12-15T12:01:47.773+0000] {processor.py:839} INFO - DAG(s) dict_keys(['example_task_group_decorator']) retrieved from /home/airflow/.local/lib/python3.8/site-packages/airflow/example_dags/example_task_group_decorator.py
[2023-12-15T12:01:47.836+0000] {logging_mixin.py:154} INFO - [2023-12-15T12:01:47.836+0000] {dag.py:2941} INFO - Sync 1 DAGs
[2023-12-15T12:01:47.864+0000] {logging_mixin.py:154} INFO - [2023-12-15T12:01:47.864+0000] {dag.py:3722} INFO - Setting next_dagrun for example_task_group_decorator to 2023-12-14T12:01:47.864141+00:00, run_after=2023-12-15T12:01:47.864141+00:00
[2023-12-15T12:01:47.901+0000] {processor.py:179} INFO - Processing /home/airflow/.local/lib/python3.8/site-packages/airflow/example_dags/example_task_group_decorator.py took 0.175 seconds
[2023-12-15T12:02:18.227+0000] {processor.py:157} INFO - Started process (PID=2608) to work on /home/airflow/.local/lib/python3.8/site-packages/airflow/example_dags/example_task_group_decorator.py
[2023-12-15T12:02:18.233+0000] {processor.py:829} INFO - Processing file /home/airflow/.local/lib/python3.8/site-packages/airflow/example_dags/example_task_group_decorator.py for tasks to queue
[2023-12-15T12:02:18.244+0000] {logging_mixin.py:154} INFO - [2023-12-15T12:02:18.243+0000] {dagbag.py:536} INFO - Filling up the DagBag from /home/airflow/.local/lib/python3.8/site-packages/airflow/example_dags/example_task_group_decorator.py
[2023-12-15T12:02:18.294+0000] {processor.py:839} INFO - DAG(s) dict_keys(['example_task_group_decorator']) retrieved from /home/airflow/.local/lib/python3.8/site-packages/airflow/example_dags/example_task_group_decorator.py
[2023-12-15T12:02:18.345+0000] {logging_mixin.py:154} INFO - [2023-12-15T12:02:18.345+0000] {dag.py:2941} INFO - Sync 1 DAGs
[2023-12-15T12:02:18.423+0000] {logging_mixin.py:154} INFO - [2023-12-15T12:02:18.422+0000] {dag.py:3722} INFO - Setting next_dagrun for example_task_group_decorator to 2023-12-14T12:02:18.422086+00:00, run_after=2023-12-15T12:02:18.422086+00:00
[2023-12-15T12:02:18.624+0000] {processor.py:179} INFO - Processing /home/airflow/.local/lib/python3.8/site-packages/airflow/example_dags/example_task_group_decorator.py took 0.401 seconds
[2023-12-15T12:02:48.912+0000] {processor.py:157} INFO - Started process (PID=2662) to work on /home/airflow/.local/lib/python3.8/site-packages/airflow/example_dags/example_task_group_decorator.py
[2023-12-15T12:02:48.918+0000] {processor.py:829} INFO - Processing file /home/airflow/.local/lib/python3.8/site-packages/airflow/example_dags/example_task_group_decorator.py for tasks to queue
[2023-12-15T12:02:48.920+0000] {logging_mixin.py:154} INFO - [2023-12-15T12:02:48.920+0000] {dagbag.py:536} INFO - Filling up the DagBag from /home/airflow/.local/lib/python3.8/site-packages/airflow/example_dags/example_task_group_decorator.py
[2023-12-15T12:02:48.960+0000] {processor.py:839} INFO - DAG(s) dict_keys(['example_task_group_decorator']) retrieved from /home/airflow/.local/lib/python3.8/site-packages/airflow/example_dags/example_task_group_decorator.py
[2023-12-15T12:02:49.010+0000] {logging_mixin.py:154} INFO - [2023-12-15T12:02:49.010+0000] {dag.py:2941} INFO - Sync 1 DAGs
[2023-12-15T12:02:49.058+0000] {logging_mixin.py:154} INFO - [2023-12-15T12:02:49.057+0000] {dag.py:3722} INFO - Setting next_dagrun for example_task_group_decorator to 2023-12-14T12:02:49.056922+00:00, run_after=2023-12-15T12:02:49.056922+00:00
[2023-12-15T12:02:49.103+0000] {processor.py:179} INFO - Processing /home/airflow/.local/lib/python3.8/site-packages/airflow/example_dags/example_task_group_decorator.py took 0.196 seconds
[2023-12-15T12:03:20.337+0000] {processor.py:157} INFO - Started process (PID=2716) to work on /home/airflow/.local/lib/python3.8/site-packages/airflow/example_dags/example_task_group_decorator.py
[2023-12-15T12:03:20.345+0000] {processor.py:829} INFO - Processing file /home/airflow/.local/lib/python3.8/site-packages/airflow/example_dags/example_task_group_decorator.py for tasks to queue
[2023-12-15T12:03:20.347+0000] {logging_mixin.py:154} INFO - [2023-12-15T12:03:20.347+0000] {dagbag.py:536} INFO - Filling up the DagBag from /home/airflow/.local/lib/python3.8/site-packages/airflow/example_dags/example_task_group_decorator.py
[2023-12-15T12:03:20.381+0000] {processor.py:839} INFO - DAG(s) dict_keys(['example_task_group_decorator']) retrieved from /home/airflow/.local/lib/python3.8/site-packages/airflow/example_dags/example_task_group_decorator.py
[2023-12-15T12:03:20.431+0000] {logging_mixin.py:154} INFO - [2023-12-15T12:03:20.430+0000] {dag.py:2941} INFO - Sync 1 DAGs
[2023-12-15T12:03:20.464+0000] {logging_mixin.py:154} INFO - [2023-12-15T12:03:20.463+0000] {dag.py:3722} INFO - Setting next_dagrun for example_task_group_decorator to 2023-12-14T12:03:20.461858+00:00, run_after=2023-12-15T12:03:20.461858+00:00
[2023-12-15T12:03:20.546+0000] {processor.py:179} INFO - Processing /home/airflow/.local/lib/python3.8/site-packages/airflow/example_dags/example_task_group_decorator.py took 0.216 seconds
[2023-12-15T12:03:50.716+0000] {processor.py:157} INFO - Started process (PID=2770) to work on /home/airflow/.local/lib/python3.8/site-packages/airflow/example_dags/example_task_group_decorator.py
[2023-12-15T12:03:50.721+0000] {processor.py:829} INFO - Processing file /home/airflow/.local/lib/python3.8/site-packages/airflow/example_dags/example_task_group_decorator.py for tasks to queue
[2023-12-15T12:03:50.725+0000] {logging_mixin.py:154} INFO - [2023-12-15T12:03:50.725+0000] {dagbag.py:536} INFO - Filling up the DagBag from /home/airflow/.local/lib/python3.8/site-packages/airflow/example_dags/example_task_group_decorator.py
[2023-12-15T12:03:50.752+0000] {processor.py:839} INFO - DAG(s) dict_keys(['example_task_group_decorator']) retrieved from /home/airflow/.local/lib/python3.8/site-packages/airflow/example_dags/example_task_group_decorator.py
[2023-12-15T12:03:50.798+0000] {logging_mixin.py:154} INFO - [2023-12-15T12:03:50.798+0000] {dag.py:2941} INFO - Sync 1 DAGs
[2023-12-15T12:03:50.843+0000] {logging_mixin.py:154} INFO - [2023-12-15T12:03:50.843+0000] {dag.py:3722} INFO - Setting next_dagrun for example_task_group_decorator to 2023-12-14T12:03:50.843105+00:00, run_after=2023-12-15T12:03:50.843105+00:00
[2023-12-15T12:03:50.870+0000] {processor.py:179} INFO - Processing /home/airflow/.local/lib/python3.8/site-packages/airflow/example_dags/example_task_group_decorator.py took 0.158 seconds
[2023-12-15T12:04:24.566+0000] {processor.py:157} INFO - Started process (PID=2824) to work on /home/airflow/.local/lib/python3.8/site-packages/airflow/example_dags/example_task_group_decorator.py
[2023-12-15T12:04:24.584+0000] {processor.py:829} INFO - Processing file /home/airflow/.local/lib/python3.8/site-packages/airflow/example_dags/example_task_group_decorator.py for tasks to queue
[2023-12-15T12:04:24.617+0000] {logging_mixin.py:154} INFO - [2023-12-15T12:04:24.617+0000] {dagbag.py:536} INFO - Filling up the DagBag from /home/airflow/.local/lib/python3.8/site-packages/airflow/example_dags/example_task_group_decorator.py
[2023-12-15T12:04:24.816+0000] {processor.py:839} INFO - DAG(s) dict_keys(['example_task_group_decorator']) retrieved from /home/airflow/.local/lib/python3.8/site-packages/airflow/example_dags/example_task_group_decorator.py
[2023-12-15T12:04:25.286+0000] {logging_mixin.py:154} INFO - [2023-12-15T12:04:25.285+0000] {dag.py:2941} INFO - Sync 1 DAGs
[2023-12-15T12:04:25.502+0000] {logging_mixin.py:154} INFO - [2023-12-15T12:04:25.502+0000] {dag.py:3722} INFO - Setting next_dagrun for example_task_group_decorator to 2023-12-14T12:04:25.497375+00:00, run_after=2023-12-15T12:04:25.497375+00:00
[2023-12-15T12:04:25.628+0000] {processor.py:179} INFO - Processing /home/airflow/.local/lib/python3.8/site-packages/airflow/example_dags/example_task_group_decorator.py took 1.066 seconds
[2023-12-15T12:04:55.964+0000] {processor.py:157} INFO - Started process (PID=2878) to work on /home/airflow/.local/lib/python3.8/site-packages/airflow/example_dags/example_task_group_decorator.py
[2023-12-15T12:04:55.972+0000] {processor.py:829} INFO - Processing file /home/airflow/.local/lib/python3.8/site-packages/airflow/example_dags/example_task_group_decorator.py for tasks to queue
[2023-12-15T12:04:55.982+0000] {logging_mixin.py:154} INFO - [2023-12-15T12:04:55.982+0000] {dagbag.py:536} INFO - Filling up the DagBag from /home/airflow/.local/lib/python3.8/site-packages/airflow/example_dags/example_task_group_decorator.py
[2023-12-15T12:04:56.045+0000] {processor.py:839} INFO - DAG(s) dict_keys(['example_task_group_decorator']) retrieved from /home/airflow/.local/lib/python3.8/site-packages/airflow/example_dags/example_task_group_decorator.py
[2023-12-15T12:04:56.080+0000] {logging_mixin.py:154} INFO - [2023-12-15T12:04:56.080+0000] {dag.py:2941} INFO - Sync 1 DAGs
[2023-12-15T12:04:56.096+0000] {logging_mixin.py:154} INFO - [2023-12-15T12:04:56.095+0000] {dag.py:3722} INFO - Setting next_dagrun for example_task_group_decorator to 2023-12-14T12:04:56.095698+00:00, run_after=2023-12-15T12:04:56.095698+00:00
[2023-12-15T12:04:56.120+0000] {processor.py:179} INFO - Processing /home/airflow/.local/lib/python3.8/site-packages/airflow/example_dags/example_task_group_decorator.py took 0.161 seconds
[2023-12-15T12:05:26.266+0000] {processor.py:157} INFO - Started process (PID=2932) to work on /home/airflow/.local/lib/python3.8/site-packages/airflow/example_dags/example_task_group_decorator.py
[2023-12-15T12:05:26.269+0000] {processor.py:829} INFO - Processing file /home/airflow/.local/lib/python3.8/site-packages/airflow/example_dags/example_task_group_decorator.py for tasks to queue
[2023-12-15T12:05:26.278+0000] {logging_mixin.py:154} INFO - [2023-12-15T12:05:26.278+0000] {dagbag.py:536} INFO - Filling up the DagBag from /home/airflow/.local/lib/python3.8/site-packages/airflow/example_dags/example_task_group_decorator.py
[2023-12-15T12:05:26.299+0000] {processor.py:839} INFO - DAG(s) dict_keys(['example_task_group_decorator']) retrieved from /home/airflow/.local/lib/python3.8/site-packages/airflow/example_dags/example_task_group_decorator.py
[2023-12-15T12:05:26.340+0000] {logging_mixin.py:154} INFO - [2023-12-15T12:05:26.340+0000] {dag.py:2941} INFO - Sync 1 DAGs
[2023-12-15T12:05:26.362+0000] {logging_mixin.py:154} INFO - [2023-12-15T12:05:26.361+0000] {dag.py:3722} INFO - Setting next_dagrun for example_task_group_decorator to 2023-12-14T12:05:26.361457+00:00, run_after=2023-12-15T12:05:26.361457+00:00
[2023-12-15T12:05:26.431+0000] {processor.py:179} INFO - Processing /home/airflow/.local/lib/python3.8/site-packages/airflow/example_dags/example_task_group_decorator.py took 0.168 seconds
[2023-12-15T12:05:57.334+0000] {processor.py:157} INFO - Started process (PID=2986) to work on /home/airflow/.local/lib/python3.8/site-packages/airflow/example_dags/example_task_group_decorator.py
[2023-12-15T12:05:57.339+0000] {processor.py:829} INFO - Processing file /home/airflow/.local/lib/python3.8/site-packages/airflow/example_dags/example_task_group_decorator.py for tasks to queue
[2023-12-15T12:05:57.346+0000] {logging_mixin.py:154} INFO - [2023-12-15T12:05:57.346+0000] {dagbag.py:536} INFO - Filling up the DagBag from /home/airflow/.local/lib/python3.8/site-packages/airflow/example_dags/example_task_group_decorator.py
[2023-12-15T12:05:57.399+0000] {processor.py:839} INFO - DAG(s) dict_keys(['example_task_group_decorator']) retrieved from /home/airflow/.local/lib/python3.8/site-packages/airflow/example_dags/example_task_group_decorator.py
[2023-12-15T12:05:57.499+0000] {logging_mixin.py:154} INFO - [2023-12-15T12:05:57.498+0000] {dag.py:2941} INFO - Sync 1 DAGs
[2023-12-15T12:05:57.548+0000] {logging_mixin.py:154} INFO - [2023-12-15T12:05:57.547+0000] {dag.py:3722} INFO - Setting next_dagrun for example_task_group_decorator to 2023-12-14T12:05:57.547530+00:00, run_after=2023-12-15T12:05:57.547530+00:00
[2023-12-15T12:05:57.585+0000] {processor.py:179} INFO - Processing /home/airflow/.local/lib/python3.8/site-packages/airflow/example_dags/example_task_group_decorator.py took 0.258 seconds
[2023-12-15T12:06:27.926+0000] {processor.py:157} INFO - Started process (PID=3040) to work on /home/airflow/.local/lib/python3.8/site-packages/airflow/example_dags/example_task_group_decorator.py
[2023-12-15T12:06:27.928+0000] {processor.py:829} INFO - Processing file /home/airflow/.local/lib/python3.8/site-packages/airflow/example_dags/example_task_group_decorator.py for tasks to queue
[2023-12-15T12:06:27.933+0000] {logging_mixin.py:154} INFO - [2023-12-15T12:06:27.933+0000] {dagbag.py:536} INFO - Filling up the DagBag from /home/airflow/.local/lib/python3.8/site-packages/airflow/example_dags/example_task_group_decorator.py
[2023-12-15T12:06:27.974+0000] {processor.py:839} INFO - DAG(s) dict_keys(['example_task_group_decorator']) retrieved from /home/airflow/.local/lib/python3.8/site-packages/airflow/example_dags/example_task_group_decorator.py
[2023-12-15T12:06:28.018+0000] {logging_mixin.py:154} INFO - [2023-12-15T12:06:28.017+0000] {dag.py:2941} INFO - Sync 1 DAGs
[2023-12-15T12:06:28.037+0000] {logging_mixin.py:154} INFO - [2023-12-15T12:06:28.037+0000] {dag.py:3722} INFO - Setting next_dagrun for example_task_group_decorator to 2023-12-14T12:06:28.037375+00:00, run_after=2023-12-15T12:06:28.037375+00:00
[2023-12-15T12:06:28.051+0000] {processor.py:179} INFO - Processing /home/airflow/.local/lib/python3.8/site-packages/airflow/example_dags/example_task_group_decorator.py took 0.131 seconds
[2023-12-15T12:06:59.644+0000] {processor.py:157} INFO - Started process (PID=3093) to work on /home/airflow/.local/lib/python3.8/site-packages/airflow/example_dags/example_task_group_decorator.py
[2023-12-15T12:06:59.646+0000] {processor.py:829} INFO - Processing file /home/airflow/.local/lib/python3.8/site-packages/airflow/example_dags/example_task_group_decorator.py for tasks to queue
[2023-12-15T12:06:59.649+0000] {logging_mixin.py:154} INFO - [2023-12-15T12:06:59.649+0000] {dagbag.py:536} INFO - Filling up the DagBag from /home/airflow/.local/lib/python3.8/site-packages/airflow/example_dags/example_task_group_decorator.py
[2023-12-15T12:06:59.727+0000] {processor.py:839} INFO - DAG(s) dict_keys(['example_task_group_decorator']) retrieved from /home/airflow/.local/lib/python3.8/site-packages/airflow/example_dags/example_task_group_decorator.py
[2023-12-15T12:06:59.835+0000] {logging_mixin.py:154} INFO - [2023-12-15T12:06:59.835+0000] {dag.py:2941} INFO - Sync 1 DAGs
[2023-12-15T12:07:00.016+0000] {logging_mixin.py:154} INFO - [2023-12-15T12:07:00.015+0000] {dag.py:3722} INFO - Setting next_dagrun for example_task_group_decorator to 2023-12-14T12:07:00.011051+00:00, run_after=2023-12-15T12:07:00.011051+00:00
[2023-12-15T12:07:00.172+0000] {processor.py:179} INFO - Processing /home/airflow/.local/lib/python3.8/site-packages/airflow/example_dags/example_task_group_decorator.py took 0.531 seconds
[2023-12-15T12:07:30.538+0000] {processor.py:157} INFO - Started process (PID=3145) to work on /home/airflow/.local/lib/python3.8/site-packages/airflow/example_dags/example_task_group_decorator.py
[2023-12-15T12:07:30.539+0000] {processor.py:829} INFO - Processing file /home/airflow/.local/lib/python3.8/site-packages/airflow/example_dags/example_task_group_decorator.py for tasks to queue
[2023-12-15T12:07:30.542+0000] {logging_mixin.py:154} INFO - [2023-12-15T12:07:30.541+0000] {dagbag.py:536} INFO - Filling up the DagBag from /home/airflow/.local/lib/python3.8/site-packages/airflow/example_dags/example_task_group_decorator.py
[2023-12-15T12:07:30.570+0000] {processor.py:839} INFO - DAG(s) dict_keys(['example_task_group_decorator']) retrieved from /home/airflow/.local/lib/python3.8/site-packages/airflow/example_dags/example_task_group_decorator.py
[2023-12-15T12:07:30.595+0000] {logging_mixin.py:154} INFO - [2023-12-15T12:07:30.595+0000] {dag.py:2941} INFO - Sync 1 DAGs
[2023-12-15T12:07:30.621+0000] {logging_mixin.py:154} INFO - [2023-12-15T12:07:30.621+0000] {dag.py:3722} INFO - Setting next_dagrun for example_task_group_decorator to 2023-12-14T12:07:30.621062+00:00, run_after=2023-12-15T12:07:30.621062+00:00
[2023-12-15T12:07:30.640+0000] {processor.py:179} INFO - Processing /home/airflow/.local/lib/python3.8/site-packages/airflow/example_dags/example_task_group_decorator.py took 0.105 seconds
[2023-12-15T12:08:02.095+0000] {processor.py:157} INFO - Started process (PID=3199) to work on /home/airflow/.local/lib/python3.8/site-packages/airflow/example_dags/example_task_group_decorator.py
[2023-12-15T12:08:02.100+0000] {processor.py:829} INFO - Processing file /home/airflow/.local/lib/python3.8/site-packages/airflow/example_dags/example_task_group_decorator.py for tasks to queue
[2023-12-15T12:08:02.103+0000] {logging_mixin.py:154} INFO - [2023-12-15T12:08:02.102+0000] {dagbag.py:536} INFO - Filling up the DagBag from /home/airflow/.local/lib/python3.8/site-packages/airflow/example_dags/example_task_group_decorator.py
[2023-12-15T12:08:02.135+0000] {processor.py:839} INFO - DAG(s) dict_keys(['example_task_group_decorator']) retrieved from /home/airflow/.local/lib/python3.8/site-packages/airflow/example_dags/example_task_group_decorator.py
[2023-12-15T12:08:02.173+0000] {logging_mixin.py:154} INFO - [2023-12-15T12:08:02.172+0000] {dag.py:2941} INFO - Sync 1 DAGs
[2023-12-15T12:08:02.195+0000] {logging_mixin.py:154} INFO - [2023-12-15T12:08:02.195+0000] {dag.py:3722} INFO - Setting next_dagrun for example_task_group_decorator to 2023-12-14T12:08:02.195727+00:00, run_after=2023-12-15T12:08:02.195727+00:00
[2023-12-15T12:08:02.216+0000] {processor.py:179} INFO - Processing /home/airflow/.local/lib/python3.8/site-packages/airflow/example_dags/example_task_group_decorator.py took 0.125 seconds
[2023-12-15T12:08:32.648+0000] {processor.py:157} INFO - Started process (PID=3253) to work on /home/airflow/.local/lib/python3.8/site-packages/airflow/example_dags/example_task_group_decorator.py
[2023-12-15T12:08:32.649+0000] {processor.py:829} INFO - Processing file /home/airflow/.local/lib/python3.8/site-packages/airflow/example_dags/example_task_group_decorator.py for tasks to queue
[2023-12-15T12:08:32.651+0000] {logging_mixin.py:154} INFO - [2023-12-15T12:08:32.650+0000] {dagbag.py:536} INFO - Filling up the DagBag from /home/airflow/.local/lib/python3.8/site-packages/airflow/example_dags/example_task_group_decorator.py
[2023-12-15T12:08:32.676+0000] {processor.py:839} INFO - DAG(s) dict_keys(['example_task_group_decorator']) retrieved from /home/airflow/.local/lib/python3.8/site-packages/airflow/example_dags/example_task_group_decorator.py
[2023-12-15T12:08:32.712+0000] {logging_mixin.py:154} INFO - [2023-12-15T12:08:32.712+0000] {dag.py:2941} INFO - Sync 1 DAGs
[2023-12-15T12:08:32.756+0000] {logging_mixin.py:154} INFO - [2023-12-15T12:08:32.756+0000] {dag.py:3722} INFO - Setting next_dagrun for example_task_group_decorator to 2023-12-14T12:08:32.755652+00:00, run_after=2023-12-15T12:08:32.755652+00:00
[2023-12-15T12:08:32.800+0000] {processor.py:179} INFO - Processing /home/airflow/.local/lib/python3.8/site-packages/airflow/example_dags/example_task_group_decorator.py took 0.155 seconds
[2023-12-15T12:09:03.815+0000] {processor.py:157} INFO - Started process (PID=3307) to work on /home/airflow/.local/lib/python3.8/site-packages/airflow/example_dags/example_task_group_decorator.py
[2023-12-15T12:09:03.816+0000] {processor.py:829} INFO - Processing file /home/airflow/.local/lib/python3.8/site-packages/airflow/example_dags/example_task_group_decorator.py for tasks to queue
[2023-12-15T12:09:03.825+0000] {logging_mixin.py:154} INFO - [2023-12-15T12:09:03.824+0000] {dagbag.py:536} INFO - Filling up the DagBag from /home/airflow/.local/lib/python3.8/site-packages/airflow/example_dags/example_task_group_decorator.py
[2023-12-15T12:09:03.887+0000] {processor.py:839} INFO - DAG(s) dict_keys(['example_task_group_decorator']) retrieved from /home/airflow/.local/lib/python3.8/site-packages/airflow/example_dags/example_task_group_decorator.py
[2023-12-15T12:09:03.970+0000] {logging_mixin.py:154} INFO - [2023-12-15T12:09:03.969+0000] {dag.py:2941} INFO - Sync 1 DAGs
[2023-12-15T12:09:04.031+0000] {logging_mixin.py:154} INFO - [2023-12-15T12:09:04.031+0000] {dag.py:3722} INFO - Setting next_dagrun for example_task_group_decorator to 2023-12-14T12:09:04.030945+00:00, run_after=2023-12-15T12:09:04.030945+00:00
[2023-12-15T12:09:04.075+0000] {processor.py:179} INFO - Processing /home/airflow/.local/lib/python3.8/site-packages/airflow/example_dags/example_task_group_decorator.py took 0.265 seconds
[2023-12-15T12:09:35.266+0000] {processor.py:157} INFO - Started process (PID=3361) to work on /home/airflow/.local/lib/python3.8/site-packages/airflow/example_dags/example_task_group_decorator.py
[2023-12-15T12:09:35.267+0000] {processor.py:829} INFO - Processing file /home/airflow/.local/lib/python3.8/site-packages/airflow/example_dags/example_task_group_decorator.py for tasks to queue
[2023-12-15T12:09:35.271+0000] {logging_mixin.py:154} INFO - [2023-12-15T12:09:35.271+0000] {dagbag.py:536} INFO - Filling up the DagBag from /home/airflow/.local/lib/python3.8/site-packages/airflow/example_dags/example_task_group_decorator.py
[2023-12-15T12:09:35.295+0000] {processor.py:839} INFO - DAG(s) dict_keys(['example_task_group_decorator']) retrieved from /home/airflow/.local/lib/python3.8/site-packages/airflow/example_dags/example_task_group_decorator.py
[2023-12-15T12:09:35.326+0000] {logging_mixin.py:154} INFO - [2023-12-15T12:09:35.325+0000] {dag.py:2941} INFO - Sync 1 DAGs
[2023-12-15T12:09:35.393+0000] {logging_mixin.py:154} INFO - [2023-12-15T12:09:35.392+0000] {dag.py:3722} INFO - Setting next_dagrun for example_task_group_decorator to 2023-12-14T12:09:35.391754+00:00, run_after=2023-12-15T12:09:35.391754+00:00
[2023-12-15T12:09:35.452+0000] {processor.py:179} INFO - Processing /home/airflow/.local/lib/python3.8/site-packages/airflow/example_dags/example_task_group_decorator.py took 0.189 seconds
[2023-12-15T12:10:06.065+0000] {processor.py:157} INFO - Started process (PID=3415) to work on /home/airflow/.local/lib/python3.8/site-packages/airflow/example_dags/example_task_group_decorator.py
[2023-12-15T12:10:06.068+0000] {processor.py:829} INFO - Processing file /home/airflow/.local/lib/python3.8/site-packages/airflow/example_dags/example_task_group_decorator.py for tasks to queue
[2023-12-15T12:10:06.071+0000] {logging_mixin.py:154} INFO - [2023-12-15T12:10:06.070+0000] {dagbag.py:536} INFO - Filling up the DagBag from /home/airflow/.local/lib/python3.8/site-packages/airflow/example_dags/example_task_group_decorator.py
[2023-12-15T12:10:06.106+0000] {processor.py:839} INFO - DAG(s) dict_keys(['example_task_group_decorator']) retrieved from /home/airflow/.local/lib/python3.8/site-packages/airflow/example_dags/example_task_group_decorator.py
[2023-12-15T12:10:06.138+0000] {logging_mixin.py:154} INFO - [2023-12-15T12:10:06.138+0000] {dag.py:2941} INFO - Sync 1 DAGs
[2023-12-15T12:10:06.162+0000] {logging_mixin.py:154} INFO - [2023-12-15T12:10:06.162+0000] {dag.py:3722} INFO - Setting next_dagrun for example_task_group_decorator to 2023-12-14T12:10:06.162223+00:00, run_after=2023-12-15T12:10:06.162223+00:00
[2023-12-15T12:10:06.177+0000] {processor.py:179} INFO - Processing /home/airflow/.local/lib/python3.8/site-packages/airflow/example_dags/example_task_group_decorator.py took 0.115 seconds
