[2023-12-15T11:37:03.678+0000] {processor.py:157} INFO - Started process (PID=76) to work on /home/airflow/.local/lib/python3.8/site-packages/airflow/example_dags/example_xcom.py
[2023-12-15T11:37:03.682+0000] {processor.py:829} INFO - Processing file /home/airflow/.local/lib/python3.8/site-packages/airflow/example_dags/example_xcom.py for tasks to queue
[2023-12-15T11:37:03.697+0000] {logging_mixin.py:154} INFO - [2023-12-15T11:37:03.696+0000] {dagbag.py:536} INFO - Filling up the DagBag from /home/airflow/.local/lib/python3.8/site-packages/airflow/example_dags/example_xcom.py
[2023-12-15T11:37:03.745+0000] {processor.py:839} INFO - DAG(s) dict_keys(['example_xcom']) retrieved from /home/airflow/.local/lib/python3.8/site-packages/airflow/example_dags/example_xcom.py
[2023-12-15T11:37:04.230+0000] {logging_mixin.py:154} INFO - [2023-12-15T11:37:04.229+0000] {dag.py:2941} INFO - Sync 1 DAGs
[2023-12-15T11:37:04.667+0000] {logging_mixin.py:154} INFO - [2023-12-15T11:37:04.666+0000] {dag.py:3722} INFO - Setting next_dagrun for example_xcom to 2021-01-01T00:00:00+00:00, run_after=2021-01-01T00:00:00+00:00
[2023-12-15T11:37:04.799+0000] {processor.py:179} INFO - Processing /home/airflow/.local/lib/python3.8/site-packages/airflow/example_dags/example_xcom.py took 1.199 seconds
[2023-12-15T11:37:35.270+0000] {processor.py:157} INFO - Started process (PID=130) to work on /home/airflow/.local/lib/python3.8/site-packages/airflow/example_dags/example_xcom.py
[2023-12-15T11:37:35.271+0000] {processor.py:829} INFO - Processing file /home/airflow/.local/lib/python3.8/site-packages/airflow/example_dags/example_xcom.py for tasks to queue
[2023-12-15T11:37:35.274+0000] {logging_mixin.py:154} INFO - [2023-12-15T11:37:35.274+0000] {dagbag.py:536} INFO - Filling up the DagBag from /home/airflow/.local/lib/python3.8/site-packages/airflow/example_dags/example_xcom.py
[2023-12-15T11:37:35.281+0000] {processor.py:839} INFO - DAG(s) dict_keys(['example_xcom']) retrieved from /home/airflow/.local/lib/python3.8/site-packages/airflow/example_dags/example_xcom.py
[2023-12-15T11:37:35.305+0000] {logging_mixin.py:154} INFO - [2023-12-15T11:37:35.304+0000] {dag.py:2941} INFO - Sync 1 DAGs
[2023-12-15T11:37:35.324+0000] {logging_mixin.py:154} INFO - [2023-12-15T11:37:35.324+0000] {dag.py:3722} INFO - Setting next_dagrun for example_xcom to 2021-01-01T00:00:00+00:00, run_after=2021-01-01T00:00:00+00:00
[2023-12-15T11:37:35.341+0000] {processor.py:179} INFO - Processing /home/airflow/.local/lib/python3.8/site-packages/airflow/example_dags/example_xcom.py took 0.075 seconds
[2023-12-15T11:38:06.236+0000] {processor.py:157} INFO - Started process (PID=184) to work on /home/airflow/.local/lib/python3.8/site-packages/airflow/example_dags/example_xcom.py
[2023-12-15T11:38:06.239+0000] {processor.py:829} INFO - Processing file /home/airflow/.local/lib/python3.8/site-packages/airflow/example_dags/example_xcom.py for tasks to queue
[2023-12-15T11:38:06.245+0000] {logging_mixin.py:154} INFO - [2023-12-15T11:38:06.245+0000] {dagbag.py:536} INFO - Filling up the DagBag from /home/airflow/.local/lib/python3.8/site-packages/airflow/example_dags/example_xcom.py
[2023-12-15T11:38:06.253+0000] {processor.py:839} INFO - DAG(s) dict_keys(['example_xcom']) retrieved from /home/airflow/.local/lib/python3.8/site-packages/airflow/example_dags/example_xcom.py
[2023-12-15T11:38:06.290+0000] {logging_mixin.py:154} INFO - [2023-12-15T11:38:06.290+0000] {dag.py:2941} INFO - Sync 1 DAGs
[2023-12-15T11:38:06.312+0000] {logging_mixin.py:154} INFO - [2023-12-15T11:38:06.312+0000] {dag.py:3722} INFO - Setting next_dagrun for example_xcom to 2021-01-01T00:00:00+00:00, run_after=2021-01-01T00:00:00+00:00
[2023-12-15T11:38:06.328+0000] {processor.py:179} INFO - Processing /home/airflow/.local/lib/python3.8/site-packages/airflow/example_dags/example_xcom.py took 0.113 seconds
[2023-12-15T11:38:36.820+0000] {processor.py:157} INFO - Started process (PID=238) to work on /home/airflow/.local/lib/python3.8/site-packages/airflow/example_dags/example_xcom.py
[2023-12-15T11:38:36.822+0000] {processor.py:829} INFO - Processing file /home/airflow/.local/lib/python3.8/site-packages/airflow/example_dags/example_xcom.py for tasks to queue
[2023-12-15T11:38:36.834+0000] {logging_mixin.py:154} INFO - [2023-12-15T11:38:36.832+0000] {dagbag.py:536} INFO - Filling up the DagBag from /home/airflow/.local/lib/python3.8/site-packages/airflow/example_dags/example_xcom.py
[2023-12-15T11:38:36.869+0000] {processor.py:839} INFO - DAG(s) dict_keys(['example_xcom']) retrieved from /home/airflow/.local/lib/python3.8/site-packages/airflow/example_dags/example_xcom.py
[2023-12-15T11:38:36.977+0000] {logging_mixin.py:154} INFO - [2023-12-15T11:38:36.977+0000] {dag.py:2941} INFO - Sync 1 DAGs
[2023-12-15T11:38:37.029+0000] {logging_mixin.py:154} INFO - [2023-12-15T11:38:37.029+0000] {dag.py:3722} INFO - Setting next_dagrun for example_xcom to 2021-01-01T00:00:00+00:00, run_after=2021-01-01T00:00:00+00:00
[2023-12-15T11:38:37.077+0000] {processor.py:179} INFO - Processing /home/airflow/.local/lib/python3.8/site-packages/airflow/example_dags/example_xcom.py took 0.266 seconds
[2023-12-15T11:39:07.192+0000] {processor.py:157} INFO - Started process (PID=290) to work on /home/airflow/.local/lib/python3.8/site-packages/airflow/example_dags/example_xcom.py
[2023-12-15T11:39:07.197+0000] {processor.py:829} INFO - Processing file /home/airflow/.local/lib/python3.8/site-packages/airflow/example_dags/example_xcom.py for tasks to queue
[2023-12-15T11:39:07.208+0000] {logging_mixin.py:154} INFO - [2023-12-15T11:39:07.207+0000] {dagbag.py:536} INFO - Filling up the DagBag from /home/airflow/.local/lib/python3.8/site-packages/airflow/example_dags/example_xcom.py
[2023-12-15T11:39:07.255+0000] {processor.py:839} INFO - DAG(s) dict_keys(['example_xcom']) retrieved from /home/airflow/.local/lib/python3.8/site-packages/airflow/example_dags/example_xcom.py
[2023-12-15T11:39:07.334+0000] {logging_mixin.py:154} INFO - [2023-12-15T11:39:07.334+0000] {dag.py:2941} INFO - Sync 1 DAGs
[2023-12-15T11:39:07.381+0000] {logging_mixin.py:154} INFO - [2023-12-15T11:39:07.381+0000] {dag.py:3722} INFO - Setting next_dagrun for example_xcom to 2021-01-01T00:00:00+00:00, run_after=2021-01-01T00:00:00+00:00
[2023-12-15T11:39:07.409+0000] {processor.py:179} INFO - Processing /home/airflow/.local/lib/python3.8/site-packages/airflow/example_dags/example_xcom.py took 0.248 seconds
[2023-12-15T11:39:44.674+0000] {processor.py:157} INFO - Started process (PID=345) to work on /home/airflow/.local/lib/python3.8/site-packages/airflow/example_dags/example_xcom.py
[2023-12-15T11:39:44.686+0000] {processor.py:829} INFO - Processing file /home/airflow/.local/lib/python3.8/site-packages/airflow/example_dags/example_xcom.py for tasks to queue
[2023-12-15T11:39:44.698+0000] {logging_mixin.py:154} INFO - [2023-12-15T11:39:44.697+0000] {dagbag.py:536} INFO - Filling up the DagBag from /home/airflow/.local/lib/python3.8/site-packages/airflow/example_dags/example_xcom.py
[2023-12-15T11:39:44.720+0000] {processor.py:839} INFO - DAG(s) dict_keys(['example_xcom']) retrieved from /home/airflow/.local/lib/python3.8/site-packages/airflow/example_dags/example_xcom.py
[2023-12-15T11:39:44.776+0000] {logging_mixin.py:154} INFO - [2023-12-15T11:39:44.776+0000] {dag.py:2941} INFO - Sync 1 DAGs
[2023-12-15T11:39:44.872+0000] {logging_mixin.py:154} INFO - [2023-12-15T11:39:44.871+0000] {dag.py:3722} INFO - Setting next_dagrun for example_xcom to 2021-01-01T00:00:00+00:00, run_after=2021-01-01T00:00:00+00:00
[2023-12-15T11:39:44.959+0000] {processor.py:179} INFO - Processing /home/airflow/.local/lib/python3.8/site-packages/airflow/example_dags/example_xcom.py took 0.292 seconds
[2023-12-15T11:40:15.650+0000] {processor.py:157} INFO - Started process (PID=397) to work on /home/airflow/.local/lib/python3.8/site-packages/airflow/example_dags/example_xcom.py
[2023-12-15T11:40:15.654+0000] {processor.py:829} INFO - Processing file /home/airflow/.local/lib/python3.8/site-packages/airflow/example_dags/example_xcom.py for tasks to queue
[2023-12-15T11:40:15.671+0000] {logging_mixin.py:154} INFO - [2023-12-15T11:40:15.671+0000] {dagbag.py:536} INFO - Filling up the DagBag from /home/airflow/.local/lib/python3.8/site-packages/airflow/example_dags/example_xcom.py
[2023-12-15T11:40:15.699+0000] {processor.py:839} INFO - DAG(s) dict_keys(['example_xcom']) retrieved from /home/airflow/.local/lib/python3.8/site-packages/airflow/example_dags/example_xcom.py
[2023-12-15T11:40:15.776+0000] {logging_mixin.py:154} INFO - [2023-12-15T11:40:15.776+0000] {dag.py:2941} INFO - Sync 1 DAGs
[2023-12-15T11:40:15.870+0000] {logging_mixin.py:154} INFO - [2023-12-15T11:40:15.869+0000] {dag.py:3722} INFO - Setting next_dagrun for example_xcom to 2021-01-01T00:00:00+00:00, run_after=2021-01-01T00:00:00+00:00
[2023-12-15T11:40:15.931+0000] {processor.py:179} INFO - Processing /home/airflow/.local/lib/python3.8/site-packages/airflow/example_dags/example_xcom.py took 0.289 seconds
[2023-12-15T11:40:46.488+0000] {processor.py:157} INFO - Started process (PID=450) to work on /home/airflow/.local/lib/python3.8/site-packages/airflow/example_dags/example_xcom.py
[2023-12-15T11:40:46.505+0000] {processor.py:829} INFO - Processing file /home/airflow/.local/lib/python3.8/site-packages/airflow/example_dags/example_xcom.py for tasks to queue
[2023-12-15T11:40:46.532+0000] {logging_mixin.py:154} INFO - [2023-12-15T11:40:46.530+0000] {dagbag.py:536} INFO - Filling up the DagBag from /home/airflow/.local/lib/python3.8/site-packages/airflow/example_dags/example_xcom.py
[2023-12-15T11:40:46.599+0000] {processor.py:839} INFO - DAG(s) dict_keys(['example_xcom']) retrieved from /home/airflow/.local/lib/python3.8/site-packages/airflow/example_dags/example_xcom.py
[2023-12-15T11:40:46.715+0000] {logging_mixin.py:154} INFO - [2023-12-15T11:40:46.715+0000] {dag.py:2941} INFO - Sync 1 DAGs
[2023-12-15T11:40:46.846+0000] {logging_mixin.py:154} INFO - [2023-12-15T11:40:46.846+0000] {dag.py:3722} INFO - Setting next_dagrun for example_xcom to 2021-01-01T00:00:00+00:00, run_after=2021-01-01T00:00:00+00:00
[2023-12-15T11:40:46.904+0000] {processor.py:179} INFO - Processing /home/airflow/.local/lib/python3.8/site-packages/airflow/example_dags/example_xcom.py took 0.438 seconds
[2023-12-15T11:41:17.128+0000] {processor.py:157} INFO - Started process (PID=504) to work on /home/airflow/.local/lib/python3.8/site-packages/airflow/example_dags/example_xcom.py
[2023-12-15T11:41:17.138+0000] {processor.py:829} INFO - Processing file /home/airflow/.local/lib/python3.8/site-packages/airflow/example_dags/example_xcom.py for tasks to queue
[2023-12-15T11:41:17.143+0000] {logging_mixin.py:154} INFO - [2023-12-15T11:41:17.143+0000] {dagbag.py:536} INFO - Filling up the DagBag from /home/airflow/.local/lib/python3.8/site-packages/airflow/example_dags/example_xcom.py
[2023-12-15T11:41:17.157+0000] {processor.py:839} INFO - DAG(s) dict_keys(['example_xcom']) retrieved from /home/airflow/.local/lib/python3.8/site-packages/airflow/example_dags/example_xcom.py
[2023-12-15T11:41:17.267+0000] {logging_mixin.py:154} INFO - [2023-12-15T11:41:17.265+0000] {dag.py:2941} INFO - Sync 1 DAGs
[2023-12-15T11:41:17.329+0000] {logging_mixin.py:154} INFO - [2023-12-15T11:41:17.328+0000] {dag.py:3722} INFO - Setting next_dagrun for example_xcom to 2021-01-01T00:00:00+00:00, run_after=2021-01-01T00:00:00+00:00
[2023-12-15T11:41:17.363+0000] {processor.py:179} INFO - Processing /home/airflow/.local/lib/python3.8/site-packages/airflow/example_dags/example_xcom.py took 0.239 seconds
[2023-12-15T11:41:49.657+0000] {processor.py:157} INFO - Started process (PID=558) to work on /home/airflow/.local/lib/python3.8/site-packages/airflow/example_dags/example_xcom.py
[2023-12-15T11:41:49.661+0000] {processor.py:829} INFO - Processing file /home/airflow/.local/lib/python3.8/site-packages/airflow/example_dags/example_xcom.py for tasks to queue
[2023-12-15T11:41:49.664+0000] {logging_mixin.py:154} INFO - [2023-12-15T11:41:49.663+0000] {dagbag.py:536} INFO - Filling up the DagBag from /home/airflow/.local/lib/python3.8/site-packages/airflow/example_dags/example_xcom.py
[2023-12-15T11:41:49.677+0000] {processor.py:839} INFO - DAG(s) dict_keys(['example_xcom']) retrieved from /home/airflow/.local/lib/python3.8/site-packages/airflow/example_dags/example_xcom.py
[2023-12-15T11:41:49.708+0000] {logging_mixin.py:154} INFO - [2023-12-15T11:41:49.708+0000] {dag.py:2941} INFO - Sync 1 DAGs
[2023-12-15T11:41:49.731+0000] {logging_mixin.py:154} INFO - [2023-12-15T11:41:49.731+0000] {dag.py:3722} INFO - Setting next_dagrun for example_xcom to 2021-01-01T00:00:00+00:00, run_after=2021-01-01T00:00:00+00:00
[2023-12-15T11:41:49.752+0000] {processor.py:179} INFO - Processing /home/airflow/.local/lib/python3.8/site-packages/airflow/example_dags/example_xcom.py took 0.100 seconds
[2023-12-15T11:42:23.084+0000] {processor.py:157} INFO - Started process (PID=613) to work on /home/airflow/.local/lib/python3.8/site-packages/airflow/example_dags/example_xcom.py
[2023-12-15T11:42:23.089+0000] {processor.py:829} INFO - Processing file /home/airflow/.local/lib/python3.8/site-packages/airflow/example_dags/example_xcom.py for tasks to queue
[2023-12-15T11:42:23.092+0000] {logging_mixin.py:154} INFO - [2023-12-15T11:42:23.091+0000] {dagbag.py:536} INFO - Filling up the DagBag from /home/airflow/.local/lib/python3.8/site-packages/airflow/example_dags/example_xcom.py
[2023-12-15T11:42:23.110+0000] {processor.py:839} INFO - DAG(s) dict_keys(['example_xcom']) retrieved from /home/airflow/.local/lib/python3.8/site-packages/airflow/example_dags/example_xcom.py
[2023-12-15T11:42:23.179+0000] {logging_mixin.py:154} INFO - [2023-12-15T11:42:23.179+0000] {dag.py:2941} INFO - Sync 1 DAGs
[2023-12-15T11:42:23.215+0000] {logging_mixin.py:154} INFO - [2023-12-15T11:42:23.215+0000] {dag.py:3722} INFO - Setting next_dagrun for example_xcom to 2021-01-01T00:00:00+00:00, run_after=2021-01-01T00:00:00+00:00
[2023-12-15T11:42:23.280+0000] {processor.py:179} INFO - Processing /home/airflow/.local/lib/python3.8/site-packages/airflow/example_dags/example_xcom.py took 0.209 seconds
[2023-12-15T11:43:04.679+0000] {processor.py:157} INFO - Started process (PID=668) to work on /home/airflow/.local/lib/python3.8/site-packages/airflow/example_dags/example_xcom.py
[2023-12-15T11:43:04.684+0000] {processor.py:829} INFO - Processing file /home/airflow/.local/lib/python3.8/site-packages/airflow/example_dags/example_xcom.py for tasks to queue
[2023-12-15T11:43:04.690+0000] {logging_mixin.py:154} INFO - [2023-12-15T11:43:04.690+0000] {dagbag.py:536} INFO - Filling up the DagBag from /home/airflow/.local/lib/python3.8/site-packages/airflow/example_dags/example_xcom.py
[2023-12-15T11:43:04.699+0000] {processor.py:839} INFO - DAG(s) dict_keys(['example_xcom']) retrieved from /home/airflow/.local/lib/python3.8/site-packages/airflow/example_dags/example_xcom.py
[2023-12-15T11:43:04.761+0000] {logging_mixin.py:154} INFO - [2023-12-15T11:43:04.760+0000] {dag.py:2941} INFO - Sync 1 DAGs
[2023-12-15T11:43:04.800+0000] {logging_mixin.py:154} INFO - [2023-12-15T11:43:04.800+0000] {dag.py:3722} INFO - Setting next_dagrun for example_xcom to 2021-01-01T00:00:00+00:00, run_after=2021-01-01T00:00:00+00:00
[2023-12-15T11:43:04.842+0000] {processor.py:179} INFO - Processing /home/airflow/.local/lib/python3.8/site-packages/airflow/example_dags/example_xcom.py took 0.168 seconds
[2023-12-15T11:43:41.076+0000] {processor.py:157} INFO - Started process (PID=722) to work on /home/airflow/.local/lib/python3.8/site-packages/airflow/example_dags/example_xcom.py
[2023-12-15T11:43:41.079+0000] {processor.py:829} INFO - Processing file /home/airflow/.local/lib/python3.8/site-packages/airflow/example_dags/example_xcom.py for tasks to queue
[2023-12-15T11:43:41.081+0000] {logging_mixin.py:154} INFO - [2023-12-15T11:43:41.081+0000] {dagbag.py:536} INFO - Filling up the DagBag from /home/airflow/.local/lib/python3.8/site-packages/airflow/example_dags/example_xcom.py
[2023-12-15T11:43:41.087+0000] {processor.py:839} INFO - DAG(s) dict_keys(['example_xcom']) retrieved from /home/airflow/.local/lib/python3.8/site-packages/airflow/example_dags/example_xcom.py
[2023-12-15T11:43:41.107+0000] {logging_mixin.py:154} INFO - [2023-12-15T11:43:41.107+0000] {dag.py:2941} INFO - Sync 1 DAGs
[2023-12-15T11:43:41.135+0000] {logging_mixin.py:154} INFO - [2023-12-15T11:43:41.135+0000] {dag.py:3722} INFO - Setting next_dagrun for example_xcom to 2021-01-01T00:00:00+00:00, run_after=2021-01-01T00:00:00+00:00
[2023-12-15T11:43:41.154+0000] {processor.py:179} INFO - Processing /home/airflow/.local/lib/python3.8/site-packages/airflow/example_dags/example_xcom.py took 0.082 seconds
[2023-12-15T11:44:15.239+0000] {processor.py:157} INFO - Started process (PID=783) to work on /home/airflow/.local/lib/python3.8/site-packages/airflow/example_dags/example_xcom.py
[2023-12-15T11:44:15.245+0000] {processor.py:829} INFO - Processing file /home/airflow/.local/lib/python3.8/site-packages/airflow/example_dags/example_xcom.py for tasks to queue
[2023-12-15T11:44:15.254+0000] {logging_mixin.py:154} INFO - [2023-12-15T11:44:15.253+0000] {dagbag.py:536} INFO - Filling up the DagBag from /home/airflow/.local/lib/python3.8/site-packages/airflow/example_dags/example_xcom.py
[2023-12-15T11:44:15.267+0000] {processor.py:839} INFO - DAG(s) dict_keys(['example_xcom']) retrieved from /home/airflow/.local/lib/python3.8/site-packages/airflow/example_dags/example_xcom.py
[2023-12-15T11:44:15.591+0000] {logging_mixin.py:154} INFO - [2023-12-15T11:44:15.591+0000] {dag.py:2941} INFO - Sync 1 DAGs
[2023-12-15T11:44:15.976+0000] {logging_mixin.py:154} INFO - [2023-12-15T11:44:15.975+0000] {dag.py:3722} INFO - Setting next_dagrun for example_xcom to 2021-01-01T00:00:00+00:00, run_after=2021-01-01T00:00:00+00:00
[2023-12-15T11:44:16.088+0000] {processor.py:179} INFO - Processing /home/airflow/.local/lib/python3.8/site-packages/airflow/example_dags/example_xcom.py took 0.846 seconds
[2023-12-15T11:44:47.505+0000] {processor.py:157} INFO - Started process (PID=837) to work on /home/airflow/.local/lib/python3.8/site-packages/airflow/example_dags/example_xcom.py
[2023-12-15T11:44:47.507+0000] {processor.py:829} INFO - Processing file /home/airflow/.local/lib/python3.8/site-packages/airflow/example_dags/example_xcom.py for tasks to queue
[2023-12-15T11:44:47.510+0000] {logging_mixin.py:154} INFO - [2023-12-15T11:44:47.510+0000] {dagbag.py:536} INFO - Filling up the DagBag from /home/airflow/.local/lib/python3.8/site-packages/airflow/example_dags/example_xcom.py
[2023-12-15T11:44:47.524+0000] {processor.py:839} INFO - DAG(s) dict_keys(['example_xcom']) retrieved from /home/airflow/.local/lib/python3.8/site-packages/airflow/example_dags/example_xcom.py
[2023-12-15T11:44:47.590+0000] {logging_mixin.py:154} INFO - [2023-12-15T11:44:47.590+0000] {dag.py:2941} INFO - Sync 1 DAGs
[2023-12-15T11:44:47.634+0000] {logging_mixin.py:154} INFO - [2023-12-15T11:44:47.634+0000] {dag.py:3722} INFO - Setting next_dagrun for example_xcom to 2021-01-01T00:00:00+00:00, run_after=2021-01-01T00:00:00+00:00
[2023-12-15T11:44:47.687+0000] {processor.py:179} INFO - Processing /home/airflow/.local/lib/python3.8/site-packages/airflow/example_dags/example_xcom.py took 0.188 seconds
[2023-12-15T11:45:18.699+0000] {processor.py:157} INFO - Started process (PID=889) to work on /home/airflow/.local/lib/python3.8/site-packages/airflow/example_dags/example_xcom.py
[2023-12-15T11:45:18.705+0000] {processor.py:829} INFO - Processing file /home/airflow/.local/lib/python3.8/site-packages/airflow/example_dags/example_xcom.py for tasks to queue
[2023-12-15T11:45:18.713+0000] {logging_mixin.py:154} INFO - [2023-12-15T11:45:18.712+0000] {dagbag.py:536} INFO - Filling up the DagBag from /home/airflow/.local/lib/python3.8/site-packages/airflow/example_dags/example_xcom.py
[2023-12-15T11:45:18.731+0000] {processor.py:839} INFO - DAG(s) dict_keys(['example_xcom']) retrieved from /home/airflow/.local/lib/python3.8/site-packages/airflow/example_dags/example_xcom.py
[2023-12-15T11:45:18.786+0000] {logging_mixin.py:154} INFO - [2023-12-15T11:45:18.786+0000] {dag.py:2941} INFO - Sync 1 DAGs
[2023-12-15T11:45:18.828+0000] {logging_mixin.py:154} INFO - [2023-12-15T11:45:18.827+0000] {dag.py:3722} INFO - Setting next_dagrun for example_xcom to 2021-01-01T00:00:00+00:00, run_after=2021-01-01T00:00:00+00:00
[2023-12-15T11:45:18.885+0000] {processor.py:179} INFO - Processing /home/airflow/.local/lib/python3.8/site-packages/airflow/example_dags/example_xcom.py took 0.192 seconds
[2023-12-15T11:45:50.192+0000] {processor.py:157} INFO - Started process (PID=943) to work on /home/airflow/.local/lib/python3.8/site-packages/airflow/example_dags/example_xcom.py
[2023-12-15T11:45:50.196+0000] {processor.py:829} INFO - Processing file /home/airflow/.local/lib/python3.8/site-packages/airflow/example_dags/example_xcom.py for tasks to queue
[2023-12-15T11:45:50.198+0000] {logging_mixin.py:154} INFO - [2023-12-15T11:45:50.198+0000] {dagbag.py:536} INFO - Filling up the DagBag from /home/airflow/.local/lib/python3.8/site-packages/airflow/example_dags/example_xcom.py
[2023-12-15T11:45:50.221+0000] {processor.py:839} INFO - DAG(s) dict_keys(['example_xcom']) retrieved from /home/airflow/.local/lib/python3.8/site-packages/airflow/example_dags/example_xcom.py
[2023-12-15T11:45:50.254+0000] {logging_mixin.py:154} INFO - [2023-12-15T11:45:50.253+0000] {dag.py:2941} INFO - Sync 1 DAGs
[2023-12-15T11:45:50.283+0000] {logging_mixin.py:154} INFO - [2023-12-15T11:45:50.282+0000] {dag.py:3722} INFO - Setting next_dagrun for example_xcom to 2021-01-01T00:00:00+00:00, run_after=2021-01-01T00:00:00+00:00
[2023-12-15T11:45:50.310+0000] {processor.py:179} INFO - Processing /home/airflow/.local/lib/python3.8/site-packages/airflow/example_dags/example_xcom.py took 0.124 seconds
[2023-12-15T11:46:20.804+0000] {processor.py:157} INFO - Started process (PID=995) to work on /home/airflow/.local/lib/python3.8/site-packages/airflow/example_dags/example_xcom.py
[2023-12-15T11:46:20.807+0000] {processor.py:829} INFO - Processing file /home/airflow/.local/lib/python3.8/site-packages/airflow/example_dags/example_xcom.py for tasks to queue
[2023-12-15T11:46:20.814+0000] {logging_mixin.py:154} INFO - [2023-12-15T11:46:20.813+0000] {dagbag.py:536} INFO - Filling up the DagBag from /home/airflow/.local/lib/python3.8/site-packages/airflow/example_dags/example_xcom.py
[2023-12-15T11:46:20.943+0000] {processor.py:839} INFO - DAG(s) dict_keys(['example_xcom']) retrieved from /home/airflow/.local/lib/python3.8/site-packages/airflow/example_dags/example_xcom.py
[2023-12-15T11:46:21.235+0000] {logging_mixin.py:154} INFO - [2023-12-15T11:46:21.234+0000] {dag.py:2941} INFO - Sync 1 DAGs
[2023-12-15T11:46:21.293+0000] {logging_mixin.py:154} INFO - [2023-12-15T11:46:21.293+0000] {dag.py:3722} INFO - Setting next_dagrun for example_xcom to 2021-01-01T00:00:00+00:00, run_after=2021-01-01T00:00:00+00:00
[2023-12-15T11:46:21.328+0000] {processor.py:179} INFO - Processing /home/airflow/.local/lib/python3.8/site-packages/airflow/example_dags/example_xcom.py took 0.534 seconds
[2023-12-15T11:46:57.644+0000] {processor.py:157} INFO - Started process (PID=1050) to work on /home/airflow/.local/lib/python3.8/site-packages/airflow/example_dags/example_xcom.py
[2023-12-15T11:46:57.665+0000] {processor.py:829} INFO - Processing file /home/airflow/.local/lib/python3.8/site-packages/airflow/example_dags/example_xcom.py for tasks to queue
[2023-12-15T11:46:57.715+0000] {logging_mixin.py:154} INFO - [2023-12-15T11:46:57.714+0000] {dagbag.py:536} INFO - Filling up the DagBag from /home/airflow/.local/lib/python3.8/site-packages/airflow/example_dags/example_xcom.py
[2023-12-15T11:46:57.833+0000] {processor.py:839} INFO - DAG(s) dict_keys(['example_xcom']) retrieved from /home/airflow/.local/lib/python3.8/site-packages/airflow/example_dags/example_xcom.py
[2023-12-15T11:46:58.213+0000] {logging_mixin.py:154} INFO - [2023-12-15T11:46:58.212+0000] {dag.py:2941} INFO - Sync 1 DAGs
[2023-12-15T11:46:58.688+0000] {logging_mixin.py:154} INFO - [2023-12-15T11:46:58.688+0000] {dag.py:3722} INFO - Setting next_dagrun for example_xcom to 2021-01-01T00:00:00+00:00, run_after=2021-01-01T00:00:00+00:00
[2023-12-15T11:46:58.861+0000] {processor.py:179} INFO - Processing /home/airflow/.local/lib/python3.8/site-packages/airflow/example_dags/example_xcom.py took 1.298 seconds
[2023-12-15T11:47:29.517+0000] {processor.py:157} INFO - Started process (PID=1104) to work on /home/airflow/.local/lib/python3.8/site-packages/airflow/example_dags/example_xcom.py
[2023-12-15T11:47:29.518+0000] {processor.py:829} INFO - Processing file /home/airflow/.local/lib/python3.8/site-packages/airflow/example_dags/example_xcom.py for tasks to queue
[2023-12-15T11:47:29.522+0000] {logging_mixin.py:154} INFO - [2023-12-15T11:47:29.521+0000] {dagbag.py:536} INFO - Filling up the DagBag from /home/airflow/.local/lib/python3.8/site-packages/airflow/example_dags/example_xcom.py
[2023-12-15T11:47:29.559+0000] {processor.py:839} INFO - DAG(s) dict_keys(['example_xcom']) retrieved from /home/airflow/.local/lib/python3.8/site-packages/airflow/example_dags/example_xcom.py
[2023-12-15T11:47:29.697+0000] {logging_mixin.py:154} INFO - [2023-12-15T11:47:29.697+0000] {dag.py:2941} INFO - Sync 1 DAGs
[2023-12-15T11:47:29.776+0000] {logging_mixin.py:154} INFO - [2023-12-15T11:47:29.776+0000] {dag.py:3722} INFO - Setting next_dagrun for example_xcom to 2021-01-01T00:00:00+00:00, run_after=2021-01-01T00:00:00+00:00
[2023-12-15T11:47:29.844+0000] {processor.py:179} INFO - Processing /home/airflow/.local/lib/python3.8/site-packages/airflow/example_dags/example_xcom.py took 0.336 seconds
[2023-12-15T11:48:01.221+0000] {processor.py:157} INFO - Started process (PID=1158) to work on /home/airflow/.local/lib/python3.8/site-packages/airflow/example_dags/example_xcom.py
[2023-12-15T11:48:01.234+0000] {processor.py:829} INFO - Processing file /home/airflow/.local/lib/python3.8/site-packages/airflow/example_dags/example_xcom.py for tasks to queue
[2023-12-15T11:48:01.243+0000] {logging_mixin.py:154} INFO - [2023-12-15T11:48:01.243+0000] {dagbag.py:536} INFO - Filling up the DagBag from /home/airflow/.local/lib/python3.8/site-packages/airflow/example_dags/example_xcom.py
[2023-12-15T11:48:01.286+0000] {processor.py:839} INFO - DAG(s) dict_keys(['example_xcom']) retrieved from /home/airflow/.local/lib/python3.8/site-packages/airflow/example_dags/example_xcom.py
[2023-12-15T11:48:01.444+0000] {logging_mixin.py:154} INFO - [2023-12-15T11:48:01.444+0000] {dag.py:2941} INFO - Sync 1 DAGs
[2023-12-15T11:48:01.526+0000] {logging_mixin.py:154} INFO - [2023-12-15T11:48:01.526+0000] {dag.py:3722} INFO - Setting next_dagrun for example_xcom to 2021-01-01T00:00:00+00:00, run_after=2021-01-01T00:00:00+00:00
[2023-12-15T11:48:01.568+0000] {processor.py:179} INFO - Processing /home/airflow/.local/lib/python3.8/site-packages/airflow/example_dags/example_xcom.py took 0.360 seconds
[2023-12-15T11:48:43.721+0000] {processor.py:157} INFO - Started process (PID=1212) to work on /home/airflow/.local/lib/python3.8/site-packages/airflow/example_dags/example_xcom.py
[2023-12-15T11:48:43.724+0000] {processor.py:829} INFO - Processing file /home/airflow/.local/lib/python3.8/site-packages/airflow/example_dags/example_xcom.py for tasks to queue
[2023-12-15T11:48:43.730+0000] {logging_mixin.py:154} INFO - [2023-12-15T11:48:43.730+0000] {dagbag.py:536} INFO - Filling up the DagBag from /home/airflow/.local/lib/python3.8/site-packages/airflow/example_dags/example_xcom.py
[2023-12-15T11:48:43.745+0000] {processor.py:839} INFO - DAG(s) dict_keys(['example_xcom']) retrieved from /home/airflow/.local/lib/python3.8/site-packages/airflow/example_dags/example_xcom.py
[2023-12-15T11:48:43.800+0000] {logging_mixin.py:154} INFO - [2023-12-15T11:48:43.799+0000] {dag.py:2941} INFO - Sync 1 DAGs
[2023-12-15T11:48:43.850+0000] {logging_mixin.py:154} INFO - [2023-12-15T11:48:43.849+0000] {dag.py:3722} INFO - Setting next_dagrun for example_xcom to 2021-01-01T00:00:00+00:00, run_after=2021-01-01T00:00:00+00:00
[2023-12-15T11:48:43.877+0000] {processor.py:179} INFO - Processing /home/airflow/.local/lib/python3.8/site-packages/airflow/example_dags/example_xcom.py took 0.169 seconds
[2023-12-15T11:49:14.471+0000] {processor.py:157} INFO - Started process (PID=1265) to work on /home/airflow/.local/lib/python3.8/site-packages/airflow/example_dags/example_xcom.py
[2023-12-15T11:49:14.476+0000] {processor.py:829} INFO - Processing file /home/airflow/.local/lib/python3.8/site-packages/airflow/example_dags/example_xcom.py for tasks to queue
[2023-12-15T11:49:14.481+0000] {logging_mixin.py:154} INFO - [2023-12-15T11:49:14.480+0000] {dagbag.py:536} INFO - Filling up the DagBag from /home/airflow/.local/lib/python3.8/site-packages/airflow/example_dags/example_xcom.py
[2023-12-15T11:49:14.507+0000] {processor.py:839} INFO - DAG(s) dict_keys(['example_xcom']) retrieved from /home/airflow/.local/lib/python3.8/site-packages/airflow/example_dags/example_xcom.py
[2023-12-15T11:49:14.583+0000] {logging_mixin.py:154} INFO - [2023-12-15T11:49:14.583+0000] {dag.py:2941} INFO - Sync 1 DAGs
[2023-12-15T11:49:14.627+0000] {logging_mixin.py:154} INFO - [2023-12-15T11:49:14.627+0000] {dag.py:3722} INFO - Setting next_dagrun for example_xcom to 2021-01-01T00:00:00+00:00, run_after=2021-01-01T00:00:00+00:00
[2023-12-15T11:49:15.366+0000] {processor.py:179} INFO - Processing /home/airflow/.local/lib/python3.8/site-packages/airflow/example_dags/example_xcom.py took 0.919 seconds
[2023-12-15T11:49:46.993+0000] {processor.py:157} INFO - Started process (PID=1323) to work on /home/airflow/.local/lib/python3.8/site-packages/airflow/example_dags/example_xcom.py
[2023-12-15T11:49:46.996+0000] {processor.py:829} INFO - Processing file /home/airflow/.local/lib/python3.8/site-packages/airflow/example_dags/example_xcom.py for tasks to queue
[2023-12-15T11:49:46.998+0000] {logging_mixin.py:154} INFO - [2023-12-15T11:49:46.998+0000] {dagbag.py:536} INFO - Filling up the DagBag from /home/airflow/.local/lib/python3.8/site-packages/airflow/example_dags/example_xcom.py
[2023-12-15T11:49:47.007+0000] {processor.py:839} INFO - DAG(s) dict_keys(['example_xcom']) retrieved from /home/airflow/.local/lib/python3.8/site-packages/airflow/example_dags/example_xcom.py
[2023-12-15T11:49:47.047+0000] {logging_mixin.py:154} INFO - [2023-12-15T11:49:47.047+0000] {dag.py:2941} INFO - Sync 1 DAGs
[2023-12-15T11:49:47.079+0000] {logging_mixin.py:154} INFO - [2023-12-15T11:49:47.079+0000] {dag.py:3722} INFO - Setting next_dagrun for example_xcom to 2021-01-01T00:00:00+00:00, run_after=2021-01-01T00:00:00+00:00
[2023-12-15T11:49:47.097+0000] {processor.py:179} INFO - Processing /home/airflow/.local/lib/python3.8/site-packages/airflow/example_dags/example_xcom.py took 0.107 seconds
[2023-12-15T11:50:28.255+0000] {processor.py:157} INFO - Started process (PID=1388) to work on /home/airflow/.local/lib/python3.8/site-packages/airflow/example_dags/example_xcom.py
[2023-12-15T11:50:28.261+0000] {processor.py:829} INFO - Processing file /home/airflow/.local/lib/python3.8/site-packages/airflow/example_dags/example_xcom.py for tasks to queue
[2023-12-15T11:50:28.267+0000] {logging_mixin.py:154} INFO - [2023-12-15T11:50:28.267+0000] {dagbag.py:536} INFO - Filling up the DagBag from /home/airflow/.local/lib/python3.8/site-packages/airflow/example_dags/example_xcom.py
[2023-12-15T11:50:28.274+0000] {processor.py:839} INFO - DAG(s) dict_keys(['example_xcom']) retrieved from /home/airflow/.local/lib/python3.8/site-packages/airflow/example_dags/example_xcom.py
[2023-12-15T11:50:28.294+0000] {logging_mixin.py:154} INFO - [2023-12-15T11:50:28.294+0000] {dag.py:2941} INFO - Sync 1 DAGs
[2023-12-15T11:50:28.317+0000] {logging_mixin.py:154} INFO - [2023-12-15T11:50:28.317+0000] {dag.py:3722} INFO - Setting next_dagrun for example_xcom to 2021-01-01T00:00:00+00:00, run_after=2021-01-01T00:00:00+00:00
[2023-12-15T11:50:28.337+0000] {processor.py:179} INFO - Processing /home/airflow/.local/lib/python3.8/site-packages/airflow/example_dags/example_xcom.py took 0.091 seconds
[2023-12-15T11:51:03.760+0000] {processor.py:157} INFO - Started process (PID=1442) to work on /home/airflow/.local/lib/python3.8/site-packages/airflow/example_dags/example_xcom.py
[2023-12-15T11:51:03.762+0000] {processor.py:829} INFO - Processing file /home/airflow/.local/lib/python3.8/site-packages/airflow/example_dags/example_xcom.py for tasks to queue
[2023-12-15T11:51:03.767+0000] {logging_mixin.py:154} INFO - [2023-12-15T11:51:03.766+0000] {dagbag.py:536} INFO - Filling up the DagBag from /home/airflow/.local/lib/python3.8/site-packages/airflow/example_dags/example_xcom.py
[2023-12-15T11:51:03.779+0000] {processor.py:839} INFO - DAG(s) dict_keys(['example_xcom']) retrieved from /home/airflow/.local/lib/python3.8/site-packages/airflow/example_dags/example_xcom.py
[2023-12-15T11:51:03.836+0000] {logging_mixin.py:154} INFO - [2023-12-15T11:51:03.835+0000] {dag.py:2941} INFO - Sync 1 DAGs
[2023-12-15T11:51:04.761+0000] {logging_mixin.py:154} INFO - [2023-12-15T11:51:04.760+0000] {dag.py:3722} INFO - Setting next_dagrun for example_xcom to 2021-01-01T00:00:00+00:00, run_after=2021-01-01T00:00:00+00:00
[2023-12-15T11:51:04.810+0000] {processor.py:179} INFO - Processing /home/airflow/.local/lib/python3.8/site-packages/airflow/example_dags/example_xcom.py took 1.054 seconds
[2023-12-15T11:51:34.983+0000] {processor.py:157} INFO - Started process (PID=1495) to work on /home/airflow/.local/lib/python3.8/site-packages/airflow/example_dags/example_xcom.py
[2023-12-15T11:51:34.986+0000] {processor.py:829} INFO - Processing file /home/airflow/.local/lib/python3.8/site-packages/airflow/example_dags/example_xcom.py for tasks to queue
[2023-12-15T11:51:34.990+0000] {logging_mixin.py:154} INFO - [2023-12-15T11:51:34.990+0000] {dagbag.py:536} INFO - Filling up the DagBag from /home/airflow/.local/lib/python3.8/site-packages/airflow/example_dags/example_xcom.py
[2023-12-15T11:51:35.004+0000] {processor.py:839} INFO - DAG(s) dict_keys(['example_xcom']) retrieved from /home/airflow/.local/lib/python3.8/site-packages/airflow/example_dags/example_xcom.py
[2023-12-15T11:51:35.063+0000] {logging_mixin.py:154} INFO - [2023-12-15T11:51:35.062+0000] {dag.py:2941} INFO - Sync 1 DAGs
[2023-12-15T11:51:35.121+0000] {logging_mixin.py:154} INFO - [2023-12-15T11:51:35.119+0000] {dag.py:3722} INFO - Setting next_dagrun for example_xcom to 2021-01-01T00:00:00+00:00, run_after=2021-01-01T00:00:00+00:00
[2023-12-15T11:51:35.164+0000] {processor.py:179} INFO - Processing /home/airflow/.local/lib/python3.8/site-packages/airflow/example_dags/example_xcom.py took 0.186 seconds
[2023-12-15T11:52:21.998+0000] {processor.py:157} INFO - Started process (PID=1556) to work on /home/airflow/.local/lib/python3.8/site-packages/airflow/example_dags/example_xcom.py
[2023-12-15T11:52:21.999+0000] {processor.py:829} INFO - Processing file /home/airflow/.local/lib/python3.8/site-packages/airflow/example_dags/example_xcom.py for tasks to queue
[2023-12-15T11:52:22.002+0000] {logging_mixin.py:154} INFO - [2023-12-15T11:52:22.002+0000] {dagbag.py:536} INFO - Filling up the DagBag from /home/airflow/.local/lib/python3.8/site-packages/airflow/example_dags/example_xcom.py
[2023-12-15T11:52:22.011+0000] {processor.py:839} INFO - DAG(s) dict_keys(['example_xcom']) retrieved from /home/airflow/.local/lib/python3.8/site-packages/airflow/example_dags/example_xcom.py
[2023-12-15T11:52:22.430+0000] {logging_mixin.py:154} INFO - [2023-12-15T11:52:22.429+0000] {dag.py:2941} INFO - Sync 1 DAGs
[2023-12-15T11:52:22.457+0000] {logging_mixin.py:154} INFO - [2023-12-15T11:52:22.457+0000] {dag.py:3722} INFO - Setting next_dagrun for example_xcom to 2021-01-01T00:00:00+00:00, run_after=2021-01-01T00:00:00+00:00
[2023-12-15T11:52:22.492+0000] {processor.py:179} INFO - Processing /home/airflow/.local/lib/python3.8/site-packages/airflow/example_dags/example_xcom.py took 0.498 seconds
[2023-12-15T11:52:52.826+0000] {processor.py:157} INFO - Started process (PID=1610) to work on /home/airflow/.local/lib/python3.8/site-packages/airflow/example_dags/example_xcom.py
[2023-12-15T11:52:52.828+0000] {processor.py:829} INFO - Processing file /home/airflow/.local/lib/python3.8/site-packages/airflow/example_dags/example_xcom.py for tasks to queue
[2023-12-15T11:52:52.833+0000] {logging_mixin.py:154} INFO - [2023-12-15T11:52:52.832+0000] {dagbag.py:536} INFO - Filling up the DagBag from /home/airflow/.local/lib/python3.8/site-packages/airflow/example_dags/example_xcom.py
[2023-12-15T11:52:52.844+0000] {processor.py:839} INFO - DAG(s) dict_keys(['example_xcom']) retrieved from /home/airflow/.local/lib/python3.8/site-packages/airflow/example_dags/example_xcom.py
[2023-12-15T11:52:52.880+0000] {logging_mixin.py:154} INFO - [2023-12-15T11:52:52.879+0000] {dag.py:2941} INFO - Sync 1 DAGs
[2023-12-15T11:52:52.910+0000] {logging_mixin.py:154} INFO - [2023-12-15T11:52:52.910+0000] {dag.py:3722} INFO - Setting next_dagrun for example_xcom to 2021-01-01T00:00:00+00:00, run_after=2021-01-01T00:00:00+00:00
[2023-12-15T11:52:52.965+0000] {processor.py:179} INFO - Processing /home/airflow/.local/lib/python3.8/site-packages/airflow/example_dags/example_xcom.py took 0.143 seconds
[2023-12-15T11:53:23.066+0000] {processor.py:157} INFO - Started process (PID=1662) to work on /home/airflow/.local/lib/python3.8/site-packages/airflow/example_dags/example_xcom.py
[2023-12-15T11:53:23.071+0000] {processor.py:829} INFO - Processing file /home/airflow/.local/lib/python3.8/site-packages/airflow/example_dags/example_xcom.py for tasks to queue
[2023-12-15T11:53:23.077+0000] {logging_mixin.py:154} INFO - [2023-12-15T11:53:23.076+0000] {dagbag.py:536} INFO - Filling up the DagBag from /home/airflow/.local/lib/python3.8/site-packages/airflow/example_dags/example_xcom.py
[2023-12-15T11:53:23.097+0000] {processor.py:839} INFO - DAG(s) dict_keys(['example_xcom']) retrieved from /home/airflow/.local/lib/python3.8/site-packages/airflow/example_dags/example_xcom.py
[2023-12-15T11:53:23.148+0000] {logging_mixin.py:154} INFO - [2023-12-15T11:53:23.148+0000] {dag.py:2941} INFO - Sync 1 DAGs
[2023-12-15T11:53:23.180+0000] {logging_mixin.py:154} INFO - [2023-12-15T11:53:23.180+0000] {dag.py:3722} INFO - Setting next_dagrun for example_xcom to 2021-01-01T00:00:00+00:00, run_after=2021-01-01T00:00:00+00:00
[2023-12-15T11:53:23.267+0000] {processor.py:179} INFO - Processing /home/airflow/.local/lib/python3.8/site-packages/airflow/example_dags/example_xcom.py took 0.217 seconds
[2023-12-15T11:53:53.397+0000] {processor.py:157} INFO - Started process (PID=1716) to work on /home/airflow/.local/lib/python3.8/site-packages/airflow/example_dags/example_xcom.py
[2023-12-15T11:53:53.400+0000] {processor.py:829} INFO - Processing file /home/airflow/.local/lib/python3.8/site-packages/airflow/example_dags/example_xcom.py for tasks to queue
[2023-12-15T11:53:53.405+0000] {logging_mixin.py:154} INFO - [2023-12-15T11:53:53.405+0000] {dagbag.py:536} INFO - Filling up the DagBag from /home/airflow/.local/lib/python3.8/site-packages/airflow/example_dags/example_xcom.py
[2023-12-15T11:53:53.422+0000] {processor.py:839} INFO - DAG(s) dict_keys(['example_xcom']) retrieved from /home/airflow/.local/lib/python3.8/site-packages/airflow/example_dags/example_xcom.py
[2023-12-15T11:53:53.442+0000] {logging_mixin.py:154} INFO - [2023-12-15T11:53:53.442+0000] {dag.py:2941} INFO - Sync 1 DAGs
[2023-12-15T11:53:53.454+0000] {logging_mixin.py:154} INFO - [2023-12-15T11:53:53.453+0000] {dag.py:3722} INFO - Setting next_dagrun for example_xcom to 2021-01-01T00:00:00+00:00, run_after=2021-01-01T00:00:00+00:00
[2023-12-15T11:53:53.474+0000] {processor.py:179} INFO - Processing /home/airflow/.local/lib/python3.8/site-packages/airflow/example_dags/example_xcom.py took 0.082 seconds
[2023-12-15T11:54:24.536+0000] {processor.py:157} INFO - Started process (PID=1770) to work on /home/airflow/.local/lib/python3.8/site-packages/airflow/example_dags/example_xcom.py
[2023-12-15T11:54:24.541+0000] {processor.py:829} INFO - Processing file /home/airflow/.local/lib/python3.8/site-packages/airflow/example_dags/example_xcom.py for tasks to queue
[2023-12-15T11:54:24.549+0000] {logging_mixin.py:154} INFO - [2023-12-15T11:54:24.548+0000] {dagbag.py:536} INFO - Filling up the DagBag from /home/airflow/.local/lib/python3.8/site-packages/airflow/example_dags/example_xcom.py
[2023-12-15T11:54:24.563+0000] {processor.py:839} INFO - DAG(s) dict_keys(['example_xcom']) retrieved from /home/airflow/.local/lib/python3.8/site-packages/airflow/example_dags/example_xcom.py
[2023-12-15T11:54:24.602+0000] {logging_mixin.py:154} INFO - [2023-12-15T11:54:24.602+0000] {dag.py:2941} INFO - Sync 1 DAGs
[2023-12-15T11:54:24.619+0000] {logging_mixin.py:154} INFO - [2023-12-15T11:54:24.618+0000] {dag.py:3722} INFO - Setting next_dagrun for example_xcom to 2021-01-01T00:00:00+00:00, run_after=2021-01-01T00:00:00+00:00
[2023-12-15T11:54:24.641+0000] {processor.py:179} INFO - Processing /home/airflow/.local/lib/python3.8/site-packages/airflow/example_dags/example_xcom.py took 0.107 seconds
[2023-12-15T11:54:56.592+0000] {processor.py:157} INFO - Started process (PID=1825) to work on /home/airflow/.local/lib/python3.8/site-packages/airflow/example_dags/example_xcom.py
[2023-12-15T11:54:56.601+0000] {processor.py:829} INFO - Processing file /home/airflow/.local/lib/python3.8/site-packages/airflow/example_dags/example_xcom.py for tasks to queue
[2023-12-15T11:54:56.612+0000] {logging_mixin.py:154} INFO - [2023-12-15T11:54:56.610+0000] {dagbag.py:536} INFO - Filling up the DagBag from /home/airflow/.local/lib/python3.8/site-packages/airflow/example_dags/example_xcom.py
[2023-12-15T11:54:56.668+0000] {processor.py:839} INFO - DAG(s) dict_keys(['example_xcom']) retrieved from /home/airflow/.local/lib/python3.8/site-packages/airflow/example_dags/example_xcom.py
[2023-12-15T11:54:56.951+0000] {logging_mixin.py:154} INFO - [2023-12-15T11:54:56.951+0000] {dag.py:2941} INFO - Sync 1 DAGs
[2023-12-15T11:54:57.095+0000] {logging_mixin.py:154} INFO - [2023-12-15T11:54:57.093+0000] {dag.py:3722} INFO - Setting next_dagrun for example_xcom to 2021-01-01T00:00:00+00:00, run_after=2021-01-01T00:00:00+00:00
[2023-12-15T11:54:57.160+0000] {processor.py:179} INFO - Processing /home/airflow/.local/lib/python3.8/site-packages/airflow/example_dags/example_xcom.py took 0.582 seconds
[2023-12-15T11:55:28.282+0000] {processor.py:157} INFO - Started process (PID=1879) to work on /home/airflow/.local/lib/python3.8/site-packages/airflow/example_dags/example_xcom.py
[2023-12-15T11:55:28.301+0000] {processor.py:829} INFO - Processing file /home/airflow/.local/lib/python3.8/site-packages/airflow/example_dags/example_xcom.py for tasks to queue
[2023-12-15T11:55:28.322+0000] {logging_mixin.py:154} INFO - [2023-12-15T11:55:28.321+0000] {dagbag.py:536} INFO - Filling up the DagBag from /home/airflow/.local/lib/python3.8/site-packages/airflow/example_dags/example_xcom.py
[2023-12-15T11:55:28.366+0000] {processor.py:839} INFO - DAG(s) dict_keys(['example_xcom']) retrieved from /home/airflow/.local/lib/python3.8/site-packages/airflow/example_dags/example_xcom.py
[2023-12-15T11:55:28.758+0000] {logging_mixin.py:154} INFO - [2023-12-15T11:55:28.757+0000] {dag.py:2941} INFO - Sync 1 DAGs
[2023-12-15T11:55:28.944+0000] {logging_mixin.py:154} INFO - [2023-12-15T11:55:28.944+0000] {dag.py:3722} INFO - Setting next_dagrun for example_xcom to 2021-01-01T00:00:00+00:00, run_after=2021-01-01T00:00:00+00:00
[2023-12-15T11:55:28.980+0000] {processor.py:179} INFO - Processing /home/airflow/.local/lib/python3.8/site-packages/airflow/example_dags/example_xcom.py took 0.717 seconds
[2023-12-15T11:55:59.489+0000] {processor.py:157} INFO - Started process (PID=1934) to work on /home/airflow/.local/lib/python3.8/site-packages/airflow/example_dags/example_xcom.py
[2023-12-15T11:55:59.495+0000] {processor.py:829} INFO - Processing file /home/airflow/.local/lib/python3.8/site-packages/airflow/example_dags/example_xcom.py for tasks to queue
[2023-12-15T11:55:59.515+0000] {logging_mixin.py:154} INFO - [2023-12-15T11:55:59.514+0000] {dagbag.py:536} INFO - Filling up the DagBag from /home/airflow/.local/lib/python3.8/site-packages/airflow/example_dags/example_xcom.py
[2023-12-15T11:55:59.535+0000] {processor.py:839} INFO - DAG(s) dict_keys(['example_xcom']) retrieved from /home/airflow/.local/lib/python3.8/site-packages/airflow/example_dags/example_xcom.py
[2023-12-15T11:55:59.624+0000] {logging_mixin.py:154} INFO - [2023-12-15T11:55:59.623+0000] {dag.py:2941} INFO - Sync 1 DAGs
[2023-12-15T11:55:59.664+0000] {logging_mixin.py:154} INFO - [2023-12-15T11:55:59.664+0000] {dag.py:3722} INFO - Setting next_dagrun for example_xcom to 2021-01-01T00:00:00+00:00, run_after=2021-01-01T00:00:00+00:00
[2023-12-15T11:55:59.700+0000] {processor.py:179} INFO - Processing /home/airflow/.local/lib/python3.8/site-packages/airflow/example_dags/example_xcom.py took 0.241 seconds
[2023-12-15T11:56:30.466+0000] {processor.py:157} INFO - Started process (PID=1990) to work on /home/airflow/.local/lib/python3.8/site-packages/airflow/example_dags/example_xcom.py
[2023-12-15T11:56:30.470+0000] {processor.py:829} INFO - Processing file /home/airflow/.local/lib/python3.8/site-packages/airflow/example_dags/example_xcom.py for tasks to queue
[2023-12-15T11:56:30.481+0000] {logging_mixin.py:154} INFO - [2023-12-15T11:56:30.479+0000] {dagbag.py:536} INFO - Filling up the DagBag from /home/airflow/.local/lib/python3.8/site-packages/airflow/example_dags/example_xcom.py
[2023-12-15T11:56:30.527+0000] {processor.py:839} INFO - DAG(s) dict_keys(['example_xcom']) retrieved from /home/airflow/.local/lib/python3.8/site-packages/airflow/example_dags/example_xcom.py
[2023-12-15T11:56:30.621+0000] {logging_mixin.py:154} INFO - [2023-12-15T11:56:30.621+0000] {dag.py:2941} INFO - Sync 1 DAGs
[2023-12-15T11:56:30.674+0000] {logging_mixin.py:154} INFO - [2023-12-15T11:56:30.674+0000] {dag.py:3722} INFO - Setting next_dagrun for example_xcom to 2021-01-01T00:00:00+00:00, run_after=2021-01-01T00:00:00+00:00
[2023-12-15T11:56:30.688+0000] {processor.py:179} INFO - Processing /home/airflow/.local/lib/python3.8/site-packages/airflow/example_dags/example_xcom.py took 0.229 seconds
[2023-12-15T11:57:00.835+0000] {processor.py:157} INFO - Started process (PID=2044) to work on /home/airflow/.local/lib/python3.8/site-packages/airflow/example_dags/example_xcom.py
[2023-12-15T11:57:00.841+0000] {processor.py:829} INFO - Processing file /home/airflow/.local/lib/python3.8/site-packages/airflow/example_dags/example_xcom.py for tasks to queue
[2023-12-15T11:57:00.845+0000] {logging_mixin.py:154} INFO - [2023-12-15T11:57:00.845+0000] {dagbag.py:536} INFO - Filling up the DagBag from /home/airflow/.local/lib/python3.8/site-packages/airflow/example_dags/example_xcom.py
[2023-12-15T11:57:00.856+0000] {processor.py:839} INFO - DAG(s) dict_keys(['example_xcom']) retrieved from /home/airflow/.local/lib/python3.8/site-packages/airflow/example_dags/example_xcom.py
[2023-12-15T11:57:00.905+0000] {logging_mixin.py:154} INFO - [2023-12-15T11:57:00.905+0000] {dag.py:2941} INFO - Sync 1 DAGs
[2023-12-15T11:57:00.928+0000] {logging_mixin.py:154} INFO - [2023-12-15T11:57:00.928+0000] {dag.py:3722} INFO - Setting next_dagrun for example_xcom to 2021-01-01T00:00:00+00:00, run_after=2021-01-01T00:00:00+00:00
[2023-12-15T11:57:00.939+0000] {processor.py:179} INFO - Processing /home/airflow/.local/lib/python3.8/site-packages/airflow/example_dags/example_xcom.py took 0.117 seconds
[2023-12-15T11:57:32.630+0000] {processor.py:157} INFO - Started process (PID=2103) to work on /home/airflow/.local/lib/python3.8/site-packages/airflow/example_dags/example_xcom.py
[2023-12-15T11:57:32.642+0000] {processor.py:829} INFO - Processing file /home/airflow/.local/lib/python3.8/site-packages/airflow/example_dags/example_xcom.py for tasks to queue
[2023-12-15T11:57:32.648+0000] {logging_mixin.py:154} INFO - [2023-12-15T11:57:32.647+0000] {dagbag.py:536} INFO - Filling up the DagBag from /home/airflow/.local/lib/python3.8/site-packages/airflow/example_dags/example_xcom.py
[2023-12-15T11:57:32.665+0000] {processor.py:839} INFO - DAG(s) dict_keys(['example_xcom']) retrieved from /home/airflow/.local/lib/python3.8/site-packages/airflow/example_dags/example_xcom.py
[2023-12-15T11:57:32.700+0000] {logging_mixin.py:154} INFO - [2023-12-15T11:57:32.699+0000] {dag.py:2941} INFO - Sync 1 DAGs
[2023-12-15T11:57:32.728+0000] {logging_mixin.py:154} INFO - [2023-12-15T11:57:32.728+0000] {dag.py:3722} INFO - Setting next_dagrun for example_xcom to 2021-01-01T00:00:00+00:00, run_after=2021-01-01T00:00:00+00:00
[2023-12-15T11:57:32.769+0000] {processor.py:179} INFO - Processing /home/airflow/.local/lib/python3.8/site-packages/airflow/example_dags/example_xcom.py took 0.162 seconds
[2023-12-15T11:58:03.680+0000] {processor.py:157} INFO - Started process (PID=2157) to work on /home/airflow/.local/lib/python3.8/site-packages/airflow/example_dags/example_xcom.py
[2023-12-15T11:58:03.682+0000] {processor.py:829} INFO - Processing file /home/airflow/.local/lib/python3.8/site-packages/airflow/example_dags/example_xcom.py for tasks to queue
[2023-12-15T11:58:03.689+0000] {logging_mixin.py:154} INFO - [2023-12-15T11:58:03.688+0000] {dagbag.py:536} INFO - Filling up the DagBag from /home/airflow/.local/lib/python3.8/site-packages/airflow/example_dags/example_xcom.py
[2023-12-15T11:58:03.701+0000] {processor.py:839} INFO - DAG(s) dict_keys(['example_xcom']) retrieved from /home/airflow/.local/lib/python3.8/site-packages/airflow/example_dags/example_xcom.py
[2023-12-15T11:58:03.736+0000] {logging_mixin.py:154} INFO - [2023-12-15T11:58:03.736+0000] {dag.py:2941} INFO - Sync 1 DAGs
[2023-12-15T11:58:03.756+0000] {logging_mixin.py:154} INFO - [2023-12-15T11:58:03.756+0000] {dag.py:3722} INFO - Setting next_dagrun for example_xcom to 2021-01-01T00:00:00+00:00, run_after=2021-01-01T00:00:00+00:00
[2023-12-15T11:58:03.786+0000] {processor.py:179} INFO - Processing /home/airflow/.local/lib/python3.8/site-packages/airflow/example_dags/example_xcom.py took 0.112 seconds
[2023-12-15T11:58:34.512+0000] {processor.py:157} INFO - Started process (PID=2211) to work on /home/airflow/.local/lib/python3.8/site-packages/airflow/example_dags/example_xcom.py
[2023-12-15T11:58:34.517+0000] {processor.py:829} INFO - Processing file /home/airflow/.local/lib/python3.8/site-packages/airflow/example_dags/example_xcom.py for tasks to queue
[2023-12-15T11:58:34.529+0000] {logging_mixin.py:154} INFO - [2023-12-15T11:58:34.529+0000] {dagbag.py:536} INFO - Filling up the DagBag from /home/airflow/.local/lib/python3.8/site-packages/airflow/example_dags/example_xcom.py
[2023-12-15T11:58:34.543+0000] {processor.py:839} INFO - DAG(s) dict_keys(['example_xcom']) retrieved from /home/airflow/.local/lib/python3.8/site-packages/airflow/example_dags/example_xcom.py
[2023-12-15T11:58:34.583+0000] {logging_mixin.py:154} INFO - [2023-12-15T11:58:34.582+0000] {dag.py:2941} INFO - Sync 1 DAGs
[2023-12-15T11:58:34.635+0000] {logging_mixin.py:154} INFO - [2023-12-15T11:58:34.635+0000] {dag.py:3722} INFO - Setting next_dagrun for example_xcom to 2021-01-01T00:00:00+00:00, run_after=2021-01-01T00:00:00+00:00
[2023-12-15T11:58:34.664+0000] {processor.py:179} INFO - Processing /home/airflow/.local/lib/python3.8/site-packages/airflow/example_dags/example_xcom.py took 0.157 seconds
[2023-12-15T11:59:05.401+0000] {processor.py:157} INFO - Started process (PID=2262) to work on /home/airflow/.local/lib/python3.8/site-packages/airflow/example_dags/example_xcom.py
[2023-12-15T11:59:05.404+0000] {processor.py:829} INFO - Processing file /home/airflow/.local/lib/python3.8/site-packages/airflow/example_dags/example_xcom.py for tasks to queue
[2023-12-15T11:59:05.410+0000] {logging_mixin.py:154} INFO - [2023-12-15T11:59:05.409+0000] {dagbag.py:536} INFO - Filling up the DagBag from /home/airflow/.local/lib/python3.8/site-packages/airflow/example_dags/example_xcom.py
[2023-12-15T11:59:05.422+0000] {processor.py:839} INFO - DAG(s) dict_keys(['example_xcom']) retrieved from /home/airflow/.local/lib/python3.8/site-packages/airflow/example_dags/example_xcom.py
[2023-12-15T11:59:05.471+0000] {logging_mixin.py:154} INFO - [2023-12-15T11:59:05.471+0000] {dag.py:2941} INFO - Sync 1 DAGs
[2023-12-15T11:59:05.503+0000] {logging_mixin.py:154} INFO - [2023-12-15T11:59:05.503+0000] {dag.py:3722} INFO - Setting next_dagrun for example_xcom to 2021-01-01T00:00:00+00:00, run_after=2021-01-01T00:00:00+00:00
[2023-12-15T11:59:05.539+0000] {processor.py:179} INFO - Processing /home/airflow/.local/lib/python3.8/site-packages/airflow/example_dags/example_xcom.py took 0.146 seconds
[2023-12-15T11:59:35.660+0000] {processor.py:157} INFO - Started process (PID=2316) to work on /home/airflow/.local/lib/python3.8/site-packages/airflow/example_dags/example_xcom.py
[2023-12-15T11:59:35.661+0000] {processor.py:829} INFO - Processing file /home/airflow/.local/lib/python3.8/site-packages/airflow/example_dags/example_xcom.py for tasks to queue
[2023-12-15T11:59:35.666+0000] {logging_mixin.py:154} INFO - [2023-12-15T11:59:35.666+0000] {dagbag.py:536} INFO - Filling up the DagBag from /home/airflow/.local/lib/python3.8/site-packages/airflow/example_dags/example_xcom.py
[2023-12-15T11:59:35.675+0000] {processor.py:839} INFO - DAG(s) dict_keys(['example_xcom']) retrieved from /home/airflow/.local/lib/python3.8/site-packages/airflow/example_dags/example_xcom.py
[2023-12-15T11:59:35.706+0000] {logging_mixin.py:154} INFO - [2023-12-15T11:59:35.706+0000] {dag.py:2941} INFO - Sync 1 DAGs
[2023-12-15T11:59:35.754+0000] {logging_mixin.py:154} INFO - [2023-12-15T11:59:35.754+0000] {dag.py:3722} INFO - Setting next_dagrun for example_xcom to 2021-01-01T00:00:00+00:00, run_after=2021-01-01T00:00:00+00:00
[2023-12-15T11:59:35.781+0000] {processor.py:179} INFO - Processing /home/airflow/.local/lib/python3.8/site-packages/airflow/example_dags/example_xcom.py took 0.123 seconds
[2023-12-15T12:00:06.897+0000] {processor.py:157} INFO - Started process (PID=2369) to work on /home/airflow/.local/lib/python3.8/site-packages/airflow/example_dags/example_xcom.py
[2023-12-15T12:00:06.902+0000] {processor.py:829} INFO - Processing file /home/airflow/.local/lib/python3.8/site-packages/airflow/example_dags/example_xcom.py for tasks to queue
[2023-12-15T12:00:06.914+0000] {logging_mixin.py:154} INFO - [2023-12-15T12:00:06.913+0000] {dagbag.py:536} INFO - Filling up the DagBag from /home/airflow/.local/lib/python3.8/site-packages/airflow/example_dags/example_xcom.py
[2023-12-15T12:00:06.945+0000] {processor.py:839} INFO - DAG(s) dict_keys(['example_xcom']) retrieved from /home/airflow/.local/lib/python3.8/site-packages/airflow/example_dags/example_xcom.py
[2023-12-15T12:00:07.067+0000] {logging_mixin.py:154} INFO - [2023-12-15T12:00:07.067+0000] {dag.py:2941} INFO - Sync 1 DAGs
[2023-12-15T12:00:07.121+0000] {logging_mixin.py:154} INFO - [2023-12-15T12:00:07.120+0000] {dag.py:3722} INFO - Setting next_dagrun for example_xcom to 2021-01-01T00:00:00+00:00, run_after=2021-01-01T00:00:00+00:00
[2023-12-15T12:00:07.165+0000] {processor.py:179} INFO - Processing /home/airflow/.local/lib/python3.8/site-packages/airflow/example_dags/example_xcom.py took 0.333 seconds
[2023-12-15T12:00:38.130+0000] {processor.py:157} INFO - Started process (PID=2423) to work on /home/airflow/.local/lib/python3.8/site-packages/airflow/example_dags/example_xcom.py
[2023-12-15T12:00:38.133+0000] {processor.py:829} INFO - Processing file /home/airflow/.local/lib/python3.8/site-packages/airflow/example_dags/example_xcom.py for tasks to queue
[2023-12-15T12:00:38.153+0000] {logging_mixin.py:154} INFO - [2023-12-15T12:00:38.150+0000] {dagbag.py:536} INFO - Filling up the DagBag from /home/airflow/.local/lib/python3.8/site-packages/airflow/example_dags/example_xcom.py
[2023-12-15T12:00:38.173+0000] {processor.py:839} INFO - DAG(s) dict_keys(['example_xcom']) retrieved from /home/airflow/.local/lib/python3.8/site-packages/airflow/example_dags/example_xcom.py
[2023-12-15T12:00:38.271+0000] {logging_mixin.py:154} INFO - [2023-12-15T12:00:38.270+0000] {dag.py:2941} INFO - Sync 1 DAGs
[2023-12-15T12:00:38.331+0000] {logging_mixin.py:154} INFO - [2023-12-15T12:00:38.331+0000] {dag.py:3722} INFO - Setting next_dagrun for example_xcom to 2021-01-01T00:00:00+00:00, run_after=2021-01-01T00:00:00+00:00
[2023-12-15T12:00:38.359+0000] {processor.py:179} INFO - Processing /home/airflow/.local/lib/python3.8/site-packages/airflow/example_dags/example_xcom.py took 0.239 seconds
[2023-12-15T12:01:08.729+0000] {processor.py:157} INFO - Started process (PID=2477) to work on /home/airflow/.local/lib/python3.8/site-packages/airflow/example_dags/example_xcom.py
[2023-12-15T12:01:08.730+0000] {processor.py:829} INFO - Processing file /home/airflow/.local/lib/python3.8/site-packages/airflow/example_dags/example_xcom.py for tasks to queue
[2023-12-15T12:01:08.732+0000] {logging_mixin.py:154} INFO - [2023-12-15T12:01:08.732+0000] {dagbag.py:536} INFO - Filling up the DagBag from /home/airflow/.local/lib/python3.8/site-packages/airflow/example_dags/example_xcom.py
[2023-12-15T12:01:08.743+0000] {processor.py:839} INFO - DAG(s) dict_keys(['example_xcom']) retrieved from /home/airflow/.local/lib/python3.8/site-packages/airflow/example_dags/example_xcom.py
[2023-12-15T12:01:08.814+0000] {logging_mixin.py:154} INFO - [2023-12-15T12:01:08.813+0000] {dag.py:2941} INFO - Sync 1 DAGs
[2023-12-15T12:01:08.843+0000] {logging_mixin.py:154} INFO - [2023-12-15T12:01:08.841+0000] {dag.py:3722} INFO - Setting next_dagrun for example_xcom to 2021-01-01T00:00:00+00:00, run_after=2021-01-01T00:00:00+00:00
[2023-12-15T12:01:08.896+0000] {processor.py:179} INFO - Processing /home/airflow/.local/lib/python3.8/site-packages/airflow/example_dags/example_xcom.py took 0.172 seconds
[2023-12-15T12:01:39.363+0000] {processor.py:157} INFO - Started process (PID=2531) to work on /home/airflow/.local/lib/python3.8/site-packages/airflow/example_dags/example_xcom.py
[2023-12-15T12:01:39.365+0000] {processor.py:829} INFO - Processing file /home/airflow/.local/lib/python3.8/site-packages/airflow/example_dags/example_xcom.py for tasks to queue
[2023-12-15T12:01:39.378+0000] {logging_mixin.py:154} INFO - [2023-12-15T12:01:39.377+0000] {dagbag.py:536} INFO - Filling up the DagBag from /home/airflow/.local/lib/python3.8/site-packages/airflow/example_dags/example_xcom.py
[2023-12-15T12:01:39.390+0000] {processor.py:839} INFO - DAG(s) dict_keys(['example_xcom']) retrieved from /home/airflow/.local/lib/python3.8/site-packages/airflow/example_dags/example_xcom.py
[2023-12-15T12:01:39.441+0000] {logging_mixin.py:154} INFO - [2023-12-15T12:01:39.441+0000] {dag.py:2941} INFO - Sync 1 DAGs
[2023-12-15T12:01:39.487+0000] {logging_mixin.py:154} INFO - [2023-12-15T12:01:39.486+0000] {dag.py:3722} INFO - Setting next_dagrun for example_xcom to 2021-01-01T00:00:00+00:00, run_after=2021-01-01T00:00:00+00:00
[2023-12-15T12:01:39.666+0000] {processor.py:179} INFO - Processing /home/airflow/.local/lib/python3.8/site-packages/airflow/example_dags/example_xcom.py took 0.309 seconds
[2023-12-15T12:02:09.801+0000] {processor.py:157} INFO - Started process (PID=2585) to work on /home/airflow/.local/lib/python3.8/site-packages/airflow/example_dags/example_xcom.py
[2023-12-15T12:02:09.803+0000] {processor.py:829} INFO - Processing file /home/airflow/.local/lib/python3.8/site-packages/airflow/example_dags/example_xcom.py for tasks to queue
[2023-12-15T12:02:09.810+0000] {logging_mixin.py:154} INFO - [2023-12-15T12:02:09.809+0000] {dagbag.py:536} INFO - Filling up the DagBag from /home/airflow/.local/lib/python3.8/site-packages/airflow/example_dags/example_xcom.py
[2023-12-15T12:02:09.828+0000] {processor.py:839} INFO - DAG(s) dict_keys(['example_xcom']) retrieved from /home/airflow/.local/lib/python3.8/site-packages/airflow/example_dags/example_xcom.py
[2023-12-15T12:02:09.889+0000] {logging_mixin.py:154} INFO - [2023-12-15T12:02:09.889+0000] {dag.py:2941} INFO - Sync 1 DAGs
[2023-12-15T12:02:09.955+0000] {logging_mixin.py:154} INFO - [2023-12-15T12:02:09.954+0000] {dag.py:3722} INFO - Setting next_dagrun for example_xcom to 2021-01-01T00:00:00+00:00, run_after=2021-01-01T00:00:00+00:00
[2023-12-15T12:02:09.981+0000] {processor.py:179} INFO - Processing /home/airflow/.local/lib/python3.8/site-packages/airflow/example_dags/example_xcom.py took 0.185 seconds
[2023-12-15T12:02:41.312+0000] {processor.py:157} INFO - Started process (PID=2639) to work on /home/airflow/.local/lib/python3.8/site-packages/airflow/example_dags/example_xcom.py
[2023-12-15T12:02:41.339+0000] {processor.py:829} INFO - Processing file /home/airflow/.local/lib/python3.8/site-packages/airflow/example_dags/example_xcom.py for tasks to queue
[2023-12-15T12:02:41.365+0000] {logging_mixin.py:154} INFO - [2023-12-15T12:02:41.364+0000] {dagbag.py:536} INFO - Filling up the DagBag from /home/airflow/.local/lib/python3.8/site-packages/airflow/example_dags/example_xcom.py
[2023-12-15T12:02:41.424+0000] {processor.py:839} INFO - DAG(s) dict_keys(['example_xcom']) retrieved from /home/airflow/.local/lib/python3.8/site-packages/airflow/example_dags/example_xcom.py
[2023-12-15T12:02:41.527+0000] {logging_mixin.py:154} INFO - [2023-12-15T12:02:41.527+0000] {dag.py:2941} INFO - Sync 1 DAGs
[2023-12-15T12:02:41.563+0000] {logging_mixin.py:154} INFO - [2023-12-15T12:02:41.562+0000] {dag.py:3722} INFO - Setting next_dagrun for example_xcom to 2021-01-01T00:00:00+00:00, run_after=2021-01-01T00:00:00+00:00
[2023-12-15T12:02:41.586+0000] {processor.py:179} INFO - Processing /home/airflow/.local/lib/python3.8/site-packages/airflow/example_dags/example_xcom.py took 0.302 seconds
[2023-12-15T12:03:12.071+0000] {processor.py:157} INFO - Started process (PID=2693) to work on /home/airflow/.local/lib/python3.8/site-packages/airflow/example_dags/example_xcom.py
[2023-12-15T12:03:12.075+0000] {processor.py:829} INFO - Processing file /home/airflow/.local/lib/python3.8/site-packages/airflow/example_dags/example_xcom.py for tasks to queue
[2023-12-15T12:03:12.078+0000] {logging_mixin.py:154} INFO - [2023-12-15T12:03:12.078+0000] {dagbag.py:536} INFO - Filling up the DagBag from /home/airflow/.local/lib/python3.8/site-packages/airflow/example_dags/example_xcom.py
[2023-12-15T12:03:12.084+0000] {processor.py:839} INFO - DAG(s) dict_keys(['example_xcom']) retrieved from /home/airflow/.local/lib/python3.8/site-packages/airflow/example_dags/example_xcom.py
[2023-12-15T12:03:12.117+0000] {logging_mixin.py:154} INFO - [2023-12-15T12:03:12.116+0000] {dag.py:2941} INFO - Sync 1 DAGs
[2023-12-15T12:03:12.145+0000] {logging_mixin.py:154} INFO - [2023-12-15T12:03:12.144+0000] {dag.py:3722} INFO - Setting next_dagrun for example_xcom to 2021-01-01T00:00:00+00:00, run_after=2021-01-01T00:00:00+00:00
[2023-12-15T12:03:12.172+0000] {processor.py:179} INFO - Processing /home/airflow/.local/lib/python3.8/site-packages/airflow/example_dags/example_xcom.py took 0.107 seconds
[2023-12-15T12:03:43.544+0000] {processor.py:157} INFO - Started process (PID=2747) to work on /home/airflow/.local/lib/python3.8/site-packages/airflow/example_dags/example_xcom.py
[2023-12-15T12:03:43.548+0000] {processor.py:829} INFO - Processing file /home/airflow/.local/lib/python3.8/site-packages/airflow/example_dags/example_xcom.py for tasks to queue
[2023-12-15T12:03:43.552+0000] {logging_mixin.py:154} INFO - [2023-12-15T12:03:43.551+0000] {dagbag.py:536} INFO - Filling up the DagBag from /home/airflow/.local/lib/python3.8/site-packages/airflow/example_dags/example_xcom.py
[2023-12-15T12:03:43.569+0000] {processor.py:839} INFO - DAG(s) dict_keys(['example_xcom']) retrieved from /home/airflow/.local/lib/python3.8/site-packages/airflow/example_dags/example_xcom.py
[2023-12-15T12:03:43.640+0000] {logging_mixin.py:154} INFO - [2023-12-15T12:03:43.639+0000] {dag.py:2941} INFO - Sync 1 DAGs
[2023-12-15T12:03:43.681+0000] {logging_mixin.py:154} INFO - [2023-12-15T12:03:43.681+0000] {dag.py:3722} INFO - Setting next_dagrun for example_xcom to 2021-01-01T00:00:00+00:00, run_after=2021-01-01T00:00:00+00:00
[2023-12-15T12:03:43.699+0000] {processor.py:179} INFO - Processing /home/airflow/.local/lib/python3.8/site-packages/airflow/example_dags/example_xcom.py took 0.160 seconds
[2023-12-15T12:04:14.868+0000] {processor.py:157} INFO - Started process (PID=2803) to work on /home/airflow/.local/lib/python3.8/site-packages/airflow/example_dags/example_xcom.py
[2023-12-15T12:04:14.965+0000] {processor.py:829} INFO - Processing file /home/airflow/.local/lib/python3.8/site-packages/airflow/example_dags/example_xcom.py for tasks to queue
[2023-12-15T12:04:15.003+0000] {logging_mixin.py:154} INFO - [2023-12-15T12:04:15.001+0000] {dagbag.py:536} INFO - Filling up the DagBag from /home/airflow/.local/lib/python3.8/site-packages/airflow/example_dags/example_xcom.py
[2023-12-15T12:04:15.048+0000] {processor.py:839} INFO - DAG(s) dict_keys(['example_xcom']) retrieved from /home/airflow/.local/lib/python3.8/site-packages/airflow/example_dags/example_xcom.py
[2023-12-15T12:04:15.157+0000] {logging_mixin.py:154} INFO - [2023-12-15T12:04:15.156+0000] {dag.py:2941} INFO - Sync 1 DAGs
[2023-12-15T12:04:15.203+0000] {logging_mixin.py:154} INFO - [2023-12-15T12:04:15.203+0000] {dag.py:3722} INFO - Setting next_dagrun for example_xcom to 2021-01-01T00:00:00+00:00, run_after=2021-01-01T00:00:00+00:00
[2023-12-15T12:04:15.272+0000] {processor.py:179} INFO - Processing /home/airflow/.local/lib/python3.8/site-packages/airflow/example_dags/example_xcom.py took 0.407 seconds
[2023-12-15T12:04:45.809+0000] {processor.py:157} INFO - Started process (PID=2857) to work on /home/airflow/.local/lib/python3.8/site-packages/airflow/example_dags/example_xcom.py
[2023-12-15T12:04:45.812+0000] {processor.py:829} INFO - Processing file /home/airflow/.local/lib/python3.8/site-packages/airflow/example_dags/example_xcom.py for tasks to queue
[2023-12-15T12:04:45.816+0000] {logging_mixin.py:154} INFO - [2023-12-15T12:04:45.815+0000] {dagbag.py:536} INFO - Filling up the DagBag from /home/airflow/.local/lib/python3.8/site-packages/airflow/example_dags/example_xcom.py
[2023-12-15T12:04:45.825+0000] {processor.py:839} INFO - DAG(s) dict_keys(['example_xcom']) retrieved from /home/airflow/.local/lib/python3.8/site-packages/airflow/example_dags/example_xcom.py
[2023-12-15T12:04:45.863+0000] {logging_mixin.py:154} INFO - [2023-12-15T12:04:45.863+0000] {dag.py:2941} INFO - Sync 1 DAGs
[2023-12-15T12:04:45.886+0000] {logging_mixin.py:154} INFO - [2023-12-15T12:04:45.886+0000] {dag.py:3722} INFO - Setting next_dagrun for example_xcom to 2021-01-01T00:00:00+00:00, run_after=2021-01-01T00:00:00+00:00
[2023-12-15T12:04:45.911+0000] {processor.py:179} INFO - Processing /home/airflow/.local/lib/python3.8/site-packages/airflow/example_dags/example_xcom.py took 0.107 seconds
[2023-12-15T12:05:17.836+0000] {processor.py:157} INFO - Started process (PID=2911) to work on /home/airflow/.local/lib/python3.8/site-packages/airflow/example_dags/example_xcom.py
[2023-12-15T12:05:17.838+0000] {processor.py:829} INFO - Processing file /home/airflow/.local/lib/python3.8/site-packages/airflow/example_dags/example_xcom.py for tasks to queue
[2023-12-15T12:05:17.844+0000] {logging_mixin.py:154} INFO - [2023-12-15T12:05:17.843+0000] {dagbag.py:536} INFO - Filling up the DagBag from /home/airflow/.local/lib/python3.8/site-packages/airflow/example_dags/example_xcom.py
[2023-12-15T12:05:17.855+0000] {processor.py:839} INFO - DAG(s) dict_keys(['example_xcom']) retrieved from /home/airflow/.local/lib/python3.8/site-packages/airflow/example_dags/example_xcom.py
[2023-12-15T12:05:17.881+0000] {logging_mixin.py:154} INFO - [2023-12-15T12:05:17.881+0000] {dag.py:2941} INFO - Sync 1 DAGs
[2023-12-15T12:05:17.907+0000] {logging_mixin.py:154} INFO - [2023-12-15T12:05:17.906+0000] {dag.py:3722} INFO - Setting next_dagrun for example_xcom to 2021-01-01T00:00:00+00:00, run_after=2021-01-01T00:00:00+00:00
[2023-12-15T12:05:17.931+0000] {processor.py:179} INFO - Processing /home/airflow/.local/lib/python3.8/site-packages/airflow/example_dags/example_xcom.py took 0.098 seconds
[2023-12-15T12:05:50.233+0000] {processor.py:157} INFO - Started process (PID=2965) to work on /home/airflow/.local/lib/python3.8/site-packages/airflow/example_dags/example_xcom.py
[2023-12-15T12:05:50.234+0000] {processor.py:829} INFO - Processing file /home/airflow/.local/lib/python3.8/site-packages/airflow/example_dags/example_xcom.py for tasks to queue
[2023-12-15T12:05:50.236+0000] {logging_mixin.py:154} INFO - [2023-12-15T12:05:50.236+0000] {dagbag.py:536} INFO - Filling up the DagBag from /home/airflow/.local/lib/python3.8/site-packages/airflow/example_dags/example_xcom.py
[2023-12-15T12:05:50.243+0000] {processor.py:839} INFO - DAG(s) dict_keys(['example_xcom']) retrieved from /home/airflow/.local/lib/python3.8/site-packages/airflow/example_dags/example_xcom.py
[2023-12-15T12:05:50.273+0000] {logging_mixin.py:154} INFO - [2023-12-15T12:05:50.273+0000] {dag.py:2941} INFO - Sync 1 DAGs
[2023-12-15T12:05:50.302+0000] {logging_mixin.py:154} INFO - [2023-12-15T12:05:50.301+0000] {dag.py:3722} INFO - Setting next_dagrun for example_xcom to 2021-01-01T00:00:00+00:00, run_after=2021-01-01T00:00:00+00:00
[2023-12-15T12:05:50.318+0000] {processor.py:179} INFO - Processing /home/airflow/.local/lib/python3.8/site-packages/airflow/example_dags/example_xcom.py took 0.089 seconds
[2023-12-15T12:06:20.647+0000] {processor.py:157} INFO - Started process (PID=3017) to work on /home/airflow/.local/lib/python3.8/site-packages/airflow/example_dags/example_xcom.py
[2023-12-15T12:06:20.649+0000] {processor.py:829} INFO - Processing file /home/airflow/.local/lib/python3.8/site-packages/airflow/example_dags/example_xcom.py for tasks to queue
[2023-12-15T12:06:20.653+0000] {logging_mixin.py:154} INFO - [2023-12-15T12:06:20.653+0000] {dagbag.py:536} INFO - Filling up the DagBag from /home/airflow/.local/lib/python3.8/site-packages/airflow/example_dags/example_xcom.py
[2023-12-15T12:06:20.673+0000] {processor.py:839} INFO - DAG(s) dict_keys(['example_xcom']) retrieved from /home/airflow/.local/lib/python3.8/site-packages/airflow/example_dags/example_xcom.py
[2023-12-15T12:06:20.765+0000] {logging_mixin.py:154} INFO - [2023-12-15T12:06:20.764+0000] {dag.py:2941} INFO - Sync 1 DAGs
[2023-12-15T12:06:20.914+0000] {logging_mixin.py:154} INFO - [2023-12-15T12:06:20.912+0000] {dag.py:3722} INFO - Setting next_dagrun for example_xcom to 2021-01-01T00:00:00+00:00, run_after=2021-01-01T00:00:00+00:00
[2023-12-15T12:06:21.013+0000] {processor.py:179} INFO - Processing /home/airflow/.local/lib/python3.8/site-packages/airflow/example_dags/example_xcom.py took 0.369 seconds
[2023-12-15T12:06:51.310+0000] {processor.py:157} INFO - Started process (PID=3071) to work on /home/airflow/.local/lib/python3.8/site-packages/airflow/example_dags/example_xcom.py
[2023-12-15T12:06:51.312+0000] {processor.py:829} INFO - Processing file /home/airflow/.local/lib/python3.8/site-packages/airflow/example_dags/example_xcom.py for tasks to queue
[2023-12-15T12:06:51.315+0000] {logging_mixin.py:154} INFO - [2023-12-15T12:06:51.315+0000] {dagbag.py:536} INFO - Filling up the DagBag from /home/airflow/.local/lib/python3.8/site-packages/airflow/example_dags/example_xcom.py
[2023-12-15T12:06:51.326+0000] {processor.py:839} INFO - DAG(s) dict_keys(['example_xcom']) retrieved from /home/airflow/.local/lib/python3.8/site-packages/airflow/example_dags/example_xcom.py
[2023-12-15T12:06:51.346+0000] {logging_mixin.py:154} INFO - [2023-12-15T12:06:51.346+0000] {dag.py:2941} INFO - Sync 1 DAGs
[2023-12-15T12:06:51.374+0000] {logging_mixin.py:154} INFO - [2023-12-15T12:06:51.374+0000] {dag.py:3722} INFO - Setting next_dagrun for example_xcom to 2021-01-01T00:00:00+00:00, run_after=2021-01-01T00:00:00+00:00
[2023-12-15T12:06:51.434+0000] {processor.py:179} INFO - Processing /home/airflow/.local/lib/python3.8/site-packages/airflow/example_dags/example_xcom.py took 0.129 seconds
[2023-12-15T12:07:22.705+0000] {processor.py:157} INFO - Started process (PID=3124) to work on /home/airflow/.local/lib/python3.8/site-packages/airflow/example_dags/example_xcom.py
[2023-12-15T12:07:22.705+0000] {processor.py:829} INFO - Processing file /home/airflow/.local/lib/python3.8/site-packages/airflow/example_dags/example_xcom.py for tasks to queue
[2023-12-15T12:07:22.707+0000] {logging_mixin.py:154} INFO - [2023-12-15T12:07:22.707+0000] {dagbag.py:536} INFO - Filling up the DagBag from /home/airflow/.local/lib/python3.8/site-packages/airflow/example_dags/example_xcom.py
[2023-12-15T12:07:22.713+0000] {processor.py:839} INFO - DAG(s) dict_keys(['example_xcom']) retrieved from /home/airflow/.local/lib/python3.8/site-packages/airflow/example_dags/example_xcom.py
[2023-12-15T12:07:22.742+0000] {logging_mixin.py:154} INFO - [2023-12-15T12:07:22.742+0000] {dag.py:2941} INFO - Sync 1 DAGs
[2023-12-15T12:07:22.756+0000] {logging_mixin.py:154} INFO - [2023-12-15T12:07:22.756+0000] {dag.py:3722} INFO - Setting next_dagrun for example_xcom to 2021-01-01T00:00:00+00:00, run_after=2021-01-01T00:00:00+00:00
[2023-12-15T12:07:22.769+0000] {processor.py:179} INFO - Processing /home/airflow/.local/lib/python3.8/site-packages/airflow/example_dags/example_xcom.py took 0.067 seconds
[2023-12-15T12:07:53.361+0000] {processor.py:157} INFO - Started process (PID=3178) to work on /home/airflow/.local/lib/python3.8/site-packages/airflow/example_dags/example_xcom.py
[2023-12-15T12:07:53.362+0000] {processor.py:829} INFO - Processing file /home/airflow/.local/lib/python3.8/site-packages/airflow/example_dags/example_xcom.py for tasks to queue
[2023-12-15T12:07:53.366+0000] {logging_mixin.py:154} INFO - [2023-12-15T12:07:53.366+0000] {dagbag.py:536} INFO - Filling up the DagBag from /home/airflow/.local/lib/python3.8/site-packages/airflow/example_dags/example_xcom.py
[2023-12-15T12:07:53.379+0000] {processor.py:839} INFO - DAG(s) dict_keys(['example_xcom']) retrieved from /home/airflow/.local/lib/python3.8/site-packages/airflow/example_dags/example_xcom.py
[2023-12-15T12:07:53.460+0000] {logging_mixin.py:154} INFO - [2023-12-15T12:07:53.459+0000] {dag.py:2941} INFO - Sync 1 DAGs
[2023-12-15T12:07:53.539+0000] {logging_mixin.py:154} INFO - [2023-12-15T12:07:53.539+0000] {dag.py:3722} INFO - Setting next_dagrun for example_xcom to 2021-01-01T00:00:00+00:00, run_after=2021-01-01T00:00:00+00:00
[2023-12-15T12:07:53.574+0000] {processor.py:179} INFO - Processing /home/airflow/.local/lib/python3.8/site-packages/airflow/example_dags/example_xcom.py took 0.220 seconds
[2023-12-15T12:08:24.406+0000] {processor.py:157} INFO - Started process (PID=3232) to work on /home/airflow/.local/lib/python3.8/site-packages/airflow/example_dags/example_xcom.py
[2023-12-15T12:08:24.407+0000] {processor.py:829} INFO - Processing file /home/airflow/.local/lib/python3.8/site-packages/airflow/example_dags/example_xcom.py for tasks to queue
[2023-12-15T12:08:24.411+0000] {logging_mixin.py:154} INFO - [2023-12-15T12:08:24.411+0000] {dagbag.py:536} INFO - Filling up the DagBag from /home/airflow/.local/lib/python3.8/site-packages/airflow/example_dags/example_xcom.py
[2023-12-15T12:08:24.427+0000] {processor.py:839} INFO - DAG(s) dict_keys(['example_xcom']) retrieved from /home/airflow/.local/lib/python3.8/site-packages/airflow/example_dags/example_xcom.py
[2023-12-15T12:08:24.480+0000] {logging_mixin.py:154} INFO - [2023-12-15T12:08:24.478+0000] {dag.py:2941} INFO - Sync 1 DAGs
[2023-12-15T12:08:24.524+0000] {logging_mixin.py:154} INFO - [2023-12-15T12:08:24.524+0000] {dag.py:3722} INFO - Setting next_dagrun for example_xcom to 2021-01-01T00:00:00+00:00, run_after=2021-01-01T00:00:00+00:00
[2023-12-15T12:08:24.559+0000] {processor.py:179} INFO - Processing /home/airflow/.local/lib/python3.8/site-packages/airflow/example_dags/example_xcom.py took 0.156 seconds
[2023-12-15T12:09:00.444+0000] {processor.py:157} INFO - Started process (PID=3298) to work on /home/airflow/.local/lib/python3.8/site-packages/airflow/example_dags/example_xcom.py
[2023-12-15T12:09:00.446+0000] {processor.py:829} INFO - Processing file /home/airflow/.local/lib/python3.8/site-packages/airflow/example_dags/example_xcom.py for tasks to queue
[2023-12-15T12:09:00.448+0000] {logging_mixin.py:154} INFO - [2023-12-15T12:09:00.448+0000] {dagbag.py:536} INFO - Filling up the DagBag from /home/airflow/.local/lib/python3.8/site-packages/airflow/example_dags/example_xcom.py
[2023-12-15T12:09:00.481+0000] {processor.py:839} INFO - DAG(s) dict_keys(['example_xcom']) retrieved from /home/airflow/.local/lib/python3.8/site-packages/airflow/example_dags/example_xcom.py
[2023-12-15T12:09:00.528+0000] {logging_mixin.py:154} INFO - [2023-12-15T12:09:00.528+0000] {dag.py:2941} INFO - Sync 1 DAGs
[2023-12-15T12:09:00.600+0000] {logging_mixin.py:154} INFO - [2023-12-15T12:09:00.600+0000] {dag.py:3722} INFO - Setting next_dagrun for example_xcom to 2021-01-01T00:00:00+00:00, run_after=2021-01-01T00:00:00+00:00
[2023-12-15T12:09:00.674+0000] {processor.py:179} INFO - Processing /home/airflow/.local/lib/python3.8/site-packages/airflow/example_dags/example_xcom.py took 0.242 seconds
[2023-12-15T12:09:31.144+0000] {processor.py:157} INFO - Started process (PID=3344) to work on /home/airflow/.local/lib/python3.8/site-packages/airflow/example_dags/example_xcom.py
[2023-12-15T12:09:31.149+0000] {processor.py:829} INFO - Processing file /home/airflow/.local/lib/python3.8/site-packages/airflow/example_dags/example_xcom.py for tasks to queue
[2023-12-15T12:09:31.159+0000] {logging_mixin.py:154} INFO - [2023-12-15T12:09:31.158+0000] {dagbag.py:536} INFO - Filling up the DagBag from /home/airflow/.local/lib/python3.8/site-packages/airflow/example_dags/example_xcom.py
[2023-12-15T12:09:31.176+0000] {processor.py:839} INFO - DAG(s) dict_keys(['example_xcom']) retrieved from /home/airflow/.local/lib/python3.8/site-packages/airflow/example_dags/example_xcom.py
[2023-12-15T12:09:31.228+0000] {logging_mixin.py:154} INFO - [2023-12-15T12:09:31.228+0000] {dag.py:2941} INFO - Sync 1 DAGs
[2023-12-15T12:09:31.262+0000] {logging_mixin.py:154} INFO - [2023-12-15T12:09:31.261+0000] {dag.py:3722} INFO - Setting next_dagrun for example_xcom to 2021-01-01T00:00:00+00:00, run_after=2021-01-01T00:00:00+00:00
[2023-12-15T12:09:31.290+0000] {processor.py:179} INFO - Processing /home/airflow/.local/lib/python3.8/site-packages/airflow/example_dags/example_xcom.py took 0.150 seconds
[2023-12-15T12:10:01.565+0000] {processor.py:157} INFO - Started process (PID=3398) to work on /home/airflow/.local/lib/python3.8/site-packages/airflow/example_dags/example_xcom.py
[2023-12-15T12:10:01.568+0000] {processor.py:829} INFO - Processing file /home/airflow/.local/lib/python3.8/site-packages/airflow/example_dags/example_xcom.py for tasks to queue
[2023-12-15T12:10:01.572+0000] {logging_mixin.py:154} INFO - [2023-12-15T12:10:01.571+0000] {dagbag.py:536} INFO - Filling up the DagBag from /home/airflow/.local/lib/python3.8/site-packages/airflow/example_dags/example_xcom.py
[2023-12-15T12:10:01.587+0000] {processor.py:839} INFO - DAG(s) dict_keys(['example_xcom']) retrieved from /home/airflow/.local/lib/python3.8/site-packages/airflow/example_dags/example_xcom.py
[2023-12-15T12:10:01.625+0000] {logging_mixin.py:154} INFO - [2023-12-15T12:10:01.625+0000] {dag.py:2941} INFO - Sync 1 DAGs
[2023-12-15T12:10:01.660+0000] {logging_mixin.py:154} INFO - [2023-12-15T12:10:01.659+0000] {dag.py:3722} INFO - Setting next_dagrun for example_xcom to 2021-01-01T00:00:00+00:00, run_after=2021-01-01T00:00:00+00:00
[2023-12-15T12:10:01.699+0000] {processor.py:179} INFO - Processing /home/airflow/.local/lib/python3.8/site-packages/airflow/example_dags/example_xcom.py took 0.138 seconds
