[2023-12-15T11:36:53.555+0000] {processor.py:157} INFO - Started process (PID=41) to work on /home/airflow/.local/lib/python3.8/site-packages/airflow/example_dags/example_xcomargs.py
[2023-12-15T11:36:53.556+0000] {processor.py:829} INFO - Processing file /home/airflow/.local/lib/python3.8/site-packages/airflow/example_dags/example_xcomargs.py for tasks to queue
[2023-12-15T11:36:53.558+0000] {logging_mixin.py:154} INFO - [2023-12-15T11:36:53.558+0000] {dagbag.py:536} INFO - Filling up the DagBag from /home/airflow/.local/lib/python3.8/site-packages/airflow/example_dags/example_xcomargs.py
[2023-12-15T11:36:53.564+0000] {processor.py:839} INFO - DAG(s) dict_keys(['example_xcom_args', 'example_xcom_args_with_operators']) retrieved from /home/airflow/.local/lib/python3.8/site-packages/airflow/example_dags/example_xcomargs.py
[2023-12-15T11:36:53.594+0000] {logging_mixin.py:154} INFO - [2023-12-15T11:36:53.593+0000] {dag.py:2941} INFO - Sync 2 DAGs
[2023-12-15T11:36:53.612+0000] {logging_mixin.py:154} INFO - [2023-12-15T11:36:53.612+0000] {dag.py:3722} INFO - Setting next_dagrun for example_xcom_args to None, run_after=None
[2023-12-15T11:36:53.614+0000] {logging_mixin.py:154} INFO - [2023-12-15T11:36:53.614+0000] {dag.py:3722} INFO - Setting next_dagrun for example_xcom_args_with_operators to None, run_after=None
[2023-12-15T11:36:53.629+0000] {processor.py:179} INFO - Processing /home/airflow/.local/lib/python3.8/site-packages/airflow/example_dags/example_xcomargs.py took 0.079 seconds
[2023-12-15T11:37:25.261+0000] {processor.py:157} INFO - Started process (PID=95) to work on /home/airflow/.local/lib/python3.8/site-packages/airflow/example_dags/example_xcomargs.py
[2023-12-15T11:37:25.263+0000] {processor.py:829} INFO - Processing file /home/airflow/.local/lib/python3.8/site-packages/airflow/example_dags/example_xcomargs.py for tasks to queue
[2023-12-15T11:37:25.276+0000] {logging_mixin.py:154} INFO - [2023-12-15T11:37:25.274+0000] {dagbag.py:536} INFO - Filling up the DagBag from /home/airflow/.local/lib/python3.8/site-packages/airflow/example_dags/example_xcomargs.py
[2023-12-15T11:37:25.304+0000] {processor.py:839} INFO - DAG(s) dict_keys(['example_xcom_args_with_operators', 'example_xcom_args']) retrieved from /home/airflow/.local/lib/python3.8/site-packages/airflow/example_dags/example_xcomargs.py
[2023-12-15T11:37:25.336+0000] {logging_mixin.py:154} INFO - [2023-12-15T11:37:25.336+0000] {dag.py:2941} INFO - Sync 2 DAGs
[2023-12-15T11:37:25.358+0000] {logging_mixin.py:154} INFO - [2023-12-15T11:37:25.358+0000] {dag.py:3722} INFO - Setting next_dagrun for example_xcom_args to None, run_after=None
[2023-12-15T11:37:25.363+0000] {logging_mixin.py:154} INFO - [2023-12-15T11:37:25.362+0000] {dag.py:3722} INFO - Setting next_dagrun for example_xcom_args_with_operators to None, run_after=None
[2023-12-15T11:37:25.400+0000] {processor.py:179} INFO - Processing /home/airflow/.local/lib/python3.8/site-packages/airflow/example_dags/example_xcomargs.py took 0.152 seconds
[2023-12-15T11:37:55.506+0000] {processor.py:157} INFO - Started process (PID=149) to work on /home/airflow/.local/lib/python3.8/site-packages/airflow/example_dags/example_xcomargs.py
[2023-12-15T11:37:55.507+0000] {processor.py:829} INFO - Processing file /home/airflow/.local/lib/python3.8/site-packages/airflow/example_dags/example_xcomargs.py for tasks to queue
[2023-12-15T11:37:55.509+0000] {logging_mixin.py:154} INFO - [2023-12-15T11:37:55.508+0000] {dagbag.py:536} INFO - Filling up the DagBag from /home/airflow/.local/lib/python3.8/site-packages/airflow/example_dags/example_xcomargs.py
[2023-12-15T11:37:55.516+0000] {processor.py:839} INFO - DAG(s) dict_keys(['example_xcom_args', 'example_xcom_args_with_operators']) retrieved from /home/airflow/.local/lib/python3.8/site-packages/airflow/example_dags/example_xcomargs.py
[2023-12-15T11:37:55.536+0000] {logging_mixin.py:154} INFO - [2023-12-15T11:37:55.536+0000] {dag.py:2941} INFO - Sync 2 DAGs
[2023-12-15T11:37:55.553+0000] {logging_mixin.py:154} INFO - [2023-12-15T11:37:55.552+0000] {dag.py:3722} INFO - Setting next_dagrun for example_xcom_args to None, run_after=None
[2023-12-15T11:37:55.558+0000] {logging_mixin.py:154} INFO - [2023-12-15T11:37:55.557+0000] {dag.py:3722} INFO - Setting next_dagrun for example_xcom_args_with_operators to None, run_after=None
[2023-12-15T11:37:55.574+0000] {processor.py:179} INFO - Processing /home/airflow/.local/lib/python3.8/site-packages/airflow/example_dags/example_xcomargs.py took 0.072 seconds
[2023-12-15T11:38:27.246+0000] {processor.py:157} INFO - Started process (PID=203) to work on /home/airflow/.local/lib/python3.8/site-packages/airflow/example_dags/example_xcomargs.py
[2023-12-15T11:38:27.248+0000] {processor.py:829} INFO - Processing file /home/airflow/.local/lib/python3.8/site-packages/airflow/example_dags/example_xcomargs.py for tasks to queue
[2023-12-15T11:38:27.252+0000] {logging_mixin.py:154} INFO - [2023-12-15T11:38:27.251+0000] {dagbag.py:536} INFO - Filling up the DagBag from /home/airflow/.local/lib/python3.8/site-packages/airflow/example_dags/example_xcomargs.py
[2023-12-15T11:38:27.282+0000] {processor.py:839} INFO - DAG(s) dict_keys(['example_xcom_args', 'example_xcom_args_with_operators']) retrieved from /home/airflow/.local/lib/python3.8/site-packages/airflow/example_dags/example_xcomargs.py
[2023-12-15T11:38:27.351+0000] {logging_mixin.py:154} INFO - [2023-12-15T11:38:27.351+0000] {dag.py:2941} INFO - Sync 2 DAGs
[2023-12-15T11:38:27.372+0000] {logging_mixin.py:154} INFO - [2023-12-15T11:38:27.372+0000] {dag.py:3722} INFO - Setting next_dagrun for example_xcom_args to None, run_after=None
[2023-12-15T11:38:27.376+0000] {logging_mixin.py:154} INFO - [2023-12-15T11:38:27.376+0000] {dag.py:3722} INFO - Setting next_dagrun for example_xcom_args_with_operators to None, run_after=None
[2023-12-15T11:38:27.404+0000] {processor.py:179} INFO - Processing /home/airflow/.local/lib/python3.8/site-packages/airflow/example_dags/example_xcomargs.py took 0.161 seconds
[2023-12-15T11:38:59.795+0000] {processor.py:157} INFO - Started process (PID=257) to work on /home/airflow/.local/lib/python3.8/site-packages/airflow/example_dags/example_xcomargs.py
[2023-12-15T11:38:59.800+0000] {processor.py:829} INFO - Processing file /home/airflow/.local/lib/python3.8/site-packages/airflow/example_dags/example_xcomargs.py for tasks to queue
[2023-12-15T11:38:59.806+0000] {logging_mixin.py:154} INFO - [2023-12-15T11:38:59.806+0000] {dagbag.py:536} INFO - Filling up the DagBag from /home/airflow/.local/lib/python3.8/site-packages/airflow/example_dags/example_xcomargs.py
[2023-12-15T11:38:59.823+0000] {processor.py:839} INFO - DAG(s) dict_keys(['example_xcom_args_with_operators', 'example_xcom_args']) retrieved from /home/airflow/.local/lib/python3.8/site-packages/airflow/example_dags/example_xcomargs.py
[2023-12-15T11:38:59.917+0000] {logging_mixin.py:154} INFO - [2023-12-15T11:38:59.916+0000] {dag.py:2941} INFO - Sync 2 DAGs
[2023-12-15T11:38:59.985+0000] {logging_mixin.py:154} INFO - [2023-12-15T11:38:59.985+0000] {dag.py:3722} INFO - Setting next_dagrun for example_xcom_args to None, run_after=None
[2023-12-15T11:39:00.004+0000] {logging_mixin.py:154} INFO - [2023-12-15T11:39:00.004+0000] {dag.py:3722} INFO - Setting next_dagrun for example_xcom_args_with_operators to None, run_after=None
[2023-12-15T11:39:00.190+0000] {processor.py:179} INFO - Processing /home/airflow/.local/lib/python3.8/site-packages/airflow/example_dags/example_xcomargs.py took 0.406 seconds
[2023-12-15T11:39:30.917+0000] {processor.py:157} INFO - Started process (PID=308) to work on /home/airflow/.local/lib/python3.8/site-packages/airflow/example_dags/example_xcomargs.py
[2023-12-15T11:39:30.972+0000] {processor.py:829} INFO - Processing file /home/airflow/.local/lib/python3.8/site-packages/airflow/example_dags/example_xcomargs.py for tasks to queue
[2023-12-15T11:39:31.040+0000] {logging_mixin.py:154} INFO - [2023-12-15T11:39:31.017+0000] {dagbag.py:536} INFO - Filling up the DagBag from /home/airflow/.local/lib/python3.8/site-packages/airflow/example_dags/example_xcomargs.py
[2023-12-15T11:39:31.277+0000] {processor.py:839} INFO - DAG(s) dict_keys(['example_xcom_args', 'example_xcom_args_with_operators']) retrieved from /home/airflow/.local/lib/python3.8/site-packages/airflow/example_dags/example_xcomargs.py
[2023-12-15T11:39:31.711+0000] {logging_mixin.py:154} INFO - [2023-12-15T11:39:31.711+0000] {dag.py:2941} INFO - Sync 2 DAGs
[2023-12-15T11:39:31.907+0000] {logging_mixin.py:154} INFO - [2023-12-15T11:39:31.906+0000] {dag.py:3722} INFO - Setting next_dagrun for example_xcom_args to None, run_after=None
[2023-12-15T11:39:31.970+0000] {logging_mixin.py:154} INFO - [2023-12-15T11:39:31.970+0000] {dag.py:3722} INFO - Setting next_dagrun for example_xcom_args_with_operators to None, run_after=None
[2023-12-15T11:39:32.085+0000] {processor.py:179} INFO - Processing /home/airflow/.local/lib/python3.8/site-packages/airflow/example_dags/example_xcomargs.py took 1.193 seconds
[2023-12-15T11:40:02.739+0000] {processor.py:157} INFO - Started process (PID=362) to work on /home/airflow/.local/lib/python3.8/site-packages/airflow/example_dags/example_xcomargs.py
[2023-12-15T11:40:02.748+0000] {processor.py:829} INFO - Processing file /home/airflow/.local/lib/python3.8/site-packages/airflow/example_dags/example_xcomargs.py for tasks to queue
[2023-12-15T11:40:02.781+0000] {logging_mixin.py:154} INFO - [2023-12-15T11:40:02.774+0000] {dagbag.py:536} INFO - Filling up the DagBag from /home/airflow/.local/lib/python3.8/site-packages/airflow/example_dags/example_xcomargs.py
[2023-12-15T11:40:02.905+0000] {processor.py:839} INFO - DAG(s) dict_keys(['example_xcom_args', 'example_xcom_args_with_operators']) retrieved from /home/airflow/.local/lib/python3.8/site-packages/airflow/example_dags/example_xcomargs.py
[2023-12-15T11:40:03.155+0000] {logging_mixin.py:154} INFO - [2023-12-15T11:40:03.155+0000] {dag.py:2941} INFO - Sync 2 DAGs
[2023-12-15T11:40:03.231+0000] {logging_mixin.py:154} INFO - [2023-12-15T11:40:03.230+0000] {dag.py:3722} INFO - Setting next_dagrun for example_xcom_args to None, run_after=None
[2023-12-15T11:40:03.241+0000] {logging_mixin.py:154} INFO - [2023-12-15T11:40:03.241+0000] {dag.py:3722} INFO - Setting next_dagrun for example_xcom_args_with_operators to None, run_after=None
[2023-12-15T11:40:03.285+0000] {processor.py:179} INFO - Processing /home/airflow/.local/lib/python3.8/site-packages/airflow/example_dags/example_xcomargs.py took 0.587 seconds
[2023-12-15T11:40:34.470+0000] {processor.py:157} INFO - Started process (PID=422) to work on /home/airflow/.local/lib/python3.8/site-packages/airflow/example_dags/example_xcomargs.py
[2023-12-15T11:40:34.480+0000] {processor.py:829} INFO - Processing file /home/airflow/.local/lib/python3.8/site-packages/airflow/example_dags/example_xcomargs.py for tasks to queue
[2023-12-15T11:40:34.488+0000] {logging_mixin.py:154} INFO - [2023-12-15T11:40:34.487+0000] {dagbag.py:536} INFO - Filling up the DagBag from /home/airflow/.local/lib/python3.8/site-packages/airflow/example_dags/example_xcomargs.py
[2023-12-15T11:40:34.522+0000] {processor.py:839} INFO - DAG(s) dict_keys(['example_xcom_args_with_operators', 'example_xcom_args']) retrieved from /home/airflow/.local/lib/python3.8/site-packages/airflow/example_dags/example_xcomargs.py
[2023-12-15T11:40:34.639+0000] {logging_mixin.py:154} INFO - [2023-12-15T11:40:34.639+0000] {dag.py:2941} INFO - Sync 2 DAGs
[2023-12-15T11:40:34.691+0000] {logging_mixin.py:154} INFO - [2023-12-15T11:40:34.691+0000] {dag.py:3722} INFO - Setting next_dagrun for example_xcom_args to None, run_after=None
[2023-12-15T11:40:34.701+0000] {logging_mixin.py:154} INFO - [2023-12-15T11:40:34.701+0000] {dag.py:3722} INFO - Setting next_dagrun for example_xcom_args_with_operators to None, run_after=None
[2023-12-15T11:40:34.781+0000] {processor.py:179} INFO - Processing /home/airflow/.local/lib/python3.8/site-packages/airflow/example_dags/example_xcomargs.py took 0.334 seconds
[2023-12-15T11:41:05.303+0000] {processor.py:157} INFO - Started process (PID=470) to work on /home/airflow/.local/lib/python3.8/site-packages/airflow/example_dags/example_xcomargs.py
[2023-12-15T11:41:05.313+0000] {processor.py:829} INFO - Processing file /home/airflow/.local/lib/python3.8/site-packages/airflow/example_dags/example_xcomargs.py for tasks to queue
[2023-12-15T11:41:05.338+0000] {logging_mixin.py:154} INFO - [2023-12-15T11:41:05.333+0000] {dagbag.py:536} INFO - Filling up the DagBag from /home/airflow/.local/lib/python3.8/site-packages/airflow/example_dags/example_xcomargs.py
[2023-12-15T11:41:05.398+0000] {processor.py:839} INFO - DAG(s) dict_keys(['example_xcom_args', 'example_xcom_args_with_operators']) retrieved from /home/airflow/.local/lib/python3.8/site-packages/airflow/example_dags/example_xcomargs.py
[2023-12-15T11:41:05.498+0000] {logging_mixin.py:154} INFO - [2023-12-15T11:41:05.497+0000] {dag.py:2941} INFO - Sync 2 DAGs
[2023-12-15T11:41:05.542+0000] {logging_mixin.py:154} INFO - [2023-12-15T11:41:05.542+0000] {dag.py:3722} INFO - Setting next_dagrun for example_xcom_args to None, run_after=None
[2023-12-15T11:41:05.548+0000] {logging_mixin.py:154} INFO - [2023-12-15T11:41:05.548+0000] {dag.py:3722} INFO - Setting next_dagrun for example_xcom_args_with_operators to None, run_after=None
[2023-12-15T11:41:05.581+0000] {processor.py:179} INFO - Processing /home/airflow/.local/lib/python3.8/site-packages/airflow/example_dags/example_xcomargs.py took 0.332 seconds
[2023-12-15T11:41:47.353+0000] {processor.py:157} INFO - Started process (PID=531) to work on /home/airflow/.local/lib/python3.8/site-packages/airflow/example_dags/example_xcomargs.py
[2023-12-15T11:41:47.354+0000] {processor.py:829} INFO - Processing file /home/airflow/.local/lib/python3.8/site-packages/airflow/example_dags/example_xcomargs.py for tasks to queue
[2023-12-15T11:41:47.358+0000] {logging_mixin.py:154} INFO - [2023-12-15T11:41:47.357+0000] {dagbag.py:536} INFO - Filling up the DagBag from /home/airflow/.local/lib/python3.8/site-packages/airflow/example_dags/example_xcomargs.py
[2023-12-15T11:41:47.380+0000] {processor.py:839} INFO - DAG(s) dict_keys(['example_xcom_args', 'example_xcom_args_with_operators']) retrieved from /home/airflow/.local/lib/python3.8/site-packages/airflow/example_dags/example_xcomargs.py
[2023-12-15T11:41:47.432+0000] {logging_mixin.py:154} INFO - [2023-12-15T11:41:47.432+0000] {dag.py:2941} INFO - Sync 2 DAGs
[2023-12-15T11:41:47.449+0000] {logging_mixin.py:154} INFO - [2023-12-15T11:41:47.449+0000] {dag.py:3722} INFO - Setting next_dagrun for example_xcom_args to None, run_after=None
[2023-12-15T11:41:47.454+0000] {logging_mixin.py:154} INFO - [2023-12-15T11:41:47.454+0000] {dag.py:3722} INFO - Setting next_dagrun for example_xcom_args_with_operators to None, run_after=None
[2023-12-15T11:41:47.483+0000] {processor.py:179} INFO - Processing /home/airflow/.local/lib/python3.8/site-packages/airflow/example_dags/example_xcomargs.py took 0.136 seconds
[2023-12-15T11:42:19.648+0000] {processor.py:157} INFO - Started process (PID=586) to work on /home/airflow/.local/lib/python3.8/site-packages/airflow/example_dags/example_xcomargs.py
[2023-12-15T11:42:19.657+0000] {processor.py:829} INFO - Processing file /home/airflow/.local/lib/python3.8/site-packages/airflow/example_dags/example_xcomargs.py for tasks to queue
[2023-12-15T11:42:19.663+0000] {logging_mixin.py:154} INFO - [2023-12-15T11:42:19.663+0000] {dagbag.py:536} INFO - Filling up the DagBag from /home/airflow/.local/lib/python3.8/site-packages/airflow/example_dags/example_xcomargs.py
[2023-12-15T11:42:19.685+0000] {processor.py:839} INFO - DAG(s) dict_keys(['example_xcom_args', 'example_xcom_args_with_operators']) retrieved from /home/airflow/.local/lib/python3.8/site-packages/airflow/example_dags/example_xcomargs.py
[2023-12-15T11:42:19.735+0000] {logging_mixin.py:154} INFO - [2023-12-15T11:42:19.735+0000] {dag.py:2941} INFO - Sync 2 DAGs
[2023-12-15T11:42:19.757+0000] {logging_mixin.py:154} INFO - [2023-12-15T11:42:19.757+0000] {dag.py:3722} INFO - Setting next_dagrun for example_xcom_args to None, run_after=None
[2023-12-15T11:42:19.765+0000] {logging_mixin.py:154} INFO - [2023-12-15T11:42:19.765+0000] {dag.py:3722} INFO - Setting next_dagrun for example_xcom_args_with_operators to None, run_after=None
[2023-12-15T11:42:19.793+0000] {processor.py:179} INFO - Processing /home/airflow/.local/lib/python3.8/site-packages/airflow/example_dags/example_xcomargs.py took 0.158 seconds
[2023-12-15T11:42:53.125+0000] {processor.py:157} INFO - Started process (PID=639) to work on /home/airflow/.local/lib/python3.8/site-packages/airflow/example_dags/example_xcomargs.py
[2023-12-15T11:42:53.128+0000] {processor.py:829} INFO - Processing file /home/airflow/.local/lib/python3.8/site-packages/airflow/example_dags/example_xcomargs.py for tasks to queue
[2023-12-15T11:42:53.132+0000] {logging_mixin.py:154} INFO - [2023-12-15T11:42:53.131+0000] {dagbag.py:536} INFO - Filling up the DagBag from /home/airflow/.local/lib/python3.8/site-packages/airflow/example_dags/example_xcomargs.py
[2023-12-15T11:42:53.166+0000] {processor.py:839} INFO - DAG(s) dict_keys(['example_xcom_args_with_operators', 'example_xcom_args']) retrieved from /home/airflow/.local/lib/python3.8/site-packages/airflow/example_dags/example_xcomargs.py
[2023-12-15T11:42:53.217+0000] {logging_mixin.py:154} INFO - [2023-12-15T11:42:53.216+0000] {dag.py:2941} INFO - Sync 2 DAGs
[2023-12-15T11:42:53.273+0000] {logging_mixin.py:154} INFO - [2023-12-15T11:42:53.273+0000] {dag.py:3722} INFO - Setting next_dagrun for example_xcom_args to None, run_after=None
[2023-12-15T11:42:53.276+0000] {logging_mixin.py:154} INFO - [2023-12-15T11:42:53.276+0000] {dag.py:3722} INFO - Setting next_dagrun for example_xcom_args_with_operators to None, run_after=None
[2023-12-15T11:42:53.329+0000] {processor.py:179} INFO - Processing /home/airflow/.local/lib/python3.8/site-packages/airflow/example_dags/example_xcomargs.py took 0.208 seconds
[2023-12-15T11:43:23.862+0000] {processor.py:157} INFO - Started process (PID=692) to work on /home/airflow/.local/lib/python3.8/site-packages/airflow/example_dags/example_xcomargs.py
[2023-12-15T11:43:23.865+0000] {processor.py:829} INFO - Processing file /home/airflow/.local/lib/python3.8/site-packages/airflow/example_dags/example_xcomargs.py for tasks to queue
[2023-12-15T11:43:23.867+0000] {logging_mixin.py:154} INFO - [2023-12-15T11:43:23.867+0000] {dagbag.py:536} INFO - Filling up the DagBag from /home/airflow/.local/lib/python3.8/site-packages/airflow/example_dags/example_xcomargs.py
[2023-12-15T11:43:23.878+0000] {processor.py:839} INFO - DAG(s) dict_keys(['example_xcom_args_with_operators', 'example_xcom_args']) retrieved from /home/airflow/.local/lib/python3.8/site-packages/airflow/example_dags/example_xcomargs.py
[2023-12-15T11:43:23.921+0000] {logging_mixin.py:154} INFO - [2023-12-15T11:43:23.921+0000] {dag.py:2941} INFO - Sync 2 DAGs
[2023-12-15T11:43:23.936+0000] {logging_mixin.py:154} INFO - [2023-12-15T11:43:23.936+0000] {dag.py:3722} INFO - Setting next_dagrun for example_xcom_args to None, run_after=None
[2023-12-15T11:43:23.940+0000] {logging_mixin.py:154} INFO - [2023-12-15T11:43:23.939+0000] {dag.py:3722} INFO - Setting next_dagrun for example_xcom_args_with_operators to None, run_after=None
[2023-12-15T11:43:23.962+0000] {processor.py:179} INFO - Processing /home/airflow/.local/lib/python3.8/site-packages/airflow/example_dags/example_xcomargs.py took 0.105 seconds
[2023-12-15T11:43:55.022+0000] {processor.py:157} INFO - Started process (PID=746) to work on /home/airflow/.local/lib/python3.8/site-packages/airflow/example_dags/example_xcomargs.py
[2023-12-15T11:43:55.027+0000] {processor.py:829} INFO - Processing file /home/airflow/.local/lib/python3.8/site-packages/airflow/example_dags/example_xcomargs.py for tasks to queue
[2023-12-15T11:43:55.030+0000] {logging_mixin.py:154} INFO - [2023-12-15T11:43:55.030+0000] {dagbag.py:536} INFO - Filling up the DagBag from /home/airflow/.local/lib/python3.8/site-packages/airflow/example_dags/example_xcomargs.py
[2023-12-15T11:43:55.058+0000] {processor.py:839} INFO - DAG(s) dict_keys(['example_xcom_args_with_operators', 'example_xcom_args']) retrieved from /home/airflow/.local/lib/python3.8/site-packages/airflow/example_dags/example_xcomargs.py
[2023-12-15T11:43:55.105+0000] {logging_mixin.py:154} INFO - [2023-12-15T11:43:55.104+0000] {dag.py:2941} INFO - Sync 2 DAGs
[2023-12-15T11:43:55.132+0000] {logging_mixin.py:154} INFO - [2023-12-15T11:43:55.131+0000] {dag.py:3722} INFO - Setting next_dagrun for example_xcom_args to None, run_after=None
[2023-12-15T11:43:55.142+0000] {logging_mixin.py:154} INFO - [2023-12-15T11:43:55.142+0000] {dag.py:3722} INFO - Setting next_dagrun for example_xcom_args_with_operators to None, run_after=None
[2023-12-15T11:43:55.161+0000] {processor.py:179} INFO - Processing /home/airflow/.local/lib/python3.8/site-packages/airflow/example_dags/example_xcomargs.py took 0.146 seconds
[2023-12-15T11:44:26.363+0000] {processor.py:157} INFO - Started process (PID=800) to work on /home/airflow/.local/lib/python3.8/site-packages/airflow/example_dags/example_xcomargs.py
[2023-12-15T11:44:26.365+0000] {processor.py:829} INFO - Processing file /home/airflow/.local/lib/python3.8/site-packages/airflow/example_dags/example_xcomargs.py for tasks to queue
[2023-12-15T11:44:26.372+0000] {logging_mixin.py:154} INFO - [2023-12-15T11:44:26.372+0000] {dagbag.py:536} INFO - Filling up the DagBag from /home/airflow/.local/lib/python3.8/site-packages/airflow/example_dags/example_xcomargs.py
[2023-12-15T11:44:26.381+0000] {processor.py:839} INFO - DAG(s) dict_keys(['example_xcom_args_with_operators', 'example_xcom_args']) retrieved from /home/airflow/.local/lib/python3.8/site-packages/airflow/example_dags/example_xcomargs.py
[2023-12-15T11:44:26.402+0000] {logging_mixin.py:154} INFO - [2023-12-15T11:44:26.402+0000] {dag.py:2941} INFO - Sync 2 DAGs
[2023-12-15T11:44:26.416+0000] {logging_mixin.py:154} INFO - [2023-12-15T11:44:26.416+0000] {dag.py:3722} INFO - Setting next_dagrun for example_xcom_args to None, run_after=None
[2023-12-15T11:44:26.418+0000] {logging_mixin.py:154} INFO - [2023-12-15T11:44:26.418+0000] {dag.py:3722} INFO - Setting next_dagrun for example_xcom_args_with_operators to None, run_after=None
[2023-12-15T11:44:26.431+0000] {processor.py:179} INFO - Processing /home/airflow/.local/lib/python3.8/site-packages/airflow/example_dags/example_xcomargs.py took 0.073 seconds
[2023-12-15T11:44:57.607+0000] {processor.py:157} INFO - Started process (PID=854) to work on /home/airflow/.local/lib/python3.8/site-packages/airflow/example_dags/example_xcomargs.py
[2023-12-15T11:44:57.611+0000] {processor.py:829} INFO - Processing file /home/airflow/.local/lib/python3.8/site-packages/airflow/example_dags/example_xcomargs.py for tasks to queue
[2023-12-15T11:44:57.613+0000] {logging_mixin.py:154} INFO - [2023-12-15T11:44:57.612+0000] {dagbag.py:536} INFO - Filling up the DagBag from /home/airflow/.local/lib/python3.8/site-packages/airflow/example_dags/example_xcomargs.py
[2023-12-15T11:44:57.621+0000] {processor.py:839} INFO - DAG(s) dict_keys(['example_xcom_args_with_operators', 'example_xcom_args']) retrieved from /home/airflow/.local/lib/python3.8/site-packages/airflow/example_dags/example_xcomargs.py
[2023-12-15T11:44:57.641+0000] {logging_mixin.py:154} INFO - [2023-12-15T11:44:57.641+0000] {dag.py:2941} INFO - Sync 2 DAGs
[2023-12-15T11:44:57.655+0000] {logging_mixin.py:154} INFO - [2023-12-15T11:44:57.655+0000] {dag.py:3722} INFO - Setting next_dagrun for example_xcom_args to None, run_after=None
[2023-12-15T11:44:57.659+0000] {logging_mixin.py:154} INFO - [2023-12-15T11:44:57.659+0000] {dag.py:3722} INFO - Setting next_dagrun for example_xcom_args_with_operators to None, run_after=None
[2023-12-15T11:44:57.668+0000] {processor.py:179} INFO - Processing /home/airflow/.local/lib/python3.8/site-packages/airflow/example_dags/example_xcomargs.py took 0.066 seconds
[2023-12-15T11:45:28.845+0000] {processor.py:157} INFO - Started process (PID=908) to work on /home/airflow/.local/lib/python3.8/site-packages/airflow/example_dags/example_xcomargs.py
[2023-12-15T11:45:28.847+0000] {processor.py:829} INFO - Processing file /home/airflow/.local/lib/python3.8/site-packages/airflow/example_dags/example_xcomargs.py for tasks to queue
[2023-12-15T11:45:28.852+0000] {logging_mixin.py:154} INFO - [2023-12-15T11:45:28.851+0000] {dagbag.py:536} INFO - Filling up the DagBag from /home/airflow/.local/lib/python3.8/site-packages/airflow/example_dags/example_xcomargs.py
[2023-12-15T11:45:28.862+0000] {processor.py:839} INFO - DAG(s) dict_keys(['example_xcom_args', 'example_xcom_args_with_operators']) retrieved from /home/airflow/.local/lib/python3.8/site-packages/airflow/example_dags/example_xcomargs.py
[2023-12-15T11:45:28.899+0000] {logging_mixin.py:154} INFO - [2023-12-15T11:45:28.899+0000] {dag.py:2941} INFO - Sync 2 DAGs
[2023-12-15T11:45:28.939+0000] {logging_mixin.py:154} INFO - [2023-12-15T11:45:28.939+0000] {dag.py:3722} INFO - Setting next_dagrun for example_xcom_args to None, run_after=None
[2023-12-15T11:45:28.944+0000] {logging_mixin.py:154} INFO - [2023-12-15T11:45:28.944+0000] {dag.py:3722} INFO - Setting next_dagrun for example_xcom_args_with_operators to None, run_after=None
[2023-12-15T11:45:28.972+0000] {processor.py:179} INFO - Processing /home/airflow/.local/lib/python3.8/site-packages/airflow/example_dags/example_xcomargs.py took 0.134 seconds
[2023-12-15T11:46:00.607+0000] {processor.py:157} INFO - Started process (PID=962) to work on /home/airflow/.local/lib/python3.8/site-packages/airflow/example_dags/example_xcomargs.py
[2023-12-15T11:46:00.612+0000] {processor.py:829} INFO - Processing file /home/airflow/.local/lib/python3.8/site-packages/airflow/example_dags/example_xcomargs.py for tasks to queue
[2023-12-15T11:46:00.908+0000] {logging_mixin.py:154} INFO - [2023-12-15T11:46:00.907+0000] {dagbag.py:536} INFO - Filling up the DagBag from /home/airflow/.local/lib/python3.8/site-packages/airflow/example_dags/example_xcomargs.py
[2023-12-15T11:46:01.303+0000] {processor.py:839} INFO - DAG(s) dict_keys(['example_xcom_args_with_operators', 'example_xcom_args']) retrieved from /home/airflow/.local/lib/python3.8/site-packages/airflow/example_dags/example_xcomargs.py
[2023-12-15T11:46:01.453+0000] {logging_mixin.py:154} INFO - [2023-12-15T11:46:01.452+0000] {dag.py:2941} INFO - Sync 2 DAGs
[2023-12-15T11:46:01.515+0000] {logging_mixin.py:154} INFO - [2023-12-15T11:46:01.514+0000] {dag.py:3722} INFO - Setting next_dagrun for example_xcom_args to None, run_after=None
[2023-12-15T11:46:01.522+0000] {logging_mixin.py:154} INFO - [2023-12-15T11:46:01.522+0000] {dag.py:3722} INFO - Setting next_dagrun for example_xcom_args_with_operators to None, run_after=None
[2023-12-15T11:46:01.551+0000] {processor.py:179} INFO - Processing /home/airflow/.local/lib/python3.8/site-packages/airflow/example_dags/example_xcomargs.py took 0.954 seconds
[2023-12-15T11:46:32.488+0000] {processor.py:157} INFO - Started process (PID=1013) to work on /home/airflow/.local/lib/python3.8/site-packages/airflow/example_dags/example_xcomargs.py
[2023-12-15T11:46:32.493+0000] {processor.py:829} INFO - Processing file /home/airflow/.local/lib/python3.8/site-packages/airflow/example_dags/example_xcomargs.py for tasks to queue
[2023-12-15T11:46:32.512+0000] {logging_mixin.py:154} INFO - [2023-12-15T11:46:32.511+0000] {dagbag.py:536} INFO - Filling up the DagBag from /home/airflow/.local/lib/python3.8/site-packages/airflow/example_dags/example_xcomargs.py
[2023-12-15T11:46:32.543+0000] {processor.py:839} INFO - DAG(s) dict_keys(['example_xcom_args_with_operators', 'example_xcom_args']) retrieved from /home/airflow/.local/lib/python3.8/site-packages/airflow/example_dags/example_xcomargs.py
[2023-12-15T11:46:32.631+0000] {logging_mixin.py:154} INFO - [2023-12-15T11:46:32.631+0000] {dag.py:2941} INFO - Sync 2 DAGs
[2023-12-15T11:46:32.701+0000] {logging_mixin.py:154} INFO - [2023-12-15T11:46:32.700+0000] {dag.py:3722} INFO - Setting next_dagrun for example_xcom_args to None, run_after=None
[2023-12-15T11:46:32.718+0000] {logging_mixin.py:154} INFO - [2023-12-15T11:46:32.717+0000] {dag.py:3722} INFO - Setting next_dagrun for example_xcom_args_with_operators to None, run_after=None
[2023-12-15T11:46:32.759+0000] {processor.py:179} INFO - Processing /home/airflow/.local/lib/python3.8/site-packages/airflow/example_dags/example_xcomargs.py took 0.280 seconds
[2023-12-15T11:47:05.104+0000] {processor.py:157} INFO - Started process (PID=1067) to work on /home/airflow/.local/lib/python3.8/site-packages/airflow/example_dags/example_xcomargs.py
[2023-12-15T11:47:05.107+0000] {processor.py:829} INFO - Processing file /home/airflow/.local/lib/python3.8/site-packages/airflow/example_dags/example_xcomargs.py for tasks to queue
[2023-12-15T11:47:05.111+0000] {logging_mixin.py:154} INFO - [2023-12-15T11:47:05.111+0000] {dagbag.py:536} INFO - Filling up the DagBag from /home/airflow/.local/lib/python3.8/site-packages/airflow/example_dags/example_xcomargs.py
[2023-12-15T11:47:05.136+0000] {processor.py:839} INFO - DAG(s) dict_keys(['example_xcom_args', 'example_xcom_args_with_operators']) retrieved from /home/airflow/.local/lib/python3.8/site-packages/airflow/example_dags/example_xcomargs.py
[2023-12-15T11:47:05.200+0000] {logging_mixin.py:154} INFO - [2023-12-15T11:47:05.200+0000] {dag.py:2941} INFO - Sync 2 DAGs
[2023-12-15T11:47:05.235+0000] {logging_mixin.py:154} INFO - [2023-12-15T11:47:05.235+0000] {dag.py:3722} INFO - Setting next_dagrun for example_xcom_args to None, run_after=None
[2023-12-15T11:47:05.241+0000] {logging_mixin.py:154} INFO - [2023-12-15T11:47:05.241+0000] {dag.py:3722} INFO - Setting next_dagrun for example_xcom_args_with_operators to None, run_after=None
[2023-12-15T11:47:05.259+0000] {processor.py:179} INFO - Processing /home/airflow/.local/lib/python3.8/site-packages/airflow/example_dags/example_xcomargs.py took 0.160 seconds
[2023-12-15T11:47:36.093+0000] {processor.py:157} INFO - Started process (PID=1115) to work on /home/airflow/.local/lib/python3.8/site-packages/airflow/example_dags/example_xcomargs.py
[2023-12-15T11:47:36.095+0000] {processor.py:829} INFO - Processing file /home/airflow/.local/lib/python3.8/site-packages/airflow/example_dags/example_xcomargs.py for tasks to queue
[2023-12-15T11:47:36.099+0000] {logging_mixin.py:154} INFO - [2023-12-15T11:47:36.099+0000] {dagbag.py:536} INFO - Filling up the DagBag from /home/airflow/.local/lib/python3.8/site-packages/airflow/example_dags/example_xcomargs.py
[2023-12-15T11:47:36.116+0000] {processor.py:839} INFO - DAG(s) dict_keys(['example_xcom_args', 'example_xcom_args_with_operators']) retrieved from /home/airflow/.local/lib/python3.8/site-packages/airflow/example_dags/example_xcomargs.py
[2023-12-15T11:47:36.255+0000] {logging_mixin.py:154} INFO - [2023-12-15T11:47:36.255+0000] {dag.py:2941} INFO - Sync 2 DAGs
[2023-12-15T11:47:36.351+0000] {logging_mixin.py:154} INFO - [2023-12-15T11:47:36.351+0000] {dag.py:3722} INFO - Setting next_dagrun for example_xcom_args to None, run_after=None
[2023-12-15T11:47:36.365+0000] {logging_mixin.py:154} INFO - [2023-12-15T11:47:36.365+0000] {dag.py:3722} INFO - Setting next_dagrun for example_xcom_args_with_operators to None, run_after=None
[2023-12-15T11:47:36.430+0000] {processor.py:179} INFO - Processing /home/airflow/.local/lib/python3.8/site-packages/airflow/example_dags/example_xcomargs.py took 0.343 seconds
[2023-12-15T11:48:06.593+0000] {processor.py:157} INFO - Started process (PID=1168) to work on /home/airflow/.local/lib/python3.8/site-packages/airflow/example_dags/example_xcomargs.py
[2023-12-15T11:48:06.595+0000] {processor.py:829} INFO - Processing file /home/airflow/.local/lib/python3.8/site-packages/airflow/example_dags/example_xcomargs.py for tasks to queue
[2023-12-15T11:48:06.598+0000] {logging_mixin.py:154} INFO - [2023-12-15T11:48:06.597+0000] {dagbag.py:536} INFO - Filling up the DagBag from /home/airflow/.local/lib/python3.8/site-packages/airflow/example_dags/example_xcomargs.py
[2023-12-15T11:48:06.650+0000] {processor.py:839} INFO - DAG(s) dict_keys(['example_xcom_args_with_operators', 'example_xcom_args']) retrieved from /home/airflow/.local/lib/python3.8/site-packages/airflow/example_dags/example_xcomargs.py
[2023-12-15T11:48:06.692+0000] {logging_mixin.py:154} INFO - [2023-12-15T11:48:06.691+0000] {dag.py:2941} INFO - Sync 2 DAGs
[2023-12-15T11:48:06.705+0000] {logging_mixin.py:154} INFO - [2023-12-15T11:48:06.705+0000] {dag.py:3722} INFO - Setting next_dagrun for example_xcom_args to None, run_after=None
[2023-12-15T11:48:06.708+0000] {logging_mixin.py:154} INFO - [2023-12-15T11:48:06.708+0000] {dag.py:3722} INFO - Setting next_dagrun for example_xcom_args_with_operators to None, run_after=None
[2023-12-15T11:48:06.723+0000] {processor.py:179} INFO - Processing /home/airflow/.local/lib/python3.8/site-packages/airflow/example_dags/example_xcomargs.py took 0.134 seconds
[2023-12-15T11:48:45.639+0000] {processor.py:157} INFO - Started process (PID=1219) to work on /home/airflow/.local/lib/python3.8/site-packages/airflow/example_dags/example_xcomargs.py
[2023-12-15T11:48:45.646+0000] {processor.py:829} INFO - Processing file /home/airflow/.local/lib/python3.8/site-packages/airflow/example_dags/example_xcomargs.py for tasks to queue
[2023-12-15T11:48:45.649+0000] {logging_mixin.py:154} INFO - [2023-12-15T11:48:45.649+0000] {dagbag.py:536} INFO - Filling up the DagBag from /home/airflow/.local/lib/python3.8/site-packages/airflow/example_dags/example_xcomargs.py
[2023-12-15T11:48:45.680+0000] {processor.py:839} INFO - DAG(s) dict_keys(['example_xcom_args_with_operators', 'example_xcom_args']) retrieved from /home/airflow/.local/lib/python3.8/site-packages/airflow/example_dags/example_xcomargs.py
[2023-12-15T11:48:45.746+0000] {logging_mixin.py:154} INFO - [2023-12-15T11:48:45.746+0000] {dag.py:2941} INFO - Sync 2 DAGs
[2023-12-15T11:48:45.775+0000] {logging_mixin.py:154} INFO - [2023-12-15T11:48:45.775+0000] {dag.py:3722} INFO - Setting next_dagrun for example_xcom_args to None, run_after=None
[2023-12-15T11:48:45.789+0000] {logging_mixin.py:154} INFO - [2023-12-15T11:48:45.788+0000] {dag.py:3722} INFO - Setting next_dagrun for example_xcom_args_with_operators to None, run_after=None
[2023-12-15T11:48:45.834+0000] {processor.py:179} INFO - Processing /home/airflow/.local/lib/python3.8/site-packages/airflow/example_dags/example_xcomargs.py took 0.198 seconds
[2023-12-15T11:49:17.875+0000] {processor.py:157} INFO - Started process (PID=1273) to work on /home/airflow/.local/lib/python3.8/site-packages/airflow/example_dags/example_xcomargs.py
[2023-12-15T11:49:17.884+0000] {processor.py:829} INFO - Processing file /home/airflow/.local/lib/python3.8/site-packages/airflow/example_dags/example_xcomargs.py for tasks to queue
[2023-12-15T11:49:17.892+0000] {logging_mixin.py:154} INFO - [2023-12-15T11:49:17.891+0000] {dagbag.py:536} INFO - Filling up the DagBag from /home/airflow/.local/lib/python3.8/site-packages/airflow/example_dags/example_xcomargs.py
[2023-12-15T11:49:17.927+0000] {processor.py:839} INFO - DAG(s) dict_keys(['example_xcom_args', 'example_xcom_args_with_operators']) retrieved from /home/airflow/.local/lib/python3.8/site-packages/airflow/example_dags/example_xcomargs.py
[2023-12-15T11:49:18.011+0000] {logging_mixin.py:154} INFO - [2023-12-15T11:49:18.010+0000] {dag.py:2941} INFO - Sync 2 DAGs
[2023-12-15T11:49:18.108+0000] {logging_mixin.py:154} INFO - [2023-12-15T11:49:18.108+0000] {dag.py:3722} INFO - Setting next_dagrun for example_xcom_args to None, run_after=None
[2023-12-15T11:49:18.116+0000] {logging_mixin.py:154} INFO - [2023-12-15T11:49:18.115+0000] {dag.py:3722} INFO - Setting next_dagrun for example_xcom_args_with_operators to None, run_after=None
[2023-12-15T11:49:18.151+0000] {processor.py:179} INFO - Processing /home/airflow/.local/lib/python3.8/site-packages/airflow/example_dags/example_xcomargs.py took 0.305 seconds
[2023-12-15T11:49:48.349+0000] {processor.py:157} INFO - Started process (PID=1327) to work on /home/airflow/.local/lib/python3.8/site-packages/airflow/example_dags/example_xcomargs.py
[2023-12-15T11:49:48.355+0000] {processor.py:829} INFO - Processing file /home/airflow/.local/lib/python3.8/site-packages/airflow/example_dags/example_xcomargs.py for tasks to queue
[2023-12-15T11:49:48.374+0000] {logging_mixin.py:154} INFO - [2023-12-15T11:49:48.374+0000] {dagbag.py:536} INFO - Filling up the DagBag from /home/airflow/.local/lib/python3.8/site-packages/airflow/example_dags/example_xcomargs.py
[2023-12-15T11:49:48.395+0000] {processor.py:839} INFO - DAG(s) dict_keys(['example_xcom_args_with_operators', 'example_xcom_args']) retrieved from /home/airflow/.local/lib/python3.8/site-packages/airflow/example_dags/example_xcomargs.py
[2023-12-15T11:49:48.445+0000] {logging_mixin.py:154} INFO - [2023-12-15T11:49:48.445+0000] {dag.py:2941} INFO - Sync 2 DAGs
[2023-12-15T11:49:48.480+0000] {logging_mixin.py:154} INFO - [2023-12-15T11:49:48.479+0000] {dag.py:3722} INFO - Setting next_dagrun for example_xcom_args to None, run_after=None
[2023-12-15T11:49:48.485+0000] {logging_mixin.py:154} INFO - [2023-12-15T11:49:48.485+0000] {dag.py:3722} INFO - Setting next_dagrun for example_xcom_args_with_operators to None, run_after=None
[2023-12-15T11:49:48.513+0000] {processor.py:179} INFO - Processing /home/airflow/.local/lib/python3.8/site-packages/airflow/example_dags/example_xcomargs.py took 0.186 seconds
[2023-12-15T11:50:25.223+0000] {processor.py:157} INFO - Started process (PID=1376) to work on /home/airflow/.local/lib/python3.8/site-packages/airflow/example_dags/example_xcomargs.py
[2023-12-15T11:50:25.237+0000] {processor.py:829} INFO - Processing file /home/airflow/.local/lib/python3.8/site-packages/airflow/example_dags/example_xcomargs.py for tasks to queue
[2023-12-15T11:50:25.257+0000] {logging_mixin.py:154} INFO - [2023-12-15T11:50:25.257+0000] {dagbag.py:536} INFO - Filling up the DagBag from /home/airflow/.local/lib/python3.8/site-packages/airflow/example_dags/example_xcomargs.py
[2023-12-15T11:50:25.279+0000] {processor.py:839} INFO - DAG(s) dict_keys(['example_xcom_args', 'example_xcom_args_with_operators']) retrieved from /home/airflow/.local/lib/python3.8/site-packages/airflow/example_dags/example_xcomargs.py
[2023-12-15T11:50:25.348+0000] {logging_mixin.py:154} INFO - [2023-12-15T11:50:25.347+0000] {dag.py:2941} INFO - Sync 2 DAGs
[2023-12-15T11:50:25.732+0000] {logging_mixin.py:154} INFO - [2023-12-15T11:50:25.732+0000] {dag.py:3722} INFO - Setting next_dagrun for example_xcom_args to None, run_after=None
[2023-12-15T11:50:25.736+0000] {logging_mixin.py:154} INFO - [2023-12-15T11:50:25.736+0000] {dag.py:3722} INFO - Setting next_dagrun for example_xcom_args_with_operators to None, run_after=None
[2023-12-15T11:50:25.754+0000] {processor.py:179} INFO - Processing /home/airflow/.local/lib/python3.8/site-packages/airflow/example_dags/example_xcomargs.py took 0.539 seconds
[2023-12-15T11:51:00.320+0000] {processor.py:157} INFO - Started process (PID=1436) to work on /home/airflow/.local/lib/python3.8/site-packages/airflow/example_dags/example_xcomargs.py
[2023-12-15T11:51:00.327+0000] {processor.py:829} INFO - Processing file /home/airflow/.local/lib/python3.8/site-packages/airflow/example_dags/example_xcomargs.py for tasks to queue
[2023-12-15T11:51:00.353+0000] {logging_mixin.py:154} INFO - [2023-12-15T11:51:00.351+0000] {dagbag.py:536} INFO - Filling up the DagBag from /home/airflow/.local/lib/python3.8/site-packages/airflow/example_dags/example_xcomargs.py
[2023-12-15T11:51:00.380+0000] {processor.py:839} INFO - DAG(s) dict_keys(['example_xcom_args_with_operators', 'example_xcom_args']) retrieved from /home/airflow/.local/lib/python3.8/site-packages/airflow/example_dags/example_xcomargs.py
[2023-12-15T11:51:00.523+0000] {logging_mixin.py:154} INFO - [2023-12-15T11:51:00.523+0000] {dag.py:2941} INFO - Sync 2 DAGs
[2023-12-15T11:51:00.609+0000] {logging_mixin.py:154} INFO - [2023-12-15T11:51:00.609+0000] {dag.py:3722} INFO - Setting next_dagrun for example_xcom_args to None, run_after=None
[2023-12-15T11:51:00.615+0000] {logging_mixin.py:154} INFO - [2023-12-15T11:51:00.615+0000] {dag.py:3722} INFO - Setting next_dagrun for example_xcom_args_with_operators to None, run_after=None
[2023-12-15T11:51:00.641+0000] {processor.py:179} INFO - Processing /home/airflow/.local/lib/python3.8/site-packages/airflow/example_dags/example_xcomargs.py took 0.331 seconds
[2023-12-15T11:51:31.190+0000] {processor.py:157} INFO - Started process (PID=1490) to work on /home/airflow/.local/lib/python3.8/site-packages/airflow/example_dags/example_xcomargs.py
[2023-12-15T11:51:31.193+0000] {processor.py:829} INFO - Processing file /home/airflow/.local/lib/python3.8/site-packages/airflow/example_dags/example_xcomargs.py for tasks to queue
[2023-12-15T11:51:31.200+0000] {logging_mixin.py:154} INFO - [2023-12-15T11:51:31.199+0000] {dagbag.py:536} INFO - Filling up the DagBag from /home/airflow/.local/lib/python3.8/site-packages/airflow/example_dags/example_xcomargs.py
[2023-12-15T11:51:31.234+0000] {processor.py:839} INFO - DAG(s) dict_keys(['example_xcom_args_with_operators', 'example_xcom_args']) retrieved from /home/airflow/.local/lib/python3.8/site-packages/airflow/example_dags/example_xcomargs.py
[2023-12-15T11:51:31.296+0000] {logging_mixin.py:154} INFO - [2023-12-15T11:51:31.295+0000] {dag.py:2941} INFO - Sync 2 DAGs
[2023-12-15T11:51:31.315+0000] {logging_mixin.py:154} INFO - [2023-12-15T11:51:31.315+0000] {dag.py:3722} INFO - Setting next_dagrun for example_xcom_args to None, run_after=None
[2023-12-15T11:51:31.322+0000] {logging_mixin.py:154} INFO - [2023-12-15T11:51:31.322+0000] {dag.py:3722} INFO - Setting next_dagrun for example_xcom_args_with_operators to None, run_after=None
[2023-12-15T11:51:31.370+0000] {processor.py:179} INFO - Processing /home/airflow/.local/lib/python3.8/site-packages/airflow/example_dags/example_xcomargs.py took 0.185 seconds
[2023-12-15T11:52:12.127+0000] {processor.py:157} INFO - Started process (PID=1543) to work on /home/airflow/.local/lib/python3.8/site-packages/airflow/example_dags/example_xcomargs.py
[2023-12-15T11:52:12.132+0000] {processor.py:829} INFO - Processing file /home/airflow/.local/lib/python3.8/site-packages/airflow/example_dags/example_xcomargs.py for tasks to queue
[2023-12-15T11:52:12.143+0000] {logging_mixin.py:154} INFO - [2023-12-15T11:52:12.143+0000] {dagbag.py:536} INFO - Filling up the DagBag from /home/airflow/.local/lib/python3.8/site-packages/airflow/example_dags/example_xcomargs.py
[2023-12-15T11:52:12.174+0000] {processor.py:839} INFO - DAG(s) dict_keys(['example_xcom_args_with_operators', 'example_xcom_args']) retrieved from /home/airflow/.local/lib/python3.8/site-packages/airflow/example_dags/example_xcomargs.py
[2023-12-15T11:52:13.204+0000] {logging_mixin.py:154} INFO - [2023-12-15T11:52:13.203+0000] {dag.py:2941} INFO - Sync 2 DAGs
[2023-12-15T11:52:13.238+0000] {logging_mixin.py:154} INFO - [2023-12-15T11:52:13.237+0000] {dag.py:3722} INFO - Setting next_dagrun for example_xcom_args to None, run_after=None
[2023-12-15T11:52:13.248+0000] {logging_mixin.py:154} INFO - [2023-12-15T11:52:13.247+0000] {dag.py:3722} INFO - Setting next_dagrun for example_xcom_args_with_operators to None, run_after=None
[2023-12-15T11:52:13.276+0000] {processor.py:179} INFO - Processing /home/airflow/.local/lib/python3.8/site-packages/airflow/example_dags/example_xcomargs.py took 1.159 seconds
[2023-12-15T11:52:43.624+0000] {processor.py:157} INFO - Started process (PID=1597) to work on /home/airflow/.local/lib/python3.8/site-packages/airflow/example_dags/example_xcomargs.py
[2023-12-15T11:52:43.627+0000] {processor.py:829} INFO - Processing file /home/airflow/.local/lib/python3.8/site-packages/airflow/example_dags/example_xcomargs.py for tasks to queue
[2023-12-15T11:52:43.633+0000] {logging_mixin.py:154} INFO - [2023-12-15T11:52:43.632+0000] {dagbag.py:536} INFO - Filling up the DagBag from /home/airflow/.local/lib/python3.8/site-packages/airflow/example_dags/example_xcomargs.py
[2023-12-15T11:52:43.664+0000] {processor.py:839} INFO - DAG(s) dict_keys(['example_xcom_args_with_operators', 'example_xcom_args']) retrieved from /home/airflow/.local/lib/python3.8/site-packages/airflow/example_dags/example_xcomargs.py
[2023-12-15T11:52:43.721+0000] {logging_mixin.py:154} INFO - [2023-12-15T11:52:43.721+0000] {dag.py:2941} INFO - Sync 2 DAGs
[2023-12-15T11:52:43.737+0000] {logging_mixin.py:154} INFO - [2023-12-15T11:52:43.736+0000] {dag.py:3722} INFO - Setting next_dagrun for example_xcom_args to None, run_after=None
[2023-12-15T11:52:43.740+0000] {logging_mixin.py:154} INFO - [2023-12-15T11:52:43.740+0000] {dag.py:3722} INFO - Setting next_dagrun for example_xcom_args_with_operators to None, run_after=None
[2023-12-15T11:52:43.774+0000] {processor.py:179} INFO - Processing /home/airflow/.local/lib/python3.8/site-packages/airflow/example_dags/example_xcomargs.py took 0.170 seconds
[2023-12-15T11:53:14.160+0000] {processor.py:157} INFO - Started process (PID=1650) to work on /home/airflow/.local/lib/python3.8/site-packages/airflow/example_dags/example_xcomargs.py
[2023-12-15T11:53:14.166+0000] {processor.py:829} INFO - Processing file /home/airflow/.local/lib/python3.8/site-packages/airflow/example_dags/example_xcomargs.py for tasks to queue
[2023-12-15T11:53:14.198+0000] {logging_mixin.py:154} INFO - [2023-12-15T11:53:14.198+0000] {dagbag.py:536} INFO - Filling up the DagBag from /home/airflow/.local/lib/python3.8/site-packages/airflow/example_dags/example_xcomargs.py
[2023-12-15T11:53:14.224+0000] {processor.py:839} INFO - DAG(s) dict_keys(['example_xcom_args_with_operators', 'example_xcom_args']) retrieved from /home/airflow/.local/lib/python3.8/site-packages/airflow/example_dags/example_xcomargs.py
[2023-12-15T11:53:14.296+0000] {logging_mixin.py:154} INFO - [2023-12-15T11:53:14.296+0000] {dag.py:2941} INFO - Sync 2 DAGs
[2023-12-15T11:53:14.348+0000] {logging_mixin.py:154} INFO - [2023-12-15T11:53:14.348+0000] {dag.py:3722} INFO - Setting next_dagrun for example_xcom_args to None, run_after=None
[2023-12-15T11:53:14.354+0000] {logging_mixin.py:154} INFO - [2023-12-15T11:53:14.354+0000] {dag.py:3722} INFO - Setting next_dagrun for example_xcom_args_with_operators to None, run_after=None
[2023-12-15T11:53:14.371+0000] {processor.py:179} INFO - Processing /home/airflow/.local/lib/python3.8/site-packages/airflow/example_dags/example_xcomargs.py took 0.229 seconds
[2023-12-15T11:53:44.610+0000] {processor.py:157} INFO - Started process (PID=1704) to work on /home/airflow/.local/lib/python3.8/site-packages/airflow/example_dags/example_xcomargs.py
[2023-12-15T11:53:44.622+0000] {processor.py:829} INFO - Processing file /home/airflow/.local/lib/python3.8/site-packages/airflow/example_dags/example_xcomargs.py for tasks to queue
[2023-12-15T11:53:44.631+0000] {logging_mixin.py:154} INFO - [2023-12-15T11:53:44.630+0000] {dagbag.py:536} INFO - Filling up the DagBag from /home/airflow/.local/lib/python3.8/site-packages/airflow/example_dags/example_xcomargs.py
[2023-12-15T11:53:44.681+0000] {processor.py:839} INFO - DAG(s) dict_keys(['example_xcom_args_with_operators', 'example_xcom_args']) retrieved from /home/airflow/.local/lib/python3.8/site-packages/airflow/example_dags/example_xcomargs.py
[2023-12-15T11:53:44.848+0000] {logging_mixin.py:154} INFO - [2023-12-15T11:53:44.848+0000] {dag.py:2941} INFO - Sync 2 DAGs
[2023-12-15T11:53:44.909+0000] {logging_mixin.py:154} INFO - [2023-12-15T11:53:44.909+0000] {dag.py:3722} INFO - Setting next_dagrun for example_xcom_args to None, run_after=None
[2023-12-15T11:53:44.919+0000] {logging_mixin.py:154} INFO - [2023-12-15T11:53:44.919+0000] {dag.py:3722} INFO - Setting next_dagrun for example_xcom_args_with_operators to None, run_after=None
[2023-12-15T11:53:44.950+0000] {processor.py:179} INFO - Processing /home/airflow/.local/lib/python3.8/site-packages/airflow/example_dags/example_xcomargs.py took 0.353 seconds
[2023-12-15T11:54:15.294+0000] {processor.py:157} INFO - Started process (PID=1758) to work on /home/airflow/.local/lib/python3.8/site-packages/airflow/example_dags/example_xcomargs.py
[2023-12-15T11:54:15.301+0000] {processor.py:829} INFO - Processing file /home/airflow/.local/lib/python3.8/site-packages/airflow/example_dags/example_xcomargs.py for tasks to queue
[2023-12-15T11:54:15.338+0000] {logging_mixin.py:154} INFO - [2023-12-15T11:54:15.337+0000] {dagbag.py:536} INFO - Filling up the DagBag from /home/airflow/.local/lib/python3.8/site-packages/airflow/example_dags/example_xcomargs.py
[2023-12-15T11:54:15.364+0000] {processor.py:839} INFO - DAG(s) dict_keys(['example_xcom_args', 'example_xcom_args_with_operators']) retrieved from /home/airflow/.local/lib/python3.8/site-packages/airflow/example_dags/example_xcomargs.py
[2023-12-15T11:54:15.444+0000] {logging_mixin.py:154} INFO - [2023-12-15T11:54:15.443+0000] {dag.py:2941} INFO - Sync 2 DAGs
[2023-12-15T11:54:15.471+0000] {logging_mixin.py:154} INFO - [2023-12-15T11:54:15.471+0000] {dag.py:3722} INFO - Setting next_dagrun for example_xcom_args to None, run_after=None
[2023-12-15T11:54:15.482+0000] {logging_mixin.py:154} INFO - [2023-12-15T11:54:15.482+0000] {dag.py:3722} INFO - Setting next_dagrun for example_xcom_args_with_operators to None, run_after=None
[2023-12-15T11:54:15.570+0000] {processor.py:179} INFO - Processing /home/airflow/.local/lib/python3.8/site-packages/airflow/example_dags/example_xcomargs.py took 0.285 seconds
[2023-12-15T11:54:46.755+0000] {processor.py:157} INFO - Started process (PID=1812) to work on /home/airflow/.local/lib/python3.8/site-packages/airflow/example_dags/example_xcomargs.py
[2023-12-15T11:54:46.757+0000] {processor.py:829} INFO - Processing file /home/airflow/.local/lib/python3.8/site-packages/airflow/example_dags/example_xcomargs.py for tasks to queue
[2023-12-15T11:54:46.760+0000] {logging_mixin.py:154} INFO - [2023-12-15T11:54:46.759+0000] {dagbag.py:536} INFO - Filling up the DagBag from /home/airflow/.local/lib/python3.8/site-packages/airflow/example_dags/example_xcomargs.py
[2023-12-15T11:54:46.776+0000] {processor.py:839} INFO - DAG(s) dict_keys(['example_xcom_args', 'example_xcom_args_with_operators']) retrieved from /home/airflow/.local/lib/python3.8/site-packages/airflow/example_dags/example_xcomargs.py
[2023-12-15T11:54:46.811+0000] {logging_mixin.py:154} INFO - [2023-12-15T11:54:46.811+0000] {dag.py:2941} INFO - Sync 2 DAGs
[2023-12-15T11:54:46.834+0000] {logging_mixin.py:154} INFO - [2023-12-15T11:54:46.833+0000] {dag.py:3722} INFO - Setting next_dagrun for example_xcom_args to None, run_after=None
[2023-12-15T11:54:46.842+0000] {logging_mixin.py:154} INFO - [2023-12-15T11:54:46.842+0000] {dag.py:3722} INFO - Setting next_dagrun for example_xcom_args_with_operators to None, run_after=None
[2023-12-15T11:54:46.880+0000] {processor.py:179} INFO - Processing /home/airflow/.local/lib/python3.8/site-packages/airflow/example_dags/example_xcomargs.py took 0.130 seconds
[2023-12-15T11:55:16.940+0000] {processor.py:157} INFO - Started process (PID=1864) to work on /home/airflow/.local/lib/python3.8/site-packages/airflow/example_dags/example_xcomargs.py
[2023-12-15T11:55:16.944+0000] {processor.py:829} INFO - Processing file /home/airflow/.local/lib/python3.8/site-packages/airflow/example_dags/example_xcomargs.py for tasks to queue
[2023-12-15T11:55:16.946+0000] {logging_mixin.py:154} INFO - [2023-12-15T11:55:16.946+0000] {dagbag.py:536} INFO - Filling up the DagBag from /home/airflow/.local/lib/python3.8/site-packages/airflow/example_dags/example_xcomargs.py
[2023-12-15T11:55:16.959+0000] {processor.py:839} INFO - DAG(s) dict_keys(['example_xcom_args', 'example_xcom_args_with_operators']) retrieved from /home/airflow/.local/lib/python3.8/site-packages/airflow/example_dags/example_xcomargs.py
[2023-12-15T11:55:16.995+0000] {logging_mixin.py:154} INFO - [2023-12-15T11:55:16.995+0000] {dag.py:2941} INFO - Sync 2 DAGs
[2023-12-15T11:55:17.008+0000] {logging_mixin.py:154} INFO - [2023-12-15T11:55:17.008+0000] {dag.py:3722} INFO - Setting next_dagrun for example_xcom_args to None, run_after=None
[2023-12-15T11:55:17.011+0000] {logging_mixin.py:154} INFO - [2023-12-15T11:55:17.011+0000] {dag.py:3722} INFO - Setting next_dagrun for example_xcom_args_with_operators to None, run_after=None
[2023-12-15T11:55:17.036+0000] {processor.py:179} INFO - Processing /home/airflow/.local/lib/python3.8/site-packages/airflow/example_dags/example_xcomargs.py took 0.102 seconds
[2023-12-15T11:55:47.313+0000] {processor.py:157} INFO - Started process (PID=1919) to work on /home/airflow/.local/lib/python3.8/site-packages/airflow/example_dags/example_xcomargs.py
[2023-12-15T11:55:47.316+0000] {processor.py:829} INFO - Processing file /home/airflow/.local/lib/python3.8/site-packages/airflow/example_dags/example_xcomargs.py for tasks to queue
[2023-12-15T11:55:47.326+0000] {logging_mixin.py:154} INFO - [2023-12-15T11:55:47.325+0000] {dagbag.py:536} INFO - Filling up the DagBag from /home/airflow/.local/lib/python3.8/site-packages/airflow/example_dags/example_xcomargs.py
[2023-12-15T11:55:47.337+0000] {processor.py:839} INFO - DAG(s) dict_keys(['example_xcom_args_with_operators', 'example_xcom_args']) retrieved from /home/airflow/.local/lib/python3.8/site-packages/airflow/example_dags/example_xcomargs.py
[2023-12-15T11:55:47.379+0000] {logging_mixin.py:154} INFO - [2023-12-15T11:55:47.379+0000] {dag.py:2941} INFO - Sync 2 DAGs
[2023-12-15T11:55:47.406+0000] {logging_mixin.py:154} INFO - [2023-12-15T11:55:47.406+0000] {dag.py:3722} INFO - Setting next_dagrun for example_xcom_args to None, run_after=None
[2023-12-15T11:55:47.414+0000] {logging_mixin.py:154} INFO - [2023-12-15T11:55:47.414+0000] {dag.py:3722} INFO - Setting next_dagrun for example_xcom_args_with_operators to None, run_after=None
[2023-12-15T11:55:47.449+0000] {processor.py:179} INFO - Processing /home/airflow/.local/lib/python3.8/site-packages/airflow/example_dags/example_xcomargs.py took 0.140 seconds
[2023-12-15T11:56:17.878+0000] {processor.py:157} INFO - Started process (PID=1973) to work on /home/airflow/.local/lib/python3.8/site-packages/airflow/example_dags/example_xcomargs.py
[2023-12-15T11:56:17.880+0000] {processor.py:829} INFO - Processing file /home/airflow/.local/lib/python3.8/site-packages/airflow/example_dags/example_xcomargs.py for tasks to queue
[2023-12-15T11:56:17.881+0000] {logging_mixin.py:154} INFO - [2023-12-15T11:56:17.881+0000] {dagbag.py:536} INFO - Filling up the DagBag from /home/airflow/.local/lib/python3.8/site-packages/airflow/example_dags/example_xcomargs.py
[2023-12-15T11:56:17.892+0000] {processor.py:839} INFO - DAG(s) dict_keys(['example_xcom_args_with_operators', 'example_xcom_args']) retrieved from /home/airflow/.local/lib/python3.8/site-packages/airflow/example_dags/example_xcomargs.py
[2023-12-15T11:56:17.911+0000] {logging_mixin.py:154} INFO - [2023-12-15T11:56:17.911+0000] {dag.py:2941} INFO - Sync 2 DAGs
[2023-12-15T11:56:17.920+0000] {logging_mixin.py:154} INFO - [2023-12-15T11:56:17.920+0000] {dag.py:3722} INFO - Setting next_dagrun for example_xcom_args to None, run_after=None
[2023-12-15T11:56:17.922+0000] {logging_mixin.py:154} INFO - [2023-12-15T11:56:17.922+0000] {dag.py:3722} INFO - Setting next_dagrun for example_xcom_args_with_operators to None, run_after=None
[2023-12-15T11:56:17.929+0000] {processor.py:179} INFO - Processing /home/airflow/.local/lib/python3.8/site-packages/airflow/example_dags/example_xcomargs.py took 0.057 seconds
[2023-12-15T11:56:48.987+0000] {processor.py:157} INFO - Started process (PID=2026) to work on /home/airflow/.local/lib/python3.8/site-packages/airflow/example_dags/example_xcomargs.py
[2023-12-15T11:56:48.989+0000] {processor.py:829} INFO - Processing file /home/airflow/.local/lib/python3.8/site-packages/airflow/example_dags/example_xcomargs.py for tasks to queue
[2023-12-15T11:56:48.992+0000] {logging_mixin.py:154} INFO - [2023-12-15T11:56:48.991+0000] {dagbag.py:536} INFO - Filling up the DagBag from /home/airflow/.local/lib/python3.8/site-packages/airflow/example_dags/example_xcomargs.py
[2023-12-15T11:56:49.011+0000] {processor.py:839} INFO - DAG(s) dict_keys(['example_xcom_args', 'example_xcom_args_with_operators']) retrieved from /home/airflow/.local/lib/python3.8/site-packages/airflow/example_dags/example_xcomargs.py
[2023-12-15T11:56:49.134+0000] {logging_mixin.py:154} INFO - [2023-12-15T11:56:49.134+0000] {dag.py:2941} INFO - Sync 2 DAGs
[2023-12-15T11:56:49.196+0000] {logging_mixin.py:154} INFO - [2023-12-15T11:56:49.195+0000] {dag.py:3722} INFO - Setting next_dagrun for example_xcom_args to None, run_after=None
[2023-12-15T11:56:49.203+0000] {logging_mixin.py:154} INFO - [2023-12-15T11:56:49.203+0000] {dag.py:3722} INFO - Setting next_dagrun for example_xcom_args_with_operators to None, run_after=None
[2023-12-15T11:56:49.255+0000] {processor.py:179} INFO - Processing /home/airflow/.local/lib/python3.8/site-packages/airflow/example_dags/example_xcomargs.py took 0.279 seconds
[2023-12-15T11:57:19.848+0000] {processor.py:157} INFO - Started process (PID=2081) to work on /home/airflow/.local/lib/python3.8/site-packages/airflow/example_dags/example_xcomargs.py
[2023-12-15T11:57:19.851+0000] {processor.py:829} INFO - Processing file /home/airflow/.local/lib/python3.8/site-packages/airflow/example_dags/example_xcomargs.py for tasks to queue
[2023-12-15T11:57:19.854+0000] {logging_mixin.py:154} INFO - [2023-12-15T11:57:19.854+0000] {dagbag.py:536} INFO - Filling up the DagBag from /home/airflow/.local/lib/python3.8/site-packages/airflow/example_dags/example_xcomargs.py
[2023-12-15T11:57:19.867+0000] {processor.py:839} INFO - DAG(s) dict_keys(['example_xcom_args', 'example_xcom_args_with_operators']) retrieved from /home/airflow/.local/lib/python3.8/site-packages/airflow/example_dags/example_xcomargs.py
[2023-12-15T11:57:19.919+0000] {logging_mixin.py:154} INFO - [2023-12-15T11:57:19.918+0000] {dag.py:2941} INFO - Sync 2 DAGs
[2023-12-15T11:57:19.931+0000] {logging_mixin.py:154} INFO - [2023-12-15T11:57:19.931+0000] {dag.py:3722} INFO - Setting next_dagrun for example_xcom_args to None, run_after=None
[2023-12-15T11:57:19.934+0000] {logging_mixin.py:154} INFO - [2023-12-15T11:57:19.934+0000] {dag.py:3722} INFO - Setting next_dagrun for example_xcom_args_with_operators to None, run_after=None
[2023-12-15T11:57:19.959+0000] {processor.py:179} INFO - Processing /home/airflow/.local/lib/python3.8/site-packages/airflow/example_dags/example_xcomargs.py took 0.115 seconds
[2023-12-15T11:57:50.583+0000] {processor.py:157} INFO - Started process (PID=2135) to work on /home/airflow/.local/lib/python3.8/site-packages/airflow/example_dags/example_xcomargs.py
[2023-12-15T11:57:50.584+0000] {processor.py:829} INFO - Processing file /home/airflow/.local/lib/python3.8/site-packages/airflow/example_dags/example_xcomargs.py for tasks to queue
[2023-12-15T11:57:50.585+0000] {logging_mixin.py:154} INFO - [2023-12-15T11:57:50.585+0000] {dagbag.py:536} INFO - Filling up the DagBag from /home/airflow/.local/lib/python3.8/site-packages/airflow/example_dags/example_xcomargs.py
[2023-12-15T11:57:50.594+0000] {processor.py:839} INFO - DAG(s) dict_keys(['example_xcom_args_with_operators', 'example_xcom_args']) retrieved from /home/airflow/.local/lib/python3.8/site-packages/airflow/example_dags/example_xcomargs.py
[2023-12-15T11:57:50.611+0000] {logging_mixin.py:154} INFO - [2023-12-15T11:57:50.611+0000] {dag.py:2941} INFO - Sync 2 DAGs
[2023-12-15T11:57:50.618+0000] {logging_mixin.py:154} INFO - [2023-12-15T11:57:50.618+0000] {dag.py:3722} INFO - Setting next_dagrun for example_xcom_args to None, run_after=None
[2023-12-15T11:57:50.621+0000] {logging_mixin.py:154} INFO - [2023-12-15T11:57:50.621+0000] {dag.py:3722} INFO - Setting next_dagrun for example_xcom_args_with_operators to None, run_after=None
[2023-12-15T11:57:50.630+0000] {processor.py:179} INFO - Processing /home/airflow/.local/lib/python3.8/site-packages/airflow/example_dags/example_xcomargs.py took 0.049 seconds
[2023-12-15T11:58:21.318+0000] {processor.py:157} INFO - Started process (PID=2189) to work on /home/airflow/.local/lib/python3.8/site-packages/airflow/example_dags/example_xcomargs.py
[2023-12-15T11:58:21.320+0000] {processor.py:829} INFO - Processing file /home/airflow/.local/lib/python3.8/site-packages/airflow/example_dags/example_xcomargs.py for tasks to queue
[2023-12-15T11:58:21.328+0000] {logging_mixin.py:154} INFO - [2023-12-15T11:58:21.327+0000] {dagbag.py:536} INFO - Filling up the DagBag from /home/airflow/.local/lib/python3.8/site-packages/airflow/example_dags/example_xcomargs.py
[2023-12-15T11:58:21.334+0000] {processor.py:839} INFO - DAG(s) dict_keys(['example_xcom_args_with_operators', 'example_xcom_args']) retrieved from /home/airflow/.local/lib/python3.8/site-packages/airflow/example_dags/example_xcomargs.py
[2023-12-15T11:58:21.356+0000] {logging_mixin.py:154} INFO - [2023-12-15T11:58:21.356+0000] {dag.py:2941} INFO - Sync 2 DAGs
[2023-12-15T11:58:21.365+0000] {logging_mixin.py:154} INFO - [2023-12-15T11:58:21.365+0000] {dag.py:3722} INFO - Setting next_dagrun for example_xcom_args to None, run_after=None
[2023-12-15T11:58:21.368+0000] {logging_mixin.py:154} INFO - [2023-12-15T11:58:21.368+0000] {dag.py:3722} INFO - Setting next_dagrun for example_xcom_args_with_operators to None, run_after=None
[2023-12-15T11:58:21.382+0000] {processor.py:179} INFO - Processing /home/airflow/.local/lib/python3.8/site-packages/airflow/example_dags/example_xcomargs.py took 0.067 seconds
[2023-12-15T11:58:51.977+0000] {processor.py:157} INFO - Started process (PID=2242) to work on /home/airflow/.local/lib/python3.8/site-packages/airflow/example_dags/example_xcomargs.py
[2023-12-15T11:58:51.977+0000] {processor.py:829} INFO - Processing file /home/airflow/.local/lib/python3.8/site-packages/airflow/example_dags/example_xcomargs.py for tasks to queue
[2023-12-15T11:58:51.979+0000] {logging_mixin.py:154} INFO - [2023-12-15T11:58:51.979+0000] {dagbag.py:536} INFO - Filling up the DagBag from /home/airflow/.local/lib/python3.8/site-packages/airflow/example_dags/example_xcomargs.py
[2023-12-15T11:58:51.986+0000] {processor.py:839} INFO - DAG(s) dict_keys(['example_xcom_args_with_operators', 'example_xcom_args']) retrieved from /home/airflow/.local/lib/python3.8/site-packages/airflow/example_dags/example_xcomargs.py
[2023-12-15T11:58:52.006+0000] {logging_mixin.py:154} INFO - [2023-12-15T11:58:52.005+0000] {dag.py:2941} INFO - Sync 2 DAGs
[2023-12-15T11:58:52.016+0000] {logging_mixin.py:154} INFO - [2023-12-15T11:58:52.016+0000] {dag.py:3722} INFO - Setting next_dagrun for example_xcom_args to None, run_after=None
[2023-12-15T11:58:52.018+0000] {logging_mixin.py:154} INFO - [2023-12-15T11:58:52.018+0000] {dag.py:3722} INFO - Setting next_dagrun for example_xcom_args_with_operators to None, run_after=None
[2023-12-15T11:58:52.033+0000] {processor.py:179} INFO - Processing /home/airflow/.local/lib/python3.8/site-packages/airflow/example_dags/example_xcomargs.py took 0.060 seconds
[2023-12-15T11:59:23.077+0000] {processor.py:157} INFO - Started process (PID=2296) to work on /home/airflow/.local/lib/python3.8/site-packages/airflow/example_dags/example_xcomargs.py
[2023-12-15T11:59:23.080+0000] {processor.py:829} INFO - Processing file /home/airflow/.local/lib/python3.8/site-packages/airflow/example_dags/example_xcomargs.py for tasks to queue
[2023-12-15T11:59:23.085+0000] {logging_mixin.py:154} INFO - [2023-12-15T11:59:23.083+0000] {dagbag.py:536} INFO - Filling up the DagBag from /home/airflow/.local/lib/python3.8/site-packages/airflow/example_dags/example_xcomargs.py
[2023-12-15T11:59:23.096+0000] {processor.py:839} INFO - DAG(s) dict_keys(['example_xcom_args', 'example_xcom_args_with_operators']) retrieved from /home/airflow/.local/lib/python3.8/site-packages/airflow/example_dags/example_xcomargs.py
[2023-12-15T11:59:23.126+0000] {logging_mixin.py:154} INFO - [2023-12-15T11:59:23.126+0000] {dag.py:2941} INFO - Sync 2 DAGs
[2023-12-15T11:59:23.135+0000] {logging_mixin.py:154} INFO - [2023-12-15T11:59:23.135+0000] {dag.py:3722} INFO - Setting next_dagrun for example_xcom_args to None, run_after=None
[2023-12-15T11:59:23.137+0000] {logging_mixin.py:154} INFO - [2023-12-15T11:59:23.137+0000] {dag.py:3722} INFO - Setting next_dagrun for example_xcom_args_with_operators to None, run_after=None
[2023-12-15T11:59:23.151+0000] {processor.py:179} INFO - Processing /home/airflow/.local/lib/python3.8/site-packages/airflow/example_dags/example_xcomargs.py took 0.078 seconds
[2023-12-15T11:59:54.180+0000] {processor.py:157} INFO - Started process (PID=2349) to work on /home/airflow/.local/lib/python3.8/site-packages/airflow/example_dags/example_xcomargs.py
[2023-12-15T11:59:54.183+0000] {processor.py:829} INFO - Processing file /home/airflow/.local/lib/python3.8/site-packages/airflow/example_dags/example_xcomargs.py for tasks to queue
[2023-12-15T11:59:54.189+0000] {logging_mixin.py:154} INFO - [2023-12-15T11:59:54.189+0000] {dagbag.py:536} INFO - Filling up the DagBag from /home/airflow/.local/lib/python3.8/site-packages/airflow/example_dags/example_xcomargs.py
[2023-12-15T11:59:54.219+0000] {processor.py:839} INFO - DAG(s) dict_keys(['example_xcom_args_with_operators', 'example_xcom_args']) retrieved from /home/airflow/.local/lib/python3.8/site-packages/airflow/example_dags/example_xcomargs.py
[2023-12-15T11:59:54.269+0000] {logging_mixin.py:154} INFO - [2023-12-15T11:59:54.268+0000] {dag.py:2941} INFO - Sync 2 DAGs
[2023-12-15T11:59:54.293+0000] {logging_mixin.py:154} INFO - [2023-12-15T11:59:54.292+0000] {dag.py:3722} INFO - Setting next_dagrun for example_xcom_args to None, run_after=None
[2023-12-15T11:59:54.295+0000] {logging_mixin.py:154} INFO - [2023-12-15T11:59:54.295+0000] {dag.py:3722} INFO - Setting next_dagrun for example_xcom_args_with_operators to None, run_after=None
[2023-12-15T11:59:54.309+0000] {processor.py:179} INFO - Processing /home/airflow/.local/lib/python3.8/site-packages/airflow/example_dags/example_xcomargs.py took 0.134 seconds
[2023-12-15T12:00:25.862+0000] {processor.py:157} INFO - Started process (PID=2403) to work on /home/airflow/.local/lib/python3.8/site-packages/airflow/example_dags/example_xcomargs.py
[2023-12-15T12:00:25.873+0000] {processor.py:829} INFO - Processing file /home/airflow/.local/lib/python3.8/site-packages/airflow/example_dags/example_xcomargs.py for tasks to queue
[2023-12-15T12:00:25.881+0000] {logging_mixin.py:154} INFO - [2023-12-15T12:00:25.880+0000] {dagbag.py:536} INFO - Filling up the DagBag from /home/airflow/.local/lib/python3.8/site-packages/airflow/example_dags/example_xcomargs.py
[2023-12-15T12:00:25.897+0000] {processor.py:839} INFO - DAG(s) dict_keys(['example_xcom_args', 'example_xcom_args_with_operators']) retrieved from /home/airflow/.local/lib/python3.8/site-packages/airflow/example_dags/example_xcomargs.py
[2023-12-15T12:00:26.224+0000] {logging_mixin.py:154} INFO - [2023-12-15T12:00:26.224+0000] {dag.py:2941} INFO - Sync 2 DAGs
[2023-12-15T12:00:26.331+0000] {logging_mixin.py:154} INFO - [2023-12-15T12:00:26.331+0000] {dag.py:3722} INFO - Setting next_dagrun for example_xcom_args to None, run_after=None
[2023-12-15T12:00:26.355+0000] {logging_mixin.py:154} INFO - [2023-12-15T12:00:26.354+0000] {dag.py:3722} INFO - Setting next_dagrun for example_xcom_args_with_operators to None, run_after=None
[2023-12-15T12:00:26.538+0000] {processor.py:179} INFO - Processing /home/airflow/.local/lib/python3.8/site-packages/airflow/example_dags/example_xcomargs.py took 0.682 seconds
[2023-12-15T12:00:57.461+0000] {processor.py:157} INFO - Started process (PID=2457) to work on /home/airflow/.local/lib/python3.8/site-packages/airflow/example_dags/example_xcomargs.py
[2023-12-15T12:00:57.464+0000] {processor.py:829} INFO - Processing file /home/airflow/.local/lib/python3.8/site-packages/airflow/example_dags/example_xcomargs.py for tasks to queue
[2023-12-15T12:00:57.467+0000] {logging_mixin.py:154} INFO - [2023-12-15T12:00:57.467+0000] {dagbag.py:536} INFO - Filling up the DagBag from /home/airflow/.local/lib/python3.8/site-packages/airflow/example_dags/example_xcomargs.py
[2023-12-15T12:00:57.486+0000] {processor.py:839} INFO - DAG(s) dict_keys(['example_xcom_args', 'example_xcom_args_with_operators']) retrieved from /home/airflow/.local/lib/python3.8/site-packages/airflow/example_dags/example_xcomargs.py
[2023-12-15T12:00:57.528+0000] {logging_mixin.py:154} INFO - [2023-12-15T12:00:57.528+0000] {dag.py:2941} INFO - Sync 2 DAGs
[2023-12-15T12:00:57.543+0000] {logging_mixin.py:154} INFO - [2023-12-15T12:00:57.543+0000] {dag.py:3722} INFO - Setting next_dagrun for example_xcom_args to None, run_after=None
[2023-12-15T12:00:57.551+0000] {logging_mixin.py:154} INFO - [2023-12-15T12:00:57.551+0000] {dag.py:3722} INFO - Setting next_dagrun for example_xcom_args_with_operators to None, run_after=None
[2023-12-15T12:00:57.571+0000] {processor.py:179} INFO - Processing /home/airflow/.local/lib/python3.8/site-packages/airflow/example_dags/example_xcomargs.py took 0.115 seconds
[2023-12-15T12:01:28.831+0000] {processor.py:157} INFO - Started process (PID=2511) to work on /home/airflow/.local/lib/python3.8/site-packages/airflow/example_dags/example_xcomargs.py
[2023-12-15T12:01:28.833+0000] {processor.py:829} INFO - Processing file /home/airflow/.local/lib/python3.8/site-packages/airflow/example_dags/example_xcomargs.py for tasks to queue
[2023-12-15T12:01:28.838+0000] {logging_mixin.py:154} INFO - [2023-12-15T12:01:28.837+0000] {dagbag.py:536} INFO - Filling up the DagBag from /home/airflow/.local/lib/python3.8/site-packages/airflow/example_dags/example_xcomargs.py
[2023-12-15T12:01:28.873+0000] {processor.py:839} INFO - DAG(s) dict_keys(['example_xcom_args', 'example_xcom_args_with_operators']) retrieved from /home/airflow/.local/lib/python3.8/site-packages/airflow/example_dags/example_xcomargs.py
[2023-12-15T12:01:28.920+0000] {logging_mixin.py:154} INFO - [2023-12-15T12:01:28.920+0000] {dag.py:2941} INFO - Sync 2 DAGs
[2023-12-15T12:01:28.933+0000] {logging_mixin.py:154} INFO - [2023-12-15T12:01:28.933+0000] {dag.py:3722} INFO - Setting next_dagrun for example_xcom_args to None, run_after=None
[2023-12-15T12:01:28.936+0000] {logging_mixin.py:154} INFO - [2023-12-15T12:01:28.936+0000] {dag.py:3722} INFO - Setting next_dagrun for example_xcom_args_with_operators to None, run_after=None
[2023-12-15T12:01:28.959+0000] {processor.py:179} INFO - Processing /home/airflow/.local/lib/python3.8/site-packages/airflow/example_dags/example_xcomargs.py took 0.132 seconds
[2023-12-15T12:02:00.519+0000] {processor.py:157} INFO - Started process (PID=2565) to work on /home/airflow/.local/lib/python3.8/site-packages/airflow/example_dags/example_xcomargs.py
[2023-12-15T12:02:00.522+0000] {processor.py:829} INFO - Processing file /home/airflow/.local/lib/python3.8/site-packages/airflow/example_dags/example_xcomargs.py for tasks to queue
[2023-12-15T12:02:00.528+0000] {logging_mixin.py:154} INFO - [2023-12-15T12:02:00.527+0000] {dagbag.py:536} INFO - Filling up the DagBag from /home/airflow/.local/lib/python3.8/site-packages/airflow/example_dags/example_xcomargs.py
[2023-12-15T12:02:00.542+0000] {processor.py:839} INFO - DAG(s) dict_keys(['example_xcom_args', 'example_xcom_args_with_operators']) retrieved from /home/airflow/.local/lib/python3.8/site-packages/airflow/example_dags/example_xcomargs.py
[2023-12-15T12:02:00.592+0000] {logging_mixin.py:154} INFO - [2023-12-15T12:02:00.592+0000] {dag.py:2941} INFO - Sync 2 DAGs
[2023-12-15T12:02:00.663+0000] {logging_mixin.py:154} INFO - [2023-12-15T12:02:00.655+0000] {dag.py:3722} INFO - Setting next_dagrun for example_xcom_args to None, run_after=None
[2023-12-15T12:02:00.759+0000] {logging_mixin.py:154} INFO - [2023-12-15T12:02:00.759+0000] {dag.py:3722} INFO - Setting next_dagrun for example_xcom_args_with_operators to None, run_after=None
[2023-12-15T12:02:00.785+0000] {processor.py:179} INFO - Processing /home/airflow/.local/lib/python3.8/site-packages/airflow/example_dags/example_xcomargs.py took 0.271 seconds
[2023-12-15T12:02:31.714+0000] {processor.py:157} INFO - Started process (PID=2619) to work on /home/airflow/.local/lib/python3.8/site-packages/airflow/example_dags/example_xcomargs.py
[2023-12-15T12:02:31.717+0000] {processor.py:829} INFO - Processing file /home/airflow/.local/lib/python3.8/site-packages/airflow/example_dags/example_xcomargs.py for tasks to queue
[2023-12-15T12:02:31.726+0000] {logging_mixin.py:154} INFO - [2023-12-15T12:02:31.726+0000] {dagbag.py:536} INFO - Filling up the DagBag from /home/airflow/.local/lib/python3.8/site-packages/airflow/example_dags/example_xcomargs.py
[2023-12-15T12:02:31.746+0000] {processor.py:839} INFO - DAG(s) dict_keys(['example_xcom_args', 'example_xcom_args_with_operators']) retrieved from /home/airflow/.local/lib/python3.8/site-packages/airflow/example_dags/example_xcomargs.py
[2023-12-15T12:02:31.786+0000] {logging_mixin.py:154} INFO - [2023-12-15T12:02:31.786+0000] {dag.py:2941} INFO - Sync 2 DAGs
[2023-12-15T12:02:31.799+0000] {logging_mixin.py:154} INFO - [2023-12-15T12:02:31.799+0000] {dag.py:3722} INFO - Setting next_dagrun for example_xcom_args to None, run_after=None
[2023-12-15T12:02:31.803+0000] {logging_mixin.py:154} INFO - [2023-12-15T12:02:31.803+0000] {dag.py:3722} INFO - Setting next_dagrun for example_xcom_args_with_operators to None, run_after=None
[2023-12-15T12:02:31.829+0000] {processor.py:179} INFO - Processing /home/airflow/.local/lib/python3.8/site-packages/airflow/example_dags/example_xcomargs.py took 0.120 seconds
[2023-12-15T12:03:02.915+0000] {processor.py:157} INFO - Started process (PID=2673) to work on /home/airflow/.local/lib/python3.8/site-packages/airflow/example_dags/example_xcomargs.py
[2023-12-15T12:03:02.917+0000] {processor.py:829} INFO - Processing file /home/airflow/.local/lib/python3.8/site-packages/airflow/example_dags/example_xcomargs.py for tasks to queue
[2023-12-15T12:03:02.921+0000] {logging_mixin.py:154} INFO - [2023-12-15T12:03:02.920+0000] {dagbag.py:536} INFO - Filling up the DagBag from /home/airflow/.local/lib/python3.8/site-packages/airflow/example_dags/example_xcomargs.py
[2023-12-15T12:03:02.944+0000] {processor.py:839} INFO - DAG(s) dict_keys(['example_xcom_args', 'example_xcom_args_with_operators']) retrieved from /home/airflow/.local/lib/python3.8/site-packages/airflow/example_dags/example_xcomargs.py
[2023-12-15T12:03:02.981+0000] {logging_mixin.py:154} INFO - [2023-12-15T12:03:02.980+0000] {dag.py:2941} INFO - Sync 2 DAGs
[2023-12-15T12:03:03.013+0000] {logging_mixin.py:154} INFO - [2023-12-15T12:03:03.013+0000] {dag.py:3722} INFO - Setting next_dagrun for example_xcom_args to None, run_after=None
[2023-12-15T12:03:03.023+0000] {logging_mixin.py:154} INFO - [2023-12-15T12:03:03.023+0000] {dag.py:3722} INFO - Setting next_dagrun for example_xcom_args_with_operators to None, run_after=None
[2023-12-15T12:03:03.082+0000] {processor.py:179} INFO - Processing /home/airflow/.local/lib/python3.8/site-packages/airflow/example_dags/example_xcomargs.py took 0.169 seconds
[2023-12-15T12:03:34.175+0000] {processor.py:157} INFO - Started process (PID=2727) to work on /home/airflow/.local/lib/python3.8/site-packages/airflow/example_dags/example_xcomargs.py
[2023-12-15T12:03:34.177+0000] {processor.py:829} INFO - Processing file /home/airflow/.local/lib/python3.8/site-packages/airflow/example_dags/example_xcomargs.py for tasks to queue
[2023-12-15T12:03:34.181+0000] {logging_mixin.py:154} INFO - [2023-12-15T12:03:34.181+0000] {dagbag.py:536} INFO - Filling up the DagBag from /home/airflow/.local/lib/python3.8/site-packages/airflow/example_dags/example_xcomargs.py
[2023-12-15T12:03:34.198+0000] {processor.py:839} INFO - DAG(s) dict_keys(['example_xcom_args_with_operators', 'example_xcom_args']) retrieved from /home/airflow/.local/lib/python3.8/site-packages/airflow/example_dags/example_xcomargs.py
[2023-12-15T12:03:34.261+0000] {logging_mixin.py:154} INFO - [2023-12-15T12:03:34.261+0000] {dag.py:2941} INFO - Sync 2 DAGs
[2023-12-15T12:03:34.287+0000] {logging_mixin.py:154} INFO - [2023-12-15T12:03:34.287+0000] {dag.py:3722} INFO - Setting next_dagrun for example_xcom_args to None, run_after=None
[2023-12-15T12:03:34.310+0000] {logging_mixin.py:154} INFO - [2023-12-15T12:03:34.310+0000] {dag.py:3722} INFO - Setting next_dagrun for example_xcom_args_with_operators to None, run_after=None
[2023-12-15T12:03:34.369+0000] {processor.py:179} INFO - Processing /home/airflow/.local/lib/python3.8/site-packages/airflow/example_dags/example_xcomargs.py took 0.200 seconds
[2023-12-15T12:04:05.793+0000] {processor.py:157} INFO - Started process (PID=2781) to work on /home/airflow/.local/lib/python3.8/site-packages/airflow/example_dags/example_xcomargs.py
[2023-12-15T12:04:05.795+0000] {processor.py:829} INFO - Processing file /home/airflow/.local/lib/python3.8/site-packages/airflow/example_dags/example_xcomargs.py for tasks to queue
[2023-12-15T12:04:05.799+0000] {logging_mixin.py:154} INFO - [2023-12-15T12:04:05.799+0000] {dagbag.py:536} INFO - Filling up the DagBag from /home/airflow/.local/lib/python3.8/site-packages/airflow/example_dags/example_xcomargs.py
[2023-12-15T12:04:05.813+0000] {processor.py:839} INFO - DAG(s) dict_keys(['example_xcom_args_with_operators', 'example_xcom_args']) retrieved from /home/airflow/.local/lib/python3.8/site-packages/airflow/example_dags/example_xcomargs.py
[2023-12-15T12:04:05.845+0000] {logging_mixin.py:154} INFO - [2023-12-15T12:04:05.845+0000] {dag.py:2941} INFO - Sync 2 DAGs
[2023-12-15T12:04:06.032+0000] {logging_mixin.py:154} INFO - [2023-12-15T12:04:06.031+0000] {dag.py:3722} INFO - Setting next_dagrun for example_xcom_args to None, run_after=None
[2023-12-15T12:04:06.049+0000] {logging_mixin.py:154} INFO - [2023-12-15T12:04:06.049+0000] {dag.py:3722} INFO - Setting next_dagrun for example_xcom_args_with_operators to None, run_after=None
[2023-12-15T12:04:06.227+0000] {processor.py:179} INFO - Processing /home/airflow/.local/lib/python3.8/site-packages/airflow/example_dags/example_xcomargs.py took 0.437 seconds
[2023-12-15T12:04:37.681+0000] {processor.py:157} INFO - Started process (PID=2833) to work on /home/airflow/.local/lib/python3.8/site-packages/airflow/example_dags/example_xcomargs.py
[2023-12-15T12:04:37.704+0000] {processor.py:829} INFO - Processing file /home/airflow/.local/lib/python3.8/site-packages/airflow/example_dags/example_xcomargs.py for tasks to queue
[2023-12-15T12:04:37.713+0000] {logging_mixin.py:154} INFO - [2023-12-15T12:04:37.712+0000] {dagbag.py:536} INFO - Filling up the DagBag from /home/airflow/.local/lib/python3.8/site-packages/airflow/example_dags/example_xcomargs.py
[2023-12-15T12:04:37.747+0000] {processor.py:839} INFO - DAG(s) dict_keys(['example_xcom_args_with_operators', 'example_xcom_args']) retrieved from /home/airflow/.local/lib/python3.8/site-packages/airflow/example_dags/example_xcomargs.py
[2023-12-15T12:04:37.838+0000] {logging_mixin.py:154} INFO - [2023-12-15T12:04:37.838+0000] {dag.py:2941} INFO - Sync 2 DAGs
[2023-12-15T12:04:37.873+0000] {logging_mixin.py:154} INFO - [2023-12-15T12:04:37.872+0000] {dag.py:3722} INFO - Setting next_dagrun for example_xcom_args to None, run_after=None
[2023-12-15T12:04:37.878+0000] {logging_mixin.py:154} INFO - [2023-12-15T12:04:37.878+0000] {dag.py:3722} INFO - Setting next_dagrun for example_xcom_args_with_operators to None, run_after=None
[2023-12-15T12:04:37.901+0000] {processor.py:179} INFO - Processing /home/airflow/.local/lib/python3.8/site-packages/airflow/example_dags/example_xcomargs.py took 0.234 seconds
[2023-12-15T12:05:08.831+0000] {processor.py:157} INFO - Started process (PID=2887) to work on /home/airflow/.local/lib/python3.8/site-packages/airflow/example_dags/example_xcomargs.py
[2023-12-15T12:05:08.833+0000] {processor.py:829} INFO - Processing file /home/airflow/.local/lib/python3.8/site-packages/airflow/example_dags/example_xcomargs.py for tasks to queue
[2023-12-15T12:05:08.838+0000] {logging_mixin.py:154} INFO - [2023-12-15T12:05:08.837+0000] {dagbag.py:536} INFO - Filling up the DagBag from /home/airflow/.local/lib/python3.8/site-packages/airflow/example_dags/example_xcomargs.py
[2023-12-15T12:05:08.861+0000] {processor.py:839} INFO - DAG(s) dict_keys(['example_xcom_args_with_operators', 'example_xcom_args']) retrieved from /home/airflow/.local/lib/python3.8/site-packages/airflow/example_dags/example_xcomargs.py
[2023-12-15T12:05:08.921+0000] {logging_mixin.py:154} INFO - [2023-12-15T12:05:08.921+0000] {dag.py:2941} INFO - Sync 2 DAGs
[2023-12-15T12:05:08.947+0000] {logging_mixin.py:154} INFO - [2023-12-15T12:05:08.947+0000] {dag.py:3722} INFO - Setting next_dagrun for example_xcom_args to None, run_after=None
[2023-12-15T12:05:08.952+0000] {logging_mixin.py:154} INFO - [2023-12-15T12:05:08.952+0000] {dag.py:3722} INFO - Setting next_dagrun for example_xcom_args_with_operators to None, run_after=None
[2023-12-15T12:05:08.976+0000] {processor.py:179} INFO - Processing /home/airflow/.local/lib/python3.8/site-packages/airflow/example_dags/example_xcomargs.py took 0.156 seconds
[2023-12-15T12:05:41.664+0000] {processor.py:157} INFO - Started process (PID=2941) to work on /home/airflow/.local/lib/python3.8/site-packages/airflow/example_dags/example_xcomargs.py
[2023-12-15T12:05:41.694+0000] {processor.py:829} INFO - Processing file /home/airflow/.local/lib/python3.8/site-packages/airflow/example_dags/example_xcomargs.py for tasks to queue
[2023-12-15T12:05:41.769+0000] {logging_mixin.py:154} INFO - [2023-12-15T12:05:41.767+0000] {dagbag.py:536} INFO - Filling up the DagBag from /home/airflow/.local/lib/python3.8/site-packages/airflow/example_dags/example_xcomargs.py
[2023-12-15T12:05:41.909+0000] {processor.py:839} INFO - DAG(s) dict_keys(['example_xcom_args', 'example_xcom_args_with_operators']) retrieved from /home/airflow/.local/lib/python3.8/site-packages/airflow/example_dags/example_xcomargs.py
[2023-12-15T12:05:42.147+0000] {logging_mixin.py:154} INFO - [2023-12-15T12:05:42.146+0000] {dag.py:2941} INFO - Sync 2 DAGs
[2023-12-15T12:05:42.207+0000] {logging_mixin.py:154} INFO - [2023-12-15T12:05:42.207+0000] {dag.py:3722} INFO - Setting next_dagrun for example_xcom_args to None, run_after=None
[2023-12-15T12:05:42.225+0000] {logging_mixin.py:154} INFO - [2023-12-15T12:05:42.224+0000] {dag.py:3722} INFO - Setting next_dagrun for example_xcom_args_with_operators to None, run_after=None
[2023-12-15T12:05:42.257+0000] {processor.py:179} INFO - Processing /home/airflow/.local/lib/python3.8/site-packages/airflow/example_dags/example_xcomargs.py took 0.641 seconds
[2023-12-15T12:06:12.928+0000] {processor.py:157} INFO - Started process (PID=2995) to work on /home/airflow/.local/lib/python3.8/site-packages/airflow/example_dags/example_xcomargs.py
[2023-12-15T12:06:12.932+0000] {processor.py:829} INFO - Processing file /home/airflow/.local/lib/python3.8/site-packages/airflow/example_dags/example_xcomargs.py for tasks to queue
[2023-12-15T12:06:12.940+0000] {logging_mixin.py:154} INFO - [2023-12-15T12:06:12.939+0000] {dagbag.py:536} INFO - Filling up the DagBag from /home/airflow/.local/lib/python3.8/site-packages/airflow/example_dags/example_xcomargs.py
[2023-12-15T12:06:12.983+0000] {processor.py:839} INFO - DAG(s) dict_keys(['example_xcom_args', 'example_xcom_args_with_operators']) retrieved from /home/airflow/.local/lib/python3.8/site-packages/airflow/example_dags/example_xcomargs.py
[2023-12-15T12:06:13.061+0000] {logging_mixin.py:154} INFO - [2023-12-15T12:06:13.060+0000] {dag.py:2941} INFO - Sync 2 DAGs
[2023-12-15T12:06:13.113+0000] {logging_mixin.py:154} INFO - [2023-12-15T12:06:13.112+0000] {dag.py:3722} INFO - Setting next_dagrun for example_xcom_args to None, run_after=None
[2023-12-15T12:06:13.137+0000] {logging_mixin.py:154} INFO - [2023-12-15T12:06:13.136+0000] {dag.py:3722} INFO - Setting next_dagrun for example_xcom_args_with_operators to None, run_after=None
[2023-12-15T12:06:13.204+0000] {processor.py:179} INFO - Processing /home/airflow/.local/lib/python3.8/site-packages/airflow/example_dags/example_xcomargs.py took 0.291 seconds
[2023-12-15T12:06:43.444+0000] {processor.py:157} INFO - Started process (PID=3048) to work on /home/airflow/.local/lib/python3.8/site-packages/airflow/example_dags/example_xcomargs.py
[2023-12-15T12:06:43.448+0000] {processor.py:829} INFO - Processing file /home/airflow/.local/lib/python3.8/site-packages/airflow/example_dags/example_xcomargs.py for tasks to queue
[2023-12-15T12:06:43.460+0000] {logging_mixin.py:154} INFO - [2023-12-15T12:06:43.459+0000] {dagbag.py:536} INFO - Filling up the DagBag from /home/airflow/.local/lib/python3.8/site-packages/airflow/example_dags/example_xcomargs.py
[2023-12-15T12:06:43.504+0000] {processor.py:839} INFO - DAG(s) dict_keys(['example_xcom_args_with_operators', 'example_xcom_args']) retrieved from /home/airflow/.local/lib/python3.8/site-packages/airflow/example_dags/example_xcomargs.py
[2023-12-15T12:06:43.668+0000] {logging_mixin.py:154} INFO - [2023-12-15T12:06:43.667+0000] {dag.py:2941} INFO - Sync 2 DAGs
[2023-12-15T12:06:43.713+0000] {logging_mixin.py:154} INFO - [2023-12-15T12:06:43.713+0000] {dag.py:3722} INFO - Setting next_dagrun for example_xcom_args to None, run_after=None
[2023-12-15T12:06:43.719+0000] {logging_mixin.py:154} INFO - [2023-12-15T12:06:43.719+0000] {dag.py:3722} INFO - Setting next_dagrun for example_xcom_args_with_operators to None, run_after=None
[2023-12-15T12:06:43.744+0000] {processor.py:179} INFO - Processing /home/airflow/.local/lib/python3.8/site-packages/airflow/example_dags/example_xcomargs.py took 0.310 seconds
[2023-12-15T12:07:14.157+0000] {processor.py:157} INFO - Started process (PID=3101) to work on /home/airflow/.local/lib/python3.8/site-packages/airflow/example_dags/example_xcomargs.py
[2023-12-15T12:07:14.163+0000] {processor.py:829} INFO - Processing file /home/airflow/.local/lib/python3.8/site-packages/airflow/example_dags/example_xcomargs.py for tasks to queue
[2023-12-15T12:07:14.168+0000] {logging_mixin.py:154} INFO - [2023-12-15T12:07:14.168+0000] {dagbag.py:536} INFO - Filling up the DagBag from /home/airflow/.local/lib/python3.8/site-packages/airflow/example_dags/example_xcomargs.py
[2023-12-15T12:07:14.199+0000] {processor.py:839} INFO - DAG(s) dict_keys(['example_xcom_args_with_operators', 'example_xcom_args']) retrieved from /home/airflow/.local/lib/python3.8/site-packages/airflow/example_dags/example_xcomargs.py
[2023-12-15T12:07:14.244+0000] {logging_mixin.py:154} INFO - [2023-12-15T12:07:14.244+0000] {dag.py:2941} INFO - Sync 2 DAGs
[2023-12-15T12:07:14.273+0000] {logging_mixin.py:154} INFO - [2023-12-15T12:07:14.273+0000] {dag.py:3722} INFO - Setting next_dagrun for example_xcom_args to None, run_after=None
[2023-12-15T12:07:14.277+0000] {logging_mixin.py:154} INFO - [2023-12-15T12:07:14.277+0000] {dag.py:3722} INFO - Setting next_dagrun for example_xcom_args_with_operators to None, run_after=None
[2023-12-15T12:07:14.297+0000] {processor.py:179} INFO - Processing /home/airflow/.local/lib/python3.8/site-packages/airflow/example_dags/example_xcomargs.py took 0.158 seconds
[2023-12-15T12:07:44.387+0000] {processor.py:157} INFO - Started process (PID=3155) to work on /home/airflow/.local/lib/python3.8/site-packages/airflow/example_dags/example_xcomargs.py
[2023-12-15T12:07:44.390+0000] {processor.py:829} INFO - Processing file /home/airflow/.local/lib/python3.8/site-packages/airflow/example_dags/example_xcomargs.py for tasks to queue
[2023-12-15T12:07:44.396+0000] {logging_mixin.py:154} INFO - [2023-12-15T12:07:44.396+0000] {dagbag.py:536} INFO - Filling up the DagBag from /home/airflow/.local/lib/python3.8/site-packages/airflow/example_dags/example_xcomargs.py
[2023-12-15T12:07:44.424+0000] {processor.py:839} INFO - DAG(s) dict_keys(['example_xcom_args', 'example_xcom_args_with_operators']) retrieved from /home/airflow/.local/lib/python3.8/site-packages/airflow/example_dags/example_xcomargs.py
[2023-12-15T12:07:44.470+0000] {logging_mixin.py:154} INFO - [2023-12-15T12:07:44.470+0000] {dag.py:2941} INFO - Sync 2 DAGs
[2023-12-15T12:07:44.481+0000] {logging_mixin.py:154} INFO - [2023-12-15T12:07:44.481+0000] {dag.py:3722} INFO - Setting next_dagrun for example_xcom_args to None, run_after=None
[2023-12-15T12:07:44.483+0000] {logging_mixin.py:154} INFO - [2023-12-15T12:07:44.483+0000] {dag.py:3722} INFO - Setting next_dagrun for example_xcom_args_with_operators to None, run_after=None
[2023-12-15T12:07:44.500+0000] {processor.py:179} INFO - Processing /home/airflow/.local/lib/python3.8/site-packages/airflow/example_dags/example_xcomargs.py took 0.120 seconds
[2023-12-15T12:08:15.536+0000] {processor.py:157} INFO - Started process (PID=3209) to work on /home/airflow/.local/lib/python3.8/site-packages/airflow/example_dags/example_xcomargs.py
[2023-12-15T12:08:15.541+0000] {processor.py:829} INFO - Processing file /home/airflow/.local/lib/python3.8/site-packages/airflow/example_dags/example_xcomargs.py for tasks to queue
[2023-12-15T12:08:15.550+0000] {logging_mixin.py:154} INFO - [2023-12-15T12:08:15.549+0000] {dagbag.py:536} INFO - Filling up the DagBag from /home/airflow/.local/lib/python3.8/site-packages/airflow/example_dags/example_xcomargs.py
[2023-12-15T12:08:15.646+0000] {processor.py:839} INFO - DAG(s) dict_keys(['example_xcom_args', 'example_xcom_args_with_operators']) retrieved from /home/airflow/.local/lib/python3.8/site-packages/airflow/example_dags/example_xcomargs.py
[2023-12-15T12:08:15.759+0000] {logging_mixin.py:154} INFO - [2023-12-15T12:08:15.759+0000] {dag.py:2941} INFO - Sync 2 DAGs
[2023-12-15T12:08:15.789+0000] {logging_mixin.py:154} INFO - [2023-12-15T12:08:15.789+0000] {dag.py:3722} INFO - Setting next_dagrun for example_xcom_args to None, run_after=None
[2023-12-15T12:08:15.795+0000] {logging_mixin.py:154} INFO - [2023-12-15T12:08:15.795+0000] {dag.py:3722} INFO - Setting next_dagrun for example_xcom_args_with_operators to None, run_after=None
[2023-12-15T12:08:15.852+0000] {processor.py:179} INFO - Processing /home/airflow/.local/lib/python3.8/site-packages/airflow/example_dags/example_xcomargs.py took 0.320 seconds
[2023-12-15T12:08:46.158+0000] {processor.py:157} INFO - Started process (PID=3263) to work on /home/airflow/.local/lib/python3.8/site-packages/airflow/example_dags/example_xcomargs.py
[2023-12-15T12:08:46.160+0000] {processor.py:829} INFO - Processing file /home/airflow/.local/lib/python3.8/site-packages/airflow/example_dags/example_xcomargs.py for tasks to queue
[2023-12-15T12:08:46.165+0000] {logging_mixin.py:154} INFO - [2023-12-15T12:08:46.164+0000] {dagbag.py:536} INFO - Filling up the DagBag from /home/airflow/.local/lib/python3.8/site-packages/airflow/example_dags/example_xcomargs.py
[2023-12-15T12:08:46.179+0000] {processor.py:839} INFO - DAG(s) dict_keys(['example_xcom_args_with_operators', 'example_xcom_args']) retrieved from /home/airflow/.local/lib/python3.8/site-packages/airflow/example_dags/example_xcomargs.py
[2023-12-15T12:08:46.339+0000] {logging_mixin.py:154} INFO - [2023-12-15T12:08:46.339+0000] {dag.py:2941} INFO - Sync 2 DAGs
[2023-12-15T12:08:46.367+0000] {logging_mixin.py:154} INFO - [2023-12-15T12:08:46.367+0000] {dag.py:3722} INFO - Setting next_dagrun for example_xcom_args to None, run_after=None
[2023-12-15T12:08:46.373+0000] {logging_mixin.py:154} INFO - [2023-12-15T12:08:46.372+0000] {dag.py:3722} INFO - Setting next_dagrun for example_xcom_args_with_operators to None, run_after=None
[2023-12-15T12:08:46.402+0000] {processor.py:179} INFO - Processing /home/airflow/.local/lib/python3.8/site-packages/airflow/example_dags/example_xcomargs.py took 0.247 seconds
[2023-12-15T12:09:18.079+0000] {processor.py:157} INFO - Started process (PID=3316) to work on /home/airflow/.local/lib/python3.8/site-packages/airflow/example_dags/example_xcomargs.py
[2023-12-15T12:09:18.084+0000] {processor.py:829} INFO - Processing file /home/airflow/.local/lib/python3.8/site-packages/airflow/example_dags/example_xcomargs.py for tasks to queue
[2023-12-15T12:09:18.089+0000] {logging_mixin.py:154} INFO - [2023-12-15T12:09:18.089+0000] {dagbag.py:536} INFO - Filling up the DagBag from /home/airflow/.local/lib/python3.8/site-packages/airflow/example_dags/example_xcomargs.py
[2023-12-15T12:09:18.119+0000] {processor.py:839} INFO - DAG(s) dict_keys(['example_xcom_args', 'example_xcom_args_with_operators']) retrieved from /home/airflow/.local/lib/python3.8/site-packages/airflow/example_dags/example_xcomargs.py
[2023-12-15T12:09:18.152+0000] {logging_mixin.py:154} INFO - [2023-12-15T12:09:18.152+0000] {dag.py:2941} INFO - Sync 2 DAGs
[2023-12-15T12:09:18.169+0000] {logging_mixin.py:154} INFO - [2023-12-15T12:09:18.168+0000] {dag.py:3722} INFO - Setting next_dagrun for example_xcom_args to None, run_after=None
[2023-12-15T12:09:18.175+0000] {logging_mixin.py:154} INFO - [2023-12-15T12:09:18.175+0000] {dag.py:3722} INFO - Setting next_dagrun for example_xcom_args_with_operators to None, run_after=None
[2023-12-15T12:09:18.196+0000] {processor.py:179} INFO - Processing /home/airflow/.local/lib/python3.8/site-packages/airflow/example_dags/example_xcomargs.py took 0.124 seconds
[2023-12-15T12:09:49.643+0000] {processor.py:157} INFO - Started process (PID=3369) to work on /home/airflow/.local/lib/python3.8/site-packages/airflow/example_dags/example_xcomargs.py
[2023-12-15T12:09:49.653+0000] {processor.py:829} INFO - Processing file /home/airflow/.local/lib/python3.8/site-packages/airflow/example_dags/example_xcomargs.py for tasks to queue
[2023-12-15T12:09:49.657+0000] {logging_mixin.py:154} INFO - [2023-12-15T12:09:49.657+0000] {dagbag.py:536} INFO - Filling up the DagBag from /home/airflow/.local/lib/python3.8/site-packages/airflow/example_dags/example_xcomargs.py
[2023-12-15T12:09:49.674+0000] {processor.py:839} INFO - DAG(s) dict_keys(['example_xcom_args_with_operators', 'example_xcom_args']) retrieved from /home/airflow/.local/lib/python3.8/site-packages/airflow/example_dags/example_xcomargs.py
[2023-12-15T12:09:49.717+0000] {logging_mixin.py:154} INFO - [2023-12-15T12:09:49.716+0000] {dag.py:2941} INFO - Sync 2 DAGs
[2023-12-15T12:09:49.726+0000] {logging_mixin.py:154} INFO - [2023-12-15T12:09:49.726+0000] {dag.py:3722} INFO - Setting next_dagrun for example_xcom_args to None, run_after=None
[2023-12-15T12:09:49.727+0000] {logging_mixin.py:154} INFO - [2023-12-15T12:09:49.727+0000] {dag.py:3722} INFO - Setting next_dagrun for example_xcom_args_with_operators to None, run_after=None
[2023-12-15T12:09:49.747+0000] {processor.py:179} INFO - Processing /home/airflow/.local/lib/python3.8/site-packages/airflow/example_dags/example_xcomargs.py took 0.114 seconds
[2023-12-15T12:10:20.399+0000] {processor.py:157} INFO - Started process (PID=3423) to work on /home/airflow/.local/lib/python3.8/site-packages/airflow/example_dags/example_xcomargs.py
[2023-12-15T12:10:20.401+0000] {processor.py:829} INFO - Processing file /home/airflow/.local/lib/python3.8/site-packages/airflow/example_dags/example_xcomargs.py for tasks to queue
[2023-12-15T12:10:20.404+0000] {logging_mixin.py:154} INFO - [2023-12-15T12:10:20.403+0000] {dagbag.py:536} INFO - Filling up the DagBag from /home/airflow/.local/lib/python3.8/site-packages/airflow/example_dags/example_xcomargs.py
[2023-12-15T12:10:20.437+0000] {processor.py:839} INFO - DAG(s) dict_keys(['example_xcom_args_with_operators', 'example_xcom_args']) retrieved from /home/airflow/.local/lib/python3.8/site-packages/airflow/example_dags/example_xcomargs.py
[2023-12-15T12:10:20.489+0000] {logging_mixin.py:154} INFO - [2023-12-15T12:10:20.489+0000] {dag.py:2941} INFO - Sync 2 DAGs
[2023-12-15T12:10:20.511+0000] {logging_mixin.py:154} INFO - [2023-12-15T12:10:20.510+0000] {dag.py:3722} INFO - Setting next_dagrun for example_xcom_args to None, run_after=None
[2023-12-15T12:10:20.519+0000] {logging_mixin.py:154} INFO - [2023-12-15T12:10:20.519+0000] {dag.py:3722} INFO - Setting next_dagrun for example_xcom_args_with_operators to None, run_after=None
[2023-12-15T12:10:20.550+0000] {processor.py:179} INFO - Processing /home/airflow/.local/lib/python3.8/site-packages/airflow/example_dags/example_xcomargs.py took 0.155 seconds
