[2023-12-15T11:37:05.386+0000] {processor.py:157} INFO - Started process (PID=77) to work on /home/airflow/.local/lib/python3.8/site-packages/airflow/example_dags/example_sensors.py
[2023-12-15T11:37:05.427+0000] {processor.py:829} INFO - Processing file /home/airflow/.local/lib/python3.8/site-packages/airflow/example_dags/example_sensors.py for tasks to queue
[2023-12-15T11:37:05.493+0000] {logging_mixin.py:154} INFO - [2023-12-15T11:37:05.491+0000] {dagbag.py:536} INFO - Filling up the DagBag from /home/airflow/.local/lib/python3.8/site-packages/airflow/example_dags/example_sensors.py
[2023-12-15T11:37:05.756+0000] {processor.py:839} INFO - DAG(s) dict_keys(['example_sensors']) retrieved from /home/airflow/.local/lib/python3.8/site-packages/airflow/example_dags/example_sensors.py
[2023-12-15T11:37:06.032+0000] {logging_mixin.py:154} INFO - [2023-12-15T11:37:06.031+0000] {dag.py:2941} INFO - Sync 1 DAGs
[2023-12-15T11:37:06.203+0000] {logging_mixin.py:154} INFO - [2023-12-15T11:37:06.201+0000] {dag.py:3722} INFO - Setting next_dagrun for example_sensors to None, run_after=None
[2023-12-15T11:37:06.327+0000] {processor.py:179} INFO - Processing /home/airflow/.local/lib/python3.8/site-packages/airflow/example_dags/example_sensors.py took 1.095 seconds
[2023-12-15T11:37:36.373+0000] {processor.py:157} INFO - Started process (PID=131) to work on /home/airflow/.local/lib/python3.8/site-packages/airflow/example_dags/example_sensors.py
[2023-12-15T11:37:36.374+0000] {processor.py:829} INFO - Processing file /home/airflow/.local/lib/python3.8/site-packages/airflow/example_dags/example_sensors.py for tasks to queue
[2023-12-15T11:37:36.376+0000] {logging_mixin.py:154} INFO - [2023-12-15T11:37:36.376+0000] {dagbag.py:536} INFO - Filling up the DagBag from /home/airflow/.local/lib/python3.8/site-packages/airflow/example_dags/example_sensors.py
[2023-12-15T11:37:36.385+0000] {processor.py:839} INFO - DAG(s) dict_keys(['example_sensors']) retrieved from /home/airflow/.local/lib/python3.8/site-packages/airflow/example_dags/example_sensors.py
[2023-12-15T11:37:36.404+0000] {logging_mixin.py:154} INFO - [2023-12-15T11:37:36.404+0000] {dag.py:2941} INFO - Sync 1 DAGs
[2023-12-15T11:37:36.414+0000] {logging_mixin.py:154} INFO - [2023-12-15T11:37:36.414+0000] {dag.py:3722} INFO - Setting next_dagrun for example_sensors to None, run_after=None
[2023-12-15T11:37:36.427+0000] {processor.py:179} INFO - Processing /home/airflow/.local/lib/python3.8/site-packages/airflow/example_dags/example_sensors.py took 0.058 seconds
[2023-12-15T11:38:07.362+0000] {processor.py:157} INFO - Started process (PID=185) to work on /home/airflow/.local/lib/python3.8/site-packages/airflow/example_dags/example_sensors.py
[2023-12-15T11:38:07.364+0000] {processor.py:829} INFO - Processing file /home/airflow/.local/lib/python3.8/site-packages/airflow/example_dags/example_sensors.py for tasks to queue
[2023-12-15T11:38:07.366+0000] {logging_mixin.py:154} INFO - [2023-12-15T11:38:07.366+0000] {dagbag.py:536} INFO - Filling up the DagBag from /home/airflow/.local/lib/python3.8/site-packages/airflow/example_dags/example_sensors.py
[2023-12-15T11:38:07.373+0000] {processor.py:839} INFO - DAG(s) dict_keys(['example_sensors']) retrieved from /home/airflow/.local/lib/python3.8/site-packages/airflow/example_dags/example_sensors.py
[2023-12-15T11:38:07.392+0000] {logging_mixin.py:154} INFO - [2023-12-15T11:38:07.392+0000] {dag.py:2941} INFO - Sync 1 DAGs
[2023-12-15T11:38:07.401+0000] {logging_mixin.py:154} INFO - [2023-12-15T11:38:07.401+0000] {dag.py:3722} INFO - Setting next_dagrun for example_sensors to None, run_after=None
[2023-12-15T11:38:07.412+0000] {processor.py:179} INFO - Processing /home/airflow/.local/lib/python3.8/site-packages/airflow/example_dags/example_sensors.py took 0.054 seconds
[2023-12-15T11:38:38.334+0000] {processor.py:157} INFO - Started process (PID=239) to work on /home/airflow/.local/lib/python3.8/site-packages/airflow/example_dags/example_sensors.py
[2023-12-15T11:38:38.337+0000] {processor.py:829} INFO - Processing file /home/airflow/.local/lib/python3.8/site-packages/airflow/example_dags/example_sensors.py for tasks to queue
[2023-12-15T11:38:38.345+0000] {logging_mixin.py:154} INFO - [2023-12-15T11:38:38.344+0000] {dagbag.py:536} INFO - Filling up the DagBag from /home/airflow/.local/lib/python3.8/site-packages/airflow/example_dags/example_sensors.py
[2023-12-15T11:38:38.384+0000] {processor.py:839} INFO - DAG(s) dict_keys(['example_sensors']) retrieved from /home/airflow/.local/lib/python3.8/site-packages/airflow/example_dags/example_sensors.py
[2023-12-15T11:38:38.461+0000] {logging_mixin.py:154} INFO - [2023-12-15T11:38:38.460+0000] {dag.py:2941} INFO - Sync 1 DAGs
[2023-12-15T11:38:38.502+0000] {logging_mixin.py:154} INFO - [2023-12-15T11:38:38.502+0000] {dag.py:3722} INFO - Setting next_dagrun for example_sensors to None, run_after=None
[2023-12-15T11:38:38.533+0000] {processor.py:179} INFO - Processing /home/airflow/.local/lib/python3.8/site-packages/airflow/example_dags/example_sensors.py took 0.220 seconds
[2023-12-15T11:39:09.162+0000] {processor.py:157} INFO - Started process (PID=292) to work on /home/airflow/.local/lib/python3.8/site-packages/airflow/example_dags/example_sensors.py
[2023-12-15T11:39:09.174+0000] {processor.py:829} INFO - Processing file /home/airflow/.local/lib/python3.8/site-packages/airflow/example_dags/example_sensors.py for tasks to queue
[2023-12-15T11:39:09.199+0000] {logging_mixin.py:154} INFO - [2023-12-15T11:39:09.196+0000] {dagbag.py:536} INFO - Filling up the DagBag from /home/airflow/.local/lib/python3.8/site-packages/airflow/example_dags/example_sensors.py
[2023-12-15T11:39:09.246+0000] {processor.py:839} INFO - DAG(s) dict_keys(['example_sensors']) retrieved from /home/airflow/.local/lib/python3.8/site-packages/airflow/example_dags/example_sensors.py
[2023-12-15T11:39:09.383+0000] {logging_mixin.py:154} INFO - [2023-12-15T11:39:09.383+0000] {dag.py:2941} INFO - Sync 1 DAGs
[2023-12-15T11:39:09.411+0000] {logging_mixin.py:154} INFO - [2023-12-15T11:39:09.411+0000] {dag.py:3722} INFO - Setting next_dagrun for example_sensors to None, run_after=None
[2023-12-15T11:39:09.440+0000] {processor.py:179} INFO - Processing /home/airflow/.local/lib/python3.8/site-packages/airflow/example_dags/example_sensors.py took 0.338 seconds
[2023-12-15T11:39:45.351+0000] {processor.py:157} INFO - Started process (PID=346) to work on /home/airflow/.local/lib/python3.8/site-packages/airflow/example_dags/example_sensors.py
[2023-12-15T11:39:45.356+0000] {processor.py:829} INFO - Processing file /home/airflow/.local/lib/python3.8/site-packages/airflow/example_dags/example_sensors.py for tasks to queue
[2023-12-15T11:39:45.367+0000] {logging_mixin.py:154} INFO - [2023-12-15T11:39:45.366+0000] {dagbag.py:536} INFO - Filling up the DagBag from /home/airflow/.local/lib/python3.8/site-packages/airflow/example_dags/example_sensors.py
[2023-12-15T11:39:45.407+0000] {processor.py:839} INFO - DAG(s) dict_keys(['example_sensors']) retrieved from /home/airflow/.local/lib/python3.8/site-packages/airflow/example_dags/example_sensors.py
[2023-12-15T11:39:45.502+0000] {logging_mixin.py:154} INFO - [2023-12-15T11:39:45.502+0000] {dag.py:2941} INFO - Sync 1 DAGs
[2023-12-15T11:39:45.543+0000] {logging_mixin.py:154} INFO - [2023-12-15T11:39:45.543+0000] {dag.py:3722} INFO - Setting next_dagrun for example_sensors to None, run_after=None
[2023-12-15T11:39:45.577+0000] {processor.py:179} INFO - Processing /home/airflow/.local/lib/python3.8/site-packages/airflow/example_dags/example_sensors.py took 0.235 seconds
[2023-12-15T11:40:16.009+0000] {processor.py:157} INFO - Started process (PID=398) to work on /home/airflow/.local/lib/python3.8/site-packages/airflow/example_dags/example_sensors.py
[2023-12-15T11:40:16.012+0000] {processor.py:829} INFO - Processing file /home/airflow/.local/lib/python3.8/site-packages/airflow/example_dags/example_sensors.py for tasks to queue
[2023-12-15T11:40:16.014+0000] {logging_mixin.py:154} INFO - [2023-12-15T11:40:16.014+0000] {dagbag.py:536} INFO - Filling up the DagBag from /home/airflow/.local/lib/python3.8/site-packages/airflow/example_dags/example_sensors.py
[2023-12-15T11:40:16.023+0000] {processor.py:839} INFO - DAG(s) dict_keys(['example_sensors']) retrieved from /home/airflow/.local/lib/python3.8/site-packages/airflow/example_dags/example_sensors.py
[2023-12-15T11:40:16.070+0000] {logging_mixin.py:154} INFO - [2023-12-15T11:40:16.070+0000] {dag.py:2941} INFO - Sync 1 DAGs
[2023-12-15T11:40:16.106+0000] {logging_mixin.py:154} INFO - [2023-12-15T11:40:16.105+0000] {dag.py:3722} INFO - Setting next_dagrun for example_sensors to None, run_after=None
[2023-12-15T11:40:16.166+0000] {processor.py:179} INFO - Processing /home/airflow/.local/lib/python3.8/site-packages/airflow/example_dags/example_sensors.py took 0.169 seconds
[2023-12-15T11:40:46.498+0000] {processor.py:157} INFO - Started process (PID=451) to work on /home/airflow/.local/lib/python3.8/site-packages/airflow/example_dags/example_sensors.py
[2023-12-15T11:40:46.513+0000] {processor.py:829} INFO - Processing file /home/airflow/.local/lib/python3.8/site-packages/airflow/example_dags/example_sensors.py for tasks to queue
[2023-12-15T11:40:46.532+0000] {logging_mixin.py:154} INFO - [2023-12-15T11:40:46.531+0000] {dagbag.py:536} INFO - Filling up the DagBag from /home/airflow/.local/lib/python3.8/site-packages/airflow/example_dags/example_sensors.py
[2023-12-15T11:40:46.590+0000] {processor.py:839} INFO - DAG(s) dict_keys(['example_sensors']) retrieved from /home/airflow/.local/lib/python3.8/site-packages/airflow/example_dags/example_sensors.py
[2023-12-15T11:40:46.735+0000] {logging_mixin.py:154} INFO - [2023-12-15T11:40:46.733+0000] {dag.py:2941} INFO - Sync 1 DAGs
[2023-12-15T11:40:46.813+0000] {logging_mixin.py:154} INFO - [2023-12-15T11:40:46.812+0000] {dag.py:3722} INFO - Setting next_dagrun for example_sensors to None, run_after=None
[2023-12-15T11:40:46.929+0000] {processor.py:179} INFO - Processing /home/airflow/.local/lib/python3.8/site-packages/airflow/example_dags/example_sensors.py took 0.445 seconds
[2023-12-15T11:41:17.158+0000] {processor.py:157} INFO - Started process (PID=505) to work on /home/airflow/.local/lib/python3.8/site-packages/airflow/example_dags/example_sensors.py
[2023-12-15T11:41:17.161+0000] {processor.py:829} INFO - Processing file /home/airflow/.local/lib/python3.8/site-packages/airflow/example_dags/example_sensors.py for tasks to queue
[2023-12-15T11:41:17.167+0000] {logging_mixin.py:154} INFO - [2023-12-15T11:41:17.166+0000] {dagbag.py:536} INFO - Filling up the DagBag from /home/airflow/.local/lib/python3.8/site-packages/airflow/example_dags/example_sensors.py
[2023-12-15T11:41:17.195+0000] {processor.py:839} INFO - DAG(s) dict_keys(['example_sensors']) retrieved from /home/airflow/.local/lib/python3.8/site-packages/airflow/example_dags/example_sensors.py
[2023-12-15T11:41:17.347+0000] {logging_mixin.py:154} INFO - [2023-12-15T11:41:17.347+0000] {dag.py:2941} INFO - Sync 1 DAGs
[2023-12-15T11:41:17.381+0000] {logging_mixin.py:154} INFO - [2023-12-15T11:41:17.380+0000] {dag.py:3722} INFO - Setting next_dagrun for example_sensors to None, run_after=None
[2023-12-15T11:41:17.418+0000] {processor.py:179} INFO - Processing /home/airflow/.local/lib/python3.8/site-packages/airflow/example_dags/example_sensors.py took 0.266 seconds
[2023-12-15T11:41:49.772+0000] {processor.py:157} INFO - Started process (PID=559) to work on /home/airflow/.local/lib/python3.8/site-packages/airflow/example_dags/example_sensors.py
[2023-12-15T11:41:49.775+0000] {processor.py:829} INFO - Processing file /home/airflow/.local/lib/python3.8/site-packages/airflow/example_dags/example_sensors.py for tasks to queue
[2023-12-15T11:41:49.778+0000] {logging_mixin.py:154} INFO - [2023-12-15T11:41:49.777+0000] {dagbag.py:536} INFO - Filling up the DagBag from /home/airflow/.local/lib/python3.8/site-packages/airflow/example_dags/example_sensors.py
[2023-12-15T11:41:49.789+0000] {processor.py:839} INFO - DAG(s) dict_keys(['example_sensors']) retrieved from /home/airflow/.local/lib/python3.8/site-packages/airflow/example_dags/example_sensors.py
[2023-12-15T11:41:49.825+0000] {logging_mixin.py:154} INFO - [2023-12-15T11:41:49.825+0000] {dag.py:2941} INFO - Sync 1 DAGs
[2023-12-15T11:41:49.844+0000] {logging_mixin.py:154} INFO - [2023-12-15T11:41:49.844+0000] {dag.py:3722} INFO - Setting next_dagrun for example_sensors to None, run_after=None
[2023-12-15T11:41:49.870+0000] {processor.py:179} INFO - Processing /home/airflow/.local/lib/python3.8/site-packages/airflow/example_dags/example_sensors.py took 0.101 seconds
[2023-12-15T11:42:23.292+0000] {processor.py:157} INFO - Started process (PID=614) to work on /home/airflow/.local/lib/python3.8/site-packages/airflow/example_dags/example_sensors.py
[2023-12-15T11:42:23.295+0000] {processor.py:829} INFO - Processing file /home/airflow/.local/lib/python3.8/site-packages/airflow/example_dags/example_sensors.py for tasks to queue
[2023-12-15T11:42:23.302+0000] {logging_mixin.py:154} INFO - [2023-12-15T11:42:23.301+0000] {dagbag.py:536} INFO - Filling up the DagBag from /home/airflow/.local/lib/python3.8/site-packages/airflow/example_dags/example_sensors.py
[2023-12-15T11:42:23.316+0000] {processor.py:839} INFO - DAG(s) dict_keys(['example_sensors']) retrieved from /home/airflow/.local/lib/python3.8/site-packages/airflow/example_dags/example_sensors.py
[2023-12-15T11:42:23.353+0000] {logging_mixin.py:154} INFO - [2023-12-15T11:42:23.352+0000] {dag.py:2941} INFO - Sync 1 DAGs
[2023-12-15T11:42:23.375+0000] {logging_mixin.py:154} INFO - [2023-12-15T11:42:23.374+0000] {dag.py:3722} INFO - Setting next_dagrun for example_sensors to None, run_after=None
[2023-12-15T11:42:23.399+0000] {processor.py:179} INFO - Processing /home/airflow/.local/lib/python3.8/site-packages/airflow/example_dags/example_sensors.py took 0.117 seconds
[2023-12-15T11:43:04.833+0000] {processor.py:157} INFO - Started process (PID=669) to work on /home/airflow/.local/lib/python3.8/site-packages/airflow/example_dags/example_sensors.py
[2023-12-15T11:43:04.837+0000] {processor.py:829} INFO - Processing file /home/airflow/.local/lib/python3.8/site-packages/airflow/example_dags/example_sensors.py for tasks to queue
[2023-12-15T11:43:04.841+0000] {logging_mixin.py:154} INFO - [2023-12-15T11:43:04.840+0000] {dagbag.py:536} INFO - Filling up the DagBag from /home/airflow/.local/lib/python3.8/site-packages/airflow/example_dags/example_sensors.py
[2023-12-15T11:43:04.862+0000] {processor.py:839} INFO - DAG(s) dict_keys(['example_sensors']) retrieved from /home/airflow/.local/lib/python3.8/site-packages/airflow/example_dags/example_sensors.py
[2023-12-15T11:43:04.896+0000] {logging_mixin.py:154} INFO - [2023-12-15T11:43:04.895+0000] {dag.py:2941} INFO - Sync 1 DAGs
[2023-12-15T11:43:04.909+0000] {logging_mixin.py:154} INFO - [2023-12-15T11:43:04.909+0000] {dag.py:3722} INFO - Setting next_dagrun for example_sensors to None, run_after=None
[2023-12-15T11:43:04.930+0000] {processor.py:179} INFO - Processing /home/airflow/.local/lib/python3.8/site-packages/airflow/example_dags/example_sensors.py took 0.102 seconds
[2023-12-15T11:43:41.158+0000] {processor.py:157} INFO - Started process (PID=723) to work on /home/airflow/.local/lib/python3.8/site-packages/airflow/example_dags/example_sensors.py
[2023-12-15T11:43:41.160+0000] {processor.py:829} INFO - Processing file /home/airflow/.local/lib/python3.8/site-packages/airflow/example_dags/example_sensors.py for tasks to queue
[2023-12-15T11:43:41.164+0000] {logging_mixin.py:154} INFO - [2023-12-15T11:43:41.164+0000] {dagbag.py:536} INFO - Filling up the DagBag from /home/airflow/.local/lib/python3.8/site-packages/airflow/example_dags/example_sensors.py
[2023-12-15T11:43:41.172+0000] {processor.py:839} INFO - DAG(s) dict_keys(['example_sensors']) retrieved from /home/airflow/.local/lib/python3.8/site-packages/airflow/example_dags/example_sensors.py
[2023-12-15T11:43:41.208+0000] {logging_mixin.py:154} INFO - [2023-12-15T11:43:41.208+0000] {dag.py:2941} INFO - Sync 1 DAGs
[2023-12-15T11:43:41.220+0000] {logging_mixin.py:154} INFO - [2023-12-15T11:43:41.220+0000] {dag.py:3722} INFO - Setting next_dagrun for example_sensors to None, run_after=None
[2023-12-15T11:43:41.252+0000] {processor.py:179} INFO - Processing /home/airflow/.local/lib/python3.8/site-packages/airflow/example_dags/example_sensors.py took 0.098 seconds
[2023-12-15T11:44:16.527+0000] {processor.py:157} INFO - Started process (PID=784) to work on /home/airflow/.local/lib/python3.8/site-packages/airflow/example_dags/example_sensors.py
[2023-12-15T11:44:16.532+0000] {processor.py:829} INFO - Processing file /home/airflow/.local/lib/python3.8/site-packages/airflow/example_dags/example_sensors.py for tasks to queue
[2023-12-15T11:44:16.539+0000] {logging_mixin.py:154} INFO - [2023-12-15T11:44:16.539+0000] {dagbag.py:536} INFO - Filling up the DagBag from /home/airflow/.local/lib/python3.8/site-packages/airflow/example_dags/example_sensors.py
[2023-12-15T11:44:16.601+0000] {processor.py:839} INFO - DAG(s) dict_keys(['example_sensors']) retrieved from /home/airflow/.local/lib/python3.8/site-packages/airflow/example_dags/example_sensors.py
[2023-12-15T11:44:16.715+0000] {logging_mixin.py:154} INFO - [2023-12-15T11:44:16.715+0000] {dag.py:2941} INFO - Sync 1 DAGs
[2023-12-15T11:44:16.744+0000] {logging_mixin.py:154} INFO - [2023-12-15T11:44:16.743+0000] {dag.py:3722} INFO - Setting next_dagrun for example_sensors to None, run_after=None
[2023-12-15T11:44:16.783+0000] {processor.py:179} INFO - Processing /home/airflow/.local/lib/python3.8/site-packages/airflow/example_dags/example_sensors.py took 0.275 seconds
[2023-12-15T11:44:47.724+0000] {processor.py:157} INFO - Started process (PID=838) to work on /home/airflow/.local/lib/python3.8/site-packages/airflow/example_dags/example_sensors.py
[2023-12-15T11:44:47.726+0000] {processor.py:829} INFO - Processing file /home/airflow/.local/lib/python3.8/site-packages/airflow/example_dags/example_sensors.py for tasks to queue
[2023-12-15T11:44:47.728+0000] {logging_mixin.py:154} INFO - [2023-12-15T11:44:47.728+0000] {dagbag.py:536} INFO - Filling up the DagBag from /home/airflow/.local/lib/python3.8/site-packages/airflow/example_dags/example_sensors.py
[2023-12-15T11:44:47.735+0000] {processor.py:839} INFO - DAG(s) dict_keys(['example_sensors']) retrieved from /home/airflow/.local/lib/python3.8/site-packages/airflow/example_dags/example_sensors.py
[2023-12-15T11:44:47.768+0000] {logging_mixin.py:154} INFO - [2023-12-15T11:44:47.768+0000] {dag.py:2941} INFO - Sync 1 DAGs
[2023-12-15T11:44:47.786+0000] {logging_mixin.py:154} INFO - [2023-12-15T11:44:47.786+0000] {dag.py:3722} INFO - Setting next_dagrun for example_sensors to None, run_after=None
[2023-12-15T11:44:47.821+0000] {processor.py:179} INFO - Processing /home/airflow/.local/lib/python3.8/site-packages/airflow/example_dags/example_sensors.py took 0.104 seconds
[2023-12-15T11:45:18.954+0000] {processor.py:157} INFO - Started process (PID=890) to work on /home/airflow/.local/lib/python3.8/site-packages/airflow/example_dags/example_sensors.py
[2023-12-15T11:45:18.956+0000] {processor.py:829} INFO - Processing file /home/airflow/.local/lib/python3.8/site-packages/airflow/example_dags/example_sensors.py for tasks to queue
[2023-12-15T11:45:18.961+0000] {logging_mixin.py:154} INFO - [2023-12-15T11:45:18.961+0000] {dagbag.py:536} INFO - Filling up the DagBag from /home/airflow/.local/lib/python3.8/site-packages/airflow/example_dags/example_sensors.py
[2023-12-15T11:45:18.983+0000] {processor.py:839} INFO - DAG(s) dict_keys(['example_sensors']) retrieved from /home/airflow/.local/lib/python3.8/site-packages/airflow/example_dags/example_sensors.py
[2023-12-15T11:45:19.065+0000] {logging_mixin.py:154} INFO - [2023-12-15T11:45:19.065+0000] {dag.py:2941} INFO - Sync 1 DAGs
[2023-12-15T11:45:19.090+0000] {logging_mixin.py:154} INFO - [2023-12-15T11:45:19.090+0000] {dag.py:3722} INFO - Setting next_dagrun for example_sensors to None, run_after=None
[2023-12-15T11:45:19.129+0000] {processor.py:179} INFO - Processing /home/airflow/.local/lib/python3.8/site-packages/airflow/example_dags/example_sensors.py took 0.181 seconds
[2023-12-15T11:45:50.354+0000] {processor.py:157} INFO - Started process (PID=944) to work on /home/airflow/.local/lib/python3.8/site-packages/airflow/example_dags/example_sensors.py
[2023-12-15T11:45:50.356+0000] {processor.py:829} INFO - Processing file /home/airflow/.local/lib/python3.8/site-packages/airflow/example_dags/example_sensors.py for tasks to queue
[2023-12-15T11:45:50.359+0000] {logging_mixin.py:154} INFO - [2023-12-15T11:45:50.359+0000] {dagbag.py:536} INFO - Filling up the DagBag from /home/airflow/.local/lib/python3.8/site-packages/airflow/example_dags/example_sensors.py
[2023-12-15T11:45:50.386+0000] {processor.py:839} INFO - DAG(s) dict_keys(['example_sensors']) retrieved from /home/airflow/.local/lib/python3.8/site-packages/airflow/example_dags/example_sensors.py
[2023-12-15T11:45:50.434+0000] {logging_mixin.py:154} INFO - [2023-12-15T11:45:50.433+0000] {dag.py:2941} INFO - Sync 1 DAGs
[2023-12-15T11:45:50.447+0000] {logging_mixin.py:154} INFO - [2023-12-15T11:45:50.447+0000] {dag.py:3722} INFO - Setting next_dagrun for example_sensors to None, run_after=None
[2023-12-15T11:45:50.504+0000] {processor.py:179} INFO - Processing /home/airflow/.local/lib/python3.8/site-packages/airflow/example_dags/example_sensors.py took 0.155 seconds
[2023-12-15T11:46:21.359+0000] {processor.py:157} INFO - Started process (PID=996) to work on /home/airflow/.local/lib/python3.8/site-packages/airflow/example_dags/example_sensors.py
[2023-12-15T11:46:21.362+0000] {processor.py:829} INFO - Processing file /home/airflow/.local/lib/python3.8/site-packages/airflow/example_dags/example_sensors.py for tasks to queue
[2023-12-15T11:46:21.366+0000] {logging_mixin.py:154} INFO - [2023-12-15T11:46:21.365+0000] {dagbag.py:536} INFO - Filling up the DagBag from /home/airflow/.local/lib/python3.8/site-packages/airflow/example_dags/example_sensors.py
[2023-12-15T11:46:21.383+0000] {processor.py:839} INFO - DAG(s) dict_keys(['example_sensors']) retrieved from /home/airflow/.local/lib/python3.8/site-packages/airflow/example_dags/example_sensors.py
[2023-12-15T11:46:21.414+0000] {logging_mixin.py:154} INFO - [2023-12-15T11:46:21.414+0000] {dag.py:2941} INFO - Sync 1 DAGs
[2023-12-15T11:46:21.432+0000] {logging_mixin.py:154} INFO - [2023-12-15T11:46:21.432+0000] {dag.py:3722} INFO - Setting next_dagrun for example_sensors to None, run_after=None
[2023-12-15T11:46:21.453+0000] {processor.py:179} INFO - Processing /home/airflow/.local/lib/python3.8/site-packages/airflow/example_dags/example_sensors.py took 0.101 seconds
[2023-12-15T11:46:59.342+0000] {processor.py:157} INFO - Started process (PID=1051) to work on /home/airflow/.local/lib/python3.8/site-packages/airflow/example_dags/example_sensors.py
[2023-12-15T11:46:59.401+0000] {processor.py:829} INFO - Processing file /home/airflow/.local/lib/python3.8/site-packages/airflow/example_dags/example_sensors.py for tasks to queue
[2023-12-15T11:46:59.432+0000] {logging_mixin.py:154} INFO - [2023-12-15T11:46:59.420+0000] {dagbag.py:536} INFO - Filling up the DagBag from /home/airflow/.local/lib/python3.8/site-packages/airflow/example_dags/example_sensors.py
[2023-12-15T11:46:59.579+0000] {processor.py:839} INFO - DAG(s) dict_keys(['example_sensors']) retrieved from /home/airflow/.local/lib/python3.8/site-packages/airflow/example_dags/example_sensors.py
[2023-12-15T11:46:59.918+0000] {logging_mixin.py:154} INFO - [2023-12-15T11:46:59.917+0000] {dag.py:2941} INFO - Sync 1 DAGs
[2023-12-15T11:46:59.996+0000] {logging_mixin.py:154} INFO - [2023-12-15T11:46:59.995+0000] {dag.py:3722} INFO - Setting next_dagrun for example_sensors to None, run_after=None
[2023-12-15T11:47:00.165+0000] {processor.py:179} INFO - Processing /home/airflow/.local/lib/python3.8/site-packages/airflow/example_dags/example_sensors.py took 0.858 seconds
[2023-12-15T11:47:31.371+0000] {processor.py:157} INFO - Started process (PID=1105) to work on /home/airflow/.local/lib/python3.8/site-packages/airflow/example_dags/example_sensors.py
[2023-12-15T11:47:31.379+0000] {processor.py:829} INFO - Processing file /home/airflow/.local/lib/python3.8/site-packages/airflow/example_dags/example_sensors.py for tasks to queue
[2023-12-15T11:47:31.408+0000] {logging_mixin.py:154} INFO - [2023-12-15T11:47:31.403+0000] {dagbag.py:536} INFO - Filling up the DagBag from /home/airflow/.local/lib/python3.8/site-packages/airflow/example_dags/example_sensors.py
[2023-12-15T11:47:31.481+0000] {processor.py:839} INFO - DAG(s) dict_keys(['example_sensors']) retrieved from /home/airflow/.local/lib/python3.8/site-packages/airflow/example_dags/example_sensors.py
[2023-12-15T11:47:31.664+0000] {logging_mixin.py:154} INFO - [2023-12-15T11:47:31.664+0000] {dag.py:2941} INFO - Sync 1 DAGs
[2023-12-15T11:47:31.745+0000] {logging_mixin.py:154} INFO - [2023-12-15T11:47:31.745+0000] {dag.py:3722} INFO - Setting next_dagrun for example_sensors to None, run_after=None
[2023-12-15T11:47:31.779+0000] {processor.py:179} INFO - Processing /home/airflow/.local/lib/python3.8/site-packages/airflow/example_dags/example_sensors.py took 0.441 seconds
[2023-12-15T11:48:03.676+0000] {processor.py:157} INFO - Started process (PID=1162) to work on /home/airflow/.local/lib/python3.8/site-packages/airflow/example_dags/example_sensors.py
[2023-12-15T11:48:03.679+0000] {processor.py:829} INFO - Processing file /home/airflow/.local/lib/python3.8/site-packages/airflow/example_dags/example_sensors.py for tasks to queue
[2023-12-15T11:48:03.684+0000] {logging_mixin.py:154} INFO - [2023-12-15T11:48:03.684+0000] {dagbag.py:536} INFO - Filling up the DagBag from /home/airflow/.local/lib/python3.8/site-packages/airflow/example_dags/example_sensors.py
[2023-12-15T11:48:03.707+0000] {processor.py:839} INFO - DAG(s) dict_keys(['example_sensors']) retrieved from /home/airflow/.local/lib/python3.8/site-packages/airflow/example_dags/example_sensors.py
[2023-12-15T11:48:03.757+0000] {logging_mixin.py:154} INFO - [2023-12-15T11:48:03.756+0000] {dag.py:2941} INFO - Sync 1 DAGs
[2023-12-15T11:48:03.788+0000] {logging_mixin.py:154} INFO - [2023-12-15T11:48:03.788+0000] {dag.py:3722} INFO - Setting next_dagrun for example_sensors to None, run_after=None
[2023-12-15T11:48:03.801+0000] {processor.py:179} INFO - Processing /home/airflow/.local/lib/python3.8/site-packages/airflow/example_dags/example_sensors.py took 0.131 seconds
[2023-12-15T11:48:46.278+0000] {processor.py:157} INFO - Started process (PID=1222) to work on /home/airflow/.local/lib/python3.8/site-packages/airflow/example_dags/example_sensors.py
[2023-12-15T11:48:46.289+0000] {processor.py:829} INFO - Processing file /home/airflow/.local/lib/python3.8/site-packages/airflow/example_dags/example_sensors.py for tasks to queue
[2023-12-15T11:48:46.332+0000] {logging_mixin.py:154} INFO - [2023-12-15T11:48:46.331+0000] {dagbag.py:536} INFO - Filling up the DagBag from /home/airflow/.local/lib/python3.8/site-packages/airflow/example_dags/example_sensors.py
[2023-12-15T11:48:46.373+0000] {processor.py:839} INFO - DAG(s) dict_keys(['example_sensors']) retrieved from /home/airflow/.local/lib/python3.8/site-packages/airflow/example_dags/example_sensors.py
[2023-12-15T11:48:46.497+0000] {logging_mixin.py:154} INFO - [2023-12-15T11:48:46.496+0000] {dag.py:2941} INFO - Sync 1 DAGs
[2023-12-15T11:48:46.538+0000] {logging_mixin.py:154} INFO - [2023-12-15T11:48:46.537+0000] {dag.py:3722} INFO - Setting next_dagrun for example_sensors to None, run_after=None
[2023-12-15T11:48:46.608+0000] {processor.py:179} INFO - Processing /home/airflow/.local/lib/python3.8/site-packages/airflow/example_dags/example_sensors.py took 0.345 seconds
[2023-12-15T11:49:18.348+0000] {processor.py:157} INFO - Started process (PID=1276) to work on /home/airflow/.local/lib/python3.8/site-packages/airflow/example_dags/example_sensors.py
[2023-12-15T11:49:18.352+0000] {processor.py:829} INFO - Processing file /home/airflow/.local/lib/python3.8/site-packages/airflow/example_dags/example_sensors.py for tasks to queue
[2023-12-15T11:49:18.361+0000] {logging_mixin.py:154} INFO - [2023-12-15T11:49:18.360+0000] {dagbag.py:536} INFO - Filling up the DagBag from /home/airflow/.local/lib/python3.8/site-packages/airflow/example_dags/example_sensors.py
[2023-12-15T11:49:18.377+0000] {processor.py:839} INFO - DAG(s) dict_keys(['example_sensors']) retrieved from /home/airflow/.local/lib/python3.8/site-packages/airflow/example_dags/example_sensors.py
[2023-12-15T11:49:18.482+0000] {logging_mixin.py:154} INFO - [2023-12-15T11:49:18.481+0000] {dag.py:2941} INFO - Sync 1 DAGs
[2023-12-15T11:49:18.528+0000] {logging_mixin.py:154} INFO - [2023-12-15T11:49:18.527+0000] {dag.py:3722} INFO - Setting next_dagrun for example_sensors to None, run_after=None
[2023-12-15T11:49:19.257+0000] {processor.py:179} INFO - Processing /home/airflow/.local/lib/python3.8/site-packages/airflow/example_dags/example_sensors.py took 0.915 seconds
[2023-12-15T11:49:49.820+0000] {processor.py:157} INFO - Started process (PID=1330) to work on /home/airflow/.local/lib/python3.8/site-packages/airflow/example_dags/example_sensors.py
[2023-12-15T11:49:49.824+0000] {processor.py:829} INFO - Processing file /home/airflow/.local/lib/python3.8/site-packages/airflow/example_dags/example_sensors.py for tasks to queue
[2023-12-15T11:49:49.830+0000] {logging_mixin.py:154} INFO - [2023-12-15T11:49:49.829+0000] {dagbag.py:536} INFO - Filling up the DagBag from /home/airflow/.local/lib/python3.8/site-packages/airflow/example_dags/example_sensors.py
[2023-12-15T11:49:49.895+0000] {processor.py:839} INFO - DAG(s) dict_keys(['example_sensors']) retrieved from /home/airflow/.local/lib/python3.8/site-packages/airflow/example_dags/example_sensors.py
[2023-12-15T11:49:50.114+0000] {logging_mixin.py:154} INFO - [2023-12-15T11:49:50.113+0000] {dag.py:2941} INFO - Sync 1 DAGs
[2023-12-15T11:49:50.211+0000] {logging_mixin.py:154} INFO - [2023-12-15T11:49:50.210+0000] {dag.py:3722} INFO - Setting next_dagrun for example_sensors to None, run_after=None
[2023-12-15T11:49:50.282+0000] {processor.py:179} INFO - Processing /home/airflow/.local/lib/python3.8/site-packages/airflow/example_dags/example_sensors.py took 0.468 seconds
[2023-12-15T11:50:28.372+0000] {processor.py:157} INFO - Started process (PID=1389) to work on /home/airflow/.local/lib/python3.8/site-packages/airflow/example_dags/example_sensors.py
[2023-12-15T11:50:28.376+0000] {processor.py:829} INFO - Processing file /home/airflow/.local/lib/python3.8/site-packages/airflow/example_dags/example_sensors.py for tasks to queue
[2023-12-15T11:50:28.383+0000] {logging_mixin.py:154} INFO - [2023-12-15T11:50:28.382+0000] {dagbag.py:536} INFO - Filling up the DagBag from /home/airflow/.local/lib/python3.8/site-packages/airflow/example_dags/example_sensors.py
[2023-12-15T11:50:28.398+0000] {processor.py:839} INFO - DAG(s) dict_keys(['example_sensors']) retrieved from /home/airflow/.local/lib/python3.8/site-packages/airflow/example_dags/example_sensors.py
[2023-12-15T11:50:28.891+0000] {logging_mixin.py:154} INFO - [2023-12-15T11:50:28.890+0000] {dag.py:2941} INFO - Sync 1 DAGs
[2023-12-15T11:50:28.919+0000] {logging_mixin.py:154} INFO - [2023-12-15T11:50:28.918+0000] {dag.py:3722} INFO - Setting next_dagrun for example_sensors to None, run_after=None
[2023-12-15T11:50:28.967+0000] {processor.py:179} INFO - Processing /home/airflow/.local/lib/python3.8/site-packages/airflow/example_dags/example_sensors.py took 0.604 seconds
[2023-12-15T11:51:04.974+0000] {processor.py:157} INFO - Started process (PID=1443) to work on /home/airflow/.local/lib/python3.8/site-packages/airflow/example_dags/example_sensors.py
[2023-12-15T11:51:04.982+0000] {processor.py:829} INFO - Processing file /home/airflow/.local/lib/python3.8/site-packages/airflow/example_dags/example_sensors.py for tasks to queue
[2023-12-15T11:51:04.994+0000] {logging_mixin.py:154} INFO - [2023-12-15T11:51:04.990+0000] {dagbag.py:536} INFO - Filling up the DagBag from /home/airflow/.local/lib/python3.8/site-packages/airflow/example_dags/example_sensors.py
[2023-12-15T11:51:05.064+0000] {processor.py:839} INFO - DAG(s) dict_keys(['example_sensors']) retrieved from /home/airflow/.local/lib/python3.8/site-packages/airflow/example_dags/example_sensors.py
[2023-12-15T11:51:05.227+0000] {logging_mixin.py:154} INFO - [2023-12-15T11:51:05.226+0000] {dag.py:2941} INFO - Sync 1 DAGs
[2023-12-15T11:51:06.292+0000] {logging_mixin.py:154} INFO - [2023-12-15T11:51:06.291+0000] {dag.py:3722} INFO - Setting next_dagrun for example_sensors to None, run_after=None
[2023-12-15T11:51:06.333+0000] {processor.py:179} INFO - Processing /home/airflow/.local/lib/python3.8/site-packages/airflow/example_dags/example_sensors.py took 1.367 seconds
[2023-12-15T11:51:37.320+0000] {processor.py:157} INFO - Started process (PID=1497) to work on /home/airflow/.local/lib/python3.8/site-packages/airflow/example_dags/example_sensors.py
[2023-12-15T11:51:37.321+0000] {processor.py:829} INFO - Processing file /home/airflow/.local/lib/python3.8/site-packages/airflow/example_dags/example_sensors.py for tasks to queue
[2023-12-15T11:51:37.331+0000] {logging_mixin.py:154} INFO - [2023-12-15T11:51:37.331+0000] {dagbag.py:536} INFO - Filling up the DagBag from /home/airflow/.local/lib/python3.8/site-packages/airflow/example_dags/example_sensors.py
[2023-12-15T11:51:37.355+0000] {processor.py:839} INFO - DAG(s) dict_keys(['example_sensors']) retrieved from /home/airflow/.local/lib/python3.8/site-packages/airflow/example_dags/example_sensors.py
[2023-12-15T11:51:37.408+0000] {logging_mixin.py:154} INFO - [2023-12-15T11:51:37.407+0000] {dag.py:2941} INFO - Sync 1 DAGs
[2023-12-15T11:51:37.447+0000] {logging_mixin.py:154} INFO - [2023-12-15T11:51:37.447+0000] {dag.py:3722} INFO - Setting next_dagrun for example_sensors to None, run_after=None
[2023-12-15T11:51:37.468+0000] {processor.py:179} INFO - Processing /home/airflow/.local/lib/python3.8/site-packages/airflow/example_dags/example_sensors.py took 0.160 seconds
[2023-12-15T11:52:22.285+0000] {processor.py:157} INFO - Started process (PID=1557) to work on /home/airflow/.local/lib/python3.8/site-packages/airflow/example_dags/example_sensors.py
[2023-12-15T11:52:22.288+0000] {processor.py:829} INFO - Processing file /home/airflow/.local/lib/python3.8/site-packages/airflow/example_dags/example_sensors.py for tasks to queue
[2023-12-15T11:52:22.294+0000] {logging_mixin.py:154} INFO - [2023-12-15T11:52:22.294+0000] {dagbag.py:536} INFO - Filling up the DagBag from /home/airflow/.local/lib/python3.8/site-packages/airflow/example_dags/example_sensors.py
[2023-12-15T11:52:22.658+0000] {processor.py:839} INFO - DAG(s) dict_keys(['example_sensors']) retrieved from /home/airflow/.local/lib/python3.8/site-packages/airflow/example_dags/example_sensors.py
[2023-12-15T11:52:22.686+0000] {logging_mixin.py:154} INFO - [2023-12-15T11:52:22.686+0000] {dag.py:2941} INFO - Sync 1 DAGs
[2023-12-15T11:52:22.692+0000] {logging_mixin.py:154} INFO - [2023-12-15T11:52:22.692+0000] {dag.py:3722} INFO - Setting next_dagrun for example_sensors to None, run_after=None
[2023-12-15T11:52:22.703+0000] {processor.py:179} INFO - Processing /home/airflow/.local/lib/python3.8/site-packages/airflow/example_dags/example_sensors.py took 0.424 seconds
[2023-12-15T11:52:53.088+0000] {processor.py:157} INFO - Started process (PID=1611) to work on /home/airflow/.local/lib/python3.8/site-packages/airflow/example_dags/example_sensors.py
[2023-12-15T11:52:53.096+0000] {processor.py:829} INFO - Processing file /home/airflow/.local/lib/python3.8/site-packages/airflow/example_dags/example_sensors.py for tasks to queue
[2023-12-15T11:52:53.108+0000] {logging_mixin.py:154} INFO - [2023-12-15T11:52:53.108+0000] {dagbag.py:536} INFO - Filling up the DagBag from /home/airflow/.local/lib/python3.8/site-packages/airflow/example_dags/example_sensors.py
[2023-12-15T11:52:53.124+0000] {processor.py:839} INFO - DAG(s) dict_keys(['example_sensors']) retrieved from /home/airflow/.local/lib/python3.8/site-packages/airflow/example_dags/example_sensors.py
[2023-12-15T11:52:53.216+0000] {logging_mixin.py:154} INFO - [2023-12-15T11:52:53.215+0000] {dag.py:2941} INFO - Sync 1 DAGs
[2023-12-15T11:52:53.249+0000] {logging_mixin.py:154} INFO - [2023-12-15T11:52:53.249+0000] {dag.py:3722} INFO - Setting next_dagrun for example_sensors to None, run_after=None
[2023-12-15T11:52:53.290+0000] {processor.py:179} INFO - Processing /home/airflow/.local/lib/python3.8/site-packages/airflow/example_dags/example_sensors.py took 0.207 seconds
[2023-12-15T11:53:23.737+0000] {processor.py:157} INFO - Started process (PID=1664) to work on /home/airflow/.local/lib/python3.8/site-packages/airflow/example_dags/example_sensors.py
[2023-12-15T11:53:23.741+0000] {processor.py:829} INFO - Processing file /home/airflow/.local/lib/python3.8/site-packages/airflow/example_dags/example_sensors.py for tasks to queue
[2023-12-15T11:53:23.746+0000] {logging_mixin.py:154} INFO - [2023-12-15T11:53:23.746+0000] {dagbag.py:536} INFO - Filling up the DagBag from /home/airflow/.local/lib/python3.8/site-packages/airflow/example_dags/example_sensors.py
[2023-12-15T11:53:23.762+0000] {processor.py:839} INFO - DAG(s) dict_keys(['example_sensors']) retrieved from /home/airflow/.local/lib/python3.8/site-packages/airflow/example_dags/example_sensors.py
[2023-12-15T11:53:23.800+0000] {logging_mixin.py:154} INFO - [2023-12-15T11:53:23.800+0000] {dag.py:2941} INFO - Sync 1 DAGs
[2023-12-15T11:53:23.817+0000] {logging_mixin.py:154} INFO - [2023-12-15T11:53:23.817+0000] {dag.py:3722} INFO - Setting next_dagrun for example_sensors to None, run_after=None
[2023-12-15T11:53:23.840+0000] {processor.py:179} INFO - Processing /home/airflow/.local/lib/python3.8/site-packages/airflow/example_dags/example_sensors.py took 0.107 seconds
[2023-12-15T11:53:54.485+0000] {processor.py:157} INFO - Started process (PID=1718) to work on /home/airflow/.local/lib/python3.8/site-packages/airflow/example_dags/example_sensors.py
[2023-12-15T11:53:54.490+0000] {processor.py:829} INFO - Processing file /home/airflow/.local/lib/python3.8/site-packages/airflow/example_dags/example_sensors.py for tasks to queue
[2023-12-15T11:53:54.504+0000] {logging_mixin.py:154} INFO - [2023-12-15T11:53:54.503+0000] {dagbag.py:536} INFO - Filling up the DagBag from /home/airflow/.local/lib/python3.8/site-packages/airflow/example_dags/example_sensors.py
[2023-12-15T11:53:54.524+0000] {processor.py:839} INFO - DAG(s) dict_keys(['example_sensors']) retrieved from /home/airflow/.local/lib/python3.8/site-packages/airflow/example_dags/example_sensors.py
[2023-12-15T11:53:54.585+0000] {logging_mixin.py:154} INFO - [2023-12-15T11:53:54.585+0000] {dag.py:2941} INFO - Sync 1 DAGs
[2023-12-15T11:53:54.606+0000] {logging_mixin.py:154} INFO - [2023-12-15T11:53:54.605+0000] {dag.py:3722} INFO - Setting next_dagrun for example_sensors to None, run_after=None
[2023-12-15T11:53:54.625+0000] {processor.py:179} INFO - Processing /home/airflow/.local/lib/python3.8/site-packages/airflow/example_dags/example_sensors.py took 0.150 seconds
[2023-12-15T11:54:24.726+0000] {processor.py:157} INFO - Started process (PID=1771) to work on /home/airflow/.local/lib/python3.8/site-packages/airflow/example_dags/example_sensors.py
[2023-12-15T11:54:24.727+0000] {processor.py:829} INFO - Processing file /home/airflow/.local/lib/python3.8/site-packages/airflow/example_dags/example_sensors.py for tasks to queue
[2023-12-15T11:54:24.731+0000] {logging_mixin.py:154} INFO - [2023-12-15T11:54:24.731+0000] {dagbag.py:536} INFO - Filling up the DagBag from /home/airflow/.local/lib/python3.8/site-packages/airflow/example_dags/example_sensors.py
[2023-12-15T11:54:24.749+0000] {processor.py:839} INFO - DAG(s) dict_keys(['example_sensors']) retrieved from /home/airflow/.local/lib/python3.8/site-packages/airflow/example_dags/example_sensors.py
[2023-12-15T11:54:24.774+0000] {logging_mixin.py:154} INFO - [2023-12-15T11:54:24.774+0000] {dag.py:2941} INFO - Sync 1 DAGs
[2023-12-15T11:54:24.783+0000] {logging_mixin.py:154} INFO - [2023-12-15T11:54:24.783+0000] {dag.py:3722} INFO - Setting next_dagrun for example_sensors to None, run_after=None
[2023-12-15T11:54:24.792+0000] {processor.py:179} INFO - Processing /home/airflow/.local/lib/python3.8/site-packages/airflow/example_dags/example_sensors.py took 0.070 seconds
[2023-12-15T11:54:57.248+0000] {processor.py:157} INFO - Started process (PID=1826) to work on /home/airflow/.local/lib/python3.8/site-packages/airflow/example_dags/example_sensors.py
[2023-12-15T11:54:57.266+0000] {processor.py:829} INFO - Processing file /home/airflow/.local/lib/python3.8/site-packages/airflow/example_dags/example_sensors.py for tasks to queue
[2023-12-15T11:54:57.271+0000] {logging_mixin.py:154} INFO - [2023-12-15T11:54:57.270+0000] {dagbag.py:536} INFO - Filling up the DagBag from /home/airflow/.local/lib/python3.8/site-packages/airflow/example_dags/example_sensors.py
[2023-12-15T11:54:57.303+0000] {processor.py:839} INFO - DAG(s) dict_keys(['example_sensors']) retrieved from /home/airflow/.local/lib/python3.8/site-packages/airflow/example_dags/example_sensors.py
[2023-12-15T11:54:57.388+0000] {logging_mixin.py:154} INFO - [2023-12-15T11:54:57.387+0000] {dag.py:2941} INFO - Sync 1 DAGs
[2023-12-15T11:54:57.417+0000] {logging_mixin.py:154} INFO - [2023-12-15T11:54:57.417+0000] {dag.py:3722} INFO - Setting next_dagrun for example_sensors to None, run_after=None
[2023-12-15T11:54:57.477+0000] {processor.py:179} INFO - Processing /home/airflow/.local/lib/python3.8/site-packages/airflow/example_dags/example_sensors.py took 0.242 seconds
[2023-12-15T11:55:28.290+0000] {processor.py:157} INFO - Started process (PID=1880) to work on /home/airflow/.local/lib/python3.8/site-packages/airflow/example_dags/example_sensors.py
[2023-12-15T11:55:28.302+0000] {processor.py:829} INFO - Processing file /home/airflow/.local/lib/python3.8/site-packages/airflow/example_dags/example_sensors.py for tasks to queue
[2023-12-15T11:55:28.323+0000] {logging_mixin.py:154} INFO - [2023-12-15T11:55:28.319+0000] {dagbag.py:536} INFO - Filling up the DagBag from /home/airflow/.local/lib/python3.8/site-packages/airflow/example_dags/example_sensors.py
[2023-12-15T11:55:28.367+0000] {processor.py:839} INFO - DAG(s) dict_keys(['example_sensors']) retrieved from /home/airflow/.local/lib/python3.8/site-packages/airflow/example_dags/example_sensors.py
[2023-12-15T11:55:28.826+0000] {logging_mixin.py:154} INFO - [2023-12-15T11:55:28.826+0000] {dag.py:2941} INFO - Sync 1 DAGs
[2023-12-15T11:55:28.890+0000] {logging_mixin.py:154} INFO - [2023-12-15T11:55:28.889+0000] {dag.py:3722} INFO - Setting next_dagrun for example_sensors to None, run_after=None
[2023-12-15T11:55:28.971+0000] {processor.py:179} INFO - Processing /home/airflow/.local/lib/python3.8/site-packages/airflow/example_dags/example_sensors.py took 0.696 seconds
[2023-12-15T11:55:59.508+0000] {processor.py:157} INFO - Started process (PID=1935) to work on /home/airflow/.local/lib/python3.8/site-packages/airflow/example_dags/example_sensors.py
[2023-12-15T11:55:59.513+0000] {processor.py:829} INFO - Processing file /home/airflow/.local/lib/python3.8/site-packages/airflow/example_dags/example_sensors.py for tasks to queue
[2023-12-15T11:55:59.520+0000] {logging_mixin.py:154} INFO - [2023-12-15T11:55:59.520+0000] {dagbag.py:536} INFO - Filling up the DagBag from /home/airflow/.local/lib/python3.8/site-packages/airflow/example_dags/example_sensors.py
[2023-12-15T11:55:59.539+0000] {processor.py:839} INFO - DAG(s) dict_keys(['example_sensors']) retrieved from /home/airflow/.local/lib/python3.8/site-packages/airflow/example_dags/example_sensors.py
[2023-12-15T11:55:59.622+0000] {logging_mixin.py:154} INFO - [2023-12-15T11:55:59.622+0000] {dag.py:2941} INFO - Sync 1 DAGs
[2023-12-15T11:55:59.641+0000] {logging_mixin.py:154} INFO - [2023-12-15T11:55:59.641+0000] {dag.py:3722} INFO - Setting next_dagrun for example_sensors to None, run_after=None
[2023-12-15T11:55:59.699+0000] {processor.py:179} INFO - Processing /home/airflow/.local/lib/python3.8/site-packages/airflow/example_dags/example_sensors.py took 0.209 seconds
[2023-12-15T11:56:30.722+0000] {processor.py:157} INFO - Started process (PID=1991) to work on /home/airflow/.local/lib/python3.8/site-packages/airflow/example_dags/example_sensors.py
[2023-12-15T11:56:30.726+0000] {processor.py:829} INFO - Processing file /home/airflow/.local/lib/python3.8/site-packages/airflow/example_dags/example_sensors.py for tasks to queue
[2023-12-15T11:56:30.729+0000] {logging_mixin.py:154} INFO - [2023-12-15T11:56:30.729+0000] {dagbag.py:536} INFO - Filling up the DagBag from /home/airflow/.local/lib/python3.8/site-packages/airflow/example_dags/example_sensors.py
[2023-12-15T11:56:30.742+0000] {processor.py:839} INFO - DAG(s) dict_keys(['example_sensors']) retrieved from /home/airflow/.local/lib/python3.8/site-packages/airflow/example_dags/example_sensors.py
[2023-12-15T11:56:30.779+0000] {logging_mixin.py:154} INFO - [2023-12-15T11:56:30.779+0000] {dag.py:2941} INFO - Sync 1 DAGs
[2023-12-15T11:56:30.798+0000] {logging_mixin.py:154} INFO - [2023-12-15T11:56:30.798+0000] {dag.py:3722} INFO - Setting next_dagrun for example_sensors to None, run_after=None
[2023-12-15T11:56:30.831+0000] {processor.py:179} INFO - Processing /home/airflow/.local/lib/python3.8/site-packages/airflow/example_dags/example_sensors.py took 0.113 seconds
[2023-12-15T11:57:01.078+0000] {processor.py:157} INFO - Started process (PID=2046) to work on /home/airflow/.local/lib/python3.8/site-packages/airflow/example_dags/example_sensors.py
[2023-12-15T11:57:01.090+0000] {processor.py:829} INFO - Processing file /home/airflow/.local/lib/python3.8/site-packages/airflow/example_dags/example_sensors.py for tasks to queue
[2023-12-15T11:57:01.095+0000] {logging_mixin.py:154} INFO - [2023-12-15T11:57:01.095+0000] {dagbag.py:536} INFO - Filling up the DagBag from /home/airflow/.local/lib/python3.8/site-packages/airflow/example_dags/example_sensors.py
[2023-12-15T11:57:01.110+0000] {processor.py:839} INFO - DAG(s) dict_keys(['example_sensors']) retrieved from /home/airflow/.local/lib/python3.8/site-packages/airflow/example_dags/example_sensors.py
[2023-12-15T11:57:01.138+0000] {logging_mixin.py:154} INFO - [2023-12-15T11:57:01.138+0000] {dag.py:2941} INFO - Sync 1 DAGs
[2023-12-15T11:57:01.146+0000] {logging_mixin.py:154} INFO - [2023-12-15T11:57:01.146+0000] {dag.py:3722} INFO - Setting next_dagrun for example_sensors to None, run_after=None
[2023-12-15T11:57:01.166+0000] {processor.py:179} INFO - Processing /home/airflow/.local/lib/python3.8/site-packages/airflow/example_dags/example_sensors.py took 0.095 seconds
[2023-12-15T11:57:32.868+0000] {processor.py:157} INFO - Started process (PID=2104) to work on /home/airflow/.local/lib/python3.8/site-packages/airflow/example_dags/example_sensors.py
[2023-12-15T11:57:32.872+0000] {processor.py:829} INFO - Processing file /home/airflow/.local/lib/python3.8/site-packages/airflow/example_dags/example_sensors.py for tasks to queue
[2023-12-15T11:57:32.876+0000] {logging_mixin.py:154} INFO - [2023-12-15T11:57:32.876+0000] {dagbag.py:536} INFO - Filling up the DagBag from /home/airflow/.local/lib/python3.8/site-packages/airflow/example_dags/example_sensors.py
[2023-12-15T11:57:32.899+0000] {processor.py:839} INFO - DAG(s) dict_keys(['example_sensors']) retrieved from /home/airflow/.local/lib/python3.8/site-packages/airflow/example_dags/example_sensors.py
[2023-12-15T11:57:32.947+0000] {logging_mixin.py:154} INFO - [2023-12-15T11:57:32.947+0000] {dag.py:2941} INFO - Sync 1 DAGs
[2023-12-15T11:57:32.971+0000] {logging_mixin.py:154} INFO - [2023-12-15T11:57:32.971+0000] {dag.py:3722} INFO - Setting next_dagrun for example_sensors to None, run_after=None
[2023-12-15T11:57:32.996+0000] {processor.py:179} INFO - Processing /home/airflow/.local/lib/python3.8/site-packages/airflow/example_dags/example_sensors.py took 0.133 seconds
[2023-12-15T11:58:03.733+0000] {processor.py:157} INFO - Started process (PID=2158) to work on /home/airflow/.local/lib/python3.8/site-packages/airflow/example_dags/example_sensors.py
[2023-12-15T11:58:03.736+0000] {processor.py:829} INFO - Processing file /home/airflow/.local/lib/python3.8/site-packages/airflow/example_dags/example_sensors.py for tasks to queue
[2023-12-15T11:58:03.741+0000] {logging_mixin.py:154} INFO - [2023-12-15T11:58:03.741+0000] {dagbag.py:536} INFO - Filling up the DagBag from /home/airflow/.local/lib/python3.8/site-packages/airflow/example_dags/example_sensors.py
[2023-12-15T11:58:03.753+0000] {processor.py:839} INFO - DAG(s) dict_keys(['example_sensors']) retrieved from /home/airflow/.local/lib/python3.8/site-packages/airflow/example_dags/example_sensors.py
[2023-12-15T11:58:03.797+0000] {logging_mixin.py:154} INFO - [2023-12-15T11:58:03.797+0000] {dag.py:2941} INFO - Sync 1 DAGs
[2023-12-15T11:58:03.807+0000] {logging_mixin.py:154} INFO - [2023-12-15T11:58:03.807+0000] {dag.py:3722} INFO - Setting next_dagrun for example_sensors to None, run_after=None
[2023-12-15T11:58:03.821+0000] {processor.py:179} INFO - Processing /home/airflow/.local/lib/python3.8/site-packages/airflow/example_dags/example_sensors.py took 0.092 seconds
[2023-12-15T11:58:34.527+0000] {processor.py:157} INFO - Started process (PID=2212) to work on /home/airflow/.local/lib/python3.8/site-packages/airflow/example_dags/example_sensors.py
[2023-12-15T11:58:34.531+0000] {processor.py:829} INFO - Processing file /home/airflow/.local/lib/python3.8/site-packages/airflow/example_dags/example_sensors.py for tasks to queue
[2023-12-15T11:58:34.537+0000] {logging_mixin.py:154} INFO - [2023-12-15T11:58:34.537+0000] {dagbag.py:536} INFO - Filling up the DagBag from /home/airflow/.local/lib/python3.8/site-packages/airflow/example_dags/example_sensors.py
[2023-12-15T11:58:34.551+0000] {processor.py:839} INFO - DAG(s) dict_keys(['example_sensors']) retrieved from /home/airflow/.local/lib/python3.8/site-packages/airflow/example_dags/example_sensors.py
[2023-12-15T11:58:34.621+0000] {logging_mixin.py:154} INFO - [2023-12-15T11:58:34.621+0000] {dag.py:2941} INFO - Sync 1 DAGs
[2023-12-15T11:58:34.638+0000] {logging_mixin.py:154} INFO - [2023-12-15T11:58:34.638+0000] {dag.py:3722} INFO - Setting next_dagrun for example_sensors to None, run_after=None
[2023-12-15T11:58:34.668+0000] {processor.py:179} INFO - Processing /home/airflow/.local/lib/python3.8/site-packages/airflow/example_dags/example_sensors.py took 0.146 seconds
[2023-12-15T11:59:05.412+0000] {processor.py:157} INFO - Started process (PID=2263) to work on /home/airflow/.local/lib/python3.8/site-packages/airflow/example_dags/example_sensors.py
[2023-12-15T11:59:05.414+0000] {processor.py:829} INFO - Processing file /home/airflow/.local/lib/python3.8/site-packages/airflow/example_dags/example_sensors.py for tasks to queue
[2023-12-15T11:59:05.418+0000] {logging_mixin.py:154} INFO - [2023-12-15T11:59:05.417+0000] {dagbag.py:536} INFO - Filling up the DagBag from /home/airflow/.local/lib/python3.8/site-packages/airflow/example_dags/example_sensors.py
[2023-12-15T11:59:05.435+0000] {processor.py:839} INFO - DAG(s) dict_keys(['example_sensors']) retrieved from /home/airflow/.local/lib/python3.8/site-packages/airflow/example_dags/example_sensors.py
[2023-12-15T11:59:05.477+0000] {logging_mixin.py:154} INFO - [2023-12-15T11:59:05.476+0000] {dag.py:2941} INFO - Sync 1 DAGs
[2023-12-15T11:59:05.492+0000] {logging_mixin.py:154} INFO - [2023-12-15T11:59:05.492+0000] {dag.py:3722} INFO - Setting next_dagrun for example_sensors to None, run_after=None
[2023-12-15T11:59:05.513+0000] {processor.py:179} INFO - Processing /home/airflow/.local/lib/python3.8/site-packages/airflow/example_dags/example_sensors.py took 0.104 seconds
[2023-12-15T11:59:35.671+0000] {processor.py:157} INFO - Started process (PID=2317) to work on /home/airflow/.local/lib/python3.8/site-packages/airflow/example_dags/example_sensors.py
[2023-12-15T11:59:35.672+0000] {processor.py:829} INFO - Processing file /home/airflow/.local/lib/python3.8/site-packages/airflow/example_dags/example_sensors.py for tasks to queue
[2023-12-15T11:59:35.674+0000] {logging_mixin.py:154} INFO - [2023-12-15T11:59:35.674+0000] {dagbag.py:536} INFO - Filling up the DagBag from /home/airflow/.local/lib/python3.8/site-packages/airflow/example_dags/example_sensors.py
[2023-12-15T11:59:35.684+0000] {processor.py:839} INFO - DAG(s) dict_keys(['example_sensors']) retrieved from /home/airflow/.local/lib/python3.8/site-packages/airflow/example_dags/example_sensors.py
[2023-12-15T11:59:35.739+0000] {logging_mixin.py:154} INFO - [2023-12-15T11:59:35.739+0000] {dag.py:2941} INFO - Sync 1 DAGs
[2023-12-15T11:59:35.761+0000] {logging_mixin.py:154} INFO - [2023-12-15T11:59:35.760+0000] {dag.py:3722} INFO - Setting next_dagrun for example_sensors to None, run_after=None
[2023-12-15T11:59:35.784+0000] {processor.py:179} INFO - Processing /home/airflow/.local/lib/python3.8/site-packages/airflow/example_dags/example_sensors.py took 0.116 seconds
[2023-12-15T12:00:06.900+0000] {processor.py:157} INFO - Started process (PID=2370) to work on /home/airflow/.local/lib/python3.8/site-packages/airflow/example_dags/example_sensors.py
[2023-12-15T12:00:06.902+0000] {processor.py:829} INFO - Processing file /home/airflow/.local/lib/python3.8/site-packages/airflow/example_dags/example_sensors.py for tasks to queue
[2023-12-15T12:00:06.914+0000] {logging_mixin.py:154} INFO - [2023-12-15T12:00:06.913+0000] {dagbag.py:536} INFO - Filling up the DagBag from /home/airflow/.local/lib/python3.8/site-packages/airflow/example_dags/example_sensors.py
[2023-12-15T12:00:06.946+0000] {processor.py:839} INFO - DAG(s) dict_keys(['example_sensors']) retrieved from /home/airflow/.local/lib/python3.8/site-packages/airflow/example_dags/example_sensors.py
[2023-12-15T12:00:07.067+0000] {logging_mixin.py:154} INFO - [2023-12-15T12:00:07.067+0000] {dag.py:2941} INFO - Sync 1 DAGs
[2023-12-15T12:00:07.102+0000] {logging_mixin.py:154} INFO - [2023-12-15T12:00:07.101+0000] {dag.py:3722} INFO - Setting next_dagrun for example_sensors to None, run_after=None
[2023-12-15T12:00:07.158+0000] {processor.py:179} INFO - Processing /home/airflow/.local/lib/python3.8/site-packages/airflow/example_dags/example_sensors.py took 0.264 seconds
[2023-12-15T12:00:38.157+0000] {processor.py:157} INFO - Started process (PID=2424) to work on /home/airflow/.local/lib/python3.8/site-packages/airflow/example_dags/example_sensors.py
[2023-12-15T12:00:38.159+0000] {processor.py:829} INFO - Processing file /home/airflow/.local/lib/python3.8/site-packages/airflow/example_dags/example_sensors.py for tasks to queue
[2023-12-15T12:00:38.162+0000] {logging_mixin.py:154} INFO - [2023-12-15T12:00:38.162+0000] {dagbag.py:536} INFO - Filling up the DagBag from /home/airflow/.local/lib/python3.8/site-packages/airflow/example_dags/example_sensors.py
[2023-12-15T12:00:38.175+0000] {processor.py:839} INFO - DAG(s) dict_keys(['example_sensors']) retrieved from /home/airflow/.local/lib/python3.8/site-packages/airflow/example_dags/example_sensors.py
[2023-12-15T12:00:38.270+0000] {logging_mixin.py:154} INFO - [2023-12-15T12:00:38.270+0000] {dag.py:2941} INFO - Sync 1 DAGs
[2023-12-15T12:00:38.297+0000] {logging_mixin.py:154} INFO - [2023-12-15T12:00:38.297+0000] {dag.py:3722} INFO - Setting next_dagrun for example_sensors to None, run_after=None
[2023-12-15T12:00:38.326+0000] {processor.py:179} INFO - Processing /home/airflow/.local/lib/python3.8/site-packages/airflow/example_dags/example_sensors.py took 0.183 seconds
[2023-12-15T12:01:08.734+0000] {processor.py:157} INFO - Started process (PID=2478) to work on /home/airflow/.local/lib/python3.8/site-packages/airflow/example_dags/example_sensors.py
[2023-12-15T12:01:08.735+0000] {processor.py:829} INFO - Processing file /home/airflow/.local/lib/python3.8/site-packages/airflow/example_dags/example_sensors.py for tasks to queue
[2023-12-15T12:01:08.737+0000] {logging_mixin.py:154} INFO - [2023-12-15T12:01:08.737+0000] {dagbag.py:536} INFO - Filling up the DagBag from /home/airflow/.local/lib/python3.8/site-packages/airflow/example_dags/example_sensors.py
[2023-12-15T12:01:08.772+0000] {processor.py:839} INFO - DAG(s) dict_keys(['example_sensors']) retrieved from /home/airflow/.local/lib/python3.8/site-packages/airflow/example_dags/example_sensors.py
[2023-12-15T12:01:08.828+0000] {logging_mixin.py:154} INFO - [2023-12-15T12:01:08.827+0000] {dag.py:2941} INFO - Sync 1 DAGs
[2023-12-15T12:01:08.847+0000] {logging_mixin.py:154} INFO - [2023-12-15T12:01:08.847+0000] {dag.py:3722} INFO - Setting next_dagrun for example_sensors to None, run_after=None
[2023-12-15T12:01:08.895+0000] {processor.py:179} INFO - Processing /home/airflow/.local/lib/python3.8/site-packages/airflow/example_dags/example_sensors.py took 0.164 seconds
[2023-12-15T12:01:39.420+0000] {processor.py:157} INFO - Started process (PID=2532) to work on /home/airflow/.local/lib/python3.8/site-packages/airflow/example_dags/example_sensors.py
[2023-12-15T12:01:39.423+0000] {processor.py:829} INFO - Processing file /home/airflow/.local/lib/python3.8/site-packages/airflow/example_dags/example_sensors.py for tasks to queue
[2023-12-15T12:01:39.426+0000] {logging_mixin.py:154} INFO - [2023-12-15T12:01:39.426+0000] {dagbag.py:536} INFO - Filling up the DagBag from /home/airflow/.local/lib/python3.8/site-packages/airflow/example_dags/example_sensors.py
[2023-12-15T12:01:39.440+0000] {processor.py:839} INFO - DAG(s) dict_keys(['example_sensors']) retrieved from /home/airflow/.local/lib/python3.8/site-packages/airflow/example_dags/example_sensors.py
[2023-12-15T12:01:39.532+0000] {logging_mixin.py:154} INFO - [2023-12-15T12:01:39.531+0000] {dag.py:2941} INFO - Sync 1 DAGs
[2023-12-15T12:01:39.643+0000] {logging_mixin.py:154} INFO - [2023-12-15T12:01:39.643+0000] {dag.py:3722} INFO - Setting next_dagrun for example_sensors to None, run_after=None
[2023-12-15T12:01:39.678+0000] {processor.py:179} INFO - Processing /home/airflow/.local/lib/python3.8/site-packages/airflow/example_dags/example_sensors.py took 0.262 seconds
[2023-12-15T12:02:10.032+0000] {processor.py:157} INFO - Started process (PID=2586) to work on /home/airflow/.local/lib/python3.8/site-packages/airflow/example_dags/example_sensors.py
[2023-12-15T12:02:10.037+0000] {processor.py:829} INFO - Processing file /home/airflow/.local/lib/python3.8/site-packages/airflow/example_dags/example_sensors.py for tasks to queue
[2023-12-15T12:02:10.043+0000] {logging_mixin.py:154} INFO - [2023-12-15T12:02:10.043+0000] {dagbag.py:536} INFO - Filling up the DagBag from /home/airflow/.local/lib/python3.8/site-packages/airflow/example_dags/example_sensors.py
[2023-12-15T12:02:10.070+0000] {processor.py:839} INFO - DAG(s) dict_keys(['example_sensors']) retrieved from /home/airflow/.local/lib/python3.8/site-packages/airflow/example_dags/example_sensors.py
[2023-12-15T12:02:10.126+0000] {logging_mixin.py:154} INFO - [2023-12-15T12:02:10.126+0000] {dag.py:2941} INFO - Sync 1 DAGs
[2023-12-15T12:02:10.158+0000] {logging_mixin.py:154} INFO - [2023-12-15T12:02:10.158+0000] {dag.py:3722} INFO - Setting next_dagrun for example_sensors to None, run_after=None
[2023-12-15T12:02:10.177+0000] {processor.py:179} INFO - Processing /home/airflow/.local/lib/python3.8/site-packages/airflow/example_dags/example_sensors.py took 0.154 seconds
[2023-12-15T12:02:41.369+0000] {processor.py:157} INFO - Started process (PID=2640) to work on /home/airflow/.local/lib/python3.8/site-packages/airflow/example_dags/example_sensors.py
[2023-12-15T12:02:41.378+0000] {processor.py:829} INFO - Processing file /home/airflow/.local/lib/python3.8/site-packages/airflow/example_dags/example_sensors.py for tasks to queue
[2023-12-15T12:02:41.409+0000] {logging_mixin.py:154} INFO - [2023-12-15T12:02:41.409+0000] {dagbag.py:536} INFO - Filling up the DagBag from /home/airflow/.local/lib/python3.8/site-packages/airflow/example_dags/example_sensors.py
[2023-12-15T12:02:41.445+0000] {processor.py:839} INFO - DAG(s) dict_keys(['example_sensors']) retrieved from /home/airflow/.local/lib/python3.8/site-packages/airflow/example_dags/example_sensors.py
[2023-12-15T12:02:41.534+0000] {logging_mixin.py:154} INFO - [2023-12-15T12:02:41.534+0000] {dag.py:2941} INFO - Sync 1 DAGs
[2023-12-15T12:02:41.544+0000] {logging_mixin.py:154} INFO - [2023-12-15T12:02:41.544+0000] {dag.py:3722} INFO - Setting next_dagrun for example_sensors to None, run_after=None
[2023-12-15T12:02:41.577+0000] {processor.py:179} INFO - Processing /home/airflow/.local/lib/python3.8/site-packages/airflow/example_dags/example_sensors.py took 0.215 seconds
[2023-12-15T12:03:12.207+0000] {processor.py:157} INFO - Started process (PID=2694) to work on /home/airflow/.local/lib/python3.8/site-packages/airflow/example_dags/example_sensors.py
[2023-12-15T12:03:12.208+0000] {processor.py:829} INFO - Processing file /home/airflow/.local/lib/python3.8/site-packages/airflow/example_dags/example_sensors.py for tasks to queue
[2023-12-15T12:03:12.211+0000] {logging_mixin.py:154} INFO - [2023-12-15T12:03:12.211+0000] {dagbag.py:536} INFO - Filling up the DagBag from /home/airflow/.local/lib/python3.8/site-packages/airflow/example_dags/example_sensors.py
[2023-12-15T12:03:12.227+0000] {processor.py:839} INFO - DAG(s) dict_keys(['example_sensors']) retrieved from /home/airflow/.local/lib/python3.8/site-packages/airflow/example_dags/example_sensors.py
[2023-12-15T12:03:12.261+0000] {logging_mixin.py:154} INFO - [2023-12-15T12:03:12.261+0000] {dag.py:2941} INFO - Sync 1 DAGs
[2023-12-15T12:03:12.280+0000] {logging_mixin.py:154} INFO - [2023-12-15T12:03:12.280+0000] {dag.py:3722} INFO - Setting next_dagrun for example_sensors to None, run_after=None
[2023-12-15T12:03:12.299+0000] {processor.py:179} INFO - Processing /home/airflow/.local/lib/python3.8/site-packages/airflow/example_dags/example_sensors.py took 0.096 seconds
[2023-12-15T12:03:43.785+0000] {processor.py:157} INFO - Started process (PID=2749) to work on /home/airflow/.local/lib/python3.8/site-packages/airflow/example_dags/example_sensors.py
[2023-12-15T12:03:43.788+0000] {processor.py:829} INFO - Processing file /home/airflow/.local/lib/python3.8/site-packages/airflow/example_dags/example_sensors.py for tasks to queue
[2023-12-15T12:03:43.795+0000] {logging_mixin.py:154} INFO - [2023-12-15T12:03:43.794+0000] {dagbag.py:536} INFO - Filling up the DagBag from /home/airflow/.local/lib/python3.8/site-packages/airflow/example_dags/example_sensors.py
[2023-12-15T12:03:43.808+0000] {processor.py:839} INFO - DAG(s) dict_keys(['example_sensors']) retrieved from /home/airflow/.local/lib/python3.8/site-packages/airflow/example_dags/example_sensors.py
[2023-12-15T12:03:43.849+0000] {logging_mixin.py:154} INFO - [2023-12-15T12:03:43.849+0000] {dag.py:2941} INFO - Sync 1 DAGs
[2023-12-15T12:03:43.862+0000] {logging_mixin.py:154} INFO - [2023-12-15T12:03:43.862+0000] {dag.py:3722} INFO - Setting next_dagrun for example_sensors to None, run_after=None
[2023-12-15T12:03:43.899+0000] {processor.py:179} INFO - Processing /home/airflow/.local/lib/python3.8/site-packages/airflow/example_dags/example_sensors.py took 0.121 seconds
[2023-12-15T12:04:15.145+0000] {processor.py:157} INFO - Started process (PID=2804) to work on /home/airflow/.local/lib/python3.8/site-packages/airflow/example_dags/example_sensors.py
[2023-12-15T12:04:15.157+0000] {processor.py:829} INFO - Processing file /home/airflow/.local/lib/python3.8/site-packages/airflow/example_dags/example_sensors.py for tasks to queue
[2023-12-15T12:04:15.162+0000] {logging_mixin.py:154} INFO - [2023-12-15T12:04:15.162+0000] {dagbag.py:536} INFO - Filling up the DagBag from /home/airflow/.local/lib/python3.8/site-packages/airflow/example_dags/example_sensors.py
[2023-12-15T12:04:15.230+0000] {processor.py:839} INFO - DAG(s) dict_keys(['example_sensors']) retrieved from /home/airflow/.local/lib/python3.8/site-packages/airflow/example_dags/example_sensors.py
[2023-12-15T12:04:15.314+0000] {logging_mixin.py:154} INFO - [2023-12-15T12:04:15.313+0000] {dag.py:2941} INFO - Sync 1 DAGs
[2023-12-15T12:04:15.338+0000] {logging_mixin.py:154} INFO - [2023-12-15T12:04:15.338+0000] {dag.py:3722} INFO - Setting next_dagrun for example_sensors to None, run_after=None
[2023-12-15T12:04:15.375+0000] {processor.py:179} INFO - Processing /home/airflow/.local/lib/python3.8/site-packages/airflow/example_dags/example_sensors.py took 0.238 seconds
[2023-12-15T12:04:45.960+0000] {processor.py:157} INFO - Started process (PID=2858) to work on /home/airflow/.local/lib/python3.8/site-packages/airflow/example_dags/example_sensors.py
[2023-12-15T12:04:45.970+0000] {processor.py:829} INFO - Processing file /home/airflow/.local/lib/python3.8/site-packages/airflow/example_dags/example_sensors.py for tasks to queue
[2023-12-15T12:04:45.973+0000] {logging_mixin.py:154} INFO - [2023-12-15T12:04:45.973+0000] {dagbag.py:536} INFO - Filling up the DagBag from /home/airflow/.local/lib/python3.8/site-packages/airflow/example_dags/example_sensors.py
[2023-12-15T12:04:45.984+0000] {processor.py:839} INFO - DAG(s) dict_keys(['example_sensors']) retrieved from /home/airflow/.local/lib/python3.8/site-packages/airflow/example_dags/example_sensors.py
[2023-12-15T12:04:46.031+0000] {logging_mixin.py:154} INFO - [2023-12-15T12:04:46.031+0000] {dag.py:2941} INFO - Sync 1 DAGs
[2023-12-15T12:04:46.056+0000] {logging_mixin.py:154} INFO - [2023-12-15T12:04:46.055+0000] {dag.py:3722} INFO - Setting next_dagrun for example_sensors to None, run_after=None
[2023-12-15T12:04:46.147+0000] {processor.py:179} INFO - Processing /home/airflow/.local/lib/python3.8/site-packages/airflow/example_dags/example_sensors.py took 0.192 seconds
[2023-12-15T12:05:17.984+0000] {processor.py:157} INFO - Started process (PID=2912) to work on /home/airflow/.local/lib/python3.8/site-packages/airflow/example_dags/example_sensors.py
[2023-12-15T12:05:17.986+0000] {processor.py:829} INFO - Processing file /home/airflow/.local/lib/python3.8/site-packages/airflow/example_dags/example_sensors.py for tasks to queue
[2023-12-15T12:05:17.990+0000] {logging_mixin.py:154} INFO - [2023-12-15T12:05:17.989+0000] {dagbag.py:536} INFO - Filling up the DagBag from /home/airflow/.local/lib/python3.8/site-packages/airflow/example_dags/example_sensors.py
[2023-12-15T12:05:18.006+0000] {processor.py:839} INFO - DAG(s) dict_keys(['example_sensors']) retrieved from /home/airflow/.local/lib/python3.8/site-packages/airflow/example_dags/example_sensors.py
[2023-12-15T12:05:18.055+0000] {logging_mixin.py:154} INFO - [2023-12-15T12:05:18.054+0000] {dag.py:2941} INFO - Sync 1 DAGs
[2023-12-15T12:05:18.077+0000] {logging_mixin.py:154} INFO - [2023-12-15T12:05:18.076+0000] {dag.py:3722} INFO - Setting next_dagrun for example_sensors to None, run_after=None
[2023-12-15T12:05:18.100+0000] {processor.py:179} INFO - Processing /home/airflow/.local/lib/python3.8/site-packages/airflow/example_dags/example_sensors.py took 0.120 seconds
[2023-12-15T12:05:50.369+0000] {processor.py:157} INFO - Started process (PID=2966) to work on /home/airflow/.local/lib/python3.8/site-packages/airflow/example_dags/example_sensors.py
[2023-12-15T12:05:50.421+0000] {processor.py:829} INFO - Processing file /home/airflow/.local/lib/python3.8/site-packages/airflow/example_dags/example_sensors.py for tasks to queue
[2023-12-15T12:05:50.424+0000] {logging_mixin.py:154} INFO - [2023-12-15T12:05:50.424+0000] {dagbag.py:536} INFO - Filling up the DagBag from /home/airflow/.local/lib/python3.8/site-packages/airflow/example_dags/example_sensors.py
[2023-12-15T12:05:50.450+0000] {processor.py:839} INFO - DAG(s) dict_keys(['example_sensors']) retrieved from /home/airflow/.local/lib/python3.8/site-packages/airflow/example_dags/example_sensors.py
[2023-12-15T12:05:50.500+0000] {logging_mixin.py:154} INFO - [2023-12-15T12:05:50.499+0000] {dag.py:2941} INFO - Sync 1 DAGs
[2023-12-15T12:05:50.547+0000] {logging_mixin.py:154} INFO - [2023-12-15T12:05:50.547+0000] {dag.py:3722} INFO - Setting next_dagrun for example_sensors to None, run_after=None
[2023-12-15T12:05:50.564+0000] {processor.py:179} INFO - Processing /home/airflow/.local/lib/python3.8/site-packages/airflow/example_dags/example_sensors.py took 0.199 seconds
[2023-12-15T12:06:20.716+0000] {processor.py:157} INFO - Started process (PID=3018) to work on /home/airflow/.local/lib/python3.8/site-packages/airflow/example_dags/example_sensors.py
[2023-12-15T12:06:20.722+0000] {processor.py:829} INFO - Processing file /home/airflow/.local/lib/python3.8/site-packages/airflow/example_dags/example_sensors.py for tasks to queue
[2023-12-15T12:06:20.763+0000] {logging_mixin.py:154} INFO - [2023-12-15T12:06:20.762+0000] {dagbag.py:536} INFO - Filling up the DagBag from /home/airflow/.local/lib/python3.8/site-packages/airflow/example_dags/example_sensors.py
[2023-12-15T12:06:20.854+0000] {processor.py:839} INFO - DAG(s) dict_keys(['example_sensors']) retrieved from /home/airflow/.local/lib/python3.8/site-packages/airflow/example_dags/example_sensors.py
[2023-12-15T12:06:21.036+0000] {logging_mixin.py:154} INFO - [2023-12-15T12:06:21.034+0000] {dag.py:2941} INFO - Sync 1 DAGs
[2023-12-15T12:06:21.079+0000] {logging_mixin.py:154} INFO - [2023-12-15T12:06:21.079+0000] {dag.py:3722} INFO - Setting next_dagrun for example_sensors to None, run_after=None
[2023-12-15T12:06:21.104+0000] {processor.py:179} INFO - Processing /home/airflow/.local/lib/python3.8/site-packages/airflow/example_dags/example_sensors.py took 0.398 seconds
[2023-12-15T12:06:51.472+0000] {processor.py:157} INFO - Started process (PID=3072) to work on /home/airflow/.local/lib/python3.8/site-packages/airflow/example_dags/example_sensors.py
[2023-12-15T12:06:51.474+0000] {processor.py:829} INFO - Processing file /home/airflow/.local/lib/python3.8/site-packages/airflow/example_dags/example_sensors.py for tasks to queue
[2023-12-15T12:06:51.477+0000] {logging_mixin.py:154} INFO - [2023-12-15T12:06:51.476+0000] {dagbag.py:536} INFO - Filling up the DagBag from /home/airflow/.local/lib/python3.8/site-packages/airflow/example_dags/example_sensors.py
[2023-12-15T12:06:51.487+0000] {processor.py:839} INFO - DAG(s) dict_keys(['example_sensors']) retrieved from /home/airflow/.local/lib/python3.8/site-packages/airflow/example_dags/example_sensors.py
[2023-12-15T12:06:51.551+0000] {logging_mixin.py:154} INFO - [2023-12-15T12:06:51.550+0000] {dag.py:2941} INFO - Sync 1 DAGs
[2023-12-15T12:06:51.579+0000] {logging_mixin.py:154} INFO - [2023-12-15T12:06:51.578+0000] {dag.py:3722} INFO - Setting next_dagrun for example_sensors to None, run_after=None
[2023-12-15T12:06:51.621+0000] {processor.py:179} INFO - Processing /home/airflow/.local/lib/python3.8/site-packages/airflow/example_dags/example_sensors.py took 0.155 seconds
[2023-12-15T12:07:22.806+0000] {processor.py:157} INFO - Started process (PID=3125) to work on /home/airflow/.local/lib/python3.8/site-packages/airflow/example_dags/example_sensors.py
[2023-12-15T12:07:22.808+0000] {processor.py:829} INFO - Processing file /home/airflow/.local/lib/python3.8/site-packages/airflow/example_dags/example_sensors.py for tasks to queue
[2023-12-15T12:07:22.811+0000] {logging_mixin.py:154} INFO - [2023-12-15T12:07:22.811+0000] {dagbag.py:536} INFO - Filling up the DagBag from /home/airflow/.local/lib/python3.8/site-packages/airflow/example_dags/example_sensors.py
[2023-12-15T12:07:22.823+0000] {processor.py:839} INFO - DAG(s) dict_keys(['example_sensors']) retrieved from /home/airflow/.local/lib/python3.8/site-packages/airflow/example_dags/example_sensors.py
[2023-12-15T12:07:22.866+0000] {logging_mixin.py:154} INFO - [2023-12-15T12:07:22.866+0000] {dag.py:2941} INFO - Sync 1 DAGs
[2023-12-15T12:07:22.878+0000] {logging_mixin.py:154} INFO - [2023-12-15T12:07:22.877+0000] {dag.py:3722} INFO - Setting next_dagrun for example_sensors to None, run_after=None
[2023-12-15T12:07:22.893+0000] {processor.py:179} INFO - Processing /home/airflow/.local/lib/python3.8/site-packages/airflow/example_dags/example_sensors.py took 0.091 seconds
[2023-12-15T12:07:53.673+0000] {processor.py:157} INFO - Started process (PID=3179) to work on /home/airflow/.local/lib/python3.8/site-packages/airflow/example_dags/example_sensors.py
[2023-12-15T12:07:53.680+0000] {processor.py:829} INFO - Processing file /home/airflow/.local/lib/python3.8/site-packages/airflow/example_dags/example_sensors.py for tasks to queue
[2023-12-15T12:07:53.683+0000] {logging_mixin.py:154} INFO - [2023-12-15T12:07:53.683+0000] {dagbag.py:536} INFO - Filling up the DagBag from /home/airflow/.local/lib/python3.8/site-packages/airflow/example_dags/example_sensors.py
[2023-12-15T12:07:53.704+0000] {processor.py:839} INFO - DAG(s) dict_keys(['example_sensors']) retrieved from /home/airflow/.local/lib/python3.8/site-packages/airflow/example_dags/example_sensors.py
[2023-12-15T12:07:53.789+0000] {logging_mixin.py:154} INFO - [2023-12-15T12:07:53.789+0000] {dag.py:2941} INFO - Sync 1 DAGs
[2023-12-15T12:07:53.807+0000] {logging_mixin.py:154} INFO - [2023-12-15T12:07:53.807+0000] {dag.py:3722} INFO - Setting next_dagrun for example_sensors to None, run_after=None
[2023-12-15T12:07:53.817+0000] {processor.py:179} INFO - Processing /home/airflow/.local/lib/python3.8/site-packages/airflow/example_dags/example_sensors.py took 0.148 seconds
[2023-12-15T12:08:24.604+0000] {processor.py:157} INFO - Started process (PID=3233) to work on /home/airflow/.local/lib/python3.8/site-packages/airflow/example_dags/example_sensors.py
[2023-12-15T12:08:24.606+0000] {processor.py:829} INFO - Processing file /home/airflow/.local/lib/python3.8/site-packages/airflow/example_dags/example_sensors.py for tasks to queue
[2023-12-15T12:08:24.611+0000] {logging_mixin.py:154} INFO - [2023-12-15T12:08:24.610+0000] {dagbag.py:536} INFO - Filling up the DagBag from /home/airflow/.local/lib/python3.8/site-packages/airflow/example_dags/example_sensors.py
[2023-12-15T12:08:24.631+0000] {processor.py:839} INFO - DAG(s) dict_keys(['example_sensors']) retrieved from /home/airflow/.local/lib/python3.8/site-packages/airflow/example_dags/example_sensors.py
[2023-12-15T12:08:24.671+0000] {logging_mixin.py:154} INFO - [2023-12-15T12:08:24.671+0000] {dag.py:2941} INFO - Sync 1 DAGs
[2023-12-15T12:08:24.684+0000] {logging_mixin.py:154} INFO - [2023-12-15T12:08:24.683+0000] {dag.py:3722} INFO - Setting next_dagrun for example_sensors to None, run_after=None
[2023-12-15T12:08:24.712+0000] {processor.py:179} INFO - Processing /home/airflow/.local/lib/python3.8/site-packages/airflow/example_dags/example_sensors.py took 0.112 seconds
[2023-12-15T12:09:00.891+0000] {processor.py:157} INFO - Started process (PID=3299) to work on /home/airflow/.local/lib/python3.8/site-packages/airflow/example_dags/example_sensors.py
[2023-12-15T12:09:00.895+0000] {processor.py:829} INFO - Processing file /home/airflow/.local/lib/python3.8/site-packages/airflow/example_dags/example_sensors.py for tasks to queue
[2023-12-15T12:09:00.900+0000] {logging_mixin.py:154} INFO - [2023-12-15T12:09:00.900+0000] {dagbag.py:536} INFO - Filling up the DagBag from /home/airflow/.local/lib/python3.8/site-packages/airflow/example_dags/example_sensors.py
[2023-12-15T12:09:00.961+0000] {processor.py:839} INFO - DAG(s) dict_keys(['example_sensors']) retrieved from /home/airflow/.local/lib/python3.8/site-packages/airflow/example_dags/example_sensors.py
[2023-12-15T12:09:01.030+0000] {logging_mixin.py:154} INFO - [2023-12-15T12:09:01.030+0000] {dag.py:2941} INFO - Sync 1 DAGs
[2023-12-15T12:09:01.106+0000] {logging_mixin.py:154} INFO - [2023-12-15T12:09:01.106+0000] {dag.py:3722} INFO - Setting next_dagrun for example_sensors to None, run_after=None
[2023-12-15T12:09:01.133+0000] {processor.py:179} INFO - Processing /home/airflow/.local/lib/python3.8/site-packages/airflow/example_dags/example_sensors.py took 0.267 seconds
[2023-12-15T12:09:31.368+0000] {processor.py:157} INFO - Started process (PID=3346) to work on /home/airflow/.local/lib/python3.8/site-packages/airflow/example_dags/example_sensors.py
[2023-12-15T12:09:31.370+0000] {processor.py:829} INFO - Processing file /home/airflow/.local/lib/python3.8/site-packages/airflow/example_dags/example_sensors.py for tasks to queue
[2023-12-15T12:09:31.374+0000] {logging_mixin.py:154} INFO - [2023-12-15T12:09:31.374+0000] {dagbag.py:536} INFO - Filling up the DagBag from /home/airflow/.local/lib/python3.8/site-packages/airflow/example_dags/example_sensors.py
[2023-12-15T12:09:31.389+0000] {processor.py:839} INFO - DAG(s) dict_keys(['example_sensors']) retrieved from /home/airflow/.local/lib/python3.8/site-packages/airflow/example_dags/example_sensors.py
[2023-12-15T12:09:31.624+0000] {logging_mixin.py:154} INFO - [2023-12-15T12:09:31.623+0000] {dag.py:2941} INFO - Sync 1 DAGs
[2023-12-15T12:09:31.773+0000] {logging_mixin.py:154} INFO - [2023-12-15T12:09:31.772+0000] {dag.py:3722} INFO - Setting next_dagrun for example_sensors to None, run_after=None
[2023-12-15T12:09:32.098+0000] {processor.py:179} INFO - Processing /home/airflow/.local/lib/python3.8/site-packages/airflow/example_dags/example_sensors.py took 0.737 seconds
[2023-12-15T12:10:02.701+0000] {processor.py:157} INFO - Started process (PID=3400) to work on /home/airflow/.local/lib/python3.8/site-packages/airflow/example_dags/example_sensors.py
[2023-12-15T12:10:02.703+0000] {processor.py:829} INFO - Processing file /home/airflow/.local/lib/python3.8/site-packages/airflow/example_dags/example_sensors.py for tasks to queue
[2023-12-15T12:10:02.708+0000] {logging_mixin.py:154} INFO - [2023-12-15T12:10:02.707+0000] {dagbag.py:536} INFO - Filling up the DagBag from /home/airflow/.local/lib/python3.8/site-packages/airflow/example_dags/example_sensors.py
[2023-12-15T12:10:02.734+0000] {processor.py:839} INFO - DAG(s) dict_keys(['example_sensors']) retrieved from /home/airflow/.local/lib/python3.8/site-packages/airflow/example_dags/example_sensors.py
[2023-12-15T12:10:02.965+0000] {logging_mixin.py:154} INFO - [2023-12-15T12:10:02.965+0000] {dag.py:2941} INFO - Sync 1 DAGs
[2023-12-15T12:10:03.040+0000] {logging_mixin.py:154} INFO - [2023-12-15T12:10:03.040+0000] {dag.py:3722} INFO - Setting next_dagrun for example_sensors to None, run_after=None
[2023-12-15T12:10:03.112+0000] {processor.py:179} INFO - Processing /home/airflow/.local/lib/python3.8/site-packages/airflow/example_dags/example_sensors.py took 0.427 seconds
