[2023-12-15T11:36:59.622+0000] {processor.py:157} INFO - Started process (PID=72) to work on /home/airflow/.local/lib/python3.8/site-packages/airflow/example_dags/example_branch_labels.py
[2023-12-15T11:36:59.624+0000] {processor.py:829} INFO - Processing file /home/airflow/.local/lib/python3.8/site-packages/airflow/example_dags/example_branch_labels.py for tasks to queue
[2023-12-15T11:36:59.632+0000] {logging_mixin.py:154} INFO - [2023-12-15T11:36:59.632+0000] {dagbag.py:536} INFO - Filling up the DagBag from /home/airflow/.local/lib/python3.8/site-packages/airflow/example_dags/example_branch_labels.py
[2023-12-15T11:36:59.777+0000] {processor.py:839} INFO - DAG(s) dict_keys(['example_branch_labels']) retrieved from /home/airflow/.local/lib/python3.8/site-packages/airflow/example_dags/example_branch_labels.py
[2023-12-15T11:37:01.113+0000] {logging_mixin.py:154} INFO - [2023-12-15T11:37:01.112+0000] {dag.py:2941} INFO - Sync 1 DAGs
[2023-12-15T11:37:01.381+0000] {logging_mixin.py:154} INFO - [2023-12-15T11:37:01.379+0000] {dag.py:3722} INFO - Setting next_dagrun for example_branch_labels to 2023-12-14T00:00:00+00:00, run_after=2023-12-15T00:00:00+00:00
[2023-12-15T11:37:01.927+0000] {processor.py:179} INFO - Processing /home/airflow/.local/lib/python3.8/site-packages/airflow/example_dags/example_branch_labels.py took 2.386 seconds
[2023-12-15T11:37:32.064+0000] {processor.py:157} INFO - Started process (PID=126) to work on /home/airflow/.local/lib/python3.8/site-packages/airflow/example_dags/example_branch_labels.py
[2023-12-15T11:37:32.066+0000] {processor.py:829} INFO - Processing file /home/airflow/.local/lib/python3.8/site-packages/airflow/example_dags/example_branch_labels.py for tasks to queue
[2023-12-15T11:37:32.070+0000] {logging_mixin.py:154} INFO - [2023-12-15T11:37:32.070+0000] {dagbag.py:536} INFO - Filling up the DagBag from /home/airflow/.local/lib/python3.8/site-packages/airflow/example_dags/example_branch_labels.py
[2023-12-15T11:37:32.079+0000] {processor.py:839} INFO - DAG(s) dict_keys(['example_branch_labels']) retrieved from /home/airflow/.local/lib/python3.8/site-packages/airflow/example_dags/example_branch_labels.py
[2023-12-15T11:37:32.116+0000] {logging_mixin.py:154} INFO - [2023-12-15T11:37:32.115+0000] {dag.py:2941} INFO - Sync 1 DAGs
[2023-12-15T11:37:32.142+0000] {logging_mixin.py:154} INFO - [2023-12-15T11:37:32.142+0000] {dag.py:3722} INFO - Setting next_dagrun for example_branch_labels to 2023-12-14T00:00:00+00:00, run_after=2023-12-15T00:00:00+00:00
[2023-12-15T11:37:32.156+0000] {processor.py:179} INFO - Processing /home/airflow/.local/lib/python3.8/site-packages/airflow/example_dags/example_branch_labels.py took 0.096 seconds
[2023-12-15T11:38:03.058+0000] {processor.py:157} INFO - Started process (PID=180) to work on /home/airflow/.local/lib/python3.8/site-packages/airflow/example_dags/example_branch_labels.py
[2023-12-15T11:38:03.061+0000] {processor.py:829} INFO - Processing file /home/airflow/.local/lib/python3.8/site-packages/airflow/example_dags/example_branch_labels.py for tasks to queue
[2023-12-15T11:38:03.063+0000] {logging_mixin.py:154} INFO - [2023-12-15T11:38:03.062+0000] {dagbag.py:536} INFO - Filling up the DagBag from /home/airflow/.local/lib/python3.8/site-packages/airflow/example_dags/example_branch_labels.py
[2023-12-15T11:38:03.070+0000] {processor.py:839} INFO - DAG(s) dict_keys(['example_branch_labels']) retrieved from /home/airflow/.local/lib/python3.8/site-packages/airflow/example_dags/example_branch_labels.py
[2023-12-15T11:38:03.088+0000] {logging_mixin.py:154} INFO - [2023-12-15T11:38:03.087+0000] {dag.py:2941} INFO - Sync 1 DAGs
[2023-12-15T11:38:03.105+0000] {logging_mixin.py:154} INFO - [2023-12-15T11:38:03.105+0000] {dag.py:3722} INFO - Setting next_dagrun for example_branch_labels to 2023-12-14T00:00:00+00:00, run_after=2023-12-15T00:00:00+00:00
[2023-12-15T11:38:03.118+0000] {processor.py:179} INFO - Processing /home/airflow/.local/lib/python3.8/site-packages/airflow/example_dags/example_branch_labels.py took 0.065 seconds
[2023-12-15T11:38:33.746+0000] {processor.py:157} INFO - Started process (PID=234) to work on /home/airflow/.local/lib/python3.8/site-packages/airflow/example_dags/example_branch_labels.py
[2023-12-15T11:38:33.749+0000] {processor.py:829} INFO - Processing file /home/airflow/.local/lib/python3.8/site-packages/airflow/example_dags/example_branch_labels.py for tasks to queue
[2023-12-15T11:38:33.753+0000] {logging_mixin.py:154} INFO - [2023-12-15T11:38:33.753+0000] {dagbag.py:536} INFO - Filling up the DagBag from /home/airflow/.local/lib/python3.8/site-packages/airflow/example_dags/example_branch_labels.py
[2023-12-15T11:38:33.760+0000] {processor.py:839} INFO - DAG(s) dict_keys(['example_branch_labels']) retrieved from /home/airflow/.local/lib/python3.8/site-packages/airflow/example_dags/example_branch_labels.py
[2023-12-15T11:38:33.862+0000] {logging_mixin.py:154} INFO - [2023-12-15T11:38:33.862+0000] {dag.py:2941} INFO - Sync 1 DAGs
[2023-12-15T11:38:33.945+0000] {logging_mixin.py:154} INFO - [2023-12-15T11:38:33.945+0000] {dag.py:3722} INFO - Setting next_dagrun for example_branch_labels to 2023-12-14T00:00:00+00:00, run_after=2023-12-15T00:00:00+00:00
[2023-12-15T11:38:33.992+0000] {processor.py:179} INFO - Processing /home/airflow/.local/lib/python3.8/site-packages/airflow/example_dags/example_branch_labels.py took 0.254 seconds
[2023-12-15T11:39:04.958+0000] {processor.py:157} INFO - Started process (PID=286) to work on /home/airflow/.local/lib/python3.8/site-packages/airflow/example_dags/example_branch_labels.py
[2023-12-15T11:39:04.967+0000] {processor.py:829} INFO - Processing file /home/airflow/.local/lib/python3.8/site-packages/airflow/example_dags/example_branch_labels.py for tasks to queue
[2023-12-15T11:39:04.974+0000] {logging_mixin.py:154} INFO - [2023-12-15T11:39:04.974+0000] {dagbag.py:536} INFO - Filling up the DagBag from /home/airflow/.local/lib/python3.8/site-packages/airflow/example_dags/example_branch_labels.py
[2023-12-15T11:39:04.984+0000] {processor.py:839} INFO - DAG(s) dict_keys(['example_branch_labels']) retrieved from /home/airflow/.local/lib/python3.8/site-packages/airflow/example_dags/example_branch_labels.py
[2023-12-15T11:39:05.192+0000] {logging_mixin.py:154} INFO - [2023-12-15T11:39:05.162+0000] {dag.py:2941} INFO - Sync 1 DAGs
[2023-12-15T11:39:05.261+0000] {logging_mixin.py:154} INFO - [2023-12-15T11:39:05.260+0000] {dag.py:3722} INFO - Setting next_dagrun for example_branch_labels to 2023-12-14T00:00:00+00:00, run_after=2023-12-15T00:00:00+00:00
[2023-12-15T11:39:05.444+0000] {processor.py:179} INFO - Processing /home/airflow/.local/lib/python3.8/site-packages/airflow/example_dags/example_branch_labels.py took 0.493 seconds
[2023-12-15T11:39:39.268+0000] {processor.py:157} INFO - Started process (PID=338) to work on /home/airflow/.local/lib/python3.8/site-packages/airflow/example_dags/example_branch_labels.py
[2023-12-15T11:39:39.271+0000] {processor.py:829} INFO - Processing file /home/airflow/.local/lib/python3.8/site-packages/airflow/example_dags/example_branch_labels.py for tasks to queue
[2023-12-15T11:39:39.273+0000] {logging_mixin.py:154} INFO - [2023-12-15T11:39:39.273+0000] {dagbag.py:536} INFO - Filling up the DagBag from /home/airflow/.local/lib/python3.8/site-packages/airflow/example_dags/example_branch_labels.py
[2023-12-15T11:39:39.279+0000] {processor.py:839} INFO - DAG(s) dict_keys(['example_branch_labels']) retrieved from /home/airflow/.local/lib/python3.8/site-packages/airflow/example_dags/example_branch_labels.py
[2023-12-15T11:39:39.312+0000] {logging_mixin.py:154} INFO - [2023-12-15T11:39:39.312+0000] {dag.py:2941} INFO - Sync 1 DAGs
[2023-12-15T11:39:39.342+0000] {logging_mixin.py:154} INFO - [2023-12-15T11:39:39.342+0000] {dag.py:3722} INFO - Setting next_dagrun for example_branch_labels to 2023-12-14T00:00:00+00:00, run_after=2023-12-15T00:00:00+00:00
[2023-12-15T11:39:39.365+0000] {processor.py:179} INFO - Processing /home/airflow/.local/lib/python3.8/site-packages/airflow/example_dags/example_branch_labels.py took 0.100 seconds
[2023-12-15T11:40:12.758+0000] {processor.py:157} INFO - Started process (PID=392) to work on /home/airflow/.local/lib/python3.8/site-packages/airflow/example_dags/example_branch_labels.py
[2023-12-15T11:40:12.760+0000] {processor.py:829} INFO - Processing file /home/airflow/.local/lib/python3.8/site-packages/airflow/example_dags/example_branch_labels.py for tasks to queue
[2023-12-15T11:40:12.766+0000] {logging_mixin.py:154} INFO - [2023-12-15T11:40:12.766+0000] {dagbag.py:536} INFO - Filling up the DagBag from /home/airflow/.local/lib/python3.8/site-packages/airflow/example_dags/example_branch_labels.py
[2023-12-15T11:40:12.782+0000] {processor.py:839} INFO - DAG(s) dict_keys(['example_branch_labels']) retrieved from /home/airflow/.local/lib/python3.8/site-packages/airflow/example_dags/example_branch_labels.py
[2023-12-15T11:40:12.898+0000] {logging_mixin.py:154} INFO - [2023-12-15T11:40:12.897+0000] {dag.py:2941} INFO - Sync 1 DAGs
[2023-12-15T11:40:13.013+0000] {logging_mixin.py:154} INFO - [2023-12-15T11:40:13.012+0000] {dag.py:3722} INFO - Setting next_dagrun for example_branch_labels to 2023-12-14T00:00:00+00:00, run_after=2023-12-15T00:00:00+00:00
[2023-12-15T11:40:13.107+0000] {processor.py:179} INFO - Processing /home/airflow/.local/lib/python3.8/site-packages/airflow/example_dags/example_branch_labels.py took 0.353 seconds
[2023-12-15T11:40:43.845+0000] {processor.py:157} INFO - Started process (PID=446) to work on /home/airflow/.local/lib/python3.8/site-packages/airflow/example_dags/example_branch_labels.py
[2023-12-15T11:40:43.848+0000] {processor.py:829} INFO - Processing file /home/airflow/.local/lib/python3.8/site-packages/airflow/example_dags/example_branch_labels.py for tasks to queue
[2023-12-15T11:40:43.876+0000] {logging_mixin.py:154} INFO - [2023-12-15T11:40:43.874+0000] {dagbag.py:536} INFO - Filling up the DagBag from /home/airflow/.local/lib/python3.8/site-packages/airflow/example_dags/example_branch_labels.py
[2023-12-15T11:40:43.900+0000] {processor.py:839} INFO - DAG(s) dict_keys(['example_branch_labels']) retrieved from /home/airflow/.local/lib/python3.8/site-packages/airflow/example_dags/example_branch_labels.py
[2023-12-15T11:40:44.058+0000] {logging_mixin.py:154} INFO - [2023-12-15T11:40:44.054+0000] {dag.py:2941} INFO - Sync 1 DAGs
[2023-12-15T11:40:44.131+0000] {logging_mixin.py:154} INFO - [2023-12-15T11:40:44.130+0000] {dag.py:3722} INFO - Setting next_dagrun for example_branch_labels to 2023-12-14T00:00:00+00:00, run_after=2023-12-15T00:00:00+00:00
[2023-12-15T11:40:44.188+0000] {processor.py:179} INFO - Processing /home/airflow/.local/lib/python3.8/site-packages/airflow/example_dags/example_branch_labels.py took 0.361 seconds
[2023-12-15T11:41:14.925+0000] {processor.py:157} INFO - Started process (PID=500) to work on /home/airflow/.local/lib/python3.8/site-packages/airflow/example_dags/example_branch_labels.py
[2023-12-15T11:41:14.929+0000] {processor.py:829} INFO - Processing file /home/airflow/.local/lib/python3.8/site-packages/airflow/example_dags/example_branch_labels.py for tasks to queue
[2023-12-15T11:41:14.944+0000] {logging_mixin.py:154} INFO - [2023-12-15T11:41:14.943+0000] {dagbag.py:536} INFO - Filling up the DagBag from /home/airflow/.local/lib/python3.8/site-packages/airflow/example_dags/example_branch_labels.py
[2023-12-15T11:41:14.971+0000] {processor.py:839} INFO - DAG(s) dict_keys(['example_branch_labels']) retrieved from /home/airflow/.local/lib/python3.8/site-packages/airflow/example_dags/example_branch_labels.py
[2023-12-15T11:41:15.144+0000] {logging_mixin.py:154} INFO - [2023-12-15T11:41:15.144+0000] {dag.py:2941} INFO - Sync 1 DAGs
[2023-12-15T11:41:15.207+0000] {logging_mixin.py:154} INFO - [2023-12-15T11:41:15.206+0000] {dag.py:3722} INFO - Setting next_dagrun for example_branch_labels to 2023-12-14T00:00:00+00:00, run_after=2023-12-15T00:00:00+00:00
[2023-12-15T11:41:15.266+0000] {processor.py:179} INFO - Processing /home/airflow/.local/lib/python3.8/site-packages/airflow/example_dags/example_branch_labels.py took 0.354 seconds
[2023-12-15T11:41:49.366+0000] {processor.py:157} INFO - Started process (PID=554) to work on /home/airflow/.local/lib/python3.8/site-packages/airflow/example_dags/example_branch_labels.py
[2023-12-15T11:41:49.368+0000] {processor.py:829} INFO - Processing file /home/airflow/.local/lib/python3.8/site-packages/airflow/example_dags/example_branch_labels.py for tasks to queue
[2023-12-15T11:41:49.371+0000] {logging_mixin.py:154} INFO - [2023-12-15T11:41:49.371+0000] {dagbag.py:536} INFO - Filling up the DagBag from /home/airflow/.local/lib/python3.8/site-packages/airflow/example_dags/example_branch_labels.py
[2023-12-15T11:41:49.379+0000] {processor.py:839} INFO - DAG(s) dict_keys(['example_branch_labels']) retrieved from /home/airflow/.local/lib/python3.8/site-packages/airflow/example_dags/example_branch_labels.py
[2023-12-15T11:41:49.425+0000] {logging_mixin.py:154} INFO - [2023-12-15T11:41:49.425+0000] {dag.py:2941} INFO - Sync 1 DAGs
[2023-12-15T11:41:49.451+0000] {logging_mixin.py:154} INFO - [2023-12-15T11:41:49.451+0000] {dag.py:3722} INFO - Setting next_dagrun for example_branch_labels to 2023-12-14T00:00:00+00:00, run_after=2023-12-15T00:00:00+00:00
[2023-12-15T11:41:49.477+0000] {processor.py:179} INFO - Processing /home/airflow/.local/lib/python3.8/site-packages/airflow/example_dags/example_branch_labels.py took 0.116 seconds
[2023-12-15T11:42:22.608+0000] {processor.py:157} INFO - Started process (PID=609) to work on /home/airflow/.local/lib/python3.8/site-packages/airflow/example_dags/example_branch_labels.py
[2023-12-15T11:42:22.610+0000] {processor.py:829} INFO - Processing file /home/airflow/.local/lib/python3.8/site-packages/airflow/example_dags/example_branch_labels.py for tasks to queue
[2023-12-15T11:42:22.612+0000] {logging_mixin.py:154} INFO - [2023-12-15T11:42:22.612+0000] {dagbag.py:536} INFO - Filling up the DagBag from /home/airflow/.local/lib/python3.8/site-packages/airflow/example_dags/example_branch_labels.py
[2023-12-15T11:42:22.619+0000] {processor.py:839} INFO - DAG(s) dict_keys(['example_branch_labels']) retrieved from /home/airflow/.local/lib/python3.8/site-packages/airflow/example_dags/example_branch_labels.py
[2023-12-15T11:42:22.652+0000] {logging_mixin.py:154} INFO - [2023-12-15T11:42:22.652+0000] {dag.py:2941} INFO - Sync 1 DAGs
[2023-12-15T11:42:22.678+0000] {logging_mixin.py:154} INFO - [2023-12-15T11:42:22.678+0000] {dag.py:3722} INFO - Setting next_dagrun for example_branch_labels to 2023-12-14T00:00:00+00:00, run_after=2023-12-15T00:00:00+00:00
[2023-12-15T11:42:22.830+0000] {processor.py:179} INFO - Processing /home/airflow/.local/lib/python3.8/site-packages/airflow/example_dags/example_branch_labels.py took 0.225 seconds
[2023-12-15T11:43:04.260+0000] {processor.py:157} INFO - Started process (PID=664) to work on /home/airflow/.local/lib/python3.8/site-packages/airflow/example_dags/example_branch_labels.py
[2023-12-15T11:43:04.262+0000] {processor.py:829} INFO - Processing file /home/airflow/.local/lib/python3.8/site-packages/airflow/example_dags/example_branch_labels.py for tasks to queue
[2023-12-15T11:43:04.265+0000] {logging_mixin.py:154} INFO - [2023-12-15T11:43:04.265+0000] {dagbag.py:536} INFO - Filling up the DagBag from /home/airflow/.local/lib/python3.8/site-packages/airflow/example_dags/example_branch_labels.py
[2023-12-15T11:43:04.276+0000] {processor.py:839} INFO - DAG(s) dict_keys(['example_branch_labels']) retrieved from /home/airflow/.local/lib/python3.8/site-packages/airflow/example_dags/example_branch_labels.py
[2023-12-15T11:43:04.329+0000] {logging_mixin.py:154} INFO - [2023-12-15T11:43:04.328+0000] {dag.py:2941} INFO - Sync 1 DAGs
[2023-12-15T11:43:04.382+0000] {logging_mixin.py:154} INFO - [2023-12-15T11:43:04.382+0000] {dag.py:3722} INFO - Setting next_dagrun for example_branch_labels to 2023-12-14T00:00:00+00:00, run_after=2023-12-15T00:00:00+00:00
[2023-12-15T11:43:04.423+0000] {processor.py:179} INFO - Processing /home/airflow/.local/lib/python3.8/site-packages/airflow/example_dags/example_branch_labels.py took 0.168 seconds
[2023-12-15T11:43:40.201+0000] {processor.py:157} INFO - Started process (PID=718) to work on /home/airflow/.local/lib/python3.8/site-packages/airflow/example_dags/example_branch_labels.py
[2023-12-15T11:43:40.206+0000] {processor.py:829} INFO - Processing file /home/airflow/.local/lib/python3.8/site-packages/airflow/example_dags/example_branch_labels.py for tasks to queue
[2023-12-15T11:43:40.209+0000] {logging_mixin.py:154} INFO - [2023-12-15T11:43:40.208+0000] {dagbag.py:536} INFO - Filling up the DagBag from /home/airflow/.local/lib/python3.8/site-packages/airflow/example_dags/example_branch_labels.py
[2023-12-15T11:43:40.217+0000] {processor.py:839} INFO - DAG(s) dict_keys(['example_branch_labels']) retrieved from /home/airflow/.local/lib/python3.8/site-packages/airflow/example_dags/example_branch_labels.py
[2023-12-15T11:43:40.254+0000] {logging_mixin.py:154} INFO - [2023-12-15T11:43:40.254+0000] {dag.py:2941} INFO - Sync 1 DAGs
[2023-12-15T11:43:40.285+0000] {logging_mixin.py:154} INFO - [2023-12-15T11:43:40.285+0000] {dag.py:3722} INFO - Setting next_dagrun for example_branch_labels to 2023-12-14T00:00:00+00:00, run_after=2023-12-15T00:00:00+00:00
[2023-12-15T11:43:40.436+0000] {processor.py:179} INFO - Processing /home/airflow/.local/lib/python3.8/site-packages/airflow/example_dags/example_branch_labels.py took 0.240 seconds
[2023-12-15T11:44:14.676+0000] {processor.py:157} INFO - Started process (PID=779) to work on /home/airflow/.local/lib/python3.8/site-packages/airflow/example_dags/example_branch_labels.py
[2023-12-15T11:44:14.691+0000] {processor.py:829} INFO - Processing file /home/airflow/.local/lib/python3.8/site-packages/airflow/example_dags/example_branch_labels.py for tasks to queue
[2023-12-15T11:44:14.713+0000] {logging_mixin.py:154} INFO - [2023-12-15T11:44:14.709+0000] {dagbag.py:536} INFO - Filling up the DagBag from /home/airflow/.local/lib/python3.8/site-packages/airflow/example_dags/example_branch_labels.py
[2023-12-15T11:44:14.798+0000] {processor.py:839} INFO - DAG(s) dict_keys(['example_branch_labels']) retrieved from /home/airflow/.local/lib/python3.8/site-packages/airflow/example_dags/example_branch_labels.py
[2023-12-15T11:44:14.900+0000] {logging_mixin.py:154} INFO - [2023-12-15T11:44:14.900+0000] {dag.py:2941} INFO - Sync 1 DAGs
[2023-12-15T11:44:14.934+0000] {logging_mixin.py:154} INFO - [2023-12-15T11:44:14.934+0000] {dag.py:3722} INFO - Setting next_dagrun for example_branch_labels to 2023-12-14T00:00:00+00:00, run_after=2023-12-15T00:00:00+00:00
[2023-12-15T11:44:14.967+0000] {processor.py:179} INFO - Processing /home/airflow/.local/lib/python3.8/site-packages/airflow/example_dags/example_branch_labels.py took 0.312 seconds
[2023-12-15T11:44:46.331+0000] {processor.py:157} INFO - Started process (PID=833) to work on /home/airflow/.local/lib/python3.8/site-packages/airflow/example_dags/example_branch_labels.py
[2023-12-15T11:44:46.333+0000] {processor.py:829} INFO - Processing file /home/airflow/.local/lib/python3.8/site-packages/airflow/example_dags/example_branch_labels.py for tasks to queue
[2023-12-15T11:44:46.336+0000] {logging_mixin.py:154} INFO - [2023-12-15T11:44:46.336+0000] {dagbag.py:536} INFO - Filling up the DagBag from /home/airflow/.local/lib/python3.8/site-packages/airflow/example_dags/example_branch_labels.py
[2023-12-15T11:44:46.350+0000] {processor.py:839} INFO - DAG(s) dict_keys(['example_branch_labels']) retrieved from /home/airflow/.local/lib/python3.8/site-packages/airflow/example_dags/example_branch_labels.py
[2023-12-15T11:44:46.390+0000] {logging_mixin.py:154} INFO - [2023-12-15T11:44:46.390+0000] {dag.py:2941} INFO - Sync 1 DAGs
[2023-12-15T11:44:46.417+0000] {logging_mixin.py:154} INFO - [2023-12-15T11:44:46.417+0000] {dag.py:3722} INFO - Setting next_dagrun for example_branch_labels to 2023-12-14T00:00:00+00:00, run_after=2023-12-15T00:00:00+00:00
[2023-12-15T11:44:46.445+0000] {processor.py:179} INFO - Processing /home/airflow/.local/lib/python3.8/site-packages/airflow/example_dags/example_branch_labels.py took 0.120 seconds
[2023-12-15T11:45:17.790+0000] {processor.py:157} INFO - Started process (PID=885) to work on /home/airflow/.local/lib/python3.8/site-packages/airflow/example_dags/example_branch_labels.py
[2023-12-15T11:45:17.795+0000] {processor.py:829} INFO - Processing file /home/airflow/.local/lib/python3.8/site-packages/airflow/example_dags/example_branch_labels.py for tasks to queue
[2023-12-15T11:45:17.803+0000] {logging_mixin.py:154} INFO - [2023-12-15T11:45:17.802+0000] {dagbag.py:536} INFO - Filling up the DagBag from /home/airflow/.local/lib/python3.8/site-packages/airflow/example_dags/example_branch_labels.py
[2023-12-15T11:45:17.821+0000] {processor.py:839} INFO - DAG(s) dict_keys(['example_branch_labels']) retrieved from /home/airflow/.local/lib/python3.8/site-packages/airflow/example_dags/example_branch_labels.py
[2023-12-15T11:45:17.860+0000] {logging_mixin.py:154} INFO - [2023-12-15T11:45:17.859+0000] {dag.py:2941} INFO - Sync 1 DAGs
[2023-12-15T11:45:17.887+0000] {logging_mixin.py:154} INFO - [2023-12-15T11:45:17.886+0000] {dag.py:3722} INFO - Setting next_dagrun for example_branch_labels to 2023-12-14T00:00:00+00:00, run_after=2023-12-15T00:00:00+00:00
[2023-12-15T11:45:17.916+0000] {processor.py:179} INFO - Processing /home/airflow/.local/lib/python3.8/site-packages/airflow/example_dags/example_branch_labels.py took 0.131 seconds
[2023-12-15T11:45:48.632+0000] {processor.py:157} INFO - Started process (PID=938) to work on /home/airflow/.local/lib/python3.8/site-packages/airflow/example_dags/example_branch_labels.py
[2023-12-15T11:45:48.638+0000] {processor.py:829} INFO - Processing file /home/airflow/.local/lib/python3.8/site-packages/airflow/example_dags/example_branch_labels.py for tasks to queue
[2023-12-15T11:45:48.649+0000] {logging_mixin.py:154} INFO - [2023-12-15T11:45:48.649+0000] {dagbag.py:536} INFO - Filling up the DagBag from /home/airflow/.local/lib/python3.8/site-packages/airflow/example_dags/example_branch_labels.py
[2023-12-15T11:45:48.732+0000] {processor.py:839} INFO - DAG(s) dict_keys(['example_branch_labels']) retrieved from /home/airflow/.local/lib/python3.8/site-packages/airflow/example_dags/example_branch_labels.py
[2023-12-15T11:45:48.834+0000] {logging_mixin.py:154} INFO - [2023-12-15T11:45:48.834+0000] {dag.py:2941} INFO - Sync 1 DAGs
[2023-12-15T11:45:48.894+0000] {logging_mixin.py:154} INFO - [2023-12-15T11:45:48.894+0000] {dag.py:3722} INFO - Setting next_dagrun for example_branch_labels to 2023-12-14T00:00:00+00:00, run_after=2023-12-15T00:00:00+00:00
[2023-12-15T11:45:48.950+0000] {processor.py:179} INFO - Processing /home/airflow/.local/lib/python3.8/site-packages/airflow/example_dags/example_branch_labels.py took 0.345 seconds
[2023-12-15T11:46:19.286+0000] {processor.py:157} INFO - Started process (PID=991) to work on /home/airflow/.local/lib/python3.8/site-packages/airflow/example_dags/example_branch_labels.py
[2023-12-15T11:46:19.288+0000] {processor.py:829} INFO - Processing file /home/airflow/.local/lib/python3.8/site-packages/airflow/example_dags/example_branch_labels.py for tasks to queue
[2023-12-15T11:46:19.297+0000] {logging_mixin.py:154} INFO - [2023-12-15T11:46:19.296+0000] {dagbag.py:536} INFO - Filling up the DagBag from /home/airflow/.local/lib/python3.8/site-packages/airflow/example_dags/example_branch_labels.py
[2023-12-15T11:46:19.328+0000] {processor.py:839} INFO - DAG(s) dict_keys(['example_branch_labels']) retrieved from /home/airflow/.local/lib/python3.8/site-packages/airflow/example_dags/example_branch_labels.py
[2023-12-15T11:46:19.417+0000] {logging_mixin.py:154} INFO - [2023-12-15T11:46:19.417+0000] {dag.py:2941} INFO - Sync 1 DAGs
[2023-12-15T11:46:19.467+0000] {logging_mixin.py:154} INFO - [2023-12-15T11:46:19.467+0000] {dag.py:3722} INFO - Setting next_dagrun for example_branch_labels to 2023-12-14T00:00:00+00:00, run_after=2023-12-15T00:00:00+00:00
[2023-12-15T11:46:19.499+0000] {processor.py:179} INFO - Processing /home/airflow/.local/lib/python3.8/site-packages/airflow/example_dags/example_branch_labels.py took 0.232 seconds
[2023-12-15T11:46:55.022+0000] {processor.py:157} INFO - Started process (PID=1046) to work on /home/airflow/.local/lib/python3.8/site-packages/airflow/example_dags/example_branch_labels.py
[2023-12-15T11:46:55.042+0000] {processor.py:829} INFO - Processing file /home/airflow/.local/lib/python3.8/site-packages/airflow/example_dags/example_branch_labels.py for tasks to queue
[2023-12-15T11:46:55.062+0000] {logging_mixin.py:154} INFO - [2023-12-15T11:46:55.061+0000] {dagbag.py:536} INFO - Filling up the DagBag from /home/airflow/.local/lib/python3.8/site-packages/airflow/example_dags/example_branch_labels.py
[2023-12-15T11:46:55.086+0000] {processor.py:839} INFO - DAG(s) dict_keys(['example_branch_labels']) retrieved from /home/airflow/.local/lib/python3.8/site-packages/airflow/example_dags/example_branch_labels.py
[2023-12-15T11:46:55.201+0000] {logging_mixin.py:154} INFO - [2023-12-15T11:46:55.201+0000] {dag.py:2941} INFO - Sync 1 DAGs
[2023-12-15T11:46:55.272+0000] {logging_mixin.py:154} INFO - [2023-12-15T11:46:55.272+0000] {dag.py:3722} INFO - Setting next_dagrun for example_branch_labels to 2023-12-14T00:00:00+00:00, run_after=2023-12-15T00:00:00+00:00
[2023-12-15T11:46:55.358+0000] {processor.py:179} INFO - Processing /home/airflow/.local/lib/python3.8/site-packages/airflow/example_dags/example_branch_labels.py took 0.344 seconds
[2023-12-15T11:47:26.146+0000] {processor.py:157} INFO - Started process (PID=1100) to work on /home/airflow/.local/lib/python3.8/site-packages/airflow/example_dags/example_branch_labels.py
[2023-12-15T11:47:26.148+0000] {processor.py:829} INFO - Processing file /home/airflow/.local/lib/python3.8/site-packages/airflow/example_dags/example_branch_labels.py for tasks to queue
[2023-12-15T11:47:26.153+0000] {logging_mixin.py:154} INFO - [2023-12-15T11:47:26.152+0000] {dagbag.py:536} INFO - Filling up the DagBag from /home/airflow/.local/lib/python3.8/site-packages/airflow/example_dags/example_branch_labels.py
[2023-12-15T11:47:26.166+0000] {processor.py:839} INFO - DAG(s) dict_keys(['example_branch_labels']) retrieved from /home/airflow/.local/lib/python3.8/site-packages/airflow/example_dags/example_branch_labels.py
[2023-12-15T11:47:26.219+0000] {logging_mixin.py:154} INFO - [2023-12-15T11:47:26.219+0000] {dag.py:2941} INFO - Sync 1 DAGs
[2023-12-15T11:47:26.245+0000] {logging_mixin.py:154} INFO - [2023-12-15T11:47:26.245+0000] {dag.py:3722} INFO - Setting next_dagrun for example_branch_labels to 2023-12-14T00:00:00+00:00, run_after=2023-12-15T00:00:00+00:00
[2023-12-15T11:47:26.269+0000] {processor.py:179} INFO - Processing /home/airflow/.local/lib/python3.8/site-packages/airflow/example_dags/example_branch_labels.py took 0.134 seconds
[2023-12-15T11:47:56.461+0000] {processor.py:157} INFO - Started process (PID=1154) to work on /home/airflow/.local/lib/python3.8/site-packages/airflow/example_dags/example_branch_labels.py
[2023-12-15T11:47:56.462+0000] {processor.py:829} INFO - Processing file /home/airflow/.local/lib/python3.8/site-packages/airflow/example_dags/example_branch_labels.py for tasks to queue
[2023-12-15T11:47:56.466+0000] {logging_mixin.py:154} INFO - [2023-12-15T11:47:56.465+0000] {dagbag.py:536} INFO - Filling up the DagBag from /home/airflow/.local/lib/python3.8/site-packages/airflow/example_dags/example_branch_labels.py
[2023-12-15T11:47:56.474+0000] {processor.py:839} INFO - DAG(s) dict_keys(['example_branch_labels']) retrieved from /home/airflow/.local/lib/python3.8/site-packages/airflow/example_dags/example_branch_labels.py
[2023-12-15T11:47:56.511+0000] {logging_mixin.py:154} INFO - [2023-12-15T11:47:56.511+0000] {dag.py:2941} INFO - Sync 1 DAGs
[2023-12-15T11:47:56.532+0000] {logging_mixin.py:154} INFO - [2023-12-15T11:47:56.532+0000] {dag.py:3722} INFO - Setting next_dagrun for example_branch_labels to 2023-12-14T00:00:00+00:00, run_after=2023-12-15T00:00:00+00:00
[2023-12-15T11:47:56.555+0000] {processor.py:179} INFO - Processing /home/airflow/.local/lib/python3.8/site-packages/airflow/example_dags/example_branch_labels.py took 0.098 seconds
[2023-12-15T11:48:40.986+0000] {processor.py:157} INFO - Started process (PID=1208) to work on /home/airflow/.local/lib/python3.8/site-packages/airflow/example_dags/example_branch_labels.py
[2023-12-15T11:48:40.994+0000] {processor.py:829} INFO - Processing file /home/airflow/.local/lib/python3.8/site-packages/airflow/example_dags/example_branch_labels.py for tasks to queue
[2023-12-15T11:48:41.020+0000] {logging_mixin.py:154} INFO - [2023-12-15T11:48:41.014+0000] {dagbag.py:536} INFO - Filling up the DagBag from /home/airflow/.local/lib/python3.8/site-packages/airflow/example_dags/example_branch_labels.py
[2023-12-15T11:48:41.073+0000] {processor.py:839} INFO - DAG(s) dict_keys(['example_branch_labels']) retrieved from /home/airflow/.local/lib/python3.8/site-packages/airflow/example_dags/example_branch_labels.py
[2023-12-15T11:48:41.220+0000] {logging_mixin.py:154} INFO - [2023-12-15T11:48:41.220+0000] {dag.py:2941} INFO - Sync 1 DAGs
[2023-12-15T11:48:42.795+0000] {logging_mixin.py:154} INFO - [2023-12-15T11:48:42.795+0000] {dag.py:3722} INFO - Setting next_dagrun for example_branch_labels to 2023-12-14T00:00:00+00:00, run_after=2023-12-15T00:00:00+00:00
[2023-12-15T11:48:42.885+0000] {processor.py:179} INFO - Processing /home/airflow/.local/lib/python3.8/site-packages/airflow/example_dags/example_branch_labels.py took 1.910 seconds
[2023-12-15T11:49:13.317+0000] {processor.py:157} INFO - Started process (PID=1262) to work on /home/airflow/.local/lib/python3.8/site-packages/airflow/example_dags/example_branch_labels.py
[2023-12-15T11:49:13.321+0000] {processor.py:829} INFO - Processing file /home/airflow/.local/lib/python3.8/site-packages/airflow/example_dags/example_branch_labels.py for tasks to queue
[2023-12-15T11:49:13.328+0000] {logging_mixin.py:154} INFO - [2023-12-15T11:49:13.327+0000] {dagbag.py:536} INFO - Filling up the DagBag from /home/airflow/.local/lib/python3.8/site-packages/airflow/example_dags/example_branch_labels.py
[2023-12-15T11:49:13.363+0000] {processor.py:839} INFO - DAG(s) dict_keys(['example_branch_labels']) retrieved from /home/airflow/.local/lib/python3.8/site-packages/airflow/example_dags/example_branch_labels.py
[2023-12-15T11:49:13.413+0000] {logging_mixin.py:154} INFO - [2023-12-15T11:49:13.413+0000] {dag.py:2941} INFO - Sync 1 DAGs
[2023-12-15T11:49:13.442+0000] {logging_mixin.py:154} INFO - [2023-12-15T11:49:13.442+0000] {dag.py:3722} INFO - Setting next_dagrun for example_branch_labels to 2023-12-14T00:00:00+00:00, run_after=2023-12-15T00:00:00+00:00
[2023-12-15T11:49:13.508+0000] {processor.py:179} INFO - Processing /home/airflow/.local/lib/python3.8/site-packages/airflow/example_dags/example_branch_labels.py took 0.206 seconds
[2023-12-15T11:49:44.002+0000] {processor.py:157} INFO - Started process (PID=1316) to work on /home/airflow/.local/lib/python3.8/site-packages/airflow/example_dags/example_branch_labels.py
[2023-12-15T11:49:44.005+0000] {processor.py:829} INFO - Processing file /home/airflow/.local/lib/python3.8/site-packages/airflow/example_dags/example_branch_labels.py for tasks to queue
[2023-12-15T11:49:44.039+0000] {logging_mixin.py:154} INFO - [2023-12-15T11:49:44.035+0000] {dagbag.py:536} INFO - Filling up the DagBag from /home/airflow/.local/lib/python3.8/site-packages/airflow/example_dags/example_branch_labels.py
[2023-12-15T11:49:44.114+0000] {processor.py:839} INFO - DAG(s) dict_keys(['example_branch_labels']) retrieved from /home/airflow/.local/lib/python3.8/site-packages/airflow/example_dags/example_branch_labels.py
[2023-12-15T11:49:44.326+0000] {logging_mixin.py:154} INFO - [2023-12-15T11:49:44.326+0000] {dag.py:2941} INFO - Sync 1 DAGs
[2023-12-15T11:49:44.486+0000] {logging_mixin.py:154} INFO - [2023-12-15T11:49:44.485+0000] {dag.py:3722} INFO - Setting next_dagrun for example_branch_labels to 2023-12-14T00:00:00+00:00, run_after=2023-12-15T00:00:00+00:00
[2023-12-15T11:49:44.542+0000] {processor.py:179} INFO - Processing /home/airflow/.local/lib/python3.8/site-packages/airflow/example_dags/example_branch_labels.py took 0.550 seconds
[2023-12-15T11:50:20.188+0000] {processor.py:157} INFO - Started process (PID=1368) to work on /home/airflow/.local/lib/python3.8/site-packages/airflow/example_dags/example_branch_labels.py
[2023-12-15T11:50:20.209+0000] {processor.py:829} INFO - Processing file /home/airflow/.local/lib/python3.8/site-packages/airflow/example_dags/example_branch_labels.py for tasks to queue
[2023-12-15T11:50:20.248+0000] {logging_mixin.py:154} INFO - [2023-12-15T11:50:20.241+0000] {dagbag.py:536} INFO - Filling up the DagBag from /home/airflow/.local/lib/python3.8/site-packages/airflow/example_dags/example_branch_labels.py
[2023-12-15T11:50:20.342+0000] {processor.py:839} INFO - DAG(s) dict_keys(['example_branch_labels']) retrieved from /home/airflow/.local/lib/python3.8/site-packages/airflow/example_dags/example_branch_labels.py
[2023-12-15T11:50:20.440+0000] {logging_mixin.py:154} INFO - [2023-12-15T11:50:20.440+0000] {dag.py:2941} INFO - Sync 1 DAGs
[2023-12-15T11:50:21.806+0000] {logging_mixin.py:154} INFO - [2023-12-15T11:50:21.805+0000] {dag.py:3722} INFO - Setting next_dagrun for example_branch_labels to 2023-12-14T00:00:00+00:00, run_after=2023-12-15T00:00:00+00:00
[2023-12-15T11:50:21.868+0000] {processor.py:179} INFO - Processing /home/airflow/.local/lib/python3.8/site-packages/airflow/example_dags/example_branch_labels.py took 1.696 seconds
[2023-12-15T11:50:53.223+0000] {processor.py:157} INFO - Started process (PID=1421) to work on /home/airflow/.local/lib/python3.8/site-packages/airflow/example_dags/example_branch_labels.py
[2023-12-15T11:50:53.228+0000] {processor.py:829} INFO - Processing file /home/airflow/.local/lib/python3.8/site-packages/airflow/example_dags/example_branch_labels.py for tasks to queue
[2023-12-15T11:50:53.241+0000] {logging_mixin.py:154} INFO - [2023-12-15T11:50:53.240+0000] {dagbag.py:536} INFO - Filling up the DagBag from /home/airflow/.local/lib/python3.8/site-packages/airflow/example_dags/example_branch_labels.py
[2023-12-15T11:50:53.287+0000] {processor.py:839} INFO - DAG(s) dict_keys(['example_branch_labels']) retrieved from /home/airflow/.local/lib/python3.8/site-packages/airflow/example_dags/example_branch_labels.py
[2023-12-15T11:50:53.458+0000] {logging_mixin.py:154} INFO - [2023-12-15T11:50:53.457+0000] {dag.py:2941} INFO - Sync 1 DAGs
[2023-12-15T11:50:53.540+0000] {logging_mixin.py:154} INFO - [2023-12-15T11:50:53.540+0000] {dag.py:3722} INFO - Setting next_dagrun for example_branch_labels to 2023-12-14T00:00:00+00:00, run_after=2023-12-15T00:00:00+00:00
[2023-12-15T11:50:55.201+0000] {processor.py:179} INFO - Processing /home/airflow/.local/lib/python3.8/site-packages/airflow/example_dags/example_branch_labels.py took 1.995 seconds
[2023-12-15T11:51:25.377+0000] {processor.py:157} INFO - Started process (PID=1476) to work on /home/airflow/.local/lib/python3.8/site-packages/airflow/example_dags/example_branch_labels.py
[2023-12-15T11:51:25.381+0000] {processor.py:829} INFO - Processing file /home/airflow/.local/lib/python3.8/site-packages/airflow/example_dags/example_branch_labels.py for tasks to queue
[2023-12-15T11:51:25.386+0000] {logging_mixin.py:154} INFO - [2023-12-15T11:51:25.386+0000] {dagbag.py:536} INFO - Filling up the DagBag from /home/airflow/.local/lib/python3.8/site-packages/airflow/example_dags/example_branch_labels.py
[2023-12-15T11:51:25.413+0000] {processor.py:839} INFO - DAG(s) dict_keys(['example_branch_labels']) retrieved from /home/airflow/.local/lib/python3.8/site-packages/airflow/example_dags/example_branch_labels.py
[2023-12-15T11:51:25.449+0000] {logging_mixin.py:154} INFO - [2023-12-15T11:51:25.449+0000] {dag.py:2941} INFO - Sync 1 DAGs
[2023-12-15T11:51:25.484+0000] {logging_mixin.py:154} INFO - [2023-12-15T11:51:25.483+0000] {dag.py:3722} INFO - Setting next_dagrun for example_branch_labels to 2023-12-14T00:00:00+00:00, run_after=2023-12-15T00:00:00+00:00
[2023-12-15T11:51:25.506+0000] {processor.py:179} INFO - Processing /home/airflow/.local/lib/python3.8/site-packages/airflow/example_dags/example_branch_labels.py took 0.142 seconds
[2023-12-15T11:52:01.965+0000] {processor.py:157} INFO - Started process (PID=1537) to work on /home/airflow/.local/lib/python3.8/site-packages/airflow/example_dags/example_branch_labels.py
[2023-12-15T11:52:01.968+0000] {processor.py:829} INFO - Processing file /home/airflow/.local/lib/python3.8/site-packages/airflow/example_dags/example_branch_labels.py for tasks to queue
[2023-12-15T11:52:02.005+0000] {logging_mixin.py:154} INFO - [2023-12-15T11:52:02.000+0000] {dagbag.py:536} INFO - Filling up the DagBag from /home/airflow/.local/lib/python3.8/site-packages/airflow/example_dags/example_branch_labels.py
[2023-12-15T11:52:02.171+0000] {processor.py:839} INFO - DAG(s) dict_keys(['example_branch_labels']) retrieved from /home/airflow/.local/lib/python3.8/site-packages/airflow/example_dags/example_branch_labels.py
[2023-12-15T11:52:02.712+0000] {logging_mixin.py:154} INFO - [2023-12-15T11:52:02.710+0000] {dag.py:2941} INFO - Sync 1 DAGs
[2023-12-15T11:52:06.192+0000] {logging_mixin.py:154} INFO - [2023-12-15T11:52:06.187+0000] {dag.py:3722} INFO - Setting next_dagrun for example_branch_labels to 2023-12-14T00:00:00+00:00, run_after=2023-12-15T00:00:00+00:00
[2023-12-15T11:52:06.221+0000] {processor.py:179} INFO - Processing /home/airflow/.local/lib/python3.8/site-packages/airflow/example_dags/example_branch_labels.py took 4.263 seconds
[2023-12-15T11:52:37.420+0000] {processor.py:157} INFO - Started process (PID=1591) to work on /home/airflow/.local/lib/python3.8/site-packages/airflow/example_dags/example_branch_labels.py
[2023-12-15T11:52:37.422+0000] {processor.py:829} INFO - Processing file /home/airflow/.local/lib/python3.8/site-packages/airflow/example_dags/example_branch_labels.py for tasks to queue
[2023-12-15T11:52:37.439+0000] {logging_mixin.py:154} INFO - [2023-12-15T11:52:37.438+0000] {dagbag.py:536} INFO - Filling up the DagBag from /home/airflow/.local/lib/python3.8/site-packages/airflow/example_dags/example_branch_labels.py
[2023-12-15T11:52:37.568+0000] {processor.py:839} INFO - DAG(s) dict_keys(['example_branch_labels']) retrieved from /home/airflow/.local/lib/python3.8/site-packages/airflow/example_dags/example_branch_labels.py
[2023-12-15T11:52:37.664+0000] {logging_mixin.py:154} INFO - [2023-12-15T11:52:37.664+0000] {dag.py:2941} INFO - Sync 1 DAGs
[2023-12-15T11:52:37.723+0000] {logging_mixin.py:154} INFO - [2023-12-15T11:52:37.723+0000] {dag.py:3722} INFO - Setting next_dagrun for example_branch_labels to 2023-12-14T00:00:00+00:00, run_after=2023-12-15T00:00:00+00:00
[2023-12-15T11:52:37.740+0000] {processor.py:179} INFO - Processing /home/airflow/.local/lib/python3.8/site-packages/airflow/example_dags/example_branch_labels.py took 0.328 seconds
[2023-12-15T11:53:08.073+0000] {processor.py:157} INFO - Started process (PID=1644) to work on /home/airflow/.local/lib/python3.8/site-packages/airflow/example_dags/example_branch_labels.py
[2023-12-15T11:53:08.087+0000] {processor.py:829} INFO - Processing file /home/airflow/.local/lib/python3.8/site-packages/airflow/example_dags/example_branch_labels.py for tasks to queue
[2023-12-15T11:53:08.131+0000] {logging_mixin.py:154} INFO - [2023-12-15T11:53:08.127+0000] {dagbag.py:536} INFO - Filling up the DagBag from /home/airflow/.local/lib/python3.8/site-packages/airflow/example_dags/example_branch_labels.py
[2023-12-15T11:53:08.182+0000] {processor.py:839} INFO - DAG(s) dict_keys(['example_branch_labels']) retrieved from /home/airflow/.local/lib/python3.8/site-packages/airflow/example_dags/example_branch_labels.py
[2023-12-15T11:53:08.306+0000] {logging_mixin.py:154} INFO - [2023-12-15T11:53:08.306+0000] {dag.py:2941} INFO - Sync 1 DAGs
[2023-12-15T11:53:08.361+0000] {logging_mixin.py:154} INFO - [2023-12-15T11:53:08.361+0000] {dag.py:3722} INFO - Setting next_dagrun for example_branch_labels to 2023-12-14T00:00:00+00:00, run_after=2023-12-15T00:00:00+00:00
[2023-12-15T11:53:08.382+0000] {processor.py:179} INFO - Processing /home/airflow/.local/lib/python3.8/site-packages/airflow/example_dags/example_branch_labels.py took 0.343 seconds
[2023-12-15T11:53:38.844+0000] {processor.py:157} INFO - Started process (PID=1698) to work on /home/airflow/.local/lib/python3.8/site-packages/airflow/example_dags/example_branch_labels.py
[2023-12-15T11:53:38.887+0000] {processor.py:829} INFO - Processing file /home/airflow/.local/lib/python3.8/site-packages/airflow/example_dags/example_branch_labels.py for tasks to queue
[2023-12-15T11:53:38.939+0000] {logging_mixin.py:154} INFO - [2023-12-15T11:53:38.936+0000] {dagbag.py:536} INFO - Filling up the DagBag from /home/airflow/.local/lib/python3.8/site-packages/airflow/example_dags/example_branch_labels.py
[2023-12-15T11:53:39.136+0000] {processor.py:839} INFO - DAG(s) dict_keys(['example_branch_labels']) retrieved from /home/airflow/.local/lib/python3.8/site-packages/airflow/example_dags/example_branch_labels.py
[2023-12-15T11:53:39.364+0000] {logging_mixin.py:154} INFO - [2023-12-15T11:53:39.363+0000] {dag.py:2941} INFO - Sync 1 DAGs
[2023-12-15T11:53:39.520+0000] {logging_mixin.py:154} INFO - [2023-12-15T11:53:39.520+0000] {dag.py:3722} INFO - Setting next_dagrun for example_branch_labels to 2023-12-14T00:00:00+00:00, run_after=2023-12-15T00:00:00+00:00
[2023-12-15T11:53:39.554+0000] {processor.py:179} INFO - Processing /home/airflow/.local/lib/python3.8/site-packages/airflow/example_dags/example_branch_labels.py took 0.744 seconds
[2023-12-15T11:54:10.264+0000] {processor.py:157} INFO - Started process (PID=1750) to work on /home/airflow/.local/lib/python3.8/site-packages/airflow/example_dags/example_branch_labels.py
[2023-12-15T11:54:10.277+0000] {processor.py:829} INFO - Processing file /home/airflow/.local/lib/python3.8/site-packages/airflow/example_dags/example_branch_labels.py for tasks to queue
[2023-12-15T11:54:10.323+0000] {logging_mixin.py:154} INFO - [2023-12-15T11:54:10.317+0000] {dagbag.py:536} INFO - Filling up the DagBag from /home/airflow/.local/lib/python3.8/site-packages/airflow/example_dags/example_branch_labels.py
[2023-12-15T11:54:10.419+0000] {processor.py:839} INFO - DAG(s) dict_keys(['example_branch_labels']) retrieved from /home/airflow/.local/lib/python3.8/site-packages/airflow/example_dags/example_branch_labels.py
[2023-12-15T11:54:11.110+0000] {logging_mixin.py:154} INFO - [2023-12-15T11:54:11.109+0000] {dag.py:2941} INFO - Sync 1 DAGs
[2023-12-15T11:54:11.216+0000] {logging_mixin.py:154} INFO - [2023-12-15T11:54:11.216+0000] {dag.py:3722} INFO - Setting next_dagrun for example_branch_labels to 2023-12-14T00:00:00+00:00, run_after=2023-12-15T00:00:00+00:00
[2023-12-15T11:54:11.266+0000] {processor.py:179} INFO - Processing /home/airflow/.local/lib/python3.8/site-packages/airflow/example_dags/example_branch_labels.py took 1.062 seconds
[2023-12-15T11:54:42.352+0000] {processor.py:157} INFO - Started process (PID=1804) to work on /home/airflow/.local/lib/python3.8/site-packages/airflow/example_dags/example_branch_labels.py
[2023-12-15T11:54:42.355+0000] {processor.py:829} INFO - Processing file /home/airflow/.local/lib/python3.8/site-packages/airflow/example_dags/example_branch_labels.py for tasks to queue
[2023-12-15T11:54:42.400+0000] {logging_mixin.py:154} INFO - [2023-12-15T11:54:42.398+0000] {dagbag.py:536} INFO - Filling up the DagBag from /home/airflow/.local/lib/python3.8/site-packages/airflow/example_dags/example_branch_labels.py
[2023-12-15T11:54:42.479+0000] {processor.py:839} INFO - DAG(s) dict_keys(['example_branch_labels']) retrieved from /home/airflow/.local/lib/python3.8/site-packages/airflow/example_dags/example_branch_labels.py
[2023-12-15T11:54:42.646+0000] {logging_mixin.py:154} INFO - [2023-12-15T11:54:42.646+0000] {dag.py:2941} INFO - Sync 1 DAGs
[2023-12-15T11:54:42.741+0000] {logging_mixin.py:154} INFO - [2023-12-15T11:54:42.741+0000] {dag.py:3722} INFO - Setting next_dagrun for example_branch_labels to 2023-12-14T00:00:00+00:00, run_after=2023-12-15T00:00:00+00:00
[2023-12-15T11:54:42.760+0000] {processor.py:179} INFO - Processing /home/airflow/.local/lib/python3.8/site-packages/airflow/example_dags/example_branch_labels.py took 0.431 seconds
[2023-12-15T11:55:13.877+0000] {processor.py:157} INFO - Started process (PID=1858) to work on /home/airflow/.local/lib/python3.8/site-packages/airflow/example_dags/example_branch_labels.py
[2023-12-15T11:55:13.881+0000] {processor.py:829} INFO - Processing file /home/airflow/.local/lib/python3.8/site-packages/airflow/example_dags/example_branch_labels.py for tasks to queue
[2023-12-15T11:55:13.892+0000] {logging_mixin.py:154} INFO - [2023-12-15T11:55:13.890+0000] {dagbag.py:536} INFO - Filling up the DagBag from /home/airflow/.local/lib/python3.8/site-packages/airflow/example_dags/example_branch_labels.py
[2023-12-15T11:55:13.957+0000] {processor.py:839} INFO - DAG(s) dict_keys(['example_branch_labels']) retrieved from /home/airflow/.local/lib/python3.8/site-packages/airflow/example_dags/example_branch_labels.py
[2023-12-15T11:55:14.143+0000] {logging_mixin.py:154} INFO - [2023-12-15T11:55:14.142+0000] {dag.py:2941} INFO - Sync 1 DAGs
[2023-12-15T11:55:14.239+0000] {logging_mixin.py:154} INFO - [2023-12-15T11:55:14.239+0000] {dag.py:3722} INFO - Setting next_dagrun for example_branch_labels to 2023-12-14T00:00:00+00:00, run_after=2023-12-15T00:00:00+00:00
[2023-12-15T11:55:14.272+0000] {processor.py:179} INFO - Processing /home/airflow/.local/lib/python3.8/site-packages/airflow/example_dags/example_branch_labels.py took 0.448 seconds
[2023-12-15T11:55:45.781+0000] {processor.py:157} INFO - Started process (PID=1915) to work on /home/airflow/.local/lib/python3.8/site-packages/airflow/example_dags/example_branch_labels.py
[2023-12-15T11:55:45.784+0000] {processor.py:829} INFO - Processing file /home/airflow/.local/lib/python3.8/site-packages/airflow/example_dags/example_branch_labels.py for tasks to queue
[2023-12-15T11:55:45.787+0000] {logging_mixin.py:154} INFO - [2023-12-15T11:55:45.787+0000] {dagbag.py:536} INFO - Filling up the DagBag from /home/airflow/.local/lib/python3.8/site-packages/airflow/example_dags/example_branch_labels.py
[2023-12-15T11:55:45.805+0000] {processor.py:839} INFO - DAG(s) dict_keys(['example_branch_labels']) retrieved from /home/airflow/.local/lib/python3.8/site-packages/airflow/example_dags/example_branch_labels.py
[2023-12-15T11:55:45.831+0000] {logging_mixin.py:154} INFO - [2023-12-15T11:55:45.831+0000] {dag.py:2941} INFO - Sync 1 DAGs
[2023-12-15T11:55:45.861+0000] {logging_mixin.py:154} INFO - [2023-12-15T11:55:45.861+0000] {dag.py:3722} INFO - Setting next_dagrun for example_branch_labels to 2023-12-14T00:00:00+00:00, run_after=2023-12-15T00:00:00+00:00
[2023-12-15T11:55:45.924+0000] {processor.py:179} INFO - Processing /home/airflow/.local/lib/python3.8/site-packages/airflow/example_dags/example_branch_labels.py took 0.147 seconds
[2023-12-15T11:56:17.570+0000] {processor.py:157} INFO - Started process (PID=1970) to work on /home/airflow/.local/lib/python3.8/site-packages/airflow/example_dags/example_branch_labels.py
[2023-12-15T11:56:17.572+0000] {processor.py:829} INFO - Processing file /home/airflow/.local/lib/python3.8/site-packages/airflow/example_dags/example_branch_labels.py for tasks to queue
[2023-12-15T11:56:17.578+0000] {logging_mixin.py:154} INFO - [2023-12-15T11:56:17.577+0000] {dagbag.py:536} INFO - Filling up the DagBag from /home/airflow/.local/lib/python3.8/site-packages/airflow/example_dags/example_branch_labels.py
[2023-12-15T11:56:17.596+0000] {processor.py:839} INFO - DAG(s) dict_keys(['example_branch_labels']) retrieved from /home/airflow/.local/lib/python3.8/site-packages/airflow/example_dags/example_branch_labels.py
[2023-12-15T11:56:17.644+0000] {logging_mixin.py:154} INFO - [2023-12-15T11:56:17.644+0000] {dag.py:2941} INFO - Sync 1 DAGs
[2023-12-15T11:56:17.670+0000] {logging_mixin.py:154} INFO - [2023-12-15T11:56:17.670+0000] {dag.py:3722} INFO - Setting next_dagrun for example_branch_labels to 2023-12-14T00:00:00+00:00, run_after=2023-12-15T00:00:00+00:00
[2023-12-15T11:56:17.687+0000] {processor.py:179} INFO - Processing /home/airflow/.local/lib/python3.8/site-packages/airflow/example_dags/example_branch_labels.py took 0.122 seconds
[2023-12-15T11:56:49.305+0000] {processor.py:157} INFO - Started process (PID=2027) to work on /home/airflow/.local/lib/python3.8/site-packages/airflow/example_dags/example_branch_labels.py
[2023-12-15T11:56:49.310+0000] {processor.py:829} INFO - Processing file /home/airflow/.local/lib/python3.8/site-packages/airflow/example_dags/example_branch_labels.py for tasks to queue
[2023-12-15T11:56:49.317+0000] {logging_mixin.py:154} INFO - [2023-12-15T11:56:49.317+0000] {dagbag.py:536} INFO - Filling up the DagBag from /home/airflow/.local/lib/python3.8/site-packages/airflow/example_dags/example_branch_labels.py
[2023-12-15T11:56:49.330+0000] {processor.py:839} INFO - DAG(s) dict_keys(['example_branch_labels']) retrieved from /home/airflow/.local/lib/python3.8/site-packages/airflow/example_dags/example_branch_labels.py
[2023-12-15T11:56:49.366+0000] {logging_mixin.py:154} INFO - [2023-12-15T11:56:49.366+0000] {dag.py:2941} INFO - Sync 1 DAGs
[2023-12-15T11:56:49.387+0000] {logging_mixin.py:154} INFO - [2023-12-15T11:56:49.387+0000] {dag.py:3722} INFO - Setting next_dagrun for example_branch_labels to 2023-12-14T00:00:00+00:00, run_after=2023-12-15T00:00:00+00:00
[2023-12-15T11:56:49.413+0000] {processor.py:179} INFO - Processing /home/airflow/.local/lib/python3.8/site-packages/airflow/example_dags/example_branch_labels.py took 0.116 seconds
[2023-12-15T11:57:20.001+0000] {processor.py:157} INFO - Started process (PID=2082) to work on /home/airflow/.local/lib/python3.8/site-packages/airflow/example_dags/example_branch_labels.py
[2023-12-15T11:57:20.003+0000] {processor.py:829} INFO - Processing file /home/airflow/.local/lib/python3.8/site-packages/airflow/example_dags/example_branch_labels.py for tasks to queue
[2023-12-15T11:57:20.008+0000] {logging_mixin.py:154} INFO - [2023-12-15T11:57:20.007+0000] {dagbag.py:536} INFO - Filling up the DagBag from /home/airflow/.local/lib/python3.8/site-packages/airflow/example_dags/example_branch_labels.py
[2023-12-15T11:57:20.039+0000] {processor.py:839} INFO - DAG(s) dict_keys(['example_branch_labels']) retrieved from /home/airflow/.local/lib/python3.8/site-packages/airflow/example_dags/example_branch_labels.py
[2023-12-15T11:57:20.107+0000] {logging_mixin.py:154} INFO - [2023-12-15T11:57:20.107+0000] {dag.py:2941} INFO - Sync 1 DAGs
[2023-12-15T11:57:20.148+0000] {logging_mixin.py:154} INFO - [2023-12-15T11:57:20.148+0000] {dag.py:3722} INFO - Setting next_dagrun for example_branch_labels to 2023-12-14T00:00:00+00:00, run_after=2023-12-15T00:00:00+00:00
[2023-12-15T11:57:20.181+0000] {processor.py:179} INFO - Processing /home/airflow/.local/lib/python3.8/site-packages/airflow/example_dags/example_branch_labels.py took 0.184 seconds
[2023-12-15T11:57:50.656+0000] {processor.py:157} INFO - Started process (PID=2136) to work on /home/airflow/.local/lib/python3.8/site-packages/airflow/example_dags/example_branch_labels.py
[2023-12-15T11:57:50.657+0000] {processor.py:829} INFO - Processing file /home/airflow/.local/lib/python3.8/site-packages/airflow/example_dags/example_branch_labels.py for tasks to queue
[2023-12-15T11:57:50.659+0000] {logging_mixin.py:154} INFO - [2023-12-15T11:57:50.659+0000] {dagbag.py:536} INFO - Filling up the DagBag from /home/airflow/.local/lib/python3.8/site-packages/airflow/example_dags/example_branch_labels.py
[2023-12-15T11:57:50.667+0000] {processor.py:839} INFO - DAG(s) dict_keys(['example_branch_labels']) retrieved from /home/airflow/.local/lib/python3.8/site-packages/airflow/example_dags/example_branch_labels.py
[2023-12-15T11:57:50.697+0000] {logging_mixin.py:154} INFO - [2023-12-15T11:57:50.697+0000] {dag.py:2941} INFO - Sync 1 DAGs
[2023-12-15T11:57:50.724+0000] {logging_mixin.py:154} INFO - [2023-12-15T11:57:50.724+0000] {dag.py:3722} INFO - Setting next_dagrun for example_branch_labels to 2023-12-14T00:00:00+00:00, run_after=2023-12-15T00:00:00+00:00
[2023-12-15T11:57:50.749+0000] {processor.py:179} INFO - Processing /home/airflow/.local/lib/python3.8/site-packages/airflow/example_dags/example_branch_labels.py took 0.096 seconds
[2023-12-15T11:58:21.401+0000] {processor.py:157} INFO - Started process (PID=2190) to work on /home/airflow/.local/lib/python3.8/site-packages/airflow/example_dags/example_branch_labels.py
[2023-12-15T11:58:21.402+0000] {processor.py:829} INFO - Processing file /home/airflow/.local/lib/python3.8/site-packages/airflow/example_dags/example_branch_labels.py for tasks to queue
[2023-12-15T11:58:21.405+0000] {logging_mixin.py:154} INFO - [2023-12-15T11:58:21.405+0000] {dagbag.py:536} INFO - Filling up the DagBag from /home/airflow/.local/lib/python3.8/site-packages/airflow/example_dags/example_branch_labels.py
[2023-12-15T11:58:21.413+0000] {processor.py:839} INFO - DAG(s) dict_keys(['example_branch_labels']) retrieved from /home/airflow/.local/lib/python3.8/site-packages/airflow/example_dags/example_branch_labels.py
[2023-12-15T11:58:21.434+0000] {logging_mixin.py:154} INFO - [2023-12-15T11:58:21.434+0000] {dag.py:2941} INFO - Sync 1 DAGs
[2023-12-15T11:58:21.453+0000] {logging_mixin.py:154} INFO - [2023-12-15T11:58:21.453+0000] {dag.py:3722} INFO - Setting next_dagrun for example_branch_labels to 2023-12-14T00:00:00+00:00, run_after=2023-12-15T00:00:00+00:00
[2023-12-15T11:58:21.466+0000] {processor.py:179} INFO - Processing /home/airflow/.local/lib/python3.8/site-packages/airflow/example_dags/example_branch_labels.py took 0.068 seconds
[2023-12-15T11:58:52.055+0000] {processor.py:157} INFO - Started process (PID=2243) to work on /home/airflow/.local/lib/python3.8/site-packages/airflow/example_dags/example_branch_labels.py
[2023-12-15T11:58:52.058+0000] {processor.py:829} INFO - Processing file /home/airflow/.local/lib/python3.8/site-packages/airflow/example_dags/example_branch_labels.py for tasks to queue
[2023-12-15T11:58:52.060+0000] {logging_mixin.py:154} INFO - [2023-12-15T11:58:52.060+0000] {dagbag.py:536} INFO - Filling up the DagBag from /home/airflow/.local/lib/python3.8/site-packages/airflow/example_dags/example_branch_labels.py
[2023-12-15T11:58:52.068+0000] {processor.py:839} INFO - DAG(s) dict_keys(['example_branch_labels']) retrieved from /home/airflow/.local/lib/python3.8/site-packages/airflow/example_dags/example_branch_labels.py
[2023-12-15T11:58:52.096+0000] {logging_mixin.py:154} INFO - [2023-12-15T11:58:52.096+0000] {dag.py:2941} INFO - Sync 1 DAGs
[2023-12-15T11:58:52.123+0000] {logging_mixin.py:154} INFO - [2023-12-15T11:58:52.123+0000] {dag.py:3722} INFO - Setting next_dagrun for example_branch_labels to 2023-12-14T00:00:00+00:00, run_after=2023-12-15T00:00:00+00:00
[2023-12-15T11:58:52.141+0000] {processor.py:179} INFO - Processing /home/airflow/.local/lib/python3.8/site-packages/airflow/example_dags/example_branch_labels.py took 0.091 seconds
[2023-12-15T11:59:23.174+0000] {processor.py:157} INFO - Started process (PID=2297) to work on /home/airflow/.local/lib/python3.8/site-packages/airflow/example_dags/example_branch_labels.py
[2023-12-15T11:59:23.175+0000] {processor.py:829} INFO - Processing file /home/airflow/.local/lib/python3.8/site-packages/airflow/example_dags/example_branch_labels.py for tasks to queue
[2023-12-15T11:59:23.178+0000] {logging_mixin.py:154} INFO - [2023-12-15T11:59:23.178+0000] {dagbag.py:536} INFO - Filling up the DagBag from /home/airflow/.local/lib/python3.8/site-packages/airflow/example_dags/example_branch_labels.py
[2023-12-15T11:59:23.189+0000] {processor.py:839} INFO - DAG(s) dict_keys(['example_branch_labels']) retrieved from /home/airflow/.local/lib/python3.8/site-packages/airflow/example_dags/example_branch_labels.py
[2023-12-15T11:59:23.245+0000] {logging_mixin.py:154} INFO - [2023-12-15T11:59:23.245+0000] {dag.py:2941} INFO - Sync 1 DAGs
[2023-12-15T11:59:23.287+0000] {logging_mixin.py:154} INFO - [2023-12-15T11:59:23.287+0000] {dag.py:3722} INFO - Setting next_dagrun for example_branch_labels to 2023-12-14T00:00:00+00:00, run_after=2023-12-15T00:00:00+00:00
[2023-12-15T11:59:23.325+0000] {processor.py:179} INFO - Processing /home/airflow/.local/lib/python3.8/site-packages/airflow/example_dags/example_branch_labels.py took 0.155 seconds
[2023-12-15T11:59:54.239+0000] {processor.py:157} INFO - Started process (PID=2350) to work on /home/airflow/.local/lib/python3.8/site-packages/airflow/example_dags/example_branch_labels.py
[2023-12-15T11:59:54.245+0000] {processor.py:829} INFO - Processing file /home/airflow/.local/lib/python3.8/site-packages/airflow/example_dags/example_branch_labels.py for tasks to queue
[2023-12-15T11:59:54.249+0000] {logging_mixin.py:154} INFO - [2023-12-15T11:59:54.249+0000] {dagbag.py:536} INFO - Filling up the DagBag from /home/airflow/.local/lib/python3.8/site-packages/airflow/example_dags/example_branch_labels.py
[2023-12-15T11:59:54.265+0000] {processor.py:839} INFO - DAG(s) dict_keys(['example_branch_labels']) retrieved from /home/airflow/.local/lib/python3.8/site-packages/airflow/example_dags/example_branch_labels.py
[2023-12-15T11:59:54.304+0000] {logging_mixin.py:154} INFO - [2023-12-15T11:59:54.304+0000] {dag.py:2941} INFO - Sync 1 DAGs
[2023-12-15T11:59:54.340+0000] {logging_mixin.py:154} INFO - [2023-12-15T11:59:54.340+0000] {dag.py:3722} INFO - Setting next_dagrun for example_branch_labels to 2023-12-14T00:00:00+00:00, run_after=2023-12-15T00:00:00+00:00
[2023-12-15T11:59:54.365+0000] {processor.py:179} INFO - Processing /home/airflow/.local/lib/python3.8/site-packages/airflow/example_dags/example_branch_labels.py took 0.132 seconds
[2023-12-15T12:00:25.880+0000] {processor.py:157} INFO - Started process (PID=2404) to work on /home/airflow/.local/lib/python3.8/site-packages/airflow/example_dags/example_branch_labels.py
[2023-12-15T12:00:25.882+0000] {processor.py:829} INFO - Processing file /home/airflow/.local/lib/python3.8/site-packages/airflow/example_dags/example_branch_labels.py for tasks to queue
[2023-12-15T12:00:25.884+0000] {logging_mixin.py:154} INFO - [2023-12-15T12:00:25.884+0000] {dagbag.py:536} INFO - Filling up the DagBag from /home/airflow/.local/lib/python3.8/site-packages/airflow/example_dags/example_branch_labels.py
[2023-12-15T12:00:25.896+0000] {processor.py:839} INFO - DAG(s) dict_keys(['example_branch_labels']) retrieved from /home/airflow/.local/lib/python3.8/site-packages/airflow/example_dags/example_branch_labels.py
[2023-12-15T12:00:26.233+0000] {logging_mixin.py:154} INFO - [2023-12-15T12:00:26.233+0000] {dag.py:2941} INFO - Sync 1 DAGs
[2023-12-15T12:00:26.435+0000] {logging_mixin.py:154} INFO - [2023-12-15T12:00:26.431+0000] {dag.py:3722} INFO - Setting next_dagrun for example_branch_labels to 2023-12-14T00:00:00+00:00, run_after=2023-12-15T00:00:00+00:00
[2023-12-15T12:00:26.567+0000] {processor.py:179} INFO - Processing /home/airflow/.local/lib/python3.8/site-packages/airflow/example_dags/example_branch_labels.py took 0.692 seconds
[2023-12-15T12:00:57.638+0000] {processor.py:157} INFO - Started process (PID=2459) to work on /home/airflow/.local/lib/python3.8/site-packages/airflow/example_dags/example_branch_labels.py
[2023-12-15T12:00:57.643+0000] {processor.py:829} INFO - Processing file /home/airflow/.local/lib/python3.8/site-packages/airflow/example_dags/example_branch_labels.py for tasks to queue
[2023-12-15T12:00:57.647+0000] {logging_mixin.py:154} INFO - [2023-12-15T12:00:57.646+0000] {dagbag.py:536} INFO - Filling up the DagBag from /home/airflow/.local/lib/python3.8/site-packages/airflow/example_dags/example_branch_labels.py
[2023-12-15T12:00:57.667+0000] {processor.py:839} INFO - DAG(s) dict_keys(['example_branch_labels']) retrieved from /home/airflow/.local/lib/python3.8/site-packages/airflow/example_dags/example_branch_labels.py
[2023-12-15T12:00:57.706+0000] {logging_mixin.py:154} INFO - [2023-12-15T12:00:57.706+0000] {dag.py:2941} INFO - Sync 1 DAGs
[2023-12-15T12:00:57.730+0000] {logging_mixin.py:154} INFO - [2023-12-15T12:00:57.729+0000] {dag.py:3722} INFO - Setting next_dagrun for example_branch_labels to 2023-12-14T00:00:00+00:00, run_after=2023-12-15T00:00:00+00:00
[2023-12-15T12:00:57.756+0000] {processor.py:179} INFO - Processing /home/airflow/.local/lib/python3.8/site-packages/airflow/example_dags/example_branch_labels.py took 0.121 seconds
[2023-12-15T12:01:29.354+0000] {processor.py:157} INFO - Started process (PID=2515) to work on /home/airflow/.local/lib/python3.8/site-packages/airflow/example_dags/example_branch_labels.py
[2023-12-15T12:01:29.355+0000] {processor.py:829} INFO - Processing file /home/airflow/.local/lib/python3.8/site-packages/airflow/example_dags/example_branch_labels.py for tasks to queue
[2023-12-15T12:01:29.358+0000] {logging_mixin.py:154} INFO - [2023-12-15T12:01:29.357+0000] {dagbag.py:536} INFO - Filling up the DagBag from /home/airflow/.local/lib/python3.8/site-packages/airflow/example_dags/example_branch_labels.py
[2023-12-15T12:01:29.367+0000] {processor.py:839} INFO - DAG(s) dict_keys(['example_branch_labels']) retrieved from /home/airflow/.local/lib/python3.8/site-packages/airflow/example_dags/example_branch_labels.py
[2023-12-15T12:01:29.409+0000] {logging_mixin.py:154} INFO - [2023-12-15T12:01:29.409+0000] {dag.py:2941} INFO - Sync 1 DAGs
[2023-12-15T12:01:29.443+0000] {logging_mixin.py:154} INFO - [2023-12-15T12:01:29.442+0000] {dag.py:3722} INFO - Setting next_dagrun for example_branch_labels to 2023-12-14T00:00:00+00:00, run_after=2023-12-15T00:00:00+00:00
[2023-12-15T12:01:29.494+0000] {processor.py:179} INFO - Processing /home/airflow/.local/lib/python3.8/site-packages/airflow/example_dags/example_branch_labels.py took 0.143 seconds
[2023-12-15T12:02:01.637+0000] {processor.py:157} INFO - Started process (PID=2569) to work on /home/airflow/.local/lib/python3.8/site-packages/airflow/example_dags/example_branch_labels.py
[2023-12-15T12:02:01.638+0000] {processor.py:829} INFO - Processing file /home/airflow/.local/lib/python3.8/site-packages/airflow/example_dags/example_branch_labels.py for tasks to queue
[2023-12-15T12:02:01.642+0000] {logging_mixin.py:154} INFO - [2023-12-15T12:02:01.642+0000] {dagbag.py:536} INFO - Filling up the DagBag from /home/airflow/.local/lib/python3.8/site-packages/airflow/example_dags/example_branch_labels.py
[2023-12-15T12:02:01.668+0000] {processor.py:839} INFO - DAG(s) dict_keys(['example_branch_labels']) retrieved from /home/airflow/.local/lib/python3.8/site-packages/airflow/example_dags/example_branch_labels.py
[2023-12-15T12:02:01.714+0000] {logging_mixin.py:154} INFO - [2023-12-15T12:02:01.714+0000] {dag.py:2941} INFO - Sync 1 DAGs
[2023-12-15T12:02:01.750+0000] {logging_mixin.py:154} INFO - [2023-12-15T12:02:01.750+0000] {dag.py:3722} INFO - Setting next_dagrun for example_branch_labels to 2023-12-14T00:00:00+00:00, run_after=2023-12-15T00:00:00+00:00
[2023-12-15T12:02:01.766+0000] {processor.py:179} INFO - Processing /home/airflow/.local/lib/python3.8/site-packages/airflow/example_dags/example_branch_labels.py took 0.252 seconds
[2023-12-15T12:02:32.159+0000] {processor.py:157} INFO - Started process (PID=2623) to work on /home/airflow/.local/lib/python3.8/site-packages/airflow/example_dags/example_branch_labels.py
[2023-12-15T12:02:32.161+0000] {processor.py:829} INFO - Processing file /home/airflow/.local/lib/python3.8/site-packages/airflow/example_dags/example_branch_labels.py for tasks to queue
[2023-12-15T12:02:32.165+0000] {logging_mixin.py:154} INFO - [2023-12-15T12:02:32.164+0000] {dagbag.py:536} INFO - Filling up the DagBag from /home/airflow/.local/lib/python3.8/site-packages/airflow/example_dags/example_branch_labels.py
[2023-12-15T12:02:32.179+0000] {processor.py:839} INFO - DAG(s) dict_keys(['example_branch_labels']) retrieved from /home/airflow/.local/lib/python3.8/site-packages/airflow/example_dags/example_branch_labels.py
[2023-12-15T12:02:32.238+0000] {logging_mixin.py:154} INFO - [2023-12-15T12:02:32.238+0000] {dag.py:2941} INFO - Sync 1 DAGs
[2023-12-15T12:02:32.277+0000] {logging_mixin.py:154} INFO - [2023-12-15T12:02:32.277+0000] {dag.py:3722} INFO - Setting next_dagrun for example_branch_labels to 2023-12-14T00:00:00+00:00, run_after=2023-12-15T00:00:00+00:00
[2023-12-15T12:02:32.303+0000] {processor.py:179} INFO - Processing /home/airflow/.local/lib/python3.8/site-packages/airflow/example_dags/example_branch_labels.py took 0.147 seconds
[2023-12-15T12:03:03.951+0000] {processor.py:157} INFO - Started process (PID=2677) to work on /home/airflow/.local/lib/python3.8/site-packages/airflow/example_dags/example_branch_labels.py
[2023-12-15T12:03:03.958+0000] {processor.py:829} INFO - Processing file /home/airflow/.local/lib/python3.8/site-packages/airflow/example_dags/example_branch_labels.py for tasks to queue
[2023-12-15T12:03:03.965+0000] {logging_mixin.py:154} INFO - [2023-12-15T12:03:03.965+0000] {dagbag.py:536} INFO - Filling up the DagBag from /home/airflow/.local/lib/python3.8/site-packages/airflow/example_dags/example_branch_labels.py
[2023-12-15T12:03:03.978+0000] {processor.py:839} INFO - DAG(s) dict_keys(['example_branch_labels']) retrieved from /home/airflow/.local/lib/python3.8/site-packages/airflow/example_dags/example_branch_labels.py
[2023-12-15T12:03:04.032+0000] {logging_mixin.py:154} INFO - [2023-12-15T12:03:04.032+0000] {dag.py:2941} INFO - Sync 1 DAGs
[2023-12-15T12:03:04.083+0000] {logging_mixin.py:154} INFO - [2023-12-15T12:03:04.082+0000] {dag.py:3722} INFO - Setting next_dagrun for example_branch_labels to 2023-12-14T00:00:00+00:00, run_after=2023-12-15T00:00:00+00:00
[2023-12-15T12:03:04.136+0000] {processor.py:179} INFO - Processing /home/airflow/.local/lib/python3.8/site-packages/airflow/example_dags/example_branch_labels.py took 0.192 seconds
[2023-12-15T12:03:35.051+0000] {processor.py:157} INFO - Started process (PID=2731) to work on /home/airflow/.local/lib/python3.8/site-packages/airflow/example_dags/example_branch_labels.py
[2023-12-15T12:03:35.062+0000] {processor.py:829} INFO - Processing file /home/airflow/.local/lib/python3.8/site-packages/airflow/example_dags/example_branch_labels.py for tasks to queue
[2023-12-15T12:03:35.070+0000] {logging_mixin.py:154} INFO - [2023-12-15T12:03:35.070+0000] {dagbag.py:536} INFO - Filling up the DagBag from /home/airflow/.local/lib/python3.8/site-packages/airflow/example_dags/example_branch_labels.py
[2023-12-15T12:03:35.100+0000] {processor.py:839} INFO - DAG(s) dict_keys(['example_branch_labels']) retrieved from /home/airflow/.local/lib/python3.8/site-packages/airflow/example_dags/example_branch_labels.py
[2023-12-15T12:03:35.168+0000] {logging_mixin.py:154} INFO - [2023-12-15T12:03:35.167+0000] {dag.py:2941} INFO - Sync 1 DAGs
[2023-12-15T12:03:35.222+0000] {logging_mixin.py:154} INFO - [2023-12-15T12:03:35.222+0000] {dag.py:3722} INFO - Setting next_dagrun for example_branch_labels to 2023-12-14T00:00:00+00:00, run_after=2023-12-15T00:00:00+00:00
[2023-12-15T12:03:35.287+0000] {processor.py:179} INFO - Processing /home/airflow/.local/lib/python3.8/site-packages/airflow/example_dags/example_branch_labels.py took 0.249 seconds
[2023-12-15T12:04:07.242+0000] {processor.py:157} INFO - Started process (PID=2785) to work on /home/airflow/.local/lib/python3.8/site-packages/airflow/example_dags/example_branch_labels.py
[2023-12-15T12:04:07.248+0000] {processor.py:829} INFO - Processing file /home/airflow/.local/lib/python3.8/site-packages/airflow/example_dags/example_branch_labels.py for tasks to queue
[2023-12-15T12:04:07.253+0000] {logging_mixin.py:154} INFO - [2023-12-15T12:04:07.252+0000] {dagbag.py:536} INFO - Filling up the DagBag from /home/airflow/.local/lib/python3.8/site-packages/airflow/example_dags/example_branch_labels.py
[2023-12-15T12:04:07.271+0000] {processor.py:839} INFO - DAG(s) dict_keys(['example_branch_labels']) retrieved from /home/airflow/.local/lib/python3.8/site-packages/airflow/example_dags/example_branch_labels.py
[2023-12-15T12:04:07.306+0000] {logging_mixin.py:154} INFO - [2023-12-15T12:04:07.305+0000] {dag.py:2941} INFO - Sync 1 DAGs
[2023-12-15T12:04:07.327+0000] {logging_mixin.py:154} INFO - [2023-12-15T12:04:07.327+0000] {dag.py:3722} INFO - Setting next_dagrun for example_branch_labels to 2023-12-14T00:00:00+00:00, run_after=2023-12-15T00:00:00+00:00
[2023-12-15T12:04:07.360+0000] {processor.py:179} INFO - Processing /home/airflow/.local/lib/python3.8/site-packages/airflow/example_dags/example_branch_labels.py took 0.129 seconds
[2023-12-15T12:04:38.417+0000] {processor.py:157} INFO - Started process (PID=2837) to work on /home/airflow/.local/lib/python3.8/site-packages/airflow/example_dags/example_branch_labels.py
[2023-12-15T12:04:38.424+0000] {processor.py:829} INFO - Processing file /home/airflow/.local/lib/python3.8/site-packages/airflow/example_dags/example_branch_labels.py for tasks to queue
[2023-12-15T12:04:38.431+0000] {logging_mixin.py:154} INFO - [2023-12-15T12:04:38.430+0000] {dagbag.py:536} INFO - Filling up the DagBag from /home/airflow/.local/lib/python3.8/site-packages/airflow/example_dags/example_branch_labels.py
[2023-12-15T12:04:38.449+0000] {processor.py:839} INFO - DAG(s) dict_keys(['example_branch_labels']) retrieved from /home/airflow/.local/lib/python3.8/site-packages/airflow/example_dags/example_branch_labels.py
[2023-12-15T12:04:38.531+0000] {logging_mixin.py:154} INFO - [2023-12-15T12:04:38.531+0000] {dag.py:2941} INFO - Sync 1 DAGs
[2023-12-15T12:04:38.594+0000] {logging_mixin.py:154} INFO - [2023-12-15T12:04:38.594+0000] {dag.py:3722} INFO - Setting next_dagrun for example_branch_labels to 2023-12-14T00:00:00+00:00, run_after=2023-12-15T00:00:00+00:00
[2023-12-15T12:04:38.640+0000] {processor.py:179} INFO - Processing /home/airflow/.local/lib/python3.8/site-packages/airflow/example_dags/example_branch_labels.py took 0.229 seconds
[2023-12-15T12:05:09.289+0000] {processor.py:157} INFO - Started process (PID=2891) to work on /home/airflow/.local/lib/python3.8/site-packages/airflow/example_dags/example_branch_labels.py
[2023-12-15T12:05:09.291+0000] {processor.py:829} INFO - Processing file /home/airflow/.local/lib/python3.8/site-packages/airflow/example_dags/example_branch_labels.py for tasks to queue
[2023-12-15T12:05:09.295+0000] {logging_mixin.py:154} INFO - [2023-12-15T12:05:09.295+0000] {dagbag.py:536} INFO - Filling up the DagBag from /home/airflow/.local/lib/python3.8/site-packages/airflow/example_dags/example_branch_labels.py
[2023-12-15T12:05:09.317+0000] {processor.py:839} INFO - DAG(s) dict_keys(['example_branch_labels']) retrieved from /home/airflow/.local/lib/python3.8/site-packages/airflow/example_dags/example_branch_labels.py
[2023-12-15T12:05:09.351+0000] {logging_mixin.py:154} INFO - [2023-12-15T12:05:09.351+0000] {dag.py:2941} INFO - Sync 1 DAGs
[2023-12-15T12:05:09.381+0000] {logging_mixin.py:154} INFO - [2023-12-15T12:05:09.380+0000] {dag.py:3722} INFO - Setting next_dagrun for example_branch_labels to 2023-12-14T00:00:00+00:00, run_after=2023-12-15T00:00:00+00:00
[2023-12-15T12:05:09.395+0000] {processor.py:179} INFO - Processing /home/airflow/.local/lib/python3.8/site-packages/airflow/example_dags/example_branch_labels.py took 0.111 seconds
[2023-12-15T12:05:42.784+0000] {processor.py:157} INFO - Started process (PID=2945) to work on /home/airflow/.local/lib/python3.8/site-packages/airflow/example_dags/example_branch_labels.py
[2023-12-15T12:05:42.787+0000] {processor.py:829} INFO - Processing file /home/airflow/.local/lib/python3.8/site-packages/airflow/example_dags/example_branch_labels.py for tasks to queue
[2023-12-15T12:05:42.799+0000] {logging_mixin.py:154} INFO - [2023-12-15T12:05:42.798+0000] {dagbag.py:536} INFO - Filling up the DagBag from /home/airflow/.local/lib/python3.8/site-packages/airflow/example_dags/example_branch_labels.py
[2023-12-15T12:05:42.820+0000] {processor.py:839} INFO - DAG(s) dict_keys(['example_branch_labels']) retrieved from /home/airflow/.local/lib/python3.8/site-packages/airflow/example_dags/example_branch_labels.py
[2023-12-15T12:05:42.886+0000] {logging_mixin.py:154} INFO - [2023-12-15T12:05:42.885+0000] {dag.py:2941} INFO - Sync 1 DAGs
[2023-12-15T12:05:42.997+0000] {logging_mixin.py:154} INFO - [2023-12-15T12:05:42.996+0000] {dag.py:3722} INFO - Setting next_dagrun for example_branch_labels to 2023-12-14T00:00:00+00:00, run_after=2023-12-15T00:00:00+00:00
[2023-12-15T12:05:43.120+0000] {processor.py:179} INFO - Processing /home/airflow/.local/lib/python3.8/site-packages/airflow/example_dags/example_branch_labels.py took 0.341 seconds
[2023-12-15T12:06:14.128+0000] {processor.py:157} INFO - Started process (PID=2999) to work on /home/airflow/.local/lib/python3.8/site-packages/airflow/example_dags/example_branch_labels.py
[2023-12-15T12:06:14.133+0000] {processor.py:829} INFO - Processing file /home/airflow/.local/lib/python3.8/site-packages/airflow/example_dags/example_branch_labels.py for tasks to queue
[2023-12-15T12:06:14.138+0000] {logging_mixin.py:154} INFO - [2023-12-15T12:06:14.138+0000] {dagbag.py:536} INFO - Filling up the DagBag from /home/airflow/.local/lib/python3.8/site-packages/airflow/example_dags/example_branch_labels.py
[2023-12-15T12:06:14.158+0000] {processor.py:839} INFO - DAG(s) dict_keys(['example_branch_labels']) retrieved from /home/airflow/.local/lib/python3.8/site-packages/airflow/example_dags/example_branch_labels.py
[2023-12-15T12:06:14.208+0000] {logging_mixin.py:154} INFO - [2023-12-15T12:06:14.208+0000] {dag.py:2941} INFO - Sync 1 DAGs
[2023-12-15T12:06:14.262+0000] {logging_mixin.py:154} INFO - [2023-12-15T12:06:14.262+0000] {dag.py:3722} INFO - Setting next_dagrun for example_branch_labels to 2023-12-14T00:00:00+00:00, run_after=2023-12-15T00:00:00+00:00
[2023-12-15T12:06:14.362+0000] {processor.py:179} INFO - Processing /home/airflow/.local/lib/python3.8/site-packages/airflow/example_dags/example_branch_labels.py took 0.241 seconds
[2023-12-15T12:06:45.691+0000] {processor.py:157} INFO - Started process (PID=3054) to work on /home/airflow/.local/lib/python3.8/site-packages/airflow/example_dags/example_branch_labels.py
[2023-12-15T12:06:45.693+0000] {processor.py:829} INFO - Processing file /home/airflow/.local/lib/python3.8/site-packages/airflow/example_dags/example_branch_labels.py for tasks to queue
[2023-12-15T12:06:45.699+0000] {logging_mixin.py:154} INFO - [2023-12-15T12:06:45.698+0000] {dagbag.py:536} INFO - Filling up the DagBag from /home/airflow/.local/lib/python3.8/site-packages/airflow/example_dags/example_branch_labels.py
[2023-12-15T12:06:45.716+0000] {processor.py:839} INFO - DAG(s) dict_keys(['example_branch_labels']) retrieved from /home/airflow/.local/lib/python3.8/site-packages/airflow/example_dags/example_branch_labels.py
[2023-12-15T12:06:45.745+0000] {logging_mixin.py:154} INFO - [2023-12-15T12:06:45.745+0000] {dag.py:2941} INFO - Sync 1 DAGs
[2023-12-15T12:06:45.773+0000] {logging_mixin.py:154} INFO - [2023-12-15T12:06:45.773+0000] {dag.py:3722} INFO - Setting next_dagrun for example_branch_labels to 2023-12-14T00:00:00+00:00, run_after=2023-12-15T00:00:00+00:00
[2023-12-15T12:06:45.791+0000] {processor.py:179} INFO - Processing /home/airflow/.local/lib/python3.8/site-packages/airflow/example_dags/example_branch_labels.py took 0.106 seconds
[2023-12-15T12:07:16.129+0000] {processor.py:157} INFO - Started process (PID=3107) to work on /home/airflow/.local/lib/python3.8/site-packages/airflow/example_dags/example_branch_labels.py
[2023-12-15T12:07:16.141+0000] {processor.py:829} INFO - Processing file /home/airflow/.local/lib/python3.8/site-packages/airflow/example_dags/example_branch_labels.py for tasks to queue
[2023-12-15T12:07:16.144+0000] {logging_mixin.py:154} INFO - [2023-12-15T12:07:16.144+0000] {dagbag.py:536} INFO - Filling up the DagBag from /home/airflow/.local/lib/python3.8/site-packages/airflow/example_dags/example_branch_labels.py
[2023-12-15T12:07:16.153+0000] {processor.py:839} INFO - DAG(s) dict_keys(['example_branch_labels']) retrieved from /home/airflow/.local/lib/python3.8/site-packages/airflow/example_dags/example_branch_labels.py
[2023-12-15T12:07:16.212+0000] {logging_mixin.py:154} INFO - [2023-12-15T12:07:16.212+0000] {dag.py:2941} INFO - Sync 1 DAGs
[2023-12-15T12:07:16.282+0000] {logging_mixin.py:154} INFO - [2023-12-15T12:07:16.282+0000] {dag.py:3722} INFO - Setting next_dagrun for example_branch_labels to 2023-12-14T00:00:00+00:00, run_after=2023-12-15T00:00:00+00:00
[2023-12-15T12:07:16.339+0000] {processor.py:179} INFO - Processing /home/airflow/.local/lib/python3.8/site-packages/airflow/example_dags/example_branch_labels.py took 0.215 seconds
[2023-12-15T12:07:47.576+0000] {processor.py:157} INFO - Started process (PID=3161) to work on /home/airflow/.local/lib/python3.8/site-packages/airflow/example_dags/example_branch_labels.py
[2023-12-15T12:07:47.580+0000] {processor.py:829} INFO - Processing file /home/airflow/.local/lib/python3.8/site-packages/airflow/example_dags/example_branch_labels.py for tasks to queue
[2023-12-15T12:07:47.582+0000] {logging_mixin.py:154} INFO - [2023-12-15T12:07:47.582+0000] {dagbag.py:536} INFO - Filling up the DagBag from /home/airflow/.local/lib/python3.8/site-packages/airflow/example_dags/example_branch_labels.py
[2023-12-15T12:07:47.599+0000] {processor.py:839} INFO - DAG(s) dict_keys(['example_branch_labels']) retrieved from /home/airflow/.local/lib/python3.8/site-packages/airflow/example_dags/example_branch_labels.py
[2023-12-15T12:07:47.628+0000] {logging_mixin.py:154} INFO - [2023-12-15T12:07:47.628+0000] {dag.py:2941} INFO - Sync 1 DAGs
[2023-12-15T12:07:47.648+0000] {logging_mixin.py:154} INFO - [2023-12-15T12:07:47.647+0000] {dag.py:3722} INFO - Setting next_dagrun for example_branch_labels to 2023-12-14T00:00:00+00:00, run_after=2023-12-15T00:00:00+00:00
[2023-12-15T12:07:47.656+0000] {processor.py:179} INFO - Processing /home/airflow/.local/lib/python3.8/site-packages/airflow/example_dags/example_branch_labels.py took 0.086 seconds
[2023-12-15T12:08:18.951+0000] {processor.py:157} INFO - Started process (PID=3214) to work on /home/airflow/.local/lib/python3.8/site-packages/airflow/example_dags/example_branch_labels.py
[2023-12-15T12:08:18.953+0000] {processor.py:829} INFO - Processing file /home/airflow/.local/lib/python3.8/site-packages/airflow/example_dags/example_branch_labels.py for tasks to queue
[2023-12-15T12:08:18.955+0000] {logging_mixin.py:154} INFO - [2023-12-15T12:08:18.955+0000] {dagbag.py:536} INFO - Filling up the DagBag from /home/airflow/.local/lib/python3.8/site-packages/airflow/example_dags/example_branch_labels.py
[2023-12-15T12:08:18.966+0000] {processor.py:839} INFO - DAG(s) dict_keys(['example_branch_labels']) retrieved from /home/airflow/.local/lib/python3.8/site-packages/airflow/example_dags/example_branch_labels.py
[2023-12-15T12:08:19.049+0000] {logging_mixin.py:154} INFO - [2023-12-15T12:08:19.049+0000] {dag.py:2941} INFO - Sync 1 DAGs
[2023-12-15T12:08:19.075+0000] {logging_mixin.py:154} INFO - [2023-12-15T12:08:19.075+0000] {dag.py:3722} INFO - Setting next_dagrun for example_branch_labels to 2023-12-14T00:00:00+00:00, run_after=2023-12-15T00:00:00+00:00
[2023-12-15T12:08:19.113+0000] {processor.py:179} INFO - Processing /home/airflow/.local/lib/python3.8/site-packages/airflow/example_dags/example_branch_labels.py took 0.167 seconds
[2023-12-15T12:08:51.097+0000] {processor.py:157} INFO - Started process (PID=3270) to work on /home/airflow/.local/lib/python3.8/site-packages/airflow/example_dags/example_branch_labels.py
[2023-12-15T12:08:51.099+0000] {processor.py:829} INFO - Processing file /home/airflow/.local/lib/python3.8/site-packages/airflow/example_dags/example_branch_labels.py for tasks to queue
[2023-12-15T12:08:51.115+0000] {logging_mixin.py:154} INFO - [2023-12-15T12:08:51.115+0000] {dagbag.py:536} INFO - Filling up the DagBag from /home/airflow/.local/lib/python3.8/site-packages/airflow/example_dags/example_branch_labels.py
[2023-12-15T12:08:51.142+0000] {processor.py:839} INFO - DAG(s) dict_keys(['example_branch_labels']) retrieved from /home/airflow/.local/lib/python3.8/site-packages/airflow/example_dags/example_branch_labels.py
[2023-12-15T12:08:51.230+0000] {logging_mixin.py:154} INFO - [2023-12-15T12:08:51.229+0000] {dag.py:2941} INFO - Sync 1 DAGs
[2023-12-15T12:08:51.301+0000] {logging_mixin.py:154} INFO - [2023-12-15T12:08:51.301+0000] {dag.py:3722} INFO - Setting next_dagrun for example_branch_labels to 2023-12-14T00:00:00+00:00, run_after=2023-12-15T00:00:00+00:00
[2023-12-15T12:08:51.342+0000] {processor.py:179} INFO - Processing /home/airflow/.local/lib/python3.8/site-packages/airflow/example_dags/example_branch_labels.py took 0.250 seconds
[2023-12-15T12:09:22.634+0000] {processor.py:157} INFO - Started process (PID=3326) to work on /home/airflow/.local/lib/python3.8/site-packages/airflow/example_dags/example_branch_labels.py
[2023-12-15T12:09:22.640+0000] {processor.py:829} INFO - Processing file /home/airflow/.local/lib/python3.8/site-packages/airflow/example_dags/example_branch_labels.py for tasks to queue
[2023-12-15T12:09:22.653+0000] {logging_mixin.py:154} INFO - [2023-12-15T12:09:22.652+0000] {dagbag.py:536} INFO - Filling up the DagBag from /home/airflow/.local/lib/python3.8/site-packages/airflow/example_dags/example_branch_labels.py
[2023-12-15T12:09:22.666+0000] {processor.py:839} INFO - DAG(s) dict_keys(['example_branch_labels']) retrieved from /home/airflow/.local/lib/python3.8/site-packages/airflow/example_dags/example_branch_labels.py
[2023-12-15T12:09:22.718+0000] {logging_mixin.py:154} INFO - [2023-12-15T12:09:22.718+0000] {dag.py:2941} INFO - Sync 1 DAGs
[2023-12-15T12:09:22.756+0000] {logging_mixin.py:154} INFO - [2023-12-15T12:09:22.755+0000] {dag.py:3722} INFO - Setting next_dagrun for example_branch_labels to 2023-12-14T00:00:00+00:00, run_after=2023-12-15T00:00:00+00:00
[2023-12-15T12:09:22.784+0000] {processor.py:179} INFO - Processing /home/airflow/.local/lib/python3.8/site-packages/airflow/example_dags/example_branch_labels.py took 0.155 seconds
[2023-12-15T12:09:53.762+0000] {processor.py:157} INFO - Started process (PID=3380) to work on /home/airflow/.local/lib/python3.8/site-packages/airflow/example_dags/example_branch_labels.py
[2023-12-15T12:09:53.765+0000] {processor.py:829} INFO - Processing file /home/airflow/.local/lib/python3.8/site-packages/airflow/example_dags/example_branch_labels.py for tasks to queue
[2023-12-15T12:09:53.771+0000] {logging_mixin.py:154} INFO - [2023-12-15T12:09:53.771+0000] {dagbag.py:536} INFO - Filling up the DagBag from /home/airflow/.local/lib/python3.8/site-packages/airflow/example_dags/example_branch_labels.py
[2023-12-15T12:09:53.782+0000] {processor.py:839} INFO - DAG(s) dict_keys(['example_branch_labels']) retrieved from /home/airflow/.local/lib/python3.8/site-packages/airflow/example_dags/example_branch_labels.py
[2023-12-15T12:09:53.841+0000] {logging_mixin.py:154} INFO - [2023-12-15T12:09:53.841+0000] {dag.py:2941} INFO - Sync 1 DAGs
[2023-12-15T12:09:53.880+0000] {logging_mixin.py:154} INFO - [2023-12-15T12:09:53.880+0000] {dag.py:3722} INFO - Setting next_dagrun for example_branch_labels to 2023-12-14T00:00:00+00:00, run_after=2023-12-15T00:00:00+00:00
[2023-12-15T12:09:53.900+0000] {processor.py:179} INFO - Processing /home/airflow/.local/lib/python3.8/site-packages/airflow/example_dags/example_branch_labels.py took 0.142 seconds
[2023-12-15T12:10:23.932+0000] {processor.py:157} INFO - Started process (PID=3432) to work on /home/airflow/.local/lib/python3.8/site-packages/airflow/example_dags/example_branch_labels.py
[2023-12-15T12:10:23.934+0000] {processor.py:829} INFO - Processing file /home/airflow/.local/lib/python3.8/site-packages/airflow/example_dags/example_branch_labels.py for tasks to queue
[2023-12-15T12:10:23.938+0000] {logging_mixin.py:154} INFO - [2023-12-15T12:10:23.937+0000] {dagbag.py:536} INFO - Filling up the DagBag from /home/airflow/.local/lib/python3.8/site-packages/airflow/example_dags/example_branch_labels.py
[2023-12-15T12:10:23.953+0000] {processor.py:839} INFO - DAG(s) dict_keys(['example_branch_labels']) retrieved from /home/airflow/.local/lib/python3.8/site-packages/airflow/example_dags/example_branch_labels.py
[2023-12-15T12:10:23.983+0000] {logging_mixin.py:154} INFO - [2023-12-15T12:10:23.982+0000] {dag.py:2941} INFO - Sync 1 DAGs
[2023-12-15T12:10:24.008+0000] {logging_mixin.py:154} INFO - [2023-12-15T12:10:24.008+0000] {dag.py:3722} INFO - Setting next_dagrun for example_branch_labels to 2023-12-14T00:00:00+00:00, run_after=2023-12-15T00:00:00+00:00
[2023-12-15T12:10:24.023+0000] {processor.py:179} INFO - Processing /home/airflow/.local/lib/python3.8/site-packages/airflow/example_dags/example_branch_labels.py took 0.094 seconds
