[2023-12-15T11:36:58.764+0000] {processor.py:157} INFO - Started process (PID=69) to work on /home/airflow/.local/lib/python3.8/site-packages/airflow/example_dags/example_latest_only.py
[2023-12-15T11:36:58.766+0000] {processor.py:829} INFO - Processing file /home/airflow/.local/lib/python3.8/site-packages/airflow/example_dags/example_latest_only.py for tasks to queue
[2023-12-15T11:36:58.769+0000] {logging_mixin.py:154} INFO - [2023-12-15T11:36:58.769+0000] {dagbag.py:536} INFO - Filling up the DagBag from /home/airflow/.local/lib/python3.8/site-packages/airflow/example_dags/example_latest_only.py
[2023-12-15T11:36:58.777+0000] {processor.py:839} INFO - DAG(s) dict_keys(['latest_only']) retrieved from /home/airflow/.local/lib/python3.8/site-packages/airflow/example_dags/example_latest_only.py
[2023-12-15T11:36:58.810+0000] {logging_mixin.py:154} INFO - [2023-12-15T11:36:58.810+0000] {dag.py:2941} INFO - Sync 1 DAGs
[2023-12-15T11:36:58.870+0000] {logging_mixin.py:154} INFO - [2023-12-15T11:36:58.870+0000] {dag.py:3722} INFO - Setting next_dagrun for latest_only to 2023-12-15T07:36:58.870216+00:00, run_after=2023-12-15T11:36:58.870216+00:00
[2023-12-15T11:36:58.939+0000] {processor.py:179} INFO - Processing /home/airflow/.local/lib/python3.8/site-packages/airflow/example_dags/example_latest_only.py took 0.184 seconds
[2023-12-15T11:37:29.223+0000] {processor.py:157} INFO - Started process (PID=123) to work on /home/airflow/.local/lib/python3.8/site-packages/airflow/example_dags/example_latest_only.py
[2023-12-15T11:37:29.225+0000] {processor.py:829} INFO - Processing file /home/airflow/.local/lib/python3.8/site-packages/airflow/example_dags/example_latest_only.py for tasks to queue
[2023-12-15T11:37:29.229+0000] {logging_mixin.py:154} INFO - [2023-12-15T11:37:29.229+0000] {dagbag.py:536} INFO - Filling up the DagBag from /home/airflow/.local/lib/python3.8/site-packages/airflow/example_dags/example_latest_only.py
[2023-12-15T11:37:29.238+0000] {processor.py:839} INFO - DAG(s) dict_keys(['latest_only']) retrieved from /home/airflow/.local/lib/python3.8/site-packages/airflow/example_dags/example_latest_only.py
[2023-12-15T11:37:29.271+0000] {logging_mixin.py:154} INFO - [2023-12-15T11:37:29.270+0000] {dag.py:2941} INFO - Sync 1 DAGs
[2023-12-15T11:37:29.302+0000] {logging_mixin.py:154} INFO - [2023-12-15T11:37:29.302+0000] {dag.py:3722} INFO - Setting next_dagrun for latest_only to 2023-12-15T07:37:29.302466+00:00, run_after=2023-12-15T11:37:29.302466+00:00
[2023-12-15T11:37:29.326+0000] {processor.py:179} INFO - Processing /home/airflow/.local/lib/python3.8/site-packages/airflow/example_dags/example_latest_only.py took 0.113 seconds
[2023-12-15T11:37:59.652+0000] {processor.py:157} INFO - Started process (PID=176) to work on /home/airflow/.local/lib/python3.8/site-packages/airflow/example_dags/example_latest_only.py
[2023-12-15T11:37:59.658+0000] {processor.py:829} INFO - Processing file /home/airflow/.local/lib/python3.8/site-packages/airflow/example_dags/example_latest_only.py for tasks to queue
[2023-12-15T11:37:59.662+0000] {logging_mixin.py:154} INFO - [2023-12-15T11:37:59.662+0000] {dagbag.py:536} INFO - Filling up the DagBag from /home/airflow/.local/lib/python3.8/site-packages/airflow/example_dags/example_latest_only.py
[2023-12-15T11:37:59.669+0000] {processor.py:839} INFO - DAG(s) dict_keys(['latest_only']) retrieved from /home/airflow/.local/lib/python3.8/site-packages/airflow/example_dags/example_latest_only.py
[2023-12-15T11:37:59.691+0000] {logging_mixin.py:154} INFO - [2023-12-15T11:37:59.691+0000] {dag.py:2941} INFO - Sync 1 DAGs
[2023-12-15T11:37:59.704+0000] {logging_mixin.py:154} INFO - [2023-12-15T11:37:59.704+0000] {dag.py:3722} INFO - Setting next_dagrun for latest_only to 2023-12-15T07:37:59.704681+00:00, run_after=2023-12-15T11:37:59.704681+00:00
[2023-12-15T11:37:59.719+0000] {processor.py:179} INFO - Processing /home/airflow/.local/lib/python3.8/site-packages/airflow/example_dags/example_latest_only.py took 0.072 seconds
[2023-12-15T11:38:31.693+0000] {processor.py:157} INFO - Started process (PID=230) to work on /home/airflow/.local/lib/python3.8/site-packages/airflow/example_dags/example_latest_only.py
[2023-12-15T11:38:31.696+0000] {processor.py:829} INFO - Processing file /home/airflow/.local/lib/python3.8/site-packages/airflow/example_dags/example_latest_only.py for tasks to queue
[2023-12-15T11:38:31.701+0000] {logging_mixin.py:154} INFO - [2023-12-15T11:38:31.700+0000] {dagbag.py:536} INFO - Filling up the DagBag from /home/airflow/.local/lib/python3.8/site-packages/airflow/example_dags/example_latest_only.py
[2023-12-15T11:38:31.710+0000] {processor.py:839} INFO - DAG(s) dict_keys(['latest_only']) retrieved from /home/airflow/.local/lib/python3.8/site-packages/airflow/example_dags/example_latest_only.py
[2023-12-15T11:38:31.743+0000] {logging_mixin.py:154} INFO - [2023-12-15T11:38:31.743+0000] {dag.py:2941} INFO - Sync 1 DAGs
[2023-12-15T11:38:31.772+0000] {logging_mixin.py:154} INFO - [2023-12-15T11:38:31.772+0000] {dag.py:3722} INFO - Setting next_dagrun for latest_only to 2023-12-15T07:38:31.771598+00:00, run_after=2023-12-15T11:38:31.771598+00:00
[2023-12-15T11:38:31.797+0000] {processor.py:179} INFO - Processing /home/airflow/.local/lib/python3.8/site-packages/airflow/example_dags/example_latest_only.py took 0.108 seconds
[2023-12-15T11:39:04.517+0000] {processor.py:157} INFO - Started process (PID=283) to work on /home/airflow/.local/lib/python3.8/site-packages/airflow/example_dags/example_latest_only.py
[2023-12-15T11:39:04.519+0000] {processor.py:829} INFO - Processing file /home/airflow/.local/lib/python3.8/site-packages/airflow/example_dags/example_latest_only.py for tasks to queue
[2023-12-15T11:39:04.528+0000] {logging_mixin.py:154} INFO - [2023-12-15T11:39:04.527+0000] {dagbag.py:536} INFO - Filling up the DagBag from /home/airflow/.local/lib/python3.8/site-packages/airflow/example_dags/example_latest_only.py
[2023-12-15T11:39:04.540+0000] {processor.py:839} INFO - DAG(s) dict_keys(['latest_only']) retrieved from /home/airflow/.local/lib/python3.8/site-packages/airflow/example_dags/example_latest_only.py
[2023-12-15T11:39:04.619+0000] {logging_mixin.py:154} INFO - [2023-12-15T11:39:04.619+0000] {dag.py:2941} INFO - Sync 1 DAGs
[2023-12-15T11:39:04.660+0000] {logging_mixin.py:154} INFO - [2023-12-15T11:39:04.660+0000] {dag.py:3722} INFO - Setting next_dagrun for latest_only to 2023-12-15T07:39:04.659943+00:00, run_after=2023-12-15T11:39:04.659943+00:00
[2023-12-15T11:39:04.708+0000] {processor.py:179} INFO - Processing /home/airflow/.local/lib/python3.8/site-packages/airflow/example_dags/example_latest_only.py took 0.198 seconds
[2023-12-15T11:39:38.886+0000] {processor.py:157} INFO - Started process (PID=335) to work on /home/airflow/.local/lib/python3.8/site-packages/airflow/example_dags/example_latest_only.py
[2023-12-15T11:39:38.892+0000] {processor.py:829} INFO - Processing file /home/airflow/.local/lib/python3.8/site-packages/airflow/example_dags/example_latest_only.py for tasks to queue
[2023-12-15T11:39:38.901+0000] {logging_mixin.py:154} INFO - [2023-12-15T11:39:38.900+0000] {dagbag.py:536} INFO - Filling up the DagBag from /home/airflow/.local/lib/python3.8/site-packages/airflow/example_dags/example_latest_only.py
[2023-12-15T11:39:38.917+0000] {processor.py:839} INFO - DAG(s) dict_keys(['latest_only']) retrieved from /home/airflow/.local/lib/python3.8/site-packages/airflow/example_dags/example_latest_only.py
[2023-12-15T11:39:38.997+0000] {logging_mixin.py:154} INFO - [2023-12-15T11:39:38.997+0000] {dag.py:2941} INFO - Sync 1 DAGs
[2023-12-15T11:39:39.070+0000] {logging_mixin.py:154} INFO - [2023-12-15T11:39:39.070+0000] {dag.py:3722} INFO - Setting next_dagrun for latest_only to 2023-12-15T07:39:39.068664+00:00, run_after=2023-12-15T11:39:39.068664+00:00
[2023-12-15T11:39:39.122+0000] {processor.py:179} INFO - Processing /home/airflow/.local/lib/python3.8/site-packages/airflow/example_dags/example_latest_only.py took 0.265 seconds
[2023-12-15T11:40:11.872+0000] {processor.py:157} INFO - Started process (PID=389) to work on /home/airflow/.local/lib/python3.8/site-packages/airflow/example_dags/example_latest_only.py
[2023-12-15T11:40:11.877+0000] {processor.py:829} INFO - Processing file /home/airflow/.local/lib/python3.8/site-packages/airflow/example_dags/example_latest_only.py for tasks to queue
[2023-12-15T11:40:11.884+0000] {logging_mixin.py:154} INFO - [2023-12-15T11:40:11.884+0000] {dagbag.py:536} INFO - Filling up the DagBag from /home/airflow/.local/lib/python3.8/site-packages/airflow/example_dags/example_latest_only.py
[2023-12-15T11:40:11.894+0000] {processor.py:839} INFO - DAG(s) dict_keys(['latest_only']) retrieved from /home/airflow/.local/lib/python3.8/site-packages/airflow/example_dags/example_latest_only.py
[2023-12-15T11:40:12.069+0000] {logging_mixin.py:154} INFO - [2023-12-15T11:40:12.068+0000] {dag.py:2941} INFO - Sync 1 DAGs
[2023-12-15T11:40:12.164+0000] {logging_mixin.py:154} INFO - [2023-12-15T11:40:12.164+0000] {dag.py:3722} INFO - Setting next_dagrun for latest_only to 2023-12-15T07:40:12.161135+00:00, run_after=2023-12-15T11:40:12.161135+00:00
[2023-12-15T11:40:12.265+0000] {processor.py:179} INFO - Processing /home/airflow/.local/lib/python3.8/site-packages/airflow/example_dags/example_latest_only.py took 0.399 seconds
[2023-12-15T11:40:42.610+0000] {processor.py:157} INFO - Started process (PID=443) to work on /home/airflow/.local/lib/python3.8/site-packages/airflow/example_dags/example_latest_only.py
[2023-12-15T11:40:42.613+0000] {processor.py:829} INFO - Processing file /home/airflow/.local/lib/python3.8/site-packages/airflow/example_dags/example_latest_only.py for tasks to queue
[2023-12-15T11:40:42.640+0000] {logging_mixin.py:154} INFO - [2023-12-15T11:40:42.640+0000] {dagbag.py:536} INFO - Filling up the DagBag from /home/airflow/.local/lib/python3.8/site-packages/airflow/example_dags/example_latest_only.py
[2023-12-15T11:40:42.653+0000] {processor.py:839} INFO - DAG(s) dict_keys(['latest_only']) retrieved from /home/airflow/.local/lib/python3.8/site-packages/airflow/example_dags/example_latest_only.py
[2023-12-15T11:40:42.714+0000] {logging_mixin.py:154} INFO - [2023-12-15T11:40:42.714+0000] {dag.py:2941} INFO - Sync 1 DAGs
[2023-12-15T11:40:42.815+0000] {logging_mixin.py:154} INFO - [2023-12-15T11:40:42.814+0000] {dag.py:3722} INFO - Setting next_dagrun for latest_only to 2023-12-15T07:40:42.811850+00:00, run_after=2023-12-15T11:40:42.811850+00:00
[2023-12-15T11:40:42.858+0000] {processor.py:179} INFO - Processing /home/airflow/.local/lib/python3.8/site-packages/airflow/example_dags/example_latest_only.py took 0.253 seconds
[2023-12-15T11:41:13.673+0000] {processor.py:157} INFO - Started process (PID=497) to work on /home/airflow/.local/lib/python3.8/site-packages/airflow/example_dags/example_latest_only.py
[2023-12-15T11:41:13.676+0000] {processor.py:829} INFO - Processing file /home/airflow/.local/lib/python3.8/site-packages/airflow/example_dags/example_latest_only.py for tasks to queue
[2023-12-15T11:41:13.679+0000] {logging_mixin.py:154} INFO - [2023-12-15T11:41:13.679+0000] {dagbag.py:536} INFO - Filling up the DagBag from /home/airflow/.local/lib/python3.8/site-packages/airflow/example_dags/example_latest_only.py
[2023-12-15T11:41:13.686+0000] {processor.py:839} INFO - DAG(s) dict_keys(['latest_only']) retrieved from /home/airflow/.local/lib/python3.8/site-packages/airflow/example_dags/example_latest_only.py
[2023-12-15T11:41:13.724+0000] {logging_mixin.py:154} INFO - [2023-12-15T11:41:13.724+0000] {dag.py:2941} INFO - Sync 1 DAGs
[2023-12-15T11:41:13.754+0000] {logging_mixin.py:154} INFO - [2023-12-15T11:41:13.754+0000] {dag.py:3722} INFO - Setting next_dagrun for latest_only to 2023-12-15T07:41:13.753798+00:00, run_after=2023-12-15T11:41:13.753798+00:00
[2023-12-15T11:41:13.774+0000] {processor.py:179} INFO - Processing /home/airflow/.local/lib/python3.8/site-packages/airflow/example_dags/example_latest_only.py took 0.105 seconds
[2023-12-15T11:41:49.142+0000] {processor.py:157} INFO - Started process (PID=551) to work on /home/airflow/.local/lib/python3.8/site-packages/airflow/example_dags/example_latest_only.py
[2023-12-15T11:41:49.145+0000] {processor.py:829} INFO - Processing file /home/airflow/.local/lib/python3.8/site-packages/airflow/example_dags/example_latest_only.py for tasks to queue
[2023-12-15T11:41:49.148+0000] {logging_mixin.py:154} INFO - [2023-12-15T11:41:49.148+0000] {dagbag.py:536} INFO - Filling up the DagBag from /home/airflow/.local/lib/python3.8/site-packages/airflow/example_dags/example_latest_only.py
[2023-12-15T11:41:49.155+0000] {processor.py:839} INFO - DAG(s) dict_keys(['latest_only']) retrieved from /home/airflow/.local/lib/python3.8/site-packages/airflow/example_dags/example_latest_only.py
[2023-12-15T11:41:49.178+0000] {logging_mixin.py:154} INFO - [2023-12-15T11:41:49.177+0000] {dag.py:2941} INFO - Sync 1 DAGs
[2023-12-15T11:41:49.206+0000] {logging_mixin.py:154} INFO - [2023-12-15T11:41:49.206+0000] {dag.py:3722} INFO - Setting next_dagrun for latest_only to 2023-12-15T07:41:49.205900+00:00, run_after=2023-12-15T11:41:49.205900+00:00
[2023-12-15T11:41:49.218+0000] {processor.py:179} INFO - Processing /home/airflow/.local/lib/python3.8/site-packages/airflow/example_dags/example_latest_only.py took 0.081 seconds
[2023-12-15T11:42:22.411+0000] {processor.py:157} INFO - Started process (PID=606) to work on /home/airflow/.local/lib/python3.8/site-packages/airflow/example_dags/example_latest_only.py
[2023-12-15T11:42:22.412+0000] {processor.py:829} INFO - Processing file /home/airflow/.local/lib/python3.8/site-packages/airflow/example_dags/example_latest_only.py for tasks to queue
[2023-12-15T11:42:22.415+0000] {logging_mixin.py:154} INFO - [2023-12-15T11:42:22.415+0000] {dagbag.py:536} INFO - Filling up the DagBag from /home/airflow/.local/lib/python3.8/site-packages/airflow/example_dags/example_latest_only.py
[2023-12-15T11:42:22.431+0000] {processor.py:839} INFO - DAG(s) dict_keys(['latest_only']) retrieved from /home/airflow/.local/lib/python3.8/site-packages/airflow/example_dags/example_latest_only.py
[2023-12-15T11:42:22.481+0000] {logging_mixin.py:154} INFO - [2023-12-15T11:42:22.481+0000] {dag.py:2941} INFO - Sync 1 DAGs
[2023-12-15T11:42:22.515+0000] {logging_mixin.py:154} INFO - [2023-12-15T11:42:22.515+0000] {dag.py:3722} INFO - Setting next_dagrun for latest_only to 2023-12-15T07:42:22.514280+00:00, run_after=2023-12-15T11:42:22.514280+00:00
[2023-12-15T11:42:22.543+0000] {processor.py:179} INFO - Processing /home/airflow/.local/lib/python3.8/site-packages/airflow/example_dags/example_latest_only.py took 0.137 seconds
[2023-12-15T11:43:03.925+0000] {processor.py:157} INFO - Started process (PID=661) to work on /home/airflow/.local/lib/python3.8/site-packages/airflow/example_dags/example_latest_only.py
[2023-12-15T11:43:03.927+0000] {processor.py:829} INFO - Processing file /home/airflow/.local/lib/python3.8/site-packages/airflow/example_dags/example_latest_only.py for tasks to queue
[2023-12-15T11:43:03.931+0000] {logging_mixin.py:154} INFO - [2023-12-15T11:43:03.930+0000] {dagbag.py:536} INFO - Filling up the DagBag from /home/airflow/.local/lib/python3.8/site-packages/airflow/example_dags/example_latest_only.py
[2023-12-15T11:43:03.942+0000] {processor.py:839} INFO - DAG(s) dict_keys(['latest_only']) retrieved from /home/airflow/.local/lib/python3.8/site-packages/airflow/example_dags/example_latest_only.py
[2023-12-15T11:43:03.984+0000] {logging_mixin.py:154} INFO - [2023-12-15T11:43:03.984+0000] {dag.py:2941} INFO - Sync 1 DAGs
[2023-12-15T11:43:04.025+0000] {logging_mixin.py:154} INFO - [2023-12-15T11:43:04.024+0000] {dag.py:3722} INFO - Setting next_dagrun for latest_only to 2023-12-15T07:43:04.023612+00:00, run_after=2023-12-15T11:43:04.023612+00:00
[2023-12-15T11:43:04.061+0000] {processor.py:179} INFO - Processing /home/airflow/.local/lib/python3.8/site-packages/airflow/example_dags/example_latest_only.py took 0.140 seconds
[2023-12-15T11:43:39.840+0000] {processor.py:157} INFO - Started process (PID=715) to work on /home/airflow/.local/lib/python3.8/site-packages/airflow/example_dags/example_latest_only.py
[2023-12-15T11:43:39.842+0000] {processor.py:829} INFO - Processing file /home/airflow/.local/lib/python3.8/site-packages/airflow/example_dags/example_latest_only.py for tasks to queue
[2023-12-15T11:43:39.846+0000] {logging_mixin.py:154} INFO - [2023-12-15T11:43:39.845+0000] {dagbag.py:536} INFO - Filling up the DagBag from /home/airflow/.local/lib/python3.8/site-packages/airflow/example_dags/example_latest_only.py
[2023-12-15T11:43:39.854+0000] {processor.py:839} INFO - DAG(s) dict_keys(['latest_only']) retrieved from /home/airflow/.local/lib/python3.8/site-packages/airflow/example_dags/example_latest_only.py
[2023-12-15T11:43:39.888+0000] {logging_mixin.py:154} INFO - [2023-12-15T11:43:39.888+0000] {dag.py:2941} INFO - Sync 1 DAGs
[2023-12-15T11:43:39.908+0000] {logging_mixin.py:154} INFO - [2023-12-15T11:43:39.908+0000] {dag.py:3722} INFO - Setting next_dagrun for latest_only to 2023-12-15T07:43:39.908037+00:00, run_after=2023-12-15T11:43:39.908037+00:00
[2023-12-15T11:43:39.923+0000] {processor.py:179} INFO - Processing /home/airflow/.local/lib/python3.8/site-packages/airflow/example_dags/example_latest_only.py took 0.087 seconds
[2023-12-15T11:44:13.862+0000] {processor.py:157} INFO - Started process (PID=776) to work on /home/airflow/.local/lib/python3.8/site-packages/airflow/example_dags/example_latest_only.py
[2023-12-15T11:44:13.868+0000] {processor.py:829} INFO - Processing file /home/airflow/.local/lib/python3.8/site-packages/airflow/example_dags/example_latest_only.py for tasks to queue
[2023-12-15T11:44:13.872+0000] {logging_mixin.py:154} INFO - [2023-12-15T11:44:13.872+0000] {dagbag.py:536} INFO - Filling up the DagBag from /home/airflow/.local/lib/python3.8/site-packages/airflow/example_dags/example_latest_only.py
[2023-12-15T11:44:13.884+0000] {processor.py:839} INFO - DAG(s) dict_keys(['latest_only']) retrieved from /home/airflow/.local/lib/python3.8/site-packages/airflow/example_dags/example_latest_only.py
[2023-12-15T11:44:13.956+0000] {logging_mixin.py:154} INFO - [2023-12-15T11:44:13.956+0000] {dag.py:2941} INFO - Sync 1 DAGs
[2023-12-15T11:44:14.050+0000] {logging_mixin.py:154} INFO - [2023-12-15T11:44:14.049+0000] {dag.py:3722} INFO - Setting next_dagrun for latest_only to 2023-12-15T07:44:14.046227+00:00, run_after=2023-12-15T11:44:14.046227+00:00
[2023-12-15T11:44:14.127+0000] {processor.py:179} INFO - Processing /home/airflow/.local/lib/python3.8/site-packages/airflow/example_dags/example_latest_only.py took 0.270 seconds
[2023-12-15T11:44:44.962+0000] {processor.py:157} INFO - Started process (PID=828) to work on /home/airflow/.local/lib/python3.8/site-packages/airflow/example_dags/example_latest_only.py
[2023-12-15T11:44:44.977+0000] {processor.py:829} INFO - Processing file /home/airflow/.local/lib/python3.8/site-packages/airflow/example_dags/example_latest_only.py for tasks to queue
[2023-12-15T11:44:44.985+0000] {logging_mixin.py:154} INFO - [2023-12-15T11:44:44.984+0000] {dagbag.py:536} INFO - Filling up the DagBag from /home/airflow/.local/lib/python3.8/site-packages/airflow/example_dags/example_latest_only.py
[2023-12-15T11:44:45.024+0000] {processor.py:839} INFO - DAG(s) dict_keys(['latest_only']) retrieved from /home/airflow/.local/lib/python3.8/site-packages/airflow/example_dags/example_latest_only.py
[2023-12-15T11:44:45.103+0000] {logging_mixin.py:154} INFO - [2023-12-15T11:44:45.103+0000] {dag.py:2941} INFO - Sync 1 DAGs
[2023-12-15T11:44:45.146+0000] {logging_mixin.py:154} INFO - [2023-12-15T11:44:45.145+0000] {dag.py:3722} INFO - Setting next_dagrun for latest_only to 2023-12-15T07:44:45.145098+00:00, run_after=2023-12-15T11:44:45.145098+00:00
[2023-12-15T11:44:45.181+0000] {processor.py:179} INFO - Processing /home/airflow/.local/lib/python3.8/site-packages/airflow/example_dags/example_latest_only.py took 0.233 seconds
[2023-12-15T11:45:15.581+0000] {processor.py:157} INFO - Started process (PID=882) to work on /home/airflow/.local/lib/python3.8/site-packages/airflow/example_dags/example_latest_only.py
[2023-12-15T11:45:15.605+0000] {processor.py:829} INFO - Processing file /home/airflow/.local/lib/python3.8/site-packages/airflow/example_dags/example_latest_only.py for tasks to queue
[2023-12-15T11:45:15.612+0000] {logging_mixin.py:154} INFO - [2023-12-15T11:45:15.611+0000] {dagbag.py:536} INFO - Filling up the DagBag from /home/airflow/.local/lib/python3.8/site-packages/airflow/example_dags/example_latest_only.py
[2023-12-15T11:45:15.675+0000] {processor.py:839} INFO - DAG(s) dict_keys(['latest_only']) retrieved from /home/airflow/.local/lib/python3.8/site-packages/airflow/example_dags/example_latest_only.py
[2023-12-15T11:45:15.833+0000] {logging_mixin.py:154} INFO - [2023-12-15T11:45:15.832+0000] {dag.py:2941} INFO - Sync 1 DAGs
[2023-12-15T11:45:15.895+0000] {logging_mixin.py:154} INFO - [2023-12-15T11:45:15.894+0000] {dag.py:3722} INFO - Setting next_dagrun for latest_only to 2023-12-15T07:45:15.893718+00:00, run_after=2023-12-15T11:45:15.893718+00:00
[2023-12-15T11:45:15.927+0000] {processor.py:179} INFO - Processing /home/airflow/.local/lib/python3.8/site-packages/airflow/example_dags/example_latest_only.py took 0.365 seconds
[2023-12-15T11:45:46.318+0000] {processor.py:157} INFO - Started process (PID=935) to work on /home/airflow/.local/lib/python3.8/site-packages/airflow/example_dags/example_latest_only.py
[2023-12-15T11:45:46.331+0000] {processor.py:829} INFO - Processing file /home/airflow/.local/lib/python3.8/site-packages/airflow/example_dags/example_latest_only.py for tasks to queue
[2023-12-15T11:45:46.340+0000] {logging_mixin.py:154} INFO - [2023-12-15T11:45:46.340+0000] {dagbag.py:536} INFO - Filling up the DagBag from /home/airflow/.local/lib/python3.8/site-packages/airflow/example_dags/example_latest_only.py
[2023-12-15T11:45:46.386+0000] {processor.py:839} INFO - DAG(s) dict_keys(['latest_only']) retrieved from /home/airflow/.local/lib/python3.8/site-packages/airflow/example_dags/example_latest_only.py
[2023-12-15T11:45:46.480+0000] {logging_mixin.py:154} INFO - [2023-12-15T11:45:46.480+0000] {dag.py:2941} INFO - Sync 1 DAGs
[2023-12-15T11:45:46.620+0000] {logging_mixin.py:154} INFO - [2023-12-15T11:45:46.619+0000] {dag.py:3722} INFO - Setting next_dagrun for latest_only to 2023-12-15T07:45:46.618348+00:00, run_after=2023-12-15T11:45:46.618348+00:00
[2023-12-15T11:45:46.679+0000] {processor.py:179} INFO - Processing /home/airflow/.local/lib/python3.8/site-packages/airflow/example_dags/example_latest_only.py took 0.391 seconds
[2023-12-15T11:46:17.743+0000] {processor.py:157} INFO - Started process (PID=988) to work on /home/airflow/.local/lib/python3.8/site-packages/airflow/example_dags/example_latest_only.py
[2023-12-15T11:46:17.745+0000] {processor.py:829} INFO - Processing file /home/airflow/.local/lib/python3.8/site-packages/airflow/example_dags/example_latest_only.py for tasks to queue
[2023-12-15T11:46:17.748+0000] {logging_mixin.py:154} INFO - [2023-12-15T11:46:17.748+0000] {dagbag.py:536} INFO - Filling up the DagBag from /home/airflow/.local/lib/python3.8/site-packages/airflow/example_dags/example_latest_only.py
[2023-12-15T11:46:17.757+0000] {processor.py:839} INFO - DAG(s) dict_keys(['latest_only']) retrieved from /home/airflow/.local/lib/python3.8/site-packages/airflow/example_dags/example_latest_only.py
[2023-12-15T11:46:17.789+0000] {logging_mixin.py:154} INFO - [2023-12-15T11:46:17.788+0000] {dag.py:2941} INFO - Sync 1 DAGs
[2023-12-15T11:46:17.819+0000] {logging_mixin.py:154} INFO - [2023-12-15T11:46:17.819+0000] {dag.py:3722} INFO - Setting next_dagrun for latest_only to 2023-12-15T07:46:17.818813+00:00, run_after=2023-12-15T11:46:17.818813+00:00
[2023-12-15T11:46:17.863+0000] {processor.py:179} INFO - Processing /home/airflow/.local/lib/python3.8/site-packages/airflow/example_dags/example_latest_only.py took 0.124 seconds
[2023-12-15T11:46:52.957+0000] {processor.py:157} INFO - Started process (PID=1043) to work on /home/airflow/.local/lib/python3.8/site-packages/airflow/example_dags/example_latest_only.py
[2023-12-15T11:46:52.960+0000] {processor.py:829} INFO - Processing file /home/airflow/.local/lib/python3.8/site-packages/airflow/example_dags/example_latest_only.py for tasks to queue
[2023-12-15T11:46:52.965+0000] {logging_mixin.py:154} INFO - [2023-12-15T11:46:52.964+0000] {dagbag.py:536} INFO - Filling up the DagBag from /home/airflow/.local/lib/python3.8/site-packages/airflow/example_dags/example_latest_only.py
[2023-12-15T11:46:53.052+0000] {processor.py:839} INFO - DAG(s) dict_keys(['latest_only']) retrieved from /home/airflow/.local/lib/python3.8/site-packages/airflow/example_dags/example_latest_only.py
[2023-12-15T11:46:53.286+0000] {logging_mixin.py:154} INFO - [2023-12-15T11:46:53.285+0000] {dag.py:2941} INFO - Sync 1 DAGs
[2023-12-15T11:46:54.828+0000] {logging_mixin.py:154} INFO - [2023-12-15T11:46:54.827+0000] {dag.py:3722} INFO - Setting next_dagrun for latest_only to 2023-12-15T07:46:54.827668+00:00, run_after=2023-12-15T11:46:54.827668+00:00
[2023-12-15T11:46:54.879+0000] {processor.py:179} INFO - Processing /home/airflow/.local/lib/python3.8/site-packages/airflow/example_dags/example_latest_only.py took 1.930 seconds
[2023-12-15T11:47:25.078+0000] {processor.py:157} INFO - Started process (PID=1098) to work on /home/airflow/.local/lib/python3.8/site-packages/airflow/example_dags/example_latest_only.py
[2023-12-15T11:47:25.084+0000] {processor.py:829} INFO - Processing file /home/airflow/.local/lib/python3.8/site-packages/airflow/example_dags/example_latest_only.py for tasks to queue
[2023-12-15T11:47:25.087+0000] {logging_mixin.py:154} INFO - [2023-12-15T11:47:25.087+0000] {dagbag.py:536} INFO - Filling up the DagBag from /home/airflow/.local/lib/python3.8/site-packages/airflow/example_dags/example_latest_only.py
[2023-12-15T11:47:25.096+0000] {processor.py:839} INFO - DAG(s) dict_keys(['latest_only']) retrieved from /home/airflow/.local/lib/python3.8/site-packages/airflow/example_dags/example_latest_only.py
[2023-12-15T11:47:25.117+0000] {logging_mixin.py:154} INFO - [2023-12-15T11:47:25.117+0000] {dag.py:2941} INFO - Sync 1 DAGs
[2023-12-15T11:47:25.136+0000] {logging_mixin.py:154} INFO - [2023-12-15T11:47:25.136+0000] {dag.py:3722} INFO - Setting next_dagrun for latest_only to 2023-12-15T07:47:25.136491+00:00, run_after=2023-12-15T11:47:25.136491+00:00
[2023-12-15T11:47:25.147+0000] {processor.py:179} INFO - Processing /home/airflow/.local/lib/python3.8/site-packages/airflow/example_dags/example_latest_only.py took 0.082 seconds
[2023-12-15T11:47:55.781+0000] {processor.py:157} INFO - Started process (PID=1151) to work on /home/airflow/.local/lib/python3.8/site-packages/airflow/example_dags/example_latest_only.py
[2023-12-15T11:47:55.784+0000] {processor.py:829} INFO - Processing file /home/airflow/.local/lib/python3.8/site-packages/airflow/example_dags/example_latest_only.py for tasks to queue
[2023-12-15T11:47:55.793+0000] {logging_mixin.py:154} INFO - [2023-12-15T11:47:55.792+0000] {dagbag.py:536} INFO - Filling up the DagBag from /home/airflow/.local/lib/python3.8/site-packages/airflow/example_dags/example_latest_only.py
[2023-12-15T11:47:55.817+0000] {processor.py:839} INFO - DAG(s) dict_keys(['latest_only']) retrieved from /home/airflow/.local/lib/python3.8/site-packages/airflow/example_dags/example_latest_only.py
[2023-12-15T11:47:55.894+0000] {logging_mixin.py:154} INFO - [2023-12-15T11:47:55.894+0000] {dag.py:2941} INFO - Sync 1 DAGs
[2023-12-15T11:47:55.968+0000] {logging_mixin.py:154} INFO - [2023-12-15T11:47:55.968+0000] {dag.py:3722} INFO - Setting next_dagrun for latest_only to 2023-12-15T07:47:55.967576+00:00, run_after=2023-12-15T11:47:55.967576+00:00
[2023-12-15T11:47:56.014+0000] {processor.py:179} INFO - Processing /home/airflow/.local/lib/python3.8/site-packages/airflow/example_dags/example_latest_only.py took 0.240 seconds
[2023-12-15T11:48:37.688+0000] {processor.py:157} INFO - Started process (PID=1205) to work on /home/airflow/.local/lib/python3.8/site-packages/airflow/example_dags/example_latest_only.py
[2023-12-15T11:48:37.695+0000] {processor.py:829} INFO - Processing file /home/airflow/.local/lib/python3.8/site-packages/airflow/example_dags/example_latest_only.py for tasks to queue
[2023-12-15T11:48:37.706+0000] {logging_mixin.py:154} INFO - [2023-12-15T11:48:37.705+0000] {dagbag.py:536} INFO - Filling up the DagBag from /home/airflow/.local/lib/python3.8/site-packages/airflow/example_dags/example_latest_only.py
[2023-12-15T11:48:37.804+0000] {processor.py:839} INFO - DAG(s) dict_keys(['latest_only']) retrieved from /home/airflow/.local/lib/python3.8/site-packages/airflow/example_dags/example_latest_only.py
[2023-12-15T11:48:38.034+0000] {logging_mixin.py:154} INFO - [2023-12-15T11:48:38.034+0000] {dag.py:2941} INFO - Sync 1 DAGs
[2023-12-15T11:48:39.951+0000] {logging_mixin.py:154} INFO - [2023-12-15T11:48:39.950+0000] {dag.py:3722} INFO - Setting next_dagrun for latest_only to 2023-12-15T07:48:39.944478+00:00, run_after=2023-12-15T11:48:39.944478+00:00
[2023-12-15T11:48:40.059+0000] {processor.py:179} INFO - Processing /home/airflow/.local/lib/python3.8/site-packages/airflow/example_dags/example_latest_only.py took 2.394 seconds
[2023-12-15T11:49:10.984+0000] {processor.py:157} INFO - Started process (PID=1259) to work on /home/airflow/.local/lib/python3.8/site-packages/airflow/example_dags/example_latest_only.py
[2023-12-15T11:49:10.987+0000] {processor.py:829} INFO - Processing file /home/airflow/.local/lib/python3.8/site-packages/airflow/example_dags/example_latest_only.py for tasks to queue
[2023-12-15T11:49:11.003+0000] {logging_mixin.py:154} INFO - [2023-12-15T11:49:11.002+0000] {dagbag.py:536} INFO - Filling up the DagBag from /home/airflow/.local/lib/python3.8/site-packages/airflow/example_dags/example_latest_only.py
[2023-12-15T11:49:11.021+0000] {processor.py:839} INFO - DAG(s) dict_keys(['latest_only']) retrieved from /home/airflow/.local/lib/python3.8/site-packages/airflow/example_dags/example_latest_only.py
[2023-12-15T11:49:11.119+0000] {logging_mixin.py:154} INFO - [2023-12-15T11:49:11.119+0000] {dag.py:2941} INFO - Sync 1 DAGs
[2023-12-15T11:49:11.180+0000] {logging_mixin.py:154} INFO - [2023-12-15T11:49:11.180+0000] {dag.py:3722} INFO - Setting next_dagrun for latest_only to 2023-12-15T07:49:11.179772+00:00, run_after=2023-12-15T11:49:11.179772+00:00
[2023-12-15T11:49:11.216+0000] {processor.py:179} INFO - Processing /home/airflow/.local/lib/python3.8/site-packages/airflow/example_dags/example_latest_only.py took 0.242 seconds
[2023-12-15T11:49:41.418+0000] {processor.py:157} INFO - Started process (PID=1311) to work on /home/airflow/.local/lib/python3.8/site-packages/airflow/example_dags/example_latest_only.py
[2023-12-15T11:49:41.425+0000] {processor.py:829} INFO - Processing file /home/airflow/.local/lib/python3.8/site-packages/airflow/example_dags/example_latest_only.py for tasks to queue
[2023-12-15T11:49:41.445+0000] {logging_mixin.py:154} INFO - [2023-12-15T11:49:41.444+0000] {dagbag.py:536} INFO - Filling up the DagBag from /home/airflow/.local/lib/python3.8/site-packages/airflow/example_dags/example_latest_only.py
[2023-12-15T11:49:41.570+0000] {processor.py:839} INFO - DAG(s) dict_keys(['latest_only']) retrieved from /home/airflow/.local/lib/python3.8/site-packages/airflow/example_dags/example_latest_only.py
[2023-12-15T11:49:41.743+0000] {logging_mixin.py:154} INFO - [2023-12-15T11:49:41.743+0000] {dag.py:2941} INFO - Sync 1 DAGs
[2023-12-15T11:49:41.786+0000] {logging_mixin.py:154} INFO - [2023-12-15T11:49:41.786+0000] {dag.py:3722} INFO - Setting next_dagrun for latest_only to 2023-12-15T07:49:41.785800+00:00, run_after=2023-12-15T11:49:41.785800+00:00
[2023-12-15T11:49:41.816+0000] {processor.py:179} INFO - Processing /home/airflow/.local/lib/python3.8/site-packages/airflow/example_dags/example_latest_only.py took 0.421 seconds
[2023-12-15T11:50:15.148+0000] {processor.py:157} INFO - Started process (PID=1365) to work on /home/airflow/.local/lib/python3.8/site-packages/airflow/example_dags/example_latest_only.py
[2023-12-15T11:50:15.151+0000] {processor.py:829} INFO - Processing file /home/airflow/.local/lib/python3.8/site-packages/airflow/example_dags/example_latest_only.py for tasks to queue
[2023-12-15T11:50:15.190+0000] {logging_mixin.py:154} INFO - [2023-12-15T11:50:15.184+0000] {dagbag.py:536} INFO - Filling up the DagBag from /home/airflow/.local/lib/python3.8/site-packages/airflow/example_dags/example_latest_only.py
[2023-12-15T11:50:15.226+0000] {processor.py:839} INFO - DAG(s) dict_keys(['latest_only']) retrieved from /home/airflow/.local/lib/python3.8/site-packages/airflow/example_dags/example_latest_only.py
[2023-12-15T11:50:15.414+0000] {logging_mixin.py:154} INFO - [2023-12-15T11:50:15.414+0000] {dag.py:2941} INFO - Sync 1 DAGs
[2023-12-15T11:50:17.536+0000] {logging_mixin.py:154} INFO - [2023-12-15T11:50:17.524+0000] {dag.py:3722} INFO - Setting next_dagrun for latest_only to 2023-12-15T07:50:17.519251+00:00, run_after=2023-12-15T11:50:17.519251+00:00
[2023-12-15T11:50:17.713+0000] {processor.py:179} INFO - Processing /home/airflow/.local/lib/python3.8/site-packages/airflow/example_dags/example_latest_only.py took 2.577 seconds
[2023-12-15T11:50:48.751+0000] {processor.py:157} INFO - Started process (PID=1418) to work on /home/airflow/.local/lib/python3.8/site-packages/airflow/example_dags/example_latest_only.py
[2023-12-15T11:50:48.754+0000] {processor.py:829} INFO - Processing file /home/airflow/.local/lib/python3.8/site-packages/airflow/example_dags/example_latest_only.py for tasks to queue
[2023-12-15T11:50:48.764+0000] {logging_mixin.py:154} INFO - [2023-12-15T11:50:48.764+0000] {dagbag.py:536} INFO - Filling up the DagBag from /home/airflow/.local/lib/python3.8/site-packages/airflow/example_dags/example_latest_only.py
[2023-12-15T11:50:48.788+0000] {processor.py:839} INFO - DAG(s) dict_keys(['latest_only']) retrieved from /home/airflow/.local/lib/python3.8/site-packages/airflow/example_dags/example_latest_only.py
[2023-12-15T11:50:48.894+0000] {logging_mixin.py:154} INFO - [2023-12-15T11:50:48.894+0000] {dag.py:2941} INFO - Sync 1 DAGs
[2023-12-15T11:50:48.953+0000] {logging_mixin.py:154} INFO - [2023-12-15T11:50:48.952+0000] {dag.py:3722} INFO - Setting next_dagrun for latest_only to 2023-12-15T07:50:48.946430+00:00, run_after=2023-12-15T11:50:48.946430+00:00
[2023-12-15T11:50:50.006+0000] {processor.py:179} INFO - Processing /home/airflow/.local/lib/python3.8/site-packages/airflow/example_dags/example_latest_only.py took 1.263 seconds
[2023-12-15T11:51:21.204+0000] {processor.py:157} INFO - Started process (PID=1472) to work on /home/airflow/.local/lib/python3.8/site-packages/airflow/example_dags/example_latest_only.py
[2023-12-15T11:51:21.207+0000] {processor.py:829} INFO - Processing file /home/airflow/.local/lib/python3.8/site-packages/airflow/example_dags/example_latest_only.py for tasks to queue
[2023-12-15T11:51:21.211+0000] {logging_mixin.py:154} INFO - [2023-12-15T11:51:21.210+0000] {dagbag.py:536} INFO - Filling up the DagBag from /home/airflow/.local/lib/python3.8/site-packages/airflow/example_dags/example_latest_only.py
[2023-12-15T11:51:21.230+0000] {processor.py:839} INFO - DAG(s) dict_keys(['latest_only']) retrieved from /home/airflow/.local/lib/python3.8/site-packages/airflow/example_dags/example_latest_only.py
[2023-12-15T11:51:21.378+0000] {logging_mixin.py:154} INFO - [2023-12-15T11:51:21.378+0000] {dag.py:2941} INFO - Sync 1 DAGs
[2023-12-15T11:51:21.462+0000] {logging_mixin.py:154} INFO - [2023-12-15T11:51:21.461+0000] {dag.py:3722} INFO - Setting next_dagrun for latest_only to 2023-12-15T07:51:21.460632+00:00, run_after=2023-12-15T11:51:21.460632+00:00
[2023-12-15T11:51:21.554+0000] {processor.py:179} INFO - Processing /home/airflow/.local/lib/python3.8/site-packages/airflow/example_dags/example_latest_only.py took 0.357 seconds
[2023-12-15T11:51:54.938+0000] {processor.py:157} INFO - Started process (PID=1525) to work on /home/airflow/.local/lib/python3.8/site-packages/airflow/example_dags/example_latest_only.py
[2023-12-15T11:51:54.942+0000] {processor.py:829} INFO - Processing file /home/airflow/.local/lib/python3.8/site-packages/airflow/example_dags/example_latest_only.py for tasks to queue
[2023-12-15T11:51:54.969+0000] {logging_mixin.py:154} INFO - [2023-12-15T11:51:54.965+0000] {dagbag.py:536} INFO - Filling up the DagBag from /home/airflow/.local/lib/python3.8/site-packages/airflow/example_dags/example_latest_only.py
[2023-12-15T11:51:55.017+0000] {processor.py:839} INFO - DAG(s) dict_keys(['latest_only']) retrieved from /home/airflow/.local/lib/python3.8/site-packages/airflow/example_dags/example_latest_only.py
[2023-12-15T11:51:55.136+0000] {logging_mixin.py:154} INFO - [2023-12-15T11:51:55.136+0000] {dag.py:2941} INFO - Sync 1 DAGs
[2023-12-15T11:51:56.763+0000] {logging_mixin.py:154} INFO - [2023-12-15T11:51:56.761+0000] {dag.py:3722} INFO - Setting next_dagrun for latest_only to 2023-12-15T07:51:56.760984+00:00, run_after=2023-12-15T11:51:56.760984+00:00
[2023-12-15T11:51:56.938+0000] {processor.py:179} INFO - Processing /home/airflow/.local/lib/python3.8/site-packages/airflow/example_dags/example_latest_only.py took 2.021 seconds
[2023-12-15T11:52:27.643+0000] {processor.py:157} INFO - Started process (PID=1579) to work on /home/airflow/.local/lib/python3.8/site-packages/airflow/example_dags/example_latest_only.py
[2023-12-15T11:52:27.645+0000] {processor.py:829} INFO - Processing file /home/airflow/.local/lib/python3.8/site-packages/airflow/example_dags/example_latest_only.py for tasks to queue
[2023-12-15T11:52:27.652+0000] {logging_mixin.py:154} INFO - [2023-12-15T11:52:27.651+0000] {dagbag.py:536} INFO - Filling up the DagBag from /home/airflow/.local/lib/python3.8/site-packages/airflow/example_dags/example_latest_only.py
[2023-12-15T11:52:27.657+0000] {processor.py:839} INFO - DAG(s) dict_keys(['latest_only']) retrieved from /home/airflow/.local/lib/python3.8/site-packages/airflow/example_dags/example_latest_only.py
[2023-12-15T11:52:27.692+0000] {logging_mixin.py:154} INFO - [2023-12-15T11:52:27.692+0000] {dag.py:2941} INFO - Sync 1 DAGs
[2023-12-15T11:52:27.713+0000] {logging_mixin.py:154} INFO - [2023-12-15T11:52:27.713+0000] {dag.py:3722} INFO - Setting next_dagrun for latest_only to 2023-12-15T07:52:27.713514+00:00, run_after=2023-12-15T11:52:27.713514+00:00
[2023-12-15T11:52:27.738+0000] {processor.py:179} INFO - Processing /home/airflow/.local/lib/python3.8/site-packages/airflow/example_dags/example_latest_only.py took 0.103 seconds
[2023-12-15T11:53:00.969+0000] {processor.py:157} INFO - Started process (PID=1631) to work on /home/airflow/.local/lib/python3.8/site-packages/airflow/example_dags/example_latest_only.py
[2023-12-15T11:53:00.972+0000] {processor.py:829} INFO - Processing file /home/airflow/.local/lib/python3.8/site-packages/airflow/example_dags/example_latest_only.py for tasks to queue
[2023-12-15T11:53:00.978+0000] {logging_mixin.py:154} INFO - [2023-12-15T11:53:00.977+0000] {dagbag.py:536} INFO - Filling up the DagBag from /home/airflow/.local/lib/python3.8/site-packages/airflow/example_dags/example_latest_only.py
[2023-12-15T11:53:00.985+0000] {processor.py:839} INFO - DAG(s) dict_keys(['latest_only']) retrieved from /home/airflow/.local/lib/python3.8/site-packages/airflow/example_dags/example_latest_only.py
[2023-12-15T11:53:01.292+0000] {logging_mixin.py:154} INFO - [2023-12-15T11:53:01.291+0000] {dag.py:2941} INFO - Sync 1 DAGs
[2023-12-15T11:53:01.338+0000] {logging_mixin.py:154} INFO - [2023-12-15T11:53:01.337+0000] {dag.py:3722} INFO - Setting next_dagrun for latest_only to 2023-12-15T07:53:01.335992+00:00, run_after=2023-12-15T11:53:01.335992+00:00
[2023-12-15T11:53:01.376+0000] {processor.py:179} INFO - Processing /home/airflow/.local/lib/python3.8/site-packages/airflow/example_dags/example_latest_only.py took 0.412 seconds
[2023-12-15T11:53:31.918+0000] {processor.py:157} INFO - Started process (PID=1684) to work on /home/airflow/.local/lib/python3.8/site-packages/airflow/example_dags/example_latest_only.py
[2023-12-15T11:53:31.923+0000] {processor.py:829} INFO - Processing file /home/airflow/.local/lib/python3.8/site-packages/airflow/example_dags/example_latest_only.py for tasks to queue
[2023-12-15T11:53:31.931+0000] {logging_mixin.py:154} INFO - [2023-12-15T11:53:31.930+0000] {dagbag.py:536} INFO - Filling up the DagBag from /home/airflow/.local/lib/python3.8/site-packages/airflow/example_dags/example_latest_only.py
[2023-12-15T11:53:31.993+0000] {processor.py:839} INFO - DAG(s) dict_keys(['latest_only']) retrieved from /home/airflow/.local/lib/python3.8/site-packages/airflow/example_dags/example_latest_only.py
[2023-12-15T11:53:32.168+0000] {logging_mixin.py:154} INFO - [2023-12-15T11:53:32.168+0000] {dag.py:2941} INFO - Sync 1 DAGs
[2023-12-15T11:53:32.239+0000] {logging_mixin.py:154} INFO - [2023-12-15T11:53:32.238+0000] {dag.py:3722} INFO - Setting next_dagrun for latest_only to 2023-12-15T07:53:32.238114+00:00, run_after=2023-12-15T11:53:32.238114+00:00
[2023-12-15T11:53:32.273+0000] {processor.py:179} INFO - Processing /home/airflow/.local/lib/python3.8/site-packages/airflow/example_dags/example_latest_only.py took 0.361 seconds
[2023-12-15T11:54:03.004+0000] {processor.py:157} INFO - Started process (PID=1737) to work on /home/airflow/.local/lib/python3.8/site-packages/airflow/example_dags/example_latest_only.py
[2023-12-15T11:54:03.009+0000] {processor.py:829} INFO - Processing file /home/airflow/.local/lib/python3.8/site-packages/airflow/example_dags/example_latest_only.py for tasks to queue
[2023-12-15T11:54:03.024+0000] {logging_mixin.py:154} INFO - [2023-12-15T11:54:03.012+0000] {dagbag.py:536} INFO - Filling up the DagBag from /home/airflow/.local/lib/python3.8/site-packages/airflow/example_dags/example_latest_only.py
[2023-12-15T11:54:03.041+0000] {processor.py:839} INFO - DAG(s) dict_keys(['latest_only']) retrieved from /home/airflow/.local/lib/python3.8/site-packages/airflow/example_dags/example_latest_only.py
[2023-12-15T11:54:03.138+0000] {logging_mixin.py:154} INFO - [2023-12-15T11:54:03.138+0000] {dag.py:2941} INFO - Sync 1 DAGs
[2023-12-15T11:54:03.215+0000] {logging_mixin.py:154} INFO - [2023-12-15T11:54:03.215+0000] {dag.py:3722} INFO - Setting next_dagrun for latest_only to 2023-12-15T07:54:03.214535+00:00, run_after=2023-12-15T11:54:03.214535+00:00
[2023-12-15T11:54:03.243+0000] {processor.py:179} INFO - Processing /home/airflow/.local/lib/python3.8/site-packages/airflow/example_dags/example_latest_only.py took 0.249 seconds
[2023-12-15T11:54:33.463+0000] {processor.py:157} INFO - Started process (PID=1791) to work on /home/airflow/.local/lib/python3.8/site-packages/airflow/example_dags/example_latest_only.py
[2023-12-15T11:54:33.468+0000] {processor.py:829} INFO - Processing file /home/airflow/.local/lib/python3.8/site-packages/airflow/example_dags/example_latest_only.py for tasks to queue
[2023-12-15T11:54:33.474+0000] {logging_mixin.py:154} INFO - [2023-12-15T11:54:33.473+0000] {dagbag.py:536} INFO - Filling up the DagBag from /home/airflow/.local/lib/python3.8/site-packages/airflow/example_dags/example_latest_only.py
[2023-12-15T11:54:33.491+0000] {processor.py:839} INFO - DAG(s) dict_keys(['latest_only']) retrieved from /home/airflow/.local/lib/python3.8/site-packages/airflow/example_dags/example_latest_only.py
[2023-12-15T11:54:33.535+0000] {logging_mixin.py:154} INFO - [2023-12-15T11:54:33.534+0000] {dag.py:2941} INFO - Sync 1 DAGs
[2023-12-15T11:54:33.561+0000] {logging_mixin.py:154} INFO - [2023-12-15T11:54:33.561+0000] {dag.py:3722} INFO - Setting next_dagrun for latest_only to 2023-12-15T07:54:33.560966+00:00, run_after=2023-12-15T11:54:33.560966+00:00
[2023-12-15T11:54:33.585+0000] {processor.py:179} INFO - Processing /home/airflow/.local/lib/python3.8/site-packages/airflow/example_dags/example_latest_only.py took 0.127 seconds
[2023-12-15T11:55:03.711+0000] {processor.py:157} INFO - Started process (PID=1845) to work on /home/airflow/.local/lib/python3.8/site-packages/airflow/example_dags/example_latest_only.py
[2023-12-15T11:55:03.713+0000] {processor.py:829} INFO - Processing file /home/airflow/.local/lib/python3.8/site-packages/airflow/example_dags/example_latest_only.py for tasks to queue
[2023-12-15T11:55:03.717+0000] {logging_mixin.py:154} INFO - [2023-12-15T11:55:03.717+0000] {dagbag.py:536} INFO - Filling up the DagBag from /home/airflow/.local/lib/python3.8/site-packages/airflow/example_dags/example_latest_only.py
[2023-12-15T11:55:03.729+0000] {processor.py:839} INFO - DAG(s) dict_keys(['latest_only']) retrieved from /home/airflow/.local/lib/python3.8/site-packages/airflow/example_dags/example_latest_only.py
[2023-12-15T11:55:03.788+0000] {logging_mixin.py:154} INFO - [2023-12-15T11:55:03.788+0000] {dag.py:2941} INFO - Sync 1 DAGs
[2023-12-15T11:55:03.843+0000] {logging_mixin.py:154} INFO - [2023-12-15T11:55:03.843+0000] {dag.py:3722} INFO - Setting next_dagrun for latest_only to 2023-12-15T07:55:03.842682+00:00, run_after=2023-12-15T11:55:03.842682+00:00
[2023-12-15T11:55:03.862+0000] {processor.py:179} INFO - Processing /home/airflow/.local/lib/python3.8/site-packages/airflow/example_dags/example_latest_only.py took 0.166 seconds
[2023-12-15T11:55:35.137+0000] {processor.py:157} INFO - Started process (PID=1899) to work on /home/airflow/.local/lib/python3.8/site-packages/airflow/example_dags/example_latest_only.py
[2023-12-15T11:55:35.139+0000] {processor.py:829} INFO - Processing file /home/airflow/.local/lib/python3.8/site-packages/airflow/example_dags/example_latest_only.py for tasks to queue
[2023-12-15T11:55:35.143+0000] {logging_mixin.py:154} INFO - [2023-12-15T11:55:35.143+0000] {dagbag.py:536} INFO - Filling up the DagBag from /home/airflow/.local/lib/python3.8/site-packages/airflow/example_dags/example_latest_only.py
[2023-12-15T11:55:35.156+0000] {processor.py:839} INFO - DAG(s) dict_keys(['latest_only']) retrieved from /home/airflow/.local/lib/python3.8/site-packages/airflow/example_dags/example_latest_only.py
[2023-12-15T11:55:35.197+0000] {logging_mixin.py:154} INFO - [2023-12-15T11:55:35.197+0000] {dag.py:2941} INFO - Sync 1 DAGs
[2023-12-15T11:55:35.219+0000] {logging_mixin.py:154} INFO - [2023-12-15T11:55:35.219+0000] {dag.py:3722} INFO - Setting next_dagrun for latest_only to 2023-12-15T07:55:35.219238+00:00, run_after=2023-12-15T11:55:35.219238+00:00
[2023-12-15T11:55:35.248+0000] {processor.py:179} INFO - Processing /home/airflow/.local/lib/python3.8/site-packages/airflow/example_dags/example_latest_only.py took 0.118 seconds
[2023-12-15T11:56:05.733+0000] {processor.py:157} INFO - Started process (PID=1954) to work on /home/airflow/.local/lib/python3.8/site-packages/airflow/example_dags/example_latest_only.py
[2023-12-15T11:56:05.739+0000] {processor.py:829} INFO - Processing file /home/airflow/.local/lib/python3.8/site-packages/airflow/example_dags/example_latest_only.py for tasks to queue
[2023-12-15T11:56:05.743+0000] {logging_mixin.py:154} INFO - [2023-12-15T11:56:05.743+0000] {dagbag.py:536} INFO - Filling up the DagBag from /home/airflow/.local/lib/python3.8/site-packages/airflow/example_dags/example_latest_only.py
[2023-12-15T11:56:05.751+0000] {processor.py:839} INFO - DAG(s) dict_keys(['latest_only']) retrieved from /home/airflow/.local/lib/python3.8/site-packages/airflow/example_dags/example_latest_only.py
[2023-12-15T11:56:05.787+0000] {logging_mixin.py:154} INFO - [2023-12-15T11:56:05.787+0000] {dag.py:2941} INFO - Sync 1 DAGs
[2023-12-15T11:56:05.817+0000] {logging_mixin.py:154} INFO - [2023-12-15T11:56:05.817+0000] {dag.py:3722} INFO - Setting next_dagrun for latest_only to 2023-12-15T07:56:05.817024+00:00, run_after=2023-12-15T11:56:05.817024+00:00
[2023-12-15T11:56:06.249+0000] {processor.py:179} INFO - Processing /home/airflow/.local/lib/python3.8/site-packages/airflow/example_dags/example_latest_only.py took 0.519 seconds
[2023-12-15T11:56:36.701+0000] {processor.py:157} INFO - Started process (PID=2008) to work on /home/airflow/.local/lib/python3.8/site-packages/airflow/example_dags/example_latest_only.py
[2023-12-15T11:56:36.712+0000] {processor.py:829} INFO - Processing file /home/airflow/.local/lib/python3.8/site-packages/airflow/example_dags/example_latest_only.py for tasks to queue
[2023-12-15T11:56:36.715+0000] {logging_mixin.py:154} INFO - [2023-12-15T11:56:36.715+0000] {dagbag.py:536} INFO - Filling up the DagBag from /home/airflow/.local/lib/python3.8/site-packages/airflow/example_dags/example_latest_only.py
[2023-12-15T11:56:36.725+0000] {processor.py:839} INFO - DAG(s) dict_keys(['latest_only']) retrieved from /home/airflow/.local/lib/python3.8/site-packages/airflow/example_dags/example_latest_only.py
[2023-12-15T11:56:36.773+0000] {logging_mixin.py:154} INFO - [2023-12-15T11:56:36.771+0000] {dag.py:2941} INFO - Sync 1 DAGs
[2023-12-15T11:56:36.833+0000] {logging_mixin.py:154} INFO - [2023-12-15T11:56:36.833+0000] {dag.py:3722} INFO - Setting next_dagrun for latest_only to 2023-12-15T07:56:36.831927+00:00, run_after=2023-12-15T11:56:36.831927+00:00
[2023-12-15T11:56:36.953+0000] {processor.py:179} INFO - Processing /home/airflow/.local/lib/python3.8/site-packages/airflow/example_dags/example_latest_only.py took 0.258 seconds
[2023-12-15T11:57:07.419+0000] {processor.py:157} INFO - Started process (PID=2061) to work on /home/airflow/.local/lib/python3.8/site-packages/airflow/example_dags/example_latest_only.py
[2023-12-15T11:57:07.423+0000] {processor.py:829} INFO - Processing file /home/airflow/.local/lib/python3.8/site-packages/airflow/example_dags/example_latest_only.py for tasks to queue
[2023-12-15T11:57:07.426+0000] {logging_mixin.py:154} INFO - [2023-12-15T11:57:07.425+0000] {dagbag.py:536} INFO - Filling up the DagBag from /home/airflow/.local/lib/python3.8/site-packages/airflow/example_dags/example_latest_only.py
[2023-12-15T11:57:07.432+0000] {processor.py:839} INFO - DAG(s) dict_keys(['latest_only']) retrieved from /home/airflow/.local/lib/python3.8/site-packages/airflow/example_dags/example_latest_only.py
[2023-12-15T11:57:07.478+0000] {logging_mixin.py:154} INFO - [2023-12-15T11:57:07.477+0000] {dag.py:2941} INFO - Sync 1 DAGs
[2023-12-15T11:57:07.503+0000] {logging_mixin.py:154} INFO - [2023-12-15T11:57:07.503+0000] {dag.py:3722} INFO - Setting next_dagrun for latest_only to 2023-12-15T07:57:07.502439+00:00, run_after=2023-12-15T11:57:07.502439+00:00
[2023-12-15T11:57:07.520+0000] {processor.py:179} INFO - Processing /home/airflow/.local/lib/python3.8/site-packages/airflow/example_dags/example_latest_only.py took 0.115 seconds
[2023-12-15T11:57:37.905+0000] {processor.py:157} INFO - Started process (PID=2116) to work on /home/airflow/.local/lib/python3.8/site-packages/airflow/example_dags/example_latest_only.py
[2023-12-15T11:57:37.907+0000] {processor.py:829} INFO - Processing file /home/airflow/.local/lib/python3.8/site-packages/airflow/example_dags/example_latest_only.py for tasks to queue
[2023-12-15T11:57:37.909+0000] {logging_mixin.py:154} INFO - [2023-12-15T11:57:37.909+0000] {dagbag.py:536} INFO - Filling up the DagBag from /home/airflow/.local/lib/python3.8/site-packages/airflow/example_dags/example_latest_only.py
[2023-12-15T11:57:37.916+0000] {processor.py:839} INFO - DAG(s) dict_keys(['latest_only']) retrieved from /home/airflow/.local/lib/python3.8/site-packages/airflow/example_dags/example_latest_only.py
[2023-12-15T11:57:37.943+0000] {logging_mixin.py:154} INFO - [2023-12-15T11:57:37.943+0000] {dag.py:2941} INFO - Sync 1 DAGs
[2023-12-15T11:57:37.965+0000] {logging_mixin.py:154} INFO - [2023-12-15T11:57:37.965+0000] {dag.py:3722} INFO - Setting next_dagrun for latest_only to 2023-12-15T07:57:37.965012+00:00, run_after=2023-12-15T11:57:37.965012+00:00
[2023-12-15T11:57:37.981+0000] {processor.py:179} INFO - Processing /home/airflow/.local/lib/python3.8/site-packages/airflow/example_dags/example_latest_only.py took 0.081 seconds
[2023-12-15T11:58:08.670+0000] {processor.py:157} INFO - Started process (PID=2170) to work on /home/airflow/.local/lib/python3.8/site-packages/airflow/example_dags/example_latest_only.py
[2023-12-15T11:58:08.671+0000] {processor.py:829} INFO - Processing file /home/airflow/.local/lib/python3.8/site-packages/airflow/example_dags/example_latest_only.py for tasks to queue
[2023-12-15T11:58:08.674+0000] {logging_mixin.py:154} INFO - [2023-12-15T11:58:08.673+0000] {dagbag.py:536} INFO - Filling up the DagBag from /home/airflow/.local/lib/python3.8/site-packages/airflow/example_dags/example_latest_only.py
[2023-12-15T11:58:08.679+0000] {processor.py:839} INFO - DAG(s) dict_keys(['latest_only']) retrieved from /home/airflow/.local/lib/python3.8/site-packages/airflow/example_dags/example_latest_only.py
[2023-12-15T11:58:08.713+0000] {logging_mixin.py:154} INFO - [2023-12-15T11:58:08.712+0000] {dag.py:2941} INFO - Sync 1 DAGs
[2023-12-15T11:58:08.748+0000] {logging_mixin.py:154} INFO - [2023-12-15T11:58:08.748+0000] {dag.py:3722} INFO - Setting next_dagrun for latest_only to 2023-12-15T07:58:08.747879+00:00, run_after=2023-12-15T11:58:08.747879+00:00
[2023-12-15T11:58:08.760+0000] {processor.py:179} INFO - Processing /home/airflow/.local/lib/python3.8/site-packages/airflow/example_dags/example_latest_only.py took 0.094 seconds
[2023-12-15T11:58:39.116+0000] {processor.py:157} INFO - Started process (PID=2224) to work on /home/airflow/.local/lib/python3.8/site-packages/airflow/example_dags/example_latest_only.py
[2023-12-15T11:58:39.119+0000] {processor.py:829} INFO - Processing file /home/airflow/.local/lib/python3.8/site-packages/airflow/example_dags/example_latest_only.py for tasks to queue
[2023-12-15T11:58:39.127+0000] {logging_mixin.py:154} INFO - [2023-12-15T11:58:39.127+0000] {dagbag.py:536} INFO - Filling up the DagBag from /home/airflow/.local/lib/python3.8/site-packages/airflow/example_dags/example_latest_only.py
[2023-12-15T11:58:39.145+0000] {processor.py:839} INFO - DAG(s) dict_keys(['latest_only']) retrieved from /home/airflow/.local/lib/python3.8/site-packages/airflow/example_dags/example_latest_only.py
[2023-12-15T11:58:39.236+0000] {logging_mixin.py:154} INFO - [2023-12-15T11:58:39.236+0000] {dag.py:2941} INFO - Sync 1 DAGs
[2023-12-15T11:58:39.265+0000] {logging_mixin.py:154} INFO - [2023-12-15T11:58:39.265+0000] {dag.py:3722} INFO - Setting next_dagrun for latest_only to 2023-12-15T07:58:39.264507+00:00, run_after=2023-12-15T11:58:39.264507+00:00
[2023-12-15T11:58:39.311+0000] {processor.py:179} INFO - Processing /home/airflow/.local/lib/python3.8/site-packages/airflow/example_dags/example_latest_only.py took 0.214 seconds
[2023-12-15T11:59:09.629+0000] {processor.py:157} INFO - Started process (PID=2277) to work on /home/airflow/.local/lib/python3.8/site-packages/airflow/example_dags/example_latest_only.py
[2023-12-15T11:59:09.633+0000] {processor.py:829} INFO - Processing file /home/airflow/.local/lib/python3.8/site-packages/airflow/example_dags/example_latest_only.py for tasks to queue
[2023-12-15T11:59:09.639+0000] {logging_mixin.py:154} INFO - [2023-12-15T11:59:09.638+0000] {dagbag.py:536} INFO - Filling up the DagBag from /home/airflow/.local/lib/python3.8/site-packages/airflow/example_dags/example_latest_only.py
[2023-12-15T11:59:09.650+0000] {processor.py:839} INFO - DAG(s) dict_keys(['latest_only']) retrieved from /home/airflow/.local/lib/python3.8/site-packages/airflow/example_dags/example_latest_only.py
[2023-12-15T11:59:09.705+0000] {logging_mixin.py:154} INFO - [2023-12-15T11:59:09.704+0000] {dag.py:2941} INFO - Sync 1 DAGs
[2023-12-15T11:59:09.758+0000] {logging_mixin.py:154} INFO - [2023-12-15T11:59:09.758+0000] {dag.py:3722} INFO - Setting next_dagrun for latest_only to 2023-12-15T07:59:09.757587+00:00, run_after=2023-12-15T11:59:09.757587+00:00
[2023-12-15T11:59:09.892+0000] {processor.py:179} INFO - Processing /home/airflow/.local/lib/python3.8/site-packages/airflow/example_dags/example_latest_only.py took 0.274 seconds
[2023-12-15T11:59:40.125+0000] {processor.py:157} INFO - Started process (PID=2327) to work on /home/airflow/.local/lib/python3.8/site-packages/airflow/example_dags/example_latest_only.py
[2023-12-15T11:59:40.126+0000] {processor.py:829} INFO - Processing file /home/airflow/.local/lib/python3.8/site-packages/airflow/example_dags/example_latest_only.py for tasks to queue
[2023-12-15T11:59:40.129+0000] {logging_mixin.py:154} INFO - [2023-12-15T11:59:40.128+0000] {dagbag.py:536} INFO - Filling up the DagBag from /home/airflow/.local/lib/python3.8/site-packages/airflow/example_dags/example_latest_only.py
[2023-12-15T11:59:40.133+0000] {processor.py:839} INFO - DAG(s) dict_keys(['latest_only']) retrieved from /home/airflow/.local/lib/python3.8/site-packages/airflow/example_dags/example_latest_only.py
[2023-12-15T11:59:40.164+0000] {logging_mixin.py:154} INFO - [2023-12-15T11:59:40.164+0000] {dag.py:2941} INFO - Sync 1 DAGs
[2023-12-15T11:59:40.198+0000] {logging_mixin.py:154} INFO - [2023-12-15T11:59:40.198+0000] {dag.py:3722} INFO - Setting next_dagrun for latest_only to 2023-12-15T07:59:40.197587+00:00, run_after=2023-12-15T11:59:40.197587+00:00
[2023-12-15T11:59:40.224+0000] {processor.py:179} INFO - Processing /home/airflow/.local/lib/python3.8/site-packages/airflow/example_dags/example_latest_only.py took 0.103 seconds
[2023-12-15T12:00:12.111+0000] {processor.py:157} INFO - Started process (PID=2384) to work on /home/airflow/.local/lib/python3.8/site-packages/airflow/example_dags/example_latest_only.py
[2023-12-15T12:00:12.128+0000] {processor.py:829} INFO - Processing file /home/airflow/.local/lib/python3.8/site-packages/airflow/example_dags/example_latest_only.py for tasks to queue
[2023-12-15T12:00:12.145+0000] {logging_mixin.py:154} INFO - [2023-12-15T12:00:12.144+0000] {dagbag.py:536} INFO - Filling up the DagBag from /home/airflow/.local/lib/python3.8/site-packages/airflow/example_dags/example_latest_only.py
[2023-12-15T12:00:12.163+0000] {processor.py:839} INFO - DAG(s) dict_keys(['latest_only']) retrieved from /home/airflow/.local/lib/python3.8/site-packages/airflow/example_dags/example_latest_only.py
[2023-12-15T12:00:12.230+0000] {logging_mixin.py:154} INFO - [2023-12-15T12:00:12.229+0000] {dag.py:2941} INFO - Sync 1 DAGs
[2023-12-15T12:00:12.289+0000] {logging_mixin.py:154} INFO - [2023-12-15T12:00:12.289+0000] {dag.py:3722} INFO - Setting next_dagrun for latest_only to 2023-12-15T08:00:12.288467+00:00, run_after=2023-12-15T12:00:12.288467+00:00
[2023-12-15T12:00:12.332+0000] {processor.py:179} INFO - Processing /home/airflow/.local/lib/python3.8/site-packages/airflow/example_dags/example_latest_only.py took 0.237 seconds
[2023-12-15T12:00:42.522+0000] {processor.py:157} INFO - Started process (PID=2437) to work on /home/airflow/.local/lib/python3.8/site-packages/airflow/example_dags/example_latest_only.py
[2023-12-15T12:00:42.526+0000] {processor.py:829} INFO - Processing file /home/airflow/.local/lib/python3.8/site-packages/airflow/example_dags/example_latest_only.py for tasks to queue
[2023-12-15T12:00:42.532+0000] {logging_mixin.py:154} INFO - [2023-12-15T12:00:42.532+0000] {dagbag.py:536} INFO - Filling up the DagBag from /home/airflow/.local/lib/python3.8/site-packages/airflow/example_dags/example_latest_only.py
[2023-12-15T12:00:42.548+0000] {processor.py:839} INFO - DAG(s) dict_keys(['latest_only']) retrieved from /home/airflow/.local/lib/python3.8/site-packages/airflow/example_dags/example_latest_only.py
[2023-12-15T12:00:42.577+0000] {logging_mixin.py:154} INFO - [2023-12-15T12:00:42.576+0000] {dag.py:2941} INFO - Sync 1 DAGs
[2023-12-15T12:00:42.620+0000] {logging_mixin.py:154} INFO - [2023-12-15T12:00:42.619+0000] {dag.py:3722} INFO - Setting next_dagrun for latest_only to 2023-12-15T08:00:42.618792+00:00, run_after=2023-12-15T12:00:42.618792+00:00
[2023-12-15T12:00:42.635+0000] {processor.py:179} INFO - Processing /home/airflow/.local/lib/python3.8/site-packages/airflow/example_dags/example_latest_only.py took 0.119 seconds
[2023-12-15T12:01:12.874+0000] {processor.py:157} INFO - Started process (PID=2483) to work on /home/airflow/.local/lib/python3.8/site-packages/airflow/example_dags/example_latest_only.py
[2023-12-15T12:01:12.883+0000] {processor.py:829} INFO - Processing file /home/airflow/.local/lib/python3.8/site-packages/airflow/example_dags/example_latest_only.py for tasks to queue
[2023-12-15T12:01:12.889+0000] {logging_mixin.py:154} INFO - [2023-12-15T12:01:12.889+0000] {dagbag.py:536} INFO - Filling up the DagBag from /home/airflow/.local/lib/python3.8/site-packages/airflow/example_dags/example_latest_only.py
[2023-12-15T12:01:12.900+0000] {processor.py:839} INFO - DAG(s) dict_keys(['latest_only']) retrieved from /home/airflow/.local/lib/python3.8/site-packages/airflow/example_dags/example_latest_only.py
[2023-12-15T12:01:12.924+0000] {logging_mixin.py:154} INFO - [2023-12-15T12:01:12.924+0000] {dag.py:2941} INFO - Sync 1 DAGs
[2023-12-15T12:01:12.951+0000] {logging_mixin.py:154} INFO - [2023-12-15T12:01:12.951+0000] {dag.py:3722} INFO - Setting next_dagrun for latest_only to 2023-12-15T08:01:12.951108+00:00, run_after=2023-12-15T12:01:12.951108+00:00
[2023-12-15T12:01:12.961+0000] {processor.py:179} INFO - Processing /home/airflow/.local/lib/python3.8/site-packages/airflow/example_dags/example_latest_only.py took 0.092 seconds
[2023-12-15T12:01:43.952+0000] {processor.py:157} INFO - Started process (PID=2544) to work on /home/airflow/.local/lib/python3.8/site-packages/airflow/example_dags/example_latest_only.py
[2023-12-15T12:01:43.959+0000] {processor.py:829} INFO - Processing file /home/airflow/.local/lib/python3.8/site-packages/airflow/example_dags/example_latest_only.py for tasks to queue
[2023-12-15T12:01:43.965+0000] {logging_mixin.py:154} INFO - [2023-12-15T12:01:43.964+0000] {dagbag.py:536} INFO - Filling up the DagBag from /home/airflow/.local/lib/python3.8/site-packages/airflow/example_dags/example_latest_only.py
[2023-12-15T12:01:44.029+0000] {processor.py:839} INFO - DAG(s) dict_keys(['latest_only']) retrieved from /home/airflow/.local/lib/python3.8/site-packages/airflow/example_dags/example_latest_only.py
[2023-12-15T12:01:44.190+0000] {logging_mixin.py:154} INFO - [2023-12-15T12:01:44.190+0000] {dag.py:2941} INFO - Sync 1 DAGs
[2023-12-15T12:01:44.388+0000] {logging_mixin.py:154} INFO - [2023-12-15T12:01:44.387+0000] {dag.py:3722} INFO - Setting next_dagrun for latest_only to 2023-12-15T08:01:44.385008+00:00, run_after=2023-12-15T12:01:44.385008+00:00
[2023-12-15T12:01:44.613+0000] {processor.py:179} INFO - Processing /home/airflow/.local/lib/python3.8/site-packages/airflow/example_dags/example_latest_only.py took 0.665 seconds
[2023-12-15T12:02:14.967+0000] {processor.py:157} INFO - Started process (PID=2598) to work on /home/airflow/.local/lib/python3.8/site-packages/airflow/example_dags/example_latest_only.py
[2023-12-15T12:02:14.973+0000] {processor.py:829} INFO - Processing file /home/airflow/.local/lib/python3.8/site-packages/airflow/example_dags/example_latest_only.py for tasks to queue
[2023-12-15T12:02:14.982+0000] {logging_mixin.py:154} INFO - [2023-12-15T12:02:14.980+0000] {dagbag.py:536} INFO - Filling up the DagBag from /home/airflow/.local/lib/python3.8/site-packages/airflow/example_dags/example_latest_only.py
[2023-12-15T12:02:15.009+0000] {processor.py:839} INFO - DAG(s) dict_keys(['latest_only']) retrieved from /home/airflow/.local/lib/python3.8/site-packages/airflow/example_dags/example_latest_only.py
[2023-12-15T12:02:15.058+0000] {logging_mixin.py:154} INFO - [2023-12-15T12:02:15.057+0000] {dag.py:2941} INFO - Sync 1 DAGs
[2023-12-15T12:02:15.165+0000] {logging_mixin.py:154} INFO - [2023-12-15T12:02:15.165+0000] {dag.py:3722} INFO - Setting next_dagrun for latest_only to 2023-12-15T08:02:15.162943+00:00, run_after=2023-12-15T12:02:15.162943+00:00
[2023-12-15T12:02:15.197+0000] {processor.py:179} INFO - Processing /home/airflow/.local/lib/python3.8/site-packages/airflow/example_dags/example_latest_only.py took 0.235 seconds
[2023-12-15T12:02:45.503+0000] {processor.py:157} INFO - Started process (PID=2652) to work on /home/airflow/.local/lib/python3.8/site-packages/airflow/example_dags/example_latest_only.py
[2023-12-15T12:02:45.507+0000] {processor.py:829} INFO - Processing file /home/airflow/.local/lib/python3.8/site-packages/airflow/example_dags/example_latest_only.py for tasks to queue
[2023-12-15T12:02:45.514+0000] {logging_mixin.py:154} INFO - [2023-12-15T12:02:45.513+0000] {dagbag.py:536} INFO - Filling up the DagBag from /home/airflow/.local/lib/python3.8/site-packages/airflow/example_dags/example_latest_only.py
[2023-12-15T12:02:45.521+0000] {processor.py:839} INFO - DAG(s) dict_keys(['latest_only']) retrieved from /home/airflow/.local/lib/python3.8/site-packages/airflow/example_dags/example_latest_only.py
[2023-12-15T12:02:45.542+0000] {logging_mixin.py:154} INFO - [2023-12-15T12:02:45.542+0000] {dag.py:2941} INFO - Sync 1 DAGs
[2023-12-15T12:02:45.558+0000] {logging_mixin.py:154} INFO - [2023-12-15T12:02:45.558+0000] {dag.py:3722} INFO - Setting next_dagrun for latest_only to 2023-12-15T08:02:45.558685+00:00, run_after=2023-12-15T12:02:45.558685+00:00
[2023-12-15T12:02:45.572+0000] {processor.py:179} INFO - Processing /home/airflow/.local/lib/python3.8/site-packages/airflow/example_dags/example_latest_only.py took 0.077 seconds
[2023-12-15T12:03:17.134+0000] {processor.py:157} INFO - Started process (PID=2707) to work on /home/airflow/.local/lib/python3.8/site-packages/airflow/example_dags/example_latest_only.py
[2023-12-15T12:03:17.281+0000] {processor.py:829} INFO - Processing file /home/airflow/.local/lib/python3.8/site-packages/airflow/example_dags/example_latest_only.py for tasks to queue
[2023-12-15T12:03:17.298+0000] {logging_mixin.py:154} INFO - [2023-12-15T12:03:17.296+0000] {dagbag.py:536} INFO - Filling up the DagBag from /home/airflow/.local/lib/python3.8/site-packages/airflow/example_dags/example_latest_only.py
[2023-12-15T12:03:17.351+0000] {processor.py:839} INFO - DAG(s) dict_keys(['latest_only']) retrieved from /home/airflow/.local/lib/python3.8/site-packages/airflow/example_dags/example_latest_only.py
[2023-12-15T12:03:17.485+0000] {logging_mixin.py:154} INFO - [2023-12-15T12:03:17.485+0000] {dag.py:2941} INFO - Sync 1 DAGs
[2023-12-15T12:03:17.527+0000] {logging_mixin.py:154} INFO - [2023-12-15T12:03:17.527+0000] {dag.py:3722} INFO - Setting next_dagrun for latest_only to 2023-12-15T08:03:17.525755+00:00, run_after=2023-12-15T12:03:17.525755+00:00
[2023-12-15T12:03:17.575+0000] {processor.py:179} INFO - Processing /home/airflow/.local/lib/python3.8/site-packages/airflow/example_dags/example_latest_only.py took 0.451 seconds
[2023-12-15T12:03:48.124+0000] {processor.py:157} INFO - Started process (PID=2760) to work on /home/airflow/.local/lib/python3.8/site-packages/airflow/example_dags/example_latest_only.py
[2023-12-15T12:03:48.128+0000] {processor.py:829} INFO - Processing file /home/airflow/.local/lib/python3.8/site-packages/airflow/example_dags/example_latest_only.py for tasks to queue
[2023-12-15T12:03:48.133+0000] {logging_mixin.py:154} INFO - [2023-12-15T12:03:48.132+0000] {dagbag.py:536} INFO - Filling up the DagBag from /home/airflow/.local/lib/python3.8/site-packages/airflow/example_dags/example_latest_only.py
[2023-12-15T12:03:48.150+0000] {processor.py:839} INFO - DAG(s) dict_keys(['latest_only']) retrieved from /home/airflow/.local/lib/python3.8/site-packages/airflow/example_dags/example_latest_only.py
[2023-12-15T12:03:48.211+0000] {logging_mixin.py:154} INFO - [2023-12-15T12:03:48.211+0000] {dag.py:2941} INFO - Sync 1 DAGs
[2023-12-15T12:03:48.257+0000] {logging_mixin.py:154} INFO - [2023-12-15T12:03:48.256+0000] {dag.py:3722} INFO - Setting next_dagrun for latest_only to 2023-12-15T08:03:48.254439+00:00, run_after=2023-12-15T12:03:48.254439+00:00
[2023-12-15T12:03:48.292+0000] {processor.py:179} INFO - Processing /home/airflow/.local/lib/python3.8/site-packages/airflow/example_dags/example_latest_only.py took 0.178 seconds
[2023-12-15T12:04:19.922+0000] {processor.py:157} INFO - Started process (PID=2815) to work on /home/airflow/.local/lib/python3.8/site-packages/airflow/example_dags/example_latest_only.py
[2023-12-15T12:04:19.937+0000] {processor.py:829} INFO - Processing file /home/airflow/.local/lib/python3.8/site-packages/airflow/example_dags/example_latest_only.py for tasks to queue
[2023-12-15T12:04:19.956+0000] {logging_mixin.py:154} INFO - [2023-12-15T12:04:19.955+0000] {dagbag.py:536} INFO - Filling up the DagBag from /home/airflow/.local/lib/python3.8/site-packages/airflow/example_dags/example_latest_only.py
[2023-12-15T12:04:19.984+0000] {processor.py:839} INFO - DAG(s) dict_keys(['latest_only']) retrieved from /home/airflow/.local/lib/python3.8/site-packages/airflow/example_dags/example_latest_only.py
[2023-12-15T12:04:20.081+0000] {logging_mixin.py:154} INFO - [2023-12-15T12:04:20.080+0000] {dag.py:2941} INFO - Sync 1 DAGs
[2023-12-15T12:04:20.364+0000] {logging_mixin.py:154} INFO - [2023-12-15T12:04:20.362+0000] {dag.py:3722} INFO - Setting next_dagrun for latest_only to 2023-12-15T08:04:20.355017+00:00, run_after=2023-12-15T12:04:20.355017+00:00
[2023-12-15T12:04:20.454+0000] {processor.py:179} INFO - Processing /home/airflow/.local/lib/python3.8/site-packages/airflow/example_dags/example_latest_only.py took 0.537 seconds
[2023-12-15T12:04:50.855+0000] {processor.py:157} INFO - Started process (PID=2868) to work on /home/airflow/.local/lib/python3.8/site-packages/airflow/example_dags/example_latest_only.py
[2023-12-15T12:04:50.857+0000] {processor.py:829} INFO - Processing file /home/airflow/.local/lib/python3.8/site-packages/airflow/example_dags/example_latest_only.py for tasks to queue
[2023-12-15T12:04:50.861+0000] {logging_mixin.py:154} INFO - [2023-12-15T12:04:50.860+0000] {dagbag.py:536} INFO - Filling up the DagBag from /home/airflow/.local/lib/python3.8/site-packages/airflow/example_dags/example_latest_only.py
[2023-12-15T12:04:50.868+0000] {processor.py:839} INFO - DAG(s) dict_keys(['latest_only']) retrieved from /home/airflow/.local/lib/python3.8/site-packages/airflow/example_dags/example_latest_only.py
[2023-12-15T12:04:50.899+0000] {logging_mixin.py:154} INFO - [2023-12-15T12:04:50.899+0000] {dag.py:2941} INFO - Sync 1 DAGs
[2023-12-15T12:04:50.921+0000] {logging_mixin.py:154} INFO - [2023-12-15T12:04:50.920+0000] {dag.py:3722} INFO - Setting next_dagrun for latest_only to 2023-12-15T08:04:50.920184+00:00, run_after=2023-12-15T12:04:50.920184+00:00
[2023-12-15T12:04:50.944+0000] {processor.py:179} INFO - Processing /home/airflow/.local/lib/python3.8/site-packages/airflow/example_dags/example_latest_only.py took 0.093 seconds
[2023-12-15T12:05:21.616+0000] {processor.py:157} INFO - Started process (PID=2916) to work on /home/airflow/.local/lib/python3.8/site-packages/airflow/example_dags/example_latest_only.py
[2023-12-15T12:05:21.623+0000] {processor.py:829} INFO - Processing file /home/airflow/.local/lib/python3.8/site-packages/airflow/example_dags/example_latest_only.py for tasks to queue
[2023-12-15T12:05:21.625+0000] {logging_mixin.py:154} INFO - [2023-12-15T12:05:21.625+0000] {dagbag.py:536} INFO - Filling up the DagBag from /home/airflow/.local/lib/python3.8/site-packages/airflow/example_dags/example_latest_only.py
[2023-12-15T12:05:21.635+0000] {processor.py:839} INFO - DAG(s) dict_keys(['latest_only']) retrieved from /home/airflow/.local/lib/python3.8/site-packages/airflow/example_dags/example_latest_only.py
[2023-12-15T12:05:21.684+0000] {logging_mixin.py:154} INFO - [2023-12-15T12:05:21.684+0000] {dag.py:2941} INFO - Sync 1 DAGs
[2023-12-15T12:05:21.720+0000] {logging_mixin.py:154} INFO - [2023-12-15T12:05:21.719+0000] {dag.py:3722} INFO - Setting next_dagrun for latest_only to 2023-12-15T08:05:21.719217+00:00, run_after=2023-12-15T12:05:21.719217+00:00
[2023-12-15T12:05:21.795+0000] {processor.py:179} INFO - Processing /home/airflow/.local/lib/python3.8/site-packages/airflow/example_dags/example_latest_only.py took 0.183 seconds
[2023-12-15T12:05:52.982+0000] {processor.py:157} INFO - Started process (PID=2970) to work on /home/airflow/.local/lib/python3.8/site-packages/airflow/example_dags/example_latest_only.py
[2023-12-15T12:05:52.987+0000] {processor.py:829} INFO - Processing file /home/airflow/.local/lib/python3.8/site-packages/airflow/example_dags/example_latest_only.py for tasks to queue
[2023-12-15T12:05:53.006+0000] {logging_mixin.py:154} INFO - [2023-12-15T12:05:53.006+0000] {dagbag.py:536} INFO - Filling up the DagBag from /home/airflow/.local/lib/python3.8/site-packages/airflow/example_dags/example_latest_only.py
[2023-12-15T12:05:53.021+0000] {processor.py:839} INFO - DAG(s) dict_keys(['latest_only']) retrieved from /home/airflow/.local/lib/python3.8/site-packages/airflow/example_dags/example_latest_only.py
[2023-12-15T12:05:53.119+0000] {logging_mixin.py:154} INFO - [2023-12-15T12:05:53.118+0000] {dag.py:2941} INFO - Sync 1 DAGs
[2023-12-15T12:05:53.191+0000] {logging_mixin.py:154} INFO - [2023-12-15T12:05:53.190+0000] {dag.py:3722} INFO - Setting next_dagrun for latest_only to 2023-12-15T08:05:53.189982+00:00, run_after=2023-12-15T12:05:53.189982+00:00
[2023-12-15T12:05:53.225+0000] {processor.py:179} INFO - Processing /home/airflow/.local/lib/python3.8/site-packages/airflow/example_dags/example_latest_only.py took 0.251 seconds
[2023-12-15T12:06:24.935+0000] {processor.py:157} INFO - Started process (PID=3031) to work on /home/airflow/.local/lib/python3.8/site-packages/airflow/example_dags/example_latest_only.py
[2023-12-15T12:06:24.938+0000] {processor.py:829} INFO - Processing file /home/airflow/.local/lib/python3.8/site-packages/airflow/example_dags/example_latest_only.py for tasks to queue
[2023-12-15T12:06:24.940+0000] {logging_mixin.py:154} INFO - [2023-12-15T12:06:24.940+0000] {dagbag.py:536} INFO - Filling up the DagBag from /home/airflow/.local/lib/python3.8/site-packages/airflow/example_dags/example_latest_only.py
[2023-12-15T12:06:24.947+0000] {processor.py:839} INFO - DAG(s) dict_keys(['latest_only']) retrieved from /home/airflow/.local/lib/python3.8/site-packages/airflow/example_dags/example_latest_only.py
[2023-12-15T12:06:24.973+0000] {logging_mixin.py:154} INFO - [2023-12-15T12:06:24.973+0000] {dag.py:2941} INFO - Sync 1 DAGs
[2023-12-15T12:06:25.064+0000] {logging_mixin.py:154} INFO - [2023-12-15T12:06:25.064+0000] {dag.py:3722} INFO - Setting next_dagrun for latest_only to 2023-12-15T08:06:25.063900+00:00, run_after=2023-12-15T12:06:25.063900+00:00
[2023-12-15T12:06:25.085+0000] {processor.py:179} INFO - Processing /home/airflow/.local/lib/python3.8/site-packages/airflow/example_dags/example_latest_only.py took 0.159 seconds
[2023-12-15T12:06:55.771+0000] {processor.py:157} INFO - Started process (PID=3082) to work on /home/airflow/.local/lib/python3.8/site-packages/airflow/example_dags/example_latest_only.py
[2023-12-15T12:06:55.773+0000] {processor.py:829} INFO - Processing file /home/airflow/.local/lib/python3.8/site-packages/airflow/example_dags/example_latest_only.py for tasks to queue
[2023-12-15T12:06:55.778+0000] {logging_mixin.py:154} INFO - [2023-12-15T12:06:55.778+0000] {dagbag.py:536} INFO - Filling up the DagBag from /home/airflow/.local/lib/python3.8/site-packages/airflow/example_dags/example_latest_only.py
[2023-12-15T12:06:55.799+0000] {processor.py:839} INFO - DAG(s) dict_keys(['latest_only']) retrieved from /home/airflow/.local/lib/python3.8/site-packages/airflow/example_dags/example_latest_only.py
[2023-12-15T12:06:55.856+0000] {logging_mixin.py:154} INFO - [2023-12-15T12:06:55.856+0000] {dag.py:2941} INFO - Sync 1 DAGs
[2023-12-15T12:06:55.893+0000] {logging_mixin.py:154} INFO - [2023-12-15T12:06:55.893+0000] {dag.py:3722} INFO - Setting next_dagrun for latest_only to 2023-12-15T08:06:55.892742+00:00, run_after=2023-12-15T12:06:55.892742+00:00
[2023-12-15T12:06:56.057+0000] {processor.py:179} INFO - Processing /home/airflow/.local/lib/python3.8/site-packages/airflow/example_dags/example_latest_only.py took 0.292 seconds
[2023-12-15T12:07:26.298+0000] {processor.py:157} INFO - Started process (PID=3130) to work on /home/airflow/.local/lib/python3.8/site-packages/airflow/example_dags/example_latest_only.py
[2023-12-15T12:07:26.299+0000] {processor.py:829} INFO - Processing file /home/airflow/.local/lib/python3.8/site-packages/airflow/example_dags/example_latest_only.py for tasks to queue
[2023-12-15T12:07:26.304+0000] {logging_mixin.py:154} INFO - [2023-12-15T12:07:26.303+0000] {dagbag.py:536} INFO - Filling up the DagBag from /home/airflow/.local/lib/python3.8/site-packages/airflow/example_dags/example_latest_only.py
[2023-12-15T12:07:26.311+0000] {processor.py:839} INFO - DAG(s) dict_keys(['latest_only']) retrieved from /home/airflow/.local/lib/python3.8/site-packages/airflow/example_dags/example_latest_only.py
[2023-12-15T12:07:26.338+0000] {logging_mixin.py:154} INFO - [2023-12-15T12:07:26.338+0000] {dag.py:2941} INFO - Sync 1 DAGs
[2023-12-15T12:07:26.359+0000] {logging_mixin.py:154} INFO - [2023-12-15T12:07:26.359+0000] {dag.py:3722} INFO - Setting next_dagrun for latest_only to 2023-12-15T08:07:26.358942+00:00, run_after=2023-12-15T12:07:26.358942+00:00
[2023-12-15T12:07:26.379+0000] {processor.py:179} INFO - Processing /home/airflow/.local/lib/python3.8/site-packages/airflow/example_dags/example_latest_only.py took 0.086 seconds
[2023-12-15T12:07:56.916+0000] {processor.py:157} INFO - Started process (PID=3184) to work on /home/airflow/.local/lib/python3.8/site-packages/airflow/example_dags/example_latest_only.py
[2023-12-15T12:07:56.964+0000] {processor.py:829} INFO - Processing file /home/airflow/.local/lib/python3.8/site-packages/airflow/example_dags/example_latest_only.py for tasks to queue
[2023-12-15T12:07:56.982+0000] {logging_mixin.py:154} INFO - [2023-12-15T12:07:56.982+0000] {dagbag.py:536} INFO - Filling up the DagBag from /home/airflow/.local/lib/python3.8/site-packages/airflow/example_dags/example_latest_only.py
[2023-12-15T12:07:57.003+0000] {processor.py:839} INFO - DAG(s) dict_keys(['latest_only']) retrieved from /home/airflow/.local/lib/python3.8/site-packages/airflow/example_dags/example_latest_only.py
[2023-12-15T12:07:57.297+0000] {logging_mixin.py:154} INFO - [2023-12-15T12:07:57.296+0000] {dag.py:2941} INFO - Sync 1 DAGs
[2023-12-15T12:07:57.378+0000] {logging_mixin.py:154} INFO - [2023-12-15T12:07:57.377+0000] {dag.py:3722} INFO - Setting next_dagrun for latest_only to 2023-12-15T08:07:57.374781+00:00, run_after=2023-12-15T12:07:57.374781+00:00
[2023-12-15T12:07:57.498+0000] {processor.py:179} INFO - Processing /home/airflow/.local/lib/python3.8/site-packages/airflow/example_dags/example_latest_only.py took 0.616 seconds
[2023-12-15T12:08:28.561+0000] {processor.py:157} INFO - Started process (PID=3244) to work on /home/airflow/.local/lib/python3.8/site-packages/airflow/example_dags/example_latest_only.py
[2023-12-15T12:08:28.565+0000] {processor.py:829} INFO - Processing file /home/airflow/.local/lib/python3.8/site-packages/airflow/example_dags/example_latest_only.py for tasks to queue
[2023-12-15T12:08:28.589+0000] {logging_mixin.py:154} INFO - [2023-12-15T12:08:28.583+0000] {dagbag.py:536} INFO - Filling up the DagBag from /home/airflow/.local/lib/python3.8/site-packages/airflow/example_dags/example_latest_only.py
[2023-12-15T12:08:28.626+0000] {processor.py:839} INFO - DAG(s) dict_keys(['latest_only']) retrieved from /home/airflow/.local/lib/python3.8/site-packages/airflow/example_dags/example_latest_only.py
[2023-12-15T12:08:28.674+0000] {logging_mixin.py:154} INFO - [2023-12-15T12:08:28.674+0000] {dag.py:2941} INFO - Sync 1 DAGs
[2023-12-15T12:08:28.712+0000] {logging_mixin.py:154} INFO - [2023-12-15T12:08:28.712+0000] {dag.py:3722} INFO - Setting next_dagrun for latest_only to 2023-12-15T08:08:28.711173+00:00, run_after=2023-12-15T12:08:28.711173+00:00
[2023-12-15T12:08:28.763+0000] {processor.py:179} INFO - Processing /home/airflow/.local/lib/python3.8/site-packages/airflow/example_dags/example_latest_only.py took 0.219 seconds
[2023-12-15T12:08:59.879+0000] {processor.py:157} INFO - Started process (PID=3288) to work on /home/airflow/.local/lib/python3.8/site-packages/airflow/example_dags/example_latest_only.py
[2023-12-15T12:08:59.891+0000] {processor.py:829} INFO - Processing file /home/airflow/.local/lib/python3.8/site-packages/airflow/example_dags/example_latest_only.py for tasks to queue
[2023-12-15T12:08:59.922+0000] {logging_mixin.py:154} INFO - [2023-12-15T12:08:59.921+0000] {dagbag.py:536} INFO - Filling up the DagBag from /home/airflow/.local/lib/python3.8/site-packages/airflow/example_dags/example_latest_only.py
[2023-12-15T12:09:00.014+0000] {processor.py:839} INFO - DAG(s) dict_keys(['latest_only']) retrieved from /home/airflow/.local/lib/python3.8/site-packages/airflow/example_dags/example_latest_only.py
[2023-12-15T12:09:00.155+0000] {logging_mixin.py:154} INFO - [2023-12-15T12:09:00.154+0000] {dag.py:2941} INFO - Sync 1 DAGs
[2023-12-15T12:09:00.185+0000] {logging_mixin.py:154} INFO - [2023-12-15T12:09:00.185+0000] {dag.py:3722} INFO - Setting next_dagrun for latest_only to 2023-12-15T08:09:00.185336+00:00, run_after=2023-12-15T12:09:00.185336+00:00
[2023-12-15T12:09:00.239+0000] {processor.py:179} INFO - Processing /home/airflow/.local/lib/python3.8/site-packages/airflow/example_dags/example_latest_only.py took 0.375 seconds
[2023-12-15T12:09:30.848+0000] {processor.py:157} INFO - Started process (PID=3342) to work on /home/airflow/.local/lib/python3.8/site-packages/airflow/example_dags/example_latest_only.py
[2023-12-15T12:09:30.852+0000] {processor.py:829} INFO - Processing file /home/airflow/.local/lib/python3.8/site-packages/airflow/example_dags/example_latest_only.py for tasks to queue
[2023-12-15T12:09:30.855+0000] {logging_mixin.py:154} INFO - [2023-12-15T12:09:30.855+0000] {dagbag.py:536} INFO - Filling up the DagBag from /home/airflow/.local/lib/python3.8/site-packages/airflow/example_dags/example_latest_only.py
[2023-12-15T12:09:30.867+0000] {processor.py:839} INFO - DAG(s) dict_keys(['latest_only']) retrieved from /home/airflow/.local/lib/python3.8/site-packages/airflow/example_dags/example_latest_only.py
[2023-12-15T12:09:30.941+0000] {logging_mixin.py:154} INFO - [2023-12-15T12:09:30.941+0000] {dag.py:2941} INFO - Sync 1 DAGs
[2023-12-15T12:09:31.006+0000] {logging_mixin.py:154} INFO - [2023-12-15T12:09:31.005+0000] {dag.py:3722} INFO - Setting next_dagrun for latest_only to 2023-12-15T08:09:30.997060+00:00, run_after=2023-12-15T12:09:30.997060+00:00
[2023-12-15T12:09:31.069+0000] {processor.py:179} INFO - Processing /home/airflow/.local/lib/python3.8/site-packages/airflow/example_dags/example_latest_only.py took 0.234 seconds
[2023-12-15T12:10:01.381+0000] {processor.py:157} INFO - Started process (PID=3396) to work on /home/airflow/.local/lib/python3.8/site-packages/airflow/example_dags/example_latest_only.py
[2023-12-15T12:10:01.383+0000] {processor.py:829} INFO - Processing file /home/airflow/.local/lib/python3.8/site-packages/airflow/example_dags/example_latest_only.py for tasks to queue
[2023-12-15T12:10:01.386+0000] {logging_mixin.py:154} INFO - [2023-12-15T12:10:01.385+0000] {dagbag.py:536} INFO - Filling up the DagBag from /home/airflow/.local/lib/python3.8/site-packages/airflow/example_dags/example_latest_only.py
[2023-12-15T12:10:01.393+0000] {processor.py:839} INFO - DAG(s) dict_keys(['latest_only']) retrieved from /home/airflow/.local/lib/python3.8/site-packages/airflow/example_dags/example_latest_only.py
[2023-12-15T12:10:01.422+0000] {logging_mixin.py:154} INFO - [2023-12-15T12:10:01.422+0000] {dag.py:2941} INFO - Sync 1 DAGs
[2023-12-15T12:10:01.463+0000] {logging_mixin.py:154} INFO - [2023-12-15T12:10:01.462+0000] {dag.py:3722} INFO - Setting next_dagrun for latest_only to 2023-12-15T08:10:01.462367+00:00, run_after=2023-12-15T12:10:01.462367+00:00
[2023-12-15T12:10:01.496+0000] {processor.py:179} INFO - Processing /home/airflow/.local/lib/python3.8/site-packages/airflow/example_dags/example_latest_only.py took 0.118 seconds
