[2023-12-15T11:36:54.308+0000] {processor.py:157} INFO - Started process (PID=48) to work on /home/airflow/.local/lib/python3.8/site-packages/airflow/example_dags/tutorial.py
[2023-12-15T11:36:54.315+0000] {processor.py:829} INFO - Processing file /home/airflow/.local/lib/python3.8/site-packages/airflow/example_dags/tutorial.py for tasks to queue
[2023-12-15T11:36:54.324+0000] {logging_mixin.py:154} INFO - [2023-12-15T11:36:54.323+0000] {dagbag.py:536} INFO - Filling up the DagBag from /home/airflow/.local/lib/python3.8/site-packages/airflow/example_dags/tutorial.py
[2023-12-15T11:36:54.344+0000] {processor.py:839} INFO - DAG(s) dict_keys(['tutorial']) retrieved from /home/airflow/.local/lib/python3.8/site-packages/airflow/example_dags/tutorial.py
[2023-12-15T11:36:54.382+0000] {logging_mixin.py:154} INFO - [2023-12-15T11:36:54.382+0000] {dag.py:2941} INFO - Sync 1 DAGs
[2023-12-15T11:36:54.410+0000] {logging_mixin.py:154} INFO - [2023-12-15T11:36:54.410+0000] {dag.py:3722} INFO - Setting next_dagrun for tutorial to 2023-12-14T11:36:54.410358+00:00, run_after=2023-12-15T11:36:54.410358+00:00
[2023-12-15T11:36:54.449+0000] {processor.py:179} INFO - Processing /home/airflow/.local/lib/python3.8/site-packages/airflow/example_dags/tutorial.py took 0.147 seconds
[2023-12-15T11:37:25.848+0000] {processor.py:157} INFO - Started process (PID=102) to work on /home/airflow/.local/lib/python3.8/site-packages/airflow/example_dags/tutorial.py
[2023-12-15T11:37:25.849+0000] {processor.py:829} INFO - Processing file /home/airflow/.local/lib/python3.8/site-packages/airflow/example_dags/tutorial.py for tasks to queue
[2023-12-15T11:37:25.850+0000] {logging_mixin.py:154} INFO - [2023-12-15T11:37:25.850+0000] {dagbag.py:536} INFO - Filling up the DagBag from /home/airflow/.local/lib/python3.8/site-packages/airflow/example_dags/tutorial.py
[2023-12-15T11:37:25.854+0000] {processor.py:839} INFO - DAG(s) dict_keys(['tutorial']) retrieved from /home/airflow/.local/lib/python3.8/site-packages/airflow/example_dags/tutorial.py
[2023-12-15T11:37:25.866+0000] {logging_mixin.py:154} INFO - [2023-12-15T11:37:25.866+0000] {dag.py:2941} INFO - Sync 1 DAGs
[2023-12-15T11:37:25.878+0000] {logging_mixin.py:154} INFO - [2023-12-15T11:37:25.878+0000] {dag.py:3722} INFO - Setting next_dagrun for tutorial to 2023-12-14T11:37:25.878073+00:00, run_after=2023-12-15T11:37:25.878073+00:00
[2023-12-15T11:37:25.886+0000] {processor.py:179} INFO - Processing /home/airflow/.local/lib/python3.8/site-packages/airflow/example_dags/tutorial.py took 0.041 seconds
[2023-12-15T11:37:56.797+0000] {processor.py:157} INFO - Started process (PID=156) to work on /home/airflow/.local/lib/python3.8/site-packages/airflow/example_dags/tutorial.py
[2023-12-15T11:37:56.799+0000] {processor.py:829} INFO - Processing file /home/airflow/.local/lib/python3.8/site-packages/airflow/example_dags/tutorial.py for tasks to queue
[2023-12-15T11:37:56.800+0000] {logging_mixin.py:154} INFO - [2023-12-15T11:37:56.800+0000] {dagbag.py:536} INFO - Filling up the DagBag from /home/airflow/.local/lib/python3.8/site-packages/airflow/example_dags/tutorial.py
[2023-12-15T11:37:56.807+0000] {processor.py:839} INFO - DAG(s) dict_keys(['tutorial']) retrieved from /home/airflow/.local/lib/python3.8/site-packages/airflow/example_dags/tutorial.py
[2023-12-15T11:37:56.836+0000] {logging_mixin.py:154} INFO - [2023-12-15T11:37:56.836+0000] {dag.py:2941} INFO - Sync 1 DAGs
[2023-12-15T11:37:56.864+0000] {logging_mixin.py:154} INFO - [2023-12-15T11:37:56.864+0000] {dag.py:3722} INFO - Setting next_dagrun for tutorial to 2023-12-14T11:37:56.864323+00:00, run_after=2023-12-15T11:37:56.864323+00:00
[2023-12-15T11:37:56.887+0000] {processor.py:179} INFO - Processing /home/airflow/.local/lib/python3.8/site-packages/airflow/example_dags/tutorial.py took 0.092 seconds
[2023-12-15T11:38:28.206+0000] {processor.py:157} INFO - Started process (PID=210) to work on /home/airflow/.local/lib/python3.8/site-packages/airflow/example_dags/tutorial.py
[2023-12-15T11:38:28.211+0000] {processor.py:829} INFO - Processing file /home/airflow/.local/lib/python3.8/site-packages/airflow/example_dags/tutorial.py for tasks to queue
[2023-12-15T11:38:28.228+0000] {logging_mixin.py:154} INFO - [2023-12-15T11:38:28.227+0000] {dagbag.py:536} INFO - Filling up the DagBag from /home/airflow/.local/lib/python3.8/site-packages/airflow/example_dags/tutorial.py
[2023-12-15T11:38:28.240+0000] {processor.py:839} INFO - DAG(s) dict_keys(['tutorial']) retrieved from /home/airflow/.local/lib/python3.8/site-packages/airflow/example_dags/tutorial.py
[2023-12-15T11:38:28.349+0000] {logging_mixin.py:154} INFO - [2023-12-15T11:38:28.348+0000] {dag.py:2941} INFO - Sync 1 DAGs
[2023-12-15T11:38:28.402+0000] {logging_mixin.py:154} INFO - [2023-12-15T11:38:28.402+0000] {dag.py:3722} INFO - Setting next_dagrun for tutorial to 2023-12-14T11:38:28.402046+00:00, run_after=2023-12-15T11:38:28.402046+00:00
[2023-12-15T11:38:28.472+0000] {processor.py:179} INFO - Processing /home/airflow/.local/lib/python3.8/site-packages/airflow/example_dags/tutorial.py took 0.275 seconds
[2023-12-15T11:39:02.654+0000] {processor.py:157} INFO - Started process (PID=270) to work on /home/airflow/.local/lib/python3.8/site-packages/airflow/example_dags/tutorial.py
[2023-12-15T11:39:02.657+0000] {processor.py:829} INFO - Processing file /home/airflow/.local/lib/python3.8/site-packages/airflow/example_dags/tutorial.py for tasks to queue
[2023-12-15T11:39:02.661+0000] {logging_mixin.py:154} INFO - [2023-12-15T11:39:02.661+0000] {dagbag.py:536} INFO - Filling up the DagBag from /home/airflow/.local/lib/python3.8/site-packages/airflow/example_dags/tutorial.py
[2023-12-15T11:39:02.671+0000] {processor.py:839} INFO - DAG(s) dict_keys(['tutorial']) retrieved from /home/airflow/.local/lib/python3.8/site-packages/airflow/example_dags/tutorial.py
[2023-12-15T11:39:02.708+0000] {logging_mixin.py:154} INFO - [2023-12-15T11:39:02.708+0000] {dag.py:2941} INFO - Sync 1 DAGs
[2023-12-15T11:39:02.742+0000] {logging_mixin.py:154} INFO - [2023-12-15T11:39:02.742+0000] {dag.py:3722} INFO - Setting next_dagrun for tutorial to 2023-12-14T11:39:02.739871+00:00, run_after=2023-12-15T11:39:02.739871+00:00
[2023-12-15T11:39:02.778+0000] {processor.py:179} INFO - Processing /home/airflow/.local/lib/python3.8/site-packages/airflow/example_dags/tutorial.py took 0.129 seconds
[2023-12-15T11:39:36.566+0000] {processor.py:157} INFO - Started process (PID=322) to work on /home/airflow/.local/lib/python3.8/site-packages/airflow/example_dags/tutorial.py
[2023-12-15T11:39:36.575+0000] {processor.py:829} INFO - Processing file /home/airflow/.local/lib/python3.8/site-packages/airflow/example_dags/tutorial.py for tasks to queue
[2023-12-15T11:39:36.584+0000] {logging_mixin.py:154} INFO - [2023-12-15T11:39:36.584+0000] {dagbag.py:536} INFO - Filling up the DagBag from /home/airflow/.local/lib/python3.8/site-packages/airflow/example_dags/tutorial.py
[2023-12-15T11:39:36.597+0000] {processor.py:839} INFO - DAG(s) dict_keys(['tutorial']) retrieved from /home/airflow/.local/lib/python3.8/site-packages/airflow/example_dags/tutorial.py
[2023-12-15T11:39:36.697+0000] {logging_mixin.py:154} INFO - [2023-12-15T11:39:36.697+0000] {dag.py:2941} INFO - Sync 1 DAGs
[2023-12-15T11:39:36.731+0000] {logging_mixin.py:154} INFO - [2023-12-15T11:39:36.731+0000] {dag.py:3722} INFO - Setting next_dagrun for tutorial to 2023-12-14T11:39:36.730606+00:00, run_after=2023-12-15T11:39:36.730606+00:00
[2023-12-15T11:39:36.759+0000] {processor.py:179} INFO - Processing /home/airflow/.local/lib/python3.8/site-packages/airflow/example_dags/tutorial.py took 0.210 seconds
[2023-12-15T11:40:08.031+0000] {processor.py:157} INFO - Started process (PID=376) to work on /home/airflow/.local/lib/python3.8/site-packages/airflow/example_dags/tutorial.py
[2023-12-15T11:40:08.035+0000] {processor.py:829} INFO - Processing file /home/airflow/.local/lib/python3.8/site-packages/airflow/example_dags/tutorial.py for tasks to queue
[2023-12-15T11:40:08.094+0000] {logging_mixin.py:154} INFO - [2023-12-15T11:40:08.091+0000] {dagbag.py:536} INFO - Filling up the DagBag from /home/airflow/.local/lib/python3.8/site-packages/airflow/example_dags/tutorial.py
[2023-12-15T11:40:08.177+0000] {processor.py:839} INFO - DAG(s) dict_keys(['tutorial']) retrieved from /home/airflow/.local/lib/python3.8/site-packages/airflow/example_dags/tutorial.py
[2023-12-15T11:40:08.255+0000] {logging_mixin.py:154} INFO - [2023-12-15T11:40:08.255+0000] {dag.py:2941} INFO - Sync 1 DAGs
[2023-12-15T11:40:08.405+0000] {logging_mixin.py:154} INFO - [2023-12-15T11:40:08.405+0000] {dag.py:3722} INFO - Setting next_dagrun for tutorial to 2023-12-14T11:40:08.404232+00:00, run_after=2023-12-15T11:40:08.404232+00:00
[2023-12-15T11:40:08.491+0000] {processor.py:179} INFO - Processing /home/airflow/.local/lib/python3.8/site-packages/airflow/example_dags/tutorial.py took 0.470 seconds
[2023-12-15T11:40:39.252+0000] {processor.py:157} INFO - Started process (PID=430) to work on /home/airflow/.local/lib/python3.8/site-packages/airflow/example_dags/tutorial.py
[2023-12-15T11:40:39.256+0000] {processor.py:829} INFO - Processing file /home/airflow/.local/lib/python3.8/site-packages/airflow/example_dags/tutorial.py for tasks to queue
[2023-12-15T11:40:39.262+0000] {logging_mixin.py:154} INFO - [2023-12-15T11:40:39.261+0000] {dagbag.py:536} INFO - Filling up the DagBag from /home/airflow/.local/lib/python3.8/site-packages/airflow/example_dags/tutorial.py
[2023-12-15T11:40:39.272+0000] {processor.py:839} INFO - DAG(s) dict_keys(['tutorial']) retrieved from /home/airflow/.local/lib/python3.8/site-packages/airflow/example_dags/tutorial.py
[2023-12-15T11:40:39.308+0000] {logging_mixin.py:154} INFO - [2023-12-15T11:40:39.307+0000] {dag.py:2941} INFO - Sync 1 DAGs
[2023-12-15T11:40:39.352+0000] {logging_mixin.py:154} INFO - [2023-12-15T11:40:39.352+0000] {dag.py:3722} INFO - Setting next_dagrun for tutorial to 2023-12-14T11:40:39.352408+00:00, run_after=2023-12-15T11:40:39.352408+00:00
[2023-12-15T11:40:39.386+0000] {processor.py:179} INFO - Processing /home/airflow/.local/lib/python3.8/site-packages/airflow/example_dags/tutorial.py took 0.145 seconds
[2023-12-15T11:41:09.718+0000] {processor.py:157} INFO - Started process (PID=484) to work on /home/airflow/.local/lib/python3.8/site-packages/airflow/example_dags/tutorial.py
[2023-12-15T11:41:09.720+0000] {processor.py:829} INFO - Processing file /home/airflow/.local/lib/python3.8/site-packages/airflow/example_dags/tutorial.py for tasks to queue
[2023-12-15T11:41:09.724+0000] {logging_mixin.py:154} INFO - [2023-12-15T11:41:09.722+0000] {dagbag.py:536} INFO - Filling up the DagBag from /home/airflow/.local/lib/python3.8/site-packages/airflow/example_dags/tutorial.py
[2023-12-15T11:41:09.740+0000] {processor.py:839} INFO - DAG(s) dict_keys(['tutorial']) retrieved from /home/airflow/.local/lib/python3.8/site-packages/airflow/example_dags/tutorial.py
[2023-12-15T11:41:09.765+0000] {logging_mixin.py:154} INFO - [2023-12-15T11:41:09.764+0000] {dag.py:2941} INFO - Sync 1 DAGs
[2023-12-15T11:41:09.793+0000] {logging_mixin.py:154} INFO - [2023-12-15T11:41:09.792+0000] {dag.py:3722} INFO - Setting next_dagrun for tutorial to 2023-12-14T11:41:09.792101+00:00, run_after=2023-12-15T11:41:09.792101+00:00
[2023-12-15T11:41:09.812+0000] {processor.py:179} INFO - Processing /home/airflow/.local/lib/python3.8/site-packages/airflow/example_dags/tutorial.py took 0.098 seconds
[2023-12-15T11:41:48.134+0000] {processor.py:157} INFO - Started process (PID=538) to work on /home/airflow/.local/lib/python3.8/site-packages/airflow/example_dags/tutorial.py
[2023-12-15T11:41:48.136+0000] {processor.py:829} INFO - Processing file /home/airflow/.local/lib/python3.8/site-packages/airflow/example_dags/tutorial.py for tasks to queue
[2023-12-15T11:41:48.139+0000] {logging_mixin.py:154} INFO - [2023-12-15T11:41:48.138+0000] {dagbag.py:536} INFO - Filling up the DagBag from /home/airflow/.local/lib/python3.8/site-packages/airflow/example_dags/tutorial.py
[2023-12-15T11:41:48.144+0000] {processor.py:839} INFO - DAG(s) dict_keys(['tutorial']) retrieved from /home/airflow/.local/lib/python3.8/site-packages/airflow/example_dags/tutorial.py
[2023-12-15T11:41:48.161+0000] {logging_mixin.py:154} INFO - [2023-12-15T11:41:48.160+0000] {dag.py:2941} INFO - Sync 1 DAGs
[2023-12-15T11:41:48.175+0000] {logging_mixin.py:154} INFO - [2023-12-15T11:41:48.174+0000] {dag.py:3722} INFO - Setting next_dagrun for tutorial to 2023-12-14T11:41:48.174725+00:00, run_after=2023-12-15T11:41:48.174725+00:00
[2023-12-15T11:41:48.199+0000] {processor.py:179} INFO - Processing /home/airflow/.local/lib/python3.8/site-packages/airflow/example_dags/tutorial.py took 0.068 seconds
[2023-12-15T11:42:20.584+0000] {processor.py:157} INFO - Started process (PID=593) to work on /home/airflow/.local/lib/python3.8/site-packages/airflow/example_dags/tutorial.py
[2023-12-15T11:42:20.588+0000] {processor.py:829} INFO - Processing file /home/airflow/.local/lib/python3.8/site-packages/airflow/example_dags/tutorial.py for tasks to queue
[2023-12-15T11:42:20.591+0000] {logging_mixin.py:154} INFO - [2023-12-15T11:42:20.591+0000] {dagbag.py:536} INFO - Filling up the DagBag from /home/airflow/.local/lib/python3.8/site-packages/airflow/example_dags/tutorial.py
[2023-12-15T11:42:20.599+0000] {processor.py:839} INFO - DAG(s) dict_keys(['tutorial']) retrieved from /home/airflow/.local/lib/python3.8/site-packages/airflow/example_dags/tutorial.py
[2023-12-15T11:42:20.650+0000] {logging_mixin.py:154} INFO - [2023-12-15T11:42:20.649+0000] {dag.py:2941} INFO - Sync 1 DAGs
[2023-12-15T11:42:20.783+0000] {logging_mixin.py:154} INFO - [2023-12-15T11:42:20.783+0000] {dag.py:3722} INFO - Setting next_dagrun for tutorial to 2023-12-14T11:42:20.782151+00:00, run_after=2023-12-15T11:42:20.782151+00:00
[2023-12-15T11:42:20.806+0000] {processor.py:179} INFO - Processing /home/airflow/.local/lib/python3.8/site-packages/airflow/example_dags/tutorial.py took 0.225 seconds
[2023-12-15T11:43:01.734+0000] {processor.py:157} INFO - Started process (PID=648) to work on /home/airflow/.local/lib/python3.8/site-packages/airflow/example_dags/tutorial.py
[2023-12-15T11:43:01.739+0000] {processor.py:829} INFO - Processing file /home/airflow/.local/lib/python3.8/site-packages/airflow/example_dags/tutorial.py for tasks to queue
[2023-12-15T11:43:01.749+0000] {logging_mixin.py:154} INFO - [2023-12-15T11:43:01.746+0000] {dagbag.py:536} INFO - Filling up the DagBag from /home/airflow/.local/lib/python3.8/site-packages/airflow/example_dags/tutorial.py
[2023-12-15T11:43:01.776+0000] {processor.py:839} INFO - DAG(s) dict_keys(['tutorial']) retrieved from /home/airflow/.local/lib/python3.8/site-packages/airflow/example_dags/tutorial.py
[2023-12-15T11:43:01.839+0000] {logging_mixin.py:154} INFO - [2023-12-15T11:43:01.838+0000] {dag.py:2941} INFO - Sync 1 DAGs
[2023-12-15T11:43:01.888+0000] {logging_mixin.py:154} INFO - [2023-12-15T11:43:01.887+0000] {dag.py:3722} INFO - Setting next_dagrun for tutorial to 2023-12-14T11:43:01.887281+00:00, run_after=2023-12-15T11:43:01.887281+00:00
[2023-12-15T11:43:01.935+0000] {processor.py:179} INFO - Processing /home/airflow/.local/lib/python3.8/site-packages/airflow/example_dags/tutorial.py took 0.206 seconds
[2023-12-15T11:43:32.167+0000] {processor.py:157} INFO - Started process (PID=700) to work on /home/airflow/.local/lib/python3.8/site-packages/airflow/example_dags/tutorial.py
[2023-12-15T11:43:32.169+0000] {processor.py:829} INFO - Processing file /home/airflow/.local/lib/python3.8/site-packages/airflow/example_dags/tutorial.py for tasks to queue
[2023-12-15T11:43:32.175+0000] {logging_mixin.py:154} INFO - [2023-12-15T11:43:32.175+0000] {dagbag.py:536} INFO - Filling up the DagBag from /home/airflow/.local/lib/python3.8/site-packages/airflow/example_dags/tutorial.py
[2023-12-15T11:43:32.201+0000] {processor.py:839} INFO - DAG(s) dict_keys(['tutorial']) retrieved from /home/airflow/.local/lib/python3.8/site-packages/airflow/example_dags/tutorial.py
[2023-12-15T11:43:32.341+0000] {logging_mixin.py:154} INFO - [2023-12-15T11:43:32.341+0000] {dag.py:2941} INFO - Sync 1 DAGs
[2023-12-15T11:43:32.427+0000] {logging_mixin.py:154} INFO - [2023-12-15T11:43:32.426+0000] {dag.py:3722} INFO - Setting next_dagrun for tutorial to 2023-12-14T11:43:32.426116+00:00, run_after=2023-12-15T11:43:32.426116+00:00
[2023-12-15T11:43:32.448+0000] {processor.py:179} INFO - Processing /home/airflow/.local/lib/python3.8/site-packages/airflow/example_dags/tutorial.py took 0.289 seconds
[2023-12-15T11:44:04.677+0000] {processor.py:157} INFO - Started process (PID=753) to work on /home/airflow/.local/lib/python3.8/site-packages/airflow/example_dags/tutorial.py
[2023-12-15T11:44:04.683+0000] {processor.py:829} INFO - Processing file /home/airflow/.local/lib/python3.8/site-packages/airflow/example_dags/tutorial.py for tasks to queue
[2023-12-15T11:44:04.698+0000] {logging_mixin.py:154} INFO - [2023-12-15T11:44:04.697+0000] {dagbag.py:536} INFO - Filling up the DagBag from /home/airflow/.local/lib/python3.8/site-packages/airflow/example_dags/tutorial.py
[2023-12-15T11:44:04.722+0000] {processor.py:839} INFO - DAG(s) dict_keys(['tutorial']) retrieved from /home/airflow/.local/lib/python3.8/site-packages/airflow/example_dags/tutorial.py
[2023-12-15T11:44:04.822+0000] {logging_mixin.py:154} INFO - [2023-12-15T11:44:04.821+0000] {dag.py:2941} INFO - Sync 1 DAGs
[2023-12-15T11:44:04.877+0000] {logging_mixin.py:154} INFO - [2023-12-15T11:44:04.877+0000] {dag.py:3722} INFO - Setting next_dagrun for tutorial to 2023-12-14T11:44:04.876640+00:00, run_after=2023-12-15T11:44:04.876640+00:00
[2023-12-15T11:44:04.907+0000] {processor.py:179} INFO - Processing /home/airflow/.local/lib/python3.8/site-packages/airflow/example_dags/tutorial.py took 0.254 seconds
[2023-12-15T11:44:35.284+0000] {processor.py:157} INFO - Started process (PID=807) to work on /home/airflow/.local/lib/python3.8/site-packages/airflow/example_dags/tutorial.py
[2023-12-15T11:44:35.287+0000] {processor.py:829} INFO - Processing file /home/airflow/.local/lib/python3.8/site-packages/airflow/example_dags/tutorial.py for tasks to queue
[2023-12-15T11:44:35.305+0000] {logging_mixin.py:154} INFO - [2023-12-15T11:44:35.303+0000] {dagbag.py:536} INFO - Filling up the DagBag from /home/airflow/.local/lib/python3.8/site-packages/airflow/example_dags/tutorial.py
[2023-12-15T11:44:35.352+0000] {processor.py:839} INFO - DAG(s) dict_keys(['tutorial']) retrieved from /home/airflow/.local/lib/python3.8/site-packages/airflow/example_dags/tutorial.py
[2023-12-15T11:44:35.500+0000] {logging_mixin.py:154} INFO - [2023-12-15T11:44:35.499+0000] {dag.py:2941} INFO - Sync 1 DAGs
[2023-12-15T11:44:35.566+0000] {logging_mixin.py:154} INFO - [2023-12-15T11:44:35.565+0000] {dag.py:3722} INFO - Setting next_dagrun for tutorial to 2023-12-14T11:44:35.564924+00:00, run_after=2023-12-15T11:44:35.564924+00:00
[2023-12-15T11:44:35.669+0000] {processor.py:179} INFO - Processing /home/airflow/.local/lib/python3.8/site-packages/airflow/example_dags/tutorial.py took 0.406 seconds
[2023-12-15T11:45:06.133+0000] {processor.py:157} INFO - Started process (PID=861) to work on /home/airflow/.local/lib/python3.8/site-packages/airflow/example_dags/tutorial.py
[2023-12-15T11:45:06.146+0000] {processor.py:829} INFO - Processing file /home/airflow/.local/lib/python3.8/site-packages/airflow/example_dags/tutorial.py for tasks to queue
[2023-12-15T11:45:06.156+0000] {logging_mixin.py:154} INFO - [2023-12-15T11:45:06.156+0000] {dagbag.py:536} INFO - Filling up the DagBag from /home/airflow/.local/lib/python3.8/site-packages/airflow/example_dags/tutorial.py
[2023-12-15T11:45:06.174+0000] {processor.py:839} INFO - DAG(s) dict_keys(['tutorial']) retrieved from /home/airflow/.local/lib/python3.8/site-packages/airflow/example_dags/tutorial.py
[2023-12-15T11:45:06.239+0000] {logging_mixin.py:154} INFO - [2023-12-15T11:45:06.239+0000] {dag.py:2941} INFO - Sync 1 DAGs
[2023-12-15T11:45:06.294+0000] {logging_mixin.py:154} INFO - [2023-12-15T11:45:06.294+0000] {dag.py:3722} INFO - Setting next_dagrun for tutorial to 2023-12-14T11:45:06.287740+00:00, run_after=2023-12-15T11:45:06.287740+00:00
[2023-12-15T11:45:06.334+0000] {processor.py:179} INFO - Processing /home/airflow/.local/lib/python3.8/site-packages/airflow/example_dags/tutorial.py took 0.218 seconds
[2023-12-15T11:45:36.855+0000] {processor.py:157} INFO - Started process (PID=915) to work on /home/airflow/.local/lib/python3.8/site-packages/airflow/example_dags/tutorial.py
[2023-12-15T11:45:36.859+0000] {processor.py:829} INFO - Processing file /home/airflow/.local/lib/python3.8/site-packages/airflow/example_dags/tutorial.py for tasks to queue
[2023-12-15T11:45:36.866+0000] {logging_mixin.py:154} INFO - [2023-12-15T11:45:36.865+0000] {dagbag.py:536} INFO - Filling up the DagBag from /home/airflow/.local/lib/python3.8/site-packages/airflow/example_dags/tutorial.py
[2023-12-15T11:45:36.879+0000] {processor.py:839} INFO - DAG(s) dict_keys(['tutorial']) retrieved from /home/airflow/.local/lib/python3.8/site-packages/airflow/example_dags/tutorial.py
[2023-12-15T11:45:36.934+0000] {logging_mixin.py:154} INFO - [2023-12-15T11:45:36.934+0000] {dag.py:2941} INFO - Sync 1 DAGs
[2023-12-15T11:45:36.951+0000] {logging_mixin.py:154} INFO - [2023-12-15T11:45:36.951+0000] {dag.py:3722} INFO - Setting next_dagrun for tutorial to 2023-12-14T11:45:36.949552+00:00, run_after=2023-12-15T11:45:36.949552+00:00
[2023-12-15T11:45:36.974+0000] {processor.py:179} INFO - Processing /home/airflow/.local/lib/python3.8/site-packages/airflow/example_dags/tutorial.py took 0.126 seconds
[2023-12-15T11:46:08.936+0000] {processor.py:157} INFO - Started process (PID=969) to work on /home/airflow/.local/lib/python3.8/site-packages/airflow/example_dags/tutorial.py
[2023-12-15T11:46:08.940+0000] {processor.py:829} INFO - Processing file /home/airflow/.local/lib/python3.8/site-packages/airflow/example_dags/tutorial.py for tasks to queue
[2023-12-15T11:46:08.945+0000] {logging_mixin.py:154} INFO - [2023-12-15T11:46:08.945+0000] {dagbag.py:536} INFO - Filling up the DagBag from /home/airflow/.local/lib/python3.8/site-packages/airflow/example_dags/tutorial.py
[2023-12-15T11:46:08.956+0000] {processor.py:839} INFO - DAG(s) dict_keys(['tutorial']) retrieved from /home/airflow/.local/lib/python3.8/site-packages/airflow/example_dags/tutorial.py
[2023-12-15T11:46:09.053+0000] {logging_mixin.py:154} INFO - [2023-12-15T11:46:09.053+0000] {dag.py:2941} INFO - Sync 1 DAGs
[2023-12-15T11:46:09.113+0000] {logging_mixin.py:154} INFO - [2023-12-15T11:46:09.113+0000] {dag.py:3722} INFO - Setting next_dagrun for tutorial to 2023-12-14T11:46:09.111841+00:00, run_after=2023-12-15T11:46:09.111841+00:00
[2023-12-15T11:46:09.159+0000] {processor.py:179} INFO - Processing /home/airflow/.local/lib/python3.8/site-packages/airflow/example_dags/tutorial.py took 0.236 seconds
[2023-12-15T11:46:40.006+0000] {processor.py:157} INFO - Started process (PID=1022) to work on /home/airflow/.local/lib/python3.8/site-packages/airflow/example_dags/tutorial.py
[2023-12-15T11:46:40.013+0000] {processor.py:829} INFO - Processing file /home/airflow/.local/lib/python3.8/site-packages/airflow/example_dags/tutorial.py for tasks to queue
[2023-12-15T11:46:40.036+0000] {logging_mixin.py:154} INFO - [2023-12-15T11:46:40.035+0000] {dagbag.py:536} INFO - Filling up the DagBag from /home/airflow/.local/lib/python3.8/site-packages/airflow/example_dags/tutorial.py
[2023-12-15T11:46:40.063+0000] {processor.py:839} INFO - DAG(s) dict_keys(['tutorial']) retrieved from /home/airflow/.local/lib/python3.8/site-packages/airflow/example_dags/tutorial.py
[2023-12-15T11:46:40.127+0000] {logging_mixin.py:154} INFO - [2023-12-15T11:46:40.127+0000] {dag.py:2941} INFO - Sync 1 DAGs
[2023-12-15T11:46:40.172+0000] {logging_mixin.py:154} INFO - [2023-12-15T11:46:40.172+0000] {dag.py:3722} INFO - Setting next_dagrun for tutorial to 2023-12-14T11:46:40.172115+00:00, run_after=2023-12-15T11:46:40.172115+00:00
[2023-12-15T11:46:40.206+0000] {processor.py:179} INFO - Processing /home/airflow/.local/lib/python3.8/site-packages/airflow/example_dags/tutorial.py took 0.214 seconds
[2023-12-15T11:47:11.707+0000] {processor.py:157} INFO - Started process (PID=1077) to work on /home/airflow/.local/lib/python3.8/site-packages/airflow/example_dags/tutorial.py
[2023-12-15T11:47:11.709+0000] {processor.py:829} INFO - Processing file /home/airflow/.local/lib/python3.8/site-packages/airflow/example_dags/tutorial.py for tasks to queue
[2023-12-15T11:47:11.711+0000] {logging_mixin.py:154} INFO - [2023-12-15T11:47:11.710+0000] {dagbag.py:536} INFO - Filling up the DagBag from /home/airflow/.local/lib/python3.8/site-packages/airflow/example_dags/tutorial.py
[2023-12-15T11:47:11.718+0000] {processor.py:839} INFO - DAG(s) dict_keys(['tutorial']) retrieved from /home/airflow/.local/lib/python3.8/site-packages/airflow/example_dags/tutorial.py
[2023-12-15T11:47:11.738+0000] {logging_mixin.py:154} INFO - [2023-12-15T11:47:11.738+0000] {dag.py:2941} INFO - Sync 1 DAGs
[2023-12-15T11:47:11.772+0000] {logging_mixin.py:154} INFO - [2023-12-15T11:47:11.771+0000] {dag.py:3722} INFO - Setting next_dagrun for tutorial to 2023-12-14T11:47:11.771092+00:00, run_after=2023-12-15T11:47:11.771092+00:00
[2023-12-15T11:47:11.802+0000] {processor.py:179} INFO - Processing /home/airflow/.local/lib/python3.8/site-packages/airflow/example_dags/tutorial.py took 0.100 seconds
[2023-12-15T11:47:42.965+0000] {processor.py:157} INFO - Started process (PID=1129) to work on /home/airflow/.local/lib/python3.8/site-packages/airflow/example_dags/tutorial.py
[2023-12-15T11:47:42.968+0000] {processor.py:829} INFO - Processing file /home/airflow/.local/lib/python3.8/site-packages/airflow/example_dags/tutorial.py for tasks to queue
[2023-12-15T11:47:42.972+0000] {logging_mixin.py:154} INFO - [2023-12-15T11:47:42.972+0000] {dagbag.py:536} INFO - Filling up the DagBag from /home/airflow/.local/lib/python3.8/site-packages/airflow/example_dags/tutorial.py
[2023-12-15T11:47:42.997+0000] {processor.py:839} INFO - DAG(s) dict_keys(['tutorial']) retrieved from /home/airflow/.local/lib/python3.8/site-packages/airflow/example_dags/tutorial.py
[2023-12-15T11:47:43.212+0000] {logging_mixin.py:154} INFO - [2023-12-15T11:47:43.211+0000] {dag.py:2941} INFO - Sync 1 DAGs
[2023-12-15T11:47:43.256+0000] {logging_mixin.py:154} INFO - [2023-12-15T11:47:43.256+0000] {dag.py:3722} INFO - Setting next_dagrun for tutorial to 2023-12-14T11:47:43.255979+00:00, run_after=2023-12-15T11:47:43.255979+00:00
[2023-12-15T11:47:43.272+0000] {processor.py:179} INFO - Processing /home/airflow/.local/lib/python3.8/site-packages/airflow/example_dags/tutorial.py took 0.318 seconds
[2023-12-15T11:48:21.146+0000] {processor.py:157} INFO - Started process (PID=1183) to work on /home/airflow/.local/lib/python3.8/site-packages/airflow/example_dags/tutorial.py
[2023-12-15T11:48:21.179+0000] {processor.py:829} INFO - Processing file /home/airflow/.local/lib/python3.8/site-packages/airflow/example_dags/tutorial.py for tasks to queue
[2023-12-15T11:48:21.242+0000] {logging_mixin.py:154} INFO - [2023-12-15T11:48:21.241+0000] {dagbag.py:536} INFO - Filling up the DagBag from /home/airflow/.local/lib/python3.8/site-packages/airflow/example_dags/tutorial.py
[2023-12-15T11:48:21.322+0000] {processor.py:839} INFO - DAG(s) dict_keys(['tutorial']) retrieved from /home/airflow/.local/lib/python3.8/site-packages/airflow/example_dags/tutorial.py
[2023-12-15T11:48:21.718+0000] {logging_mixin.py:154} INFO - [2023-12-15T11:48:21.717+0000] {dag.py:2941} INFO - Sync 1 DAGs
[2023-12-15T11:48:22.285+0000] {logging_mixin.py:154} INFO - [2023-12-15T11:48:22.284+0000] {dag.py:3722} INFO - Setting next_dagrun for tutorial to 2023-12-14T11:48:22.269743+00:00, run_after=2023-12-15T11:48:22.269743+00:00
[2023-12-15T11:48:25.329+0000] {processor.py:179} INFO - Processing /home/airflow/.local/lib/python3.8/site-packages/airflow/example_dags/tutorial.py took 4.208 seconds
[2023-12-15T11:48:56.283+0000] {processor.py:157} INFO - Started process (PID=1244) to work on /home/airflow/.local/lib/python3.8/site-packages/airflow/example_dags/tutorial.py
[2023-12-15T11:48:56.318+0000] {processor.py:829} INFO - Processing file /home/airflow/.local/lib/python3.8/site-packages/airflow/example_dags/tutorial.py for tasks to queue
[2023-12-15T11:48:56.390+0000] {logging_mixin.py:154} INFO - [2023-12-15T11:48:56.387+0000] {dagbag.py:536} INFO - Filling up the DagBag from /home/airflow/.local/lib/python3.8/site-packages/airflow/example_dags/tutorial.py
[2023-12-15T11:48:56.547+0000] {processor.py:839} INFO - DAG(s) dict_keys(['tutorial']) retrieved from /home/airflow/.local/lib/python3.8/site-packages/airflow/example_dags/tutorial.py
[2023-12-15T11:48:56.965+0000] {logging_mixin.py:154} INFO - [2023-12-15T11:48:56.964+0000] {dag.py:2941} INFO - Sync 1 DAGs
[2023-12-15T11:48:57.128+0000] {logging_mixin.py:154} INFO - [2023-12-15T11:48:57.127+0000] {dag.py:3722} INFO - Setting next_dagrun for tutorial to 2023-12-14T11:48:57.118726+00:00, run_after=2023-12-15T11:48:57.118726+00:00
[2023-12-15T11:48:57.233+0000] {processor.py:179} INFO - Processing /home/airflow/.local/lib/python3.8/site-packages/airflow/example_dags/tutorial.py took 1.011 seconds
[2023-12-15T11:49:27.483+0000] {processor.py:157} INFO - Started process (PID=1298) to work on /home/airflow/.local/lib/python3.8/site-packages/airflow/example_dags/tutorial.py
[2023-12-15T11:49:27.491+0000] {processor.py:829} INFO - Processing file /home/airflow/.local/lib/python3.8/site-packages/airflow/example_dags/tutorial.py for tasks to queue
[2023-12-15T11:49:27.517+0000] {logging_mixin.py:154} INFO - [2023-12-15T11:49:27.515+0000] {dagbag.py:536} INFO - Filling up the DagBag from /home/airflow/.local/lib/python3.8/site-packages/airflow/example_dags/tutorial.py
[2023-12-15T11:49:27.571+0000] {processor.py:839} INFO - DAG(s) dict_keys(['tutorial']) retrieved from /home/airflow/.local/lib/python3.8/site-packages/airflow/example_dags/tutorial.py
[2023-12-15T11:49:27.784+0000] {logging_mixin.py:154} INFO - [2023-12-15T11:49:27.784+0000] {dag.py:2941} INFO - Sync 1 DAGs
[2023-12-15T11:49:28.952+0000] {logging_mixin.py:154} INFO - [2023-12-15T11:49:28.951+0000] {dag.py:3722} INFO - Setting next_dagrun for tutorial to 2023-12-14T11:49:28.951041+00:00, run_after=2023-12-15T11:49:28.951041+00:00
[2023-12-15T11:49:29.000+0000] {processor.py:179} INFO - Processing /home/airflow/.local/lib/python3.8/site-packages/airflow/example_dags/tutorial.py took 1.554 seconds
[2023-12-15T11:49:59.334+0000] {processor.py:157} INFO - Started process (PID=1352) to work on /home/airflow/.local/lib/python3.8/site-packages/airflow/example_dags/tutorial.py
[2023-12-15T11:49:59.345+0000] {processor.py:829} INFO - Processing file /home/airflow/.local/lib/python3.8/site-packages/airflow/example_dags/tutorial.py for tasks to queue
[2023-12-15T11:49:59.351+0000] {logging_mixin.py:154} INFO - [2023-12-15T11:49:59.350+0000] {dagbag.py:536} INFO - Filling up the DagBag from /home/airflow/.local/lib/python3.8/site-packages/airflow/example_dags/tutorial.py
[2023-12-15T11:49:59.371+0000] {processor.py:839} INFO - DAG(s) dict_keys(['tutorial']) retrieved from /home/airflow/.local/lib/python3.8/site-packages/airflow/example_dags/tutorial.py
[2023-12-15T11:49:59.423+0000] {logging_mixin.py:154} INFO - [2023-12-15T11:49:59.422+0000] {dag.py:2941} INFO - Sync 1 DAGs
[2023-12-15T11:50:00.018+0000] {logging_mixin.py:154} INFO - [2023-12-15T11:50:00.017+0000] {dag.py:3722} INFO - Setting next_dagrun for tutorial to 2023-12-14T11:50:00.017278+00:00, run_after=2023-12-15T11:50:00.017278+00:00
[2023-12-15T11:50:00.093+0000] {processor.py:179} INFO - Processing /home/airflow/.local/lib/python3.8/site-packages/airflow/example_dags/tutorial.py took 0.769 seconds
[2023-12-15T11:50:31.566+0000] {processor.py:157} INFO - Started process (PID=1399) to work on /home/airflow/.local/lib/python3.8/site-packages/airflow/example_dags/tutorial.py
[2023-12-15T11:50:31.569+0000] {processor.py:829} INFO - Processing file /home/airflow/.local/lib/python3.8/site-packages/airflow/example_dags/tutorial.py for tasks to queue
[2023-12-15T11:50:31.575+0000] {logging_mixin.py:154} INFO - [2023-12-15T11:50:31.574+0000] {dagbag.py:536} INFO - Filling up the DagBag from /home/airflow/.local/lib/python3.8/site-packages/airflow/example_dags/tutorial.py
[2023-12-15T11:50:31.585+0000] {processor.py:839} INFO - DAG(s) dict_keys(['tutorial']) retrieved from /home/airflow/.local/lib/python3.8/site-packages/airflow/example_dags/tutorial.py
[2023-12-15T11:50:31.614+0000] {logging_mixin.py:154} INFO - [2023-12-15T11:50:31.614+0000] {dag.py:2941} INFO - Sync 1 DAGs
[2023-12-15T11:50:31.635+0000] {logging_mixin.py:154} INFO - [2023-12-15T11:50:31.635+0000] {dag.py:3722} INFO - Setting next_dagrun for tutorial to 2023-12-14T11:50:31.634796+00:00, run_after=2023-12-15T11:50:31.634796+00:00
[2023-12-15T11:50:31.658+0000] {processor.py:179} INFO - Processing /home/airflow/.local/lib/python3.8/site-packages/airflow/example_dags/tutorial.py took 0.098 seconds
[2023-12-15T11:51:07.540+0000] {processor.py:157} INFO - Started process (PID=1447) to work on /home/airflow/.local/lib/python3.8/site-packages/airflow/example_dags/tutorial.py
[2023-12-15T11:51:07.543+0000] {processor.py:829} INFO - Processing file /home/airflow/.local/lib/python3.8/site-packages/airflow/example_dags/tutorial.py for tasks to queue
[2023-12-15T11:51:07.548+0000] {logging_mixin.py:154} INFO - [2023-12-15T11:51:07.548+0000] {dagbag.py:536} INFO - Filling up the DagBag from /home/airflow/.local/lib/python3.8/site-packages/airflow/example_dags/tutorial.py
[2023-12-15T11:51:07.568+0000] {processor.py:839} INFO - DAG(s) dict_keys(['tutorial']) retrieved from /home/airflow/.local/lib/python3.8/site-packages/airflow/example_dags/tutorial.py
[2023-12-15T11:51:07.601+0000] {logging_mixin.py:154} INFO - [2023-12-15T11:51:07.600+0000] {dag.py:2941} INFO - Sync 1 DAGs
[2023-12-15T11:51:08.386+0000] {logging_mixin.py:154} INFO - [2023-12-15T11:51:08.385+0000] {dag.py:3722} INFO - Setting next_dagrun for tutorial to 2023-12-14T11:51:08.385310+00:00, run_after=2023-12-15T11:51:08.385310+00:00
[2023-12-15T11:51:08.417+0000] {processor.py:179} INFO - Processing /home/airflow/.local/lib/python3.8/site-packages/airflow/example_dags/tutorial.py took 0.883 seconds
[2023-12-15T11:51:38.827+0000] {processor.py:157} INFO - Started process (PID=1501) to work on /home/airflow/.local/lib/python3.8/site-packages/airflow/example_dags/tutorial.py
[2023-12-15T11:51:38.837+0000] {processor.py:829} INFO - Processing file /home/airflow/.local/lib/python3.8/site-packages/airflow/example_dags/tutorial.py for tasks to queue
[2023-12-15T11:51:38.851+0000] {logging_mixin.py:154} INFO - [2023-12-15T11:51:38.850+0000] {dagbag.py:536} INFO - Filling up the DagBag from /home/airflow/.local/lib/python3.8/site-packages/airflow/example_dags/tutorial.py
[2023-12-15T11:51:38.907+0000] {processor.py:839} INFO - DAG(s) dict_keys(['tutorial']) retrieved from /home/airflow/.local/lib/python3.8/site-packages/airflow/example_dags/tutorial.py
[2023-12-15T11:51:39.056+0000] {logging_mixin.py:154} INFO - [2023-12-15T11:51:39.056+0000] {dag.py:2941} INFO - Sync 1 DAGs
[2023-12-15T11:51:39.093+0000] {logging_mixin.py:154} INFO - [2023-12-15T11:51:39.093+0000] {dag.py:3722} INFO - Setting next_dagrun for tutorial to 2023-12-14T11:51:39.091331+00:00, run_after=2023-12-15T11:51:39.091331+00:00
[2023-12-15T11:51:39.119+0000] {processor.py:179} INFO - Processing /home/airflow/.local/lib/python3.8/site-packages/airflow/example_dags/tutorial.py took 0.313 seconds
[2023-12-15T11:52:18.589+0000] {processor.py:157} INFO - Started process (PID=1550) to work on /home/airflow/.local/lib/python3.8/site-packages/airflow/example_dags/tutorial.py
[2023-12-15T11:52:18.594+0000] {processor.py:829} INFO - Processing file /home/airflow/.local/lib/python3.8/site-packages/airflow/example_dags/tutorial.py for tasks to queue
[2023-12-15T11:52:18.609+0000] {logging_mixin.py:154} INFO - [2023-12-15T11:52:18.607+0000] {dagbag.py:536} INFO - Filling up the DagBag from /home/airflow/.local/lib/python3.8/site-packages/airflow/example_dags/tutorial.py
[2023-12-15T11:52:18.638+0000] {processor.py:839} INFO - DAG(s) dict_keys(['tutorial']) retrieved from /home/airflow/.local/lib/python3.8/site-packages/airflow/example_dags/tutorial.py
[2023-12-15T11:52:19.293+0000] {logging_mixin.py:154} INFO - [2023-12-15T11:52:19.293+0000] {dag.py:2941} INFO - Sync 1 DAGs
[2023-12-15T11:52:19.362+0000] {logging_mixin.py:154} INFO - [2023-12-15T11:52:19.361+0000] {dag.py:3722} INFO - Setting next_dagrun for tutorial to 2023-12-14T11:52:19.361251+00:00, run_after=2023-12-15T11:52:19.361251+00:00
[2023-12-15T11:52:19.428+0000] {processor.py:179} INFO - Processing /home/airflow/.local/lib/python3.8/site-packages/airflow/example_dags/tutorial.py took 0.846 seconds
[2023-12-15T11:52:50.774+0000] {processor.py:157} INFO - Started process (PID=1604) to work on /home/airflow/.local/lib/python3.8/site-packages/airflow/example_dags/tutorial.py
[2023-12-15T11:52:50.792+0000] {processor.py:829} INFO - Processing file /home/airflow/.local/lib/python3.8/site-packages/airflow/example_dags/tutorial.py for tasks to queue
[2023-12-15T11:52:50.859+0000] {logging_mixin.py:154} INFO - [2023-12-15T11:52:50.855+0000] {dagbag.py:536} INFO - Filling up the DagBag from /home/airflow/.local/lib/python3.8/site-packages/airflow/example_dags/tutorial.py
[2023-12-15T11:52:50.909+0000] {processor.py:839} INFO - DAG(s) dict_keys(['tutorial']) retrieved from /home/airflow/.local/lib/python3.8/site-packages/airflow/example_dags/tutorial.py
[2023-12-15T11:52:51.177+0000] {logging_mixin.py:154} INFO - [2023-12-15T11:52:51.176+0000] {dag.py:2941} INFO - Sync 1 DAGs
[2023-12-15T11:52:51.437+0000] {logging_mixin.py:154} INFO - [2023-12-15T11:52:51.429+0000] {dag.py:3722} INFO - Setting next_dagrun for tutorial to 2023-12-14T11:52:51.422670+00:00, run_after=2023-12-15T11:52:51.422670+00:00
[2023-12-15T11:52:51.577+0000] {processor.py:179} INFO - Processing /home/airflow/.local/lib/python3.8/site-packages/airflow/example_dags/tutorial.py took 0.915 seconds
[2023-12-15T11:53:22.379+0000] {processor.py:157} INFO - Started process (PID=1657) to work on /home/airflow/.local/lib/python3.8/site-packages/airflow/example_dags/tutorial.py
[2023-12-15T11:53:22.382+0000] {processor.py:829} INFO - Processing file /home/airflow/.local/lib/python3.8/site-packages/airflow/example_dags/tutorial.py for tasks to queue
[2023-12-15T11:53:22.389+0000] {logging_mixin.py:154} INFO - [2023-12-15T11:53:22.389+0000] {dagbag.py:536} INFO - Filling up the DagBag from /home/airflow/.local/lib/python3.8/site-packages/airflow/example_dags/tutorial.py
[2023-12-15T11:53:22.405+0000] {processor.py:839} INFO - DAG(s) dict_keys(['tutorial']) retrieved from /home/airflow/.local/lib/python3.8/site-packages/airflow/example_dags/tutorial.py
[2023-12-15T11:53:22.461+0000] {logging_mixin.py:154} INFO - [2023-12-15T11:53:22.461+0000] {dag.py:2941} INFO - Sync 1 DAGs
[2023-12-15T11:53:22.491+0000] {logging_mixin.py:154} INFO - [2023-12-15T11:53:22.491+0000] {dag.py:3722} INFO - Setting next_dagrun for tutorial to 2023-12-14T11:53:22.490361+00:00, run_after=2023-12-15T11:53:22.490361+00:00
[2023-12-15T11:53:22.514+0000] {processor.py:179} INFO - Processing /home/airflow/.local/lib/python3.8/site-packages/airflow/example_dags/tutorial.py took 0.141 seconds
[2023-12-15T11:53:52.746+0000] {processor.py:157} INFO - Started process (PID=1711) to work on /home/airflow/.local/lib/python3.8/site-packages/airflow/example_dags/tutorial.py
[2023-12-15T11:53:52.749+0000] {processor.py:829} INFO - Processing file /home/airflow/.local/lib/python3.8/site-packages/airflow/example_dags/tutorial.py for tasks to queue
[2023-12-15T11:53:52.751+0000] {logging_mixin.py:154} INFO - [2023-12-15T11:53:52.751+0000] {dagbag.py:536} INFO - Filling up the DagBag from /home/airflow/.local/lib/python3.8/site-packages/airflow/example_dags/tutorial.py
[2023-12-15T11:53:52.769+0000] {processor.py:839} INFO - DAG(s) dict_keys(['tutorial']) retrieved from /home/airflow/.local/lib/python3.8/site-packages/airflow/example_dags/tutorial.py
[2023-12-15T11:53:52.851+0000] {logging_mixin.py:154} INFO - [2023-12-15T11:53:52.851+0000] {dag.py:2941} INFO - Sync 1 DAGs
[2023-12-15T11:53:52.927+0000] {logging_mixin.py:154} INFO - [2023-12-15T11:53:52.926+0000] {dag.py:3722} INFO - Setting next_dagrun for tutorial to 2023-12-14T11:53:52.926725+00:00, run_after=2023-12-15T11:53:52.926725+00:00
[2023-12-15T11:53:52.943+0000] {processor.py:179} INFO - Processing /home/airflow/.local/lib/python3.8/site-packages/airflow/example_dags/tutorial.py took 0.209 seconds
[2023-12-15T11:54:23.651+0000] {processor.py:157} INFO - Started process (PID=1765) to work on /home/airflow/.local/lib/python3.8/site-packages/airflow/example_dags/tutorial.py
[2023-12-15T11:54:23.657+0000] {processor.py:829} INFO - Processing file /home/airflow/.local/lib/python3.8/site-packages/airflow/example_dags/tutorial.py for tasks to queue
[2023-12-15T11:54:23.660+0000] {logging_mixin.py:154} INFO - [2023-12-15T11:54:23.660+0000] {dagbag.py:536} INFO - Filling up the DagBag from /home/airflow/.local/lib/python3.8/site-packages/airflow/example_dags/tutorial.py
[2023-12-15T11:54:23.670+0000] {processor.py:839} INFO - DAG(s) dict_keys(['tutorial']) retrieved from /home/airflow/.local/lib/python3.8/site-packages/airflow/example_dags/tutorial.py
[2023-12-15T11:54:23.728+0000] {logging_mixin.py:154} INFO - [2023-12-15T11:54:23.728+0000] {dag.py:2941} INFO - Sync 1 DAGs
[2023-12-15T11:54:23.769+0000] {logging_mixin.py:154} INFO - [2023-12-15T11:54:23.769+0000] {dag.py:3722} INFO - Setting next_dagrun for tutorial to 2023-12-14T11:54:23.768833+00:00, run_after=2023-12-15T11:54:23.768833+00:00
[2023-12-15T11:54:23.790+0000] {processor.py:179} INFO - Processing /home/airflow/.local/lib/python3.8/site-packages/airflow/example_dags/tutorial.py took 0.154 seconds
[2023-12-15T11:54:54.541+0000] {processor.py:157} INFO - Started process (PID=1819) to work on /home/airflow/.local/lib/python3.8/site-packages/airflow/example_dags/tutorial.py
[2023-12-15T11:54:54.547+0000] {processor.py:829} INFO - Processing file /home/airflow/.local/lib/python3.8/site-packages/airflow/example_dags/tutorial.py for tasks to queue
[2023-12-15T11:54:54.551+0000] {logging_mixin.py:154} INFO - [2023-12-15T11:54:54.551+0000] {dagbag.py:536} INFO - Filling up the DagBag from /home/airflow/.local/lib/python3.8/site-packages/airflow/example_dags/tutorial.py
[2023-12-15T11:54:54.566+0000] {processor.py:839} INFO - DAG(s) dict_keys(['tutorial']) retrieved from /home/airflow/.local/lib/python3.8/site-packages/airflow/example_dags/tutorial.py
[2023-12-15T11:54:54.652+0000] {logging_mixin.py:154} INFO - [2023-12-15T11:54:54.652+0000] {dag.py:2941} INFO - Sync 1 DAGs
[2023-12-15T11:54:54.736+0000] {logging_mixin.py:154} INFO - [2023-12-15T11:54:54.735+0000] {dag.py:3722} INFO - Setting next_dagrun for tutorial to 2023-12-14T11:54:54.735254+00:00, run_after=2023-12-15T11:54:54.735254+00:00
[2023-12-15T11:54:54.789+0000] {processor.py:179} INFO - Processing /home/airflow/.local/lib/python3.8/site-packages/airflow/example_dags/tutorial.py took 0.257 seconds
[2023-12-15T11:55:25.963+0000] {processor.py:157} INFO - Started process (PID=1873) to work on /home/airflow/.local/lib/python3.8/site-packages/airflow/example_dags/tutorial.py
[2023-12-15T11:55:25.981+0000] {processor.py:829} INFO - Processing file /home/airflow/.local/lib/python3.8/site-packages/airflow/example_dags/tutorial.py for tasks to queue
[2023-12-15T11:55:25.988+0000] {logging_mixin.py:154} INFO - [2023-12-15T11:55:25.988+0000] {dagbag.py:536} INFO - Filling up the DagBag from /home/airflow/.local/lib/python3.8/site-packages/airflow/example_dags/tutorial.py
[2023-12-15T11:55:26.062+0000] {processor.py:839} INFO - DAG(s) dict_keys(['tutorial']) retrieved from /home/airflow/.local/lib/python3.8/site-packages/airflow/example_dags/tutorial.py
[2023-12-15T11:55:26.189+0000] {logging_mixin.py:154} INFO - [2023-12-15T11:55:26.189+0000] {dag.py:2941} INFO - Sync 1 DAGs
[2023-12-15T11:55:26.252+0000] {logging_mixin.py:154} INFO - [2023-12-15T11:55:26.252+0000] {dag.py:3722} INFO - Setting next_dagrun for tutorial to 2023-12-14T11:55:26.251060+00:00, run_after=2023-12-15T11:55:26.251060+00:00
[2023-12-15T11:55:26.530+0000] {processor.py:179} INFO - Processing /home/airflow/.local/lib/python3.8/site-packages/airflow/example_dags/tutorial.py took 0.577 seconds
[2023-12-15T11:55:56.786+0000] {processor.py:157} INFO - Started process (PID=1928) to work on /home/airflow/.local/lib/python3.8/site-packages/airflow/example_dags/tutorial.py
[2023-12-15T11:55:56.790+0000] {processor.py:829} INFO - Processing file /home/airflow/.local/lib/python3.8/site-packages/airflow/example_dags/tutorial.py for tasks to queue
[2023-12-15T11:55:56.793+0000] {logging_mixin.py:154} INFO - [2023-12-15T11:55:56.793+0000] {dagbag.py:536} INFO - Filling up the DagBag from /home/airflow/.local/lib/python3.8/site-packages/airflow/example_dags/tutorial.py
[2023-12-15T11:55:56.803+0000] {processor.py:839} INFO - DAG(s) dict_keys(['tutorial']) retrieved from /home/airflow/.local/lib/python3.8/site-packages/airflow/example_dags/tutorial.py
[2023-12-15T11:55:56.842+0000] {logging_mixin.py:154} INFO - [2023-12-15T11:55:56.842+0000] {dag.py:2941} INFO - Sync 1 DAGs
[2023-12-15T11:55:56.878+0000] {logging_mixin.py:154} INFO - [2023-12-15T11:55:56.877+0000] {dag.py:3722} INFO - Setting next_dagrun for tutorial to 2023-12-14T11:55:56.877316+00:00, run_after=2023-12-15T11:55:56.877316+00:00
[2023-12-15T11:55:56.902+0000] {processor.py:179} INFO - Processing /home/airflow/.local/lib/python3.8/site-packages/airflow/example_dags/tutorial.py took 0.119 seconds
[2023-12-15T11:56:27.512+0000] {processor.py:157} INFO - Started process (PID=1983) to work on /home/airflow/.local/lib/python3.8/site-packages/airflow/example_dags/tutorial.py
[2023-12-15T11:56:27.514+0000] {processor.py:829} INFO - Processing file /home/airflow/.local/lib/python3.8/site-packages/airflow/example_dags/tutorial.py for tasks to queue
[2023-12-15T11:56:27.516+0000] {logging_mixin.py:154} INFO - [2023-12-15T11:56:27.516+0000] {dagbag.py:536} INFO - Filling up the DagBag from /home/airflow/.local/lib/python3.8/site-packages/airflow/example_dags/tutorial.py
[2023-12-15T11:56:27.527+0000] {processor.py:839} INFO - DAG(s) dict_keys(['tutorial']) retrieved from /home/airflow/.local/lib/python3.8/site-packages/airflow/example_dags/tutorial.py
[2023-12-15T11:56:27.563+0000] {logging_mixin.py:154} INFO - [2023-12-15T11:56:27.562+0000] {dag.py:2941} INFO - Sync 1 DAGs
[2023-12-15T11:56:27.581+0000] {logging_mixin.py:154} INFO - [2023-12-15T11:56:27.580+0000] {dag.py:3722} INFO - Setting next_dagrun for tutorial to 2023-12-14T11:56:27.579586+00:00, run_after=2023-12-15T11:56:27.579586+00:00
[2023-12-15T11:56:27.611+0000] {processor.py:179} INFO - Processing /home/airflow/.local/lib/python3.8/site-packages/airflow/example_dags/tutorial.py took 0.104 seconds
[2023-12-15T11:56:57.952+0000] {processor.py:157} INFO - Started process (PID=2036) to work on /home/airflow/.local/lib/python3.8/site-packages/airflow/example_dags/tutorial.py
[2023-12-15T11:56:57.953+0000] {processor.py:829} INFO - Processing file /home/airflow/.local/lib/python3.8/site-packages/airflow/example_dags/tutorial.py for tasks to queue
[2023-12-15T11:56:57.957+0000] {logging_mixin.py:154} INFO - [2023-12-15T11:56:57.957+0000] {dagbag.py:536} INFO - Filling up the DagBag from /home/airflow/.local/lib/python3.8/site-packages/airflow/example_dags/tutorial.py
[2023-12-15T11:56:57.965+0000] {processor.py:839} INFO - DAG(s) dict_keys(['tutorial']) retrieved from /home/airflow/.local/lib/python3.8/site-packages/airflow/example_dags/tutorial.py
[2023-12-15T11:56:57.983+0000] {logging_mixin.py:154} INFO - [2023-12-15T11:56:57.983+0000] {dag.py:2941} INFO - Sync 1 DAGs
[2023-12-15T11:56:57.995+0000] {logging_mixin.py:154} INFO - [2023-12-15T11:56:57.995+0000] {dag.py:3722} INFO - Setting next_dagrun for tutorial to 2023-12-14T11:56:57.995115+00:00, run_after=2023-12-15T11:56:57.995115+00:00
[2023-12-15T11:56:58.013+0000] {processor.py:179} INFO - Processing /home/airflow/.local/lib/python3.8/site-packages/airflow/example_dags/tutorial.py took 0.069 seconds
[2023-12-15T11:57:29.517+0000] {processor.py:157} INFO - Started process (PID=2090) to work on /home/airflow/.local/lib/python3.8/site-packages/airflow/example_dags/tutorial.py
[2023-12-15T11:57:29.524+0000] {processor.py:829} INFO - Processing file /home/airflow/.local/lib/python3.8/site-packages/airflow/example_dags/tutorial.py for tasks to queue
[2023-12-15T11:57:29.531+0000] {logging_mixin.py:154} INFO - [2023-12-15T11:57:29.530+0000] {dagbag.py:536} INFO - Filling up the DagBag from /home/airflow/.local/lib/python3.8/site-packages/airflow/example_dags/tutorial.py
[2023-12-15T11:57:29.560+0000] {processor.py:839} INFO - DAG(s) dict_keys(['tutorial']) retrieved from /home/airflow/.local/lib/python3.8/site-packages/airflow/example_dags/tutorial.py
[2023-12-15T11:57:29.621+0000] {logging_mixin.py:154} INFO - [2023-12-15T11:57:29.621+0000] {dag.py:2941} INFO - Sync 1 DAGs
[2023-12-15T11:57:29.674+0000] {logging_mixin.py:154} INFO - [2023-12-15T11:57:29.673+0000] {dag.py:3722} INFO - Setting next_dagrun for tutorial to 2023-12-14T11:57:29.673398+00:00, run_after=2023-12-15T11:57:29.673398+00:00
[2023-12-15T11:57:29.755+0000] {processor.py:179} INFO - Processing /home/airflow/.local/lib/python3.8/site-packages/airflow/example_dags/tutorial.py took 0.245 seconds
[2023-12-15T11:58:00.238+0000] {processor.py:157} INFO - Started process (PID=2144) to work on /home/airflow/.local/lib/python3.8/site-packages/airflow/example_dags/tutorial.py
[2023-12-15T11:58:00.239+0000] {processor.py:829} INFO - Processing file /home/airflow/.local/lib/python3.8/site-packages/airflow/example_dags/tutorial.py for tasks to queue
[2023-12-15T11:58:00.243+0000] {logging_mixin.py:154} INFO - [2023-12-15T11:58:00.243+0000] {dagbag.py:536} INFO - Filling up the DagBag from /home/airflow/.local/lib/python3.8/site-packages/airflow/example_dags/tutorial.py
[2023-12-15T11:58:00.250+0000] {processor.py:839} INFO - DAG(s) dict_keys(['tutorial']) retrieved from /home/airflow/.local/lib/python3.8/site-packages/airflow/example_dags/tutorial.py
[2023-12-15T11:58:00.283+0000] {logging_mixin.py:154} INFO - [2023-12-15T11:58:00.283+0000] {dag.py:2941} INFO - Sync 1 DAGs
[2023-12-15T11:58:00.310+0000] {logging_mixin.py:154} INFO - [2023-12-15T11:58:00.310+0000] {dag.py:3722} INFO - Setting next_dagrun for tutorial to 2023-12-14T11:58:00.309904+00:00, run_after=2023-12-15T11:58:00.309904+00:00
[2023-12-15T11:58:00.329+0000] {processor.py:179} INFO - Processing /home/airflow/.local/lib/python3.8/site-packages/airflow/example_dags/tutorial.py took 0.096 seconds
[2023-12-15T11:58:30.759+0000] {processor.py:157} INFO - Started process (PID=2198) to work on /home/airflow/.local/lib/python3.8/site-packages/airflow/example_dags/tutorial.py
[2023-12-15T11:58:30.760+0000] {processor.py:829} INFO - Processing file /home/airflow/.local/lib/python3.8/site-packages/airflow/example_dags/tutorial.py for tasks to queue
[2023-12-15T11:58:30.762+0000] {logging_mixin.py:154} INFO - [2023-12-15T11:58:30.762+0000] {dagbag.py:536} INFO - Filling up the DagBag from /home/airflow/.local/lib/python3.8/site-packages/airflow/example_dags/tutorial.py
[2023-12-15T11:58:30.767+0000] {processor.py:839} INFO - DAG(s) dict_keys(['tutorial']) retrieved from /home/airflow/.local/lib/python3.8/site-packages/airflow/example_dags/tutorial.py
[2023-12-15T11:58:30.784+0000] {logging_mixin.py:154} INFO - [2023-12-15T11:58:30.784+0000] {dag.py:2941} INFO - Sync 1 DAGs
[2023-12-15T11:58:30.798+0000] {logging_mixin.py:154} INFO - [2023-12-15T11:58:30.798+0000] {dag.py:3722} INFO - Setting next_dagrun for tutorial to 2023-12-14T11:58:30.798155+00:00, run_after=2023-12-15T11:58:30.798155+00:00
[2023-12-15T11:58:30.808+0000] {processor.py:179} INFO - Processing /home/airflow/.local/lib/python3.8/site-packages/airflow/example_dags/tutorial.py took 0.053 seconds
[2023-12-15T11:59:01.565+0000] {processor.py:157} INFO - Started process (PID=2251) to work on /home/airflow/.local/lib/python3.8/site-packages/airflow/example_dags/tutorial.py
[2023-12-15T11:59:01.566+0000] {processor.py:829} INFO - Processing file /home/airflow/.local/lib/python3.8/site-packages/airflow/example_dags/tutorial.py for tasks to queue
[2023-12-15T11:59:01.568+0000] {logging_mixin.py:154} INFO - [2023-12-15T11:59:01.568+0000] {dagbag.py:536} INFO - Filling up the DagBag from /home/airflow/.local/lib/python3.8/site-packages/airflow/example_dags/tutorial.py
[2023-12-15T11:59:01.576+0000] {processor.py:839} INFO - DAG(s) dict_keys(['tutorial']) retrieved from /home/airflow/.local/lib/python3.8/site-packages/airflow/example_dags/tutorial.py
[2023-12-15T11:59:01.590+0000] {logging_mixin.py:154} INFO - [2023-12-15T11:59:01.590+0000] {dag.py:2941} INFO - Sync 1 DAGs
[2023-12-15T11:59:01.604+0000] {logging_mixin.py:154} INFO - [2023-12-15T11:59:01.604+0000] {dag.py:3722} INFO - Setting next_dagrun for tutorial to 2023-12-14T11:59:01.604401+00:00, run_after=2023-12-15T11:59:01.604401+00:00
[2023-12-15T11:59:01.618+0000] {processor.py:179} INFO - Processing /home/airflow/.local/lib/python3.8/site-packages/airflow/example_dags/tutorial.py took 0.055 seconds
[2023-12-15T11:59:31.873+0000] {processor.py:157} INFO - Started process (PID=2305) to work on /home/airflow/.local/lib/python3.8/site-packages/airflow/example_dags/tutorial.py
[2023-12-15T11:59:31.873+0000] {processor.py:829} INFO - Processing file /home/airflow/.local/lib/python3.8/site-packages/airflow/example_dags/tutorial.py for tasks to queue
[2023-12-15T11:59:31.875+0000] {logging_mixin.py:154} INFO - [2023-12-15T11:59:31.875+0000] {dagbag.py:536} INFO - Filling up the DagBag from /home/airflow/.local/lib/python3.8/site-packages/airflow/example_dags/tutorial.py
[2023-12-15T11:59:31.882+0000] {processor.py:839} INFO - DAG(s) dict_keys(['tutorial']) retrieved from /home/airflow/.local/lib/python3.8/site-packages/airflow/example_dags/tutorial.py
[2023-12-15T11:59:31.900+0000] {logging_mixin.py:154} INFO - [2023-12-15T11:59:31.900+0000] {dag.py:2941} INFO - Sync 1 DAGs
[2023-12-15T11:59:31.915+0000] {logging_mixin.py:154} INFO - [2023-12-15T11:59:31.915+0000] {dag.py:3722} INFO - Setting next_dagrun for tutorial to 2023-12-14T11:59:31.914908+00:00, run_after=2023-12-15T11:59:31.914908+00:00
[2023-12-15T11:59:31.929+0000] {processor.py:179} INFO - Processing /home/airflow/.local/lib/python3.8/site-packages/airflow/example_dags/tutorial.py took 0.060 seconds
[2023-12-15T12:00:02.818+0000] {processor.py:157} INFO - Started process (PID=2358) to work on /home/airflow/.local/lib/python3.8/site-packages/airflow/example_dags/tutorial.py
[2023-12-15T12:00:02.826+0000] {processor.py:829} INFO - Processing file /home/airflow/.local/lib/python3.8/site-packages/airflow/example_dags/tutorial.py for tasks to queue
[2023-12-15T12:00:02.834+0000] {logging_mixin.py:154} INFO - [2023-12-15T12:00:02.833+0000] {dagbag.py:536} INFO - Filling up the DagBag from /home/airflow/.local/lib/python3.8/site-packages/airflow/example_dags/tutorial.py
[2023-12-15T12:00:02.848+0000] {processor.py:839} INFO - DAG(s) dict_keys(['tutorial']) retrieved from /home/airflow/.local/lib/python3.8/site-packages/airflow/example_dags/tutorial.py
[2023-12-15T12:00:02.939+0000] {logging_mixin.py:154} INFO - [2023-12-15T12:00:02.938+0000] {dag.py:2941} INFO - Sync 1 DAGs
[2023-12-15T12:00:02.992+0000] {logging_mixin.py:154} INFO - [2023-12-15T12:00:02.992+0000] {dag.py:3722} INFO - Setting next_dagrun for tutorial to 2023-12-14T12:00:02.991048+00:00, run_after=2023-12-15T12:00:02.991048+00:00
[2023-12-15T12:00:03.028+0000] {processor.py:179} INFO - Processing /home/airflow/.local/lib/python3.8/site-packages/airflow/example_dags/tutorial.py took 0.227 seconds
[2023-12-15T12:00:33.792+0000] {processor.py:157} INFO - Started process (PID=2412) to work on /home/airflow/.local/lib/python3.8/site-packages/airflow/example_dags/tutorial.py
[2023-12-15T12:00:33.811+0000] {processor.py:829} INFO - Processing file /home/airflow/.local/lib/python3.8/site-packages/airflow/example_dags/tutorial.py for tasks to queue
[2023-12-15T12:00:33.820+0000] {logging_mixin.py:154} INFO - [2023-12-15T12:00:33.819+0000] {dagbag.py:536} INFO - Filling up the DagBag from /home/airflow/.local/lib/python3.8/site-packages/airflow/example_dags/tutorial.py
[2023-12-15T12:00:33.867+0000] {processor.py:839} INFO - DAG(s) dict_keys(['tutorial']) retrieved from /home/airflow/.local/lib/python3.8/site-packages/airflow/example_dags/tutorial.py
[2023-12-15T12:00:33.931+0000] {logging_mixin.py:154} INFO - [2023-12-15T12:00:33.931+0000] {dag.py:2941} INFO - Sync 1 DAGs
[2023-12-15T12:00:34.058+0000] {logging_mixin.py:154} INFO - [2023-12-15T12:00:34.057+0000] {dag.py:3722} INFO - Setting next_dagrun for tutorial to 2023-12-14T12:00:34.055252+00:00, run_after=2023-12-15T12:00:34.055252+00:00
[2023-12-15T12:00:34.099+0000] {processor.py:179} INFO - Processing /home/airflow/.local/lib/python3.8/site-packages/airflow/example_dags/tutorial.py took 0.337 seconds
[2023-12-15T12:01:04.408+0000] {processor.py:157} INFO - Started process (PID=2466) to work on /home/airflow/.local/lib/python3.8/site-packages/airflow/example_dags/tutorial.py
[2023-12-15T12:01:04.411+0000] {processor.py:829} INFO - Processing file /home/airflow/.local/lib/python3.8/site-packages/airflow/example_dags/tutorial.py for tasks to queue
[2023-12-15T12:01:04.415+0000] {logging_mixin.py:154} INFO - [2023-12-15T12:01:04.415+0000] {dagbag.py:536} INFO - Filling up the DagBag from /home/airflow/.local/lib/python3.8/site-packages/airflow/example_dags/tutorial.py
[2023-12-15T12:01:04.429+0000] {processor.py:839} INFO - DAG(s) dict_keys(['tutorial']) retrieved from /home/airflow/.local/lib/python3.8/site-packages/airflow/example_dags/tutorial.py
[2023-12-15T12:01:04.627+0000] {logging_mixin.py:154} INFO - [2023-12-15T12:01:04.626+0000] {dag.py:2941} INFO - Sync 1 DAGs
[2023-12-15T12:01:04.709+0000] {logging_mixin.py:154} INFO - [2023-12-15T12:01:04.709+0000] {dag.py:3722} INFO - Setting next_dagrun for tutorial to 2023-12-14T12:01:04.708945+00:00, run_after=2023-12-15T12:01:04.708945+00:00
[2023-12-15T12:01:04.777+0000] {processor.py:179} INFO - Processing /home/airflow/.local/lib/python3.8/site-packages/airflow/example_dags/tutorial.py took 0.374 seconds
[2023-12-15T12:01:35.685+0000] {processor.py:157} INFO - Started process (PID=2520) to work on /home/airflow/.local/lib/python3.8/site-packages/airflow/example_dags/tutorial.py
[2023-12-15T12:01:35.687+0000] {processor.py:829} INFO - Processing file /home/airflow/.local/lib/python3.8/site-packages/airflow/example_dags/tutorial.py for tasks to queue
[2023-12-15T12:01:35.693+0000] {logging_mixin.py:154} INFO - [2023-12-15T12:01:35.692+0000] {dagbag.py:536} INFO - Filling up the DagBag from /home/airflow/.local/lib/python3.8/site-packages/airflow/example_dags/tutorial.py
[2023-12-15T12:01:35.704+0000] {processor.py:839} INFO - DAG(s) dict_keys(['tutorial']) retrieved from /home/airflow/.local/lib/python3.8/site-packages/airflow/example_dags/tutorial.py
[2023-12-15T12:01:35.735+0000] {logging_mixin.py:154} INFO - [2023-12-15T12:01:35.735+0000] {dag.py:2941} INFO - Sync 1 DAGs
[2023-12-15T12:01:35.775+0000] {logging_mixin.py:154} INFO - [2023-12-15T12:01:35.775+0000] {dag.py:3722} INFO - Setting next_dagrun for tutorial to 2023-12-14T12:01:35.774905+00:00, run_after=2023-12-15T12:01:35.774905+00:00
[2023-12-15T12:01:35.795+0000] {processor.py:179} INFO - Processing /home/airflow/.local/lib/python3.8/site-packages/airflow/example_dags/tutorial.py took 0.115 seconds
[2023-12-15T12:02:07.072+0000] {processor.py:157} INFO - Started process (PID=2574) to work on /home/airflow/.local/lib/python3.8/site-packages/airflow/example_dags/tutorial.py
[2023-12-15T12:02:07.078+0000] {processor.py:829} INFO - Processing file /home/airflow/.local/lib/python3.8/site-packages/airflow/example_dags/tutorial.py for tasks to queue
[2023-12-15T12:02:07.094+0000] {logging_mixin.py:154} INFO - [2023-12-15T12:02:07.092+0000] {dagbag.py:536} INFO - Filling up the DagBag from /home/airflow/.local/lib/python3.8/site-packages/airflow/example_dags/tutorial.py
[2023-12-15T12:02:07.113+0000] {processor.py:839} INFO - DAG(s) dict_keys(['tutorial']) retrieved from /home/airflow/.local/lib/python3.8/site-packages/airflow/example_dags/tutorial.py
[2023-12-15T12:02:07.172+0000] {logging_mixin.py:154} INFO - [2023-12-15T12:02:07.172+0000] {dag.py:2941} INFO - Sync 1 DAGs
[2023-12-15T12:02:07.265+0000] {logging_mixin.py:154} INFO - [2023-12-15T12:02:07.265+0000] {dag.py:3722} INFO - Setting next_dagrun for tutorial to 2023-12-14T12:02:07.264797+00:00, run_after=2023-12-15T12:02:07.264797+00:00
[2023-12-15T12:02:07.305+0000] {processor.py:179} INFO - Processing /home/airflow/.local/lib/python3.8/site-packages/airflow/example_dags/tutorial.py took 0.265 seconds
[2023-12-15T12:02:37.974+0000] {processor.py:157} INFO - Started process (PID=2628) to work on /home/airflow/.local/lib/python3.8/site-packages/airflow/example_dags/tutorial.py
[2023-12-15T12:02:37.977+0000] {processor.py:829} INFO - Processing file /home/airflow/.local/lib/python3.8/site-packages/airflow/example_dags/tutorial.py for tasks to queue
[2023-12-15T12:02:37.981+0000] {logging_mixin.py:154} INFO - [2023-12-15T12:02:37.980+0000] {dagbag.py:536} INFO - Filling up the DagBag from /home/airflow/.local/lib/python3.8/site-packages/airflow/example_dags/tutorial.py
[2023-12-15T12:02:37.992+0000] {processor.py:839} INFO - DAG(s) dict_keys(['tutorial']) retrieved from /home/airflow/.local/lib/python3.8/site-packages/airflow/example_dags/tutorial.py
[2023-12-15T12:02:38.079+0000] {logging_mixin.py:154} INFO - [2023-12-15T12:02:38.079+0000] {dag.py:2941} INFO - Sync 1 DAGs
[2023-12-15T12:02:38.124+0000] {logging_mixin.py:154} INFO - [2023-12-15T12:02:38.124+0000] {dag.py:3722} INFO - Setting next_dagrun for tutorial to 2023-12-14T12:02:38.123721+00:00, run_after=2023-12-15T12:02:38.123721+00:00
[2023-12-15T12:02:38.154+0000] {processor.py:179} INFO - Processing /home/airflow/.local/lib/python3.8/site-packages/airflow/example_dags/tutorial.py took 0.185 seconds
[2023-12-15T12:03:08.809+0000] {processor.py:157} INFO - Started process (PID=2682) to work on /home/airflow/.local/lib/python3.8/site-packages/airflow/example_dags/tutorial.py
[2023-12-15T12:03:08.816+0000] {processor.py:829} INFO - Processing file /home/airflow/.local/lib/python3.8/site-packages/airflow/example_dags/tutorial.py for tasks to queue
[2023-12-15T12:03:08.845+0000] {logging_mixin.py:154} INFO - [2023-12-15T12:03:08.843+0000] {dagbag.py:536} INFO - Filling up the DagBag from /home/airflow/.local/lib/python3.8/site-packages/airflow/example_dags/tutorial.py
[2023-12-15T12:03:08.920+0000] {processor.py:839} INFO - DAG(s) dict_keys(['tutorial']) retrieved from /home/airflow/.local/lib/python3.8/site-packages/airflow/example_dags/tutorial.py
[2023-12-15T12:03:08.969+0000] {logging_mixin.py:154} INFO - [2023-12-15T12:03:08.968+0000] {dag.py:2941} INFO - Sync 1 DAGs
[2023-12-15T12:03:09.022+0000] {logging_mixin.py:154} INFO - [2023-12-15T12:03:09.021+0000] {dag.py:3722} INFO - Setting next_dagrun for tutorial to 2023-12-14T12:03:09.021370+00:00, run_after=2023-12-15T12:03:09.021370+00:00
[2023-12-15T12:03:09.113+0000] {processor.py:179} INFO - Processing /home/airflow/.local/lib/python3.8/site-packages/airflow/example_dags/tutorial.py took 0.325 seconds
[2023-12-15T12:03:40.095+0000] {processor.py:157} INFO - Started process (PID=2736) to work on /home/airflow/.local/lib/python3.8/site-packages/airflow/example_dags/tutorial.py
[2023-12-15T12:03:40.100+0000] {processor.py:829} INFO - Processing file /home/airflow/.local/lib/python3.8/site-packages/airflow/example_dags/tutorial.py for tasks to queue
[2023-12-15T12:03:40.106+0000] {logging_mixin.py:154} INFO - [2023-12-15T12:03:40.105+0000] {dagbag.py:536} INFO - Filling up the DagBag from /home/airflow/.local/lib/python3.8/site-packages/airflow/example_dags/tutorial.py
[2023-12-15T12:03:40.131+0000] {processor.py:839} INFO - DAG(s) dict_keys(['tutorial']) retrieved from /home/airflow/.local/lib/python3.8/site-packages/airflow/example_dags/tutorial.py
[2023-12-15T12:03:40.217+0000] {logging_mixin.py:154} INFO - [2023-12-15T12:03:40.217+0000] {dag.py:2941} INFO - Sync 1 DAGs
[2023-12-15T12:03:40.342+0000] {logging_mixin.py:154} INFO - [2023-12-15T12:03:40.340+0000] {dag.py:3722} INFO - Setting next_dagrun for tutorial to 2023-12-14T12:03:40.336606+00:00, run_after=2023-12-15T12:03:40.336606+00:00
[2023-12-15T12:03:40.420+0000] {processor.py:179} INFO - Processing /home/airflow/.local/lib/python3.8/site-packages/airflow/example_dags/tutorial.py took 0.330 seconds
[2023-12-15T12:04:11.145+0000] {processor.py:157} INFO - Started process (PID=2790) to work on /home/airflow/.local/lib/python3.8/site-packages/airflow/example_dags/tutorial.py
[2023-12-15T12:04:11.149+0000] {processor.py:829} INFO - Processing file /home/airflow/.local/lib/python3.8/site-packages/airflow/example_dags/tutorial.py for tasks to queue
[2023-12-15T12:04:11.156+0000] {logging_mixin.py:154} INFO - [2023-12-15T12:04:11.156+0000] {dagbag.py:536} INFO - Filling up the DagBag from /home/airflow/.local/lib/python3.8/site-packages/airflow/example_dags/tutorial.py
[2023-12-15T12:04:11.168+0000] {processor.py:839} INFO - DAG(s) dict_keys(['tutorial']) retrieved from /home/airflow/.local/lib/python3.8/site-packages/airflow/example_dags/tutorial.py
[2023-12-15T12:04:11.190+0000] {logging_mixin.py:154} INFO - [2023-12-15T12:04:11.190+0000] {dag.py:2941} INFO - Sync 1 DAGs
[2023-12-15T12:04:11.217+0000] {logging_mixin.py:154} INFO - [2023-12-15T12:04:11.217+0000] {dag.py:3722} INFO - Setting next_dagrun for tutorial to 2023-12-14T12:04:11.217012+00:00, run_after=2023-12-15T12:04:11.217012+00:00
[2023-12-15T12:04:11.234+0000] {processor.py:179} INFO - Processing /home/airflow/.local/lib/python3.8/site-packages/airflow/example_dags/tutorial.py took 0.092 seconds
[2023-12-15T12:04:42.414+0000] {processor.py:157} INFO - Started process (PID=2844) to work on /home/airflow/.local/lib/python3.8/site-packages/airflow/example_dags/tutorial.py
[2023-12-15T12:04:42.415+0000] {processor.py:829} INFO - Processing file /home/airflow/.local/lib/python3.8/site-packages/airflow/example_dags/tutorial.py for tasks to queue
[2023-12-15T12:04:42.419+0000] {logging_mixin.py:154} INFO - [2023-12-15T12:04:42.418+0000] {dagbag.py:536} INFO - Filling up the DagBag from /home/airflow/.local/lib/python3.8/site-packages/airflow/example_dags/tutorial.py
[2023-12-15T12:04:42.428+0000] {processor.py:839} INFO - DAG(s) dict_keys(['tutorial']) retrieved from /home/airflow/.local/lib/python3.8/site-packages/airflow/example_dags/tutorial.py
[2023-12-15T12:04:42.460+0000] {logging_mixin.py:154} INFO - [2023-12-15T12:04:42.460+0000] {dag.py:2941} INFO - Sync 1 DAGs
[2023-12-15T12:04:42.495+0000] {logging_mixin.py:154} INFO - [2023-12-15T12:04:42.495+0000] {dag.py:3722} INFO - Setting next_dagrun for tutorial to 2023-12-14T12:04:42.494928+00:00, run_after=2023-12-15T12:04:42.494928+00:00
[2023-12-15T12:04:42.538+0000] {processor.py:179} INFO - Processing /home/airflow/.local/lib/python3.8/site-packages/airflow/example_dags/tutorial.py took 0.130 seconds
[2023-12-15T12:05:13.885+0000] {processor.py:157} INFO - Started process (PID=2898) to work on /home/airflow/.local/lib/python3.8/site-packages/airflow/example_dags/tutorial.py
[2023-12-15T12:05:13.890+0000] {processor.py:829} INFO - Processing file /home/airflow/.local/lib/python3.8/site-packages/airflow/example_dags/tutorial.py for tasks to queue
[2023-12-15T12:05:13.894+0000] {logging_mixin.py:154} INFO - [2023-12-15T12:05:13.893+0000] {dagbag.py:536} INFO - Filling up the DagBag from /home/airflow/.local/lib/python3.8/site-packages/airflow/example_dags/tutorial.py
[2023-12-15T12:05:13.903+0000] {processor.py:839} INFO - DAG(s) dict_keys(['tutorial']) retrieved from /home/airflow/.local/lib/python3.8/site-packages/airflow/example_dags/tutorial.py
[2023-12-15T12:05:13.929+0000] {logging_mixin.py:154} INFO - [2023-12-15T12:05:13.929+0000] {dag.py:2941} INFO - Sync 1 DAGs
[2023-12-15T12:05:13.957+0000] {logging_mixin.py:154} INFO - [2023-12-15T12:05:13.956+0000] {dag.py:3722} INFO - Setting next_dagrun for tutorial to 2023-12-14T12:05:13.955691+00:00, run_after=2023-12-15T12:05:13.955691+00:00
[2023-12-15T12:05:13.989+0000] {processor.py:179} INFO - Processing /home/airflow/.local/lib/python3.8/site-packages/airflow/example_dags/tutorial.py took 0.108 seconds
[2023-12-15T12:05:44.227+0000] {processor.py:157} INFO - Started process (PID=2950) to work on /home/airflow/.local/lib/python3.8/site-packages/airflow/example_dags/tutorial.py
[2023-12-15T12:05:44.231+0000] {processor.py:829} INFO - Processing file /home/airflow/.local/lib/python3.8/site-packages/airflow/example_dags/tutorial.py for tasks to queue
[2023-12-15T12:05:44.235+0000] {logging_mixin.py:154} INFO - [2023-12-15T12:05:44.234+0000] {dagbag.py:536} INFO - Filling up the DagBag from /home/airflow/.local/lib/python3.8/site-packages/airflow/example_dags/tutorial.py
[2023-12-15T12:05:44.260+0000] {processor.py:839} INFO - DAG(s) dict_keys(['tutorial']) retrieved from /home/airflow/.local/lib/python3.8/site-packages/airflow/example_dags/tutorial.py
[2023-12-15T12:05:44.326+0000] {logging_mixin.py:154} INFO - [2023-12-15T12:05:44.326+0000] {dag.py:2941} INFO - Sync 1 DAGs
[2023-12-15T12:05:44.534+0000] {logging_mixin.py:154} INFO - [2023-12-15T12:05:44.534+0000] {dag.py:3722} INFO - Setting next_dagrun for tutorial to 2023-12-14T12:05:44.530850+00:00, run_after=2023-12-15T12:05:44.530850+00:00
[2023-12-15T12:05:44.573+0000] {processor.py:179} INFO - Processing /home/airflow/.local/lib/python3.8/site-packages/airflow/example_dags/tutorial.py took 0.352 seconds
[2023-12-15T12:06:15.000+0000] {processor.py:157} INFO - Started process (PID=3004) to work on /home/airflow/.local/lib/python3.8/site-packages/airflow/example_dags/tutorial.py
[2023-12-15T12:06:15.033+0000] {processor.py:829} INFO - Processing file /home/airflow/.local/lib/python3.8/site-packages/airflow/example_dags/tutorial.py for tasks to queue
[2023-12-15T12:06:15.042+0000] {logging_mixin.py:154} INFO - [2023-12-15T12:06:15.042+0000] {dagbag.py:536} INFO - Filling up the DagBag from /home/airflow/.local/lib/python3.8/site-packages/airflow/example_dags/tutorial.py
[2023-12-15T12:06:15.083+0000] {processor.py:839} INFO - DAG(s) dict_keys(['tutorial']) retrieved from /home/airflow/.local/lib/python3.8/site-packages/airflow/example_dags/tutorial.py
[2023-12-15T12:06:15.128+0000] {logging_mixin.py:154} INFO - [2023-12-15T12:06:15.128+0000] {dag.py:2941} INFO - Sync 1 DAGs
[2023-12-15T12:06:15.175+0000] {logging_mixin.py:154} INFO - [2023-12-15T12:06:15.174+0000] {dag.py:3722} INFO - Setting next_dagrun for tutorial to 2023-12-14T12:06:15.174330+00:00, run_after=2023-12-15T12:06:15.174330+00:00
[2023-12-15T12:06:15.243+0000] {processor.py:179} INFO - Processing /home/airflow/.local/lib/python3.8/site-packages/airflow/example_dags/tutorial.py took 0.262 seconds
[2023-12-15T12:06:46.103+0000] {processor.py:157} INFO - Started process (PID=3058) to work on /home/airflow/.local/lib/python3.8/site-packages/airflow/example_dags/tutorial.py
[2023-12-15T12:06:46.106+0000] {processor.py:829} INFO - Processing file /home/airflow/.local/lib/python3.8/site-packages/airflow/example_dags/tutorial.py for tasks to queue
[2023-12-15T12:06:46.110+0000] {logging_mixin.py:154} INFO - [2023-12-15T12:06:46.109+0000] {dagbag.py:536} INFO - Filling up the DagBag from /home/airflow/.local/lib/python3.8/site-packages/airflow/example_dags/tutorial.py
[2023-12-15T12:06:46.119+0000] {processor.py:839} INFO - DAG(s) dict_keys(['tutorial']) retrieved from /home/airflow/.local/lib/python3.8/site-packages/airflow/example_dags/tutorial.py
[2023-12-15T12:06:46.145+0000] {logging_mixin.py:154} INFO - [2023-12-15T12:06:46.145+0000] {dag.py:2941} INFO - Sync 1 DAGs
[2023-12-15T12:06:46.167+0000] {logging_mixin.py:154} INFO - [2023-12-15T12:06:46.167+0000] {dag.py:3722} INFO - Setting next_dagrun for tutorial to 2023-12-14T12:06:46.167475+00:00, run_after=2023-12-15T12:06:46.167475+00:00
[2023-12-15T12:06:46.184+0000] {processor.py:179} INFO - Processing /home/airflow/.local/lib/python3.8/site-packages/airflow/example_dags/tutorial.py took 0.086 seconds
[2023-12-15T12:07:17.390+0000] {processor.py:157} INFO - Started process (PID=3111) to work on /home/airflow/.local/lib/python3.8/site-packages/airflow/example_dags/tutorial.py
[2023-12-15T12:07:17.399+0000] {processor.py:829} INFO - Processing file /home/airflow/.local/lib/python3.8/site-packages/airflow/example_dags/tutorial.py for tasks to queue
[2023-12-15T12:07:17.441+0000] {logging_mixin.py:154} INFO - [2023-12-15T12:07:17.440+0000] {dagbag.py:536} INFO - Filling up the DagBag from /home/airflow/.local/lib/python3.8/site-packages/airflow/example_dags/tutorial.py
[2023-12-15T12:07:17.497+0000] {processor.py:839} INFO - DAG(s) dict_keys(['tutorial']) retrieved from /home/airflow/.local/lib/python3.8/site-packages/airflow/example_dags/tutorial.py
[2023-12-15T12:07:17.561+0000] {logging_mixin.py:154} INFO - [2023-12-15T12:07:17.561+0000] {dag.py:2941} INFO - Sync 1 DAGs
[2023-12-15T12:07:17.599+0000] {logging_mixin.py:154} INFO - [2023-12-15T12:07:17.599+0000] {dag.py:3722} INFO - Setting next_dagrun for tutorial to 2023-12-14T12:07:17.598739+00:00, run_after=2023-12-15T12:07:17.598739+00:00
[2023-12-15T12:07:17.627+0000] {processor.py:179} INFO - Processing /home/airflow/.local/lib/python3.8/site-packages/airflow/example_dags/tutorial.py took 0.247 seconds
[2023-12-15T12:07:48.314+0000] {processor.py:157} INFO - Started process (PID=3165) to work on /home/airflow/.local/lib/python3.8/site-packages/airflow/example_dags/tutorial.py
[2023-12-15T12:07:48.317+0000] {processor.py:829} INFO - Processing file /home/airflow/.local/lib/python3.8/site-packages/airflow/example_dags/tutorial.py for tasks to queue
[2023-12-15T12:07:48.322+0000] {logging_mixin.py:154} INFO - [2023-12-15T12:07:48.321+0000] {dagbag.py:536} INFO - Filling up the DagBag from /home/airflow/.local/lib/python3.8/site-packages/airflow/example_dags/tutorial.py
[2023-12-15T12:07:48.332+0000] {processor.py:839} INFO - DAG(s) dict_keys(['tutorial']) retrieved from /home/airflow/.local/lib/python3.8/site-packages/airflow/example_dags/tutorial.py
[2023-12-15T12:07:48.362+0000] {logging_mixin.py:154} INFO - [2023-12-15T12:07:48.361+0000] {dag.py:2941} INFO - Sync 1 DAGs
[2023-12-15T12:07:48.384+0000] {logging_mixin.py:154} INFO - [2023-12-15T12:07:48.384+0000] {dag.py:3722} INFO - Setting next_dagrun for tutorial to 2023-12-14T12:07:48.383976+00:00, run_after=2023-12-15T12:07:48.383976+00:00
[2023-12-15T12:07:48.407+0000] {processor.py:179} INFO - Processing /home/airflow/.local/lib/python3.8/site-packages/airflow/example_dags/tutorial.py took 0.099 seconds
[2023-12-15T12:08:19.500+0000] {processor.py:157} INFO - Started process (PID=3218) to work on /home/airflow/.local/lib/python3.8/site-packages/airflow/example_dags/tutorial.py
[2023-12-15T12:08:19.504+0000] {processor.py:829} INFO - Processing file /home/airflow/.local/lib/python3.8/site-packages/airflow/example_dags/tutorial.py for tasks to queue
[2023-12-15T12:08:19.517+0000] {logging_mixin.py:154} INFO - [2023-12-15T12:08:19.514+0000] {dagbag.py:536} INFO - Filling up the DagBag from /home/airflow/.local/lib/python3.8/site-packages/airflow/example_dags/tutorial.py
[2023-12-15T12:08:19.530+0000] {processor.py:839} INFO - DAG(s) dict_keys(['tutorial']) retrieved from /home/airflow/.local/lib/python3.8/site-packages/airflow/example_dags/tutorial.py
[2023-12-15T12:08:19.661+0000] {logging_mixin.py:154} INFO - [2023-12-15T12:08:19.661+0000] {dag.py:2941} INFO - Sync 1 DAGs
[2023-12-15T12:08:19.723+0000] {logging_mixin.py:154} INFO - [2023-12-15T12:08:19.723+0000] {dag.py:3722} INFO - Setting next_dagrun for tutorial to 2023-12-14T12:08:19.721897+00:00, run_after=2023-12-15T12:08:19.721897+00:00
[2023-12-15T12:08:19.875+0000] {processor.py:179} INFO - Processing /home/airflow/.local/lib/python3.8/site-packages/airflow/example_dags/tutorial.py took 0.391 seconds
[2023-12-15T12:08:51.420+0000] {processor.py:157} INFO - Started process (PID=3272) to work on /home/airflow/.local/lib/python3.8/site-packages/airflow/example_dags/tutorial.py
[2023-12-15T12:08:51.425+0000] {processor.py:829} INFO - Processing file /home/airflow/.local/lib/python3.8/site-packages/airflow/example_dags/tutorial.py for tasks to queue
[2023-12-15T12:08:51.433+0000] {logging_mixin.py:154} INFO - [2023-12-15T12:08:51.433+0000] {dagbag.py:536} INFO - Filling up the DagBag from /home/airflow/.local/lib/python3.8/site-packages/airflow/example_dags/tutorial.py
[2023-12-15T12:08:51.449+0000] {processor.py:839} INFO - DAG(s) dict_keys(['tutorial']) retrieved from /home/airflow/.local/lib/python3.8/site-packages/airflow/example_dags/tutorial.py
[2023-12-15T12:08:51.548+0000] {logging_mixin.py:154} INFO - [2023-12-15T12:08:51.548+0000] {dag.py:2941} INFO - Sync 1 DAGs
[2023-12-15T12:08:51.620+0000] {logging_mixin.py:154} INFO - [2023-12-15T12:08:51.619+0000] {dag.py:3722} INFO - Setting next_dagrun for tutorial to 2023-12-14T12:08:51.618404+00:00, run_after=2023-12-15T12:08:51.618404+00:00
[2023-12-15T12:08:51.717+0000] {processor.py:179} INFO - Processing /home/airflow/.local/lib/python3.8/site-packages/airflow/example_dags/tutorial.py took 0.305 seconds
[2023-12-15T12:09:22.417+0000] {processor.py:157} INFO - Started process (PID=3324) to work on /home/airflow/.local/lib/python3.8/site-packages/airflow/example_dags/tutorial.py
[2023-12-15T12:09:22.430+0000] {processor.py:829} INFO - Processing file /home/airflow/.local/lib/python3.8/site-packages/airflow/example_dags/tutorial.py for tasks to queue
[2023-12-15T12:09:22.441+0000] {logging_mixin.py:154} INFO - [2023-12-15T12:09:22.440+0000] {dagbag.py:536} INFO - Filling up the DagBag from /home/airflow/.local/lib/python3.8/site-packages/airflow/example_dags/tutorial.py
[2023-12-15T12:09:22.472+0000] {processor.py:839} INFO - DAG(s) dict_keys(['tutorial']) retrieved from /home/airflow/.local/lib/python3.8/site-packages/airflow/example_dags/tutorial.py
[2023-12-15T12:09:22.523+0000] {logging_mixin.py:154} INFO - [2023-12-15T12:09:22.522+0000] {dag.py:2941} INFO - Sync 1 DAGs
[2023-12-15T12:09:22.564+0000] {logging_mixin.py:154} INFO - [2023-12-15T12:09:22.564+0000] {dag.py:3722} INFO - Setting next_dagrun for tutorial to 2023-12-14T12:09:22.563342+00:00, run_after=2023-12-15T12:09:22.563342+00:00
[2023-12-15T12:09:22.591+0000] {processor.py:179} INFO - Processing /home/airflow/.local/lib/python3.8/site-packages/airflow/example_dags/tutorial.py took 0.194 seconds
[2023-12-15T12:09:52.785+0000] {processor.py:157} INFO - Started process (PID=3378) to work on /home/airflow/.local/lib/python3.8/site-packages/airflow/example_dags/tutorial.py
[2023-12-15T12:09:52.790+0000] {processor.py:829} INFO - Processing file /home/airflow/.local/lib/python3.8/site-packages/airflow/example_dags/tutorial.py for tasks to queue
[2023-12-15T12:09:52.796+0000] {logging_mixin.py:154} INFO - [2023-12-15T12:09:52.795+0000] {dagbag.py:536} INFO - Filling up the DagBag from /home/airflow/.local/lib/python3.8/site-packages/airflow/example_dags/tutorial.py
[2023-12-15T12:09:52.885+0000] {processor.py:839} INFO - DAG(s) dict_keys(['tutorial']) retrieved from /home/airflow/.local/lib/python3.8/site-packages/airflow/example_dags/tutorial.py
[2023-12-15T12:09:53.098+0000] {logging_mixin.py:154} INFO - [2023-12-15T12:09:53.098+0000] {dag.py:2941} INFO - Sync 1 DAGs
[2023-12-15T12:09:53.230+0000] {logging_mixin.py:154} INFO - [2023-12-15T12:09:53.230+0000] {dag.py:3722} INFO - Setting next_dagrun for tutorial to 2023-12-14T12:09:53.224372+00:00, run_after=2023-12-15T12:09:53.224372+00:00
[2023-12-15T12:09:53.304+0000] {processor.py:179} INFO - Processing /home/airflow/.local/lib/python3.8/site-packages/airflow/example_dags/tutorial.py took 0.529 seconds
[2023-12-15T12:10:23.574+0000] {processor.py:157} INFO - Started process (PID=3430) to work on /home/airflow/.local/lib/python3.8/site-packages/airflow/example_dags/tutorial.py
[2023-12-15T12:10:23.582+0000] {processor.py:829} INFO - Processing file /home/airflow/.local/lib/python3.8/site-packages/airflow/example_dags/tutorial.py for tasks to queue
[2023-12-15T12:10:23.606+0000] {logging_mixin.py:154} INFO - [2023-12-15T12:10:23.604+0000] {dagbag.py:536} INFO - Filling up the DagBag from /home/airflow/.local/lib/python3.8/site-packages/airflow/example_dags/tutorial.py
[2023-12-15T12:10:23.648+0000] {processor.py:839} INFO - DAG(s) dict_keys(['tutorial']) retrieved from /home/airflow/.local/lib/python3.8/site-packages/airflow/example_dags/tutorial.py
[2023-12-15T12:10:23.725+0000] {logging_mixin.py:154} INFO - [2023-12-15T12:10:23.725+0000] {dag.py:2941} INFO - Sync 1 DAGs
[2023-12-15T12:10:23.754+0000] {logging_mixin.py:154} INFO - [2023-12-15T12:10:23.754+0000] {dag.py:3722} INFO - Setting next_dagrun for tutorial to 2023-12-14T12:10:23.754402+00:00, run_after=2023-12-15T12:10:23.754402+00:00
[2023-12-15T12:10:23.783+0000] {processor.py:179} INFO - Processing /home/airflow/.local/lib/python3.8/site-packages/airflow/example_dags/tutorial.py took 0.241 seconds
