[2023-12-15T11:36:52.641+0000] {processor.py:157} INFO - Started process (PID=35) to work on /home/airflow/.local/lib/python3.8/site-packages/airflow/example_dags/tutorial_dag.py
[2023-12-15T11:36:52.653+0000] {processor.py:829} INFO - Processing file /home/airflow/.local/lib/python3.8/site-packages/airflow/example_dags/tutorial_dag.py for tasks to queue
[2023-12-15T11:36:52.713+0000] {logging_mixin.py:154} INFO - [2023-12-15T11:36:52.712+0000] {dagbag.py:536} INFO - Filling up the DagBag from /home/airflow/.local/lib/python3.8/site-packages/airflow/example_dags/tutorial_dag.py
[2023-12-15T11:36:52.759+0000] {processor.py:839} INFO - DAG(s) dict_keys(['tutorial_dag']) retrieved from /home/airflow/.local/lib/python3.8/site-packages/airflow/example_dags/tutorial_dag.py
[2023-12-15T11:36:53.063+0000] {logging_mixin.py:154} INFO - [2023-12-15T11:36:53.062+0000] {dag.py:2941} INFO - Sync 1 DAGs
[2023-12-15T11:36:53.098+0000] {logging_mixin.py:154} INFO - [2023-12-15T11:36:53.098+0000] {dag.py:3722} INFO - Setting next_dagrun for tutorial_dag to None, run_after=None
[2023-12-15T11:36:53.180+0000] {processor.py:179} INFO - Processing /home/airflow/.local/lib/python3.8/site-packages/airflow/example_dags/tutorial_dag.py took 0.554 seconds
[2023-12-15T11:37:24.370+0000] {processor.py:157} INFO - Started process (PID=89) to work on /home/airflow/.local/lib/python3.8/site-packages/airflow/example_dags/tutorial_dag.py
[2023-12-15T11:37:24.396+0000] {processor.py:829} INFO - Processing file /home/airflow/.local/lib/python3.8/site-packages/airflow/example_dags/tutorial_dag.py for tasks to queue
[2023-12-15T11:37:24.429+0000] {logging_mixin.py:154} INFO - [2023-12-15T11:37:24.427+0000] {dagbag.py:536} INFO - Filling up the DagBag from /home/airflow/.local/lib/python3.8/site-packages/airflow/example_dags/tutorial_dag.py
[2023-12-15T11:37:24.473+0000] {processor.py:839} INFO - DAG(s) dict_keys(['tutorial_dag']) retrieved from /home/airflow/.local/lib/python3.8/site-packages/airflow/example_dags/tutorial_dag.py
[2023-12-15T11:37:24.626+0000] {logging_mixin.py:154} INFO - [2023-12-15T11:37:24.626+0000] {dag.py:2941} INFO - Sync 1 DAGs
[2023-12-15T11:37:24.667+0000] {logging_mixin.py:154} INFO - [2023-12-15T11:37:24.667+0000] {dag.py:3722} INFO - Setting next_dagrun for tutorial_dag to None, run_after=None
[2023-12-15T11:37:24.743+0000] {processor.py:179} INFO - Processing /home/airflow/.local/lib/python3.8/site-packages/airflow/example_dags/tutorial_dag.py took 0.425 seconds
[2023-12-15T11:37:55.173+0000] {processor.py:157} INFO - Started process (PID=143) to work on /home/airflow/.local/lib/python3.8/site-packages/airflow/example_dags/tutorial_dag.py
[2023-12-15T11:37:55.174+0000] {processor.py:829} INFO - Processing file /home/airflow/.local/lib/python3.8/site-packages/airflow/example_dags/tutorial_dag.py for tasks to queue
[2023-12-15T11:37:55.180+0000] {logging_mixin.py:154} INFO - [2023-12-15T11:37:55.179+0000] {dagbag.py:536} INFO - Filling up the DagBag from /home/airflow/.local/lib/python3.8/site-packages/airflow/example_dags/tutorial_dag.py
[2023-12-15T11:37:55.199+0000] {processor.py:839} INFO - DAG(s) dict_keys(['tutorial_dag']) retrieved from /home/airflow/.local/lib/python3.8/site-packages/airflow/example_dags/tutorial_dag.py
[2023-12-15T11:37:55.227+0000] {logging_mixin.py:154} INFO - [2023-12-15T11:37:55.227+0000] {dag.py:2941} INFO - Sync 1 DAGs
[2023-12-15T11:37:55.243+0000] {logging_mixin.py:154} INFO - [2023-12-15T11:37:55.243+0000] {dag.py:3722} INFO - Setting next_dagrun for tutorial_dag to None, run_after=None
[2023-12-15T11:37:55.259+0000] {processor.py:179} INFO - Processing /home/airflow/.local/lib/python3.8/site-packages/airflow/example_dags/tutorial_dag.py took 0.091 seconds
[2023-12-15T11:38:25.830+0000] {processor.py:157} INFO - Started process (PID=197) to work on /home/airflow/.local/lib/python3.8/site-packages/airflow/example_dags/tutorial_dag.py
[2023-12-15T11:38:25.838+0000] {processor.py:829} INFO - Processing file /home/airflow/.local/lib/python3.8/site-packages/airflow/example_dags/tutorial_dag.py for tasks to queue
[2023-12-15T11:38:25.851+0000] {logging_mixin.py:154} INFO - [2023-12-15T11:38:25.847+0000] {dagbag.py:536} INFO - Filling up the DagBag from /home/airflow/.local/lib/python3.8/site-packages/airflow/example_dags/tutorial_dag.py
[2023-12-15T11:38:25.890+0000] {processor.py:839} INFO - DAG(s) dict_keys(['tutorial_dag']) retrieved from /home/airflow/.local/lib/python3.8/site-packages/airflow/example_dags/tutorial_dag.py
[2023-12-15T11:38:26.020+0000] {logging_mixin.py:154} INFO - [2023-12-15T11:38:26.019+0000] {dag.py:2941} INFO - Sync 1 DAGs
[2023-12-15T11:38:26.064+0000] {logging_mixin.py:154} INFO - [2023-12-15T11:38:26.064+0000] {dag.py:3722} INFO - Setting next_dagrun for tutorial_dag to None, run_after=None
[2023-12-15T11:38:26.166+0000] {processor.py:179} INFO - Processing /home/airflow/.local/lib/python3.8/site-packages/airflow/example_dags/tutorial_dag.py took 0.349 seconds
[2023-12-15T11:38:57.232+0000] {processor.py:157} INFO - Started process (PID=249) to work on /home/airflow/.local/lib/python3.8/site-packages/airflow/example_dags/tutorial_dag.py
[2023-12-15T11:38:57.236+0000] {processor.py:829} INFO - Processing file /home/airflow/.local/lib/python3.8/site-packages/airflow/example_dags/tutorial_dag.py for tasks to queue
[2023-12-15T11:38:57.260+0000] {logging_mixin.py:154} INFO - [2023-12-15T11:38:57.259+0000] {dagbag.py:536} INFO - Filling up the DagBag from /home/airflow/.local/lib/python3.8/site-packages/airflow/example_dags/tutorial_dag.py
[2023-12-15T11:38:57.324+0000] {processor.py:839} INFO - DAG(s) dict_keys(['tutorial_dag']) retrieved from /home/airflow/.local/lib/python3.8/site-packages/airflow/example_dags/tutorial_dag.py
[2023-12-15T11:38:57.503+0000] {logging_mixin.py:154} INFO - [2023-12-15T11:38:57.502+0000] {dag.py:2941} INFO - Sync 1 DAGs
[2023-12-15T11:38:57.561+0000] {logging_mixin.py:154} INFO - [2023-12-15T11:38:57.561+0000] {dag.py:3722} INFO - Setting next_dagrun for tutorial_dag to None, run_after=None
[2023-12-15T11:38:57.603+0000] {processor.py:179} INFO - Processing /home/airflow/.local/lib/python3.8/site-packages/airflow/example_dags/tutorial_dag.py took 0.412 seconds
[2023-12-15T11:39:28.359+0000] {processor.py:157} INFO - Started process (PID=302) to work on /home/airflow/.local/lib/python3.8/site-packages/airflow/example_dags/tutorial_dag.py
[2023-12-15T11:39:28.378+0000] {processor.py:829} INFO - Processing file /home/airflow/.local/lib/python3.8/site-packages/airflow/example_dags/tutorial_dag.py for tasks to queue
[2023-12-15T11:39:28.409+0000] {logging_mixin.py:154} INFO - [2023-12-15T11:39:28.407+0000] {dagbag.py:536} INFO - Filling up the DagBag from /home/airflow/.local/lib/python3.8/site-packages/airflow/example_dags/tutorial_dag.py
[2023-12-15T11:39:28.500+0000] {processor.py:839} INFO - DAG(s) dict_keys(['tutorial_dag']) retrieved from /home/airflow/.local/lib/python3.8/site-packages/airflow/example_dags/tutorial_dag.py
[2023-12-15T11:39:28.772+0000] {logging_mixin.py:154} INFO - [2023-12-15T11:39:28.772+0000] {dag.py:2941} INFO - Sync 1 DAGs
[2023-12-15T11:39:28.858+0000] {logging_mixin.py:154} INFO - [2023-12-15T11:39:28.857+0000] {dag.py:3722} INFO - Setting next_dagrun for tutorial_dag to None, run_after=None
[2023-12-15T11:39:28.934+0000] {processor.py:179} INFO - Processing /home/airflow/.local/lib/python3.8/site-packages/airflow/example_dags/tutorial_dag.py took 0.613 seconds
[2023-12-15T11:39:59.679+0000] {processor.py:157} INFO - Started process (PID=356) to work on /home/airflow/.local/lib/python3.8/site-packages/airflow/example_dags/tutorial_dag.py
[2023-12-15T11:39:59.683+0000] {processor.py:829} INFO - Processing file /home/airflow/.local/lib/python3.8/site-packages/airflow/example_dags/tutorial_dag.py for tasks to queue
[2023-12-15T11:39:59.744+0000] {logging_mixin.py:154} INFO - [2023-12-15T11:39:59.742+0000] {dagbag.py:536} INFO - Filling up the DagBag from /home/airflow/.local/lib/python3.8/site-packages/airflow/example_dags/tutorial_dag.py
[2023-12-15T11:39:59.827+0000] {processor.py:839} INFO - DAG(s) dict_keys(['tutorial_dag']) retrieved from /home/airflow/.local/lib/python3.8/site-packages/airflow/example_dags/tutorial_dag.py
[2023-12-15T11:40:00.177+0000] {logging_mixin.py:154} INFO - [2023-12-15T11:40:00.173+0000] {dag.py:2941} INFO - Sync 1 DAGs
[2023-12-15T11:40:00.338+0000] {logging_mixin.py:154} INFO - [2023-12-15T11:40:00.337+0000] {dag.py:3722} INFO - Setting next_dagrun for tutorial_dag to None, run_after=None
[2023-12-15T11:40:00.435+0000] {processor.py:179} INFO - Processing /home/airflow/.local/lib/python3.8/site-packages/airflow/example_dags/tutorial_dag.py took 0.848 seconds
[2023-12-15T11:40:30.791+0000] {processor.py:157} INFO - Started process (PID=410) to work on /home/airflow/.local/lib/python3.8/site-packages/airflow/example_dags/tutorial_dag.py
[2023-12-15T11:40:30.796+0000] {processor.py:829} INFO - Processing file /home/airflow/.local/lib/python3.8/site-packages/airflow/example_dags/tutorial_dag.py for tasks to queue
[2023-12-15T11:40:30.885+0000] {logging_mixin.py:154} INFO - [2023-12-15T11:40:30.882+0000] {dagbag.py:536} INFO - Filling up the DagBag from /home/airflow/.local/lib/python3.8/site-packages/airflow/example_dags/tutorial_dag.py
[2023-12-15T11:40:31.005+0000] {processor.py:839} INFO - DAG(s) dict_keys(['tutorial_dag']) retrieved from /home/airflow/.local/lib/python3.8/site-packages/airflow/example_dags/tutorial_dag.py
[2023-12-15T11:40:31.373+0000] {logging_mixin.py:154} INFO - [2023-12-15T11:40:31.373+0000] {dag.py:2941} INFO - Sync 1 DAGs
[2023-12-15T11:40:31.482+0000] {logging_mixin.py:154} INFO - [2023-12-15T11:40:31.481+0000] {dag.py:3722} INFO - Setting next_dagrun for tutorial_dag to None, run_after=None
[2023-12-15T11:40:31.594+0000] {processor.py:179} INFO - Processing /home/airflow/.local/lib/python3.8/site-packages/airflow/example_dags/tutorial_dag.py took 0.842 seconds
[2023-12-15T11:41:01.994+0000] {processor.py:157} INFO - Started process (PID=464) to work on /home/airflow/.local/lib/python3.8/site-packages/airflow/example_dags/tutorial_dag.py
[2023-12-15T11:41:01.998+0000] {processor.py:829} INFO - Processing file /home/airflow/.local/lib/python3.8/site-packages/airflow/example_dags/tutorial_dag.py for tasks to queue
[2023-12-15T11:41:02.030+0000] {logging_mixin.py:154} INFO - [2023-12-15T11:41:02.024+0000] {dagbag.py:536} INFO - Filling up the DagBag from /home/airflow/.local/lib/python3.8/site-packages/airflow/example_dags/tutorial_dag.py
[2023-12-15T11:41:02.096+0000] {processor.py:839} INFO - DAG(s) dict_keys(['tutorial_dag']) retrieved from /home/airflow/.local/lib/python3.8/site-packages/airflow/example_dags/tutorial_dag.py
[2023-12-15T11:41:02.222+0000] {logging_mixin.py:154} INFO - [2023-12-15T11:41:02.222+0000] {dag.py:2941} INFO - Sync 1 DAGs
[2023-12-15T11:41:02.262+0000] {logging_mixin.py:154} INFO - [2023-12-15T11:41:02.262+0000] {dag.py:3722} INFO - Setting next_dagrun for tutorial_dag to None, run_after=None
[2023-12-15T11:41:02.290+0000] {processor.py:179} INFO - Processing /home/airflow/.local/lib/python3.8/site-packages/airflow/example_dags/tutorial_dag.py took 0.324 seconds
[2023-12-15T11:41:41.438+0000] {processor.py:157} INFO - Started process (PID=526) to work on /home/airflow/.local/lib/python3.8/site-packages/airflow/example_dags/tutorial_dag.py
[2023-12-15T11:41:41.515+0000] {processor.py:829} INFO - Processing file /home/airflow/.local/lib/python3.8/site-packages/airflow/example_dags/tutorial_dag.py for tasks to queue
[2023-12-15T11:41:41.603+0000] {logging_mixin.py:154} INFO - [2023-12-15T11:41:41.599+0000] {dagbag.py:536} INFO - Filling up the DagBag from /home/airflow/.local/lib/python3.8/site-packages/airflow/example_dags/tutorial_dag.py
[2023-12-15T11:41:41.946+0000] {processor.py:839} INFO - DAG(s) dict_keys(['tutorial_dag']) retrieved from /home/airflow/.local/lib/python3.8/site-packages/airflow/example_dags/tutorial_dag.py
[2023-12-15T11:41:43.790+0000] {logging_mixin.py:154} INFO - [2023-12-15T11:41:43.753+0000] {dag.py:2941} INFO - Sync 1 DAGs
[2023-12-15T11:41:44.551+0000] {logging_mixin.py:154} INFO - [2023-12-15T11:41:44.475+0000] {dag.py:3722} INFO - Setting next_dagrun for tutorial_dag to None, run_after=None
[2023-12-15T11:41:45.432+0000] {processor.py:179} INFO - Processing /home/airflow/.local/lib/python3.8/site-packages/airflow/example_dags/tutorial_dag.py took 4.053 seconds
[2023-12-15T11:42:18.619+0000] {processor.py:157} INFO - Started process (PID=582) to work on /home/airflow/.local/lib/python3.8/site-packages/airflow/example_dags/tutorial_dag.py
[2023-12-15T11:42:18.625+0000] {processor.py:829} INFO - Processing file /home/airflow/.local/lib/python3.8/site-packages/airflow/example_dags/tutorial_dag.py for tasks to queue
[2023-12-15T11:42:18.638+0000] {logging_mixin.py:154} INFO - [2023-12-15T11:42:18.637+0000] {dagbag.py:536} INFO - Filling up the DagBag from /home/airflow/.local/lib/python3.8/site-packages/airflow/example_dags/tutorial_dag.py
[2023-12-15T11:42:18.671+0000] {processor.py:839} INFO - DAG(s) dict_keys(['tutorial_dag']) retrieved from /home/airflow/.local/lib/python3.8/site-packages/airflow/example_dags/tutorial_dag.py
[2023-12-15T11:42:18.807+0000] {logging_mixin.py:154} INFO - [2023-12-15T11:42:18.806+0000] {dag.py:2941} INFO - Sync 1 DAGs
[2023-12-15T11:42:18.863+0000] {logging_mixin.py:154} INFO - [2023-12-15T11:42:18.863+0000] {dag.py:3722} INFO - Setting next_dagrun for tutorial_dag to None, run_after=None
[2023-12-15T11:42:18.955+0000] {processor.py:179} INFO - Processing /home/airflow/.local/lib/python3.8/site-packages/airflow/example_dags/tutorial_dag.py took 0.354 seconds
[2023-12-15T11:42:49.953+0000] {processor.py:157} INFO - Started process (PID=635) to work on /home/airflow/.local/lib/python3.8/site-packages/airflow/example_dags/tutorial_dag.py
[2023-12-15T11:42:49.962+0000] {processor.py:829} INFO - Processing file /home/airflow/.local/lib/python3.8/site-packages/airflow/example_dags/tutorial_dag.py for tasks to queue
[2023-12-15T11:42:49.966+0000] {logging_mixin.py:154} INFO - [2023-12-15T11:42:49.965+0000] {dagbag.py:536} INFO - Filling up the DagBag from /home/airflow/.local/lib/python3.8/site-packages/airflow/example_dags/tutorial_dag.py
[2023-12-15T11:42:49.975+0000] {processor.py:839} INFO - DAG(s) dict_keys(['tutorial_dag']) retrieved from /home/airflow/.local/lib/python3.8/site-packages/airflow/example_dags/tutorial_dag.py
[2023-12-15T11:42:50.037+0000] {logging_mixin.py:154} INFO - [2023-12-15T11:42:50.037+0000] {dag.py:2941} INFO - Sync 1 DAGs
[2023-12-15T11:42:50.158+0000] {logging_mixin.py:154} INFO - [2023-12-15T11:42:50.157+0000] {dag.py:3722} INFO - Setting next_dagrun for tutorial_dag to None, run_after=None
[2023-12-15T11:42:50.202+0000] {processor.py:179} INFO - Processing /home/airflow/.local/lib/python3.8/site-packages/airflow/example_dags/tutorial_dag.py took 0.255 seconds
[2023-12-15T11:43:20.635+0000] {processor.py:157} INFO - Started process (PID=687) to work on /home/airflow/.local/lib/python3.8/site-packages/airflow/example_dags/tutorial_dag.py
[2023-12-15T11:43:20.656+0000] {processor.py:829} INFO - Processing file /home/airflow/.local/lib/python3.8/site-packages/airflow/example_dags/tutorial_dag.py for tasks to queue
[2023-12-15T11:43:20.689+0000] {logging_mixin.py:154} INFO - [2023-12-15T11:43:20.687+0000] {dagbag.py:536} INFO - Filling up the DagBag from /home/airflow/.local/lib/python3.8/site-packages/airflow/example_dags/tutorial_dag.py
[2023-12-15T11:43:20.766+0000] {processor.py:839} INFO - DAG(s) dict_keys(['tutorial_dag']) retrieved from /home/airflow/.local/lib/python3.8/site-packages/airflow/example_dags/tutorial_dag.py
[2023-12-15T11:43:21.023+0000] {logging_mixin.py:154} INFO - [2023-12-15T11:43:21.019+0000] {dag.py:2941} INFO - Sync 1 DAGs
[2023-12-15T11:43:21.109+0000] {logging_mixin.py:154} INFO - [2023-12-15T11:43:21.109+0000] {dag.py:3722} INFO - Setting next_dagrun for tutorial_dag to None, run_after=None
[2023-12-15T11:43:21.175+0000] {processor.py:179} INFO - Processing /home/airflow/.local/lib/python3.8/site-packages/airflow/example_dags/tutorial_dag.py took 0.619 seconds
[2023-12-15T11:43:51.556+0000] {processor.py:157} INFO - Started process (PID=741) to work on /home/airflow/.local/lib/python3.8/site-packages/airflow/example_dags/tutorial_dag.py
[2023-12-15T11:43:51.565+0000] {processor.py:829} INFO - Processing file /home/airflow/.local/lib/python3.8/site-packages/airflow/example_dags/tutorial_dag.py for tasks to queue
[2023-12-15T11:43:51.619+0000] {logging_mixin.py:154} INFO - [2023-12-15T11:43:51.614+0000] {dagbag.py:536} INFO - Filling up the DagBag from /home/airflow/.local/lib/python3.8/site-packages/airflow/example_dags/tutorial_dag.py
[2023-12-15T11:43:51.681+0000] {processor.py:839} INFO - DAG(s) dict_keys(['tutorial_dag']) retrieved from /home/airflow/.local/lib/python3.8/site-packages/airflow/example_dags/tutorial_dag.py
[2023-12-15T11:43:51.999+0000] {logging_mixin.py:154} INFO - [2023-12-15T11:43:51.999+0000] {dag.py:2941} INFO - Sync 1 DAGs
[2023-12-15T11:43:52.066+0000] {logging_mixin.py:154} INFO - [2023-12-15T11:43:52.065+0000] {dag.py:3722} INFO - Setting next_dagrun for tutorial_dag to None, run_after=None
[2023-12-15T11:43:52.162+0000] {processor.py:179} INFO - Processing /home/airflow/.local/lib/python3.8/site-packages/airflow/example_dags/tutorial_dag.py took 0.646 seconds
[2023-12-15T11:44:22.534+0000] {processor.py:157} INFO - Started process (PID=795) to work on /home/airflow/.local/lib/python3.8/site-packages/airflow/example_dags/tutorial_dag.py
[2023-12-15T11:44:22.542+0000] {processor.py:829} INFO - Processing file /home/airflow/.local/lib/python3.8/site-packages/airflow/example_dags/tutorial_dag.py for tasks to queue
[2023-12-15T11:44:22.563+0000] {logging_mixin.py:154} INFO - [2023-12-15T11:44:22.560+0000] {dagbag.py:536} INFO - Filling up the DagBag from /home/airflow/.local/lib/python3.8/site-packages/airflow/example_dags/tutorial_dag.py
[2023-12-15T11:44:22.621+0000] {processor.py:839} INFO - DAG(s) dict_keys(['tutorial_dag']) retrieved from /home/airflow/.local/lib/python3.8/site-packages/airflow/example_dags/tutorial_dag.py
[2023-12-15T11:44:22.741+0000] {logging_mixin.py:154} INFO - [2023-12-15T11:44:22.741+0000] {dag.py:2941} INFO - Sync 1 DAGs
[2023-12-15T11:44:22.771+0000] {logging_mixin.py:154} INFO - [2023-12-15T11:44:22.771+0000] {dag.py:3722} INFO - Setting next_dagrun for tutorial_dag to None, run_after=None
[2023-12-15T11:44:22.790+0000] {processor.py:179} INFO - Processing /home/airflow/.local/lib/python3.8/site-packages/airflow/example_dags/tutorial_dag.py took 0.289 seconds
[2023-12-15T11:44:53.341+0000] {processor.py:157} INFO - Started process (PID=849) to work on /home/airflow/.local/lib/python3.8/site-packages/airflow/example_dags/tutorial_dag.py
[2023-12-15T11:44:53.350+0000] {processor.py:829} INFO - Processing file /home/airflow/.local/lib/python3.8/site-packages/airflow/example_dags/tutorial_dag.py for tasks to queue
[2023-12-15T11:44:53.360+0000] {logging_mixin.py:154} INFO - [2023-12-15T11:44:53.359+0000] {dagbag.py:536} INFO - Filling up the DagBag from /home/airflow/.local/lib/python3.8/site-packages/airflow/example_dags/tutorial_dag.py
[2023-12-15T11:44:53.406+0000] {processor.py:839} INFO - DAG(s) dict_keys(['tutorial_dag']) retrieved from /home/airflow/.local/lib/python3.8/site-packages/airflow/example_dags/tutorial_dag.py
[2023-12-15T11:44:53.706+0000] {logging_mixin.py:154} INFO - [2023-12-15T11:44:53.706+0000] {dag.py:2941} INFO - Sync 1 DAGs
[2023-12-15T11:44:53.785+0000] {logging_mixin.py:154} INFO - [2023-12-15T11:44:53.785+0000] {dag.py:3722} INFO - Setting next_dagrun for tutorial_dag to None, run_after=None
[2023-12-15T11:44:53.885+0000] {processor.py:179} INFO - Processing /home/airflow/.local/lib/python3.8/site-packages/airflow/example_dags/tutorial_dag.py took 0.556 seconds
[2023-12-15T11:45:24.572+0000] {processor.py:157} INFO - Started process (PID=903) to work on /home/airflow/.local/lib/python3.8/site-packages/airflow/example_dags/tutorial_dag.py
[2023-12-15T11:45:24.581+0000] {processor.py:829} INFO - Processing file /home/airflow/.local/lib/python3.8/site-packages/airflow/example_dags/tutorial_dag.py for tasks to queue
[2023-12-15T11:45:24.599+0000] {logging_mixin.py:154} INFO - [2023-12-15T11:45:24.597+0000] {dagbag.py:536} INFO - Filling up the DagBag from /home/airflow/.local/lib/python3.8/site-packages/airflow/example_dags/tutorial_dag.py
[2023-12-15T11:45:24.630+0000] {processor.py:839} INFO - DAG(s) dict_keys(['tutorial_dag']) retrieved from /home/airflow/.local/lib/python3.8/site-packages/airflow/example_dags/tutorial_dag.py
[2023-12-15T11:45:24.721+0000] {logging_mixin.py:154} INFO - [2023-12-15T11:45:24.720+0000] {dag.py:2941} INFO - Sync 1 DAGs
[2023-12-15T11:45:24.752+0000] {logging_mixin.py:154} INFO - [2023-12-15T11:45:24.751+0000] {dag.py:3722} INFO - Setting next_dagrun for tutorial_dag to None, run_after=None
[2023-12-15T11:45:24.775+0000] {processor.py:179} INFO - Processing /home/airflow/.local/lib/python3.8/site-packages/airflow/example_dags/tutorial_dag.py took 0.223 seconds
[2023-12-15T11:45:56.862+0000] {processor.py:157} INFO - Started process (PID=955) to work on /home/airflow/.local/lib/python3.8/site-packages/airflow/example_dags/tutorial_dag.py
[2023-12-15T11:45:56.865+0000] {processor.py:829} INFO - Processing file /home/airflow/.local/lib/python3.8/site-packages/airflow/example_dags/tutorial_dag.py for tasks to queue
[2023-12-15T11:45:56.869+0000] {logging_mixin.py:154} INFO - [2023-12-15T11:45:56.868+0000] {dagbag.py:536} INFO - Filling up the DagBag from /home/airflow/.local/lib/python3.8/site-packages/airflow/example_dags/tutorial_dag.py
[2023-12-15T11:45:56.895+0000] {processor.py:839} INFO - DAG(s) dict_keys(['tutorial_dag']) retrieved from /home/airflow/.local/lib/python3.8/site-packages/airflow/example_dags/tutorial_dag.py
[2023-12-15T11:45:56.957+0000] {logging_mixin.py:154} INFO - [2023-12-15T11:45:56.956+0000] {dag.py:2941} INFO - Sync 1 DAGs
[2023-12-15T11:45:56.981+0000] {logging_mixin.py:154} INFO - [2023-12-15T11:45:56.981+0000] {dag.py:3722} INFO - Setting next_dagrun for tutorial_dag to None, run_after=None
[2023-12-15T11:45:57.009+0000] {processor.py:179} INFO - Processing /home/airflow/.local/lib/python3.8/site-packages/airflow/example_dags/tutorial_dag.py took 0.151 seconds
[2023-12-15T11:46:27.197+0000] {processor.py:157} INFO - Started process (PID=1007) to work on /home/airflow/.local/lib/python3.8/site-packages/airflow/example_dags/tutorial_dag.py
[2023-12-15T11:46:27.198+0000] {processor.py:829} INFO - Processing file /home/airflow/.local/lib/python3.8/site-packages/airflow/example_dags/tutorial_dag.py for tasks to queue
[2023-12-15T11:46:27.202+0000] {logging_mixin.py:154} INFO - [2023-12-15T11:46:27.202+0000] {dagbag.py:536} INFO - Filling up the DagBag from /home/airflow/.local/lib/python3.8/site-packages/airflow/example_dags/tutorial_dag.py
[2023-12-15T11:46:27.210+0000] {processor.py:839} INFO - DAG(s) dict_keys(['tutorial_dag']) retrieved from /home/airflow/.local/lib/python3.8/site-packages/airflow/example_dags/tutorial_dag.py
[2023-12-15T11:46:27.249+0000] {logging_mixin.py:154} INFO - [2023-12-15T11:46:27.248+0000] {dag.py:2941} INFO - Sync 1 DAGs
[2023-12-15T11:46:27.264+0000] {logging_mixin.py:154} INFO - [2023-12-15T11:46:27.264+0000] {dag.py:3722} INFO - Setting next_dagrun for tutorial_dag to None, run_after=None
[2023-12-15T11:46:27.331+0000] {processor.py:179} INFO - Processing /home/airflow/.local/lib/python3.8/site-packages/airflow/example_dags/tutorial_dag.py took 0.137 seconds
[2023-12-15T11:47:00.683+0000] {processor.py:157} INFO - Started process (PID=1052) to work on /home/airflow/.local/lib/python3.8/site-packages/airflow/example_dags/tutorial_dag.py
[2023-12-15T11:47:00.776+0000] {processor.py:829} INFO - Processing file /home/airflow/.local/lib/python3.8/site-packages/airflow/example_dags/tutorial_dag.py for tasks to queue
[2023-12-15T11:47:00.815+0000] {logging_mixin.py:154} INFO - [2023-12-15T11:47:00.813+0000] {dagbag.py:536} INFO - Filling up the DagBag from /home/airflow/.local/lib/python3.8/site-packages/airflow/example_dags/tutorial_dag.py
[2023-12-15T11:47:00.955+0000] {processor.py:839} INFO - DAG(s) dict_keys(['tutorial_dag']) retrieved from /home/airflow/.local/lib/python3.8/site-packages/airflow/example_dags/tutorial_dag.py
[2023-12-15T11:47:01.348+0000] {logging_mixin.py:154} INFO - [2023-12-15T11:47:01.347+0000] {dag.py:2941} INFO - Sync 1 DAGs
[2023-12-15T11:47:01.437+0000] {logging_mixin.py:154} INFO - [2023-12-15T11:47:01.437+0000] {dag.py:3722} INFO - Setting next_dagrun for tutorial_dag to None, run_after=None
[2023-12-15T11:47:01.518+0000] {processor.py:179} INFO - Processing /home/airflow/.local/lib/python3.8/site-packages/airflow/example_dags/tutorial_dag.py took 0.916 seconds
[2023-12-15T11:47:31.846+0000] {processor.py:157} INFO - Started process (PID=1106) to work on /home/airflow/.local/lib/python3.8/site-packages/airflow/example_dags/tutorial_dag.py
[2023-12-15T11:47:31.852+0000] {processor.py:829} INFO - Processing file /home/airflow/.local/lib/python3.8/site-packages/airflow/example_dags/tutorial_dag.py for tasks to queue
[2023-12-15T11:47:31.864+0000] {logging_mixin.py:154} INFO - [2023-12-15T11:47:31.863+0000] {dagbag.py:536} INFO - Filling up the DagBag from /home/airflow/.local/lib/python3.8/site-packages/airflow/example_dags/tutorial_dag.py
[2023-12-15T11:47:31.874+0000] {processor.py:839} INFO - DAG(s) dict_keys(['tutorial_dag']) retrieved from /home/airflow/.local/lib/python3.8/site-packages/airflow/example_dags/tutorial_dag.py
[2023-12-15T11:47:31.975+0000] {logging_mixin.py:154} INFO - [2023-12-15T11:47:31.975+0000] {dag.py:2941} INFO - Sync 1 DAGs
[2023-12-15T11:47:32.032+0000] {logging_mixin.py:154} INFO - [2023-12-15T11:47:32.032+0000] {dag.py:3722} INFO - Setting next_dagrun for tutorial_dag to None, run_after=None
[2023-12-15T11:47:32.092+0000] {processor.py:179} INFO - Processing /home/airflow/.local/lib/python3.8/site-packages/airflow/example_dags/tutorial_dag.py took 0.251 seconds
[2023-12-15T11:48:02.853+0000] {processor.py:157} INFO - Started process (PID=1159) to work on /home/airflow/.local/lib/python3.8/site-packages/airflow/example_dags/tutorial_dag.py
[2023-12-15T11:48:02.870+0000] {processor.py:829} INFO - Processing file /home/airflow/.local/lib/python3.8/site-packages/airflow/example_dags/tutorial_dag.py for tasks to queue
[2023-12-15T11:48:02.894+0000] {logging_mixin.py:154} INFO - [2023-12-15T11:48:02.894+0000] {dagbag.py:536} INFO - Filling up the DagBag from /home/airflow/.local/lib/python3.8/site-packages/airflow/example_dags/tutorial_dag.py
[2023-12-15T11:48:02.949+0000] {processor.py:839} INFO - DAG(s) dict_keys(['tutorial_dag']) retrieved from /home/airflow/.local/lib/python3.8/site-packages/airflow/example_dags/tutorial_dag.py
[2023-12-15T11:48:03.172+0000] {logging_mixin.py:154} INFO - [2023-12-15T11:48:03.172+0000] {dag.py:2941} INFO - Sync 1 DAGs
[2023-12-15T11:48:03.292+0000] {logging_mixin.py:154} INFO - [2023-12-15T11:48:03.292+0000] {dag.py:3722} INFO - Setting next_dagrun for tutorial_dag to None, run_after=None
[2023-12-15T11:48:03.358+0000] {processor.py:179} INFO - Processing /home/airflow/.local/lib/python3.8/site-packages/airflow/example_dags/tutorial_dag.py took 0.525 seconds
[2023-12-15T11:48:44.017+0000] {processor.py:157} INFO - Started process (PID=1213) to work on /home/airflow/.local/lib/python3.8/site-packages/airflow/example_dags/tutorial_dag.py
[2023-12-15T11:48:44.030+0000] {processor.py:829} INFO - Processing file /home/airflow/.local/lib/python3.8/site-packages/airflow/example_dags/tutorial_dag.py for tasks to queue
[2023-12-15T11:48:44.049+0000] {logging_mixin.py:154} INFO - [2023-12-15T11:48:44.048+0000] {dagbag.py:536} INFO - Filling up the DagBag from /home/airflow/.local/lib/python3.8/site-packages/airflow/example_dags/tutorial_dag.py
[2023-12-15T11:48:44.138+0000] {processor.py:839} INFO - DAG(s) dict_keys(['tutorial_dag']) retrieved from /home/airflow/.local/lib/python3.8/site-packages/airflow/example_dags/tutorial_dag.py
[2023-12-15T11:48:44.252+0000] {logging_mixin.py:154} INFO - [2023-12-15T11:48:44.251+0000] {dag.py:2941} INFO - Sync 1 DAGs
[2023-12-15T11:48:44.319+0000] {logging_mixin.py:154} INFO - [2023-12-15T11:48:44.318+0000] {dag.py:3722} INFO - Setting next_dagrun for tutorial_dag to None, run_after=None
[2023-12-15T11:48:44.411+0000] {processor.py:179} INFO - Processing /home/airflow/.local/lib/python3.8/site-packages/airflow/example_dags/tutorial_dag.py took 0.401 seconds
[2023-12-15T11:49:14.743+0000] {processor.py:157} INFO - Started process (PID=1266) to work on /home/airflow/.local/lib/python3.8/site-packages/airflow/example_dags/tutorial_dag.py
[2023-12-15T11:49:14.745+0000] {processor.py:829} INFO - Processing file /home/airflow/.local/lib/python3.8/site-packages/airflow/example_dags/tutorial_dag.py for tasks to queue
[2023-12-15T11:49:14.747+0000] {logging_mixin.py:154} INFO - [2023-12-15T11:49:14.746+0000] {dagbag.py:536} INFO - Filling up the DagBag from /home/airflow/.local/lib/python3.8/site-packages/airflow/example_dags/tutorial_dag.py
[2023-12-15T11:49:14.755+0000] {processor.py:839} INFO - DAG(s) dict_keys(['tutorial_dag']) retrieved from /home/airflow/.local/lib/python3.8/site-packages/airflow/example_dags/tutorial_dag.py
[2023-12-15T11:49:14.785+0000] {logging_mixin.py:154} INFO - [2023-12-15T11:49:14.784+0000] {dag.py:2941} INFO - Sync 1 DAGs
[2023-12-15T11:49:14.812+0000] {logging_mixin.py:154} INFO - [2023-12-15T11:49:14.811+0000] {dag.py:3722} INFO - Setting next_dagrun for tutorial_dag to None, run_after=None
[2023-12-15T11:49:14.847+0000] {processor.py:179} INFO - Processing /home/airflow/.local/lib/python3.8/site-packages/airflow/example_dags/tutorial_dag.py took 0.109 seconds
[2023-12-15T11:49:45.039+0000] {processor.py:157} INFO - Started process (PID=1319) to work on /home/airflow/.local/lib/python3.8/site-packages/airflow/example_dags/tutorial_dag.py
[2023-12-15T11:49:45.044+0000] {processor.py:829} INFO - Processing file /home/airflow/.local/lib/python3.8/site-packages/airflow/example_dags/tutorial_dag.py for tasks to queue
[2023-12-15T11:49:45.049+0000] {logging_mixin.py:154} INFO - [2023-12-15T11:49:45.049+0000] {dagbag.py:536} INFO - Filling up the DagBag from /home/airflow/.local/lib/python3.8/site-packages/airflow/example_dags/tutorial_dag.py
[2023-12-15T11:49:45.056+0000] {processor.py:839} INFO - DAG(s) dict_keys(['tutorial_dag']) retrieved from /home/airflow/.local/lib/python3.8/site-packages/airflow/example_dags/tutorial_dag.py
[2023-12-15T11:49:45.129+0000] {logging_mixin.py:154} INFO - [2023-12-15T11:49:45.129+0000] {dag.py:2941} INFO - Sync 1 DAGs
[2023-12-15T11:49:45.153+0000] {logging_mixin.py:154} INFO - [2023-12-15T11:49:45.153+0000] {dag.py:3722} INFO - Setting next_dagrun for tutorial_dag to None, run_after=None
[2023-12-15T11:49:45.174+0000] {processor.py:179} INFO - Processing /home/airflow/.local/lib/python3.8/site-packages/airflow/example_dags/tutorial_dag.py took 0.142 seconds
[2023-12-15T11:50:22.001+0000] {processor.py:157} INFO - Started process (PID=1370) to work on /home/airflow/.local/lib/python3.8/site-packages/airflow/example_dags/tutorial_dag.py
[2023-12-15T11:50:22.003+0000] {processor.py:829} INFO - Processing file /home/airflow/.local/lib/python3.8/site-packages/airflow/example_dags/tutorial_dag.py for tasks to queue
[2023-12-15T11:50:22.005+0000] {logging_mixin.py:154} INFO - [2023-12-15T11:50:22.005+0000] {dagbag.py:536} INFO - Filling up the DagBag from /home/airflow/.local/lib/python3.8/site-packages/airflow/example_dags/tutorial_dag.py
[2023-12-15T11:50:22.014+0000] {processor.py:839} INFO - DAG(s) dict_keys(['tutorial_dag']) retrieved from /home/airflow/.local/lib/python3.8/site-packages/airflow/example_dags/tutorial_dag.py
[2023-12-15T11:50:22.042+0000] {logging_mixin.py:154} INFO - [2023-12-15T11:50:22.042+0000] {dag.py:2941} INFO - Sync 1 DAGs
[2023-12-15T11:50:22.662+0000] {logging_mixin.py:154} INFO - [2023-12-15T11:50:22.662+0000] {dag.py:3722} INFO - Setting next_dagrun for tutorial_dag to None, run_after=None
[2023-12-15T11:50:22.715+0000] {processor.py:179} INFO - Processing /home/airflow/.local/lib/python3.8/site-packages/airflow/example_dags/tutorial_dag.py took 0.722 seconds
[2023-12-15T11:50:54.142+0000] {processor.py:157} INFO - Started process (PID=1422) to work on /home/airflow/.local/lib/python3.8/site-packages/airflow/example_dags/tutorial_dag.py
[2023-12-15T11:50:54.155+0000] {processor.py:829} INFO - Processing file /home/airflow/.local/lib/python3.8/site-packages/airflow/example_dags/tutorial_dag.py for tasks to queue
[2023-12-15T11:50:54.166+0000] {logging_mixin.py:154} INFO - [2023-12-15T11:50:54.162+0000] {dagbag.py:536} INFO - Filling up the DagBag from /home/airflow/.local/lib/python3.8/site-packages/airflow/example_dags/tutorial_dag.py
[2023-12-15T11:50:54.206+0000] {processor.py:839} INFO - DAG(s) dict_keys(['tutorial_dag']) retrieved from /home/airflow/.local/lib/python3.8/site-packages/airflow/example_dags/tutorial_dag.py
[2023-12-15T11:50:54.480+0000] {logging_mixin.py:154} INFO - [2023-12-15T11:50:54.473+0000] {dag.py:2941} INFO - Sync 1 DAGs
[2023-12-15T11:50:54.702+0000] {logging_mixin.py:154} INFO - [2023-12-15T11:50:54.701+0000] {dag.py:3722} INFO - Setting next_dagrun for tutorial_dag to None, run_after=None
[2023-12-15T11:50:54.893+0000] {processor.py:179} INFO - Processing /home/airflow/.local/lib/python3.8/site-packages/airflow/example_dags/tutorial_dag.py took 0.797 seconds
[2023-12-15T11:51:25.274+0000] {processor.py:157} INFO - Started process (PID=1475) to work on /home/airflow/.local/lib/python3.8/site-packages/airflow/example_dags/tutorial_dag.py
[2023-12-15T11:51:25.276+0000] {processor.py:829} INFO - Processing file /home/airflow/.local/lib/python3.8/site-packages/airflow/example_dags/tutorial_dag.py for tasks to queue
[2023-12-15T11:51:25.282+0000] {logging_mixin.py:154} INFO - [2023-12-15T11:51:25.281+0000] {dagbag.py:536} INFO - Filling up the DagBag from /home/airflow/.local/lib/python3.8/site-packages/airflow/example_dags/tutorial_dag.py
[2023-12-15T11:51:25.325+0000] {processor.py:839} INFO - DAG(s) dict_keys(['tutorial_dag']) retrieved from /home/airflow/.local/lib/python3.8/site-packages/airflow/example_dags/tutorial_dag.py
[2023-12-15T11:51:25.435+0000] {logging_mixin.py:154} INFO - [2023-12-15T11:51:25.435+0000] {dag.py:2941} INFO - Sync 1 DAGs
[2023-12-15T11:51:25.467+0000] {logging_mixin.py:154} INFO - [2023-12-15T11:51:25.467+0000] {dag.py:3722} INFO - Setting next_dagrun for tutorial_dag to None, run_after=None
[2023-12-15T11:51:25.485+0000] {processor.py:179} INFO - Processing /home/airflow/.local/lib/python3.8/site-packages/airflow/example_dags/tutorial_dag.py took 0.222 seconds
[2023-12-15T11:51:59.433+0000] {processor.py:157} INFO - Started process (PID=1529) to work on /home/airflow/.local/lib/python3.8/site-packages/airflow/example_dags/tutorial_dag.py
[2023-12-15T11:51:59.441+0000] {processor.py:829} INFO - Processing file /home/airflow/.local/lib/python3.8/site-packages/airflow/example_dags/tutorial_dag.py for tasks to queue
[2023-12-15T11:51:59.458+0000] {logging_mixin.py:154} INFO - [2023-12-15T11:51:59.457+0000] {dagbag.py:536} INFO - Filling up the DagBag from /home/airflow/.local/lib/python3.8/site-packages/airflow/example_dags/tutorial_dag.py
[2023-12-15T11:51:59.498+0000] {processor.py:839} INFO - DAG(s) dict_keys(['tutorial_dag']) retrieved from /home/airflow/.local/lib/python3.8/site-packages/airflow/example_dags/tutorial_dag.py
[2023-12-15T11:51:59.598+0000] {logging_mixin.py:154} INFO - [2023-12-15T11:51:59.598+0000] {dag.py:2941} INFO - Sync 1 DAGs
[2023-12-15T11:52:01.428+0000] {logging_mixin.py:154} INFO - [2023-12-15T11:52:01.427+0000] {dag.py:3722} INFO - Setting next_dagrun for tutorial_dag to None, run_after=None
[2023-12-15T11:52:01.659+0000] {processor.py:179} INFO - Processing /home/airflow/.local/lib/python3.8/site-packages/airflow/example_dags/tutorial_dag.py took 2.241 seconds
[2023-12-15T11:52:32.133+0000] {processor.py:157} INFO - Started process (PID=1590) to work on /home/airflow/.local/lib/python3.8/site-packages/airflow/example_dags/tutorial_dag.py
[2023-12-15T11:52:32.141+0000] {processor.py:829} INFO - Processing file /home/airflow/.local/lib/python3.8/site-packages/airflow/example_dags/tutorial_dag.py for tasks to queue
[2023-12-15T11:52:32.150+0000] {logging_mixin.py:154} INFO - [2023-12-15T11:52:32.150+0000] {dagbag.py:536} INFO - Filling up the DagBag from /home/airflow/.local/lib/python3.8/site-packages/airflow/example_dags/tutorial_dag.py
[2023-12-15T11:52:32.169+0000] {processor.py:839} INFO - DAG(s) dict_keys(['tutorial_dag']) retrieved from /home/airflow/.local/lib/python3.8/site-packages/airflow/example_dags/tutorial_dag.py
[2023-12-15T11:52:32.196+0000] {logging_mixin.py:154} INFO - [2023-12-15T11:52:32.196+0000] {dag.py:2941} INFO - Sync 1 DAGs
[2023-12-15T11:52:32.217+0000] {logging_mixin.py:154} INFO - [2023-12-15T11:52:32.217+0000] {dag.py:3722} INFO - Setting next_dagrun for tutorial_dag to None, run_after=None
[2023-12-15T11:52:32.235+0000] {processor.py:179} INFO - Processing /home/airflow/.local/lib/python3.8/site-packages/airflow/example_dags/tutorial_dag.py took 0.110 seconds
[2023-12-15T11:53:02.935+0000] {processor.py:157} INFO - Started process (PID=1641) to work on /home/airflow/.local/lib/python3.8/site-packages/airflow/example_dags/tutorial_dag.py
[2023-12-15T11:53:02.937+0000] {processor.py:829} INFO - Processing file /home/airflow/.local/lib/python3.8/site-packages/airflow/example_dags/tutorial_dag.py for tasks to queue
[2023-12-15T11:53:02.948+0000] {logging_mixin.py:154} INFO - [2023-12-15T11:53:02.947+0000] {dagbag.py:536} INFO - Filling up the DagBag from /home/airflow/.local/lib/python3.8/site-packages/airflow/example_dags/tutorial_dag.py
[2023-12-15T11:53:03.037+0000] {processor.py:839} INFO - DAG(s) dict_keys(['tutorial_dag']) retrieved from /home/airflow/.local/lib/python3.8/site-packages/airflow/example_dags/tutorial_dag.py
[2023-12-15T11:53:03.148+0000] {logging_mixin.py:154} INFO - [2023-12-15T11:53:03.148+0000] {dag.py:2941} INFO - Sync 1 DAGs
[2023-12-15T11:53:03.192+0000] {logging_mixin.py:154} INFO - [2023-12-15T11:53:03.192+0000] {dag.py:3722} INFO - Setting next_dagrun for tutorial_dag to None, run_after=None
[2023-12-15T11:53:03.225+0000] {processor.py:179} INFO - Processing /home/airflow/.local/lib/python3.8/site-packages/airflow/example_dags/tutorial_dag.py took 0.305 seconds
[2023-12-15T11:53:33.825+0000] {processor.py:157} INFO - Started process (PID=1694) to work on /home/airflow/.local/lib/python3.8/site-packages/airflow/example_dags/tutorial_dag.py
[2023-12-15T11:53:33.855+0000] {processor.py:829} INFO - Processing file /home/airflow/.local/lib/python3.8/site-packages/airflow/example_dags/tutorial_dag.py for tasks to queue
[2023-12-15T11:53:33.917+0000] {logging_mixin.py:154} INFO - [2023-12-15T11:53:33.911+0000] {dagbag.py:536} INFO - Filling up the DagBag from /home/airflow/.local/lib/python3.8/site-packages/airflow/example_dags/tutorial_dag.py
[2023-12-15T11:53:33.995+0000] {processor.py:839} INFO - DAG(s) dict_keys(['tutorial_dag']) retrieved from /home/airflow/.local/lib/python3.8/site-packages/airflow/example_dags/tutorial_dag.py
[2023-12-15T11:53:34.315+0000] {logging_mixin.py:154} INFO - [2023-12-15T11:53:34.313+0000] {dag.py:2941} INFO - Sync 1 DAGs
[2023-12-15T11:53:34.414+0000] {logging_mixin.py:154} INFO - [2023-12-15T11:53:34.413+0000] {dag.py:3722} INFO - Setting next_dagrun for tutorial_dag to None, run_after=None
[2023-12-15T11:53:34.457+0000] {processor.py:179} INFO - Processing /home/airflow/.local/lib/python3.8/site-packages/airflow/example_dags/tutorial_dag.py took 0.662 seconds
[2023-12-15T11:54:04.626+0000] {processor.py:157} INFO - Started process (PID=1741) to work on /home/airflow/.local/lib/python3.8/site-packages/airflow/example_dags/tutorial_dag.py
[2023-12-15T11:54:04.629+0000] {processor.py:829} INFO - Processing file /home/airflow/.local/lib/python3.8/site-packages/airflow/example_dags/tutorial_dag.py for tasks to queue
[2023-12-15T11:54:04.640+0000] {logging_mixin.py:154} INFO - [2023-12-15T11:54:04.637+0000] {dagbag.py:536} INFO - Filling up the DagBag from /home/airflow/.local/lib/python3.8/site-packages/airflow/example_dags/tutorial_dag.py
[2023-12-15T11:54:04.660+0000] {processor.py:839} INFO - DAG(s) dict_keys(['tutorial_dag']) retrieved from /home/airflow/.local/lib/python3.8/site-packages/airflow/example_dags/tutorial_dag.py
[2023-12-15T11:54:04.711+0000] {logging_mixin.py:154} INFO - [2023-12-15T11:54:04.711+0000] {dag.py:2941} INFO - Sync 1 DAGs
[2023-12-15T11:54:04.730+0000] {logging_mixin.py:154} INFO - [2023-12-15T11:54:04.730+0000] {dag.py:3722} INFO - Setting next_dagrun for tutorial_dag to None, run_after=None
[2023-12-15T11:54:04.758+0000] {processor.py:179} INFO - Processing /home/airflow/.local/lib/python3.8/site-packages/airflow/example_dags/tutorial_dag.py took 0.143 seconds
[2023-12-15T11:54:34.867+0000] {processor.py:157} INFO - Started process (PID=1795) to work on /home/airflow/.local/lib/python3.8/site-packages/airflow/example_dags/tutorial_dag.py
[2023-12-15T11:54:34.874+0000] {processor.py:829} INFO - Processing file /home/airflow/.local/lib/python3.8/site-packages/airflow/example_dags/tutorial_dag.py for tasks to queue
[2023-12-15T11:54:34.878+0000] {logging_mixin.py:154} INFO - [2023-12-15T11:54:34.877+0000] {dagbag.py:536} INFO - Filling up the DagBag from /home/airflow/.local/lib/python3.8/site-packages/airflow/example_dags/tutorial_dag.py
[2023-12-15T11:54:34.897+0000] {processor.py:839} INFO - DAG(s) dict_keys(['tutorial_dag']) retrieved from /home/airflow/.local/lib/python3.8/site-packages/airflow/example_dags/tutorial_dag.py
[2023-12-15T11:54:34.948+0000] {logging_mixin.py:154} INFO - [2023-12-15T11:54:34.948+0000] {dag.py:2941} INFO - Sync 1 DAGs
[2023-12-15T11:54:34.961+0000] {logging_mixin.py:154} INFO - [2023-12-15T11:54:34.960+0000] {dag.py:3722} INFO - Setting next_dagrun for tutorial_dag to None, run_after=None
[2023-12-15T11:54:34.988+0000] {processor.py:179} INFO - Processing /home/airflow/.local/lib/python3.8/site-packages/airflow/example_dags/tutorial_dag.py took 0.132 seconds
[2023-12-15T11:55:05.268+0000] {processor.py:157} INFO - Started process (PID=1849) to work on /home/airflow/.local/lib/python3.8/site-packages/airflow/example_dags/tutorial_dag.py
[2023-12-15T11:55:05.278+0000] {processor.py:829} INFO - Processing file /home/airflow/.local/lib/python3.8/site-packages/airflow/example_dags/tutorial_dag.py for tasks to queue
[2023-12-15T11:55:05.293+0000] {logging_mixin.py:154} INFO - [2023-12-15T11:55:05.292+0000] {dagbag.py:536} INFO - Filling up the DagBag from /home/airflow/.local/lib/python3.8/site-packages/airflow/example_dags/tutorial_dag.py
[2023-12-15T11:55:05.310+0000] {processor.py:839} INFO - DAG(s) dict_keys(['tutorial_dag']) retrieved from /home/airflow/.local/lib/python3.8/site-packages/airflow/example_dags/tutorial_dag.py
[2023-12-15T11:55:05.373+0000] {logging_mixin.py:154} INFO - [2023-12-15T11:55:05.373+0000] {dag.py:2941} INFO - Sync 1 DAGs
[2023-12-15T11:55:05.397+0000] {logging_mixin.py:154} INFO - [2023-12-15T11:55:05.396+0000] {dag.py:3722} INFO - Setting next_dagrun for tutorial_dag to None, run_after=None
[2023-12-15T11:55:05.421+0000] {processor.py:179} INFO - Processing /home/airflow/.local/lib/python3.8/site-packages/airflow/example_dags/tutorial_dag.py took 0.174 seconds
[2023-12-15T11:55:35.511+0000] {processor.py:157} INFO - Started process (PID=1903) to work on /home/airflow/.local/lib/python3.8/site-packages/airflow/example_dags/tutorial_dag.py
[2023-12-15T11:55:35.523+0000] {processor.py:829} INFO - Processing file /home/airflow/.local/lib/python3.8/site-packages/airflow/example_dags/tutorial_dag.py for tasks to queue
[2023-12-15T11:55:35.527+0000] {logging_mixin.py:154} INFO - [2023-12-15T11:55:35.527+0000] {dagbag.py:536} INFO - Filling up the DagBag from /home/airflow/.local/lib/python3.8/site-packages/airflow/example_dags/tutorial_dag.py
[2023-12-15T11:55:35.531+0000] {processor.py:839} INFO - DAG(s) dict_keys(['tutorial_dag']) retrieved from /home/airflow/.local/lib/python3.8/site-packages/airflow/example_dags/tutorial_dag.py
[2023-12-15T11:55:35.551+0000] {logging_mixin.py:154} INFO - [2023-12-15T11:55:35.551+0000] {dag.py:2941} INFO - Sync 1 DAGs
[2023-12-15T11:55:35.567+0000] {logging_mixin.py:154} INFO - [2023-12-15T11:55:35.566+0000] {dag.py:3722} INFO - Setting next_dagrun for tutorial_dag to None, run_after=None
[2023-12-15T11:55:35.584+0000] {processor.py:179} INFO - Processing /home/airflow/.local/lib/python3.8/site-packages/airflow/example_dags/tutorial_dag.py took 0.076 seconds
[2023-12-15T11:56:07.281+0000] {processor.py:157} INFO - Started process (PID=1956) to work on /home/airflow/.local/lib/python3.8/site-packages/airflow/example_dags/tutorial_dag.py
[2023-12-15T11:56:07.292+0000] {processor.py:829} INFO - Processing file /home/airflow/.local/lib/python3.8/site-packages/airflow/example_dags/tutorial_dag.py for tasks to queue
[2023-12-15T11:56:07.297+0000] {logging_mixin.py:154} INFO - [2023-12-15T11:56:07.296+0000] {dagbag.py:536} INFO - Filling up the DagBag from /home/airflow/.local/lib/python3.8/site-packages/airflow/example_dags/tutorial_dag.py
[2023-12-15T11:56:07.306+0000] {processor.py:839} INFO - DAG(s) dict_keys(['tutorial_dag']) retrieved from /home/airflow/.local/lib/python3.8/site-packages/airflow/example_dags/tutorial_dag.py
[2023-12-15T11:56:07.356+0000] {logging_mixin.py:154} INFO - [2023-12-15T11:56:07.356+0000] {dag.py:2941} INFO - Sync 1 DAGs
[2023-12-15T11:56:07.388+0000] {logging_mixin.py:154} INFO - [2023-12-15T11:56:07.387+0000] {dag.py:3722} INFO - Setting next_dagrun for tutorial_dag to None, run_after=None
[2023-12-15T11:56:07.431+0000] {processor.py:179} INFO - Processing /home/airflow/.local/lib/python3.8/site-packages/airflow/example_dags/tutorial_dag.py took 0.161 seconds
[2023-12-15T11:56:37.827+0000] {processor.py:157} INFO - Started process (PID=2009) to work on /home/airflow/.local/lib/python3.8/site-packages/airflow/example_dags/tutorial_dag.py
[2023-12-15T11:56:37.836+0000] {processor.py:829} INFO - Processing file /home/airflow/.local/lib/python3.8/site-packages/airflow/example_dags/tutorial_dag.py for tasks to queue
[2023-12-15T11:56:37.841+0000] {logging_mixin.py:154} INFO - [2023-12-15T11:56:37.840+0000] {dagbag.py:536} INFO - Filling up the DagBag from /home/airflow/.local/lib/python3.8/site-packages/airflow/example_dags/tutorial_dag.py
[2023-12-15T11:56:37.851+0000] {processor.py:839} INFO - DAG(s) dict_keys(['tutorial_dag']) retrieved from /home/airflow/.local/lib/python3.8/site-packages/airflow/example_dags/tutorial_dag.py
[2023-12-15T11:56:37.897+0000] {logging_mixin.py:154} INFO - [2023-12-15T11:56:37.897+0000] {dag.py:2941} INFO - Sync 1 DAGs
[2023-12-15T11:56:37.912+0000] {logging_mixin.py:154} INFO - [2023-12-15T11:56:37.912+0000] {dag.py:3722} INFO - Setting next_dagrun for tutorial_dag to None, run_after=None
[2023-12-15T11:56:37.963+0000] {processor.py:179} INFO - Processing /home/airflow/.local/lib/python3.8/site-packages/airflow/example_dags/tutorial_dag.py took 0.142 seconds
[2023-12-15T11:57:08.610+0000] {processor.py:157} INFO - Started process (PID=2063) to work on /home/airflow/.local/lib/python3.8/site-packages/airflow/example_dags/tutorial_dag.py
[2023-12-15T11:57:08.618+0000] {processor.py:829} INFO - Processing file /home/airflow/.local/lib/python3.8/site-packages/airflow/example_dags/tutorial_dag.py for tasks to queue
[2023-12-15T11:57:08.638+0000] {logging_mixin.py:154} INFO - [2023-12-15T11:57:08.635+0000] {dagbag.py:536} INFO - Filling up the DagBag from /home/airflow/.local/lib/python3.8/site-packages/airflow/example_dags/tutorial_dag.py
[2023-12-15T11:57:08.660+0000] {processor.py:839} INFO - DAG(s) dict_keys(['tutorial_dag']) retrieved from /home/airflow/.local/lib/python3.8/site-packages/airflow/example_dags/tutorial_dag.py
[2023-12-15T11:57:08.707+0000] {logging_mixin.py:154} INFO - [2023-12-15T11:57:08.707+0000] {dag.py:2941} INFO - Sync 1 DAGs
[2023-12-15T11:57:08.721+0000] {logging_mixin.py:154} INFO - [2023-12-15T11:57:08.721+0000] {dag.py:3722} INFO - Setting next_dagrun for tutorial_dag to None, run_after=None
[2023-12-15T11:57:08.742+0000] {processor.py:179} INFO - Processing /home/airflow/.local/lib/python3.8/site-packages/airflow/example_dags/tutorial_dag.py took 0.139 seconds
[2023-12-15T11:57:39.041+0000] {processor.py:157} INFO - Started process (PID=2118) to work on /home/airflow/.local/lib/python3.8/site-packages/airflow/example_dags/tutorial_dag.py
[2023-12-15T11:57:39.043+0000] {processor.py:829} INFO - Processing file /home/airflow/.local/lib/python3.8/site-packages/airflow/example_dags/tutorial_dag.py for tasks to queue
[2023-12-15T11:57:39.046+0000] {logging_mixin.py:154} INFO - [2023-12-15T11:57:39.045+0000] {dagbag.py:536} INFO - Filling up the DagBag from /home/airflow/.local/lib/python3.8/site-packages/airflow/example_dags/tutorial_dag.py
[2023-12-15T11:57:39.051+0000] {processor.py:839} INFO - DAG(s) dict_keys(['tutorial_dag']) retrieved from /home/airflow/.local/lib/python3.8/site-packages/airflow/example_dags/tutorial_dag.py
[2023-12-15T11:57:39.066+0000] {logging_mixin.py:154} INFO - [2023-12-15T11:57:39.066+0000] {dag.py:2941} INFO - Sync 1 DAGs
[2023-12-15T11:57:39.079+0000] {logging_mixin.py:154} INFO - [2023-12-15T11:57:39.079+0000] {dag.py:3722} INFO - Setting next_dagrun for tutorial_dag to None, run_after=None
[2023-12-15T11:57:39.092+0000] {processor.py:179} INFO - Processing /home/airflow/.local/lib/python3.8/site-packages/airflow/example_dags/tutorial_dag.py took 0.056 seconds
[2023-12-15T11:58:09.794+0000] {processor.py:157} INFO - Started process (PID=2172) to work on /home/airflow/.local/lib/python3.8/site-packages/airflow/example_dags/tutorial_dag.py
[2023-12-15T11:58:09.795+0000] {processor.py:829} INFO - Processing file /home/airflow/.local/lib/python3.8/site-packages/airflow/example_dags/tutorial_dag.py for tasks to queue
[2023-12-15T11:58:09.798+0000] {logging_mixin.py:154} INFO - [2023-12-15T11:58:09.798+0000] {dagbag.py:536} INFO - Filling up the DagBag from /home/airflow/.local/lib/python3.8/site-packages/airflow/example_dags/tutorial_dag.py
[2023-12-15T11:58:09.803+0000] {processor.py:839} INFO - DAG(s) dict_keys(['tutorial_dag']) retrieved from /home/airflow/.local/lib/python3.8/site-packages/airflow/example_dags/tutorial_dag.py
[2023-12-15T11:58:09.821+0000] {logging_mixin.py:154} INFO - [2023-12-15T11:58:09.821+0000] {dag.py:2941} INFO - Sync 1 DAGs
[2023-12-15T11:58:09.830+0000] {logging_mixin.py:154} INFO - [2023-12-15T11:58:09.830+0000] {dag.py:3722} INFO - Setting next_dagrun for tutorial_dag to None, run_after=None
[2023-12-15T11:58:09.843+0000] {processor.py:179} INFO - Processing /home/airflow/.local/lib/python3.8/site-packages/airflow/example_dags/tutorial_dag.py took 0.053 seconds
[2023-12-15T11:58:40.427+0000] {processor.py:157} INFO - Started process (PID=2226) to work on /home/airflow/.local/lib/python3.8/site-packages/airflow/example_dags/tutorial_dag.py
[2023-12-15T11:58:40.429+0000] {processor.py:829} INFO - Processing file /home/airflow/.local/lib/python3.8/site-packages/airflow/example_dags/tutorial_dag.py for tasks to queue
[2023-12-15T11:58:40.437+0000] {logging_mixin.py:154} INFO - [2023-12-15T11:58:40.436+0000] {dagbag.py:536} INFO - Filling up the DagBag from /home/airflow/.local/lib/python3.8/site-packages/airflow/example_dags/tutorial_dag.py
[2023-12-15T11:58:40.454+0000] {processor.py:839} INFO - DAG(s) dict_keys(['tutorial_dag']) retrieved from /home/airflow/.local/lib/python3.8/site-packages/airflow/example_dags/tutorial_dag.py
[2023-12-15T11:58:40.502+0000] {logging_mixin.py:154} INFO - [2023-12-15T11:58:40.502+0000] {dag.py:2941} INFO - Sync 1 DAGs
[2023-12-15T11:58:40.529+0000] {logging_mixin.py:154} INFO - [2023-12-15T11:58:40.529+0000] {dag.py:3722} INFO - Setting next_dagrun for tutorial_dag to None, run_after=None
[2023-12-15T11:58:40.551+0000] {processor.py:179} INFO - Processing /home/airflow/.local/lib/python3.8/site-packages/airflow/example_dags/tutorial_dag.py took 0.134 seconds
[2023-12-15T11:59:11.011+0000] {processor.py:157} INFO - Started process (PID=2286) to work on /home/airflow/.local/lib/python3.8/site-packages/airflow/example_dags/tutorial_dag.py
[2023-12-15T11:59:11.022+0000] {processor.py:829} INFO - Processing file /home/airflow/.local/lib/python3.8/site-packages/airflow/example_dags/tutorial_dag.py for tasks to queue
[2023-12-15T11:59:11.055+0000] {logging_mixin.py:154} INFO - [2023-12-15T11:59:11.054+0000] {dagbag.py:536} INFO - Filling up the DagBag from /home/airflow/.local/lib/python3.8/site-packages/airflow/example_dags/tutorial_dag.py
[2023-12-15T11:59:11.070+0000] {processor.py:839} INFO - DAG(s) dict_keys(['tutorial_dag']) retrieved from /home/airflow/.local/lib/python3.8/site-packages/airflow/example_dags/tutorial_dag.py
[2023-12-15T11:59:11.148+0000] {logging_mixin.py:154} INFO - [2023-12-15T11:59:11.148+0000] {dag.py:2941} INFO - Sync 1 DAGs
[2023-12-15T11:59:11.185+0000] {logging_mixin.py:154} INFO - [2023-12-15T11:59:11.184+0000] {dag.py:3722} INFO - Setting next_dagrun for tutorial_dag to None, run_after=None
[2023-12-15T11:59:11.264+0000] {processor.py:179} INFO - Processing /home/airflow/.local/lib/python3.8/site-packages/airflow/example_dags/tutorial_dag.py took 0.265 seconds
[2023-12-15T11:59:41.778+0000] {processor.py:157} INFO - Started process (PID=2339) to work on /home/airflow/.local/lib/python3.8/site-packages/airflow/example_dags/tutorial_dag.py
[2023-12-15T11:59:41.782+0000] {processor.py:829} INFO - Processing file /home/airflow/.local/lib/python3.8/site-packages/airflow/example_dags/tutorial_dag.py for tasks to queue
[2023-12-15T11:59:41.791+0000] {logging_mixin.py:154} INFO - [2023-12-15T11:59:41.790+0000] {dagbag.py:536} INFO - Filling up the DagBag from /home/airflow/.local/lib/python3.8/site-packages/airflow/example_dags/tutorial_dag.py
[2023-12-15T11:59:41.819+0000] {processor.py:839} INFO - DAG(s) dict_keys(['tutorial_dag']) retrieved from /home/airflow/.local/lib/python3.8/site-packages/airflow/example_dags/tutorial_dag.py
[2023-12-15T11:59:41.923+0000] {logging_mixin.py:154} INFO - [2023-12-15T11:59:41.922+0000] {dag.py:2941} INFO - Sync 1 DAGs
[2023-12-15T11:59:41.969+0000] {logging_mixin.py:154} INFO - [2023-12-15T11:59:41.969+0000] {dag.py:3722} INFO - Setting next_dagrun for tutorial_dag to None, run_after=None
[2023-12-15T11:59:42.031+0000] {processor.py:179} INFO - Processing /home/airflow/.local/lib/python3.8/site-packages/airflow/example_dags/tutorial_dag.py took 0.267 seconds
[2023-12-15T12:00:12.623+0000] {processor.py:157} INFO - Started process (PID=2388) to work on /home/airflow/.local/lib/python3.8/site-packages/airflow/example_dags/tutorial_dag.py
[2023-12-15T12:00:12.626+0000] {processor.py:829} INFO - Processing file /home/airflow/.local/lib/python3.8/site-packages/airflow/example_dags/tutorial_dag.py for tasks to queue
[2023-12-15T12:00:12.629+0000] {logging_mixin.py:154} INFO - [2023-12-15T12:00:12.629+0000] {dagbag.py:536} INFO - Filling up the DagBag from /home/airflow/.local/lib/python3.8/site-packages/airflow/example_dags/tutorial_dag.py
[2023-12-15T12:00:12.640+0000] {processor.py:839} INFO - DAG(s) dict_keys(['tutorial_dag']) retrieved from /home/airflow/.local/lib/python3.8/site-packages/airflow/example_dags/tutorial_dag.py
[2023-12-15T12:00:12.706+0000] {logging_mixin.py:154} INFO - [2023-12-15T12:00:12.705+0000] {dag.py:2941} INFO - Sync 1 DAGs
[2023-12-15T12:00:12.745+0000] {logging_mixin.py:154} INFO - [2023-12-15T12:00:12.745+0000] {dag.py:3722} INFO - Setting next_dagrun for tutorial_dag to None, run_after=None
[2023-12-15T12:00:12.818+0000] {processor.py:179} INFO - Processing /home/airflow/.local/lib/python3.8/site-packages/airflow/example_dags/tutorial_dag.py took 0.200 seconds
[2023-12-15T12:00:43.014+0000] {processor.py:157} INFO - Started process (PID=2440) to work on /home/airflow/.local/lib/python3.8/site-packages/airflow/example_dags/tutorial_dag.py
[2023-12-15T12:00:43.015+0000] {processor.py:829} INFO - Processing file /home/airflow/.local/lib/python3.8/site-packages/airflow/example_dags/tutorial_dag.py for tasks to queue
[2023-12-15T12:00:43.019+0000] {logging_mixin.py:154} INFO - [2023-12-15T12:00:43.019+0000] {dagbag.py:536} INFO - Filling up the DagBag from /home/airflow/.local/lib/python3.8/site-packages/airflow/example_dags/tutorial_dag.py
[2023-12-15T12:00:43.033+0000] {processor.py:839} INFO - DAG(s) dict_keys(['tutorial_dag']) retrieved from /home/airflow/.local/lib/python3.8/site-packages/airflow/example_dags/tutorial_dag.py
[2023-12-15T12:00:43.087+0000] {logging_mixin.py:154} INFO - [2023-12-15T12:00:43.087+0000] {dag.py:2941} INFO - Sync 1 DAGs
[2023-12-15T12:00:43.104+0000] {logging_mixin.py:154} INFO - [2023-12-15T12:00:43.103+0000] {dag.py:3722} INFO - Setting next_dagrun for tutorial_dag to None, run_after=None
[2023-12-15T12:00:43.139+0000] {processor.py:179} INFO - Processing /home/airflow/.local/lib/python3.8/site-packages/airflow/example_dags/tutorial_dag.py took 0.130 seconds
[2023-12-15T12:01:13.414+0000] {processor.py:157} INFO - Started process (PID=2493) to work on /home/airflow/.local/lib/python3.8/site-packages/airflow/example_dags/tutorial_dag.py
[2023-12-15T12:01:13.422+0000] {processor.py:829} INFO - Processing file /home/airflow/.local/lib/python3.8/site-packages/airflow/example_dags/tutorial_dag.py for tasks to queue
[2023-12-15T12:01:13.426+0000] {logging_mixin.py:154} INFO - [2023-12-15T12:01:13.425+0000] {dagbag.py:536} INFO - Filling up the DagBag from /home/airflow/.local/lib/python3.8/site-packages/airflow/example_dags/tutorial_dag.py
[2023-12-15T12:01:13.437+0000] {processor.py:839} INFO - DAG(s) dict_keys(['tutorial_dag']) retrieved from /home/airflow/.local/lib/python3.8/site-packages/airflow/example_dags/tutorial_dag.py
[2023-12-15T12:01:13.555+0000] {logging_mixin.py:154} INFO - [2023-12-15T12:01:13.554+0000] {dag.py:2941} INFO - Sync 1 DAGs
[2023-12-15T12:01:13.587+0000] {logging_mixin.py:154} INFO - [2023-12-15T12:01:13.587+0000] {dag.py:3722} INFO - Setting next_dagrun for tutorial_dag to None, run_after=None
[2023-12-15T12:01:13.969+0000] {processor.py:179} INFO - Processing /home/airflow/.local/lib/python3.8/site-packages/airflow/example_dags/tutorial_dag.py took 0.563 seconds
[2023-12-15T12:01:44.539+0000] {processor.py:157} INFO - Started process (PID=2545) to work on /home/airflow/.local/lib/python3.8/site-packages/airflow/example_dags/tutorial_dag.py
[2023-12-15T12:01:44.548+0000] {processor.py:829} INFO - Processing file /home/airflow/.local/lib/python3.8/site-packages/airflow/example_dags/tutorial_dag.py for tasks to queue
[2023-12-15T12:01:44.556+0000] {logging_mixin.py:154} INFO - [2023-12-15T12:01:44.555+0000] {dagbag.py:536} INFO - Filling up the DagBag from /home/airflow/.local/lib/python3.8/site-packages/airflow/example_dags/tutorial_dag.py
[2023-12-15T12:01:44.587+0000] {processor.py:839} INFO - DAG(s) dict_keys(['tutorial_dag']) retrieved from /home/airflow/.local/lib/python3.8/site-packages/airflow/example_dags/tutorial_dag.py
[2023-12-15T12:01:44.796+0000] {logging_mixin.py:154} INFO - [2023-12-15T12:01:44.795+0000] {dag.py:2941} INFO - Sync 1 DAGs
[2023-12-15T12:01:44.859+0000] {logging_mixin.py:154} INFO - [2023-12-15T12:01:44.859+0000] {dag.py:3722} INFO - Setting next_dagrun for tutorial_dag to None, run_after=None
[2023-12-15T12:01:44.917+0000] {processor.py:179} INFO - Processing /home/airflow/.local/lib/python3.8/site-packages/airflow/example_dags/tutorial_dag.py took 0.433 seconds
[2023-12-15T12:02:15.288+0000] {processor.py:157} INFO - Started process (PID=2599) to work on /home/airflow/.local/lib/python3.8/site-packages/airflow/example_dags/tutorial_dag.py
[2023-12-15T12:02:15.292+0000] {processor.py:829} INFO - Processing file /home/airflow/.local/lib/python3.8/site-packages/airflow/example_dags/tutorial_dag.py for tasks to queue
[2023-12-15T12:02:15.306+0000] {logging_mixin.py:154} INFO - [2023-12-15T12:02:15.306+0000] {dagbag.py:536} INFO - Filling up the DagBag from /home/airflow/.local/lib/python3.8/site-packages/airflow/example_dags/tutorial_dag.py
[2023-12-15T12:02:15.320+0000] {processor.py:839} INFO - DAG(s) dict_keys(['tutorial_dag']) retrieved from /home/airflow/.local/lib/python3.8/site-packages/airflow/example_dags/tutorial_dag.py
[2023-12-15T12:02:15.399+0000] {logging_mixin.py:154} INFO - [2023-12-15T12:02:15.398+0000] {dag.py:2941} INFO - Sync 1 DAGs
[2023-12-15T12:02:15.437+0000] {logging_mixin.py:154} INFO - [2023-12-15T12:02:15.437+0000] {dag.py:3722} INFO - Setting next_dagrun for tutorial_dag to None, run_after=None
[2023-12-15T12:02:15.462+0000] {processor.py:179} INFO - Processing /home/airflow/.local/lib/python3.8/site-packages/airflow/example_dags/tutorial_dag.py took 0.181 seconds
[2023-12-15T12:02:45.613+0000] {processor.py:157} INFO - Started process (PID=2653) to work on /home/airflow/.local/lib/python3.8/site-packages/airflow/example_dags/tutorial_dag.py
[2023-12-15T12:02:45.622+0000] {processor.py:829} INFO - Processing file /home/airflow/.local/lib/python3.8/site-packages/airflow/example_dags/tutorial_dag.py for tasks to queue
[2023-12-15T12:02:45.628+0000] {logging_mixin.py:154} INFO - [2023-12-15T12:02:45.628+0000] {dagbag.py:536} INFO - Filling up the DagBag from /home/airflow/.local/lib/python3.8/site-packages/airflow/example_dags/tutorial_dag.py
[2023-12-15T12:02:45.644+0000] {processor.py:839} INFO - DAG(s) dict_keys(['tutorial_dag']) retrieved from /home/airflow/.local/lib/python3.8/site-packages/airflow/example_dags/tutorial_dag.py
[2023-12-15T12:02:45.679+0000] {logging_mixin.py:154} INFO - [2023-12-15T12:02:45.679+0000] {dag.py:2941} INFO - Sync 1 DAGs
[2023-12-15T12:02:45.690+0000] {logging_mixin.py:154} INFO - [2023-12-15T12:02:45.690+0000] {dag.py:3722} INFO - Setting next_dagrun for tutorial_dag to None, run_after=None
[2023-12-15T12:02:45.706+0000] {processor.py:179} INFO - Processing /home/airflow/.local/lib/python3.8/site-packages/airflow/example_dags/tutorial_dag.py took 0.095 seconds
[2023-12-15T12:03:15.994+0000] {processor.py:157} INFO - Started process (PID=2697) to work on /home/airflow/.local/lib/python3.8/site-packages/airflow/example_dags/tutorial_dag.py
[2023-12-15T12:03:16.009+0000] {processor.py:829} INFO - Processing file /home/airflow/.local/lib/python3.8/site-packages/airflow/example_dags/tutorial_dag.py for tasks to queue
[2023-12-15T12:03:16.020+0000] {logging_mixin.py:154} INFO - [2023-12-15T12:03:16.020+0000] {dagbag.py:536} INFO - Filling up the DagBag from /home/airflow/.local/lib/python3.8/site-packages/airflow/example_dags/tutorial_dag.py
[2023-12-15T12:03:16.054+0000] {processor.py:839} INFO - DAG(s) dict_keys(['tutorial_dag']) retrieved from /home/airflow/.local/lib/python3.8/site-packages/airflow/example_dags/tutorial_dag.py
[2023-12-15T12:03:16.579+0000] {logging_mixin.py:154} INFO - [2023-12-15T12:03:16.578+0000] {dag.py:2941} INFO - Sync 1 DAGs
[2023-12-15T12:03:16.642+0000] {logging_mixin.py:154} INFO - [2023-12-15T12:03:16.641+0000] {dag.py:3722} INFO - Setting next_dagrun for tutorial_dag to None, run_after=None
[2023-12-15T12:03:16.731+0000] {processor.py:179} INFO - Processing /home/airflow/.local/lib/python3.8/site-packages/airflow/example_dags/tutorial_dag.py took 0.753 seconds
[2023-12-15T12:03:47.563+0000] {processor.py:157} INFO - Started process (PID=2751) to work on /home/airflow/.local/lib/python3.8/site-packages/airflow/example_dags/tutorial_dag.py
[2023-12-15T12:03:47.590+0000] {processor.py:829} INFO - Processing file /home/airflow/.local/lib/python3.8/site-packages/airflow/example_dags/tutorial_dag.py for tasks to queue
[2023-12-15T12:03:47.613+0000] {logging_mixin.py:154} INFO - [2023-12-15T12:03:47.611+0000] {dagbag.py:536} INFO - Filling up the DagBag from /home/airflow/.local/lib/python3.8/site-packages/airflow/example_dags/tutorial_dag.py
[2023-12-15T12:03:47.657+0000] {processor.py:839} INFO - DAG(s) dict_keys(['tutorial_dag']) retrieved from /home/airflow/.local/lib/python3.8/site-packages/airflow/example_dags/tutorial_dag.py
[2023-12-15T12:03:47.841+0000] {logging_mixin.py:154} INFO - [2023-12-15T12:03:47.841+0000] {dag.py:2941} INFO - Sync 1 DAGs
[2023-12-15T12:03:47.898+0000] {logging_mixin.py:154} INFO - [2023-12-15T12:03:47.898+0000] {dag.py:3722} INFO - Setting next_dagrun for tutorial_dag to None, run_after=None
[2023-12-15T12:03:47.923+0000] {processor.py:179} INFO - Processing /home/airflow/.local/lib/python3.8/site-packages/airflow/example_dags/tutorial_dag.py took 0.378 seconds
[2023-12-15T12:04:18.848+0000] {processor.py:157} INFO - Started process (PID=2805) to work on /home/airflow/.local/lib/python3.8/site-packages/airflow/example_dags/tutorial_dag.py
[2023-12-15T12:04:18.886+0000] {processor.py:829} INFO - Processing file /home/airflow/.local/lib/python3.8/site-packages/airflow/example_dags/tutorial_dag.py for tasks to queue
[2023-12-15T12:04:18.957+0000] {logging_mixin.py:154} INFO - [2023-12-15T12:04:18.950+0000] {dagbag.py:536} INFO - Filling up the DagBag from /home/airflow/.local/lib/python3.8/site-packages/airflow/example_dags/tutorial_dag.py
[2023-12-15T12:04:19.091+0000] {processor.py:839} INFO - DAG(s) dict_keys(['tutorial_dag']) retrieved from /home/airflow/.local/lib/python3.8/site-packages/airflow/example_dags/tutorial_dag.py
[2023-12-15T12:04:19.428+0000] {logging_mixin.py:154} INFO - [2023-12-15T12:04:19.426+0000] {dag.py:2941} INFO - Sync 1 DAGs
[2023-12-15T12:04:19.529+0000] {logging_mixin.py:154} INFO - [2023-12-15T12:04:19.529+0000] {dag.py:3722} INFO - Setting next_dagrun for tutorial_dag to None, run_after=None
[2023-12-15T12:04:19.642+0000] {processor.py:179} INFO - Processing /home/airflow/.local/lib/python3.8/site-packages/airflow/example_dags/tutorial_dag.py took 0.882 seconds
[2023-12-15T12:04:50.374+0000] {processor.py:157} INFO - Started process (PID=2859) to work on /home/airflow/.local/lib/python3.8/site-packages/airflow/example_dags/tutorial_dag.py
[2023-12-15T12:04:50.385+0000] {processor.py:829} INFO - Processing file /home/airflow/.local/lib/python3.8/site-packages/airflow/example_dags/tutorial_dag.py for tasks to queue
[2023-12-15T12:04:50.438+0000] {logging_mixin.py:154} INFO - [2023-12-15T12:04:50.435+0000] {dagbag.py:536} INFO - Filling up the DagBag from /home/airflow/.local/lib/python3.8/site-packages/airflow/example_dags/tutorial_dag.py
[2023-12-15T12:04:50.466+0000] {processor.py:839} INFO - DAG(s) dict_keys(['tutorial_dag']) retrieved from /home/airflow/.local/lib/python3.8/site-packages/airflow/example_dags/tutorial_dag.py
[2023-12-15T12:04:50.578+0000] {logging_mixin.py:154} INFO - [2023-12-15T12:04:50.577+0000] {dag.py:2941} INFO - Sync 1 DAGs
[2023-12-15T12:04:50.623+0000] {logging_mixin.py:154} INFO - [2023-12-15T12:04:50.622+0000] {dag.py:3722} INFO - Setting next_dagrun for tutorial_dag to None, run_after=None
[2023-12-15T12:04:50.672+0000] {processor.py:179} INFO - Processing /home/airflow/.local/lib/python3.8/site-packages/airflow/example_dags/tutorial_dag.py took 0.335 seconds
[2023-12-15T12:05:21.291+0000] {processor.py:157} INFO - Started process (PID=2913) to work on /home/airflow/.local/lib/python3.8/site-packages/airflow/example_dags/tutorial_dag.py
[2023-12-15T12:05:21.300+0000] {processor.py:829} INFO - Processing file /home/airflow/.local/lib/python3.8/site-packages/airflow/example_dags/tutorial_dag.py for tasks to queue
[2023-12-15T12:05:21.311+0000] {logging_mixin.py:154} INFO - [2023-12-15T12:05:21.310+0000] {dagbag.py:536} INFO - Filling up the DagBag from /home/airflow/.local/lib/python3.8/site-packages/airflow/example_dags/tutorial_dag.py
[2023-12-15T12:05:21.326+0000] {processor.py:839} INFO - DAG(s) dict_keys(['tutorial_dag']) retrieved from /home/airflow/.local/lib/python3.8/site-packages/airflow/example_dags/tutorial_dag.py
[2023-12-15T12:05:21.400+0000] {logging_mixin.py:154} INFO - [2023-12-15T12:05:21.399+0000] {dag.py:2941} INFO - Sync 1 DAGs
[2023-12-15T12:05:21.432+0000] {logging_mixin.py:154} INFO - [2023-12-15T12:05:21.432+0000] {dag.py:3722} INFO - Setting next_dagrun for tutorial_dag to None, run_after=None
[2023-12-15T12:05:21.462+0000] {processor.py:179} INFO - Processing /home/airflow/.local/lib/python3.8/site-packages/airflow/example_dags/tutorial_dag.py took 0.188 seconds
[2023-12-15T12:05:51.825+0000] {processor.py:157} INFO - Started process (PID=2967) to work on /home/airflow/.local/lib/python3.8/site-packages/airflow/example_dags/tutorial_dag.py
[2023-12-15T12:05:51.832+0000] {processor.py:829} INFO - Processing file /home/airflow/.local/lib/python3.8/site-packages/airflow/example_dags/tutorial_dag.py for tasks to queue
[2023-12-15T12:05:51.854+0000] {logging_mixin.py:154} INFO - [2023-12-15T12:05:51.852+0000] {dagbag.py:536} INFO - Filling up the DagBag from /home/airflow/.local/lib/python3.8/site-packages/airflow/example_dags/tutorial_dag.py
[2023-12-15T12:05:51.932+0000] {processor.py:839} INFO - DAG(s) dict_keys(['tutorial_dag']) retrieved from /home/airflow/.local/lib/python3.8/site-packages/airflow/example_dags/tutorial_dag.py
[2023-12-15T12:05:52.202+0000] {logging_mixin.py:154} INFO - [2023-12-15T12:05:52.201+0000] {dag.py:2941} INFO - Sync 1 DAGs
[2023-12-15T12:05:52.329+0000] {logging_mixin.py:154} INFO - [2023-12-15T12:05:52.329+0000] {dag.py:3722} INFO - Setting next_dagrun for tutorial_dag to None, run_after=None
[2023-12-15T12:05:52.408+0000] {processor.py:179} INFO - Processing /home/airflow/.local/lib/python3.8/site-packages/airflow/example_dags/tutorial_dag.py took 0.580 seconds
[2023-12-15T12:06:23.278+0000] {processor.py:157} INFO - Started process (PID=3019) to work on /home/airflow/.local/lib/python3.8/site-packages/airflow/example_dags/tutorial_dag.py
[2023-12-15T12:06:23.287+0000] {processor.py:829} INFO - Processing file /home/airflow/.local/lib/python3.8/site-packages/airflow/example_dags/tutorial_dag.py for tasks to queue
[2023-12-15T12:06:23.319+0000] {logging_mixin.py:154} INFO - [2023-12-15T12:06:23.317+0000] {dagbag.py:536} INFO - Filling up the DagBag from /home/airflow/.local/lib/python3.8/site-packages/airflow/example_dags/tutorial_dag.py
[2023-12-15T12:06:23.381+0000] {processor.py:839} INFO - DAG(s) dict_keys(['tutorial_dag']) retrieved from /home/airflow/.local/lib/python3.8/site-packages/airflow/example_dags/tutorial_dag.py
[2023-12-15T12:06:23.589+0000] {logging_mixin.py:154} INFO - [2023-12-15T12:06:23.589+0000] {dag.py:2941} INFO - Sync 1 DAGs
[2023-12-15T12:06:23.644+0000] {logging_mixin.py:154} INFO - [2023-12-15T12:06:23.644+0000] {dag.py:3722} INFO - Setting next_dagrun for tutorial_dag to None, run_after=None
[2023-12-15T12:06:23.705+0000] {processor.py:179} INFO - Processing /home/airflow/.local/lib/python3.8/site-packages/airflow/example_dags/tutorial_dag.py took 0.460 seconds
[2023-12-15T12:06:53.994+0000] {processor.py:157} INFO - Started process (PID=3073) to work on /home/airflow/.local/lib/python3.8/site-packages/airflow/example_dags/tutorial_dag.py
[2023-12-15T12:06:53.995+0000] {processor.py:829} INFO - Processing file /home/airflow/.local/lib/python3.8/site-packages/airflow/example_dags/tutorial_dag.py for tasks to queue
[2023-12-15T12:06:54.003+0000] {logging_mixin.py:154} INFO - [2023-12-15T12:06:54.002+0000] {dagbag.py:536} INFO - Filling up the DagBag from /home/airflow/.local/lib/python3.8/site-packages/airflow/example_dags/tutorial_dag.py
[2023-12-15T12:06:54.029+0000] {processor.py:839} INFO - DAG(s) dict_keys(['tutorial_dag']) retrieved from /home/airflow/.local/lib/python3.8/site-packages/airflow/example_dags/tutorial_dag.py
[2023-12-15T12:06:54.131+0000] {logging_mixin.py:154} INFO - [2023-12-15T12:06:54.131+0000] {dag.py:2941} INFO - Sync 1 DAGs
[2023-12-15T12:06:54.181+0000] {logging_mixin.py:154} INFO - [2023-12-15T12:06:54.181+0000] {dag.py:3722} INFO - Setting next_dagrun for tutorial_dag to None, run_after=None
[2023-12-15T12:06:54.302+0000] {processor.py:179} INFO - Processing /home/airflow/.local/lib/python3.8/site-packages/airflow/example_dags/tutorial_dag.py took 0.320 seconds
[2023-12-15T12:07:25.011+0000] {processor.py:157} INFO - Started process (PID=3126) to work on /home/airflow/.local/lib/python3.8/site-packages/airflow/example_dags/tutorial_dag.py
[2023-12-15T12:07:25.016+0000] {processor.py:829} INFO - Processing file /home/airflow/.local/lib/python3.8/site-packages/airflow/example_dags/tutorial_dag.py for tasks to queue
[2023-12-15T12:07:25.018+0000] {logging_mixin.py:154} INFO - [2023-12-15T12:07:25.018+0000] {dagbag.py:536} INFO - Filling up the DagBag from /home/airflow/.local/lib/python3.8/site-packages/airflow/example_dags/tutorial_dag.py
[2023-12-15T12:07:25.043+0000] {processor.py:839} INFO - DAG(s) dict_keys(['tutorial_dag']) retrieved from /home/airflow/.local/lib/python3.8/site-packages/airflow/example_dags/tutorial_dag.py
[2023-12-15T12:07:25.096+0000] {logging_mixin.py:154} INFO - [2023-12-15T12:07:25.096+0000] {dag.py:2941} INFO - Sync 1 DAGs
[2023-12-15T12:07:25.152+0000] {logging_mixin.py:154} INFO - [2023-12-15T12:07:25.152+0000] {dag.py:3722} INFO - Setting next_dagrun for tutorial_dag to None, run_after=None
[2023-12-15T12:07:25.193+0000] {processor.py:179} INFO - Processing /home/airflow/.local/lib/python3.8/site-packages/airflow/example_dags/tutorial_dag.py took 0.198 seconds
[2023-12-15T12:07:56.052+0000] {processor.py:157} INFO - Started process (PID=3180) to work on /home/airflow/.local/lib/python3.8/site-packages/airflow/example_dags/tutorial_dag.py
[2023-12-15T12:07:56.056+0000] {processor.py:829} INFO - Processing file /home/airflow/.local/lib/python3.8/site-packages/airflow/example_dags/tutorial_dag.py for tasks to queue
[2023-12-15T12:07:56.078+0000] {logging_mixin.py:154} INFO - [2023-12-15T12:07:56.076+0000] {dagbag.py:536} INFO - Filling up the DagBag from /home/airflow/.local/lib/python3.8/site-packages/airflow/example_dags/tutorial_dag.py
[2023-12-15T12:07:56.116+0000] {processor.py:839} INFO - DAG(s) dict_keys(['tutorial_dag']) retrieved from /home/airflow/.local/lib/python3.8/site-packages/airflow/example_dags/tutorial_dag.py
[2023-12-15T12:07:56.267+0000] {logging_mixin.py:154} INFO - [2023-12-15T12:07:56.266+0000] {dag.py:2941} INFO - Sync 1 DAGs
[2023-12-15T12:07:56.315+0000] {logging_mixin.py:154} INFO - [2023-12-15T12:07:56.314+0000] {dag.py:3722} INFO - Setting next_dagrun for tutorial_dag to None, run_after=None
[2023-12-15T12:07:56.366+0000] {processor.py:179} INFO - Processing /home/airflow/.local/lib/python3.8/site-packages/airflow/example_dags/tutorial_dag.py took 0.328 seconds
[2023-12-15T12:08:27.009+0000] {processor.py:157} INFO - Started process (PID=3234) to work on /home/airflow/.local/lib/python3.8/site-packages/airflow/example_dags/tutorial_dag.py
[2023-12-15T12:08:27.023+0000] {processor.py:829} INFO - Processing file /home/airflow/.local/lib/python3.8/site-packages/airflow/example_dags/tutorial_dag.py for tasks to queue
[2023-12-15T12:08:27.040+0000] {logging_mixin.py:154} INFO - [2023-12-15T12:08:27.038+0000] {dagbag.py:536} INFO - Filling up the DagBag from /home/airflow/.local/lib/python3.8/site-packages/airflow/example_dags/tutorial_dag.py
[2023-12-15T12:08:27.072+0000] {processor.py:839} INFO - DAG(s) dict_keys(['tutorial_dag']) retrieved from /home/airflow/.local/lib/python3.8/site-packages/airflow/example_dags/tutorial_dag.py
[2023-12-15T12:08:27.123+0000] {logging_mixin.py:154} INFO - [2023-12-15T12:08:27.123+0000] {dag.py:2941} INFO - Sync 1 DAGs
[2023-12-15T12:08:27.181+0000] {logging_mixin.py:154} INFO - [2023-12-15T12:08:27.180+0000] {dag.py:3722} INFO - Setting next_dagrun for tutorial_dag to None, run_after=None
[2023-12-15T12:08:27.220+0000] {processor.py:179} INFO - Processing /home/airflow/.local/lib/python3.8/site-packages/airflow/example_dags/tutorial_dag.py took 0.235 seconds
[2023-12-15T12:08:58.896+0000] {processor.py:157} INFO - Started process (PID=3283) to work on /home/airflow/.local/lib/python3.8/site-packages/airflow/example_dags/tutorial_dag.py
[2023-12-15T12:08:58.905+0000] {processor.py:829} INFO - Processing file /home/airflow/.local/lib/python3.8/site-packages/airflow/example_dags/tutorial_dag.py for tasks to queue
[2023-12-15T12:08:58.917+0000] {logging_mixin.py:154} INFO - [2023-12-15T12:08:58.917+0000] {dagbag.py:536} INFO - Filling up the DagBag from /home/airflow/.local/lib/python3.8/site-packages/airflow/example_dags/tutorial_dag.py
[2023-12-15T12:08:58.928+0000] {processor.py:839} INFO - DAG(s) dict_keys(['tutorial_dag']) retrieved from /home/airflow/.local/lib/python3.8/site-packages/airflow/example_dags/tutorial_dag.py
[2023-12-15T12:08:58.987+0000] {logging_mixin.py:154} INFO - [2023-12-15T12:08:58.987+0000] {dag.py:2941} INFO - Sync 1 DAGs
[2023-12-15T12:08:59.012+0000] {logging_mixin.py:154} INFO - [2023-12-15T12:08:59.012+0000] {dag.py:3722} INFO - Setting next_dagrun for tutorial_dag to None, run_after=None
[2023-12-15T12:08:59.059+0000] {processor.py:179} INFO - Processing /home/airflow/.local/lib/python3.8/site-packages/airflow/example_dags/tutorial_dag.py took 0.177 seconds
[2023-12-15T12:09:29.621+0000] {processor.py:157} INFO - Started process (PID=3335) to work on /home/airflow/.local/lib/python3.8/site-packages/airflow/example_dags/tutorial_dag.py
[2023-12-15T12:09:29.631+0000] {processor.py:829} INFO - Processing file /home/airflow/.local/lib/python3.8/site-packages/airflow/example_dags/tutorial_dag.py for tasks to queue
[2023-12-15T12:09:29.642+0000] {logging_mixin.py:154} INFO - [2023-12-15T12:09:29.641+0000] {dagbag.py:536} INFO - Filling up the DagBag from /home/airflow/.local/lib/python3.8/site-packages/airflow/example_dags/tutorial_dag.py
[2023-12-15T12:09:29.681+0000] {processor.py:839} INFO - DAG(s) dict_keys(['tutorial_dag']) retrieved from /home/airflow/.local/lib/python3.8/site-packages/airflow/example_dags/tutorial_dag.py
[2023-12-15T12:09:29.788+0000] {logging_mixin.py:154} INFO - [2023-12-15T12:09:29.788+0000] {dag.py:2941} INFO - Sync 1 DAGs
[2023-12-15T12:09:29.815+0000] {logging_mixin.py:154} INFO - [2023-12-15T12:09:29.814+0000] {dag.py:3722} INFO - Setting next_dagrun for tutorial_dag to None, run_after=None
[2023-12-15T12:09:29.852+0000] {processor.py:179} INFO - Processing /home/airflow/.local/lib/python3.8/site-packages/airflow/example_dags/tutorial_dag.py took 0.256 seconds
[2023-12-15T12:10:00.357+0000] {processor.py:157} INFO - Started process (PID=3388) to work on /home/airflow/.local/lib/python3.8/site-packages/airflow/example_dags/tutorial_dag.py
[2023-12-15T12:10:00.360+0000] {processor.py:829} INFO - Processing file /home/airflow/.local/lib/python3.8/site-packages/airflow/example_dags/tutorial_dag.py for tasks to queue
[2023-12-15T12:10:00.372+0000] {logging_mixin.py:154} INFO - [2023-12-15T12:10:00.370+0000] {dagbag.py:536} INFO - Filling up the DagBag from /home/airflow/.local/lib/python3.8/site-packages/airflow/example_dags/tutorial_dag.py
[2023-12-15T12:10:00.411+0000] {processor.py:839} INFO - DAG(s) dict_keys(['tutorial_dag']) retrieved from /home/airflow/.local/lib/python3.8/site-packages/airflow/example_dags/tutorial_dag.py
[2023-12-15T12:10:00.544+0000] {logging_mixin.py:154} INFO - [2023-12-15T12:10:00.544+0000] {dag.py:2941} INFO - Sync 1 DAGs
[2023-12-15T12:10:00.575+0000] {logging_mixin.py:154} INFO - [2023-12-15T12:10:00.574+0000] {dag.py:3722} INFO - Setting next_dagrun for tutorial_dag to None, run_after=None
[2023-12-15T12:10:00.604+0000] {processor.py:179} INFO - Processing /home/airflow/.local/lib/python3.8/site-packages/airflow/example_dags/tutorial_dag.py took 0.277 seconds
