[2023-12-15T12:24:47.694+0000] {processor.py:157} INFO - Started process (PID=312) to work on /opt/airflow/dags/fetch-api-data.py
[2023-12-15T12:24:47.700+0000] {processor.py:829} INFO - Processing file /opt/airflow/dags/fetch-api-data.py for tasks to queue
[2023-12-15T12:24:47.728+0000] {logging_mixin.py:154} INFO - [2023-12-15T12:24:47.715+0000] {dagbag.py:536} INFO - Filling up the DagBag from /opt/airflow/dags/fetch-api-data.py
[2023-12-15T12:24:56.934+0000] {processor.py:839} INFO - DAG(s) dict_keys(['data_ingestion']) retrieved from /opt/airflow/dags/fetch-api-data.py
[2023-12-15T12:24:57.770+0000] {logging_mixin.py:154} INFO - [2023-12-15T12:24:57.764+0000] {manager.py:499} INFO - Created Permission View: %s
[2023-12-15T12:24:57.788+0000] {logging_mixin.py:154} INFO - [2023-12-15T12:24:57.788+0000] {manager.py:499} INFO - Created Permission View: %s
[2023-12-15T12:24:57.796+0000] {logging_mixin.py:154} INFO - [2023-12-15T12:24:57.796+0000] {manager.py:499} INFO - Created Permission View: %s
[2023-12-15T12:24:57.798+0000] {logging_mixin.py:154} INFO - [2023-12-15T12:24:57.797+0000] {dag.py:2941} INFO - Sync 1 DAGs
[2023-12-15T12:24:57.848+0000] {logging_mixin.py:154} INFO - [2023-12-15T12:24:57.848+0000] {dag.py:2963} INFO - Creating ORM DAG for data_ingestion
[2023-12-15T12:24:57.894+0000] {logging_mixin.py:154} INFO - [2023-12-15T12:24:57.894+0000] {dag.py:3722} INFO - Setting next_dagrun for data_ingestion to 2023-12-14T09:00:00+00:00, run_after=2023-12-15T09:00:00+00:00
[2023-12-15T12:24:57.942+0000] {processor.py:179} INFO - Processing /opt/airflow/dags/fetch-api-data.py took 10.298 seconds
[2023-12-15T12:25:28.647+0000] {processor.py:157} INFO - Started process (PID=325) to work on /opt/airflow/dags/fetch-api-data.py
[2023-12-15T12:25:28.650+0000] {processor.py:829} INFO - Processing file /opt/airflow/dags/fetch-api-data.py for tasks to queue
[2023-12-15T12:25:28.654+0000] {logging_mixin.py:154} INFO - [2023-12-15T12:25:28.652+0000] {dagbag.py:536} INFO - Filling up the DagBag from /opt/airflow/dags/fetch-api-data.py
[2023-12-15T12:25:33.170+0000] {processor.py:839} INFO - DAG(s) dict_keys(['data_ingestion']) retrieved from /opt/airflow/dags/fetch-api-data.py
[2023-12-15T12:25:33.637+0000] {logging_mixin.py:154} INFO - [2023-12-15T12:25:33.631+0000] {dag.py:2941} INFO - Sync 1 DAGs
[2023-12-15T12:25:33.780+0000] {logging_mixin.py:154} INFO - [2023-12-15T12:25:33.780+0000] {dag.py:3722} INFO - Setting next_dagrun for data_ingestion to 2023-12-14T09:00:00+00:00, run_after=2023-12-15T09:00:00+00:00
[2023-12-15T12:25:33.831+0000] {processor.py:179} INFO - Processing /opt/airflow/dags/fetch-api-data.py took 5.213 seconds
[2023-12-15T12:26:04.547+0000] {processor.py:157} INFO - Started process (PID=346) to work on /opt/airflow/dags/fetch-api-data.py
[2023-12-15T12:26:04.550+0000] {processor.py:829} INFO - Processing file /opt/airflow/dags/fetch-api-data.py for tasks to queue
[2023-12-15T12:26:04.575+0000] {logging_mixin.py:154} INFO - [2023-12-15T12:26:04.557+0000] {dagbag.py:536} INFO - Filling up the DagBag from /opt/airflow/dags/fetch-api-data.py
[2023-12-15T12:26:08.464+0000] {processor.py:839} INFO - DAG(s) dict_keys(['data_ingestion']) retrieved from /opt/airflow/dags/fetch-api-data.py
[2023-12-15T12:26:08.713+0000] {logging_mixin.py:154} INFO - [2023-12-15T12:26:08.712+0000] {dag.py:2941} INFO - Sync 1 DAGs
[2023-12-15T12:26:08.787+0000] {logging_mixin.py:154} INFO - [2023-12-15T12:26:08.787+0000] {dag.py:3722} INFO - Setting next_dagrun for data_ingestion to 2023-12-14T09:00:00+00:00, run_after=2023-12-15T09:00:00+00:00
[2023-12-15T12:26:08.809+0000] {processor.py:179} INFO - Processing /opt/airflow/dags/fetch-api-data.py took 4.306 seconds
[2023-12-15T12:26:39.550+0000] {processor.py:157} INFO - Started process (PID=359) to work on /opt/airflow/dags/fetch-api-data.py
[2023-12-15T12:26:39.553+0000] {processor.py:829} INFO - Processing file /opt/airflow/dags/fetch-api-data.py for tasks to queue
[2023-12-15T12:26:39.557+0000] {logging_mixin.py:154} INFO - [2023-12-15T12:26:39.555+0000] {dagbag.py:536} INFO - Filling up the DagBag from /opt/airflow/dags/fetch-api-data.py
[2023-12-15T12:26:45.457+0000] {processor.py:839} INFO - DAG(s) dict_keys(['data_ingestion']) retrieved from /opt/airflow/dags/fetch-api-data.py
[2023-12-15T12:26:45.684+0000] {logging_mixin.py:154} INFO - [2023-12-15T12:26:45.681+0000] {dag.py:2941} INFO - Sync 1 DAGs
[2023-12-15T12:26:45.758+0000] {logging_mixin.py:154} INFO - [2023-12-15T12:26:45.758+0000] {dag.py:3722} INFO - Setting next_dagrun for data_ingestion to 2023-12-14T09:00:00+00:00, run_after=2023-12-15T09:00:00+00:00
[2023-12-15T12:26:45.787+0000] {processor.py:179} INFO - Processing /opt/airflow/dags/fetch-api-data.py took 6.284 seconds
[2023-12-15T12:27:16.727+0000] {processor.py:157} INFO - Started process (PID=372) to work on /opt/airflow/dags/fetch-api-data.py
[2023-12-15T12:27:16.749+0000] {processor.py:829} INFO - Processing file /opt/airflow/dags/fetch-api-data.py for tasks to queue
[2023-12-15T12:27:16.761+0000] {logging_mixin.py:154} INFO - [2023-12-15T12:27:16.758+0000] {dagbag.py:536} INFO - Filling up the DagBag from /opt/airflow/dags/fetch-api-data.py
[2023-12-15T12:27:21.531+0000] {processor.py:839} INFO - DAG(s) dict_keys(['data_ingestion']) retrieved from /opt/airflow/dags/fetch-api-data.py
[2023-12-15T12:27:21.780+0000] {logging_mixin.py:154} INFO - [2023-12-15T12:27:21.779+0000] {dag.py:2941} INFO - Sync 1 DAGs
[2023-12-15T12:27:21.877+0000] {logging_mixin.py:154} INFO - [2023-12-15T12:27:21.876+0000] {dag.py:3722} INFO - Setting next_dagrun for data_ingestion to 2023-12-14T09:00:00+00:00, run_after=2023-12-15T09:00:00+00:00
[2023-12-15T12:27:21.948+0000] {processor.py:179} INFO - Processing /opt/airflow/dags/fetch-api-data.py took 5.284 seconds
[2023-12-15T12:27:52.606+0000] {processor.py:157} INFO - Started process (PID=385) to work on /opt/airflow/dags/fetch-api-data.py
[2023-12-15T12:27:52.610+0000] {processor.py:829} INFO - Processing file /opt/airflow/dags/fetch-api-data.py for tasks to queue
[2023-12-15T12:27:52.618+0000] {logging_mixin.py:154} INFO - [2023-12-15T12:27:52.614+0000] {dagbag.py:536} INFO - Filling up the DagBag from /opt/airflow/dags/fetch-api-data.py
[2023-12-15T12:27:58.189+0000] {processor.py:839} INFO - DAG(s) dict_keys(['data_ingestion']) retrieved from /opt/airflow/dags/fetch-api-data.py
[2023-12-15T12:27:58.321+0000] {logging_mixin.py:154} INFO - [2023-12-15T12:27:58.316+0000] {dag.py:2941} INFO - Sync 1 DAGs
[2023-12-15T12:27:58.390+0000] {logging_mixin.py:154} INFO - [2023-12-15T12:27:58.390+0000] {dag.py:3722} INFO - Setting next_dagrun for data_ingestion to 2023-12-14T09:00:00+00:00, run_after=2023-12-15T09:00:00+00:00
[2023-12-15T12:27:58.456+0000] {processor.py:179} INFO - Processing /opt/airflow/dags/fetch-api-data.py took 5.886 seconds
