[2024-01-22T08:34:00.205+0000] {processor.py:157} INFO - Started process (PID=168) to work on /opt/airflow/dags/fetch-api-data.py
[2024-01-22T08:34:00.206+0000] {processor.py:829} INFO - Processing file /opt/airflow/dags/fetch-api-data.py for tasks to queue
[2024-01-22T08:34:00.207+0000] {logging_mixin.py:154} INFO - [2024-01-22T08:34:00.207+0000] {dagbag.py:536} INFO - Filling up the DagBag from /opt/airflow/dags/fetch-api-data.py
[2024-01-22T08:34:00.887+0000] {processor.py:839} INFO - DAG(s) dict_keys(['data_ingestion']) retrieved from /opt/airflow/dags/fetch-api-data.py
[2024-01-22T08:34:01.096+0000] {logging_mixin.py:154} INFO - [2024-01-22T08:34:01.096+0000] {dag.py:2941} INFO - Sync 1 DAGs
[2024-01-22T08:34:01.376+0000] {logging_mixin.py:154} INFO - [2024-01-22T08:34:01.375+0000] {dag.py:3722} INFO - Setting next_dagrun for data_ingestion to 2024-01-21T09:00:00+00:00, run_after=2024-01-22T09:00:00+00:00
[2024-01-22T08:34:01.386+0000] {processor.py:179} INFO - Processing /opt/airflow/dags/fetch-api-data.py took 1.183 seconds
[2024-01-22T08:34:31.517+0000] {processor.py:157} INFO - Started process (PID=181) to work on /opt/airflow/dags/fetch-api-data.py
[2024-01-22T08:34:31.518+0000] {processor.py:829} INFO - Processing file /opt/airflow/dags/fetch-api-data.py for tasks to queue
[2024-01-22T08:34:31.519+0000] {logging_mixin.py:154} INFO - [2024-01-22T08:34:31.519+0000] {dagbag.py:536} INFO - Filling up the DagBag from /opt/airflow/dags/fetch-api-data.py
[2024-01-22T08:34:31.703+0000] {processor.py:839} INFO - DAG(s) dict_keys(['data_ingestion']) retrieved from /opt/airflow/dags/fetch-api-data.py
[2024-01-22T08:34:31.855+0000] {logging_mixin.py:154} INFO - [2024-01-22T08:34:31.855+0000] {dag.py:2941} INFO - Sync 1 DAGs
[2024-01-22T08:34:31.865+0000] {logging_mixin.py:154} INFO - [2024-01-22T08:34:31.865+0000] {dag.py:3722} INFO - Setting next_dagrun for data_ingestion to 2024-01-21T09:00:00+00:00, run_after=2024-01-22T09:00:00+00:00
[2024-01-22T08:34:31.872+0000] {processor.py:179} INFO - Processing /opt/airflow/dags/fetch-api-data.py took 0.360 seconds
[2024-01-22T08:35:02.159+0000] {processor.py:157} INFO - Started process (PID=194) to work on /opt/airflow/dags/fetch-api-data.py
[2024-01-22T08:35:02.161+0000] {processor.py:829} INFO - Processing file /opt/airflow/dags/fetch-api-data.py for tasks to queue
[2024-01-22T08:35:02.161+0000] {logging_mixin.py:154} INFO - [2024-01-22T08:35:02.161+0000] {dagbag.py:536} INFO - Filling up the DagBag from /opt/airflow/dags/fetch-api-data.py
[2024-01-22T08:35:02.484+0000] {processor.py:839} INFO - DAG(s) dict_keys(['data_ingestion']) retrieved from /opt/airflow/dags/fetch-api-data.py
[2024-01-22T08:35:02.499+0000] {logging_mixin.py:154} INFO - [2024-01-22T08:35:02.499+0000] {dag.py:2941} INFO - Sync 1 DAGs
[2024-01-22T08:35:02.509+0000] {logging_mixin.py:154} INFO - [2024-01-22T08:35:02.509+0000] {dag.py:3722} INFO - Setting next_dagrun for data_ingestion to 2024-01-21T09:00:00+00:00, run_after=2024-01-22T09:00:00+00:00
[2024-01-22T08:35:02.517+0000] {processor.py:179} INFO - Processing /opt/airflow/dags/fetch-api-data.py took 0.361 seconds
[2024-01-22T08:35:32.766+0000] {processor.py:157} INFO - Started process (PID=207) to work on /opt/airflow/dags/fetch-api-data.py
[2024-01-22T08:35:32.768+0000] {processor.py:829} INFO - Processing file /opt/airflow/dags/fetch-api-data.py for tasks to queue
[2024-01-22T08:35:32.768+0000] {logging_mixin.py:154} INFO - [2024-01-22T08:35:32.768+0000] {dagbag.py:536} INFO - Filling up the DagBag from /opt/airflow/dags/fetch-api-data.py
[2024-01-22T08:35:33.013+0000] {processor.py:839} INFO - DAG(s) dict_keys(['data_ingestion']) retrieved from /opt/airflow/dags/fetch-api-data.py
[2024-01-22T08:35:33.052+0000] {logging_mixin.py:154} INFO - [2024-01-22T08:35:33.052+0000] {dag.py:2941} INFO - Sync 1 DAGs
[2024-01-22T08:35:33.069+0000] {logging_mixin.py:154} INFO - [2024-01-22T08:35:33.069+0000] {dag.py:3722} INFO - Setting next_dagrun for data_ingestion to 2024-01-21T09:00:00+00:00, run_after=2024-01-22T09:00:00+00:00
[2024-01-22T08:35:33.292+0000] {processor.py:179} INFO - Processing /opt/airflow/dags/fetch-api-data.py took 0.529 seconds
[2024-01-22T08:36:03.598+0000] {processor.py:157} INFO - Started process (PID=220) to work on /opt/airflow/dags/fetch-api-data.py
[2024-01-22T08:36:03.599+0000] {processor.py:829} INFO - Processing file /opt/airflow/dags/fetch-api-data.py for tasks to queue
[2024-01-22T08:36:03.600+0000] {logging_mixin.py:154} INFO - [2024-01-22T08:36:03.600+0000] {dagbag.py:536} INFO - Filling up the DagBag from /opt/airflow/dags/fetch-api-data.py
[2024-01-22T08:36:03.790+0000] {processor.py:839} INFO - DAG(s) dict_keys(['data_ingestion']) retrieved from /opt/airflow/dags/fetch-api-data.py
[2024-01-22T08:36:03.809+0000] {logging_mixin.py:154} INFO - [2024-01-22T08:36:03.809+0000] {dag.py:2941} INFO - Sync 1 DAGs
[2024-01-22T08:36:03.960+0000] {logging_mixin.py:154} INFO - [2024-01-22T08:36:03.960+0000] {dag.py:3722} INFO - Setting next_dagrun for data_ingestion to 2024-01-21T09:00:00+00:00, run_after=2024-01-22T09:00:00+00:00
[2024-01-22T08:36:03.971+0000] {processor.py:179} INFO - Processing /opt/airflow/dags/fetch-api-data.py took 0.376 seconds
[2024-01-22T08:36:34.316+0000] {processor.py:157} INFO - Started process (PID=233) to work on /opt/airflow/dags/fetch-api-data.py
[2024-01-22T08:36:34.318+0000] {processor.py:829} INFO - Processing file /opt/airflow/dags/fetch-api-data.py for tasks to queue
[2024-01-22T08:36:34.319+0000] {logging_mixin.py:154} INFO - [2024-01-22T08:36:34.319+0000] {dagbag.py:536} INFO - Filling up the DagBag from /opt/airflow/dags/fetch-api-data.py
[2024-01-22T08:36:34.511+0000] {processor.py:839} INFO - DAG(s) dict_keys(['data_ingestion']) retrieved from /opt/airflow/dags/fetch-api-data.py
[2024-01-22T08:36:34.534+0000] {logging_mixin.py:154} INFO - [2024-01-22T08:36:34.533+0000] {dag.py:2941} INFO - Sync 1 DAGs
[2024-01-22T08:36:34.684+0000] {logging_mixin.py:154} INFO - [2024-01-22T08:36:34.684+0000] {dag.py:3722} INFO - Setting next_dagrun for data_ingestion to 2024-01-21T09:00:00+00:00, run_after=2024-01-22T09:00:00+00:00
[2024-01-22T08:36:34.692+0000] {processor.py:179} INFO - Processing /opt/airflow/dags/fetch-api-data.py took 0.382 seconds
[2024-01-22T08:37:05.035+0000] {processor.py:157} INFO - Started process (PID=246) to work on /opt/airflow/dags/fetch-api-data.py
[2024-01-22T08:37:05.037+0000] {processor.py:829} INFO - Processing file /opt/airflow/dags/fetch-api-data.py for tasks to queue
[2024-01-22T08:37:05.038+0000] {logging_mixin.py:154} INFO - [2024-01-22T08:37:05.038+0000] {dagbag.py:536} INFO - Filling up the DagBag from /opt/airflow/dags/fetch-api-data.py
[2024-01-22T08:37:05.193+0000] {processor.py:839} INFO - DAG(s) dict_keys(['data_ingestion']) retrieved from /opt/airflow/dags/fetch-api-data.py
[2024-01-22T08:37:05.344+0000] {logging_mixin.py:154} INFO - [2024-01-22T08:37:05.344+0000] {dag.py:2941} INFO - Sync 1 DAGs
[2024-01-22T08:37:05.359+0000] {logging_mixin.py:154} INFO - [2024-01-22T08:37:05.359+0000] {dag.py:3722} INFO - Setting next_dagrun for data_ingestion to 2024-01-21T09:00:00+00:00, run_after=2024-01-22T09:00:00+00:00
[2024-01-22T08:37:05.366+0000] {processor.py:179} INFO - Processing /opt/airflow/dags/fetch-api-data.py took 0.334 seconds
[2024-01-22T08:37:35.633+0000] {processor.py:157} INFO - Started process (PID=259) to work on /opt/airflow/dags/fetch-api-data.py
[2024-01-22T08:37:35.635+0000] {processor.py:829} INFO - Processing file /opt/airflow/dags/fetch-api-data.py for tasks to queue
[2024-01-22T08:37:35.636+0000] {logging_mixin.py:154} INFO - [2024-01-22T08:37:35.636+0000] {dagbag.py:536} INFO - Filling up the DagBag from /opt/airflow/dags/fetch-api-data.py
[2024-01-22T08:37:35.932+0000] {processor.py:839} INFO - DAG(s) dict_keys(['data_ingestion']) retrieved from /opt/airflow/dags/fetch-api-data.py
[2024-01-22T08:37:35.944+0000] {logging_mixin.py:154} INFO - [2024-01-22T08:37:35.944+0000] {dag.py:2941} INFO - Sync 1 DAGs
[2024-01-22T08:37:35.954+0000] {logging_mixin.py:154} INFO - [2024-01-22T08:37:35.954+0000] {dag.py:3722} INFO - Setting next_dagrun for data_ingestion to 2024-01-21T09:00:00+00:00, run_after=2024-01-22T09:00:00+00:00
[2024-01-22T08:37:35.961+0000] {processor.py:179} INFO - Processing /opt/airflow/dags/fetch-api-data.py took 0.332 seconds
[2024-01-22T08:38:06.224+0000] {processor.py:157} INFO - Started process (PID=272) to work on /opt/airflow/dags/fetch-api-data.py
[2024-01-22T08:38:06.226+0000] {processor.py:829} INFO - Processing file /opt/airflow/dags/fetch-api-data.py for tasks to queue
[2024-01-22T08:38:06.226+0000] {logging_mixin.py:154} INFO - [2024-01-22T08:38:06.226+0000] {dagbag.py:536} INFO - Filling up the DagBag from /opt/airflow/dags/fetch-api-data.py
[2024-01-22T08:38:06.646+0000] {processor.py:839} INFO - DAG(s) dict_keys(['data_ingestion']) retrieved from /opt/airflow/dags/fetch-api-data.py
[2024-01-22T08:38:06.668+0000] {logging_mixin.py:154} INFO - [2024-01-22T08:38:06.667+0000] {dag.py:2941} INFO - Sync 1 DAGs
[2024-01-22T08:38:06.679+0000] {logging_mixin.py:154} INFO - [2024-01-22T08:38:06.678+0000] {dag.py:3722} INFO - Setting next_dagrun for data_ingestion to 2024-01-21T09:00:00+00:00, run_after=2024-01-22T09:00:00+00:00
[2024-01-22T08:38:06.685+0000] {processor.py:179} INFO - Processing /opt/airflow/dags/fetch-api-data.py took 0.464 seconds
[2024-01-22T08:38:36.976+0000] {processor.py:157} INFO - Started process (PID=285) to work on /opt/airflow/dags/fetch-api-data.py
[2024-01-22T08:38:36.978+0000] {processor.py:829} INFO - Processing file /opt/airflow/dags/fetch-api-data.py for tasks to queue
[2024-01-22T08:38:36.980+0000] {logging_mixin.py:154} INFO - [2024-01-22T08:38:36.979+0000] {dagbag.py:536} INFO - Filling up the DagBag from /opt/airflow/dags/fetch-api-data.py
[2024-01-22T08:38:37.145+0000] {processor.py:839} INFO - DAG(s) dict_keys(['data_ingestion']) retrieved from /opt/airflow/dags/fetch-api-data.py
[2024-01-22T08:38:37.160+0000] {logging_mixin.py:154} INFO - [2024-01-22T08:38:37.160+0000] {dag.py:2941} INFO - Sync 1 DAGs
[2024-01-22T08:38:37.319+0000] {logging_mixin.py:154} INFO - [2024-01-22T08:38:37.319+0000] {dag.py:3722} INFO - Setting next_dagrun for data_ingestion to 2024-01-21T09:00:00+00:00, run_after=2024-01-22T09:00:00+00:00
[2024-01-22T08:38:37.327+0000] {processor.py:179} INFO - Processing /opt/airflow/dags/fetch-api-data.py took 0.357 seconds
[2024-01-22T08:39:07.583+0000] {processor.py:157} INFO - Started process (PID=298) to work on /opt/airflow/dags/fetch-api-data.py
[2024-01-22T08:39:07.584+0000] {processor.py:829} INFO - Processing file /opt/airflow/dags/fetch-api-data.py for tasks to queue
[2024-01-22T08:39:07.585+0000] {logging_mixin.py:154} INFO - [2024-01-22T08:39:07.585+0000] {dagbag.py:536} INFO - Filling up the DagBag from /opt/airflow/dags/fetch-api-data.py
[2024-01-22T08:39:07.800+0000] {processor.py:839} INFO - DAG(s) dict_keys(['data_ingestion']) retrieved from /opt/airflow/dags/fetch-api-data.py
[2024-01-22T08:39:07.824+0000] {logging_mixin.py:154} INFO - [2024-01-22T08:39:07.823+0000] {dag.py:2941} INFO - Sync 1 DAGs
[2024-01-22T08:39:08.009+0000] {logging_mixin.py:154} INFO - [2024-01-22T08:39:08.009+0000] {dag.py:3722} INFO - Setting next_dagrun for data_ingestion to 2024-01-21T09:00:00+00:00, run_after=2024-01-22T09:00:00+00:00
[2024-01-22T08:39:08.018+0000] {processor.py:179} INFO - Processing /opt/airflow/dags/fetch-api-data.py took 0.438 seconds
[2024-01-22T08:39:38.267+0000] {processor.py:157} INFO - Started process (PID=311) to work on /opt/airflow/dags/fetch-api-data.py
[2024-01-22T08:39:38.269+0000] {processor.py:829} INFO - Processing file /opt/airflow/dags/fetch-api-data.py for tasks to queue
[2024-01-22T08:39:38.270+0000] {logging_mixin.py:154} INFO - [2024-01-22T08:39:38.269+0000] {dagbag.py:536} INFO - Filling up the DagBag from /opt/airflow/dags/fetch-api-data.py
[2024-01-22T08:39:38.423+0000] {processor.py:839} INFO - DAG(s) dict_keys(['data_ingestion']) retrieved from /opt/airflow/dags/fetch-api-data.py
[2024-01-22T08:39:38.439+0000] {logging_mixin.py:154} INFO - [2024-01-22T08:39:38.438+0000] {dag.py:2941} INFO - Sync 1 DAGs
[2024-01-22T08:39:38.581+0000] {logging_mixin.py:154} INFO - [2024-01-22T08:39:38.581+0000] {dag.py:3722} INFO - Setting next_dagrun for data_ingestion to 2024-01-21T09:00:00+00:00, run_after=2024-01-22T09:00:00+00:00
[2024-01-22T08:39:38.588+0000] {processor.py:179} INFO - Processing /opt/airflow/dags/fetch-api-data.py took 0.324 seconds
[2024-01-22T08:40:08.861+0000] {processor.py:157} INFO - Started process (PID=324) to work on /opt/airflow/dags/fetch-api-data.py
[2024-01-22T08:40:08.862+0000] {processor.py:829} INFO - Processing file /opt/airflow/dags/fetch-api-data.py for tasks to queue
[2024-01-22T08:40:08.863+0000] {logging_mixin.py:154} INFO - [2024-01-22T08:40:08.862+0000] {dagbag.py:536} INFO - Filling up the DagBag from /opt/airflow/dags/fetch-api-data.py
[2024-01-22T08:40:09.112+0000] {processor.py:839} INFO - DAG(s) dict_keys(['data_ingestion']) retrieved from /opt/airflow/dags/fetch-api-data.py
[2024-01-22T08:40:09.286+0000] {logging_mixin.py:154} INFO - [2024-01-22T08:40:09.286+0000] {dag.py:2941} INFO - Sync 1 DAGs
[2024-01-22T08:40:09.298+0000] {logging_mixin.py:154} INFO - [2024-01-22T08:40:09.298+0000] {dag.py:3722} INFO - Setting next_dagrun for data_ingestion to 2024-01-21T09:00:00+00:00, run_after=2024-01-22T09:00:00+00:00
[2024-01-22T08:40:09.306+0000] {processor.py:179} INFO - Processing /opt/airflow/dags/fetch-api-data.py took 0.449 seconds
[2024-01-22T08:40:39.639+0000] {processor.py:157} INFO - Started process (PID=337) to work on /opt/airflow/dags/fetch-api-data.py
[2024-01-22T08:40:39.641+0000] {processor.py:829} INFO - Processing file /opt/airflow/dags/fetch-api-data.py for tasks to queue
[2024-01-22T08:40:39.643+0000] {logging_mixin.py:154} INFO - [2024-01-22T08:40:39.642+0000] {dagbag.py:536} INFO - Filling up the DagBag from /opt/airflow/dags/fetch-api-data.py
[2024-01-22T08:40:39.939+0000] {processor.py:839} INFO - DAG(s) dict_keys(['data_ingestion']) retrieved from /opt/airflow/dags/fetch-api-data.py
[2024-01-22T08:40:39.951+0000] {logging_mixin.py:154} INFO - [2024-01-22T08:40:39.951+0000] {dag.py:2941} INFO - Sync 1 DAGs
[2024-01-22T08:40:39.960+0000] {logging_mixin.py:154} INFO - [2024-01-22T08:40:39.960+0000] {dag.py:3722} INFO - Setting next_dagrun for data_ingestion to 2024-01-21T09:00:00+00:00, run_after=2024-01-22T09:00:00+00:00
[2024-01-22T08:40:39.967+0000] {processor.py:179} INFO - Processing /opt/airflow/dags/fetch-api-data.py took 0.334 seconds
[2024-01-22T08:41:10.285+0000] {processor.py:157} INFO - Started process (PID=350) to work on /opt/airflow/dags/fetch-api-data.py
[2024-01-22T08:41:10.287+0000] {processor.py:829} INFO - Processing file /opt/airflow/dags/fetch-api-data.py for tasks to queue
[2024-01-22T08:41:10.287+0000] {logging_mixin.py:154} INFO - [2024-01-22T08:41:10.287+0000] {dagbag.py:536} INFO - Filling up the DagBag from /opt/airflow/dags/fetch-api-data.py
[2024-01-22T08:41:10.603+0000] {processor.py:839} INFO - DAG(s) dict_keys(['data_ingestion']) retrieved from /opt/airflow/dags/fetch-api-data.py
[2024-01-22T08:41:10.615+0000] {logging_mixin.py:154} INFO - [2024-01-22T08:41:10.614+0000] {dag.py:2941} INFO - Sync 1 DAGs
[2024-01-22T08:41:10.625+0000] {logging_mixin.py:154} INFO - [2024-01-22T08:41:10.625+0000] {dag.py:3722} INFO - Setting next_dagrun for data_ingestion to 2024-01-21T09:00:00+00:00, run_after=2024-01-22T09:00:00+00:00
[2024-01-22T08:41:10.643+0000] {processor.py:179} INFO - Processing /opt/airflow/dags/fetch-api-data.py took 0.360 seconds
[2024-01-22T08:41:40.930+0000] {processor.py:157} INFO - Started process (PID=363) to work on /opt/airflow/dags/fetch-api-data.py
[2024-01-22T08:41:40.931+0000] {processor.py:829} INFO - Processing file /opt/airflow/dags/fetch-api-data.py for tasks to queue
[2024-01-22T08:41:40.932+0000] {logging_mixin.py:154} INFO - [2024-01-22T08:41:40.932+0000] {dagbag.py:536} INFO - Filling up the DagBag from /opt/airflow/dags/fetch-api-data.py
[2024-01-22T08:41:41.150+0000] {processor.py:839} INFO - DAG(s) dict_keys(['data_ingestion']) retrieved from /opt/airflow/dags/fetch-api-data.py
[2024-01-22T08:41:41.181+0000] {logging_mixin.py:154} INFO - [2024-01-22T08:41:41.181+0000] {dag.py:2941} INFO - Sync 1 DAGs
[2024-01-22T08:41:41.391+0000] {logging_mixin.py:154} INFO - [2024-01-22T08:41:41.390+0000] {dag.py:3722} INFO - Setting next_dagrun for data_ingestion to 2024-01-21T09:00:00+00:00, run_after=2024-01-22T09:00:00+00:00
[2024-01-22T08:41:41.399+0000] {processor.py:179} INFO - Processing /opt/airflow/dags/fetch-api-data.py took 0.476 seconds
[2024-01-22T08:42:11.703+0000] {processor.py:157} INFO - Started process (PID=376) to work on /opt/airflow/dags/fetch-api-data.py
[2024-01-22T08:42:11.704+0000] {processor.py:829} INFO - Processing file /opt/airflow/dags/fetch-api-data.py for tasks to queue
[2024-01-22T08:42:11.706+0000] {logging_mixin.py:154} INFO - [2024-01-22T08:42:11.706+0000] {dagbag.py:536} INFO - Filling up the DagBag from /opt/airflow/dags/fetch-api-data.py
[2024-01-22T08:42:11.884+0000] {processor.py:839} INFO - DAG(s) dict_keys(['data_ingestion']) retrieved from /opt/airflow/dags/fetch-api-data.py
[2024-01-22T08:42:11.899+0000] {logging_mixin.py:154} INFO - [2024-01-22T08:42:11.899+0000] {dag.py:2941} INFO - Sync 1 DAGs
[2024-01-22T08:42:12.044+0000] {logging_mixin.py:154} INFO - [2024-01-22T08:42:12.044+0000] {dag.py:3722} INFO - Setting next_dagrun for data_ingestion to 2024-01-21T09:00:00+00:00, run_after=2024-01-22T09:00:00+00:00
[2024-01-22T08:42:12.052+0000] {processor.py:179} INFO - Processing /opt/airflow/dags/fetch-api-data.py took 0.353 seconds
[2024-01-22T08:42:42.374+0000] {processor.py:157} INFO - Started process (PID=389) to work on /opt/airflow/dags/fetch-api-data.py
[2024-01-22T08:42:42.376+0000] {processor.py:829} INFO - Processing file /opt/airflow/dags/fetch-api-data.py for tasks to queue
[2024-01-22T08:42:42.377+0000] {logging_mixin.py:154} INFO - [2024-01-22T08:42:42.376+0000] {dagbag.py:536} INFO - Filling up the DagBag from /opt/airflow/dags/fetch-api-data.py
[2024-01-22T08:42:42.545+0000] {processor.py:839} INFO - DAG(s) dict_keys(['data_ingestion']) retrieved from /opt/airflow/dags/fetch-api-data.py
[2024-01-22T08:42:42.560+0000] {logging_mixin.py:154} INFO - [2024-01-22T08:42:42.560+0000] {dag.py:2941} INFO - Sync 1 DAGs
[2024-01-22T08:42:42.689+0000] {logging_mixin.py:154} INFO - [2024-01-22T08:42:42.689+0000] {dag.py:3722} INFO - Setting next_dagrun for data_ingestion to 2024-01-21T09:00:00+00:00, run_after=2024-01-22T09:00:00+00:00
[2024-01-22T08:42:42.696+0000] {processor.py:179} INFO - Processing /opt/airflow/dags/fetch-api-data.py took 0.327 seconds
