[2024-01-16T09:00:17.432+0000] {taskinstance.py:1159} INFO - Dependencies all met for dep_context=non-requeueable deps ti=<TaskInstance: data_ingestion.transform_data scheduled__2024-01-15T09:00:00+00:00 [queued]>
[2024-01-16T09:00:17.458+0000] {taskinstance.py:1159} INFO - Dependencies all met for dep_context=requeueable deps ti=<TaskInstance: data_ingestion.transform_data scheduled__2024-01-15T09:00:00+00:00 [queued]>
[2024-01-16T09:00:17.459+0000] {taskinstance.py:1361} INFO - Starting attempt 1 of 1
[2024-01-16T09:00:17.527+0000] {taskinstance.py:1382} INFO - Executing <Task(_PythonDecoratedOperator): transform_data> on 2024-01-15 09:00:00+00:00
[2024-01-16T09:00:17.554+0000] {standard_task_runner.py:57} INFO - Started process 1819 to run task
[2024-01-16T09:00:17.585+0000] {standard_task_runner.py:84} INFO - Running: ['***', 'tasks', 'run', 'data_ingestion', 'transform_data', 'scheduled__2024-01-15T09:00:00+00:00', '--job-id', '231', '--raw', '--subdir', 'DAGS_FOLDER/fetch-api-data.py', '--cfg-path', '/tmp/tmprtu17vm9']
[2024-01-16T09:00:17.601+0000] {standard_task_runner.py:85} INFO - Job 231: Subtask transform_data
[2024-01-16T09:00:17.730+0000] {task_command.py:416} INFO - Running <TaskInstance: data_ingestion.transform_data scheduled__2024-01-15T09:00:00+00:00 [running]> on host f28e5db0fcbc
[2024-01-16T09:00:17.926+0000] {taskinstance.py:1662} INFO - Exporting env vars: AIRFLOW_CTX_DAG_OWNER='***' AIRFLOW_CTX_DAG_ID='data_ingestion' AIRFLOW_CTX_TASK_ID='transform_data' AIRFLOW_CTX_EXECUTION_DATE='2024-01-15T09:00:00+00:00' AIRFLOW_CTX_TRY_NUMBER='1' AIRFLOW_CTX_DAG_RUN_ID='scheduled__2024-01-15T09:00:00+00:00'
[2024-01-16T09:00:17.994+0000] {python.py:194} INFO - Done. Returned value was:         date           localName  ...     types day_of_week
0 2023-01-01      New Year's Day  ...  [Public]      Sunday
1 2023-04-07         Good Friday  ...  [Public]      Friday
2 2023-04-10       Easter Monday  ...  [Public]      Monday
3 2023-05-01        Workers' Day  ...  [Public]      Monday
4 2023-05-27      Children's Day  ...  [Public]    Saturday
5 2023-06-12       Democracy Day  ...  [Public]      Monday
6 2023-10-01        National Day  ...  [Public]      Sunday
7 2023-11-01  National Youth Day  ...  [Public]   Wednesday
8 2023-12-25       Christmas Day  ...  [Public]      Monday
9 2023-12-26          Boxing Day  ...  [Public]     Tuesday

[10 rows x 10 columns]
[2024-01-16T09:00:18.408+0000] {taskinstance.py:1400} INFO - Marking task as SUCCESS. dag_id=data_ingestion, task_id=transform_data, execution_date=20240115T090000, start_date=20240116T090017, end_date=20240116T090018
[2024-01-16T09:00:18.509+0000] {local_task_job_runner.py:228} INFO - Task exited with return code 0
[2024-01-16T09:00:18.644+0000] {taskinstance.py:2778} INFO - 1 downstream tasks scheduled from follow-on schedule check
